01:09 bilby INFO    : Running for label 'AT170817', output will be saved to 'outdirBNSBu32cores'
01:09 bilby INFO    : Running for label 'AT170817', output will be saved to 'outdirBNSBu32cores'
01:09 bilby INFO    : Running for label 'AT170817', output will be saved to 'outdirBNSBu32cores'
01:09 bilby INFO    : Running for label 'AT170817', output will be saved to 'outdirBNSBu32cores'
01:09 bilby INFO    : Running for label 'AT170817', output will be saved to 'outdirBNSBu32cores'
01:09 bilby INFO    : Running for label 'AT170817', output will be saved to 'outdirBNSBu32cores'
01:09 bilby INFO    : Running for label 'AT170817', output will be saved to 'outdirBNSBu32cores'
01:09 bilby INFO    : Running for label 'AT170817', output will be saved to 'outdirBNSBu32cores'
01:09 bilby INFO    : Running for label 'AT170817', output will be saved to 'outdirBNSBu32cores'
01:09 bilby INFO    : Running for label 'AT170817', output will be saved to 'outdirBNSBu32cores'
01:09 bilby INFO    : Running for label 'AT170817', output will be saved to 'outdirBNSBu32cores'
01:09 bilby INFO    : Running for label 'AT170817', output will be saved to 'outdirBNSBu32cores'
01:09 bilby INFO    : Running for label 'AT170817', output will be saved to 'outdirBNSBu32cores'
01:09 bilby INFO    : Running for label 'AT170817', output will be saved to 'outdirBNSBu32cores'
01:09 bilby INFO    : Running for label 'AT170817', output will be saved to 'outdirBNSBu32cores'
01:09 bilby INFO    : Running for label 'AT170817', output will be saved to 'outdirBNSBu32cores'
01:09 bilby INFO    : Running for label 'AT170817', output will be saved to 'outdirBNSBu32cores'
01:09 bilby INFO    : Running for label 'AT170817', output will be saved to 'outdirBNSBu32cores'
01:09 bilby INFO    : Running for label 'AT170817', output will be saved to 'outdirBNSBu32cores'
01:09 bilby INFO    : Running for label 'AT170817', output will be saved to 'outdirBNSBu32cores'
01:09 bilby INFO    : Running for label 'AT170817', output will be saved to 'outdirBNSBu32cores'
01:09 bilby INFO    : Running for label 'AT170817', output will be saved to 'outdirBNSBu32cores'
01:09 bilby INFO    : Running for label 'AT170817', output will be saved to 'outdirBNSBu32cores'
01:09 bilby INFO    : Running for label 'AT170817', output will be saved to 'outdirBNSBu32cores'
01:09 bilby INFO    : Running for label 'AT170817', output will be saved to 'outdirBNSBu32cores'
01:09 bilby INFO    : Running for label 'AT170817', output will be saved to 'outdirBNSBu32cores'
01:09 bilby INFO    : Running for label 'AT170817', output will be saved to 'outdirBNSBu32cores'
01:09 bilby INFO    : Running for label 'AT170817', output will be saved to 'outdirBNSBu32cores'
01:09 bilby INFO    : Running for label 'AT170817', output will be saved to 'outdirBNSBu32cores'
01:09 bilby INFO    : Running for label 'AT170817', output will be saved to 'outdirBNSBu32cores'
01:09 bilby INFO    : Running for label 'AT170817', output will be saved to 'outdirBNSBu32cores'
01:09 bilby INFO    : Running for label 'AT170817', output will be saved to 'outdirBNSBu32cores'
01:09 bilby INFO    : Analysis priors:
01:09 bilby INFO    : Analysis priors:
01:09 bilby INFO    : Analysis priors:
01:09 bilby INFO    : Analysis priors:
01:09 bilby INFO    : Analysis priors:
01:09 bilby INFO    : Analysis priors:
01:09 bilby INFO    : Analysis priors:
01:09 bilby INFO    : Analysis priors:
01:09 bilby INFO    : Analysis priors:
01:09 bilby INFO    : Analysis priors:
01:09 bilby INFO    : Analysis priors:
01:09 bilby INFO    : Analysis priors:
01:09 bilby INFO    : Analysis priors:
01:09 bilby INFO    : Analysis priors:
01:09 bilby INFO    : Analysis priors:
01:09 bilby INFO    : Analysis priors:
01:09 bilby INFO    : Analysis priors:
01:09 bilby INFO    : Analysis priors:
01:09 bilby INFO    : Analysis priors:
01:09 bilby INFO    : Analysis priors:
01:09 bilby INFO    : Analysis priors:
01:09 bilby INFO    : Analysis priors:
01:09 bilby INFO    : Analysis priors:
01:09 bilby INFO    : Analysis priors:
01:09 bilby INFO    : Analysis priors:
01:09 bilby INFO    : Analysis priors:
01:09 bilby INFO    : Analysis priors:
01:09 bilby INFO    : Analysis priors:
01:09 bilby INFO    : Analysis priors:
01:09 bilby INFO    : Analysis priors:
01:09 bilby INFO    : KNphi=Uniform(minimum=15.0, maximum=75.0, name='KNphi', latex_label='$\\Phi$', unit=None, boundary=None)
01:09 bilby INFO    : KNphi=Uniform(minimum=15.0, maximum=75.0, name='KNphi', latex_label='$\\Phi$', unit=None, boundary=None)
01:09 bilby INFO    : log10_mej_dyn=Uniform(minimum=-3.0, maximum=-1.0, name='log10_mej_dyn', latex_label='$\\log_{10}M^{\\rm{dyn}}_{\\rm{ej}}$', unit=None, boundary='reflective')
01:09 bilby INFO    : KNphi=Uniform(minimum=15.0, maximum=75.0, name='KNphi', latex_label='$\\Phi$', unit=None, boundary=None)
01:09 bilby INFO    : KNphi=Uniform(minimum=15.0, maximum=75.0, name='KNphi', latex_label='$\\Phi$', unit=None, boundary=None)
01:09 bilby INFO    : Analysis priors:
01:09 bilby INFO    : KNphi=Uniform(minimum=15.0, maximum=75.0, name='KNphi', latex_label='$\\Phi$', unit=None, boundary=None)
01:09 bilby INFO    : log10_mej_dyn=Uniform(minimum=-3.0, maximum=-1.0, name='log10_mej_dyn', latex_label='$\\log_{10}M^{\\rm{dyn}}_{\\rm{ej}}$', unit=None, boundary='reflective')
01:09 bilby INFO    : log10_mej_wind=Uniform(minimum=-3.0, maximum=-0.5, name='log10_mej_wind', latex_label='$\\log_{10}M^{\\rm{wind}}_{\\rm{ej}}$', unit=None, boundary='reflective')
01:09 bilby INFO    : KNphi=Uniform(minimum=15.0, maximum=75.0, name='KNphi', latex_label='$\\Phi$', unit=None, boundary=None)
01:09 bilby INFO    : Analysis priors:
01:09 bilby INFO    : KNphi=Uniform(minimum=15.0, maximum=75.0, name='KNphi', latex_label='$\\Phi$', unit=None, boundary=None)
01:09 bilby INFO    : KNphi=Uniform(minimum=15.0, maximum=75.0, name='KNphi', latex_label='$\\Phi$', unit=None, boundary=None)
01:09 bilby INFO    : KNphi=Uniform(minimum=15.0, maximum=75.0, name='KNphi', latex_label='$\\Phi$', unit=None, boundary=None)
01:09 bilby INFO    : log10_mej_dyn=Uniform(minimum=-3.0, maximum=-1.0, name='log10_mej_dyn', latex_label='$\\log_{10}M^{\\rm{dyn}}_{\\rm{ej}}$', unit=None, boundary='reflective')
01:09 bilby INFO    : KNphi=Uniform(minimum=15.0, maximum=75.0, name='KNphi', latex_label='$\\Phi$', unit=None, boundary=None)
01:09 bilby INFO    : log10_mej_dyn=Uniform(minimum=-3.0, maximum=-1.0, name='log10_mej_dyn', latex_label='$\\log_{10}M^{\\rm{dyn}}_{\\rm{ej}}$', unit=None, boundary='reflective')
01:09 bilby INFO    : KNphi=Uniform(minimum=15.0, maximum=75.0, name='KNphi', latex_label='$\\Phi$', unit=None, boundary=None)
01:09 bilby INFO    : log10_mej_dyn=Uniform(minimum=-3.0, maximum=-1.0, name='log10_mej_dyn', latex_label='$\\log_{10}M^{\\rm{dyn}}_{\\rm{ej}}$', unit=None, boundary='reflective')
01:09 bilby INFO    : log10_mej_wind=Uniform(minimum=-3.0, maximum=-0.5, name='log10_mej_wind', latex_label='$\\log_{10}M^{\\rm{wind}}_{\\rm{ej}}$', unit=None, boundary='reflective')
01:09 bilby INFO    : KNphi=Uniform(minimum=15.0, maximum=75.0, name='KNphi', latex_label='$\\Phi$', unit=None, boundary=None)
01:09 bilby INFO    : KNphi=Uniform(minimum=15.0, maximum=75.0, name='KNphi', latex_label='$\\Phi$', unit=None, boundary=None)
01:09 bilby INFO    : KNphi=Uniform(minimum=15.0, maximum=75.0, name='KNphi', latex_label='$\\Phi$', unit=None, boundary=None)
01:09 bilby INFO    : KNphi=Uniform(minimum=15.0, maximum=75.0, name='KNphi', latex_label='$\\Phi$', unit=None, boundary=None)
01:09 bilby INFO    : KNphi=Uniform(minimum=15.0, maximum=75.0, name='KNphi', latex_label='$\\Phi$', unit=None, boundary=None)
01:09 bilby INFO    : KNphi=Uniform(minimum=15.0, maximum=75.0, name='KNphi', latex_label='$\\Phi$', unit=None, boundary=None)
01:09 bilby INFO    : log10_mej_dyn=Uniform(minimum=-3.0, maximum=-1.0, name='log10_mej_dyn', latex_label='$\\log_{10}M^{\\rm{dyn}}_{\\rm{ej}}$', unit=None, boundary='reflective')
01:09 bilby INFO    : log10_mej_wind=Uniform(minimum=-3.0, maximum=-0.5, name='log10_mej_wind', latex_label='$\\log_{10}M^{\\rm{wind}}_{\\rm{ej}}$', unit=None, boundary='reflective')
01:09 bilby INFO    : KNphi=Uniform(minimum=15.0, maximum=75.0, name='KNphi', latex_label='$\\Phi$', unit=None, boundary=None)
01:09 bilby INFO    : KNphi=Uniform(minimum=15.0, maximum=75.0, name='KNphi', latex_label='$\\Phi$', unit=None, boundary=None)
01:09 bilby INFO    : log10_mej_dyn=Uniform(minimum=-3.0, maximum=-1.0, name='log10_mej_dyn', latex_label='$\\log_{10}M^{\\rm{dyn}}_{\\rm{ej}}$', unit=None, boundary='reflective')
01:09 bilby INFO    : log10_mej_wind=Uniform(minimum=-3.0, maximum=-0.5, name='log10_mej_wind', latex_label='$\\log_{10}M^{\\rm{wind}}_{\\rm{ej}}$', unit=None, boundary='reflective')
01:09 bilby INFO    : log10_mej_dyn=Uniform(minimum=-3.0, maximum=-1.0, name='log10_mej_dyn', latex_label='$\\log_{10}M^{\\rm{dyn}}_{\\rm{ej}}$', unit=None, boundary='reflective')
01:09 bilby INFO    : KNphi=Uniform(minimum=15.0, maximum=75.0, name='KNphi', latex_label='$\\Phi$', unit=None, boundary=None)
01:09 bilby INFO    : log10_mej_dyn=Uniform(minimum=-3.0, maximum=-1.0, name='log10_mej_dyn', latex_label='$\\log_{10}M^{\\rm{dyn}}_{\\rm{ej}}$', unit=None, boundary='reflective')
01:09 bilby INFO    : log10_mej_dyn=Uniform(minimum=-3.0, maximum=-1.0, name='log10_mej_dyn', latex_label='$\\log_{10}M^{\\rm{dyn}}_{\\rm{ej}}$', unit=None, boundary='reflective')
01:09 bilby INFO    : KNphi=Uniform(minimum=15.0, maximum=75.0, name='KNphi', latex_label='$\\Phi$', unit=None, boundary=None)
01:09 bilby INFO    : log10_mej_dyn=Uniform(minimum=-3.0, maximum=-1.0, name='log10_mej_dyn', latex_label='$\\log_{10}M^{\\rm{dyn}}_{\\rm{ej}}$', unit=None, boundary='reflective')
01:09 bilby INFO    : KNphi=Uniform(minimum=15.0, maximum=75.0, name='KNphi', latex_label='$\\Phi$', unit=None, boundary=None)
01:09 bilby INFO    : KNphi=Uniform(minimum=15.0, maximum=75.0, name='KNphi', latex_label='$\\Phi$', unit=None, boundary=None)
01:09 bilby INFO    : log10_mej_dyn=Uniform(minimum=-3.0, maximum=-1.0, name='log10_mej_dyn', latex_label='$\\log_{10}M^{\\rm{dyn}}_{\\rm{ej}}$', unit=None, boundary='reflective')
01:09 bilby INFO    : log10_mej_dyn=Uniform(minimum=-3.0, maximum=-1.0, name='log10_mej_dyn', latex_label='$\\log_{10}M^{\\rm{dyn}}_{\\rm{ej}}$', unit=None, boundary='reflective')
01:09 bilby INFO    : log10_mej_dyn=Uniform(minimum=-3.0, maximum=-1.0, name='log10_mej_dyn', latex_label='$\\log_{10}M^{\\rm{dyn}}_{\\rm{ej}}$', unit=None, boundary='reflective')
01:09 bilby INFO    : KNphi=Uniform(minimum=15.0, maximum=75.0, name='KNphi', latex_label='$\\Phi$', unit=None, boundary=None)
01:09 bilby INFO    : log10_mej_dyn=Uniform(minimum=-3.0, maximum=-1.0, name='log10_mej_dyn', latex_label='$\\log_{10}M^{\\rm{dyn}}_{\\rm{ej}}$', unit=None, boundary='reflective')
01:09 bilby INFO    : KNphi=Uniform(minimum=15.0, maximum=75.0, name='KNphi', latex_label='$\\Phi$', unit=None, boundary=None)
01:09 bilby INFO    : KNphi=Uniform(minimum=15.0, maximum=75.0, name='KNphi', latex_label='$\\Phi$', unit=None, boundary=None)
01:09 bilby INFO    : KNphi=Uniform(minimum=15.0, maximum=75.0, name='KNphi', latex_label='$\\Phi$', unit=None, boundary=None)
01:09 bilby INFO    : log10_mej_dyn=Uniform(minimum=-3.0, maximum=-1.0, name='log10_mej_dyn', latex_label='$\\log_{10}M^{\\rm{dyn}}_{\\rm{ej}}$', unit=None, boundary='reflective')
01:09 bilby INFO    : inclination_EM=Sine(minimum=0.33, maximum=0.42, name='inclination_EM', latex_label='$\\iota$', unit=None, boundary=None)
01:09 bilby INFO    : KNphi=Uniform(minimum=15.0, maximum=75.0, name='KNphi', latex_label='$\\Phi$', unit=None, boundary=None)
01:09 bilby INFO    : KNphi=Uniform(minimum=15.0, maximum=75.0, name='KNphi', latex_label='$\\Phi$', unit=None, boundary=None)
01:09 bilby INFO    : KNphi=Uniform(minimum=15.0, maximum=75.0, name='KNphi', latex_label='$\\Phi$', unit=None, boundary=None)
01:09 bilby INFO    : log10_mej_dyn=Uniform(minimum=-3.0, maximum=-1.0, name='log10_mej_dyn', latex_label='$\\log_{10}M^{\\rm{dyn}}_{\\rm{ej}}$', unit=None, boundary='reflective')
01:09 bilby INFO    : log10_mej_wind=Uniform(minimum=-3.0, maximum=-0.5, name='log10_mej_wind', latex_label='$\\log_{10}M^{\\rm{wind}}_{\\rm{ej}}$', unit=None, boundary='reflective')
01:09 bilby INFO    : log10_mej_dyn=Uniform(minimum=-3.0, maximum=-1.0, name='log10_mej_dyn', latex_label='$\\log_{10}M^{\\rm{dyn}}_{\\rm{ej}}$', unit=None, boundary='reflective')
01:09 bilby INFO    : log10_mej_dyn=Uniform(minimum=-3.0, maximum=-1.0, name='log10_mej_dyn', latex_label='$\\log_{10}M^{\\rm{dyn}}_{\\rm{ej}}$', unit=None, boundary='reflective')
01:09 bilby INFO    : log10_mej_wind=Uniform(minimum=-3.0, maximum=-0.5, name='log10_mej_wind', latex_label='$\\log_{10}M^{\\rm{wind}}_{\\rm{ej}}$', unit=None, boundary='reflective')
01:09 bilby INFO    : inclination_EM=Sine(minimum=0.33, maximum=0.42, name='inclination_EM', latex_label='$\\iota$', unit=None, boundary=None)
01:09 bilby INFO    : log10_mej_wind=Uniform(minimum=-3.0, maximum=-0.5, name='log10_mej_wind', latex_label='$\\log_{10}M^{\\rm{wind}}_{\\rm{ej}}$', unit=None, boundary='reflective')
01:09 bilby INFO    : inclination_EM=Sine(minimum=0.33, maximum=0.42, name='inclination_EM', latex_label='$\\iota$', unit=None, boundary=None)
01:09 bilby INFO    : inclination_EM=Sine(minimum=0.33, maximum=0.42, name='inclination_EM', latex_label='$\\iota$', unit=None, boundary=None)
01:09 bilby INFO    : log10_mej_dyn=Uniform(minimum=-3.0, maximum=-1.0, name='log10_mej_dyn', latex_label='$\\log_{10}M^{\\rm{dyn}}_{\\rm{ej}}$', unit=None, boundary='reflective')
01:09 bilby INFO    : log10_mej_wind=Uniform(minimum=-3.0, maximum=-0.5, name='log10_mej_wind', latex_label='$\\log_{10}M^{\\rm{wind}}_{\\rm{ej}}$', unit=None, boundary='reflective')
01:09 bilby INFO    : log10_mej_wind=Uniform(minimum=-3.0, maximum=-0.5, name='log10_mej_wind', latex_label='$\\log_{10}M^{\\rm{wind}}_{\\rm{ej}}$', unit=None, boundary='reflective')
01:09 bilby INFO    : log10_mej_wind=Uniform(minimum=-3.0, maximum=-0.5, name='log10_mej_wind', latex_label='$\\log_{10}M^{\\rm{wind}}_{\\rm{ej}}$', unit=None, boundary='reflective')
01:09 bilby INFO    : log10_mej_dyn=Uniform(minimum=-3.0, maximum=-1.0, name='log10_mej_dyn', latex_label='$\\log_{10}M^{\\rm{dyn}}_{\\rm{ej}}$', unit=None, boundary='reflective')
01:09 bilby INFO    : log10_mej_wind=Uniform(minimum=-3.0, maximum=-0.5, name='log10_mej_wind', latex_label='$\\log_{10}M^{\\rm{wind}}_{\\rm{ej}}$', unit=None, boundary='reflective')
01:09 bilby INFO    : log10_mej_wind=Uniform(minimum=-3.0, maximum=-0.5, name='log10_mej_wind', latex_label='$\\log_{10}M^{\\rm{wind}}_{\\rm{ej}}$', unit=None, boundary='reflective')
01:09 bilby INFO    : log10_mej_dyn=Uniform(minimum=-3.0, maximum=-1.0, name='log10_mej_dyn', latex_label='$\\log_{10}M^{\\rm{dyn}}_{\\rm{ej}}$', unit=None, boundary='reflective')
01:09 bilby INFO    : log10_mej_dyn=Uniform(minimum=-3.0, maximum=-1.0, name='log10_mej_dyn', latex_label='$\\log_{10}M^{\\rm{dyn}}_{\\rm{ej}}$', unit=None, boundary='reflective')
01:09 bilby INFO    : log10_mej_wind=Uniform(minimum=-3.0, maximum=-0.5, name='log10_mej_wind', latex_label='$\\log_{10}M^{\\rm{wind}}_{\\rm{ej}}$', unit=None, boundary='reflective')
01:09 bilby INFO    : log10_mej_wind=Uniform(minimum=-3.0, maximum=-0.5, name='log10_mej_wind', latex_label='$\\log_{10}M^{\\rm{wind}}_{\\rm{ej}}$', unit=None, boundary='reflective')
01:09 bilby INFO    : log10_mej_dyn=Uniform(minimum=-3.0, maximum=-1.0, name='log10_mej_dyn', latex_label='$\\log_{10}M^{\\rm{dyn}}_{\\rm{ej}}$', unit=None, boundary='reflective')
01:09 bilby INFO    : log10_mej_wind=Uniform(minimum=-3.0, maximum=-0.5, name='log10_mej_wind', latex_label='$\\log_{10}M^{\\rm{wind}}_{\\rm{ej}}$', unit=None, boundary='reflective')
01:09 bilby INFO    : inclination_EM=Sine(minimum=0.33, maximum=0.42, name='inclination_EM', latex_label='$\\iota$', unit=None, boundary=None)
01:09 bilby INFO    : log10_mej_dyn=Uniform(minimum=-3.0, maximum=-1.0, name='log10_mej_dyn', latex_label='$\\log_{10}M^{\\rm{dyn}}_{\\rm{ej}}$', unit=None, boundary='reflective')
01:09 bilby INFO    : log10_mej_wind=Uniform(minimum=-3.0, maximum=-0.5, name='log10_mej_wind', latex_label='$\\log_{10}M^{\\rm{wind}}_{\\rm{ej}}$', unit=None, boundary='reflective')
01:09 bilby INFO    : luminosity_distance=LogUniform(minimum=1, maximum=500, name='luminosity_distance', latex_label='$D_L$', unit=None, boundary=None)
01:09 bilby INFO    : log10_mej_dyn=Uniform(minimum=-3.0, maximum=-1.0, name='log10_mej_dyn', latex_label='$\\log_{10}M^{\\rm{dyn}}_{\\rm{ej}}$', unit=None, boundary='reflective')
01:09 bilby INFO    : log10_mej_dyn=Uniform(minimum=-3.0, maximum=-1.0, name='log10_mej_dyn', latex_label='$\\log_{10}M^{\\rm{dyn}}_{\\rm{ej}}$', unit=None, boundary='reflective')
01:09 bilby INFO    : log10_mej_wind=Uniform(minimum=-3.0, maximum=-0.5, name='log10_mej_wind', latex_label='$\\log_{10}M^{\\rm{wind}}_{\\rm{ej}}$', unit=None, boundary='reflective')
01:09 bilby INFO    : log10_mej_dyn=Uniform(minimum=-3.0, maximum=-1.0, name='log10_mej_dyn', latex_label='$\\log_{10}M^{\\rm{dyn}}_{\\rm{ej}}$', unit=None, boundary='reflective')
01:09 bilby INFO    : log10_mej_wind=Uniform(minimum=-3.0, maximum=-0.5, name='log10_mej_wind', latex_label='$\\log_{10}M^{\\rm{wind}}_{\\rm{ej}}$', unit=None, boundary='reflective')
01:09 bilby INFO    : log10_mej_wind=Uniform(minimum=-3.0, maximum=-0.5, name='log10_mej_wind', latex_label='$\\log_{10}M^{\\rm{wind}}_{\\rm{ej}}$', unit=None, boundary='reflective')
01:09 bilby INFO    : log10_mej_dyn=Uniform(minimum=-3.0, maximum=-1.0, name='log10_mej_dyn', latex_label='$\\log_{10}M^{\\rm{dyn}}_{\\rm{ej}}$', unit=None, boundary='reflective')
01:09 bilby INFO    : log10_mej_dyn=Uniform(minimum=-3.0, maximum=-1.0, name='log10_mej_dyn', latex_label='$\\log_{10}M^{\\rm{dyn}}_{\\rm{ej}}$', unit=None, boundary='reflective')
01:09 bilby INFO    : luminosity_distance=LogUniform(minimum=1, maximum=500, name='luminosity_distance', latex_label='$D_L$', unit=None, boundary=None)
01:09 bilby INFO    : inclination_EM=Sine(minimum=0.33, maximum=0.42, name='inclination_EM', latex_label='$\\iota$', unit=None, boundary=None)
01:09 bilby INFO    : luminosity_distance=LogUniform(minimum=1, maximum=500, name='luminosity_distance', latex_label='$D_L$', unit=None, boundary=None)
01:09 bilby INFO    : timeshift=0.0
01:09 bilby INFO    : inclination_EM=Sine(minimum=0.33, maximum=0.42, name='inclination_EM', latex_label='$\\iota$', unit=None, boundary=None)
01:09 bilby INFO    : inclination_EM=Sine(minimum=0.33, maximum=0.42, name='inclination_EM', latex_label='$\\iota$', unit=None, boundary=None)
01:09 bilby INFO    : luminosity_distance=LogUniform(minimum=1, maximum=500, name='luminosity_distance', latex_label='$D_L$', unit=None, boundary=None)
01:09 bilby INFO    : timeshift=0.0
01:09 bilby INFO    : log10_mej_wind=Uniform(minimum=-3.0, maximum=-0.5, name='log10_mej_wind', latex_label='$\\log_{10}M^{\\rm{wind}}_{\\rm{ej}}$', unit=None, boundary='reflective')
01:09 bilby INFO    : timeshift=0.0
01:09 bilby INFO    : em_syserr=1.0
01:09 bilby INFO    : inclination_EM=Sine(minimum=0.33, maximum=0.42, name='inclination_EM', latex_label='$\\iota$', unit=None, boundary=None)
01:09 bilby INFO    : em_syserr=1.0
01:09 bilby INFO    : inclination_EM=Sine(minimum=0.33, maximum=0.42, name='inclination_EM', latex_label='$\\iota$', unit=None, boundary=None)
01:09 bilby INFO    : inclination_EM=Sine(minimum=0.33, maximum=0.42, name='inclination_EM', latex_label='$\\iota$', unit=None, boundary=None)
01:09 bilby INFO    : log10_mej_wind=Uniform(minimum=-3.0, maximum=-0.5, name='log10_mej_wind', latex_label='$\\log_{10}M^{\\rm{wind}}_{\\rm{ej}}$', unit=None, boundary='reflective')
01:09 bilby INFO    : inclination_EM=Sine(minimum=0.33, maximum=0.42, name='inclination_EM', latex_label='$\\iota$', unit=None, boundary=None)
01:09 bilby INFO    : log10_mej_wind=Uniform(minimum=-3.0, maximum=-0.5, name='log10_mej_wind', latex_label='$\\log_{10}M^{\\rm{wind}}_{\\rm{ej}}$', unit=None, boundary='reflective')
01:09 bilby INFO    : log10_mej_wind=Uniform(minimum=-3.0, maximum=-0.5, name='log10_mej_wind', latex_label='$\\log_{10}M^{\\rm{wind}}_{\\rm{ej}}$', unit=None, boundary='reflective')
01:09 bilby INFO    : inclination_EM=Sine(minimum=0.33, maximum=0.42, name='inclination_EM', latex_label='$\\iota$', unit=None, boundary=None)
01:09 bilby INFO    : log10_mej_wind=Uniform(minimum=-3.0, maximum=-0.5, name='log10_mej_wind', latex_label='$\\log_{10}M^{\\rm{wind}}_{\\rm{ej}}$', unit=None, boundary='reflective')
01:09 bilby INFO    : timeshift=0.0
01:09 bilby INFO    : log10_mej_wind=Uniform(minimum=-3.0, maximum=-0.5, name='log10_mej_wind', latex_label='$\\log_{10}M^{\\rm{wind}}_{\\rm{ej}}$', unit=None, boundary='reflective')
01:09 bilby INFO    : em_syserr=1.0
01:09 bilby INFO    : inclination_EM=Sine(minimum=0.33, maximum=0.42, name='inclination_EM', latex_label='$\\iota$', unit=None, boundary=None)
01:09 bilby INFO    : Ebv=0.0
01:09 bilby INFO    : inclination_EM=Sine(minimum=0.33, maximum=0.42, name='inclination_EM', latex_label='$\\iota$', unit=None, boundary=None)
01:09 bilby INFO    : log10_mej_wind=Uniform(minimum=-3.0, maximum=-0.5, name='log10_mej_wind', latex_label='$\\log_{10}M^{\\rm{wind}}_{\\rm{ej}}$', unit=None, boundary='reflective')
01:09 bilby INFO    : luminosity_distance=LogUniform(minimum=1, maximum=500, name='luminosity_distance', latex_label='$D_L$', unit=None, boundary=None)
01:09 bilby INFO    : inclination_EM=Sine(minimum=0.33, maximum=0.42, name='inclination_EM', latex_label='$\\iota$', unit=None, boundary=None)
01:09 bilby INFO    : log10_mej_wind=Uniform(minimum=-3.0, maximum=-0.5, name='log10_mej_wind', latex_label='$\\log_{10}M^{\\rm{wind}}_{\\rm{ej}}$', unit=None, boundary='reflective')
01:09 bilby INFO    : log10_mej_wind=Uniform(minimum=-3.0, maximum=-0.5, name='log10_mej_wind', latex_label='$\\log_{10}M^{\\rm{wind}}_{\\rm{ej}}$', unit=None, boundary='reflective')
01:09 bilby INFO    : Ebv=0.0
01:09 bilby INFO    : inclination_EM=Sine(minimum=0.33, maximum=0.42, name='inclination_EM', latex_label='$\\iota$', unit=None, boundary=None)
01:09 bilby INFO    : log10_mej_wind=Uniform(minimum=-3.0, maximum=-0.5, name='log10_mej_wind', latex_label='$\\log_{10}M^{\\rm{wind}}_{\\rm{ej}}$', unit=None, boundary='reflective')
01:09 bilby INFO    : inclination_EM=Sine(minimum=0.33, maximum=0.42, name='inclination_EM', latex_label='$\\iota$', unit=None, boundary=None)
01:09 bilby INFO    : em_syserr=1.0
01:09 bilby INFO    : inclination_EM=Sine(minimum=0.33, maximum=0.42, name='inclination_EM', latex_label='$\\iota$', unit=None, boundary=None)
01:09 bilby INFO    : Ebv=0.0
01:09 bilby INFO    : log10_mej_wind=Uniform(minimum=-3.0, maximum=-0.5, name='log10_mej_wind', latex_label='$\\log_{10}M^{\\rm{wind}}_{\\rm{ej}}$', unit=None, boundary='reflective')
01:09 bilby INFO    : timeshift=0.0
01:09 bilby INFO    : Analysis likelihood class: <class 'nmma.em.likelihood.OpticalLightCurve'>
01:09 bilby INFO    : Ebv=0.0
01:09 bilby INFO    : luminosity_distance=LogUniform(minimum=1, maximum=500, name='luminosity_distance', latex_label='$D_L$', unit=None, boundary=None)
01:09 bilby INFO    : Analysis likelihood class: <class 'nmma.em.likelihood.OpticalLightCurve'>
01:09 bilby INFO    : Analysis likelihood class: <class 'nmma.em.likelihood.OpticalLightCurve'>
01:09 bilby INFO    : luminosity_distance=LogUniform(minimum=1, maximum=500, name='luminosity_distance', latex_label='$D_L$', unit=None, boundary=None)
01:09 bilby INFO    : Analysis likelihood noise evidence: 0.0
01:09 bilby INFO    : luminosity_distance=LogUniform(minimum=1, maximum=500, name='luminosity_distance', latex_label='$D_L$', unit=None, boundary=None)
01:09 bilby INFO    : inclination_EM=Sine(minimum=0.33, maximum=0.42, name='inclination_EM', latex_label='$\\iota$', unit=None, boundary=None)
01:09 bilby INFO    : Analysis likelihood noise evidence: 0.0
01:09 bilby INFO    : timeshift=0.0
01:09 bilby INFO    : Analysis likelihood noise evidence: 0.0
01:09 bilby INFO    : inclination_EM=Sine(minimum=0.33, maximum=0.42, name='inclination_EM', latex_label='$\\iota$', unit=None, boundary=None)
01:09 bilby INFO    : luminosity_distance=LogUniform(minimum=1, maximum=500, name='luminosity_distance', latex_label='$D_L$', unit=None, boundary=None)
01:09 bilby INFO    : timeshift=0.0
01:09 bilby INFO    : em_syserr=1.0
01:09 bilby INFO    : luminosity_distance=LogUniform(minimum=1, maximum=500, name='luminosity_distance', latex_label='$D_L$', unit=None, boundary=None)
01:09 bilby INFO    : luminosity_distance=LogUniform(minimum=1, maximum=500, name='luminosity_distance', latex_label='$D_L$', unit=None, boundary=None)
01:09 bilby INFO    : inclination_EM=Sine(minimum=0.33, maximum=0.42, name='inclination_EM', latex_label='$\\iota$', unit=None, boundary=None)
01:09 bilby INFO    : luminosity_distance=LogUniform(minimum=1, maximum=500, name='luminosity_distance', latex_label='$D_L$', unit=None, boundary=None)
01:09 bilby INFO    : Analysis likelihood class: <class 'nmma.em.likelihood.OpticalLightCurve'>
01:09 bilby INFO    : em_syserr=1.0
01:09 bilby INFO    : timeshift=0.0
01:09 bilby INFO    : inclination_EM=Sine(minimum=0.33, maximum=0.42, name='inclination_EM', latex_label='$\\iota$', unit=None, boundary=None)
01:09 bilby INFO    : inclination_EM=Sine(minimum=0.33, maximum=0.42, name='inclination_EM', latex_label='$\\iota$', unit=None, boundary=None)
01:09 bilby INFO    : luminosity_distance=LogUniform(minimum=1, maximum=500, name='luminosity_distance', latex_label='$D_L$', unit=None, boundary=None)
01:09 bilby INFO    : inclination_EM=Sine(minimum=0.33, maximum=0.42, name='inclination_EM', latex_label='$\\iota$', unit=None, boundary=None)
01:09 bilby INFO    : luminosity_distance=LogUniform(minimum=1, maximum=500, name='luminosity_distance', latex_label='$D_L$', unit=None, boundary=None)
01:09 bilby INFO    : inclination_EM=Sine(minimum=0.33, maximum=0.42, name='inclination_EM', latex_label='$\\iota$', unit=None, boundary=None)
01:09 bilby INFO    : Ebv=0.0
01:09 bilby INFO    : timeshift=0.0
01:09 bilby INFO    : em_syserr=1.0
01:09 bilby INFO    : inclination_EM=Sine(minimum=0.33, maximum=0.42, name='inclination_EM', latex_label='$\\iota$', unit=None, boundary=None)
01:09 bilby INFO    : timeshift=0.0
01:09 bilby INFO    : timeshift=0.0
01:09 bilby INFO    : luminosity_distance=LogUniform(minimum=1, maximum=500, name='luminosity_distance', latex_label='$D_L$', unit=None, boundary=None)
01:09 bilby INFO    : luminosity_distance=LogUniform(minimum=1, maximum=500, name='luminosity_distance', latex_label='$D_L$', unit=None, boundary=None)
01:09 bilby INFO    : Analysis likelihood noise evidence: 0.0
01:09 bilby INFO    : timeshift=0.0
01:09 bilby INFO    : Ebv=0.0
01:09 bilby INFO    : inclination_EM=Sine(minimum=0.33, maximum=0.42, name='inclination_EM', latex_label='$\\iota$', unit=None, boundary=None)
01:09 bilby INFO    : inclination_EM=Sine(minimum=0.33, maximum=0.42, name='inclination_EM', latex_label='$\\iota$', unit=None, boundary=None)
01:09 bilby INFO    : em_syserr=1.0
01:09 bilby INFO    : luminosity_distance=LogUniform(minimum=1, maximum=500, name='luminosity_distance', latex_label='$D_L$', unit=None, boundary=None)
01:09 bilby INFO    : inclination_EM=Sine(minimum=0.33, maximum=0.42, name='inclination_EM', latex_label='$\\iota$', unit=None, boundary=None)
01:09 bilby INFO    : luminosity_distance=LogUniform(minimum=1, maximum=500, name='luminosity_distance', latex_label='$D_L$', unit=None, boundary=None)
01:09 bilby INFO    : Analysis likelihood class: <class 'nmma.em.likelihood.OpticalLightCurve'>
01:09 bilby INFO    : timeshift=0.0
01:09 bilby INFO    : luminosity_distance=LogUniform(minimum=1, maximum=500, name='luminosity_distance', latex_label='$D_L$', unit=None, boundary=None)
01:09 bilby INFO    : timeshift=0.0
01:09 bilby INFO    : em_syserr=1.0
01:09 bilby INFO    : Ebv=0.0
01:09 bilby INFO    : Analysis likelihood class: <class 'nmma.em.likelihood.OpticalLightCurve'>
01:09 bilby INFO    : timeshift=0.0
01:09 bilby INFO    : em_syserr=1.0
01:09 bilby INFO    : timeshift=0.0
01:09 bilby INFO    : Ebv=0.0
01:09 bilby INFO    : timeshift=0.0
01:09 bilby INFO    : timeshift=0.0
01:09 bilby INFO    : luminosity_distance=LogUniform(minimum=1, maximum=500, name='luminosity_distance', latex_label='$D_L$', unit=None, boundary=None)
01:09 bilby INFO    : Analysis likelihood noise evidence: 0.0
01:09 bilby INFO    : Ebv=0.0
01:09 bilby INFO    : Analysis likelihood class: <class 'nmma.em.likelihood.OpticalLightCurve'>
01:09 bilby INFO    : em_syserr=1.0
01:09 bilby INFO    : em_syserr=1.0
01:09 bilby INFO    : em_syserr=1.0
01:09 bilby INFO    : Ebv=0.0
01:09 bilby INFO    : timeshift=0.0
01:09 bilby INFO    : em_syserr=1.0
01:09 bilby INFO    : luminosity_distance=LogUniform(minimum=1, maximum=500, name='luminosity_distance', latex_label='$D_L$', unit=None, boundary=None)
01:09 bilby INFO    : em_syserr=1.0
01:09 bilby INFO    : Ebv=0.0
01:09 bilby INFO    : em_syserr=1.0
01:09 bilby INFO    : luminosity_distance=LogUniform(minimum=1, maximum=500, name='luminosity_distance', latex_label='$D_L$', unit=None, boundary=None)
01:09 bilby INFO    : Analysis likelihood noise evidence: 0.0
01:09 bilby INFO    : em_syserr=1.0
01:09 bilby INFO    : Ebv=0.0
01:09 bilby INFO    : Analysis likelihood class: <class 'nmma.em.likelihood.OpticalLightCurve'>
01:09 bilby INFO    : em_syserr=1.0
01:09 bilby INFO    : em_syserr=1.0
01:09 bilby INFO    : timeshift=0.0
01:09 bilby INFO    : Analysis likelihood noise evidence: 0.0
01:09 bilby INFO    : luminosity_distance=LogUniform(minimum=1, maximum=500, name='luminosity_distance', latex_label='$D_L$', unit=None, boundary=None)
01:09 bilby INFO    : luminosity_distance=LogUniform(minimum=1, maximum=500, name='luminosity_distance', latex_label='$D_L$', unit=None, boundary=None)
01:09 bilby INFO    : Ebv=0.0
01:09 bilby INFO    : Analysis likelihood class: <class 'nmma.em.likelihood.OpticalLightCurve'>
01:09 bilby INFO    : Ebv=0.0
01:09 bilby INFO    : Analysis likelihood class: <class 'nmma.em.likelihood.OpticalLightCurve'>
01:09 bilby INFO    : Ebv=0.0
01:09 bilby INFO    : timeshift=0.0
01:09 bilby INFO    : Analysis likelihood class: <class 'nmma.em.likelihood.OpticalLightCurve'>
01:09 bilby INFO    : luminosity_distance=LogUniform(minimum=1, maximum=500, name='luminosity_distance', latex_label='$D_L$', unit=None, boundary=None)
01:09 bilby INFO    : Ebv=0.0
01:09 bilby INFO    : Analysis likelihood class: <class 'nmma.em.likelihood.OpticalLightCurve'>
01:09 bilby INFO    : Analysis likelihood noise evidence: 0.0
01:09 bilby INFO    : timeshift=0.0
01:09 bilby INFO    : luminosity_distance=LogUniform(minimum=1, maximum=500, name='luminosity_distance', latex_label='$D_L$', unit=None, boundary=None)
01:09 bilby INFO    : timeshift=0.0
01:09 bilby INFO    : Ebv=0.0
01:09 bilby INFO    : Analysis likelihood class: <class 'nmma.em.likelihood.OpticalLightCurve'>
01:09 bilby INFO    : Analysis likelihood class: <class 'nmma.em.likelihood.OpticalLightCurve'>
01:09 bilby INFO    : luminosity_distance=LogUniform(minimum=1, maximum=500, name='luminosity_distance', latex_label='$D_L$', unit=None, boundary=None)
01:09 bilby INFO    : Analysis likelihood noise evidence: 0.0
01:09 bilby INFO    : Ebv=0.0
01:09 bilby INFO    : Ebv=0.0
01:09 bilby INFO    : em_syserr=1.0
01:09 bilby INFO    : timeshift=0.0
01:09 bilby INFO    : timeshift=0.0
01:09 bilby INFO    : em_syserr=1.0
01:09 bilby INFO    : Analysis likelihood class: <class 'nmma.em.likelihood.OpticalLightCurve'>
01:09 bilby INFO    : Analysis likelihood noise evidence: 0.0
01:09 bilby INFO    : Analysis likelihood class: <class 'nmma.em.likelihood.OpticalLightCurve'>
01:09 bilby INFO    : Analysis likelihood noise evidence: 0.0
01:09 bilby INFO    : Analysis likelihood noise evidence: 0.0
01:09 bilby INFO    : em_syserr=1.0
01:09 bilby INFO    : Ebv=0.0
01:09 bilby INFO    : Analysis likelihood noise evidence: 0.0
01:09 bilby INFO    : timeshift=0.0
01:09 bilby INFO    : em_syserr=1.0
01:09 bilby INFO    : Analysis likelihood class: <class 'nmma.em.likelihood.OpticalLightCurve'>
01:09 bilby INFO    : em_syserr=1.0
01:09 bilby INFO    : luminosity_distance=LogUniform(minimum=1, maximum=500, name='luminosity_distance', latex_label='$D_L$', unit=None, boundary=None)
01:09 bilby INFO    : timeshift=0.0
01:09 bilby INFO    : luminosity_distance=LogUniform(minimum=1, maximum=500, name='luminosity_distance', latex_label='$D_L$', unit=None, boundary=None)
01:09 bilby INFO    : timeshift=0.0
01:09 bilby INFO    : Analysis likelihood noise evidence: 0.0
01:09 bilby INFO    : luminosity_distance=LogUniform(minimum=1, maximum=500, name='luminosity_distance', latex_label='$D_L$', unit=None, boundary=None)
01:09 bilby INFO    : timeshift=0.0
01:09 bilby INFO    : Analysis likelihood noise evidence: 0.0
01:09 bilby INFO    : timeshift=0.0
01:09 bilby INFO    : Analysis likelihood class: <class 'nmma.em.likelihood.OpticalLightCurve'>
01:09 bilby INFO    : Analysis likelihood noise evidence: 0.0
01:09 bilby INFO    : Analysis likelihood class: <class 'nmma.em.likelihood.OpticalLightCurve'>
01:09 bilby INFO    : Analysis likelihood noise evidence: 0.0
01:09 bilby INFO    : Ebv=0.0
01:09 bilby INFO    : Analysis likelihood class: <class 'nmma.em.likelihood.OpticalLightCurve'>
01:09 bilby INFO    : em_syserr=1.0
01:09 bilby INFO    : Analysis likelihood noise evidence: 0.0
01:09 bilby INFO    : Analysis likelihood class: <class 'nmma.em.likelihood.OpticalLightCurve'>
01:09 bilby INFO    : Ebv=0.0
01:09 bilby INFO    : Analysis likelihood noise evidence: 0.0
01:09 bilby INFO    : em_syserr=1.0
01:09 bilby INFO    : Ebv=0.0
01:09 bilby INFO    : Ebv=0.0
01:09 bilby INFO    : em_syserr=1.0
01:09 bilby INFO    : em_syserr=1.0
01:09 bilby INFO    : Ebv=0.0
01:09 bilby INFO    : Ebv=0.0
01:09 bilby INFO    : Analysis likelihood class: <class 'nmma.em.likelihood.OpticalLightCurve'>
01:09 bilby INFO    : em_syserr=1.0
01:09 bilby INFO    : em_syserr=1.0
01:09 bilby INFO    : Analysis likelihood class: <class 'nmma.em.likelihood.OpticalLightCurve'>
01:09 bilby INFO    : Analysis likelihood noise evidence: 0.0
01:09 bilby INFO    : Ebv=0.0
01:09 bilby INFO    : Analysis likelihood class: <class 'nmma.em.likelihood.OpticalLightCurve'>
01:09 bilby INFO    : Analysis likelihood noise evidence: 0.0
01:09 bilby INFO    : Analysis likelihood class: <class 'nmma.em.likelihood.OpticalLightCurve'>
01:09 bilby INFO    : Analysis likelihood class: <class 'nmma.em.likelihood.OpticalLightCurve'>
01:09 bilby INFO    : Analysis likelihood noise evidence: 0.0
01:09 bilby INFO    : Ebv=0.0
01:09 bilby INFO    : Ebv=0.0
01:09 bilby INFO    : Ebv=0.0
01:09 bilby INFO    : Analysis likelihood noise evidence: 0.0
01:09 bilby INFO    : Analysis likelihood class: <class 'nmma.em.likelihood.OpticalLightCurve'>
01:09 bilby INFO    : Analysis likelihood noise evidence: 0.0
01:09 bilby INFO    : Analysis likelihood noise evidence: 0.0
01:09 bilby INFO    : Analysis likelihood noise evidence: 0.0
01:09 bilby INFO    : Analysis likelihood class: <class 'nmma.em.likelihood.OpticalLightCurve'>
01:09 bilby INFO    : Analysis likelihood class: <class 'nmma.em.likelihood.OpticalLightCurve'>
01:09 bilby INFO    : Analysis likelihood class: <class 'nmma.em.likelihood.OpticalLightCurve'>
01:09 bilby INFO    : Analysis likelihood noise evidence: 0.0
01:09 bilby INFO    : Analysis likelihood noise evidence: 0.0
01:09 bilby INFO    : Analysis likelihood noise evidence: 0.0
01:09 bilby INFO    : Analysis likelihood noise evidence: 0.0
01:09 bilby INFO    : KNphi=Uniform(minimum=15.0, maximum=75.0, name='KNphi', latex_label='$\\Phi$', unit=None, boundary=None)
01:09 bilby INFO    : log10_mej_dyn=Uniform(minimum=-3.0, maximum=-1.0, name='log10_mej_dyn', latex_label='$\\log_{10}M^{\\rm{dyn}}_{\\rm{ej}}$', unit=None, boundary='reflective')
01:09 bilby INFO    : log10_mej_wind=Uniform(minimum=-3.0, maximum=-0.5, name='log10_mej_wind', latex_label='$\\log_{10}M^{\\rm{wind}}_{\\rm{ej}}$', unit=None, boundary='reflective')
01:09 bilby INFO    : inclination_EM=Sine(minimum=0.33, maximum=0.42, name='inclination_EM', latex_label='$\\iota$', unit=None, boundary=None)
01:09 bilby INFO    : luminosity_distance=LogUniform(minimum=1, maximum=500, name='luminosity_distance', latex_label='$D_L$', unit=None, boundary=None)
01:09 bilby INFO    : timeshift=0.0
01:09 bilby INFO    : em_syserr=1.0
01:09 bilby INFO    : Ebv=0.0
01:09 bilby INFO    : Analysis likelihood class: <class 'nmma.em.likelihood.OpticalLightCurve'>
01:09 bilby INFO    : Analysis likelihood noise evidence: 0.0
01:09 bilby INFO    : KNphi=Uniform(minimum=15.0, maximum=75.0, name='KNphi', latex_label='$\\Phi$', unit=None, boundary=None)
01:09 bilby INFO    : log10_mej_dyn=Uniform(minimum=-3.0, maximum=-1.0, name='log10_mej_dyn', latex_label='$\\log_{10}M^{\\rm{dyn}}_{\\rm{ej}}$', unit=None, boundary='reflective')
01:09 bilby INFO    : log10_mej_wind=Uniform(minimum=-3.0, maximum=-0.5, name='log10_mej_wind', latex_label='$\\log_{10}M^{\\rm{wind}}_{\\rm{ej}}$', unit=None, boundary='reflective')
01:09 bilby INFO    : inclination_EM=Sine(minimum=0.33, maximum=0.42, name='inclination_EM', latex_label='$\\iota$', unit=None, boundary=None)
01:09 bilby INFO    : luminosity_distance=LogUniform(minimum=1, maximum=500, name='luminosity_distance', latex_label='$D_L$', unit=None, boundary=None)
01:09 bilby INFO    : timeshift=0.0
01:09 bilby INFO    : em_syserr=1.0
01:09 bilby INFO    : Ebv=0.0
01:09 bilby INFO    : Analysis likelihood class: <class 'nmma.em.likelihood.OpticalLightCurve'>
01:09 bilby INFO    : Analysis likelihood noise evidence: 0.0
01:09 bilby INFO    : Single likelihood evaluation took 1.547e-01 s
01:09 bilby INFO    : Single likelihood evaluation took 1.549e-01 s
01:09 bilby INFO    : Single likelihood evaluation took 1.562e-01 s
01:09 bilby WARNING : Supplied argument 'queue_size' not an argument of 'Pymultinest', removing.
01:09 bilby WARNING : Supplied argument 'check_point_delta_t' not an argument of 'Pymultinest', removing.
01:09 bilby INFO    : Using sampler Pymultinest with kwargs {'importance_nested_sampling': False, 'resume': True, 'verbose': True, 'sampling_efficiency': 'parameter', 'n_live_points': 2048, 'n_params': 5, 'n_clustering_params': None, 'wrapped_params': None, 'multimodal': True, 'const_efficiency_mode': False, 'evidence_tolerance': 0.5, 'n_iter_before_update': 100, 'null_log_evidence': -1e+90, 'max_modes': 100, 'mode_tolerance': -1e+90, 'seed': 42, 'context': 0, 'write_output': True, 'log_zero': -1e+100, 'max_iter': 0, 'init_MPI': False, 'dump_callback': <bound method Pymultinest._dump_callback of <bilby.core.sampler.pymultinest.Pymultinest object at 0x155500fc6ec0>>}
01:09 bilby INFO    : Temporary directory incompatible with MPI, will run in original directory
01:09 bilby INFO    : Using output file outdirBNSBu32cores/pm_AT170817/
01:09 bilby WARNING : Supplied argument 'queue_size' not an argument of 'Pymultinest', removing.
01:09 bilby WARNING : Supplied argument 'check_point_delta_t' not an argument of 'Pymultinest', removing.
01:09 bilby INFO    : Using sampler Pymultinest with kwargs {'importance_nested_sampling': False, 'resume': True, 'verbose': True, 'sampling_efficiency': 'parameter', 'n_live_points': 2048, 'n_params': 5, 'n_clustering_params': None, 'wrapped_params': None, 'multimodal': True, 'const_efficiency_mode': False, 'evidence_tolerance': 0.5, 'n_iter_before_update': 100, 'null_log_evidence': -1e+90, 'max_modes': 100, 'mode_tolerance': -1e+90, 'seed': 42, 'context': 0, 'write_output': True, 'log_zero': -1e+100, 'max_iter': 0, 'init_MPI': False, 'dump_callback': <bound method Pymultinest._dump_callback of <bilby.core.sampler.pymultinest.Pymultinest object at 0x155500fcae90>>}
01:09 bilby INFO    : Temporary directory incompatible with MPI, will run in original directory
01:09 bilby INFO    : Using output file outdirBNSBu32cores/pm_AT170817/
01:09 bilby INFO    : Single likelihood evaluation took 1.565e-01 s
01:09 bilby WARNING : Supplied argument 'queue_size' not an argument of 'Pymultinest', removing.
01:09 bilby WARNING : Supplied argument 'check_point_delta_t' not an argument of 'Pymultinest', removing.
01:09 bilby INFO    : Using sampler Pymultinest with kwargs {'importance_nested_sampling': False, 'resume': True, 'verbose': True, 'sampling_efficiency': 'parameter', 'n_live_points': 2048, 'n_params': 5, 'n_clustering_params': None, 'wrapped_params': None, 'multimodal': True, 'const_efficiency_mode': False, 'evidence_tolerance': 0.5, 'n_iter_before_update': 100, 'null_log_evidence': -1e+90, 'max_modes': 100, 'mode_tolerance': -1e+90, 'seed': 42, 'context': 0, 'write_output': True, 'log_zero': -1e+100, 'max_iter': 0, 'init_MPI': False, 'dump_callback': <bound method Pymultinest._dump_callback of <bilby.core.sampler.pymultinest.Pymultinest object at 0x155500fc6c20>>}
01:09 bilby INFO    : Temporary directory incompatible with MPI, will run in original directory
01:09 bilby INFO    : Using output file outdirBNSBu32cores/pm_AT170817/
01:09 bilby WARNING : Supplied argument 'queue_size' not an argument of 'Pymultinest', removing.
01:09 bilby WARNING : Supplied argument 'check_point_delta_t' not an argument of 'Pymultinest', removing.
01:09 bilby INFO    : Using sampler Pymultinest with kwargs {'importance_nested_sampling': False, 'resume': True, 'verbose': True, 'sampling_efficiency': 'parameter', 'n_live_points': 2048, 'n_params': 5, 'n_clustering_params': None, 'wrapped_params': None, 'multimodal': True, 'const_efficiency_mode': False, 'evidence_tolerance': 0.5, 'n_iter_before_update': 100, 'null_log_evidence': -1e+90, 'max_modes': 100, 'mode_tolerance': -1e+90, 'seed': 42, 'context': 0, 'write_output': True, 'log_zero': -1e+100, 'max_iter': 0, 'init_MPI': False, 'dump_callback': <bound method Pymultinest._dump_callback of <bilby.core.sampler.pymultinest.Pymultinest object at 0x155500fc2cb0>>}
01:09 bilby INFO    : Temporary directory incompatible with MPI, will run in original directory
01:09 bilby INFO    : Using output file outdirBNSBu32cores/pm_AT170817/
01:09 bilby INFO    : Single likelihood evaluation took 1.614e-01 s
01:09 bilby WARNING : Supplied argument 'queue_size' not an argument of 'Pymultinest', removing.
01:09 bilby WARNING : Supplied argument 'check_point_delta_t' not an argument of 'Pymultinest', removing.
01:09 bilby INFO    : Using sampler Pymultinest with kwargs {'importance_nested_sampling': False, 'resume': True, 'verbose': True, 'sampling_efficiency': 'parameter', 'n_live_points': 2048, 'n_params': 5, 'n_clustering_params': None, 'wrapped_params': None, 'multimodal': True, 'const_efficiency_mode': False, 'evidence_tolerance': 0.5, 'n_iter_before_update': 100, 'null_log_evidence': -1e+90, 'max_modes': 100, 'mode_tolerance': -1e+90, 'seed': 42, 'context': 0, 'write_output': True, 'log_zero': -1e+100, 'max_iter': 0, 'init_MPI': False, 'dump_callback': <bound method Pymultinest._dump_callback of <bilby.core.sampler.pymultinest.Pymultinest object at 0x155500fc6e60>>}
01:09 bilby INFO    : Temporary directory incompatible with MPI, will run in original directory
01:09 bilby INFO    : Using output file outdirBNSBu32cores/pm_AT170817/
01:09 bilby INFO    : Single likelihood evaluation took 1.631e-01 s
01:09 bilby INFO    : Single likelihood evaluation took 1.632e-01 s
01:09 bilby INFO    : Single likelihood evaluation took 1.632e-01 s
01:09 bilby INFO    : Single likelihood evaluation took 1.632e-01 s
01:09 bilby INFO    : Single likelihood evaluation took 1.635e-01 s
01:09 bilby INFO    : Single likelihood evaluation took 1.635e-01 s
01:09 bilby INFO    : Single likelihood evaluation took 1.635e-01 s
01:09 bilby WARNING : Supplied argument 'queue_size' not an argument of 'Pymultinest', removing.
01:09 bilby WARNING : Supplied argument 'check_point_delta_t' not an argument of 'Pymultinest', removing.
01:09 bilby INFO    : Using sampler Pymultinest with kwargs {'importance_nested_sampling': False, 'resume': True, 'verbose': True, 'sampling_efficiency': 'parameter', 'n_live_points': 2048, 'n_params': 5, 'n_clustering_params': None, 'wrapped_params': None, 'multimodal': True, 'const_efficiency_mode': False, 'evidence_tolerance': 0.5, 'n_iter_before_update': 100, 'null_log_evidence': -1e+90, 'max_modes': 100, 'mode_tolerance': -1e+90, 'seed': 42, 'context': 0, 'write_output': True, 'log_zero': -1e+100, 'max_iter': 0, 'init_MPI': False, 'dump_callback': <bound method Pymultinest._dump_callback of <bilby.core.sampler.pymultinest.Pymultinest object at 0x155500fcabc0>>}
01:09 bilby INFO    : Temporary directory incompatible with MPI, will run in original directory
01:09 bilby INFO    : Using output file outdirBNSBu32cores/pm_AT170817/
01:09 bilby WARNING : Supplied argument 'queue_size' not an argument of 'Pymultinest', removing.
01:09 bilby WARNING : Supplied argument 'check_point_delta_t' not an argument of 'Pymultinest', removing.
01:09 bilby INFO    : Using sampler Pymultinest with kwargs {'importance_nested_sampling': False, 'resume': True, 'verbose': True, 'sampling_efficiency': 'parameter', 'n_live_points': 2048, 'n_params': 5, 'n_clustering_params': None, 'wrapped_params': None, 'multimodal': True, 'const_efficiency_mode': False, 'evidence_tolerance': 0.5, 'n_iter_before_update': 100, 'null_log_evidence': -1e+90, 'max_modes': 100, 'mode_tolerance': -1e+90, 'seed': 42, 'context': 0, 'write_output': True, 'log_zero': -1e+100, 'max_iter': 0, 'init_MPI': False, 'dump_callback': <bound method Pymultinest._dump_callback of <bilby.core.sampler.pymultinest.Pymultinest object at 0x155500fc6c50>>}
01:09 bilby WARNING : Supplied argument 'queue_size' not an argument of 'Pymultinest', removing.
01:09 bilby WARNING : Supplied argument 'check_point_delta_t' not an argument of 'Pymultinest', removing.
01:09 bilby WARNING : Supplied argument 'queue_size' not an argument of 'Pymultinest', removing.
01:09 bilby WARNING : Supplied argument 'check_point_delta_t' not an argument of 'Pymultinest', removing.
01:09 bilby INFO    : Using sampler Pymultinest with kwargs {'importance_nested_sampling': False, 'resume': True, 'verbose': True, 'sampling_efficiency': 'parameter', 'n_live_points': 2048, 'n_params': 5, 'n_clustering_params': None, 'wrapped_params': None, 'multimodal': True, 'const_efficiency_mode': False, 'evidence_tolerance': 0.5, 'n_iter_before_update': 100, 'null_log_evidence': -1e+90, 'max_modes': 100, 'mode_tolerance': -1e+90, 'seed': 42, 'context': 0, 'write_output': True, 'log_zero': -1e+100, 'max_iter': 0, 'init_MPI': False, 'dump_callback': <bound method Pymultinest._dump_callback of <bilby.core.sampler.pymultinest.Pymultinest object at 0x155500fc2cb0>>}
01:09 bilby INFO    : Temporary directory incompatible with MPI, will run in original directory
01:09 bilby INFO    : Using sampler Pymultinest with kwargs {'importance_nested_sampling': False, 'resume': True, 'verbose': True, 'sampling_efficiency': 'parameter', 'n_live_points': 2048, 'n_params': 5, 'n_clustering_params': None, 'wrapped_params': None, 'multimodal': True, 'const_efficiency_mode': False, 'evidence_tolerance': 0.5, 'n_iter_before_update': 100, 'null_log_evidence': -1e+90, 'max_modes': 100, 'mode_tolerance': -1e+90, 'seed': 42, 'context': 0, 'write_output': True, 'log_zero': -1e+100, 'max_iter': 0, 'init_MPI': False, 'dump_callback': <bound method Pymultinest._dump_callback of <bilby.core.sampler.pymultinest.Pymultinest object at 0x155500fc6c80>>}
01:09 bilby INFO    : Temporary directory incompatible with MPI, will run in original directory
01:09 bilby INFO    : Temporary directory incompatible with MPI, will run in original directory
01:09 bilby INFO    : Using output file outdirBNSBu32cores/pm_AT170817/
01:09 bilby INFO    : Using output file outdirBNSBu32cores/pm_AT170817/
01:09 bilby INFO    : Using output file outdirBNSBu32cores/pm_AT170817/
01:09 bilby INFO    : Single likelihood evaluation took 1.642e-01 s
01:09 bilby INFO    : Single likelihood evaluation took 1.642e-01 s
01:09 bilby INFO    : Single likelihood evaluation took 1.642e-01 s
01:09 bilby INFO    : Single likelihood evaluation took 1.642e-01 s
01:09 bilby WARNING : Supplied argument 'queue_size' not an argument of 'Pymultinest', removing.
01:09 bilby WARNING : Supplied argument 'queue_size' not an argument of 'Pymultinest', removing.
01:09 bilby WARNING : Supplied argument 'check_point_delta_t' not an argument of 'Pymultinest', removing.
01:09 bilby WARNING : Supplied argument 'queue_size' not an argument of 'Pymultinest', removing.
01:09 bilby WARNING : Supplied argument 'check_point_delta_t' not an argument of 'Pymultinest', removing.
01:09 bilby WARNING : Supplied argument 'check_point_delta_t' not an argument of 'Pymultinest', removing.
01:09 bilby INFO    : Using sampler Pymultinest with kwargs {'importance_nested_sampling': False, 'resume': True, 'verbose': True, 'sampling_efficiency': 'parameter', 'n_live_points': 2048, 'n_params': 5, 'n_clustering_params': None, 'wrapped_params': None, 'multimodal': True, 'const_efficiency_mode': False, 'evidence_tolerance': 0.5, 'n_iter_before_update': 100, 'null_log_evidence': -1e+90, 'max_modes': 100, 'mode_tolerance': -1e+90, 'seed': 42, 'context': 0, 'write_output': True, 'log_zero': -1e+100, 'max_iter': 0, 'init_MPI': False, 'dump_callback': <bound method Pymultinest._dump_callback of <bilby.core.sampler.pymultinest.Pymultinest object at 0x155500fc6ad0>>}
01:09 bilby INFO    : Using sampler Pymultinest with kwargs {'importance_nested_sampling': False, 'resume': True, 'verbose': True, 'sampling_efficiency': 'parameter', 'n_live_points': 2048, 'n_params': 5, 'n_clustering_params': None, 'wrapped_params': None, 'multimodal': True, 'const_efficiency_mode': False, 'evidence_tolerance': 0.5, 'n_iter_before_update': 100, 'null_log_evidence': -1e+90, 'max_modes': 100, 'mode_tolerance': -1e+90, 'seed': 42, 'context': 0, 'write_output': True, 'log_zero': -1e+100, 'max_iter': 0, 'init_MPI': False, 'dump_callback': <bound method Pymultinest._dump_callback of <bilby.core.sampler.pymultinest.Pymultinest object at 0x155500fc6920>>}
01:09 bilby INFO    : Using sampler Pymultinest with kwargs {'importance_nested_sampling': False, 'resume': True, 'verbose': True, 'sampling_efficiency': 'parameter', 'n_live_points': 2048, 'n_params': 5, 'n_clustering_params': None, 'wrapped_params': None, 'multimodal': True, 'const_efficiency_mode': False, 'evidence_tolerance': 0.5, 'n_iter_before_update': 100, 'null_log_evidence': -1e+90, 'max_modes': 100, 'mode_tolerance': -1e+90, 'seed': 42, 'context': 0, 'write_output': True, 'log_zero': -1e+100, 'max_iter': 0, 'init_MPI': False, 'dump_callback': <bound method Pymultinest._dump_callback of <bilby.core.sampler.pymultinest.Pymultinest object at 0x155500fc70d0>>}
01:09 bilby INFO    : Temporary directory incompatible with MPI, will run in original directory
01:09 bilby INFO    : Temporary directory incompatible with MPI, will run in original directory
01:09 bilby INFO    : Temporary directory incompatible with MPI, will run in original directory
01:09 bilby INFO    : Using output file outdirBNSBu32cores/pm_AT170817/
01:09 bilby INFO    : Using output file outdirBNSBu32cores/pm_AT170817/
01:09 bilby INFO    : Using output file outdirBNSBu32cores/pm_AT170817/
01:09 bilby WARNING : Supplied argument 'queue_size' not an argument of 'Pymultinest', removing.
01:09 bilby WARNING : Supplied argument 'queue_size' not an argument of 'Pymultinest', removing.
01:09 bilby WARNING : Supplied argument 'check_point_delta_t' not an argument of 'Pymultinest', removing.
01:09 bilby WARNING : Supplied argument 'check_point_delta_t' not an argument of 'Pymultinest', removing.
01:09 bilby WARNING : Supplied argument 'queue_size' not an argument of 'Pymultinest', removing.
01:09 bilby WARNING : Supplied argument 'check_point_delta_t' not an argument of 'Pymultinest', removing.
01:09 bilby WARNING : Supplied argument 'queue_size' not an argument of 'Pymultinest', removing.
01:09 bilby INFO    : Using sampler Pymultinest with kwargs {'importance_nested_sampling': False, 'resume': True, 'verbose': True, 'sampling_efficiency': 'parameter', 'n_live_points': 2048, 'n_params': 5, 'n_clustering_params': None, 'wrapped_params': None, 'multimodal': True, 'const_efficiency_mode': False, 'evidence_tolerance': 0.5, 'n_iter_before_update': 100, 'null_log_evidence': -1e+90, 'max_modes': 100, 'mode_tolerance': -1e+90, 'seed': 42, 'context': 0, 'write_output': True, 'log_zero': -1e+100, 'max_iter': 0, 'init_MPI': False, 'dump_callback': <bound method Pymultinest._dump_callback of <bilby.core.sampler.pymultinest.Pymultinest object at 0x155500fc6cb0>>}
01:09 bilby INFO    : Using sampler Pymultinest with kwargs {'importance_nested_sampling': False, 'resume': True, 'verbose': True, 'sampling_efficiency': 'parameter', 'n_live_points': 2048, 'n_params': 5, 'n_clustering_params': None, 'wrapped_params': None, 'multimodal': True, 'const_efficiency_mode': False, 'evidence_tolerance': 0.5, 'n_iter_before_update': 100, 'null_log_evidence': -1e+90, 'max_modes': 100, 'mode_tolerance': -1e+90, 'seed': 42, 'context': 0, 'write_output': True, 'log_zero': -1e+100, 'max_iter': 0, 'init_MPI': False, 'dump_callback': <bound method Pymultinest._dump_callback of <bilby.core.sampler.pymultinest.Pymultinest object at 0x155500fc6fe0>>}
01:09 bilby WARNING : Supplied argument 'check_point_delta_t' not an argument of 'Pymultinest', removing.
01:09 bilby INFO    : Using sampler Pymultinest with kwargs {'importance_nested_sampling': False, 'resume': True, 'verbose': True, 'sampling_efficiency': 'parameter', 'n_live_points': 2048, 'n_params': 5, 'n_clustering_params': None, 'wrapped_params': None, 'multimodal': True, 'const_efficiency_mode': False, 'evidence_tolerance': 0.5, 'n_iter_before_update': 100, 'null_log_evidence': -1e+90, 'max_modes': 100, 'mode_tolerance': -1e+90, 'seed': 42, 'context': 0, 'write_output': True, 'log_zero': -1e+100, 'max_iter': 0, 'init_MPI': False, 'dump_callback': <bound method Pymultinest._dump_callback of <bilby.core.sampler.pymultinest.Pymultinest object at 0x155500fc2cb0>>}
01:09 bilby INFO    : Using sampler Pymultinest with kwargs {'importance_nested_sampling': False, 'resume': True, 'verbose': True, 'sampling_efficiency': 'parameter', 'n_live_points': 2048, 'n_params': 5, 'n_clustering_params': None, 'wrapped_params': None, 'multimodal': True, 'const_efficiency_mode': False, 'evidence_tolerance': 0.5, 'n_iter_before_update': 100, 'null_log_evidence': -1e+90, 'max_modes': 100, 'mode_tolerance': -1e+90, 'seed': 42, 'context': 0, 'write_output': True, 'log_zero': -1e+100, 'max_iter': 0, 'init_MPI': False, 'dump_callback': <bound method Pymultinest._dump_callback of <bilby.core.sampler.pymultinest.Pymultinest object at 0x155500fcaf20>>}
01:09 bilby INFO    : Temporary directory incompatible with MPI, will run in original directory
01:09 bilby INFO    : Temporary directory incompatible with MPI, will run in original directory
01:09 bilby INFO    : Temporary directory incompatible with MPI, will run in original directory
01:09 bilby INFO    : Temporary directory incompatible with MPI, will run in original directory
01:09 bilby INFO    : Using output file outdirBNSBu32cores/pm_AT170817/
01:09 bilby INFO    : Using output file outdirBNSBu32cores/pm_AT170817/
01:09 bilby INFO    : Using output file outdirBNSBu32cores/pm_AT170817/
01:09 bilby INFO    : Using output file outdirBNSBu32cores/pm_AT170817/
01:10 bilby INFO    : Single likelihood evaluation took 1.762e-01 s
01:10 bilby INFO    : Single likelihood evaluation took 1.775e-01 s
01:10 bilby INFO    : Single likelihood evaluation took 1.775e-01 s
01:10 bilby INFO    : Single likelihood evaluation took 1.776e-01 s
01:10 bilby WARNING : Supplied argument 'queue_size' not an argument of 'Pymultinest', removing.
01:10 bilby WARNING : Supplied argument 'check_point_delta_t' not an argument of 'Pymultinest', removing.
01:10 bilby INFO    : Using sampler Pymultinest with kwargs {'importance_nested_sampling': False, 'resume': True, 'verbose': True, 'sampling_efficiency': 'parameter', 'n_live_points': 2048, 'n_params': 5, 'n_clustering_params': None, 'wrapped_params': None, 'multimodal': True, 'const_efficiency_mode': False, 'evidence_tolerance': 0.5, 'n_iter_before_update': 100, 'null_log_evidence': -1e+90, 'max_modes': 100, 'mode_tolerance': -1e+90, 'seed': 42, 'context': 0, 'write_output': True, 'log_zero': -1e+100, 'max_iter': 0, 'init_MPI': False, 'dump_callback': <bound method Pymultinest._dump_callback of <bilby.core.sampler.pymultinest.Pymultinest object at 0x155500fc7580>>}
01:10 bilby INFO    : Temporary directory incompatible with MPI, will run in original directory
01:10 bilby INFO    : Using output file outdirBNSBu32cores/pm_AT170817/
01:10 bilby INFO    : Single likelihood evaluation took 1.785e-01 s
01:10 bilby INFO    : Single likelihood evaluation took 1.789e-01 s
01:10 bilby INFO    : Single likelihood evaluation took 1.790e-01 s
01:10 bilby INFO    : Single likelihood evaluation took 1.792e-01 s
01:10 bilby WARNING : Supplied argument 'queue_size' not an argument of 'Pymultinest', removing.
01:10 bilby WARNING : Supplied argument 'check_point_delta_t' not an argument of 'Pymultinest', removing.
01:10 bilby INFO    : Using sampler Pymultinest with kwargs {'importance_nested_sampling': False, 'resume': True, 'verbose': True, 'sampling_efficiency': 'parameter', 'n_live_points': 2048, 'n_params': 5, 'n_clustering_params': None, 'wrapped_params': None, 'multimodal': True, 'const_efficiency_mode': False, 'evidence_tolerance': 0.5, 'n_iter_before_update': 100, 'null_log_evidence': -1e+90, 'max_modes': 100, 'mode_tolerance': -1e+90, 'seed': 42, 'context': 0, 'write_output': True, 'log_zero': -1e+100, 'max_iter': 0, 'init_MPI': False, 'dump_callback': <bound method Pymultinest._dump_callback of <bilby.core.sampler.pymultinest.Pymultinest object at 0x155500fcb190>>}
01:10 bilby INFO    : Temporary directory incompatible with MPI, will run in original directory
01:10 bilby INFO    : Using output file outdirBNSBu32cores/pm_AT170817/
01:10 bilby WARNING : Supplied argument 'queue_size' not an argument of 'Pymultinest', removing.
01:10 bilby WARNING : Supplied argument 'check_point_delta_t' not an argument of 'Pymultinest', removing.
01:10 bilby INFO    : Using sampler Pymultinest with kwargs {'importance_nested_sampling': False, 'resume': True, 'verbose': True, 'sampling_efficiency': 'parameter', 'n_live_points': 2048, 'n_params': 5, 'n_clustering_params': None, 'wrapped_params': None, 'multimodal': True, 'const_efficiency_mode': False, 'evidence_tolerance': 0.5, 'n_iter_before_update': 100, 'null_log_evidence': -1e+90, 'max_modes': 100, 'mode_tolerance': -1e+90, 'seed': 42, 'context': 0, 'write_output': True, 'log_zero': -1e+100, 'max_iter': 0, 'init_MPI': False, 'dump_callback': <bound method Pymultinest._dump_callback of <bilby.core.sampler.pymultinest.Pymultinest object at 0x155500fc6f20>>}
01:10 bilby INFO    : Temporary directory incompatible with MPI, will run in original directory
01:10 bilby INFO    : Using output file outdirBNSBu32cores/pm_AT170817/
01:10 bilby INFO    : Single likelihood evaluation took 1.794e-01 s
01:10 bilby WARNING : Supplied argument 'queue_size' not an argument of 'Pymultinest', removing.
01:10 bilby WARNING : Supplied argument 'check_point_delta_t' not an argument of 'Pymultinest', removing.
01:10 bilby INFO    : Using sampler Pymultinest with kwargs {'importance_nested_sampling': False, 'resume': True, 'verbose': True, 'sampling_efficiency': 'parameter', 'n_live_points': 2048, 'n_params': 5, 'n_clustering_params': None, 'wrapped_params': None, 'multimodal': True, 'const_efficiency_mode': False, 'evidence_tolerance': 0.5, 'n_iter_before_update': 100, 'null_log_evidence': -1e+90, 'max_modes': 100, 'mode_tolerance': -1e+90, 'seed': 42, 'context': 0, 'write_output': True, 'log_zero': -1e+100, 'max_iter': 0, 'init_MPI': False, 'dump_callback': <bound method Pymultinest._dump_callback of <bilby.core.sampler.pymultinest.Pymultinest object at 0x155500fc6c20>>}
01:10 bilby INFO    : Temporary directory incompatible with MPI, will run in original directory
01:10 bilby INFO    : Using output file outdirBNSBu32cores/pm_AT170817/
01:10 bilby WARNING : Supplied argument 'queue_size' not an argument of 'Pymultinest', removing.
01:10 bilby WARNING : Supplied argument 'check_point_delta_t' not an argument of 'Pymultinest', removing.
01:10 bilby INFO    : Using sampler Pymultinest with kwargs {'importance_nested_sampling': False, 'resume': True, 'verbose': True, 'sampling_efficiency': 'parameter', 'n_live_points': 2048, 'n_params': 5, 'n_clustering_params': None, 'wrapped_params': None, 'multimodal': True, 'const_efficiency_mode': False, 'evidence_tolerance': 0.5, 'n_iter_before_update': 100, 'null_log_evidence': -1e+90, 'max_modes': 100, 'mode_tolerance': -1e+90, 'seed': 42, 'context': 0, 'write_output': True, 'log_zero': -1e+100, 'max_iter': 0, 'init_MPI': False, 'dump_callback': <bound method Pymultinest._dump_callback of <bilby.core.sampler.pymultinest.Pymultinest object at 0x155500fc70a0>>}
01:10 bilby INFO    : Temporary directory incompatible with MPI, will run in original directory
01:10 bilby INFO    : Using output file outdirBNSBu32cores/pm_AT170817/
01:10 bilby WARNING : Supplied argument 'queue_size' not an argument of 'Pymultinest', removing.
01:10 bilby WARNING : Supplied argument 'check_point_delta_t' not an argument of 'Pymultinest', removing.
01:10 bilby INFO    : Using sampler Pymultinest with kwargs {'importance_nested_sampling': False, 'resume': True, 'verbose': True, 'sampling_efficiency': 'parameter', 'n_live_points': 2048, 'n_params': 5, 'n_clustering_params': None, 'wrapped_params': None, 'multimodal': True, 'const_efficiency_mode': False, 'evidence_tolerance': 0.5, 'n_iter_before_update': 100, 'null_log_evidence': -1e+90, 'max_modes': 100, 'mode_tolerance': -1e+90, 'seed': 42, 'context': 0, 'write_output': True, 'log_zero': -1e+100, 'max_iter': 0, 'init_MPI': False, 'dump_callback': <bound method Pymultinest._dump_callback of <bilby.core.sampler.pymultinest.Pymultinest object at 0x155500fc77c0>>}
01:10 bilby INFO    : Temporary directory incompatible with MPI, will run in original directory
01:10 bilby INFO    : Using output file outdirBNSBu32cores/pm_AT170817/
01:10 bilby WARNING : Supplied argument 'queue_size' not an argument of 'Pymultinest', removing.
01:10 bilby WARNING : Supplied argument 'check_point_delta_t' not an argument of 'Pymultinest', removing.
01:10 bilby INFO    : Using sampler Pymultinest with kwargs {'importance_nested_sampling': False, 'resume': True, 'verbose': True, 'sampling_efficiency': 'parameter', 'n_live_points': 2048, 'n_params': 5, 'n_clustering_params': None, 'wrapped_params': None, 'multimodal': True, 'const_efficiency_mode': False, 'evidence_tolerance': 0.5, 'n_iter_before_update': 100, 'null_log_evidence': -1e+90, 'max_modes': 100, 'mode_tolerance': -1e+90, 'seed': 42, 'context': 0, 'write_output': True, 'log_zero': -1e+100, 'max_iter': 0, 'init_MPI': False, 'dump_callback': <bound method Pymultinest._dump_callback of <bilby.core.sampler.pymultinest.Pymultinest object at 0x155500fcad40>>}
01:10 bilby INFO    : Temporary directory incompatible with MPI, will run in original directory
01:10 bilby INFO    : Using output file outdirBNSBu32cores/pm_AT170817/
01:10 bilby WARNING : Supplied argument 'queue_size' not an argument of 'Pymultinest', removing.
01:10 bilby WARNING : Supplied argument 'check_point_delta_t' not an argument of 'Pymultinest', removing.
01:10 bilby INFO    : Using sampler Pymultinest with kwargs {'importance_nested_sampling': False, 'resume': True, 'verbose': True, 'sampling_efficiency': 'parameter', 'n_live_points': 2048, 'n_params': 5, 'n_clustering_params': None, 'wrapped_params': None, 'multimodal': True, 'const_efficiency_mode': False, 'evidence_tolerance': 0.5, 'n_iter_before_update': 100, 'null_log_evidence': -1e+90, 'max_modes': 100, 'mode_tolerance': -1e+90, 'seed': 42, 'context': 0, 'write_output': True, 'log_zero': -1e+100, 'max_iter': 0, 'init_MPI': False, 'dump_callback': <bound method Pymultinest._dump_callback of <bilby.core.sampler.pymultinest.Pymultinest object at 0x155500fcb010>>}
01:10 bilby INFO    : Temporary directory incompatible with MPI, will run in original directory
01:10 bilby INFO    : Using output file outdirBNSBu32cores/pm_AT170817/
01:10 bilby INFO    : Single likelihood evaluation took 1.804e-01 s
01:10 bilby WARNING : Supplied argument 'queue_size' not an argument of 'Pymultinest', removing.
01:10 bilby WARNING : Supplied argument 'check_point_delta_t' not an argument of 'Pymultinest', removing.
01:10 bilby INFO    : Using sampler Pymultinest with kwargs {'importance_nested_sampling': False, 'resume': True, 'verbose': True, 'sampling_efficiency': 'parameter', 'n_live_points': 2048, 'n_params': 5, 'n_clustering_params': None, 'wrapped_params': None, 'multimodal': True, 'const_efficiency_mode': False, 'evidence_tolerance': 0.5, 'n_iter_before_update': 100, 'null_log_evidence': -1e+90, 'max_modes': 100, 'mode_tolerance': -1e+90, 'seed': 42, 'context': 0, 'write_output': True, 'log_zero': -1e+100, 'max_iter': 0, 'init_MPI': False, 'dump_callback': <bound method Pymultinest._dump_callback of <bilby.core.sampler.pymultinest.Pymultinest object at 0x155500fc6d70>>}
01:10 bilby INFO    : Temporary directory incompatible with MPI, will run in original directory
01:10 bilby INFO    : Using output file outdirBNSBu32cores/pm_AT170817/
01:10 bilby INFO    : Single likelihood evaluation took 1.807e-01 s
01:10 bilby INFO    : Single likelihood evaluation took 1.807e-01 s
01:10 bilby WARNING : Supplied argument 'queue_size' not an argument of 'Pymultinest', removing.
01:10 bilby WARNING : Supplied argument 'check_point_delta_t' not an argument of 'Pymultinest', removing.
01:10 bilby INFO    : Using sampler Pymultinest with kwargs {'importance_nested_sampling': False, 'resume': True, 'verbose': True, 'sampling_efficiency': 'parameter', 'n_live_points': 2048, 'n_params': 5, 'n_clustering_params': None, 'wrapped_params': None, 'multimodal': True, 'const_efficiency_mode': False, 'evidence_tolerance': 0.5, 'n_iter_before_update': 100, 'null_log_evidence': -1e+90, 'max_modes': 100, 'mode_tolerance': -1e+90, 'seed': 42, 'context': 0, 'write_output': True, 'log_zero': -1e+100, 'max_iter': 0, 'init_MPI': False, 'dump_callback': <bound method Pymultinest._dump_callback of <bilby.core.sampler.pymultinest.Pymultinest object at 0x155500fc6c80>>}
01:10 bilby INFO    : Temporary directory incompatible with MPI, will run in original directory
01:10 bilby INFO    : Using output file outdirBNSBu32cores/pm_AT170817/
01:10 bilby WARNING : Supplied argument 'queue_size' not an argument of 'Pymultinest', removing.
01:10 bilby WARNING : Supplied argument 'check_point_delta_t' not an argument of 'Pymultinest', removing.
01:10 bilby INFO    : Using sampler Pymultinest with kwargs {'importance_nested_sampling': False, 'resume': True, 'verbose': True, 'sampling_efficiency': 'parameter', 'n_live_points': 2048, 'n_params': 5, 'n_clustering_params': None, 'wrapped_params': None, 'multimodal': True, 'const_efficiency_mode': False, 'evidence_tolerance': 0.5, 'n_iter_before_update': 100, 'null_log_evidence': -1e+90, 'max_modes': 100, 'mode_tolerance': -1e+90, 'seed': 42, 'context': 0, 'write_output': True, 'log_zero': -1e+100, 'max_iter': 0, 'init_MPI': False, 'dump_callback': <bound method Pymultinest._dump_callback of <bilby.core.sampler.pymultinest.Pymultinest object at 0x155500fcb220>>}
01:10 bilby WARNING : Supplied argument 'queue_size' not an argument of 'Pymultinest', removing.
01:10 bilby INFO    : Temporary directory incompatible with MPI, will run in original directory
01:10 bilby WARNING : Supplied argument 'check_point_delta_t' not an argument of 'Pymultinest', removing.
01:10 bilby INFO    : Using sampler Pymultinest with kwargs {'importance_nested_sampling': False, 'resume': True, 'verbose': True, 'sampling_efficiency': 'parameter', 'n_live_points': 2048, 'n_params': 5, 'n_clustering_params': None, 'wrapped_params': None, 'multimodal': True, 'const_efficiency_mode': False, 'evidence_tolerance': 0.5, 'n_iter_before_update': 100, 'null_log_evidence': -1e+90, 'max_modes': 100, 'mode_tolerance': -1e+90, 'seed': 42, 'context': 0, 'write_output': True, 'log_zero': -1e+100, 'max_iter': 0, 'init_MPI': False, 'dump_callback': <bound method Pymultinest._dump_callback of <bilby.core.sampler.pymultinest.Pymultinest object at 0x155500fc2cb0>>}
01:10 bilby INFO    : Using output file outdirBNSBu32cores/pm_AT170817/
01:10 bilby INFO    : Temporary directory incompatible with MPI, will run in original directory
01:10 bilby INFO    : Using output file outdirBNSBu32cores/pm_AT170817/
01:10 bilby INFO    : Single likelihood evaluation took 1.815e-01 s
01:10 bilby INFO    : Single likelihood evaluation took 1.816e-01 s
01:10 bilby INFO    : Single likelihood evaluation took 1.818e-01 s
01:10 bilby WARNING : Supplied argument 'queue_size' not an argument of 'Pymultinest', removing.
01:10 bilby WARNING : Supplied argument 'check_point_delta_t' not an argument of 'Pymultinest', removing.
01:10 bilby INFO    : Using sampler Pymultinest with kwargs {'importance_nested_sampling': False, 'resume': True, 'verbose': True, 'sampling_efficiency': 'parameter', 'n_live_points': 2048, 'n_params': 5, 'n_clustering_params': None, 'wrapped_params': None, 'multimodal': True, 'const_efficiency_mode': False, 'evidence_tolerance': 0.5, 'n_iter_before_update': 100, 'null_log_evidence': -1e+90, 'max_modes': 100, 'mode_tolerance': -1e+90, 'seed': 42, 'context': 0, 'write_output': True, 'log_zero': -1e+100, 'max_iter': 0, 'init_MPI': False, 'dump_callback': <bound method Pymultinest._dump_callback of <bilby.core.sampler.pymultinest.Pymultinest object at 0x155500fc75b0>>}
01:10 bilby INFO    : Temporary directory incompatible with MPI, will run in original directory
01:10 bilby INFO    : Using output file outdirBNSBu32cores/pm_AT170817/
01:10 bilby WARNING : Supplied argument 'queue_size' not an argument of 'Pymultinest', removing.
01:10 bilby WARNING : Supplied argument 'check_point_delta_t' not an argument of 'Pymultinest', removing.
01:10 bilby INFO    : Using sampler Pymultinest with kwargs {'importance_nested_sampling': False, 'resume': True, 'verbose': True, 'sampling_efficiency': 'parameter', 'n_live_points': 2048, 'n_params': 5, 'n_clustering_params': None, 'wrapped_params': None, 'multimodal': True, 'const_efficiency_mode': False, 'evidence_tolerance': 0.5, 'n_iter_before_update': 100, 'null_log_evidence': -1e+90, 'max_modes': 100, 'mode_tolerance': -1e+90, 'seed': 42, 'context': 0, 'write_output': True, 'log_zero': -1e+100, 'max_iter': 0, 'init_MPI': False, 'dump_callback': <bound method Pymultinest._dump_callback of <bilby.core.sampler.pymultinest.Pymultinest object at 0x155500fc7070>>}
01:10 bilby INFO    : Temporary directory incompatible with MPI, will run in original directory
01:10 bilby INFO    : Using output file outdirBNSBu32cores/pm_AT170817/
01:10 bilby INFO    : Single likelihood evaluation took 1.822e-01 s
01:10 bilby WARNING : Supplied argument 'queue_size' not an argument of 'Pymultinest', removing.
01:10 bilby WARNING : Supplied argument 'check_point_delta_t' not an argument of 'Pymultinest', removing.
01:10 bilby INFO    : Using sampler Pymultinest with kwargs {'importance_nested_sampling': False, 'resume': True, 'verbose': True, 'sampling_efficiency': 'parameter', 'n_live_points': 2048, 'n_params': 5, 'n_clustering_params': None, 'wrapped_params': None, 'multimodal': True, 'const_efficiency_mode': False, 'evidence_tolerance': 0.5, 'n_iter_before_update': 100, 'null_log_evidence': -1e+90, 'max_modes': 100, 'mode_tolerance': -1e+90, 'seed': 42, 'context': 0, 'write_output': True, 'log_zero': -1e+100, 'max_iter': 0, 'init_MPI': False, 'dump_callback': <bound method Pymultinest._dump_callback of <bilby.core.sampler.pymultinest.Pymultinest object at 0x155500fc6e90>>}
01:10 bilby INFO    : Temporary directory incompatible with MPI, will run in original directory
01:10 bilby INFO    : Using output file outdirBNSBu32cores/pm_AT170817/
01:10 bilby WARNING : Supplied argument 'queue_size' not an argument of 'Pymultinest', removing.
01:10 bilby WARNING : Supplied argument 'check_point_delta_t' not an argument of 'Pymultinest', removing.
01:10 bilby INFO    : Using sampler Pymultinest with kwargs {'importance_nested_sampling': False, 'resume': True, 'verbose': True, 'sampling_efficiency': 'parameter', 'n_live_points': 2048, 'n_params': 5, 'n_clustering_params': None, 'wrapped_params': None, 'multimodal': True, 'const_efficiency_mode': False, 'evidence_tolerance': 0.5, 'n_iter_before_update': 100, 'null_log_evidence': -1e+90, 'max_modes': 100, 'mode_tolerance': -1e+90, 'seed': 42, 'context': 0, 'write_output': True, 'log_zero': -1e+100, 'max_iter': 0, 'init_MPI': False, 'dump_callback': <bound method Pymultinest._dump_callback of <bilby.core.sampler.pymultinest.Pymultinest object at 0x155500fcafb0>>}
01:10 bilby INFO    : Temporary directory incompatible with MPI, will run in original directory
01:10 bilby INFO    : Using output file outdirBNSBu32cores/pm_AT170817/
01:16 bilby INFO    : Sampling time: 0:06:31.318701
01:16 bilby INFO    : Sampling time: 0:06:32.914372
01:16 bilby INFO    : Sampling time: 0:06:32.817449
01:16 bilby INFO    : Sampling time: 0:06:32.894647
01:16 bilby INFO    : Sampling time: 0:06:33.590415
01:16 bilby INFO    : Sampling time: 0:06:32.896645
01:16 bilby INFO    : Sampling time: 0:06:32.895970
01:16 bilby INFO    : Sampling time: 0:06:33.572839
01:16 bilby INFO    : Sampling time: 0:06:33.662149
01:16 bilby INFO    : Sampling time: 0:06:32.817436
01:16 bilby INFO    : Sampling time: 0:06:32.817551
01:16 bilby INFO    : Sampling time: 0:06:32.817639
Traceback (most recent call last):
Traceback (most recent call last):
  File "/home/thussenot/.conda/envs/multinest/lib/python3.10/shutil.py", line 816, in move
Traceback (most recent call last):
  File "/home/thussenot/.conda/envs/multinest/lib/python3.10/shutil.py", line 816, in move
  File "/home/thussenot/.conda/envs/multinest/lib/python3.10/shutil.py", line 816, in move
    os.rename(src, real_dst)
FileNotFoundError: [Errno 2] No such file or directory: 'outdirBNSBu32cores/AT170817_result.json' -> 'outdirBNSBu32cores/AT170817_result.json.old'

During handling of the above exception, another exception occurred:

Traceback (most recent call last):
  File "/home/thussenot/.conda/envs/multinest/bin/lightcurve-analysis", line 8, in <module>
    os.rename(src, real_dst)
    os.rename(src, real_dst)
FileNotFoundError: [Errno 2] No such file or directory: 'outdirBNSBu32cores/AT170817_result.json' -> 'outdirBNSBu32cores/AT170817_result.json.old'

During handling of the above exception, another exception occurred:

Traceback (most recent call last):
  File "/home/thussenot/.conda/envs/multinest/bin/lightcurve-analysis", line 8, in <module>
FileNotFoundError: [Errno 2] No such file or directory: 'outdirBNSBu32cores/AT170817_result.json' -> 'outdirBNSBu32cores/AT170817_result.json.old'

During handling of the above exception, another exception occurred:

Traceback (most recent call last):
  File "/home/thussenot/.conda/envs/multinest/bin/lightcurve-analysis", line 8, in <module>
    sys.exit(main())
    sys.exit(main())
  File "/home/thussenot/.conda/envs/multinest/lib/python3.10/site-packages/nmma/em/analysis.py", line 1028, in main
  File "/home/thussenot/.conda/envs/multinest/lib/python3.10/site-packages/nmma/em/analysis.py", line 1028, in main
    sys.exit(main())
  File "/home/thussenot/.conda/envs/multinest/lib/python3.10/site-packages/nmma/em/analysis.py", line 1028, in main
    analysis(args)
  File "/home/thussenot/.conda/envs/multinest/lib/python3.10/site-packages/nmma/em/analysis.py", line 712, in analysis
    analysis(args)
    analysis(args)
  File "/home/thussenot/.conda/envs/multinest/lib/python3.10/site-packages/nmma/em/analysis.py", line 712, in analysis
  File "/home/thussenot/.conda/envs/multinest/lib/python3.10/site-packages/nmma/em/analysis.py", line 712, in analysis
    result = bilby.run_sampler(
    result = bilby.run_sampler(
  File "/home/thussenot/.conda/envs/multinest/lib/python3.10/site-packages/bilby/core/sampler/__init__.py", line 262, in run_sampler
    result = bilby.run_sampler(
  File "/home/thussenot/.conda/envs/multinest/lib/python3.10/site-packages/bilby/core/sampler/__init__.py", line 262, in run_sampler
  File "/home/thussenot/.conda/envs/multinest/lib/python3.10/site-packages/bilby/core/sampler/__init__.py", line 262, in run_sampler
    result.save_to_file(extension=save, gzip=gzip, outdir=outdir)
  File "/home/thussenot/.conda/envs/multinest/lib/python3.10/site-packages/bilby/core/result.py", line 783, in save_to_file
    result.save_to_file(extension=save, gzip=gzip, outdir=outdir)
    result.save_to_file(extension=save, gzip=gzip, outdir=outdir)
  File "/home/thussenot/.conda/envs/multinest/lib/python3.10/site-packages/bilby/core/result.py", line 783, in save_to_file
  File "/home/thussenot/.conda/envs/multinest/lib/python3.10/site-packages/bilby/core/result.py", line 783, in save_to_file
    move_old_file(filename, overwrite)
    move_old_file(filename, overwrite)
  File "/home/thussenot/.conda/envs/multinest/lib/python3.10/site-packages/bilby/core/utils/io.py", line 411, in move_old_file
    move_old_file(filename, overwrite)
  File "/home/thussenot/.conda/envs/multinest/lib/python3.10/site-packages/bilby/core/utils/io.py", line 411, in move_old_file
  File "/home/thussenot/.conda/envs/multinest/lib/python3.10/site-packages/bilby/core/utils/io.py", line 411, in move_old_file
    shutil.move(filename, filename + ".old")
  File "/home/thussenot/.conda/envs/multinest/lib/python3.10/shutil.py", line 836, in move
    shutil.move(filename, filename + ".old")
    shutil.move(filename, filename + ".old")
  File "/home/thussenot/.conda/envs/multinest/lib/python3.10/shutil.py", line 836, in move
  File "/home/thussenot/.conda/envs/multinest/lib/python3.10/shutil.py", line 836, in move
    copy_function(src, real_dst)
  File "/home/thussenot/.conda/envs/multinest/lib/python3.10/shutil.py", line 434, in copy2
    copy_function(src, real_dst)
  File "/home/thussenot/.conda/envs/multinest/lib/python3.10/shutil.py", line 434, in copy2
    copy_function(src, real_dst)
  File "/home/thussenot/.conda/envs/multinest/lib/python3.10/shutil.py", line 434, in copy2
    copyfile(src, dst, follow_symlinks=follow_symlinks)
    copyfile(src, dst, follow_symlinks=follow_symlinks)
  File "/home/thussenot/.conda/envs/multinest/lib/python3.10/shutil.py", line 254, in copyfile
    copyfile(src, dst, follow_symlinks=follow_symlinks)
  File "/home/thussenot/.conda/envs/multinest/lib/python3.10/shutil.py", line 254, in copyfile
  File "/home/thussenot/.conda/envs/multinest/lib/python3.10/shutil.py", line 254, in copyfile
    with open(src, 'rb') as fsrc:
    with open(src, 'rb') as fsrc:
FileNotFoundError: [Errno 2] No such file or directory: 'outdirBNSBu32cores/AT170817_result.json'
FileNotFoundError: [Errno 2] No such file or directory: 'outdirBNSBu32cores/AT170817_result.json'
    with open(src, 'rb') as fsrc:
FileNotFoundError: [Errno 2] No such file or directory: 'outdirBNSBu32cores/AT170817_result.json'
01:16 bilby INFO    : Sampling time: 0:06:31.493099
01:16 bilby INFO    : Sampling time: 0:06:31.383801
01:16 bilby INFO    : Sampling time: 0:06:32.861664
01:16 bilby INFO    : Sampling time: 0:06:33.029773
01:16 bilby INFO    : Sampling time: 0:06:32.862379
01:16 bilby INFO    : Sampling time: 0:06:33.659978
01:16 bilby INFO    : Sampling time: 0:06:31.080591
01:16 bilby INFO    : Sampling time: 0:06:31.243079
01:16 bilby INFO    : Sampling time: 0:06:32.862229
01:16 bilby INFO    : Sampling time: 0:06:31.050215
01:16 bilby INFO    : Sampling time: 0:06:31.092375
01:16 bilby INFO    : Sampling time: 0:06:31.243551
Traceback (most recent call last):
  File "/home/thussenot/.conda/envs/multinest/lib/python3.10/shutil.py", line 816, in move
Traceback (most recent call last):
  File "/home/thussenot/.conda/envs/multinest/lib/python3.10/shutil.py", line 816, in move
Traceback (most recent call last):
Traceback (most recent call last):
  File "/home/thussenot/.conda/envs/multinest/lib/python3.10/shutil.py", line 816, in move
Traceback (most recent call last):
  File "/home/thussenot/.conda/envs/multinest/lib/python3.10/shutil.py", line 816, in move
Traceback (most recent call last):
  File "/home/thussenot/.conda/envs/multinest/lib/python3.10/shutil.py", line 816, in move
Traceback (most recent call last):
  File "/home/thussenot/.conda/envs/multinest/lib/python3.10/shutil.py", line 816, in move
Traceback (most recent call last):
  File "/home/thussenot/.conda/envs/multinest/lib/python3.10/shutil.py", line 816, in move
  File "/home/thussenot/.conda/envs/multinest/lib/python3.10/shutil.py", line 816, in move
    os.rename(src, real_dst)
    os.rename(src, real_dst)
FileNotFoundError: [Errno 2] No such file or directory: 'outdirBNSBu32cores/AT170817_result.json' -> 'outdirBNSBu32cores/AT170817_result.json.old'

During handling of the above exception, another exception occurred:

Traceback (most recent call last):
  File "/home/thussenot/.conda/envs/multinest/bin/lightcurve-analysis", line 8, in <module>
    os.rename(src, real_dst)
    os.rename(src, real_dst)
FileNotFoundError: [Errno 2] No such file or directory: 'outdirBNSBu32cores/AT170817_result.json' -> 'outdirBNSBu32cores/AT170817_result.json.old'

During handling of the above exception, another exception occurred:

Traceback (most recent call last):
  File "/home/thussenot/.conda/envs/multinest/bin/lightcurve-analysis", line 8, in <module>
    os.rename(src, real_dst)
FileNotFoundError: [Errno 2] No such file or directory: 'outdirBNSBu32cores/AT170817_result.json' -> 'outdirBNSBu32cores/AT170817_result.json.old'

During handling of the above exception, another exception occurred:

Traceback (most recent call last):
  File "/home/thussenot/.conda/envs/multinest/bin/lightcurve-analysis", line 8, in <module>
FileNotFoundError: [Errno 2] No such file or directory: 'outdirBNSBu32cores/AT170817_result.json' -> 'outdirBNSBu32cores/AT170817_result.json.old'

During handling of the above exception, another exception occurred:

Traceback (most recent call last):
  File "/home/thussenot/.conda/envs/multinest/bin/lightcurve-analysis", line 8, in <module>
    os.rename(src, real_dst)
FileNotFoundError: [Errno 2] No such file or directory: 'outdirBNSBu32cores/AT170817_result.json' -> 'outdirBNSBu32cores/AT170817_result.json.old'
    os.rename(src, real_dst)
FileNotFoundError: [Errno 2] No such file or directory: 'outdirBNSBu32cores/AT170817_result.json' -> 'outdirBNSBu32cores/AT170817_result.json.old'

During handling of the above exception, another exception occurred:

Traceback (most recent call last):

During handling of the above exception, another exception occurred:

Traceback (most recent call last):
  File "/home/thussenot/.conda/envs/multinest/bin/lightcurve-analysis", line 8, in <module>
  File "/home/thussenot/.conda/envs/multinest/bin/lightcurve-analysis", line 8, in <module>
FileNotFoundError: [Errno 2] No such file or directory: 'outdirBNSBu32cores/AT170817_result.json' -> 'outdirBNSBu32cores/AT170817_result.json.old'

During handling of the above exception, another exception occurred:

Traceback (most recent call last):
  File "/home/thussenot/.conda/envs/multinest/bin/lightcurve-analysis", line 8, in <module>
    sys.exit(main())
  File "/home/thussenot/.conda/envs/multinest/lib/python3.10/site-packages/nmma/em/analysis.py", line 1028, in main
    sys.exit(main())
  File "/home/thussenot/.conda/envs/multinest/lib/python3.10/site-packages/nmma/em/analysis.py", line 1028, in main
    sys.exit(main())
  File "/home/thussenot/.conda/envs/multinest/lib/python3.10/site-packages/nmma/em/analysis.py", line 1028, in main
    sys.exit(main())
    sys.exit(main())
  File "/home/thussenot/.conda/envs/multinest/lib/python3.10/site-packages/nmma/em/analysis.py", line 1028, in main
  File "/home/thussenot/.conda/envs/multinest/lib/python3.10/site-packages/nmma/em/analysis.py", line 1028, in main
    os.rename(src, real_dst)
    sys.exit(main())
  File "/home/thussenot/.conda/envs/multinest/lib/python3.10/site-packages/nmma/em/analysis.py", line 1028, in main
FileNotFoundError: [Errno 2] No such file or directory: 'outdirBNSBu32cores/AT170817_result.json' -> 'outdirBNSBu32cores/AT170817_result.json.old'

During handling of the above exception, another exception occurred:

Traceback (most recent call last):
  File "/home/thussenot/.conda/envs/multinest/bin/lightcurve-analysis", line 8, in <module>
    sys.exit(main())
  File "/home/thussenot/.conda/envs/multinest/lib/python3.10/site-packages/nmma/em/analysis.py", line 1028, in main
    sys.exit(main())
    analysis(args)
  File "/home/thussenot/.conda/envs/multinest/lib/python3.10/site-packages/nmma/em/analysis.py", line 712, in analysis
    analysis(args)
  File "/home/thussenot/.conda/envs/multinest/lib/python3.10/site-packages/nmma/em/analysis.py", line 712, in analysis
    analysis(args)
  File "/home/thussenot/.conda/envs/multinest/lib/python3.10/site-packages/nmma/em/analysis.py", line 712, in analysis
    analysis(args)
  File "/home/thussenot/.conda/envs/multinest/lib/python3.10/site-packages/nmma/em/analysis.py", line 712, in analysis
    analysis(args)
  File "/home/thussenot/.conda/envs/multinest/lib/python3.10/site-packages/nmma/em/analysis.py", line 712, in analysis
    analysis(args)
  File "/home/thussenot/.conda/envs/multinest/lib/python3.10/site-packages/nmma/em/analysis.py", line 712, in analysis
    result = bilby.run_sampler(
  File "/home/thussenot/.conda/envs/multinest/lib/python3.10/site-packages/bilby/core/sampler/__init__.py", line 262, in run_sampler
  File "/home/thussenot/.conda/envs/multinest/lib/python3.10/site-packages/nmma/em/analysis.py", line 1028, in main
    analysis(args)
    result = bilby.run_sampler(
  File "/home/thussenot/.conda/envs/multinest/lib/python3.10/site-packages/bilby/core/sampler/__init__.py", line 262, in run_sampler
    result = bilby.run_sampler(
  File "/home/thussenot/.conda/envs/multinest/lib/python3.10/site-packages/bilby/core/sampler/__init__.py", line 262, in run_sampler
    result = bilby.run_sampler(
  File "/home/thussenot/.conda/envs/multinest/lib/python3.10/site-packages/bilby/core/sampler/__init__.py", line 262, in run_sampler
  File "/home/thussenot/.conda/envs/multinest/lib/python3.10/site-packages/nmma/em/analysis.py", line 712, in analysis
    result = bilby.run_sampler(
    result.save_to_file(extension=save, gzip=gzip, outdir=outdir)
  File "/home/thussenot/.conda/envs/multinest/lib/python3.10/site-packages/bilby/core/result.py", line 783, in save_to_file
    result.save_to_file(extension=save, gzip=gzip, outdir=outdir)
  File "/home/thussenot/.conda/envs/multinest/lib/python3.10/site-packages/bilby/core/result.py", line 783, in save_to_file
    result = bilby.run_sampler(
  File "/home/thussenot/.conda/envs/multinest/lib/python3.10/site-packages/bilby/core/sampler/__init__.py", line 262, in run_sampler
01:16 bilby INFO    : Sampling time: 0:06:31.175773
  File "/home/thussenot/.conda/envs/multinest/lib/python3.10/site-packages/bilby/core/sampler/__init__.py", line 262, in run_sampler
    result.save_to_file(extension=save, gzip=gzip, outdir=outdir)
  File "/home/thussenot/.conda/envs/multinest/lib/python3.10/site-packages/bilby/core/result.py", line 783, in save_to_file
    result = bilby.run_sampler(
    analysis(args)
  File "/home/thussenot/.conda/envs/multinest/lib/python3.10/site-packages/nmma/em/analysis.py", line 712, in analysis
  File "/home/thussenot/.conda/envs/multinest/lib/python3.10/site-packages/bilby/core/sampler/__init__.py", line 262, in run_sampler
    result.save_to_file(extension=save, gzip=gzip, outdir=outdir)
  File "/home/thussenot/.conda/envs/multinest/lib/python3.10/site-packages/bilby/core/result.py", line 783, in save_to_file
    result.save_to_file(extension=save, gzip=gzip, outdir=outdir)
  File "/home/thussenot/.conda/envs/multinest/lib/python3.10/site-packages/bilby/core/result.py", line 783, in save_to_file
    move_old_file(filename, overwrite)
  File "/home/thussenot/.conda/envs/multinest/lib/python3.10/site-packages/bilby/core/utils/io.py", line 411, in move_old_file
    result.save_to_file(extension=save, gzip=gzip, outdir=outdir)
  File "/home/thussenot/.conda/envs/multinest/lib/python3.10/site-packages/bilby/core/result.py", line 783, in save_to_file
    move_old_file(filename, overwrite)
  File "/home/thussenot/.conda/envs/multinest/lib/python3.10/site-packages/bilby/core/utils/io.py", line 411, in move_old_file
    move_old_file(filename, overwrite)
    result = bilby.run_sampler(
  File "/home/thussenot/.conda/envs/multinest/lib/python3.10/site-packages/bilby/core/sampler/__init__.py", line 262, in run_sampler
    shutil.move(filename, filename + ".old")
  File "/home/thussenot/.conda/envs/multinest/lib/python3.10/shutil.py", line 836, in move
    shutil.move(filename, filename + ".old")
  File "/home/thussenot/.conda/envs/multinest/lib/python3.10/shutil.py", line 836, in move
    move_old_file(filename, overwrite)
  File "/home/thussenot/.conda/envs/multinest/lib/python3.10/site-packages/bilby/core/utils/io.py", line 411, in move_old_file
    result.save_to_file(extension=save, gzip=gzip, outdir=outdir)
  File "/home/thussenot/.conda/envs/multinest/lib/python3.10/site-packages/bilby/core/result.py", line 783, in save_to_file
    move_old_file(filename, overwrite)
  File "/home/thussenot/.conda/envs/multinest/lib/python3.10/site-packages/bilby/core/utils/io.py", line 411, in move_old_file
    move_old_file(filename, overwrite)
  File "/home/thussenot/.conda/envs/multinest/lib/python3.10/site-packages/bilby/core/utils/io.py", line 411, in move_old_file
    result.save_to_file(extension=save, gzip=gzip, outdir=outdir)
  File "/home/thussenot/.conda/envs/multinest/lib/python3.10/site-packages/bilby/core/result.py", line 783, in save_to_file
  File "/home/thussenot/.conda/envs/multinest/lib/python3.10/site-packages/bilby/core/utils/io.py", line 411, in move_old_file
    shutil.move(filename, filename + ".old")
  File "/home/thussenot/.conda/envs/multinest/lib/python3.10/shutil.py", line 836, in move
    copy_function(src, real_dst)
  File "/home/thussenot/.conda/envs/multinest/lib/python3.10/shutil.py", line 434, in copy2
    copy_function(src, real_dst)
    shutil.move(filename, filename + ".old")
  File "/home/thussenot/.conda/envs/multinest/lib/python3.10/shutil.py", line 836, in move
    move_old_file(filename, overwrite)
  File "/home/thussenot/.conda/envs/multinest/lib/python3.10/site-packages/bilby/core/utils/io.py", line 411, in move_old_file
    shutil.move(filename, filename + ".old")
  File "/home/thussenot/.conda/envs/multinest/lib/python3.10/shutil.py", line 836, in move
  File "/home/thussenot/.conda/envs/multinest/lib/python3.10/shutil.py", line 434, in copy2
    shutil.move(filename, filename + ".old")
    move_old_file(filename, overwrite)
  File "/home/thussenot/.conda/envs/multinest/lib/python3.10/site-packages/bilby/core/utils/io.py", line 411, in move_old_file
    copyfile(src, dst, follow_symlinks=follow_symlinks)
  File "/home/thussenot/.conda/envs/multinest/lib/python3.10/shutil.py", line 254, in copyfile
  File "/home/thussenot/.conda/envs/multinest/lib/python3.10/shutil.py", line 836, in move
    shutil.move(filename, filename + ".old")
    copy_function(src, real_dst)
  File "/home/thussenot/.conda/envs/multinest/lib/python3.10/shutil.py", line 434, in copy2
    copy_function(src, real_dst)
  File "/home/thussenot/.conda/envs/multinest/lib/python3.10/shutil.py", line 434, in copy2
  File "/home/thussenot/.conda/envs/multinest/lib/python3.10/shutil.py", line 836, in move
    copy_function(src, real_dst)
  File "/home/thussenot/.conda/envs/multinest/lib/python3.10/shutil.py", line 434, in copy2
    copyfile(src, dst, follow_symlinks=follow_symlinks)
  File "/home/thussenot/.conda/envs/multinest/lib/python3.10/shutil.py", line 254, in copyfile
    shutil.move(filename, filename + ".old")
  File "/home/thussenot/.conda/envs/multinest/lib/python3.10/shutil.py", line 836, in move
    with open(src, 'rb') as fsrc:
FileNotFoundError: [Errno 2] No such file or directory: 'outdirBNSBu32cores/AT170817_result.json'
    copyfile(src, dst, follow_symlinks=follow_symlinks)
  File "/home/thussenot/.conda/envs/multinest/lib/python3.10/shutil.py", line 254, in copyfile
    copy_function(src, real_dst)
  File "/home/thussenot/.conda/envs/multinest/lib/python3.10/shutil.py", line 434, in copy2
    copyfile(src, dst, follow_symlinks=follow_symlinks)
  File "/home/thussenot/.conda/envs/multinest/lib/python3.10/shutil.py", line 254, in copyfile
    copyfile(src, dst, follow_symlinks=follow_symlinks)
    with open(src, 'rb') as fsrc:
FileNotFoundError: [Errno 2] No such file or directory: 'outdirBNSBu32cores/AT170817_result.json'
01:16 bilby INFO    : Sampling time: 0:06:31.176620
    copy_function(src, real_dst)
  File "/home/thussenot/.conda/envs/multinest/lib/python3.10/shutil.py", line 434, in copy2
  File "/home/thussenot/.conda/envs/multinest/lib/python3.10/shutil.py", line 254, in copyfile
    copy_function(src, real_dst)
  File "/home/thussenot/.conda/envs/multinest/lib/python3.10/shutil.py", line 434, in copy2
    with open(src, 'rb') as fsrc:
FileNotFoundError: [Errno 2] No such file or directory: 'outdirBNSBu32cores/AT170817_result.json'
    with open(src, 'rb') as fsrc:
FileNotFoundError: [Errno 2] No such file or directory: 'outdirBNSBu32cores/AT170817_result.json'
    copyfile(src, dst, follow_symlinks=follow_symlinks)
  File "/home/thussenot/.conda/envs/multinest/lib/python3.10/shutil.py", line 254, in copyfile
    copyfile(src, dst, follow_symlinks=follow_symlinks)
    copyfile(src, dst, follow_symlinks=follow_symlinks)
  File "/home/thussenot/.conda/envs/multinest/lib/python3.10/shutil.py", line 254, in copyfile
  File "/home/thussenot/.conda/envs/multinest/lib/python3.10/shutil.py", line 254, in copyfile
    with open(src, 'rb') as fsrc:
FileNotFoundError: [Errno 2] No such file or directory: 'outdirBNSBu32cores/AT170817_result.json'
    with open(src, 'rb') as fsrc:
FileNotFoundError: [Errno 2] No such file or directory: 'outdirBNSBu32cores/AT170817_result.json'
    with open(src, 'rb') as fsrc:
FileNotFoundError: [Errno 2] No such file or directory: 'outdirBNSBu32cores/AT170817_result.json'
    with open(src, 'rb') as fsrc:
FileNotFoundError: [Errno 2] No such file or directory: 'outdirBNSBu32cores/AT170817_result.json'
01:16 bilby INFO    : Sampling time: 0:06:31.243436
01:16 bilby INFO    : Sampling time: 0:06:31.371849
01:16 bilby INFO    : Sampling time: 0:06:31.098120
01:16 bilby INFO    : Sampling time: 0:06:31.243500
01:16 bilby INFO    : Sampling time: 0:06:31.366445
01:16 bilby INFO    : Sampling time: 0:06:31.204300
01:16 bilby ERROR   : 

Saving the data has failed with the following message:
[Errno 116] Stale file handle
Data has been dumped to outdirBNSBu32cores/AT170817_result.pkl.


Traceback (most recent call last):
  File "/home/thussenot/.conda/envs/multinest/lib/python3.10/shutil.py", line 816, in move
Traceback (most recent call last):
  File "/home/thussenot/.conda/envs/multinest/lib/python3.10/shutil.py", line 816, in move
Traceback (most recent call last):
  File "/home/thussenot/.conda/envs/multinest/lib/python3.10/shutil.py", line 816, in move
    os.rename(src, real_dst)
FileNotFoundError: [Errno 2] No such file or directory: 'outdirBNSBu32cores/AT170817_result.json' -> 'outdirBNSBu32cores/AT170817_result.json.old'

During handling of the above exception, another exception occurred:

Traceback (most recent call last):
  File "/home/thussenot/.conda/envs/multinest/bin/lightcurve-analysis", line 8, in <module>
    os.rename(src, real_dst)
    os.rename(src, real_dst)
FileNotFoundError: [Errno 2] No such file or directory: 'outdirBNSBu32cores/AT170817_result.json' -> 'outdirBNSBu32cores/AT170817_result.json.old'

During handling of the above exception, another exception occurred:

Traceback (most recent call last):
  File "/home/thussenot/.conda/envs/multinest/bin/lightcurve-analysis", line 8, in <module>
FileNotFoundError: [Errno 2] No such file or directory: 'outdirBNSBu32cores/AT170817_result.json' -> 'outdirBNSBu32cores/AT170817_result.json.old'

During handling of the above exception, another exception occurred:

Traceback (most recent call last):
  File "/home/thussenot/.conda/envs/multinest/bin/lightcurve-analysis", line 8, in <module>
    sys.exit(main())
  File "/home/thussenot/.conda/envs/multinest/lib/python3.10/site-packages/nmma/em/analysis.py", line 1028, in main
    sys.exit(main())
  File "/home/thussenot/.conda/envs/multinest/lib/python3.10/site-packages/nmma/em/analysis.py", line 1028, in main
    sys.exit(main())
  File "/home/thussenot/.conda/envs/multinest/lib/python3.10/site-packages/nmma/em/analysis.py", line 1028, in main
    analysis(args)
  File "/home/thussenot/.conda/envs/multinest/lib/python3.10/site-packages/nmma/em/analysis.py", line 712, in analysis
    analysis(args)
  File "/home/thussenot/.conda/envs/multinest/lib/python3.10/site-packages/nmma/em/analysis.py", line 712, in analysis
    analysis(args)
  File "/home/thussenot/.conda/envs/multinest/lib/python3.10/site-packages/nmma/em/analysis.py", line 712, in analysis
    result = bilby.run_sampler(
  File "/home/thussenot/.conda/envs/multinest/lib/python3.10/site-packages/bilby/core/sampler/__init__.py", line 262, in run_sampler
    result = bilby.run_sampler(
  File "/home/thussenot/.conda/envs/multinest/lib/python3.10/site-packages/bilby/core/sampler/__init__.py", line 262, in run_sampler
    result = bilby.run_sampler(
  File "/home/thussenot/.conda/envs/multinest/lib/python3.10/site-packages/bilby/core/sampler/__init__.py", line 262, in run_sampler
    result.save_to_file(extension=save, gzip=gzip, outdir=outdir)
  File "/home/thussenot/.conda/envs/multinest/lib/python3.10/site-packages/bilby/core/result.py", line 783, in save_to_file
    result.save_to_file(extension=save, gzip=gzip, outdir=outdir)
  File "/home/thussenot/.conda/envs/multinest/lib/python3.10/site-packages/bilby/core/result.py", line 783, in save_to_file
    result.save_to_file(extension=save, gzip=gzip, outdir=outdir)
  File "/home/thussenot/.conda/envs/multinest/lib/python3.10/site-packages/bilby/core/result.py", line 783, in save_to_file
    move_old_file(filename, overwrite)
  File "/home/thussenot/.conda/envs/multinest/lib/python3.10/site-packages/bilby/core/utils/io.py", line 411, in move_old_file
    move_old_file(filename, overwrite)
  File "/home/thussenot/.conda/envs/multinest/lib/python3.10/site-packages/bilby/core/utils/io.py", line 411, in move_old_file
    move_old_file(filename, overwrite)
  File "/home/thussenot/.conda/envs/multinest/lib/python3.10/site-packages/bilby/core/utils/io.py", line 411, in move_old_file
    shutil.move(filename, filename + ".old")
  File "/home/thussenot/.conda/envs/multinest/lib/python3.10/shutil.py", line 836, in move
    shutil.move(filename, filename + ".old")
  File "/home/thussenot/.conda/envs/multinest/lib/python3.10/shutil.py", line 836, in move
    shutil.move(filename, filename + ".old")
  File "/home/thussenot/.conda/envs/multinest/lib/python3.10/shutil.py", line 836, in move
    copy_function(src, real_dst)
  File "/home/thussenot/.conda/envs/multinest/lib/python3.10/shutil.py", line 435, in copy2
    copy_function(src, real_dst)
  File "/home/thussenot/.conda/envs/multinest/lib/python3.10/shutil.py", line 435, in copy2
    copystat(src, dst, follow_symlinks=follow_symlinks)
  File "/home/thussenot/.conda/envs/multinest/lib/python3.10/shutil.py", line 372, in copystat
    copy_function(src, real_dst)
  File "/home/thussenot/.conda/envs/multinest/lib/python3.10/shutil.py", line 435, in copy2
    copystat(src, dst, follow_symlinks=follow_symlinks)
  File "/home/thussenot/.conda/envs/multinest/lib/python3.10/shutil.py", line 378, in copystat
    st = lookup("stat")(src, follow_symlinks=follow)
FileNotFoundError: [Errno 2] No such file or directory: 'outdirBNSBu32cores/AT170817_result.json'
    copystat(src, dst, follow_symlinks=follow_symlinks)
  File "/home/thussenot/.conda/envs/multinest/lib/python3.10/shutil.py", line 378, in copystat
    _copyxattr(src, dst, follow_symlinks=follow)
  File "/home/thussenot/.conda/envs/multinest/lib/python3.10/shutil.py", line 320, in _copyxattr
    _copyxattr(src, dst, follow_symlinks=follow)
  File "/home/thussenot/.conda/envs/multinest/lib/python3.10/shutil.py", line 320, in _copyxattr
    names = os.listxattr(src, follow_symlinks=follow_symlinks)
FileNotFoundError: [Errno 2] No such file or directory: 'outdirBNSBu32cores/AT170817_result.json'
    names = os.listxattr(src, follow_symlinks=follow_symlinks)
FileNotFoundError: [Errno 2] No such file or directory: 'outdirBNSBu32cores/AT170817_result.json'
Traceback (most recent call last):
  File "/home/thussenot/.conda/envs/multinest/lib/python3.10/shutil.py", line 816, in move
    os.rename(src, real_dst)
FileNotFoundError: [Errno 2] No such file or directory: 'outdirBNSBu32cores/AT170817_result.json' -> 'outdirBNSBu32cores/AT170817_result.json.old'

During handling of the above exception, another exception occurred:

Traceback (most recent call last):
  File "/home/thussenot/.conda/envs/multinest/bin/lightcurve-analysis", line 8, in <module>
    sys.exit(main())
  File "/home/thussenot/.conda/envs/multinest/lib/python3.10/site-packages/nmma/em/analysis.py", line 1028, in main
    analysis(args)
  File "/home/thussenot/.conda/envs/multinest/lib/python3.10/site-packages/nmma/em/analysis.py", line 712, in analysis
    result = bilby.run_sampler(
  File "/home/thussenot/.conda/envs/multinest/lib/python3.10/site-packages/bilby/core/sampler/__init__.py", line 262, in run_sampler
    result.save_to_file(extension=save, gzip=gzip, outdir=outdir)
  File "/home/thussenot/.conda/envs/multinest/lib/python3.10/site-packages/bilby/core/result.py", line 783, in save_to_file
    move_old_file(filename, overwrite)
  File "/home/thussenot/.conda/envs/multinest/lib/python3.10/site-packages/bilby/core/utils/io.py", line 411, in move_old_file
    shutil.move(filename, filename + ".old")
  File "/home/thussenot/.conda/envs/multinest/lib/python3.10/shutil.py", line 836, in move
    copy_function(src, real_dst)
  File "/home/thussenot/.conda/envs/multinest/lib/python3.10/shutil.py", line 435, in copy2
    copystat(src, dst, follow_symlinks=follow_symlinks)
  File "/home/thussenot/.conda/envs/multinest/lib/python3.10/shutil.py", line 378, in copystat
    _copyxattr(src, dst, follow_symlinks=follow)
  File "/home/thussenot/.conda/envs/multinest/lib/python3.10/shutil.py", line 320, in _copyxattr
    names = os.listxattr(src, follow_symlinks=follow_symlinks)
FileNotFoundError: [Errno 2] No such file or directory: 'outdirBNSBu32cores/AT170817_result.json'
Traceback (most recent call last):
  File "/home/thussenot/.conda/envs/multinest/lib/python3.10/site-packages/bilby/core/result.py", line 805, in save_to_file
Traceback (most recent call last):
  File "/home/thussenot/.conda/envs/multinest/lib/python3.10/site-packages/bilby/core/result.py", line 805, in save_to_file
    with open(filename, 'w') as file:
OSError: [Errno 116] Stale file handle

During handling of the above exception, another exception occurred:

Traceback (most recent call last):
  File "/home/thussenot/.conda/envs/multinest/lib/python3.10/shutil.py", line 816, in move
    with open(filename, 'w') as file:
OSError: [Errno 116] Stale file handle

During handling of the above exception, another exception occurred:

Traceback (most recent call last):
  File "/home/thussenot/.conda/envs/multinest/lib/python3.10/shutil.py", line 816, in move
    os.rename(src, real_dst)
FileNotFoundError: [Errno 2] No such file or directory: 'outdirBNSBu32cores/AT170817_result.pkl.temp' -> 'outdirBNSBu32cores/AT170817_result.pkl'

During handling of the above exception, another exception occurred:

Traceback (most recent call last):
  File "/home/thussenot/.conda/envs/multinest/bin/lightcurve-analysis", line 8, in <module>
    os.rename(src, real_dst)
FileNotFoundError: [Errno 2] No such file or directory: 'outdirBNSBu32cores/AT170817_result.pkl.temp' -> 'outdirBNSBu32cores/AT170817_result.pkl'

During handling of the above exception, another exception occurred:

Traceback (most recent call last):
  File "/home/thussenot/.conda/envs/multinest/bin/lightcurve-analysis", line 8, in <module>
    sys.exit(main())
  File "/home/thussenot/.conda/envs/multinest/lib/python3.10/site-packages/nmma/em/analysis.py", line 1028, in main
    sys.exit(main())
  File "/home/thussenot/.conda/envs/multinest/lib/python3.10/site-packages/nmma/em/analysis.py", line 1028, in main
    analysis(args)
  File "/home/thussenot/.conda/envs/multinest/lib/python3.10/site-packages/nmma/em/analysis.py", line 712, in analysis
    analysis(args)
  File "/home/thussenot/.conda/envs/multinest/lib/python3.10/site-packages/nmma/em/analysis.py", line 712, in analysis
    result = bilby.run_sampler(
  File "/home/thussenot/.conda/envs/multinest/lib/python3.10/site-packages/bilby/core/sampler/__init__.py", line 262, in run_sampler
    result = bilby.run_sampler(
  File "/home/thussenot/.conda/envs/multinest/lib/python3.10/site-packages/bilby/core/sampler/__init__.py", line 262, in run_sampler
    result.save_to_file(extension=save, gzip=gzip, outdir=outdir)
  File "/home/thussenot/.conda/envs/multinest/lib/python3.10/site-packages/bilby/core/result.py", line 819, in save_to_file
    result.save_to_file(extension=save, gzip=gzip, outdir=outdir)
  File "/home/thussenot/.conda/envs/multinest/lib/python3.10/site-packages/bilby/core/result.py", line 819, in save_to_file
    safe_file_dump(self, filename, "dill")
  File "/home/thussenot/.conda/envs/multinest/lib/python3.10/site-packages/bilby/core/utils/io.py", line 389, in safe_file_dump
    safe_file_dump(self, filename, "dill")
  File "/home/thussenot/.conda/envs/multinest/lib/python3.10/site-packages/bilby/core/utils/io.py", line 389, in safe_file_dump
    shutil.move(temp_filename, filename)
  File "/home/thussenot/.conda/envs/multinest/lib/python3.10/shutil.py", line 836, in move
    shutil.move(temp_filename, filename)
  File "/home/thussenot/.conda/envs/multinest/lib/python3.10/shutil.py", line 836, in move
    copy_function(src, real_dst)
  File "/home/thussenot/.conda/envs/multinest/lib/python3.10/shutil.py", line 434, in copy2
    copy_function(src, real_dst)
  File "/home/thussenot/.conda/envs/multinest/lib/python3.10/shutil.py", line 434, in copy2
    copyfile(src, dst, follow_symlinks=follow_symlinks)
  File "/home/thussenot/.conda/envs/multinest/lib/python3.10/shutil.py", line 254, in copyfile
    copyfile(src, dst, follow_symlinks=follow_symlinks)
  File "/home/thussenot/.conda/envs/multinest/lib/python3.10/shutil.py", line 254, in copyfile
    with open(src, 'rb') as fsrc:
FileNotFoundError: [Errno 2] No such file or directory: 'outdirBNSBu32cores/AT170817_result.pkl.temp'
    with open(src, 'rb') as fsrc:
FileNotFoundError: [Errno 2] No such file or directory: 'outdirBNSBu32cores/AT170817_result.pkl.temp'
Traceback (most recent call last):
  File "/home/thussenot/.conda/envs/multinest/lib/python3.10/shutil.py", line 816, in move
    os.rename(src, real_dst)
FileNotFoundError: [Errno 2] No such file or directory: 'outdirBNSBu32cores/AT170817_result.json' -> 'outdirBNSBu32cores/AT170817_result.json.old'

During handling of the above exception, another exception occurred:

Traceback (most recent call last):
  File "/home/thussenot/.conda/envs/multinest/bin/lightcurve-analysis", line 8, in <module>
    sys.exit(main())
  File "/home/thussenot/.conda/envs/multinest/lib/python3.10/site-packages/nmma/em/analysis.py", line 1028, in main
    analysis(args)
  File "/home/thussenot/.conda/envs/multinest/lib/python3.10/site-packages/nmma/em/analysis.py", line 712, in analysis
    result = bilby.run_sampler(
  File "/home/thussenot/.conda/envs/multinest/lib/python3.10/site-packages/bilby/core/sampler/__init__.py", line 262, in run_sampler
    result.save_to_file(extension=save, gzip=gzip, outdir=outdir)
  File "/home/thussenot/.conda/envs/multinest/lib/python3.10/site-packages/bilby/core/result.py", line 783, in save_to_file
    move_old_file(filename, overwrite)
  File "/home/thussenot/.conda/envs/multinest/lib/python3.10/site-packages/bilby/core/utils/io.py", line 411, in move_old_file
    shutil.move(filename, filename + ".old")
  File "/home/thussenot/.conda/envs/multinest/lib/python3.10/shutil.py", line 836, in move
    copy_function(src, real_dst)
  File "/home/thussenot/.conda/envs/multinest/lib/python3.10/shutil.py", line 435, in copy2
    copystat(src, dst, follow_symlinks=follow_symlinks)
  File "/home/thussenot/.conda/envs/multinest/lib/python3.10/shutil.py", line 378, in copystat
    _copyxattr(src, dst, follow_symlinks=follow)
  File "/home/thussenot/.conda/envs/multinest/lib/python3.10/shutil.py", line 320, in _copyxattr
    names = os.listxattr(src, follow_symlinks=follow_symlinks)
FileNotFoundError: [Errno 2] No such file or directory: 'outdirBNSBu32cores/AT170817_result.json'
Traceback (most recent call last):
  File "/home/thussenot/.conda/envs/multinest/lib/python3.10/site-packages/bilby/core/result.py", line 806, in save_to_file
Traceback (most recent call last):
  File "/home/thussenot/.conda/envs/multinest/lib/python3.10/site-packages/bilby/core/result.py", line 806, in save_to_file
OSError: [Errno 5] Input/output error

During handling of the above exception, another exception occurred:

Traceback (most recent call last):
  File "/home/thussenot/.conda/envs/multinest/lib/python3.10/site-packages/bilby/core/result.py", line 805, in save_to_file
OSError: [Errno 5] Input/output error

During handling of the above exception, another exception occurred:

Traceback (most recent call last):
  File "/home/thussenot/.conda/envs/multinest/lib/python3.10/site-packages/bilby/core/result.py", line 805, in save_to_file
Traceback (most recent call last):
  File "/home/thussenot/.conda/envs/multinest/lib/python3.10/site-packages/bilby/core/result.py", line 806, in save_to_file
    json.dump(dictionary, file, indent=2, cls=BilbyJsonEncoder)
  File "/home/thussenot/.conda/envs/multinest/lib/python3.10/json/__init__.py", line 180, in dump
    json.dump(dictionary, file, indent=2, cls=BilbyJsonEncoder)
  File "/home/thussenot/.conda/envs/multinest/lib/python3.10/json/__init__.py", line 180, in dump
    with open(filename, 'w') as file:
OSError: [Errno 116] Stale file handle

During handling of the above exception, another exception occurred:

Traceback (most recent call last):
  File "/home/thussenot/.conda/envs/multinest/lib/python3.10/shutil.py", line 816, in move
    json.dump(dictionary, file, indent=2, cls=BilbyJsonEncoder)
  File "/home/thussenot/.conda/envs/multinest/lib/python3.10/json/__init__.py", line 180, in dump
    with open(filename, 'w') as file:
OSError: [Errno 116] Stale file handle

During handling of the above exception, another exception occurred:

Traceback (most recent call last):
  File "/home/thussenot/.conda/envs/multinest/lib/python3.10/shutil.py", line 816, in move
    os.rename(src, real_dst)
FileNotFoundError: [Errno 2] No such file or directory: 'outdirBNSBu32cores/AT170817_result.pkl.temp' -> 'outdirBNSBu32cores/AT170817_result.pkl'

During handling of the above exception, another exception occurred:

Traceback (most recent call last):
  File "/home/thussenot/.conda/envs/multinest/bin/lightcurve-analysis", line 8, in <module>
    os.rename(src, real_dst)
FileNotFoundError: [Errno 2] No such file or directory: 'outdirBNSBu32cores/AT170817_result.pkl.temp' -> 'outdirBNSBu32cores/AT170817_result.pkl'

During handling of the above exception, another exception occurred:

Traceback (most recent call last):
  File "/home/thussenot/.conda/envs/multinest/bin/lightcurve-analysis", line 8, in <module>
    fp.write(chunk)
OSError: [Errno 5] Input/output error

During handling of the above exception, another exception occurred:

OSError: [Errno 5] Input/output error

During handling of the above exception, another exception occurred:

    fp.write(chunk)
OSError: [Errno 5] Input/output error

During handling of the above exception, another exception occurred:

OSError: [Errno 5] Input/output error

During handling of the above exception, another exception occurred:

Traceback (most recent call last):
    fp.write(chunk)
OSError: [Errno 5] Input/output error

During handling of the above exception, another exception occurred:

OSError: [Errno 5] Input/output error

During handling of the above exception, another exception occurred:

Traceback (most recent call last):
  File "/home/thussenot/.conda/envs/multinest/lib/python3.10/site-packages/bilby/core/result.py", line 805, in save_to_file
Traceback (most recent call last):
  File "/home/thussenot/.conda/envs/multinest/lib/python3.10/site-packages/bilby/core/result.py", line 805, in save_to_file
  File "/home/thussenot/.conda/envs/multinest/lib/python3.10/site-packages/bilby/core/result.py", line 805, in save_to_file
    sys.exit(main())
  File "/home/thussenot/.conda/envs/multinest/lib/python3.10/site-packages/nmma/em/analysis.py", line 1028, in main
    sys.exit(main())
  File "/home/thussenot/.conda/envs/multinest/lib/python3.10/site-packages/nmma/em/analysis.py", line 1028, in main
    with open(filename, 'w') as file:
OSError: [Errno 116] Stale file handle

During handling of the above exception, another exception occurred:

Traceback (most recent call last):
  File "/home/thussenot/.conda/envs/multinest/lib/python3.10/shutil.py", line 816, in move
    with open(filename, 'w') as file:
OSError: [Errno 116] Stale file handle

During handling of the above exception, another exception occurred:

Traceback (most recent call last):
  File "/home/thussenot/.conda/envs/multinest/lib/python3.10/shutil.py", line 816, in move
    with open(filename, 'w') as file:
OSError: [Errno 116] Stale file handle

During handling of the above exception, another exception occurred:

Traceback (most recent call last):
  File "/home/thussenot/.conda/envs/multinest/lib/python3.10/shutil.py", line 816, in move
    analysis(args)
  File "/home/thussenot/.conda/envs/multinest/lib/python3.10/site-packages/nmma/em/analysis.py", line 712, in analysis
    os.rename(src, real_dst)
FileNotFoundError: [Errno 2] No such file or directory: 'outdirBNSBu32cores/AT170817_result.pkl.temp' -> 'outdirBNSBu32cores/AT170817_result.pkl'

During handling of the above exception, another exception occurred:

Traceback (most recent call last):
  File "/home/thussenot/.conda/envs/multinest/bin/lightcurve-analysis", line 8, in <module>
    analysis(args)
  File "/home/thussenot/.conda/envs/multinest/lib/python3.10/site-packages/nmma/em/analysis.py", line 712, in analysis
    os.rename(src, real_dst)
FileNotFoundError: [Errno 2] No such file or directory: 'outdirBNSBu32cores/AT170817_result.pkl.temp' -> 'outdirBNSBu32cores/AT170817_result.pkl'

During handling of the above exception, another exception occurred:

Traceback (most recent call last):
    os.rename(src, real_dst)
FileNotFoundError: [Errno 2] No such file or directory: 'outdirBNSBu32cores/AT170817_result.pkl.temp' -> 'outdirBNSBu32cores/AT170817_result.pkl'

During handling of the above exception, another exception occurred:

Traceback (most recent call last):
  File "/home/thussenot/.conda/envs/multinest/bin/lightcurve-analysis", line 8, in <module>
  File "/home/thussenot/.conda/envs/multinest/bin/lightcurve-analysis", line 8, in <module>
    result = bilby.run_sampler(
  File "/home/thussenot/.conda/envs/multinest/lib/python3.10/site-packages/bilby/core/sampler/__init__.py", line 262, in run_sampler
    sys.exit(main())
  File "/home/thussenot/.conda/envs/multinest/lib/python3.10/site-packages/nmma/em/analysis.py", line 1028, in main
    sys.exit(main())
  File "/home/thussenot/.conda/envs/multinest/lib/python3.10/site-packages/nmma/em/analysis.py", line 1028, in main
    result = bilby.run_sampler(
  File "/home/thussenot/.conda/envs/multinest/lib/python3.10/site-packages/bilby/core/sampler/__init__.py", line 262, in run_sampler
    sys.exit(main())
  File "/home/thussenot/.conda/envs/multinest/lib/python3.10/site-packages/nmma/em/analysis.py", line 1028, in main
    result.save_to_file(extension=save, gzip=gzip, outdir=outdir)
  File "/home/thussenot/.conda/envs/multinest/lib/python3.10/site-packages/bilby/core/result.py", line 819, in save_to_file
    result.save_to_file(extension=save, gzip=gzip, outdir=outdir)
  File "/home/thussenot/.conda/envs/multinest/lib/python3.10/site-packages/bilby/core/result.py", line 819, in save_to_file
    analysis(args)
  File "/home/thussenot/.conda/envs/multinest/lib/python3.10/site-packages/nmma/em/analysis.py", line 712, in analysis
    analysis(args)
  File "/home/thussenot/.conda/envs/multinest/lib/python3.10/site-packages/nmma/em/analysis.py", line 712, in analysis
    analysis(args)
  File "/home/thussenot/.conda/envs/multinest/lib/python3.10/site-packages/nmma/em/analysis.py", line 712, in analysis
    safe_file_dump(self, filename, "dill")
  File "/home/thussenot/.conda/envs/multinest/lib/python3.10/site-packages/bilby/core/utils/io.py", line 389, in safe_file_dump
    safe_file_dump(self, filename, "dill")
  File "/home/thussenot/.conda/envs/multinest/lib/python3.10/site-packages/bilby/core/utils/io.py", line 389, in safe_file_dump
    result = bilby.run_sampler(
  File "/home/thussenot/.conda/envs/multinest/lib/python3.10/site-packages/bilby/core/sampler/__init__.py", line 262, in run_sampler
    result = bilby.run_sampler(
  File "/home/thussenot/.conda/envs/multinest/lib/python3.10/site-packages/bilby/core/sampler/__init__.py", line 262, in run_sampler
    shutil.move(temp_filename, filename)
  File "/home/thussenot/.conda/envs/multinest/lib/python3.10/shutil.py", line 836, in move
    shutil.move(temp_filename, filename)
  File "/home/thussenot/.conda/envs/multinest/lib/python3.10/shutil.py", line 836, in move
    result = bilby.run_sampler(
  File "/home/thussenot/.conda/envs/multinest/lib/python3.10/site-packages/bilby/core/sampler/__init__.py", line 262, in run_sampler
    result.save_to_file(extension=save, gzip=gzip, outdir=outdir)
  File "/home/thussenot/.conda/envs/multinest/lib/python3.10/site-packages/bilby/core/result.py", line 819, in save_to_file
    result.save_to_file(extension=save, gzip=gzip, outdir=outdir)
  File "/home/thussenot/.conda/envs/multinest/lib/python3.10/site-packages/bilby/core/result.py", line 819, in save_to_file
    copy_function(src, real_dst)
  File "/home/thussenot/.conda/envs/multinest/lib/python3.10/shutil.py", line 434, in copy2
    result.save_to_file(extension=save, gzip=gzip, outdir=outdir)
  File "/home/thussenot/.conda/envs/multinest/lib/python3.10/site-packages/bilby/core/result.py", line 819, in save_to_file
    copy_function(src, real_dst)
  File "/home/thussenot/.conda/envs/multinest/lib/python3.10/shutil.py", line 434, in copy2
    safe_file_dump(self, filename, "dill")
  File "/home/thussenot/.conda/envs/multinest/lib/python3.10/site-packages/bilby/core/utils/io.py", line 389, in safe_file_dump
    safe_file_dump(self, filename, "dill")
  File "/home/thussenot/.conda/envs/multinest/lib/python3.10/site-packages/bilby/core/utils/io.py", line 389, in safe_file_dump
    copyfile(src, dst, follow_symlinks=follow_symlinks)
  File "/home/thussenot/.conda/envs/multinest/lib/python3.10/shutil.py", line 254, in copyfile
    safe_file_dump(self, filename, "dill")
  File "/home/thussenot/.conda/envs/multinest/lib/python3.10/site-packages/bilby/core/utils/io.py", line 389, in safe_file_dump
    with open(src, 'rb') as fsrc:
FileNotFoundError: [Errno 2] No such file or directory: 'outdirBNSBu32cores/AT170817_result.pkl.temp'
    copyfile(src, dst, follow_symlinks=follow_symlinks)
  File "/home/thussenot/.conda/envs/multinest/lib/python3.10/shutil.py", line 254, in copyfile
    shutil.move(temp_filename, filename)
  File "/home/thussenot/.conda/envs/multinest/lib/python3.10/shutil.py", line 836, in move
    shutil.move(temp_filename, filename)
  File "/home/thussenot/.conda/envs/multinest/lib/python3.10/shutil.py", line 836, in move
    shutil.move(temp_filename, filename)
  File "/home/thussenot/.conda/envs/multinest/lib/python3.10/shutil.py", line 836, in move
    copy_function(src, real_dst)
  File "/home/thussenot/.conda/envs/multinest/lib/python3.10/shutil.py", line 434, in copy2
    with open(src, 'rb') as fsrc:
FileNotFoundError: [Errno 2] No such file or directory: 'outdirBNSBu32cores/AT170817_result.pkl.temp'
    copy_function(src, real_dst)
  File "/home/thussenot/.conda/envs/multinest/lib/python3.10/shutil.py", line 434, in copy2
    copyfile(src, dst, follow_symlinks=follow_symlinks)
  File "/home/thussenot/.conda/envs/multinest/lib/python3.10/shutil.py", line 254, in copyfile
    copy_function(src, real_dst)
  File "/home/thussenot/.conda/envs/multinest/lib/python3.10/shutil.py", line 434, in copy2
    with open(src, 'rb') as fsrc:
FileNotFoundError: [Errno 2] No such file or directory: 'outdirBNSBu32cores/AT170817_result.pkl.temp'
    copyfile(src, dst, follow_symlinks=follow_symlinks)
  File "/home/thussenot/.conda/envs/multinest/lib/python3.10/shutil.py", line 254, in copyfile
    copyfile(src, dst, follow_symlinks=follow_symlinks)
  File "/home/thussenot/.conda/envs/multinest/lib/python3.10/shutil.py", line 254, in copyfile
    with open(src, 'rb') as fsrc:
FileNotFoundError: [Errno 2] No such file or directory: 'outdirBNSBu32cores/AT170817_result.pkl.temp'
    with open(src, 'rb') as fsrc:
FileNotFoundError: [Errno 2] No such file or directory: 'outdirBNSBu32cores/AT170817_result.pkl.temp'
Traceback (most recent call last):
  File "/home/thussenot/.conda/envs/multinest/lib/python3.10/shutil.py", line 816, in move
    os.rename(src, real_dst)
FileNotFoundError: [Errno 2] No such file or directory: 'outdirBNSBu32cores/AT170817_result.json' -> 'outdirBNSBu32cores/AT170817_result.json.old'

During handling of the above exception, another exception occurred:

Traceback (most recent call last):
  File "/home/thussenot/.conda/envs/multinest/bin/lightcurve-analysis", line 8, in <module>
    sys.exit(main())
  File "/home/thussenot/.conda/envs/multinest/lib/python3.10/site-packages/nmma/em/analysis.py", line 1028, in main
    analysis(args)
  File "/home/thussenot/.conda/envs/multinest/lib/python3.10/site-packages/nmma/em/analysis.py", line 712, in analysis
    result = bilby.run_sampler(
  File "/home/thussenot/.conda/envs/multinest/lib/python3.10/site-packages/bilby/core/sampler/__init__.py", line 262, in run_sampler
    result.save_to_file(extension=save, gzip=gzip, outdir=outdir)
  File "/home/thussenot/.conda/envs/multinest/lib/python3.10/site-packages/bilby/core/result.py", line 783, in save_to_file
    move_old_file(filename, overwrite)
  File "/home/thussenot/.conda/envs/multinest/lib/python3.10/site-packages/bilby/core/utils/io.py", line 411, in move_old_file
    shutil.move(filename, filename + ".old")
  File "/home/thussenot/.conda/envs/multinest/lib/python3.10/shutil.py", line 837, in move
    os.unlink(src)
FileNotFoundError: [Errno 2] No such file or directory: 'outdirBNSBu32cores/AT170817_result.json'
01:16 bilby INFO    : Summary of results:
nsamples: 11669
ln_noise_evidence:  0.000
ln_evidence: -65.198 +/-  0.057
ln_bayes_factor: -65.198 +/-  0.057

01:16 bilby INFO    : Writing samples file to /home/thussenot/kilonovae-H0/170817/Bu2019full_MWcorrected/1errtightangle_JHK/outdirBNSBu32cores/AT170817_posterior_samples.dat
01:16 bilby INFO    : Summary of results:
nsamples: 11669
ln_noise_evidence:  0.000
ln_evidence: -65.198 +/-  0.057
ln_bayes_factor: -65.198 +/-  0.057

01:16 bilby INFO    : Summary of results:
nsamples: 11669
ln_noise_evidence:  0.000
ln_evidence: -65.198 +/-  0.057
ln_bayes_factor: -65.198 +/-  0.057

01:16 bilby INFO    : Summary of results:
nsamples: 11669
ln_noise_evidence:  0.000
ln_evidence: -65.198 +/-  0.057
ln_bayes_factor: -65.198 +/-  0.057

01:16 bilby INFO    : Summary of results:
nsamples: 11669
ln_noise_evidence:  0.000
ln_evidence: -65.198 +/-  0.057
ln_bayes_factor: -65.198 +/-  0.057

01:16 bilby INFO    : Summary of results:
nsamples: 11669
ln_noise_evidence:  0.000
ln_evidence: -65.198 +/-  0.057
ln_bayes_factor: -65.198 +/-  0.057

01:16 bilby INFO    : Summary of results:
nsamples: 11669
ln_noise_evidence:  0.000
ln_evidence: -65.198 +/-  0.057
ln_bayes_factor: -65.198 +/-  0.057

01:16 bilby INFO    : Summary of results:
nsamples: 11669
ln_noise_evidence:  0.000
ln_evidence: -65.198 +/-  0.057
ln_bayes_factor: -65.198 +/-  0.057

--------------------------------------------------------------------------
Primary job  terminated normally, but 1 process returned
a non-zero exit code. Per user-direction, the job has been aborted.
--------------------------------------------------------------------------
--------------------------------------------------------------------------
mpiexec detected that one or more processes exited with non-zero status, thus causing
the job to be terminated. The first process to do so was:

  Process name: [[4307,1],31]
  Exit code:    1
--------------------------------------------------------------------------
