/home/thussenot/.conda/envs/multinest/lib/python3.10/site-packages/sklearn/base.py:329: UserWarning: Trying to unpickle estimator GaussianProcessRegressor from version 1.0.2 when using version 1.1.3. This might lead to breaking code or invalid results. Use at your own risk. For more info please refer to:
https://scikit-learn.org/stable/model_persistence.html#security-maintainability-limitations
  warnings.warn(
/home/thussenot/.conda/envs/multinest/lib/python3.10/site-packages/sklearn/base.py:329: UserWarning: Trying to unpickle estimator GaussianProcessRegressor from version 1.0.2 when using version 1.1.3. This might lead to breaking code or invalid results. Use at your own risk. For more info please refer to:
https://scikit-learn.org/stable/model_persistence.html#security-maintainability-limitations
  warnings.warn(
/home/thussenot/.conda/envs/multinest/lib/python3.10/site-packages/sklearn/base.py:329: UserWarning: Trying to unpickle estimator GaussianProcessRegressor from version 1.0.2 when using version 1.1.3. This might lead to breaking code or invalid results. Use at your own risk. For more info please refer to:
https://scikit-learn.org/stable/model_persistence.html#security-maintainability-limitations
  warnings.warn(
/home/thussenot/.conda/envs/multinest/lib/python3.10/site-packages/sklearn/base.py:329: UserWarning: Trying to unpickle estimator GaussianProcessRegressor from version 1.0.2 when using version 1.1.3. This might lead to breaking code or invalid results. Use at your own risk. For more info please refer to:
https://scikit-learn.org/stable/model_persistence.html#security-maintainability-limitations
  warnings.warn(
/home/thussenot/.conda/envs/multinest/lib/python3.10/site-packages/sklearn/base.py:329: UserWarning: Trying to unpickle estimator GaussianProcessRegressor from version 1.0.2 when using version 1.1.3. This might lead to breaking code or invalid results. Use at your own risk. For more info please refer to:
https://scikit-learn.org/stable/model_persistence.html#security-maintainability-limitations
  warnings.warn(
/home/thussenot/.conda/envs/multinest/lib/python3.10/site-packages/sklearn/base.py:329: UserWarning: Trying to unpickle estimator GaussianProcessRegressor from version 1.0.2 when using version 1.1.3. This might lead to breaking code or invalid results. Use at your own risk. For more info please refer to:
https://scikit-learn.org/stable/model_persistence.html#security-maintainability-limitations
  warnings.warn(
/home/thussenot/.conda/envs/multinest/lib/python3.10/site-packages/sklearn/base.py:329: UserWarning: Trying to unpickle estimator GaussianProcessRegressor from version 1.0.2 when using version 1.1.3. This might lead to breaking code or invalid results. Use at your own risk. For more info please refer to:
https://scikit-learn.org/stable/model_persistence.html#security-maintainability-limitations
  warnings.warn(
/home/thussenot/.conda/envs/multinest/lib/python3.10/site-packages/sklearn/base.py:329: UserWarning: Trying to unpickle estimator GaussianProcessRegressor from version 1.0.2 when using version 1.1.3. This might lead to breaking code or invalid results. Use at your own risk. For more info please refer to:
https://scikit-learn.org/stable/model_persistence.html#security-maintainability-limitations
  warnings.warn(
/home/thussenot/.conda/envs/multinest/lib/python3.10/site-packages/sklearn/base.py:329: UserWarning: Trying to unpickle estimator GaussianProcessRegressor from version 1.0.2 when using version 1.1.3. This might lead to breaking code or invalid results. Use at your own risk. For more info please refer to:
https://scikit-learn.org/stable/model_persistence.html#security-maintainability-limitations
  warnings.warn(
/home/thussenot/.conda/envs/multinest/lib/python3.10/site-packages/sklearn/base.py:329: UserWarning: Trying to unpickle estimator GaussianProcessRegressor from version 1.0.2 when using version 1.1.3. This might lead to breaking code or invalid results. Use at your own risk. For more info please refer to:
https://scikit-learn.org/stable/model_persistence.html#security-maintainability-limitations
  warnings.warn(
/home/thussenot/.conda/envs/multinest/lib/python3.10/site-packages/sklearn/base.py:329: UserWarning: Trying to unpickle estimator GaussianProcessRegressor from version 1.0.2 when using version 1.1.3. This might lead to breaking code or invalid results. Use at your own risk. For more info please refer to:
https://scikit-learn.org/stable/model_persistence.html#security-maintainability-limitations
  warnings.warn(
/home/thussenot/.conda/envs/multinest/lib/python3.10/site-packages/sklearn/base.py:329: UserWarning: Trying to unpickle estimator GaussianProcessRegressor from version 1.0.2 when using version 1.1.3. This might lead to breaking code or invalid results. Use at your own risk. For more info please refer to:
https://scikit-learn.org/stable/model_persistence.html#security-maintainability-limitations
  warnings.warn(
/home/thussenot/.conda/envs/multinest/lib/python3.10/site-packages/sklearn/base.py:329: UserWarning: Trying to unpickle estimator GaussianProcessRegressor from version 1.0.2 when using version 1.1.3. This might lead to breaking code or invalid results. Use at your own risk. For more info please refer to:
https://scikit-learn.org/stable/model_persistence.html#security-maintainability-limitations
  warnings.warn(
/home/thussenot/.conda/envs/multinest/lib/python3.10/site-packages/sklearn/base.py:329: UserWarning: Trying to unpickle estimator GaussianProcessRegressor from version 1.0.2 when using version 1.1.3. This might lead to breaking code or invalid results. Use at your own risk. For more info please refer to:
https://scikit-learn.org/stable/model_persistence.html#security-maintainability-limitations
  warnings.warn(
/home/thussenot/.conda/envs/multinest/lib/python3.10/site-packages/sklearn/base.py:329: UserWarning: Trying to unpickle estimator GaussianProcessRegressor from version 1.0.2 when using version 1.1.3. This might lead to breaking code or invalid results. Use at your own risk. For more info please refer to:
https://scikit-learn.org/stable/model_persistence.html#security-maintainability-limitations
  warnings.warn(
/home/thussenot/.conda/envs/multinest/lib/python3.10/site-packages/sklearn/base.py:329: UserWarning: Trying to unpickle estimator GaussianProcessRegressor from version 1.0.2 when using version 1.1.3. This might lead to breaking code or invalid results. Use at your own risk. For more info please refer to:
https://scikit-learn.org/stable/model_persistence.html#security-maintainability-limitations
  warnings.warn(
/home/thussenot/.conda/envs/multinest/lib/python3.10/site-packages/sklearn/base.py:329: UserWarning: Trying to unpickle estimator GaussianProcessRegressor from version 1.0.2 when using version 1.1.3. This might lead to breaking code or invalid results. Use at your own risk. For more info please refer to:
https://scikit-learn.org/stable/model_persistence.html#security-maintainability-limitations
  warnings.warn(
/home/thussenot/.conda/envs/multinest/lib/python3.10/site-packages/sklearn/base.py:329: UserWarning: Trying to unpickle estimator GaussianProcessRegressor from version 1.0.2 when using version 1.1.3. This might lead to breaking code or invalid results. Use at your own risk. For more info please refer to:
https://scikit-learn.org/stable/model_persistence.html#security-maintainability-limitations
  warnings.warn(
/home/thussenot/.conda/envs/multinest/lib/python3.10/site-packages/sklearn/base.py:329: UserWarning: Trying to unpickle estimator GaussianProcessRegressor from version 1.0.2 when using version 1.1.3. This might lead to breaking code or invalid results. Use at your own risk. For more info please refer to:
https://scikit-learn.org/stable/model_persistence.html#security-maintainability-limitations
  warnings.warn(
/home/thussenot/.conda/envs/multinest/lib/python3.10/site-packages/sklearn/base.py:329: UserWarning: Trying to unpickle estimator GaussianProcessRegressor from version 1.0.2 when using version 1.1.3. This might lead to breaking code or invalid results. Use at your own risk. For more info please refer to:
https://scikit-learn.org/stable/model_persistence.html#security-maintainability-limitations
  warnings.warn(
/home/thussenot/.conda/envs/multinest/lib/python3.10/site-packages/sklearn/base.py:329: UserWarning: Trying to unpickle estimator GaussianProcessRegressor from version 1.0.2 when using version 1.1.3. This might lead to breaking code or invalid results. Use at your own risk. For more info please refer to:
https://scikit-learn.org/stable/model_persistence.html#security-maintainability-limitations
  warnings.warn(
/home/thussenot/.conda/envs/multinest/lib/python3.10/site-packages/sklearn/base.py:329: UserWarning: Trying to unpickle estimator GaussianProcessRegressor from version 1.0.2 when using version 1.1.3. This might lead to breaking code or invalid results. Use at your own risk. For more info please refer to:
https://scikit-learn.org/stable/model_persistence.html#security-maintainability-limitations
  warnings.warn(
/home/thussenot/.conda/envs/multinest/lib/python3.10/site-packages/sklearn/base.py:329: UserWarning: Trying to unpickle estimator GaussianProcessRegressor from version 1.0.2 when using version 1.1.3. This might lead to breaking code or invalid results. Use at your own risk. For more info please refer to:
https://scikit-learn.org/stable/model_persistence.html#security-maintainability-limitations
  warnings.warn(
/home/thussenot/.conda/envs/multinest/lib/python3.10/site-packages/sklearn/base.py:329: UserWarning: Trying to unpickle estimator GaussianProcessRegressor from version 1.0.2 when using version 1.1.3. This might lead to breaking code or invalid results. Use at your own risk. For more info please refer to:
https://scikit-learn.org/stable/model_persistence.html#security-maintainability-limitations
  warnings.warn(
/home/thussenot/.conda/envs/multinest/lib/python3.10/site-packages/sklearn/base.py:329: UserWarning: Trying to unpickle estimator GaussianProcessRegressor from version 1.0.2 when using version 1.1.3. This might lead to breaking code or invalid results. Use at your own risk. For more info please refer to:
https://scikit-learn.org/stable/model_persistence.html#security-maintainability-limitations
  warnings.warn(
/home/thussenot/.conda/envs/multinest/lib/python3.10/site-packages/sklearn/base.py:329: UserWarning: Trying to unpickle estimator GaussianProcessRegressor from version 1.0.2 when using version 1.1.3. This might lead to breaking code or invalid results. Use at your own risk. For more info please refer to:
https://scikit-learn.org/stable/model_persistence.html#security-maintainability-limitations
  warnings.warn(
/home/thussenot/.conda/envs/multinest/lib/python3.10/site-packages/sklearn/base.py:329: UserWarning: Trying to unpickle estimator GaussianProcessRegressor from version 1.0.2 when using version 1.1.3. This might lead to breaking code or invalid results. Use at your own risk. For more info please refer to:
https://scikit-learn.org/stable/model_persistence.html#security-maintainability-limitations
  warnings.warn(
/home/thussenot/.conda/envs/multinest/lib/python3.10/site-packages/sklearn/base.py:329: UserWarning: Trying to unpickle estimator GaussianProcessRegressor from version 1.0.2 when using version 1.1.3. This might lead to breaking code or invalid results. Use at your own risk. For more info please refer to:
https://scikit-learn.org/stable/model_persistence.html#security-maintainability-limitations
  warnings.warn(
/home/thussenot/.conda/envs/multinest/lib/python3.10/site-packages/sklearn/base.py:329: UserWarning: Trying to unpickle estimator GaussianProcessRegressor from version 1.0.2 when using version 1.1.3. This might lead to breaking code or invalid results. Use at your own risk. For more info please refer to:
https://scikit-learn.org/stable/model_persistence.html#security-maintainability-limitations
  warnings.warn(
/home/thussenot/.conda/envs/multinest/lib/python3.10/site-packages/sklearn/base.py:329: UserWarning: Trying to unpickle estimator GaussianProcessRegressor from version 1.0.2 when using version 1.1.3. This might lead to breaking code or invalid results. Use at your own risk. For more info please refer to:
https://scikit-learn.org/stable/model_persistence.html#security-maintainability-limitations
  warnings.warn(
/home/thussenot/.conda/envs/multinest/lib/python3.10/site-packages/sklearn/base.py:329: UserWarning: Trying to unpickle estimator GaussianProcessRegressor from version 1.0.2 when using version 1.1.3. This might lead to breaking code or invalid results. Use at your own risk. For more info please refer to:
https://scikit-learn.org/stable/model_persistence.html#security-maintainability-limitations
  warnings.warn(
/home/thussenot/.conda/envs/multinest/lib/python3.10/site-packages/sklearn/base.py:329: UserWarning: Trying to unpickle estimator GaussianProcessRegressor from version 1.0.2 when using version 1.1.3. This might lead to breaking code or invalid results. Use at your own risk. For more info please refer to:
https://scikit-learn.org/stable/model_persistence.html#security-maintainability-limitations
  warnings.warn(
04:32 bilby INFO    : Running for label 'AT170817', output will be saved to 'outdirBNSBu32cores'
04:32 bilby INFO    : Running for label 'AT170817', output will be saved to 'outdirBNSBu32cores'
04:32 bilby INFO    : Running for label 'AT170817', output will be saved to 'outdirBNSBu32cores'
04:32 bilby INFO    : Running for label 'AT170817', output will be saved to 'outdirBNSBu32cores'
04:32 bilby INFO    : Running for label 'AT170817', output will be saved to 'outdirBNSBu32cores'
04:32 bilby INFO    : Running for label 'AT170817', output will be saved to 'outdirBNSBu32cores'
04:32 bilby INFO    : Running for label 'AT170817', output will be saved to 'outdirBNSBu32cores'
04:32 bilby INFO    : Running for label 'AT170817', output will be saved to 'outdirBNSBu32cores'
04:32 bilby INFO    : Running for label 'AT170817', output will be saved to 'outdirBNSBu32cores'
04:32 bilby INFO    : Running for label 'AT170817', output will be saved to 'outdirBNSBu32cores'
04:32 bilby INFO    : Running for label 'AT170817', output will be saved to 'outdirBNSBu32cores'
04:32 bilby INFO    : Running for label 'AT170817', output will be saved to 'outdirBNSBu32cores'
04:32 bilby INFO    : Running for label 'AT170817', output will be saved to 'outdirBNSBu32cores'
04:32 bilby INFO    : Running for label 'AT170817', output will be saved to 'outdirBNSBu32cores'
04:32 bilby INFO    : Running for label 'AT170817', output will be saved to 'outdirBNSBu32cores'
04:32 bilby INFO    : Running for label 'AT170817', output will be saved to 'outdirBNSBu32cores'
04:32 bilby INFO    : Running for label 'AT170817', output will be saved to 'outdirBNSBu32cores'
04:32 bilby INFO    : Running for label 'AT170817', output will be saved to 'outdirBNSBu32cores'
04:32 bilby INFO    : Running for label 'AT170817', output will be saved to 'outdirBNSBu32cores'
04:32 bilby INFO    : Running for label 'AT170817', output will be saved to 'outdirBNSBu32cores'
04:32 bilby INFO    : Running for label 'AT170817', output will be saved to 'outdirBNSBu32cores'
04:32 bilby INFO    : Running for label 'AT170817', output will be saved to 'outdirBNSBu32cores'
04:32 bilby INFO    : Running for label 'AT170817', output will be saved to 'outdirBNSBu32cores'
04:32 bilby INFO    : Running for label 'AT170817', output will be saved to 'outdirBNSBu32cores'
04:32 bilby INFO    : Running for label 'AT170817', output will be saved to 'outdirBNSBu32cores'
04:32 bilby INFO    : Running for label 'AT170817', output will be saved to 'outdirBNSBu32cores'
04:32 bilby INFO    : Running for label 'AT170817', output will be saved to 'outdirBNSBu32cores'
04:32 bilby INFO    : Running for label 'AT170817', output will be saved to 'outdirBNSBu32cores'
04:32 bilby INFO    : Running for label 'AT170817', output will be saved to 'outdirBNSBu32cores'
04:32 bilby INFO    : Running for label 'AT170817', output will be saved to 'outdirBNSBu32cores'
04:32 bilby INFO    : Running for label 'AT170817', output will be saved to 'outdirBNSBu32cores'
04:32 bilby INFO    : Running for label 'AT170817', output will be saved to 'outdirBNSBu32cores'
04:33 bilby INFO    : Analysis priors:
04:33 bilby INFO    : Analysis priors:
04:33 bilby INFO    : Analysis priors:
04:33 bilby INFO    : Analysis priors:
04:33 bilby INFO    : Analysis priors:
04:33 bilby INFO    : Analysis priors:
04:33 bilby INFO    : Analysis priors:
04:33 bilby INFO    : Analysis priors:
04:33 bilby INFO    : Analysis priors:
04:33 bilby INFO    : Analysis priors:
04:33 bilby INFO    : Analysis priors:
04:33 bilby INFO    : Analysis priors:
04:33 bilby INFO    : Analysis priors:
04:33 bilby INFO    : Analysis priors:
04:33 bilby INFO    : Analysis priors:
04:33 bilby INFO    : Analysis priors:
04:33 bilby INFO    : Analysis priors:
04:33 bilby INFO    : Analysis priors:
04:33 bilby INFO    : Analysis priors:
04:33 bilby INFO    : Analysis priors:
04:33 bilby INFO    : Analysis priors:
04:33 bilby INFO    : Analysis priors:
04:33 bilby INFO    : Analysis priors:
04:33 bilby INFO    : Analysis priors:
04:33 bilby INFO    : Analysis priors:
04:33 bilby INFO    : Analysis priors:
04:33 bilby INFO    : Analysis priors:
04:33 bilby INFO    : Analysis priors:
04:33 bilby INFO    : Analysis priors:
04:33 bilby INFO    : Analysis priors:
04:33 bilby INFO    : Analysis priors:
04:33 bilby INFO    : Analysis priors:
04:33 bilby INFO    : KNphi=Uniform(minimum=15.0, maximum=30.0, name='KNphi', latex_label='$\\Phi$', unit=None, boundary=None)
04:33 bilby INFO    : KNphi=Uniform(minimum=15.0, maximum=30.0, name='KNphi', latex_label='$\\Phi$', unit=None, boundary=None)
04:33 bilby INFO    : KNphi=Uniform(minimum=15.0, maximum=30.0, name='KNphi', latex_label='$\\Phi$', unit=None, boundary=None)
04:33 bilby INFO    : KNphi=Uniform(minimum=15.0, maximum=30.0, name='KNphi', latex_label='$\\Phi$', unit=None, boundary=None)
04:33 bilby INFO    : KNphi=Uniform(minimum=15.0, maximum=30.0, name='KNphi', latex_label='$\\Phi$', unit=None, boundary=None)
04:33 bilby INFO    : KNphi=Uniform(minimum=15.0, maximum=30.0, name='KNphi', latex_label='$\\Phi$', unit=None, boundary=None)
04:33 bilby INFO    : KNphi=Uniform(minimum=15.0, maximum=30.0, name='KNphi', latex_label='$\\Phi$', unit=None, boundary=None)
04:33 bilby INFO    : KNphi=Uniform(minimum=15.0, maximum=30.0, name='KNphi', latex_label='$\\Phi$', unit=None, boundary=None)
04:33 bilby INFO    : KNphi=Uniform(minimum=15.0, maximum=30.0, name='KNphi', latex_label='$\\Phi$', unit=None, boundary=None)
04:33 bilby INFO    : KNphi=Uniform(minimum=15.0, maximum=30.0, name='KNphi', latex_label='$\\Phi$', unit=None, boundary=None)
04:33 bilby INFO    : KNphi=Uniform(minimum=15.0, maximum=30.0, name='KNphi', latex_label='$\\Phi$', unit=None, boundary=None)
04:33 bilby INFO    : KNphi=Uniform(minimum=15.0, maximum=30.0, name='KNphi', latex_label='$\\Phi$', unit=None, boundary=None)
04:33 bilby INFO    : KNphi=Uniform(minimum=15.0, maximum=30.0, name='KNphi', latex_label='$\\Phi$', unit=None, boundary=None)
04:33 bilby INFO    : KNphi=Uniform(minimum=15.0, maximum=30.0, name='KNphi', latex_label='$\\Phi$', unit=None, boundary=None)
04:33 bilby INFO    : log10_mej_dyn=Uniform(minimum=-3.0, maximum=-1.0, name='log10_mej_dyn', latex_label='$\\log_{10}M^{\\rm{dyn}}_{\\rm{ej}}$', unit=None, boundary='reflective')
04:33 bilby INFO    : log10_mej_dyn=Uniform(minimum=-3.0, maximum=-1.0, name='log10_mej_dyn', latex_label='$\\log_{10}M^{\\rm{dyn}}_{\\rm{ej}}$', unit=None, boundary='reflective')
04:33 bilby INFO    : KNphi=Uniform(minimum=15.0, maximum=30.0, name='KNphi', latex_label='$\\Phi$', unit=None, boundary=None)
04:33 bilby INFO    : KNphi=Uniform(minimum=15.0, maximum=30.0, name='KNphi', latex_label='$\\Phi$', unit=None, boundary=None)
04:33 bilby INFO    : log10_mej_dyn=Uniform(minimum=-3.0, maximum=-1.0, name='log10_mej_dyn', latex_label='$\\log_{10}M^{\\rm{dyn}}_{\\rm{ej}}$', unit=None, boundary='reflective')
04:33 bilby INFO    : log10_mej_dyn=Uniform(minimum=-3.0, maximum=-1.0, name='log10_mej_dyn', latex_label='$\\log_{10}M^{\\rm{dyn}}_{\\rm{ej}}$', unit=None, boundary='reflective')
04:33 bilby INFO    : log10_mej_dyn=Uniform(minimum=-3.0, maximum=-1.0, name='log10_mej_dyn', latex_label='$\\log_{10}M^{\\rm{dyn}}_{\\rm{ej}}$', unit=None, boundary='reflective')
04:33 bilby INFO    : log10_mej_dyn=Uniform(minimum=-3.0, maximum=-1.0, name='log10_mej_dyn', latex_label='$\\log_{10}M^{\\rm{dyn}}_{\\rm{ej}}$', unit=None, boundary='reflective')
04:33 bilby INFO    : KNphi=Uniform(minimum=15.0, maximum=30.0, name='KNphi', latex_label='$\\Phi$', unit=None, boundary=None)
04:33 bilby INFO    : log10_mej_dyn=Uniform(minimum=-3.0, maximum=-1.0, name='log10_mej_dyn', latex_label='$\\log_{10}M^{\\rm{dyn}}_{\\rm{ej}}$', unit=None, boundary='reflective')
04:33 bilby INFO    : KNphi=Uniform(minimum=15.0, maximum=30.0, name='KNphi', latex_label='$\\Phi$', unit=None, boundary=None)
04:33 bilby INFO    : log10_mej_dyn=Uniform(minimum=-3.0, maximum=-1.0, name='log10_mej_dyn', latex_label='$\\log_{10}M^{\\rm{dyn}}_{\\rm{ej}}$', unit=None, boundary='reflective')
04:33 bilby INFO    : log10_mej_dyn=Uniform(minimum=-3.0, maximum=-1.0, name='log10_mej_dyn', latex_label='$\\log_{10}M^{\\rm{dyn}}_{\\rm{ej}}$', unit=None, boundary='reflective')
04:33 bilby INFO    : log10_mej_dyn=Uniform(minimum=-3.0, maximum=-1.0, name='log10_mej_dyn', latex_label='$\\log_{10}M^{\\rm{dyn}}_{\\rm{ej}}$', unit=None, boundary='reflective')
04:33 bilby INFO    : KNphi=Uniform(minimum=15.0, maximum=30.0, name='KNphi', latex_label='$\\Phi$', unit=None, boundary=None)
04:33 bilby INFO    : KNphi=Uniform(minimum=15.0, maximum=30.0, name='KNphi', latex_label='$\\Phi$', unit=None, boundary=None)
04:33 bilby INFO    : log10_mej_dyn=Uniform(minimum=-3.0, maximum=-1.0, name='log10_mej_dyn', latex_label='$\\log_{10}M^{\\rm{dyn}}_{\\rm{ej}}$', unit=None, boundary='reflective')
04:33 bilby INFO    : KNphi=Uniform(minimum=15.0, maximum=30.0, name='KNphi', latex_label='$\\Phi$', unit=None, boundary=None)
04:33 bilby INFO    : log10_mej_dyn=Uniform(minimum=-3.0, maximum=-1.0, name='log10_mej_dyn', latex_label='$\\log_{10}M^{\\rm{dyn}}_{\\rm{ej}}$', unit=None, boundary='reflective')
04:33 bilby INFO    : log10_mej_wind=Uniform(minimum=-3.0, maximum=-1, name='log10_mej_wind', latex_label='$\\log_{10}M^{\\rm{wind}}_{\\rm{ej}}$', unit=None, boundary='reflective')
04:33 bilby INFO    : log10_mej_dyn=Uniform(minimum=-3.0, maximum=-1.0, name='log10_mej_dyn', latex_label='$\\log_{10}M^{\\rm{dyn}}_{\\rm{ej}}$', unit=None, boundary='reflective')
04:33 bilby INFO    : log10_mej_wind=Uniform(minimum=-3.0, maximum=-1, name='log10_mej_wind', latex_label='$\\log_{10}M^{\\rm{wind}}_{\\rm{ej}}$', unit=None, boundary='reflective')
04:33 bilby INFO    : log10_mej_dyn=Uniform(minimum=-3.0, maximum=-1.0, name='log10_mej_dyn', latex_label='$\\log_{10}M^{\\rm{dyn}}_{\\rm{ej}}$', unit=None, boundary='reflective')
04:33 bilby INFO    : KNphi=Uniform(minimum=15.0, maximum=30.0, name='KNphi', latex_label='$\\Phi$', unit=None, boundary=None)
04:33 bilby INFO    : log10_mej_dyn=Uniform(minimum=-3.0, maximum=-1.0, name='log10_mej_dyn', latex_label='$\\log_{10}M^{\\rm{dyn}}_{\\rm{ej}}$', unit=None, boundary='reflective')
04:33 bilby INFO    : log10_mej_wind=Uniform(minimum=-3.0, maximum=-1, name='log10_mej_wind', latex_label='$\\log_{10}M^{\\rm{wind}}_{\\rm{ej}}$', unit=None, boundary='reflective')
04:33 bilby INFO    : log10_mej_dyn=Uniform(minimum=-3.0, maximum=-1.0, name='log10_mej_dyn', latex_label='$\\log_{10}M^{\\rm{dyn}}_{\\rm{ej}}$', unit=None, boundary='reflective')
04:33 bilby INFO    : log10_mej_wind=Uniform(minimum=-3.0, maximum=-1, name='log10_mej_wind', latex_label='$\\log_{10}M^{\\rm{wind}}_{\\rm{ej}}$', unit=None, boundary='reflective')
04:33 bilby INFO    : log10_mej_wind=Uniform(minimum=-3.0, maximum=-1, name='log10_mej_wind', latex_label='$\\log_{10}M^{\\rm{wind}}_{\\rm{ej}}$', unit=None, boundary='reflective')
04:33 bilby INFO    : log10_mej_wind=Uniform(minimum=-3.0, maximum=-1, name='log10_mej_wind', latex_label='$\\log_{10}M^{\\rm{wind}}_{\\rm{ej}}$', unit=None, boundary='reflective')
04:33 bilby INFO    : log10_mej_wind=Uniform(minimum=-3.0, maximum=-1, name='log10_mej_wind', latex_label='$\\log_{10}M^{\\rm{wind}}_{\\rm{ej}}$', unit=None, boundary='reflective')
04:33 bilby INFO    : log10_mej_wind=Uniform(minimum=-3.0, maximum=-1, name='log10_mej_wind', latex_label='$\\log_{10}M^{\\rm{wind}}_{\\rm{ej}}$', unit=None, boundary='reflective')
04:33 bilby INFO    : log10_mej_wind=Uniform(minimum=-3.0, maximum=-1, name='log10_mej_wind', latex_label='$\\log_{10}M^{\\rm{wind}}_{\\rm{ej}}$', unit=None, boundary='reflective')
04:33 bilby INFO    : log10_mej_wind=Uniform(minimum=-3.0, maximum=-1, name='log10_mej_wind', latex_label='$\\log_{10}M^{\\rm{wind}}_{\\rm{ej}}$', unit=None, boundary='reflective')
04:33 bilby INFO    : log10_mej_dyn=Uniform(minimum=-3.0, maximum=-1.0, name='log10_mej_dyn', latex_label='$\\log_{10}M^{\\rm{dyn}}_{\\rm{ej}}$', unit=None, boundary='reflective')
04:33 bilby INFO    : log10_mej_wind=Uniform(minimum=-3.0, maximum=-1, name='log10_mej_wind', latex_label='$\\log_{10}M^{\\rm{wind}}_{\\rm{ej}}$', unit=None, boundary='reflective')
04:33 bilby INFO    : log10_mej_dyn=Uniform(minimum=-3.0, maximum=-1.0, name='log10_mej_dyn', latex_label='$\\log_{10}M^{\\rm{dyn}}_{\\rm{ej}}$', unit=None, boundary='reflective')
04:33 bilby INFO    : log10_mej_wind=Uniform(minimum=-3.0, maximum=-1, name='log10_mej_wind', latex_label='$\\log_{10}M^{\\rm{wind}}_{\\rm{ej}}$', unit=None, boundary='reflective')
04:33 bilby INFO    : log10_mej_dyn=Uniform(minimum=-3.0, maximum=-1.0, name='log10_mej_dyn', latex_label='$\\log_{10}M^{\\rm{dyn}}_{\\rm{ej}}$', unit=None, boundary='reflective')
04:33 bilby INFO    : log10_mej_dyn=Uniform(minimum=-3.0, maximum=-1.0, name='log10_mej_dyn', latex_label='$\\log_{10}M^{\\rm{dyn}}_{\\rm{ej}}$', unit=None, boundary='reflective')
04:33 bilby INFO    : KNphi=Uniform(minimum=15.0, maximum=30.0, name='KNphi', latex_label='$\\Phi$', unit=None, boundary=None)
04:33 bilby INFO    : log10_mej_dyn=Uniform(minimum=-3.0, maximum=-1.0, name='log10_mej_dyn', latex_label='$\\log_{10}M^{\\rm{dyn}}_{\\rm{ej}}$', unit=None, boundary='reflective')
04:33 bilby INFO    : log10_mej_wind=Uniform(minimum=-3.0, maximum=-1, name='log10_mej_wind', latex_label='$\\log_{10}M^{\\rm{wind}}_{\\rm{ej}}$', unit=None, boundary='reflective')
04:33 bilby INFO    : KNphi=Uniform(minimum=15.0, maximum=30.0, name='KNphi', latex_label='$\\Phi$', unit=None, boundary=None)
04:33 bilby INFO    : inclination_EM=Sine(minimum=0.0, maximum=0.1308996938995747, name='inclination_EM', latex_label='$\\iota$', unit=None, boundary=None)
04:33 bilby INFO    : KNphi=Uniform(minimum=15.0, maximum=30.0, name='KNphi', latex_label='$\\Phi$', unit=None, boundary=None)
04:33 bilby INFO    : KNphi=Uniform(minimum=15.0, maximum=30.0, name='KNphi', latex_label='$\\Phi$', unit=None, boundary=None)
04:33 bilby INFO    : inclination_EM=Sine(minimum=0.0, maximum=0.1308996938995747, name='inclination_EM', latex_label='$\\iota$', unit=None, boundary=None)
04:33 bilby INFO    : KNphi=Uniform(minimum=15.0, maximum=30.0, name='KNphi', latex_label='$\\Phi$', unit=None, boundary=None)
04:33 bilby INFO    : log10_mej_wind=Uniform(minimum=-3.0, maximum=-1, name='log10_mej_wind', latex_label='$\\log_{10}M^{\\rm{wind}}_{\\rm{ej}}$', unit=None, boundary='reflective')
04:33 bilby INFO    : inclination_EM=Sine(minimum=0.0, maximum=0.1308996938995747, name='inclination_EM', latex_label='$\\iota$', unit=None, boundary=None)
04:33 bilby INFO    : log10_mej_wind=Uniform(minimum=-3.0, maximum=-1, name='log10_mej_wind', latex_label='$\\log_{10}M^{\\rm{wind}}_{\\rm{ej}}$', unit=None, boundary='reflective')
04:33 bilby INFO    : KNphi=Uniform(minimum=15.0, maximum=30.0, name='KNphi', latex_label='$\\Phi$', unit=None, boundary=None)
04:33 bilby INFO    : log10_mej_dyn=Uniform(minimum=-3.0, maximum=-1.0, name='log10_mej_dyn', latex_label='$\\log_{10}M^{\\rm{dyn}}_{\\rm{ej}}$', unit=None, boundary='reflective')
04:33 bilby INFO    : KNphi=Uniform(minimum=15.0, maximum=30.0, name='KNphi', latex_label='$\\Phi$', unit=None, boundary=None)
04:33 bilby INFO    : inclination_EM=Sine(minimum=0.0, maximum=0.1308996938995747, name='inclination_EM', latex_label='$\\iota$', unit=None, boundary=None)
04:33 bilby INFO    : KNphi=Uniform(minimum=15.0, maximum=30.0, name='KNphi', latex_label='$\\Phi$', unit=None, boundary=None)
04:33 bilby INFO    : log10_mej_wind=Uniform(minimum=-3.0, maximum=-1, name='log10_mej_wind', latex_label='$\\log_{10}M^{\\rm{wind}}_{\\rm{ej}}$', unit=None, boundary='reflective')
04:33 bilby INFO    : inclination_EM=Sine(minimum=0.0, maximum=0.1308996938995747, name='inclination_EM', latex_label='$\\iota$', unit=None, boundary=None)
04:33 bilby INFO    : inclination_EM=Sine(minimum=0.0, maximum=0.1308996938995747, name='inclination_EM', latex_label='$\\iota$', unit=None, boundary=None)
04:33 bilby INFO    : luminosity_distance=40.0
04:33 bilby INFO    : inclination_EM=Sine(minimum=0.0, maximum=0.1308996938995747, name='inclination_EM', latex_label='$\\iota$', unit=None, boundary=None)
04:33 bilby INFO    : luminosity_distance=40.0
04:33 bilby INFO    : log10_mej_wind=Uniform(minimum=-3.0, maximum=-1, name='log10_mej_wind', latex_label='$\\log_{10}M^{\\rm{wind}}_{\\rm{ej}}$', unit=None, boundary='reflective')
04:33 bilby INFO    : luminosity_distance=40.0
04:33 bilby INFO    : log10_mej_wind=Uniform(minimum=-3.0, maximum=-1, name='log10_mej_wind', latex_label='$\\log_{10}M^{\\rm{wind}}_{\\rm{ej}}$', unit=None, boundary='reflective')
04:33 bilby INFO    : log10_mej_wind=Uniform(minimum=-3.0, maximum=-1, name='log10_mej_wind', latex_label='$\\log_{10}M^{\\rm{wind}}_{\\rm{ej}}$', unit=None, boundary='reflective')
04:33 bilby INFO    : luminosity_distance=40.0
04:33 bilby INFO    : inclination_EM=Sine(minimum=0.0, maximum=0.1308996938995747, name='inclination_EM', latex_label='$\\iota$', unit=None, boundary=None)
04:33 bilby INFO    : timeshift=0.0
04:33 bilby INFO    : inclination_EM=Sine(minimum=0.0, maximum=0.1308996938995747, name='inclination_EM', latex_label='$\\iota$', unit=None, boundary=None)
04:33 bilby INFO    : luminosity_distance=40.0
04:33 bilby INFO    : luminosity_distance=40.0
04:33 bilby INFO    : inclination_EM=Sine(minimum=0.0, maximum=0.1308996938995747, name='inclination_EM', latex_label='$\\iota$', unit=None, boundary=None)
04:33 bilby INFO    : inclination_EM=Sine(minimum=0.0, maximum=0.1308996938995747, name='inclination_EM', latex_label='$\\iota$', unit=None, boundary=None)
04:33 bilby INFO    : timeshift=0.0
04:33 bilby INFO    : log10_mej_dyn=Uniform(minimum=-3.0, maximum=-1.0, name='log10_mej_dyn', latex_label='$\\log_{10}M^{\\rm{dyn}}_{\\rm{ej}}$', unit=None, boundary='reflective')
04:33 bilby INFO    : log10_mej_wind=Uniform(minimum=-3.0, maximum=-1, name='log10_mej_wind', latex_label='$\\log_{10}M^{\\rm{wind}}_{\\rm{ej}}$', unit=None, boundary='reflective')
04:33 bilby INFO    : inclination_EM=Sine(minimum=0.0, maximum=0.1308996938995747, name='inclination_EM', latex_label='$\\iota$', unit=None, boundary=None)
04:33 bilby INFO    : luminosity_distance=40.0
04:33 bilby INFO    : em_syserr=0.1
04:33 bilby INFO    : log10_mej_dyn=Uniform(minimum=-3.0, maximum=-1.0, name='log10_mej_dyn', latex_label='$\\log_{10}M^{\\rm{dyn}}_{\\rm{ej}}$', unit=None, boundary='reflective')
04:33 bilby INFO    : timeshift=0.0
04:33 bilby INFO    : luminosity_distance=40.0
04:33 bilby INFO    : log10_mej_dyn=Uniform(minimum=-3.0, maximum=-1.0, name='log10_mej_dyn', latex_label='$\\log_{10}M^{\\rm{dyn}}_{\\rm{ej}}$', unit=None, boundary='reflective')
04:33 bilby INFO    : luminosity_distance=40.0
04:33 bilby INFO    : timeshift=0.0
04:33 bilby INFO    : log10_mej_wind=Uniform(minimum=-3.0, maximum=-1, name='log10_mej_wind', latex_label='$\\log_{10}M^{\\rm{wind}}_{\\rm{ej}}$', unit=None, boundary='reflective')
04:33 bilby INFO    : inclination_EM=Sine(minimum=0.0, maximum=0.1308996938995747, name='inclination_EM', latex_label='$\\iota$', unit=None, boundary=None)
04:33 bilby INFO    : luminosity_distance=40.0
04:33 bilby INFO    : timeshift=0.0
04:33 bilby INFO    : Ebv=0.0
04:33 bilby INFO    : log10_mej_dyn=Uniform(minimum=-3.0, maximum=-1.0, name='log10_mej_dyn', latex_label='$\\log_{10}M^{\\rm{dyn}}_{\\rm{ej}}$', unit=None, boundary='reflective')
04:33 bilby INFO    : inclination_EM=Sine(minimum=0.0, maximum=0.1308996938995747, name='inclination_EM', latex_label='$\\iota$', unit=None, boundary=None)
04:33 bilby INFO    : luminosity_distance=40.0
04:33 bilby INFO    : timeshift=0.0
04:33 bilby INFO    : timeshift=0.0
04:33 bilby INFO    : em_syserr=0.1
04:33 bilby INFO    : log10_mej_wind=Uniform(minimum=-3.0, maximum=-1, name='log10_mej_wind', latex_label='$\\log_{10}M^{\\rm{wind}}_{\\rm{ej}}$', unit=None, boundary='reflective')
04:33 bilby INFO    : log10_mej_dyn=Uniform(minimum=-3.0, maximum=-1.0, name='log10_mej_dyn', latex_label='$\\log_{10}M^{\\rm{dyn}}_{\\rm{ej}}$', unit=None, boundary='reflective')
04:33 bilby INFO    : timeshift=0.0
04:33 bilby INFO    : em_syserr=0.1
04:33 bilby INFO    : em_syserr=0.1
04:33 bilby INFO    : Ebv=0.0
04:33 bilby INFO    : luminosity_distance=40.0
04:33 bilby INFO    : timeshift=0.0
04:33 bilby INFO    : em_syserr=0.1
04:33 bilby INFO    : Ebv=0.0
04:33 bilby INFO    : timeshift=0.0
04:33 bilby INFO    : inclination_EM=Sine(minimum=0.0, maximum=0.1308996938995747, name='inclination_EM', latex_label='$\\iota$', unit=None, boundary=None)
04:33 bilby INFO    : timeshift=0.0
04:33 bilby INFO    : em_syserr=0.1
04:33 bilby INFO    : log10_mej_dyn=Uniform(minimum=-3.0, maximum=-1.0, name='log10_mej_dyn', latex_label='$\\log_{10}M^{\\rm{dyn}}_{\\rm{ej}}$', unit=None, boundary='reflective')
04:33 bilby INFO    : em_syserr=0.1
04:33 bilby INFO    : Ebv=0.0
04:33 bilby INFO    : luminosity_distance=40.0
04:33 bilby INFO    : timeshift=0.0
04:33 bilby INFO    : timeshift=0.0
04:33 bilby INFO    : em_syserr=0.1
04:33 bilby INFO    : em_syserr=0.1
04:33 bilby INFO    : Ebv=0.0
04:33 bilby INFO    : log10_mej_dyn=Uniform(minimum=-3.0, maximum=-1.0, name='log10_mej_dyn', latex_label='$\\log_{10}M^{\\rm{dyn}}_{\\rm{ej}}$', unit=None, boundary='reflective')
04:33 bilby INFO    : inclination_EM=Sine(minimum=0.0, maximum=0.1308996938995747, name='inclination_EM', latex_label='$\\iota$', unit=None, boundary=None)
04:33 bilby INFO    : luminosity_distance=40.0
04:33 bilby INFO    : Analysis likelihood class: <class 'nmma.em.likelihood.OpticalLightCurve'>
04:33 bilby INFO    : Analysis likelihood noise evidence: 0.0
04:33 bilby INFO    : luminosity_distance=40.0
04:33 bilby INFO    : em_syserr=0.1
04:33 bilby INFO    : inclination_EM=Sine(minimum=0.0, maximum=0.1308996938995747, name='inclination_EM', latex_label='$\\iota$', unit=None, boundary=None)
04:33 bilby INFO    : Ebv=0.0
04:33 bilby INFO    : Ebv=0.0
04:33 bilby INFO    : log10_mej_dyn=Uniform(minimum=-3.0, maximum=-1.0, name='log10_mej_dyn', latex_label='$\\log_{10}M^{\\rm{dyn}}_{\\rm{ej}}$', unit=None, boundary='reflective')
04:33 bilby INFO    : Analysis likelihood class: <class 'nmma.em.likelihood.OpticalLightCurve'>
04:33 bilby INFO    : em_syserr=0.1
04:33 bilby INFO    : Analysis likelihood class: <class 'nmma.em.likelihood.OpticalLightCurve'>
04:33 bilby INFO    : em_syserr=0.1
04:33 bilby INFO    : Ebv=0.0
04:33 bilby INFO    : inclination_EM=Sine(minimum=0.0, maximum=0.1308996938995747, name='inclination_EM', latex_label='$\\iota$', unit=None, boundary=None)
04:33 bilby INFO    : luminosity_distance=40.0
04:33 bilby INFO    : inclination_EM=Sine(minimum=0.0, maximum=0.1308996938995747, name='inclination_EM', latex_label='$\\iota$', unit=None, boundary=None)
04:33 bilby INFO    : luminosity_distance=40.0
04:33 bilby INFO    : timeshift=0.0
04:33 bilby INFO    : log10_mej_wind=Uniform(minimum=-3.0, maximum=-1, name='log10_mej_wind', latex_label='$\\log_{10}M^{\\rm{wind}}_{\\rm{ej}}$', unit=None, boundary='reflective')
04:33 bilby INFO    : inclination_EM=Sine(minimum=0.0, maximum=0.1308996938995747, name='inclination_EM', latex_label='$\\iota$', unit=None, boundary=None)
04:33 bilby INFO    : Analysis likelihood class: <class 'nmma.em.likelihood.OpticalLightCurve'>
04:33 bilby INFO    : em_syserr=0.1
04:33 bilby INFO    : Ebv=0.0
04:33 bilby INFO    : Analysis likelihood class: <class 'nmma.em.likelihood.OpticalLightCurve'>
04:33 bilby INFO    : timeshift=0.0
04:33 bilby INFO    : Ebv=0.0
04:33 bilby INFO    : luminosity_distance=40.0
04:33 bilby INFO    : timeshift=0.0
04:33 bilby INFO    : inclination_EM=Sine(minimum=0.0, maximum=0.1308996938995747, name='inclination_EM', latex_label='$\\iota$', unit=None, boundary=None)
04:33 bilby INFO    : log10_mej_wind=Uniform(minimum=-3.0, maximum=-1, name='log10_mej_wind', latex_label='$\\log_{10}M^{\\rm{wind}}_{\\rm{ej}}$', unit=None, boundary='reflective')
04:33 bilby INFO    : log10_mej_wind=Uniform(minimum=-3.0, maximum=-1, name='log10_mej_wind', latex_label='$\\log_{10}M^{\\rm{wind}}_{\\rm{ej}}$', unit=None, boundary='reflective')
04:33 bilby INFO    : Analysis likelihood class: <class 'nmma.em.likelihood.OpticalLightCurve'>
04:33 bilby INFO    : Analysis likelihood class: <class 'nmma.em.likelihood.OpticalLightCurve'>
04:33 bilby INFO    : Analysis likelihood noise evidence: 0.0
04:33 bilby INFO    : Ebv=0.0
04:33 bilby INFO    : Analysis likelihood noise evidence: 0.0
04:33 bilby INFO    : log10_mej_wind=Uniform(minimum=-3.0, maximum=-1, name='log10_mej_wind', latex_label='$\\log_{10}M^{\\rm{wind}}_{\\rm{ej}}$', unit=None, boundary='reflective')
04:33 bilby INFO    : timeshift=0.0
04:33 bilby INFO    : luminosity_distance=40.0
04:33 bilby INFO    : timeshift=0.0
04:33 bilby INFO    : Ebv=0.0
04:33 bilby INFO    : Analysis likelihood class: <class 'nmma.em.likelihood.OpticalLightCurve'>
04:33 bilby INFO    : inclination_EM=Sine(minimum=0.0, maximum=0.1308996938995747, name='inclination_EM', latex_label='$\\iota$', unit=None, boundary=None)
04:33 bilby INFO    : luminosity_distance=40.0
04:33 bilby INFO    : Analysis likelihood noise evidence: 0.0
04:33 bilby INFO    : luminosity_distance=40.0
04:33 bilby INFO    : timeshift=0.0
04:33 bilby INFO    : timeshift=0.0
04:33 bilby INFO    : Ebv=0.0
04:33 bilby INFO    : Analysis likelihood class: <class 'nmma.em.likelihood.OpticalLightCurve'>
04:33 bilby INFO    : Analysis likelihood class: <class 'nmma.em.likelihood.OpticalLightCurve'>
04:33 bilby INFO    : log10_mej_wind=Uniform(minimum=-3.0, maximum=-1, name='log10_mej_wind', latex_label='$\\log_{10}M^{\\rm{wind}}_{\\rm{ej}}$', unit=None, boundary='reflective')
04:33 bilby INFO    : timeshift=0.0
04:33 bilby INFO    : em_syserr=0.1
04:33 bilby INFO    : log10_mej_wind=Uniform(minimum=-3.0, maximum=-1, name='log10_mej_wind', latex_label='$\\log_{10}M^{\\rm{wind}}_{\\rm{ej}}$', unit=None, boundary='reflective')
04:33 bilby INFO    : Analysis likelihood noise evidence: 0.0
04:33 bilby INFO    : em_syserr=0.1
04:33 bilby INFO    : Ebv=0.0
04:33 bilby INFO    : Analysis likelihood class: <class 'nmma.em.likelihood.OpticalLightCurve'>
04:33 bilby INFO    : Analysis likelihood noise evidence: 0.0
04:33 bilby INFO    : em_syserr=0.1
04:33 bilby INFO    : luminosity_distance=40.0
04:33 bilby INFO    : timeshift=0.0
04:33 bilby INFO    : Analysis likelihood noise evidence: 0.0
04:33 bilby INFO    : log10_mej_wind=Uniform(minimum=-3.0, maximum=-1, name='log10_mej_wind', latex_label='$\\log_{10}M^{\\rm{wind}}_{\\rm{ej}}$', unit=None, boundary='reflective')
04:33 bilby INFO    : Analysis likelihood noise evidence: 0.0
04:33 bilby INFO    : Analysis likelihood class: <class 'nmma.em.likelihood.OpticalLightCurve'>
04:33 bilby INFO    : Analysis likelihood noise evidence: 0.0
04:33 bilby INFO    : Analysis likelihood class: <class 'nmma.em.likelihood.OpticalLightCurve'>
04:33 bilby INFO    : Analysis likelihood noise evidence: 0.0
04:33 bilby INFO    : em_syserr=0.1
04:33 bilby INFO    : Ebv=0.0
04:33 bilby INFO    : em_syserr=0.1
04:33 bilby INFO    : Ebv=0.0
04:33 bilby INFO    : Analysis likelihood class: <class 'nmma.em.likelihood.OpticalLightCurve'>
04:33 bilby INFO    : log10_mej_wind=Uniform(minimum=-3.0, maximum=-1, name='log10_mej_wind', latex_label='$\\log_{10}M^{\\rm{wind}}_{\\rm{ej}}$', unit=None, boundary='reflective')
04:33 bilby INFO    : Analysis likelihood noise evidence: 0.0
04:33 bilby INFO    : em_syserr=0.1
04:33 bilby INFO    : Ebv=0.0
04:33 bilby INFO    : em_syserr=0.1
04:33 bilby INFO    : Analysis likelihood noise evidence: 0.0
04:33 bilby INFO    : Analysis likelihood noise evidence: 0.0
04:33 bilby INFO    : Ebv=0.0
04:33 bilby INFO    : Analysis likelihood class: <class 'nmma.em.likelihood.OpticalLightCurve'>
04:33 bilby INFO    : Analysis likelihood class: <class 'nmma.em.likelihood.OpticalLightCurve'>
04:33 bilby INFO    : Ebv=0.0
04:33 bilby INFO    : Analysis likelihood class: <class 'nmma.em.likelihood.OpticalLightCurve'>
04:33 bilby INFO    : inclination_EM=Sine(minimum=0.0, maximum=0.1308996938995747, name='inclination_EM', latex_label='$\\iota$', unit=None, boundary=None)
04:33 bilby INFO    : inclination_EM=Sine(minimum=0.0, maximum=0.1308996938995747, name='inclination_EM', latex_label='$\\iota$', unit=None, boundary=None)
04:33 bilby INFO    : em_syserr=0.1
04:33 bilby INFO    : inclination_EM=Sine(minimum=0.0, maximum=0.1308996938995747, name='inclination_EM', latex_label='$\\iota$', unit=None, boundary=None)
04:33 bilby INFO    : em_syserr=0.1
04:33 bilby INFO    : Ebv=0.0
04:33 bilby INFO    : Analysis likelihood class: <class 'nmma.em.likelihood.OpticalLightCurve'>
04:33 bilby INFO    : inclination_EM=Sine(minimum=0.0, maximum=0.1308996938995747, name='inclination_EM', latex_label='$\\iota$', unit=None, boundary=None)
04:33 bilby INFO    : Analysis likelihood class: <class 'nmma.em.likelihood.OpticalLightCurve'>
04:33 bilby INFO    : Ebv=0.0
04:33 bilby INFO    : inclination_EM=Sine(minimum=0.0, maximum=0.1308996938995747, name='inclination_EM', latex_label='$\\iota$', unit=None, boundary=None)
04:33 bilby INFO    : inclination_EM=Sine(minimum=0.0, maximum=0.1308996938995747, name='inclination_EM', latex_label='$\\iota$', unit=None, boundary=None)
04:33 bilby INFO    : Analysis likelihood noise evidence: 0.0
04:33 bilby INFO    : Analysis likelihood noise evidence: 0.0
04:33 bilby INFO    : luminosity_distance=40.0
04:33 bilby INFO    : timeshift=0.0
04:33 bilby INFO    : luminosity_distance=40.0
04:33 bilby INFO    : Ebv=0.0
04:33 bilby INFO    : Analysis likelihood class: <class 'nmma.em.likelihood.OpticalLightCurve'>
04:33 bilby INFO    : luminosity_distance=40.0
04:33 bilby INFO    : timeshift=0.0
04:33 bilby INFO    : Analysis likelihood class: <class 'nmma.em.likelihood.OpticalLightCurve'>
04:33 bilby INFO    : Analysis likelihood noise evidence: 0.0
04:33 bilby INFO    : Analysis likelihood noise evidence: 0.0
04:33 bilby INFO    : Analysis likelihood noise evidence: 0.0
04:33 bilby INFO    : inclination_EM=Sine(minimum=0.0, maximum=0.1308996938995747, name='inclination_EM', latex_label='$\\iota$', unit=None, boundary=None)
04:33 bilby INFO    : luminosity_distance=40.0
04:33 bilby INFO    : timeshift=0.0
04:33 bilby INFO    : luminosity_distance=40.0
04:33 bilby INFO    : Analysis likelihood noise evidence: 0.0
04:33 bilby INFO    : Analysis likelihood class: <class 'nmma.em.likelihood.OpticalLightCurve'>
04:33 bilby INFO    : Analysis likelihood noise evidence: 0.0
04:33 bilby INFO    : luminosity_distance=40.0
04:33 bilby INFO    : luminosity_distance=40.0
04:33 bilby INFO    : Analysis likelihood noise evidence: 0.0
04:33 bilby INFO    : em_syserr=0.1
04:33 bilby INFO    : inclination_EM=Sine(minimum=0.0, maximum=0.1308996938995747, name='inclination_EM', latex_label='$\\iota$', unit=None, boundary=None)
04:33 bilby INFO    : luminosity_distance=40.0
04:33 bilby INFO    : timeshift=0.0
04:33 bilby INFO    : em_syserr=0.1
04:33 bilby INFO    : em_syserr=0.1
04:33 bilby INFO    : Analysis likelihood noise evidence: 0.0
04:33 bilby INFO    : em_syserr=0.1
04:33 bilby INFO    : timeshift=0.0
04:33 bilby INFO    : timeshift=0.0
04:33 bilby INFO    : timeshift=0.0
04:33 bilby INFO    : Ebv=0.0
04:33 bilby INFO    : Ebv=0.0
04:33 bilby INFO    : Ebv=0.0
04:33 bilby INFO    : Ebv=0.0
04:33 bilby INFO    : Analysis likelihood class: <class 'nmma.em.likelihood.OpticalLightCurve'>
04:33 bilby INFO    : em_syserr=0.1
04:33 bilby INFO    : em_syserr=0.1
04:33 bilby INFO    : em_syserr=0.1
04:33 bilby INFO    : timeshift=0.0
04:33 bilby INFO    : Analysis likelihood class: <class 'nmma.em.likelihood.OpticalLightCurve'>
04:33 bilby INFO    : Analysis likelihood class: <class 'nmma.em.likelihood.OpticalLightCurve'>
04:33 bilby INFO    : Analysis likelihood class: <class 'nmma.em.likelihood.OpticalLightCurve'>
04:33 bilby INFO    : Ebv=0.0
04:33 bilby INFO    : em_syserr=0.1
04:33 bilby INFO    : Analysis likelihood noise evidence: 0.0
04:33 bilby INFO    : Analysis likelihood noise evidence: 0.0
04:33 bilby INFO    : Analysis likelihood noise evidence: 0.0
04:33 bilby INFO    : Analysis likelihood noise evidence: 0.0
04:33 bilby INFO    : Ebv=0.0
04:33 bilby INFO    : Ebv=0.0
04:33 bilby INFO    : Analysis likelihood class: <class 'nmma.em.likelihood.OpticalLightCurve'>
04:33 bilby INFO    : Ebv=0.0
04:33 bilby INFO    : KNphi=Uniform(minimum=15.0, maximum=30.0, name='KNphi', latex_label='$\\Phi$', unit=None, boundary=None)
04:33 bilby INFO    : Analysis likelihood class: <class 'nmma.em.likelihood.OpticalLightCurve'>
04:33 bilby INFO    : Analysis likelihood noise evidence: 0.0
04:33 bilby INFO    : Analysis likelihood class: <class 'nmma.em.likelihood.OpticalLightCurve'>
04:33 bilby INFO    : Analysis likelihood noise evidence: 0.0
04:33 bilby INFO    : Analysis likelihood class: <class 'nmma.em.likelihood.OpticalLightCurve'>
04:33 bilby INFO    : Analysis likelihood noise evidence: 0.0
04:33 bilby INFO    : Analysis likelihood noise evidence: 0.0
04:33 bilby INFO    : log10_mej_dyn=Uniform(minimum=-3.0, maximum=-1.0, name='log10_mej_dyn', latex_label='$\\log_{10}M^{\\rm{dyn}}_{\\rm{ej}}$', unit=None, boundary='reflective')
04:33 bilby INFO    : log10_mej_wind=Uniform(minimum=-3.0, maximum=-1, name='log10_mej_wind', latex_label='$\\log_{10}M^{\\rm{wind}}_{\\rm{ej}}$', unit=None, boundary='reflective')
04:33 bilby INFO    : inclination_EM=Sine(minimum=0.0, maximum=0.1308996938995747, name='inclination_EM', latex_label='$\\iota$', unit=None, boundary=None)
04:33 bilby INFO    : KNphi=Uniform(minimum=15.0, maximum=30.0, name='KNphi', latex_label='$\\Phi$', unit=None, boundary=None)
04:33 bilby INFO    : luminosity_distance=40.0
04:33 bilby INFO    : timeshift=0.0
04:33 bilby INFO    : em_syserr=0.1
04:33 bilby INFO    : log10_mej_dyn=Uniform(minimum=-3.0, maximum=-1.0, name='log10_mej_dyn', latex_label='$\\log_{10}M^{\\rm{dyn}}_{\\rm{ej}}$', unit=None, boundary='reflective')
04:33 bilby INFO    : Ebv=0.0
04:33 bilby INFO    : Analysis likelihood class: <class 'nmma.em.likelihood.OpticalLightCurve'>
04:33 bilby INFO    : Analysis likelihood noise evidence: 0.0
04:33 bilby INFO    : log10_mej_wind=Uniform(minimum=-3.0, maximum=-1, name='log10_mej_wind', latex_label='$\\log_{10}M^{\\rm{wind}}_{\\rm{ej}}$', unit=None, boundary='reflective')
04:33 bilby INFO    : inclination_EM=Sine(minimum=0.0, maximum=0.1308996938995747, name='inclination_EM', latex_label='$\\iota$', unit=None, boundary=None)
04:33 bilby INFO    : luminosity_distance=40.0
04:33 bilby INFO    : timeshift=0.0
04:33 bilby INFO    : em_syserr=0.1
04:33 bilby INFO    : Ebv=0.0
04:33 bilby INFO    : Analysis likelihood class: <class 'nmma.em.likelihood.OpticalLightCurve'>
04:33 bilby INFO    : Analysis likelihood noise evidence: 0.0
04:33 bilby INFO    : Single likelihood evaluation took 4.488e-01 s
04:33 bilby INFO    : Single likelihood evaluation took 4.504e-01 s
04:33 bilby INFO    : Single likelihood evaluation took 4.516e-01 s
04:33 bilby WARNING : Supplied argument 'queue_size' not an argument of 'Pymultinest', removing.
04:33 bilby WARNING : Supplied argument 'check_point_delta_t' not an argument of 'Pymultinest', removing.
04:33 bilby INFO    : Using sampler Pymultinest with kwargs {'importance_nested_sampling': False, 'resume': True, 'verbose': True, 'sampling_efficiency': 'parameter', 'n_live_points': 2048, 'n_params': 4, 'n_clustering_params': None, 'wrapped_params': None, 'multimodal': True, 'const_efficiency_mode': False, 'evidence_tolerance': 0.5, 'n_iter_before_update': 100, 'null_log_evidence': -1e+90, 'max_modes': 100, 'mode_tolerance': -1e+90, 'seed': 42, 'context': 0, 'write_output': True, 'log_zero': -1e+100, 'max_iter': 0, 'init_MPI': False, 'dump_callback': <bound method Pymultinest._dump_callback of <bilby.core.sampler.pymultinest.Pymultinest object at 0x1554d5419930>>}
04:33 bilby INFO    : Temporary directory incompatible with MPI, will run in original directory
04:33 bilby INFO    : Single likelihood evaluation took 4.536e-01 s
04:33 bilby INFO    : Using output file outdirBNSBu32cores/pm_AT170817/
04:33 bilby WARNING : Supplied argument 'queue_size' not an argument of 'Pymultinest', removing.
04:33 bilby WARNING : Supplied argument 'check_point_delta_t' not an argument of 'Pymultinest', removing.
04:33 bilby INFO    : Using sampler Pymultinest with kwargs {'importance_nested_sampling': False, 'resume': True, 'verbose': True, 'sampling_efficiency': 'parameter', 'n_live_points': 2048, 'n_params': 4, 'n_clustering_params': None, 'wrapped_params': None, 'multimodal': True, 'const_efficiency_mode': False, 'evidence_tolerance': 0.5, 'n_iter_before_update': 100, 'null_log_evidence': -1e+90, 'max_modes': 100, 'mode_tolerance': -1e+90, 'seed': 42, 'context': 0, 'write_output': True, 'log_zero': -1e+100, 'max_iter': 0, 'init_MPI': False, 'dump_callback': <bound method Pymultinest._dump_callback of <bilby.core.sampler.pymultinest.Pymultinest object at 0x1554d0646770>>}
04:33 bilby INFO    : Temporary directory incompatible with MPI, will run in original directory
04:33 bilby INFO    : Using output file outdirBNSBu32cores/pm_AT170817/
04:33 bilby WARNING : Supplied argument 'queue_size' not an argument of 'Pymultinest', removing.
04:33 bilby WARNING : Supplied argument 'check_point_delta_t' not an argument of 'Pymultinest', removing.
04:33 bilby INFO    : Using sampler Pymultinest with kwargs {'importance_nested_sampling': False, 'resume': True, 'verbose': True, 'sampling_efficiency': 'parameter', 'n_live_points': 2048, 'n_params': 4, 'n_clustering_params': None, 'wrapped_params': None, 'multimodal': True, 'const_efficiency_mode': False, 'evidence_tolerance': 0.5, 'n_iter_before_update': 100, 'null_log_evidence': -1e+90, 'max_modes': 100, 'mode_tolerance': -1e+90, 'seed': 42, 'context': 0, 'write_output': True, 'log_zero': -1e+100, 'max_iter': 0, 'init_MPI': False, 'dump_callback': <bound method Pymultinest._dump_callback of <bilby.core.sampler.pymultinest.Pymultinest object at 0x1554d2d31d20>>}
04:33 bilby INFO    : Temporary directory incompatible with MPI, will run in original directory
04:33 bilby INFO    : Using output file outdirBNSBu32cores/pm_AT170817/
04:33 bilby INFO    : Single likelihood evaluation took 4.553e-01 s
04:33 bilby INFO    : Single likelihood evaluation took 4.555e-01 s
04:33 bilby INFO    : Single likelihood evaluation took 4.555e-01 s
04:33 bilby INFO    : Single likelihood evaluation took 4.555e-01 s
04:33 bilby INFO    : Single likelihood evaluation took 4.556e-01 s
04:33 bilby WARNING : Supplied argument 'queue_size' not an argument of 'Pymultinest', removing.
04:33 bilby WARNING : Supplied argument 'check_point_delta_t' not an argument of 'Pymultinest', removing.
04:33 bilby INFO    : Using sampler Pymultinest with kwargs {'importance_nested_sampling': False, 'resume': True, 'verbose': True, 'sampling_efficiency': 'parameter', 'n_live_points': 2048, 'n_params': 4, 'n_clustering_params': None, 'wrapped_params': None, 'multimodal': True, 'const_efficiency_mode': False, 'evidence_tolerance': 0.5, 'n_iter_before_update': 100, 'null_log_evidence': -1e+90, 'max_modes': 100, 'mode_tolerance': -1e+90, 'seed': 42, 'context': 0, 'write_output': True, 'log_zero': -1e+100, 'max_iter': 0, 'init_MPI': False, 'dump_callback': <bound method Pymultinest._dump_callback of <bilby.core.sampler.pymultinest.Pymultinest object at 0x1554d2d31e10>>}
04:33 bilby INFO    : Temporary directory incompatible with MPI, will run in original directory
04:33 bilby INFO    : Using output file outdirBNSBu32cores/pm_AT170817/
04:33 bilby INFO    : Single likelihood evaluation took 4.572e-01 s
04:33 bilby INFO    : Single likelihood evaluation took 4.572e-01 s
04:33 bilby INFO    : Single likelihood evaluation took 4.572e-01 s
04:33 bilby WARNING : Supplied argument 'queue_size' not an argument of 'Pymultinest', removing.
04:33 bilby WARNING : Supplied argument 'check_point_delta_t' not an argument of 'Pymultinest', removing.
04:33 bilby INFO    : Using sampler Pymultinest with kwargs {'importance_nested_sampling': False, 'resume': True, 'verbose': True, 'sampling_efficiency': 'parameter', 'n_live_points': 2048, 'n_params': 4, 'n_clustering_params': None, 'wrapped_params': None, 'multimodal': True, 'const_efficiency_mode': False, 'evidence_tolerance': 0.5, 'n_iter_before_update': 100, 'null_log_evidence': -1e+90, 'max_modes': 100, 'mode_tolerance': -1e+90, 'seed': 42, 'context': 0, 'write_output': True, 'log_zero': -1e+100, 'max_iter': 0, 'init_MPI': False, 'dump_callback': <bound method Pymultinest._dump_callback of <bilby.core.sampler.pymultinest.Pymultinest object at 0x1554d40964d0>>}
04:33 bilby INFO    : Temporary directory incompatible with MPI, will run in original directory
04:33 bilby INFO    : Using output file outdirBNSBu32cores/pm_AT170817/
04:33 bilby WARNING : Supplied argument 'queue_size' not an argument of 'Pymultinest', removing.
04:33 bilby WARNING : Supplied argument 'queue_size' not an argument of 'Pymultinest', removing.
04:33 bilby WARNING : Supplied argument 'check_point_delta_t' not an argument of 'Pymultinest', removing.
04:33 bilby WARNING : Supplied argument 'check_point_delta_t' not an argument of 'Pymultinest', removing.
04:33 bilby INFO    : Using sampler Pymultinest with kwargs {'importance_nested_sampling': False, 'resume': True, 'verbose': True, 'sampling_efficiency': 'parameter', 'n_live_points': 2048, 'n_params': 4, 'n_clustering_params': None, 'wrapped_params': None, 'multimodal': True, 'const_efficiency_mode': False, 'evidence_tolerance': 0.5, 'n_iter_before_update': 100, 'null_log_evidence': -1e+90, 'max_modes': 100, 'mode_tolerance': -1e+90, 'seed': 42, 'context': 0, 'write_output': True, 'log_zero': -1e+100, 'max_iter': 0, 'init_MPI': False, 'dump_callback': <bound method Pymultinest._dump_callback of <bilby.core.sampler.pymultinest.Pymultinest object at 0x1554d19c5c30>>}
04:33 bilby INFO    : Using sampler Pymultinest with kwargs {'importance_nested_sampling': False, 'resume': True, 'verbose': True, 'sampling_efficiency': 'parameter', 'n_live_points': 2048, 'n_params': 4, 'n_clustering_params': None, 'wrapped_params': None, 'multimodal': True, 'const_efficiency_mode': False, 'evidence_tolerance': 0.5, 'n_iter_before_update': 100, 'null_log_evidence': -1e+90, 'max_modes': 100, 'mode_tolerance': -1e+90, 'seed': 42, 'context': 0, 'write_output': True, 'log_zero': -1e+100, 'max_iter': 0, 'init_MPI': False, 'dump_callback': <bound method Pymultinest._dump_callback of <bilby.core.sampler.pymultinest.Pymultinest object at 0x1554cf2e1db0>>}
04:33 bilby INFO    : Temporary directory incompatible with MPI, will run in original directory
04:33 bilby INFO    : Temporary directory incompatible with MPI, will run in original directory
04:33 bilby INFO    : Using output file outdirBNSBu32cores/pm_AT170817/
04:33 bilby INFO    : Using output file outdirBNSBu32cores/pm_AT170817/
04:33 bilby INFO    : Single likelihood evaluation took 4.594e-01 s
04:33 bilby WARNING : Supplied argument 'queue_size' not an argument of 'Pymultinest', removing.
04:33 bilby WARNING : Supplied argument 'queue_size' not an argument of 'Pymultinest', removing.
04:33 bilby WARNING : Supplied argument 'check_point_delta_t' not an argument of 'Pymultinest', removing.
04:33 bilby WARNING : Supplied argument 'check_point_delta_t' not an argument of 'Pymultinest', removing.
04:33 bilby INFO    : Using sampler Pymultinest with kwargs {'importance_nested_sampling': False, 'resume': True, 'verbose': True, 'sampling_efficiency': 'parameter', 'n_live_points': 2048, 'n_params': 4, 'n_clustering_params': None, 'wrapped_params': None, 'multimodal': True, 'const_efficiency_mode': False, 'evidence_tolerance': 0.5, 'n_iter_before_update': 100, 'null_log_evidence': -1e+90, 'max_modes': 100, 'mode_tolerance': -1e+90, 'seed': 42, 'context': 0, 'write_output': True, 'log_zero': -1e+100, 'max_iter': 0, 'init_MPI': False, 'dump_callback': <bound method Pymultinest._dump_callback of <bilby.core.sampler.pymultinest.Pymultinest object at 0x1554d2d31de0>>}
04:33 bilby INFO    : Using sampler Pymultinest with kwargs {'importance_nested_sampling': False, 'resume': True, 'verbose': True, 'sampling_efficiency': 'parameter', 'n_live_points': 2048, 'n_params': 4, 'n_clustering_params': None, 'wrapped_params': None, 'multimodal': True, 'const_efficiency_mode': False, 'evidence_tolerance': 0.5, 'n_iter_before_update': 100, 'null_log_evidence': -1e+90, 'max_modes': 100, 'mode_tolerance': -1e+90, 'seed': 42, 'context': 0, 'write_output': True, 'log_zero': -1e+100, 'max_iter': 0, 'init_MPI': False, 'dump_callback': <bound method Pymultinest._dump_callback of <bilby.core.sampler.pymultinest.Pymultinest object at 0x1554c91adf30>>}
04:33 bilby INFO    : Temporary directory incompatible with MPI, will run in original directory
04:33 bilby INFO    : Using output file outdirBNSBu32cores/pm_AT170817/
04:33 bilby INFO    : Temporary directory incompatible with MPI, will run in original directory
04:33 bilby INFO    : Using output file outdirBNSBu32cores/pm_AT170817/
04:33 bilby INFO    : Single likelihood evaluation took 4.597e-01 s
04:33 bilby INFO    : Single likelihood evaluation took 4.603e-01 s
04:33 bilby WARNING : Supplied argument 'queue_size' not an argument of 'Pymultinest', removing.
04:33 bilby WARNING : Supplied argument 'check_point_delta_t' not an argument of 'Pymultinest', removing.
04:33 bilby INFO    : Using sampler Pymultinest with kwargs {'importance_nested_sampling': False, 'resume': True, 'verbose': True, 'sampling_efficiency': 'parameter', 'n_live_points': 2048, 'n_params': 4, 'n_clustering_params': None, 'wrapped_params': None, 'multimodal': True, 'const_efficiency_mode': False, 'evidence_tolerance': 0.5, 'n_iter_before_update': 100, 'null_log_evidence': -1e+90, 'max_modes': 100, 'mode_tolerance': -1e+90, 'seed': 42, 'context': 0, 'write_output': True, 'log_zero': -1e+100, 'max_iter': 0, 'init_MPI': False, 'dump_callback': <bound method Pymultinest._dump_callback of <bilby.core.sampler.pymultinest.Pymultinest object at 0x1554d19c1ed0>>}
04:33 bilby INFO    : Temporary directory incompatible with MPI, will run in original directory
04:33 bilby WARNING : Supplied argument 'queue_size' not an argument of 'Pymultinest', removing.
04:33 bilby WARNING : Supplied argument 'check_point_delta_t' not an argument of 'Pymultinest', removing.
04:33 bilby INFO    : Using sampler Pymultinest with kwargs {'importance_nested_sampling': False, 'resume': True, 'verbose': True, 'sampling_efficiency': 'parameter', 'n_live_points': 2048, 'n_params': 4, 'n_clustering_params': None, 'wrapped_params': None, 'multimodal': True, 'const_efficiency_mode': False, 'evidence_tolerance': 0.5, 'n_iter_before_update': 100, 'null_log_evidence': -1e+90, 'max_modes': 100, 'mode_tolerance': -1e+90, 'seed': 42, 'context': 0, 'write_output': True, 'log_zero': -1e+100, 'max_iter': 0, 'init_MPI': False, 'dump_callback': <bound method Pymultinest._dump_callback of <bilby.core.sampler.pymultinest.Pymultinest object at 0x1554d0651e70>>}
04:33 bilby INFO    : Using output file outdirBNSBu32cores/pm_AT170817/
04:33 bilby INFO    : Temporary directory incompatible with MPI, will run in original directory
04:33 bilby INFO    : Using output file outdirBNSBu32cores/pm_AT170817/
04:33 bilby WARNING : Supplied argument 'queue_size' not an argument of 'Pymultinest', removing.
04:33 bilby WARNING : Supplied argument 'check_point_delta_t' not an argument of 'Pymultinest', removing.
04:33 bilby INFO    : Using sampler Pymultinest with kwargs {'importance_nested_sampling': False, 'resume': True, 'verbose': True, 'sampling_efficiency': 'parameter', 'n_live_points': 2048, 'n_params': 4, 'n_clustering_params': None, 'wrapped_params': None, 'multimodal': True, 'const_efficiency_mode': False, 'evidence_tolerance': 0.5, 'n_iter_before_update': 100, 'null_log_evidence': -1e+90, 'max_modes': 100, 'mode_tolerance': -1e+90, 'seed': 42, 'context': 0, 'write_output': True, 'log_zero': -1e+100, 'max_iter': 0, 'init_MPI': False, 'dump_callback': <bound method Pymultinest._dump_callback of <bilby.core.sampler.pymultinest.Pymultinest object at 0x1554c91ae080>>}
04:33 bilby INFO    : Temporary directory incompatible with MPI, will run in original directory
04:33 bilby INFO    : Using output file outdirBNSBu32cores/pm_AT170817/
04:33 bilby INFO    : Single likelihood evaluation took 4.604e-01 s
04:33 bilby WARNING : Supplied argument 'queue_size' not an argument of 'Pymultinest', removing.
04:33 bilby WARNING : Supplied argument 'check_point_delta_t' not an argument of 'Pymultinest', removing.
04:33 bilby INFO    : Using sampler Pymultinest with kwargs {'importance_nested_sampling': False, 'resume': True, 'verbose': True, 'sampling_efficiency': 'parameter', 'n_live_points': 2048, 'n_params': 4, 'n_clustering_params': None, 'wrapped_params': None, 'multimodal': True, 'const_efficiency_mode': False, 'evidence_tolerance': 0.5, 'n_iter_before_update': 100, 'null_log_evidence': -1e+90, 'max_modes': 100, 'mode_tolerance': -1e+90, 'seed': 42, 'context': 0, 'write_output': True, 'log_zero': -1e+100, 'max_iter': 0, 'init_MPI': False, 'dump_callback': <bound method Pymultinest._dump_callback of <bilby.core.sampler.pymultinest.Pymultinest object at 0x1554c91a2410>>}
04:33 bilby INFO    : Temporary directory incompatible with MPI, will run in original directory
04:33 bilby INFO    : Using output file outdirBNSBu32cores/pm_AT170817/
04:33 bilby WARNING : Supplied argument 'queue_size' not an argument of 'Pymultinest', removing.
04:33 bilby WARNING : Supplied argument 'check_point_delta_t' not an argument of 'Pymultinest', removing.
04:33 bilby INFO    : Using sampler Pymultinest with kwargs {'importance_nested_sampling': False, 'resume': True, 'verbose': True, 'sampling_efficiency': 'parameter', 'n_live_points': 2048, 'n_params': 4, 'n_clustering_params': None, 'wrapped_params': None, 'multimodal': True, 'const_efficiency_mode': False, 'evidence_tolerance': 0.5, 'n_iter_before_update': 100, 'null_log_evidence': -1e+90, 'max_modes': 100, 'mode_tolerance': -1e+90, 'seed': 42, 'context': 0, 'write_output': True, 'log_zero': -1e+100, 'max_iter': 0, 'init_MPI': False, 'dump_callback': <bound method Pymultinest._dump_callback of <bilby.core.sampler.pymultinest.Pymultinest object at 0x1554d5411c60>>}
04:33 bilby WARNING : Supplied argument 'queue_size' not an argument of 'Pymultinest', removing.
04:33 bilby INFO    : Temporary directory incompatible with MPI, will run in original directory
04:33 bilby WARNING : Supplied argument 'check_point_delta_t' not an argument of 'Pymultinest', removing.
04:33 bilby INFO    : Using sampler Pymultinest with kwargs {'importance_nested_sampling': False, 'resume': True, 'verbose': True, 'sampling_efficiency': 'parameter', 'n_live_points': 2048, 'n_params': 4, 'n_clustering_params': None, 'wrapped_params': None, 'multimodal': True, 'const_efficiency_mode': False, 'evidence_tolerance': 0.5, 'n_iter_before_update': 100, 'null_log_evidence': -1e+90, 'max_modes': 100, 'mode_tolerance': -1e+90, 'seed': 42, 'context': 0, 'write_output': True, 'log_zero': -1e+100, 'max_iter': 0, 'init_MPI': False, 'dump_callback': <bound method Pymultinest._dump_callback of <bilby.core.sampler.pymultinest.Pymultinest object at 0x1554d5415b70>>}
04:33 bilby INFO    : Using output file outdirBNSBu32cores/pm_AT170817/
04:33 bilby INFO    : Temporary directory incompatible with MPI, will run in original directory
04:33 bilby INFO    : Using output file outdirBNSBu32cores/pm_AT170817/
04:33 bilby WARNING : Supplied argument 'queue_size' not an argument of 'Pymultinest', removing.
04:33 bilby WARNING : Supplied argument 'check_point_delta_t' not an argument of 'Pymultinest', removing.
04:33 bilby INFO    : Using sampler Pymultinest with kwargs {'importance_nested_sampling': False, 'resume': True, 'verbose': True, 'sampling_efficiency': 'parameter', 'n_live_points': 2048, 'n_params': 4, 'n_clustering_params': None, 'wrapped_params': None, 'multimodal': True, 'const_efficiency_mode': False, 'evidence_tolerance': 0.5, 'n_iter_before_update': 100, 'null_log_evidence': -1e+90, 'max_modes': 100, 'mode_tolerance': -1e+90, 'seed': 42, 'context': 0, 'write_output': True, 'log_zero': -1e+100, 'max_iter': 0, 'init_MPI': False, 'dump_callback': <bound method Pymultinest._dump_callback of <bilby.core.sampler.pymultinest.Pymultinest object at 0x1554d5412170>>}
04:33 bilby INFO    : Temporary directory incompatible with MPI, will run in original directory
04:33 bilby INFO    : Using output file outdirBNSBu32cores/pm_AT170817/
04:33 bilby INFO    : Single likelihood evaluation took 4.682e-01 s
04:33 bilby INFO    : Single likelihood evaluation took 4.684e-01 s
04:33 bilby INFO    : Single likelihood evaluation took 4.682e-01 s
04:33 bilby INFO    : Single likelihood evaluation took 4.684e-01 s
04:33 bilby INFO    : Single likelihood evaluation took 4.683e-01 s
04:33 bilby INFO    : Single likelihood evaluation took 4.689e-01 s
04:33 bilby INFO    : Single likelihood evaluation took 4.690e-01 s
04:33 bilby INFO    : Single likelihood evaluation took 4.691e-01 s
04:33 bilby INFO    : Single likelihood evaluation took 4.705e-01 s
04:33 bilby INFO    : Single likelihood evaluation took 4.710e-01 s
04:33 bilby INFO    : Single likelihood evaluation took 4.726e-01 s
04:33 bilby WARNING : Supplied argument 'queue_size' not an argument of 'Pymultinest', removing.
04:33 bilby WARNING : Supplied argument 'check_point_delta_t' not an argument of 'Pymultinest', removing.
04:33 bilby INFO    : Using sampler Pymultinest with kwargs {'importance_nested_sampling': False, 'resume': True, 'verbose': True, 'sampling_efficiency': 'parameter', 'n_live_points': 2048, 'n_params': 4, 'n_clustering_params': None, 'wrapped_params': None, 'multimodal': True, 'const_efficiency_mode': False, 'evidence_tolerance': 0.5, 'n_iter_before_update': 100, 'null_log_evidence': -1e+90, 'max_modes': 100, 'mode_tolerance': -1e+90, 'seed': 42, 'context': 0, 'write_output': True, 'log_zero': -1e+100, 'max_iter': 0, 'init_MPI': False, 'dump_callback': <bound method Pymultinest._dump_callback of <bilby.core.sampler.pymultinest.Pymultinest object at 0x1554d5411f90>>}
04:33 bilby INFO    : Temporary directory incompatible with MPI, will run in original directory
04:33 bilby INFO    : Using output file outdirBNSBu32cores/pm_AT170817/
04:33 bilby INFO    : Single likelihood evaluation took 4.728e-01 s
04:33 bilby INFO    : Single likelihood evaluation took 4.728e-01 s
04:33 bilby WARNING : Supplied argument 'queue_size' not an argument of 'Pymultinest', removing.
04:33 bilby WARNING : Supplied argument 'queue_size' not an argument of 'Pymultinest', removing.
04:33 bilby WARNING : Supplied argument 'queue_size' not an argument of 'Pymultinest', removing.
04:33 bilby WARNING : Supplied argument 'check_point_delta_t' not an argument of 'Pymultinest', removing.
04:33 bilby WARNING : Supplied argument 'check_point_delta_t' not an argument of 'Pymultinest', removing.
04:33 bilby WARNING : Supplied argument 'queue_size' not an argument of 'Pymultinest', removing.
04:33 bilby WARNING : Supplied argument 'check_point_delta_t' not an argument of 'Pymultinest', removing.
04:33 bilby WARNING : Supplied argument 'check_point_delta_t' not an argument of 'Pymultinest', removing.
04:33 bilby INFO    : Using sampler Pymultinest with kwargs {'importance_nested_sampling': False, 'resume': True, 'verbose': True, 'sampling_efficiency': 'parameter', 'n_live_points': 2048, 'n_params': 4, 'n_clustering_params': None, 'wrapped_params': None, 'multimodal': True, 'const_efficiency_mode': False, 'evidence_tolerance': 0.5, 'n_iter_before_update': 100, 'null_log_evidence': -1e+90, 'max_modes': 100, 'mode_tolerance': -1e+90, 'seed': 42, 'context': 0, 'write_output': True, 'log_zero': -1e+100, 'max_iter': 0, 'init_MPI': False, 'dump_callback': <bound method Pymultinest._dump_callback of <bilby.core.sampler.pymultinest.Pymultinest object at 0x1554c91a2680>>}
04:33 bilby INFO    : Using sampler Pymultinest with kwargs {'importance_nested_sampling': False, 'resume': True, 'verbose': True, 'sampling_efficiency': 'parameter', 'n_live_points': 2048, 'n_params': 4, 'n_clustering_params': None, 'wrapped_params': None, 'multimodal': True, 'const_efficiency_mode': False, 'evidence_tolerance': 0.5, 'n_iter_before_update': 100, 'null_log_evidence': -1e+90, 'max_modes': 100, 'mode_tolerance': -1e+90, 'seed': 42, 'context': 0, 'write_output': True, 'log_zero': -1e+100, 'max_iter': 0, 'init_MPI': False, 'dump_callback': <bound method Pymultinest._dump_callback of <bilby.core.sampler.pymultinest.Pymultinest object at 0x1554d0651f60>>}
04:33 bilby INFO    : Using sampler Pymultinest with kwargs {'importance_nested_sampling': False, 'resume': True, 'verbose': True, 'sampling_efficiency': 'parameter', 'n_live_points': 2048, 'n_params': 4, 'n_clustering_params': None, 'wrapped_params': None, 'multimodal': True, 'const_efficiency_mode': False, 'evidence_tolerance': 0.5, 'n_iter_before_update': 100, 'null_log_evidence': -1e+90, 'max_modes': 100, 'mode_tolerance': -1e+90, 'seed': 42, 'context': 0, 'write_output': True, 'log_zero': -1e+100, 'max_iter': 0, 'init_MPI': False, 'dump_callback': <bound method Pymultinest._dump_callback of <bilby.core.sampler.pymultinest.Pymultinest object at 0x1554d06520b0>>}
04:33 bilby INFO    : Using sampler Pymultinest with kwargs {'importance_nested_sampling': False, 'resume': True, 'verbose': True, 'sampling_efficiency': 'parameter', 'n_live_points': 2048, 'n_params': 4, 'n_clustering_params': None, 'wrapped_params': None, 'multimodal': True, 'const_efficiency_mode': False, 'evidence_tolerance': 0.5, 'n_iter_before_update': 100, 'null_log_evidence': -1e+90, 'max_modes': 100, 'mode_tolerance': -1e+90, 'seed': 42, 'context': 0, 'write_output': True, 'log_zero': -1e+100, 'max_iter': 0, 'init_MPI': False, 'dump_callback': <bound method Pymultinest._dump_callback of <bilby.core.sampler.pymultinest.Pymultinest object at 0x1554c91ade40>>}
04:33 bilby INFO    : Temporary directory incompatible with MPI, will run in original directory
04:33 bilby INFO    : Temporary directory incompatible with MPI, will run in original directory
04:33 bilby INFO    : Temporary directory incompatible with MPI, will run in original directory
04:33 bilby INFO    : Using output file outdirBNSBu32cores/pm_AT170817/
04:33 bilby INFO    : Using output file outdirBNSBu32cores/pm_AT170817/
04:33 bilby INFO    : Temporary directory incompatible with MPI, will run in original directory
04:33 bilby INFO    : Using output file outdirBNSBu32cores/pm_AT170817/
04:33 bilby INFO    : Using output file outdirBNSBu32cores/pm_AT170817/
04:33 bilby WARNING : Supplied argument 'queue_size' not an argument of 'Pymultinest', removing.
04:33 bilby WARNING : Supplied argument 'check_point_delta_t' not an argument of 'Pymultinest', removing.
04:33 bilby INFO    : Using sampler Pymultinest with kwargs {'importance_nested_sampling': False, 'resume': True, 'verbose': True, 'sampling_efficiency': 'parameter', 'n_live_points': 2048, 'n_params': 4, 'n_clustering_params': None, 'wrapped_params': None, 'multimodal': True, 'const_efficiency_mode': False, 'evidence_tolerance': 0.5, 'n_iter_before_update': 100, 'null_log_evidence': -1e+90, 'max_modes': 100, 'mode_tolerance': -1e+90, 'seed': 42, 'context': 0, 'write_output': True, 'log_zero': -1e+100, 'max_iter': 0, 'init_MPI': False, 'dump_callback': <bound method Pymultinest._dump_callback of <bilby.core.sampler.pymultinest.Pymultinest object at 0x1554d0652140>>}
04:33 bilby INFO    : Temporary directory incompatible with MPI, will run in original directory
04:33 bilby INFO    : Using output file outdirBNSBu32cores/pm_AT170817/
04:33 bilby WARNING : Supplied argument 'queue_size' not an argument of 'Pymultinest', removing.
04:33 bilby WARNING : Supplied argument 'check_point_delta_t' not an argument of 'Pymultinest', removing.
04:33 bilby INFO    : Using sampler Pymultinest with kwargs {'importance_nested_sampling': False, 'resume': True, 'verbose': True, 'sampling_efficiency': 'parameter', 'n_live_points': 2048, 'n_params': 4, 'n_clustering_params': None, 'wrapped_params': None, 'multimodal': True, 'const_efficiency_mode': False, 'evidence_tolerance': 0.5, 'n_iter_before_update': 100, 'null_log_evidence': -1e+90, 'max_modes': 100, 'mode_tolerance': -1e+90, 'seed': 42, 'context': 0, 'write_output': True, 'log_zero': -1e+100, 'max_iter': 0, 'init_MPI': False, 'dump_callback': <bound method Pymultinest._dump_callback of <bilby.core.sampler.pymultinest.Pymultinest object at 0x1554d5412050>>}
04:33 bilby INFO    : Temporary directory incompatible with MPI, will run in original directory
04:33 bilby INFO    : Using output file outdirBNSBu32cores/pm_AT170817/
04:33 bilby WARNING : Supplied argument 'queue_size' not an argument of 'Pymultinest', removing.
04:33 bilby WARNING : Supplied argument 'check_point_delta_t' not an argument of 'Pymultinest', removing.
04:33 bilby INFO    : Using sampler Pymultinest with kwargs {'importance_nested_sampling': False, 'resume': True, 'verbose': True, 'sampling_efficiency': 'parameter', 'n_live_points': 2048, 'n_params': 4, 'n_clustering_params': None, 'wrapped_params': None, 'multimodal': True, 'const_efficiency_mode': False, 'evidence_tolerance': 0.5, 'n_iter_before_update': 100, 'null_log_evidence': -1e+90, 'max_modes': 100, 'mode_tolerance': -1e+90, 'seed': 42, 'context': 0, 'write_output': True, 'log_zero': -1e+100, 'max_iter': 0, 'init_MPI': False, 'dump_callback': <bound method Pymultinest._dump_callback of <bilby.core.sampler.pymultinest.Pymultinest object at 0x1554d0655a80>>}
04:33 bilby INFO    : Temporary directory incompatible with MPI, will run in original directory
04:33 bilby INFO    : Using output file outdirBNSBu32cores/pm_AT170817/
04:33 bilby INFO    : Single likelihood evaluation took 4.735e-01 s
04:33 bilby INFO    : Single likelihood evaluation took 4.735e-01 s
04:33 bilby INFO    : Single likelihood evaluation took 4.735e-01 s
04:33 bilby WARNING : Supplied argument 'queue_size' not an argument of 'Pymultinest', removing.
04:33 bilby WARNING : Supplied argument 'check_point_delta_t' not an argument of 'Pymultinest', removing.
04:33 bilby INFO    : Using sampler Pymultinest with kwargs {'importance_nested_sampling': False, 'resume': True, 'verbose': True, 'sampling_efficiency': 'parameter', 'n_live_points': 2048, 'n_params': 4, 'n_clustering_params': None, 'wrapped_params': None, 'multimodal': True, 'const_efficiency_mode': False, 'evidence_tolerance': 0.5, 'n_iter_before_update': 100, 'null_log_evidence': -1e+90, 'max_modes': 100, 'mode_tolerance': -1e+90, 'seed': 42, 'context': 0, 'write_output': True, 'log_zero': -1e+100, 'max_iter': 0, 'init_MPI': False, 'dump_callback': <bound method Pymultinest._dump_callback of <bilby.core.sampler.pymultinest.Pymultinest object at 0x1554d5415c30>>}
04:33 bilby INFO    : Temporary directory incompatible with MPI, will run in original directory
04:33 bilby INFO    : Using output file outdirBNSBu32cores/pm_AT170817/
04:33 bilby WARNING : Supplied argument 'queue_size' not an argument of 'Pymultinest', removing.
04:33 bilby WARNING : Supplied argument 'check_point_delta_t' not an argument of 'Pymultinest', removing.
04:33 bilby INFO    : Using sampler Pymultinest with kwargs {'importance_nested_sampling': False, 'resume': True, 'verbose': True, 'sampling_efficiency': 'parameter', 'n_live_points': 2048, 'n_params': 4, 'n_clustering_params': None, 'wrapped_params': None, 'multimodal': True, 'const_efficiency_mode': False, 'evidence_tolerance': 0.5, 'n_iter_before_update': 100, 'null_log_evidence': -1e+90, 'max_modes': 100, 'mode_tolerance': -1e+90, 'seed': 42, 'context': 0, 'write_output': True, 'log_zero': -1e+100, 'max_iter': 0, 'init_MPI': False, 'dump_callback': <bound method Pymultinest._dump_callback of <bilby.core.sampler.pymultinest.Pymultinest object at 0x1554c91add80>>}
04:33 bilby INFO    : Temporary directory incompatible with MPI, will run in original directory
04:33 bilby INFO    : Using output file outdirBNSBu32cores/pm_AT170817/
04:33 bilby WARNING : Supplied argument 'queue_size' not an argument of 'Pymultinest', removing.
04:33 bilby WARNING : Supplied argument 'check_point_delta_t' not an argument of 'Pymultinest', removing.
04:33 bilby INFO    : Using sampler Pymultinest with kwargs {'importance_nested_sampling': False, 'resume': True, 'verbose': True, 'sampling_efficiency': 'parameter', 'n_live_points': 2048, 'n_params': 4, 'n_clustering_params': None, 'wrapped_params': None, 'multimodal': True, 'const_efficiency_mode': False, 'evidence_tolerance': 0.5, 'n_iter_before_update': 100, 'null_log_evidence': -1e+90, 'max_modes': 100, 'mode_tolerance': -1e+90, 'seed': 42, 'context': 0, 'write_output': True, 'log_zero': -1e+100, 'max_iter': 0, 'init_MPI': False, 'dump_callback': <bound method Pymultinest._dump_callback of <bilby.core.sampler.pymultinest.Pymultinest object at 0x1554d40a2020>>}
04:33 bilby INFO    : Temporary directory incompatible with MPI, will run in original directory
04:33 bilby INFO    : Using output file outdirBNSBu32cores/pm_AT170817/
04:33 bilby WARNING : Supplied argument 'queue_size' not an argument of 'Pymultinest', removing.
04:33 bilby WARNING : Supplied argument 'queue_size' not an argument of 'Pymultinest', removing.
04:33 bilby WARNING : Supplied argument 'check_point_delta_t' not an argument of 'Pymultinest', removing.
04:33 bilby WARNING : Supplied argument 'check_point_delta_t' not an argument of 'Pymultinest', removing.
04:33 bilby INFO    : Using sampler Pymultinest with kwargs {'importance_nested_sampling': False, 'resume': True, 'verbose': True, 'sampling_efficiency': 'parameter', 'n_live_points': 2048, 'n_params': 4, 'n_clustering_params': None, 'wrapped_params': None, 'multimodal': True, 'const_efficiency_mode': False, 'evidence_tolerance': 0.5, 'n_iter_before_update': 100, 'null_log_evidence': -1e+90, 'max_modes': 100, 'mode_tolerance': -1e+90, 'seed': 42, 'context': 0, 'write_output': True, 'log_zero': -1e+100, 'max_iter': 0, 'init_MPI': False, 'dump_callback': <bound method Pymultinest._dump_callback of <bilby.core.sampler.pymultinest.Pymultinest object at 0x1554c91addb0>>}
04:33 bilby INFO    : Using sampler Pymultinest with kwargs {'importance_nested_sampling': False, 'resume': True, 'verbose': True, 'sampling_efficiency': 'parameter', 'n_live_points': 2048, 'n_params': 4, 'n_clustering_params': None, 'wrapped_params': None, 'multimodal': True, 'const_efficiency_mode': False, 'evidence_tolerance': 0.5, 'n_iter_before_update': 100, 'null_log_evidence': -1e+90, 'max_modes': 100, 'mode_tolerance': -1e+90, 'seed': 42, 'context': 0, 'write_output': True, 'log_zero': -1e+100, 'max_iter': 0, 'init_MPI': False, 'dump_callback': <bound method Pymultinest._dump_callback of <bilby.core.sampler.pymultinest.Pymultinest object at 0x1554d5411cf0>>}
04:33 bilby INFO    : Temporary directory incompatible with MPI, will run in original directory
04:33 bilby INFO    : Temporary directory incompatible with MPI, will run in original directory
04:33 bilby INFO    : Using output file outdirBNSBu32cores/pm_AT170817/
04:33 bilby INFO    : Using output file outdirBNSBu32cores/pm_AT170817/
04:33 bilby WARNING : Supplied argument 'queue_size' not an argument of 'Pymultinest', removing.
04:33 bilby WARNING : Supplied argument 'queue_size' not an argument of 'Pymultinest', removing.
04:33 bilby WARNING : Supplied argument 'check_point_delta_t' not an argument of 'Pymultinest', removing.
04:33 bilby WARNING : Supplied argument 'queue_size' not an argument of 'Pymultinest', removing.
04:33 bilby WARNING : Supplied argument 'check_point_delta_t' not an argument of 'Pymultinest', removing.
04:33 bilby WARNING : Supplied argument 'check_point_delta_t' not an argument of 'Pymultinest', removing.
04:33 bilby INFO    : Using sampler Pymultinest with kwargs {'importance_nested_sampling': False, 'resume': True, 'verbose': True, 'sampling_efficiency': 'parameter', 'n_live_points': 2048, 'n_params': 4, 'n_clustering_params': None, 'wrapped_params': None, 'multimodal': True, 'const_efficiency_mode': False, 'evidence_tolerance': 0.5, 'n_iter_before_update': 100, 'null_log_evidence': -1e+90, 'max_modes': 100, 'mode_tolerance': -1e+90, 'seed': 42, 'context': 0, 'write_output': True, 'log_zero': -1e+100, 'max_iter': 0, 'init_MPI': False, 'dump_callback': <bound method Pymultinest._dump_callback of <bilby.core.sampler.pymultinest.Pymultinest object at 0x1554d54065c0>>}
04:33 bilby INFO    : Using sampler Pymultinest with kwargs {'importance_nested_sampling': False, 'resume': True, 'verbose': True, 'sampling_efficiency': 'parameter', 'n_live_points': 2048, 'n_params': 4, 'n_clustering_params': None, 'wrapped_params': None, 'multimodal': True, 'const_efficiency_mode': False, 'evidence_tolerance': 0.5, 'n_iter_before_update': 100, 'null_log_evidence': -1e+90, 'max_modes': 100, 'mode_tolerance': -1e+90, 'seed': 42, 'context': 0, 'write_output': True, 'log_zero': -1e+100, 'max_iter': 0, 'init_MPI': False, 'dump_callback': <bound method Pymultinest._dump_callback of <bilby.core.sampler.pymultinest.Pymultinest object at 0x1554d2d35c30>>}
04:33 bilby INFO    : Using sampler Pymultinest with kwargs {'importance_nested_sampling': False, 'resume': True, 'verbose': True, 'sampling_efficiency': 'parameter', 'n_live_points': 2048, 'n_params': 4, 'n_clustering_params': None, 'wrapped_params': None, 'multimodal': True, 'const_efficiency_mode': False, 'evidence_tolerance': 0.5, 'n_iter_before_update': 100, 'null_log_evidence': -1e+90, 'max_modes': 100, 'mode_tolerance': -1e+90, 'seed': 42, 'context': 0, 'write_output': True, 'log_zero': -1e+100, 'max_iter': 0, 'init_MPI': False, 'dump_callback': <bound method Pymultinest._dump_callback of <bilby.core.sampler.pymultinest.Pymultinest object at 0x1554d19b6470>>}
04:33 bilby INFO    : Temporary directory incompatible with MPI, will run in original directory
04:33 bilby INFO    : Temporary directory incompatible with MPI, will run in original directory
04:33 bilby INFO    : Temporary directory incompatible with MPI, will run in original directory
04:33 bilby INFO    : Using output file outdirBNSBu32cores/pm_AT170817/
04:33 bilby INFO    : Using output file outdirBNSBu32cores/pm_AT170817/
04:33 bilby INFO    : Using output file outdirBNSBu32cores/pm_AT170817/
05:52 bilby INFO    : Sampling time: 1:18:53.613594
05:52 bilby INFO    : Sampling time: 1:18:53.912618
05:52 bilby INFO    : Sampling time: 1:18:53.616831
05:52 bilby INFO    : Sampling time: 1:18:55.271545
05:52 bilby INFO    : Sampling time: 1:18:53.882340
05:52 bilby INFO    : Sampling time: 1:18:53.884709
Traceback (most recent call last):
  File "/home/thussenot/.conda/envs/multinest/lib/python3.10/shutil.py", line 816, in move
05:52 bilby INFO    : Sampling time: 1:18:53.653064
    os.rename(src, real_dst)
FileNotFoundError: [Errno 2] No such file or directory: 'outdirBNSBu32cores/AT170817_result.json' -> 'outdirBNSBu32cores/AT170817_result.json.old'

During handling of the above exception, another exception occurred:

Traceback (most recent call last):
  File "/home/thussenot/.conda/envs/multinest/bin/lightcurve-analysis", line 8, in <module>
    sys.exit(main())
  File "/home/thussenot/.conda/envs/multinest/lib/python3.10/site-packages/nmma/em/analysis.py", line 994, in main
    analysis(args)
  File "/home/thussenot/.conda/envs/multinest/lib/python3.10/site-packages/nmma/em/analysis.py", line 691, in analysis
    result = bilby.run_sampler(
  File "/home/thussenot/.conda/envs/multinest/lib/python3.10/site-packages/bilby/core/sampler/__init__.py", line 262, in run_sampler
    result.save_to_file(extension=save, gzip=gzip, outdir=outdir)
  File "/home/thussenot/.conda/envs/multinest/lib/python3.10/site-packages/bilby/core/result.py", line 783, in save_to_file
    move_old_file(filename, overwrite)
  File "/home/thussenot/.conda/envs/multinest/lib/python3.10/site-packages/bilby/core/utils/io.py", line 411, in move_old_file
    shutil.move(filename, filename + ".old")
  File "/home/thussenot/.conda/envs/multinest/lib/python3.10/shutil.py", line 836, in move
    copy_function(src, real_dst)
  File "/home/thussenot/.conda/envs/multinest/lib/python3.10/shutil.py", line 434, in copy2
    copyfile(src, dst, follow_symlinks=follow_symlinks)
  File "/home/thussenot/.conda/envs/multinest/lib/python3.10/shutil.py", line 254, in copyfile
    with open(src, 'rb') as fsrc:
FileNotFoundError: [Errno 2] No such file or directory: 'outdirBNSBu32cores/AT170817_result.json'
05:52 bilby INFO    : Sampling time: 1:18:55.021230
05:52 bilby INFO    : Sampling time: 1:18:53.926338
05:52 bilby INFO    : Sampling time: 1:18:55.089177
05:52 bilby INFO    : Sampling time: 1:18:53.618579
05:52 bilby INFO    : Sampling time: 1:18:55.266440
05:52 bilby INFO    : Sampling time: 1:18:53.916712
Traceback (most recent call last):
Traceback (most recent call last):
  File "/home/thussenot/.conda/envs/multinest/lib/python3.10/shutil.py", line 816, in move
Traceback (most recent call last):
  File "/home/thussenot/.conda/envs/multinest/lib/python3.10/shutil.py", line 816, in move
Traceback (most recent call last):
  File "/home/thussenot/.conda/envs/multinest/lib/python3.10/shutil.py", line 816, in move
Traceback (most recent call last):
Traceback (most recent call last):
  File "/home/thussenot/.conda/envs/multinest/lib/python3.10/shutil.py", line 816, in move
  File "/home/thussenot/.conda/envs/multinest/lib/python3.10/shutil.py", line 816, in move
  File "/home/thussenot/.conda/envs/multinest/lib/python3.10/shutil.py", line 816, in move
    os.rename(src, real_dst)
    os.rename(src, real_dst)
    os.rename(src, real_dst)
FileNotFoundError: [Errno 2] No such file or directory: 'outdirBNSBu32cores/AT170817_result.json' -> 'outdirBNSBu32cores/AT170817_result.json.old'

During handling of the above exception, another exception occurred:

Traceback (most recent call last):
  File "/home/thussenot/.conda/envs/multinest/bin/lightcurve-analysis", line 8, in <module>
FileNotFoundError: [Errno 2] No such file or directory: 'outdirBNSBu32cores/AT170817_result.json' -> 'outdirBNSBu32cores/AT170817_result.json.old'

During handling of the above exception, another exception occurred:

Traceback (most recent call last):
  File "/home/thussenot/.conda/envs/multinest/bin/lightcurve-analysis", line 8, in <module>
    os.rename(src, real_dst)
FileNotFoundError: [Errno 2] No such file or directory: 'outdirBNSBu32cores/AT170817_result.json' -> 'outdirBNSBu32cores/AT170817_result.json.old'

During handling of the above exception, another exception occurred:

Traceback (most recent call last):
  File "/home/thussenot/.conda/envs/multinest/bin/lightcurve-analysis", line 8, in <module>
    os.rename(src, real_dst)
FileNotFoundError: [Errno 2] No such file or directory: 'outdirBNSBu32cores/AT170817_result.json' -> 'outdirBNSBu32cores/AT170817_result.json.old'

During handling of the above exception, another exception occurred:

Traceback (most recent call last):
  File "/home/thussenot/.conda/envs/multinest/bin/lightcurve-analysis", line 8, in <module>
    sys.exit(main())
  File "/home/thussenot/.conda/envs/multinest/lib/python3.10/site-packages/nmma/em/analysis.py", line 994, in main
FileNotFoundError: [Errno 2] No such file or directory: 'outdirBNSBu32cores/AT170817_result.json' -> 'outdirBNSBu32cores/AT170817_result.json.old'

During handling of the above exception, another exception occurred:

Traceback (most recent call last):
  File "/home/thussenot/.conda/envs/multinest/bin/lightcurve-analysis", line 8, in <module>
    os.rename(src, real_dst)
    sys.exit(main())
  File "/home/thussenot/.conda/envs/multinest/lib/python3.10/site-packages/nmma/em/analysis.py", line 994, in main
FileNotFoundError: [Errno 2] No such file or directory: 'outdirBNSBu32cores/AT170817_result.json' -> 'outdirBNSBu32cores/AT170817_result.json.old'
    sys.exit(main())
  File "/home/thussenot/.conda/envs/multinest/lib/python3.10/site-packages/nmma/em/analysis.py", line 994, in main
    sys.exit(main())
  File "/home/thussenot/.conda/envs/multinest/lib/python3.10/site-packages/nmma/em/analysis.py", line 994, in main
    sys.exit(main())
  File "/home/thussenot/.conda/envs/multinest/lib/python3.10/site-packages/nmma/em/analysis.py", line 994, in main

During handling of the above exception, another exception occurred:

Traceback (most recent call last):
  File "/home/thussenot/.conda/envs/multinest/bin/lightcurve-analysis", line 8, in <module>
    analysis(args)
  File "/home/thussenot/.conda/envs/multinest/lib/python3.10/site-packages/nmma/em/analysis.py", line 691, in analysis
    sys.exit(main())
  File "/home/thussenot/.conda/envs/multinest/lib/python3.10/site-packages/nmma/em/analysis.py", line 994, in main
    result = bilby.run_sampler(
  File "/home/thussenot/.conda/envs/multinest/lib/python3.10/site-packages/bilby/core/sampler/__init__.py", line 262, in run_sampler
    analysis(args)
  File "/home/thussenot/.conda/envs/multinest/lib/python3.10/site-packages/nmma/em/analysis.py", line 691, in analysis
    analysis(args)
    analysis(args)
  File "/home/thussenot/.conda/envs/multinest/lib/python3.10/site-packages/nmma/em/analysis.py", line 691, in analysis
    analysis(args)
  File "/home/thussenot/.conda/envs/multinest/lib/python3.10/site-packages/nmma/em/analysis.py", line 691, in analysis
  File "/home/thussenot/.conda/envs/multinest/lib/python3.10/site-packages/nmma/em/analysis.py", line 691, in analysis
    result.save_to_file(extension=save, gzip=gzip, outdir=outdir)
  File "/home/thussenot/.conda/envs/multinest/lib/python3.10/site-packages/bilby/core/result.py", line 783, in save_to_file
    result = bilby.run_sampler(
  File "/home/thussenot/.conda/envs/multinest/lib/python3.10/site-packages/bilby/core/sampler/__init__.py", line 262, in run_sampler
    result = bilby.run_sampler(
  File "/home/thussenot/.conda/envs/multinest/lib/python3.10/site-packages/bilby/core/sampler/__init__.py", line 262, in run_sampler
    analysis(args)
  File "/home/thussenot/.conda/envs/multinest/lib/python3.10/site-packages/nmma/em/analysis.py", line 691, in analysis
    result = bilby.run_sampler(
  File "/home/thussenot/.conda/envs/multinest/lib/python3.10/site-packages/bilby/core/sampler/__init__.py", line 262, in run_sampler
    result = bilby.run_sampler(
  File "/home/thussenot/.conda/envs/multinest/lib/python3.10/site-packages/bilby/core/sampler/__init__.py", line 262, in run_sampler
    result.save_to_file(extension=save, gzip=gzip, outdir=outdir)
  File "/home/thussenot/.conda/envs/multinest/lib/python3.10/site-packages/bilby/core/result.py", line 783, in save_to_file
    move_old_file(filename, overwrite)
  File "/home/thussenot/.conda/envs/multinest/lib/python3.10/site-packages/bilby/core/utils/io.py", line 411, in move_old_file
    result.save_to_file(extension=save, gzip=gzip, outdir=outdir)
  File "/home/thussenot/.conda/envs/multinest/lib/python3.10/site-packages/bilby/core/result.py", line 783, in save_to_file
    result.save_to_file(extension=save, gzip=gzip, outdir=outdir)
    result.save_to_file(extension=save, gzip=gzip, outdir=outdir)
  File "/home/thussenot/.conda/envs/multinest/lib/python3.10/site-packages/bilby/core/result.py", line 783, in save_to_file
  File "/home/thussenot/.conda/envs/multinest/lib/python3.10/site-packages/bilby/core/result.py", line 783, in save_to_file
    shutil.move(filename, filename + ".old")
    result = bilby.run_sampler(
  File "/home/thussenot/.conda/envs/multinest/lib/python3.10/site-packages/bilby/core/sampler/__init__.py", line 262, in run_sampler
    move_old_file(filename, overwrite)
  File "/home/thussenot/.conda/envs/multinest/lib/python3.10/site-packages/bilby/core/utils/io.py", line 411, in move_old_file
    move_old_file(filename, overwrite)
  File "/home/thussenot/.conda/envs/multinest/lib/python3.10/site-packages/bilby/core/utils/io.py", line 411, in move_old_file
    move_old_file(filename, overwrite)
  File "/home/thussenot/.conda/envs/multinest/lib/python3.10/site-packages/bilby/core/utils/io.py", line 411, in move_old_file
    move_old_file(filename, overwrite)
  File "/home/thussenot/.conda/envs/multinest/lib/python3.10/site-packages/bilby/core/utils/io.py", line 411, in move_old_file
  File "/home/thussenot/.conda/envs/multinest/lib/python3.10/shutil.py", line 836, in move
    result.save_to_file(extension=save, gzip=gzip, outdir=outdir)
    shutil.move(filename, filename + ".old")
  File "/home/thussenot/.conda/envs/multinest/lib/python3.10/shutil.py", line 836, in move
  File "/home/thussenot/.conda/envs/multinest/lib/python3.10/site-packages/bilby/core/result.py", line 783, in save_to_file
    shutil.move(filename, filename + ".old")
    shutil.move(filename, filename + ".old")
  File "/home/thussenot/.conda/envs/multinest/lib/python3.10/shutil.py", line 836, in move
    shutil.move(filename, filename + ".old")
  File "/home/thussenot/.conda/envs/multinest/lib/python3.10/shutil.py", line 836, in move
    copy_function(src, real_dst)
  File "/home/thussenot/.conda/envs/multinest/lib/python3.10/shutil.py", line 434, in copy2
    copy_function(src, real_dst)
  File "/home/thussenot/.conda/envs/multinest/lib/python3.10/shutil.py", line 434, in copy2
  File "/home/thussenot/.conda/envs/multinest/lib/python3.10/shutil.py", line 836, in move
    move_old_file(filename, overwrite)
    copy_function(src, real_dst)
  File "/home/thussenot/.conda/envs/multinest/lib/python3.10/shutil.py", line 434, in copy2
  File "/home/thussenot/.conda/envs/multinest/lib/python3.10/site-packages/bilby/core/utils/io.py", line 411, in move_old_file
    copyfile(src, dst, follow_symlinks=follow_symlinks)
  File "/home/thussenot/.conda/envs/multinest/lib/python3.10/shutil.py", line 254, in copyfile
    copyfile(src, dst, follow_symlinks=follow_symlinks)
    copy_function(src, real_dst)
  File "/home/thussenot/.conda/envs/multinest/lib/python3.10/shutil.py", line 434, in copy2
    copy_function(src, real_dst)
  File "/home/thussenot/.conda/envs/multinest/lib/python3.10/shutil.py", line 434, in copy2
  File "/home/thussenot/.conda/envs/multinest/lib/python3.10/shutil.py", line 254, in copyfile
    copyfile(src, dst, follow_symlinks=follow_symlinks)
  File "/home/thussenot/.conda/envs/multinest/lib/python3.10/shutil.py", line 254, in copyfile
    shutil.move(filename, filename + ".old")
  File "/home/thussenot/.conda/envs/multinest/lib/python3.10/shutil.py", line 836, in move
    with open(src, 'rb') as fsrc:
FileNotFoundError: [Errno 2] No such file or directory: 'outdirBNSBu32cores/AT170817_result.json'
    copyfile(src, dst, follow_symlinks=follow_symlinks)
  File "/home/thussenot/.conda/envs/multinest/lib/python3.10/shutil.py", line 254, in copyfile
    copyfile(src, dst, follow_symlinks=follow_symlinks)
  File "/home/thussenot/.conda/envs/multinest/lib/python3.10/shutil.py", line 254, in copyfile
    with open(src, 'rb') as fsrc:
    with open(src, 'rb') as fsrc:
FileNotFoundError: [Errno 2] No such file or directory: 'outdirBNSBu32cores/AT170817_result.json'
    with open(src, 'rb') as fsrc:
FileNotFoundError: [Errno 2] No such file or directory: 'outdirBNSBu32cores/AT170817_result.json'
    with open(src, 'rb') as fsrc:
FileNotFoundError: [Errno 2] No such file or directory: 'outdirBNSBu32cores/AT170817_result.json'
FileNotFoundError: [Errno 2] No such file or directory: 'outdirBNSBu32cores/AT170817_result.json'
    copy_function(src, real_dst)
  File "/home/thussenot/.conda/envs/multinest/lib/python3.10/shutil.py", line 434, in copy2
    copyfile(src, dst, follow_symlinks=follow_symlinks)
  File "/home/thussenot/.conda/envs/multinest/lib/python3.10/shutil.py", line 254, in copyfile
    with open(src, 'rb') as fsrc:
FileNotFoundError: [Errno 2] No such file or directory: 'outdirBNSBu32cores/AT170817_result.json'
05:52 bilby INFO    : Sampling time: 1:18:55.407326
05:52 bilby INFO    : Sampling time: 1:18:55.044418
05:52 bilby INFO    : Sampling time: 1:18:55.273310
05:52 bilby INFO    : Sampling time: 1:18:55.180126
05:52 bilby INFO    : Sampling time: 1:18:55.176993
05:52 bilby INFO    : Sampling time: 1:18:53.657718
05:52 bilby INFO    : Sampling time: 1:18:53.749241
05:52 bilby INFO    : Sampling time: 1:18:53.769813
05:52 bilby INFO    : Sampling time: 1:18:55.691613
05:52 bilby INFO    : Sampling time: 1:18:55.269432
05:52 bilby INFO    : Sampling time: 1:18:55.182271
05:52 bilby INFO    : Sampling time: 1:18:55.844696
05:52 bilby INFO    : Sampling time: 1:18:53.676764
05:52 bilby INFO    : Sampling time: 1:18:55.062753
05:52 bilby INFO    : Sampling time: 1:18:53.940696
05:52 bilby INFO    : Sampling time: 1:18:53.944292
05:52 bilby INFO    : Sampling time: 1:18:55.537648
05:52 bilby INFO    : Sampling time: 1:18:53.919033
05:52 bilby INFO    : Sampling time: 1:18:55.777520
05:52 bilby ERROR   : 

Saving the data has failed with the following message:
[Errno 116] Stale file handle
Data has been dumped to outdirBNSBu32cores/AT170817_result.pkl.


Traceback (most recent call last):
  File "/home/thussenot/.conda/envs/multinest/bin/lightcurve-analysis", line 8, in <module>
Traceback (most recent call last):
  File "/home/thussenot/.conda/envs/multinest/bin/lightcurve-analysis", line 8, in <module>
Traceback (most recent call last):
  File "/home/thussenot/.conda/envs/multinest/bin/lightcurve-analysis", line 8, in <module>
Traceback (most recent call last):
  File "/home/thussenot/.conda/envs/multinest/bin/lightcurve-analysis", line 8, in <module>
    sys.exit(main())
  File "/home/thussenot/.conda/envs/multinest/lib/python3.10/site-packages/nmma/em/analysis.py", line 994, in main
    sys.exit(main())
  File "/home/thussenot/.conda/envs/multinest/lib/python3.10/site-packages/nmma/em/analysis.py", line 994, in main
    sys.exit(main())
  File "/home/thussenot/.conda/envs/multinest/lib/python3.10/site-packages/nmma/em/analysis.py", line 994, in main
    sys.exit(main())
  File "/home/thussenot/.conda/envs/multinest/lib/python3.10/site-packages/nmma/em/analysis.py", line 994, in main
    analysis(args)
  File "/home/thussenot/.conda/envs/multinest/lib/python3.10/site-packages/nmma/em/analysis.py", line 691, in analysis
    analysis(args)
  File "/home/thussenot/.conda/envs/multinest/lib/python3.10/site-packages/nmma/em/analysis.py", line 691, in analysis
    analysis(args)
  File "/home/thussenot/.conda/envs/multinest/lib/python3.10/site-packages/nmma/em/analysis.py", line 691, in analysis
    analysis(args)
  File "/home/thussenot/.conda/envs/multinest/lib/python3.10/site-packages/nmma/em/analysis.py", line 691, in analysis
    result = bilby.run_sampler(
  File "/home/thussenot/.conda/envs/multinest/lib/python3.10/site-packages/bilby/core/sampler/__init__.py", line 278, in run_sampler
    result = bilby.run_sampler(
  File "/home/thussenot/.conda/envs/multinest/lib/python3.10/site-packages/bilby/core/sampler/__init__.py", line 278, in run_sampler
    result = bilby.run_sampler(
  File "/home/thussenot/.conda/envs/multinest/lib/python3.10/site-packages/bilby/core/sampler/__init__.py", line 278, in run_sampler
    result = bilby.run_sampler(
  File "/home/thussenot/.conda/envs/multinest/lib/python3.10/site-packages/bilby/core/sampler/__init__.py", line 278, in run_sampler
    result.save_to_file(overwrite=True, extension=save, gzip=gzip, outdir=outdir)
  File "/home/thussenot/.conda/envs/multinest/lib/python3.10/site-packages/bilby/core/result.py", line 783, in save_to_file
    result.save_to_file(overwrite=True, extension=save, gzip=gzip, outdir=outdir)
  File "/home/thussenot/.conda/envs/multinest/lib/python3.10/site-packages/bilby/core/result.py", line 783, in save_to_file
    result.save_to_file(overwrite=True, extension=save, gzip=gzip, outdir=outdir)
  File "/home/thussenot/.conda/envs/multinest/lib/python3.10/site-packages/bilby/core/result.py", line 783, in save_to_file
    result.save_to_file(overwrite=True, extension=save, gzip=gzip, outdir=outdir)
  File "/home/thussenot/.conda/envs/multinest/lib/python3.10/site-packages/bilby/core/result.py", line 783, in save_to_file
    move_old_file(filename, overwrite)
  File "/home/thussenot/.conda/envs/multinest/lib/python3.10/site-packages/bilby/core/utils/io.py", line 406, in move_old_file
    move_old_file(filename, overwrite)
  File "/home/thussenot/.conda/envs/multinest/lib/python3.10/site-packages/bilby/core/utils/io.py", line 406, in move_old_file
    move_old_file(filename, overwrite)
  File "/home/thussenot/.conda/envs/multinest/lib/python3.10/site-packages/bilby/core/utils/io.py", line 406, in move_old_file
    move_old_file(filename, overwrite)
  File "/home/thussenot/.conda/envs/multinest/lib/python3.10/site-packages/bilby/core/utils/io.py", line 406, in move_old_file
    os.remove(filename)
FileNotFoundError: [Errno 2] No such file or directory: 'outdirBNSBu32cores/AT170817_result.json'
    os.remove(filename)
FileNotFoundError: [Errno 2] No such file or directory: 'outdirBNSBu32cores/AT170817_result.json'
    os.remove(filename)
FileNotFoundError: [Errno 2] No such file or directory: 'outdirBNSBu32cores/AT170817_result.json'
    os.remove(filename)
FileNotFoundError: [Errno 2] No such file or directory: 'outdirBNSBu32cores/AT170817_result.json'
Traceback (most recent call last):
  File "/home/thussenot/.conda/envs/multinest/lib/python3.10/shutil.py", line 816, in move
    os.rename(src, real_dst)
FileNotFoundError: [Errno 2] No such file or directory: 'outdirBNSBu32cores/AT170817_result.json' -> 'outdirBNSBu32cores/AT170817_result.json.old'

During handling of the above exception, another exception occurred:

Traceback (most recent call last):
  File "/home/thussenot/.conda/envs/multinest/bin/lightcurve-analysis", line 8, in <module>
    sys.exit(main())
  File "/home/thussenot/.conda/envs/multinest/lib/python3.10/site-packages/nmma/em/analysis.py", line 994, in main
    analysis(args)
  File "/home/thussenot/.conda/envs/multinest/lib/python3.10/site-packages/nmma/em/analysis.py", line 691, in analysis
    result = bilby.run_sampler(
  File "/home/thussenot/.conda/envs/multinest/lib/python3.10/site-packages/bilby/core/sampler/__init__.py", line 262, in run_sampler
    result.save_to_file(extension=save, gzip=gzip, outdir=outdir)
  File "/home/thussenot/.conda/envs/multinest/lib/python3.10/site-packages/bilby/core/result.py", line 783, in save_to_file
    move_old_file(filename, overwrite)
  File "/home/thussenot/.conda/envs/multinest/lib/python3.10/site-packages/bilby/core/utils/io.py", line 411, in move_old_file
    shutil.move(filename, filename + ".old")
  File "/home/thussenot/.conda/envs/multinest/lib/python3.10/shutil.py", line 836, in move
    copy_function(src, real_dst)
  File "/home/thussenot/.conda/envs/multinest/lib/python3.10/shutil.py", line 435, in copy2
    copystat(src, dst, follow_symlinks=follow_symlinks)
  File "/home/thussenot/.conda/envs/multinest/lib/python3.10/shutil.py", line 372, in copystat
    st = lookup("stat")(src, follow_symlinks=follow)
FileNotFoundError: [Errno 2] No such file or directory: 'outdirBNSBu32cores/AT170817_result.json'
05:52 bilby ERROR   : 

Saving the data has failed with the following message:
[Errno 116] Stale file handle
Data has been dumped to outdirBNSBu32cores/AT170817_result.pkl.


Traceback (most recent call last):
  File "/home/thussenot/.conda/envs/multinest/lib/python3.10/shutil.py", line 816, in move
Traceback (most recent call last):
  File "/home/thussenot/.conda/envs/multinest/lib/python3.10/shutil.py", line 816, in move
    os.rename(src, real_dst)
FileNotFoundError: [Errno 2] No such file or directory: 'outdirBNSBu32cores/AT170817_result.json' -> 'outdirBNSBu32cores/AT170817_result.json.old'

During handling of the above exception, another exception occurred:

Traceback (most recent call last):
  File "/home/thussenot/.conda/envs/multinest/bin/lightcurve-analysis", line 8, in <module>
    os.rename(src, real_dst)
FileNotFoundError: [Errno 2] No such file or directory: 'outdirBNSBu32cores/AT170817_result.json' -> 'outdirBNSBu32cores/AT170817_result.json.old'

During handling of the above exception, another exception occurred:

Traceback (most recent call last):
  File "/home/thussenot/.conda/envs/multinest/bin/lightcurve-analysis", line 8, in <module>
    sys.exit(main())
  File "/home/thussenot/.conda/envs/multinest/lib/python3.10/site-packages/nmma/em/analysis.py", line 994, in main
    sys.exit(main())
  File "/home/thussenot/.conda/envs/multinest/lib/python3.10/site-packages/nmma/em/analysis.py", line 994, in main
    analysis(args)
  File "/home/thussenot/.conda/envs/multinest/lib/python3.10/site-packages/nmma/em/analysis.py", line 691, in analysis
    analysis(args)
  File "/home/thussenot/.conda/envs/multinest/lib/python3.10/site-packages/nmma/em/analysis.py", line 691, in analysis
    result = bilby.run_sampler(
  File "/home/thussenot/.conda/envs/multinest/lib/python3.10/site-packages/bilby/core/sampler/__init__.py", line 262, in run_sampler
    result = bilby.run_sampler(
  File "/home/thussenot/.conda/envs/multinest/lib/python3.10/site-packages/bilby/core/sampler/__init__.py", line 262, in run_sampler
    result.save_to_file(extension=save, gzip=gzip, outdir=outdir)
  File "/home/thussenot/.conda/envs/multinest/lib/python3.10/site-packages/bilby/core/result.py", line 783, in save_to_file
    result.save_to_file(extension=save, gzip=gzip, outdir=outdir)
  File "/home/thussenot/.conda/envs/multinest/lib/python3.10/site-packages/bilby/core/result.py", line 783, in save_to_file
    move_old_file(filename, overwrite)
  File "/home/thussenot/.conda/envs/multinest/lib/python3.10/site-packages/bilby/core/utils/io.py", line 411, in move_old_file
    move_old_file(filename, overwrite)
  File "/home/thussenot/.conda/envs/multinest/lib/python3.10/site-packages/bilby/core/utils/io.py", line 411, in move_old_file
    shutil.move(filename, filename + ".old")
  File "/home/thussenot/.conda/envs/multinest/lib/python3.10/shutil.py", line 837, in move
    shutil.move(filename, filename + ".old")
  File "/home/thussenot/.conda/envs/multinest/lib/python3.10/shutil.py", line 837, in move
    os.unlink(src)
FileNotFoundError: [Errno 2] No such file or directory: 'outdirBNSBu32cores/AT170817_result.json'
    os.unlink(src)
FileNotFoundError: [Errno 2] No such file or directory: 'outdirBNSBu32cores/AT170817_result.json'
Traceback (most recent call last):
  File "/home/thussenot/.conda/envs/multinest/bin/lightcurve-analysis", line 8, in <module>
    sys.exit(main())
  File "/home/thussenot/.conda/envs/multinest/lib/python3.10/site-packages/nmma/em/analysis.py", line 994, in main
    analysis(args)
  File "/home/thussenot/.conda/envs/multinest/lib/python3.10/site-packages/nmma/em/analysis.py", line 691, in analysis
    result = bilby.run_sampler(
  File "/home/thussenot/.conda/envs/multinest/lib/python3.10/site-packages/bilby/core/sampler/__init__.py", line 278, in run_sampler
    result.save_to_file(overwrite=True, extension=save, gzip=gzip, outdir=outdir)
  File "/home/thussenot/.conda/envs/multinest/lib/python3.10/site-packages/bilby/core/result.py", line 783, in save_to_file
    move_old_file(filename, overwrite)
  File "/home/thussenot/.conda/envs/multinest/lib/python3.10/site-packages/bilby/core/utils/io.py", line 406, in move_old_file
    os.remove(filename)
FileNotFoundError: [Errno 2] No such file or directory: 'outdirBNSBu32cores/AT170817_result.json'
05:52 bilby INFO    : Summary of results:
nsamples: 11687
ln_noise_evidence:  0.000
ln_evidence: -1072.420 +/-  0.078
ln_bayes_factor: -1072.420 +/-  0.078

05:52 bilby INFO    : Writing samples file to /home/thussenot/kilonovae-H0/170817/articleBu19/01mag40Mpc/outdirBNSBu32cores/AT170817_posterior_samples.dat
05:52 bilby INFO    : Summary of results:
nsamples: 11687
ln_noise_evidence:  0.000
ln_evidence: -1072.420 +/-  0.078
ln_bayes_factor: -1072.420 +/-  0.078

05:52 bilby INFO    : Writing samples file to /home/thussenot/kilonovae-H0/170817/articleBu19/01mag40Mpc/outdirBNSBu32cores/AT170817_posterior_samples.dat
Traceback (most recent call last):
  File "/home/thussenot/.conda/envs/multinest/bin/lightcurve-analysis", line 8, in <module>
Traceback (most recent call last):
  File "/home/thussenot/.conda/envs/multinest/lib/python3.10/shutil.py", line 816, in move
    sys.exit(main())
  File "/home/thussenot/.conda/envs/multinest/lib/python3.10/site-packages/nmma/em/analysis.py", line 994, in main
    os.rename(src, real_dst)
FileNotFoundError: [Errno 2] No such file or directory: 'outdirBNSBu32cores/AT170817_result.json' -> 'outdirBNSBu32cores/AT170817_result.json.old'

During handling of the above exception, another exception occurred:

Traceback (most recent call last):
  File "/home/thussenot/.conda/envs/multinest/bin/lightcurve-analysis", line 8, in <module>
    analysis(args)
  File "/home/thussenot/.conda/envs/multinest/lib/python3.10/site-packages/nmma/em/analysis.py", line 691, in analysis
    sys.exit(main())
  File "/home/thussenot/.conda/envs/multinest/lib/python3.10/site-packages/nmma/em/analysis.py", line 994, in main
    result = bilby.run_sampler(
  File "/home/thussenot/.conda/envs/multinest/lib/python3.10/site-packages/bilby/core/sampler/__init__.py", line 278, in run_sampler
    analysis(args)
  File "/home/thussenot/.conda/envs/multinest/lib/python3.10/site-packages/nmma/em/analysis.py", line 691, in analysis
    result.save_to_file(overwrite=True, extension=save, gzip=gzip, outdir=outdir)
  File "/home/thussenot/.conda/envs/multinest/lib/python3.10/site-packages/bilby/core/result.py", line 783, in save_to_file
    result = bilby.run_sampler(
  File "/home/thussenot/.conda/envs/multinest/lib/python3.10/site-packages/bilby/core/sampler/__init__.py", line 262, in run_sampler
    move_old_file(filename, overwrite)
  File "/home/thussenot/.conda/envs/multinest/lib/python3.10/site-packages/bilby/core/utils/io.py", line 406, in move_old_file
    result.save_to_file(extension=save, gzip=gzip, outdir=outdir)
  File "/home/thussenot/.conda/envs/multinest/lib/python3.10/site-packages/bilby/core/result.py", line 783, in save_to_file
    os.remove(filename)
FileNotFoundError: [Errno 2] No such file or directory: 'outdirBNSBu32cores/AT170817_result.json'
    move_old_file(filename, overwrite)
  File "/home/thussenot/.conda/envs/multinest/lib/python3.10/site-packages/bilby/core/utils/io.py", line 411, in move_old_file
    shutil.move(filename, filename + ".old")
  File "/home/thussenot/.conda/envs/multinest/lib/python3.10/shutil.py", line 837, in move
    os.unlink(src)
FileNotFoundError: [Errno 2] No such file or directory: 'outdirBNSBu32cores/AT170817_result.json'
Traceback (most recent call last):
  File "/home/thussenot/.conda/envs/multinest/lib/python3.10/shutil.py", line 816, in move
Traceback (most recent call last):
  File "/home/thussenot/.conda/envs/multinest/lib/python3.10/shutil.py", line 816, in move
Traceback (most recent call last):
  File "/home/thussenot/.conda/envs/multinest/lib/python3.10/shutil.py", line 816, in move
    os.rename(src, real_dst)
FileNotFoundError: [Errno 2] No such file or directory: 'outdirBNSBu32cores/AT170817_result.json' -> 'outdirBNSBu32cores/AT170817_result.json.old'

During handling of the above exception, another exception occurred:

Traceback (most recent call last):
  File "/home/thussenot/.conda/envs/multinest/bin/lightcurve-analysis", line 8, in <module>
    os.rename(src, real_dst)
FileNotFoundError: [Errno 2] No such file or directory: 'outdirBNSBu32cores/AT170817_result.json' -> 'outdirBNSBu32cores/AT170817_result.json.old'

During handling of the above exception, another exception occurred:

Traceback (most recent call last):
  File "/home/thussenot/.conda/envs/multinest/bin/lightcurve-analysis", line 8, in <module>
    os.rename(src, real_dst)
    sys.exit(main())
  File "/home/thussenot/.conda/envs/multinest/lib/python3.10/site-packages/nmma/em/analysis.py", line 994, in main
FileNotFoundError: [Errno 2] No such file or directory: 'outdirBNSBu32cores/AT170817_result.json' -> 'outdirBNSBu32cores/AT170817_result.json.old'

During handling of the above exception, another exception occurred:

Traceback (most recent call last):
  File "/home/thussenot/.conda/envs/multinest/bin/lightcurve-analysis", line 8, in <module>
    sys.exit(main())
  File "/home/thussenot/.conda/envs/multinest/lib/python3.10/site-packages/nmma/em/analysis.py", line 994, in main
    sys.exit(main())
  File "/home/thussenot/.conda/envs/multinest/lib/python3.10/site-packages/nmma/em/analysis.py", line 994, in main
    analysis(args)
  File "/home/thussenot/.conda/envs/multinest/lib/python3.10/site-packages/nmma/em/analysis.py", line 691, in analysis
    analysis(args)
  File "/home/thussenot/.conda/envs/multinest/lib/python3.10/site-packages/nmma/em/analysis.py", line 691, in analysis
    result = bilby.run_sampler(
  File "/home/thussenot/.conda/envs/multinest/lib/python3.10/site-packages/bilby/core/sampler/__init__.py", line 262, in run_sampler
    result = bilby.run_sampler(
  File "/home/thussenot/.conda/envs/multinest/lib/python3.10/site-packages/bilby/core/sampler/__init__.py", line 262, in run_sampler
    analysis(args)
  File "/home/thussenot/.conda/envs/multinest/lib/python3.10/site-packages/nmma/em/analysis.py", line 691, in analysis
    result.save_to_file(extension=save, gzip=gzip, outdir=outdir)
  File "/home/thussenot/.conda/envs/multinest/lib/python3.10/site-packages/bilby/core/result.py", line 783, in save_to_file
    result.save_to_file(extension=save, gzip=gzip, outdir=outdir)
  File "/home/thussenot/.conda/envs/multinest/lib/python3.10/site-packages/bilby/core/result.py", line 783, in save_to_file
    result = bilby.run_sampler(
  File "/home/thussenot/.conda/envs/multinest/lib/python3.10/site-packages/bilby/core/sampler/__init__.py", line 262, in run_sampler
    move_old_file(filename, overwrite)
  File "/home/thussenot/.conda/envs/multinest/lib/python3.10/site-packages/bilby/core/utils/io.py", line 411, in move_old_file
    result.save_to_file(extension=save, gzip=gzip, outdir=outdir)
  File "/home/thussenot/.conda/envs/multinest/lib/python3.10/site-packages/bilby/core/result.py", line 783, in save_to_file
    move_old_file(filename, overwrite)
  File "/home/thussenot/.conda/envs/multinest/lib/python3.10/site-packages/bilby/core/utils/io.py", line 411, in move_old_file
    shutil.move(filename, filename + ".old")
  File "/home/thussenot/.conda/envs/multinest/lib/python3.10/shutil.py", line 837, in move
    move_old_file(filename, overwrite)
  File "/home/thussenot/.conda/envs/multinest/lib/python3.10/site-packages/bilby/core/utils/io.py", line 411, in move_old_file
    shutil.move(filename, filename + ".old")
  File "/home/thussenot/.conda/envs/multinest/lib/python3.10/shutil.py", line 837, in move
    shutil.move(filename, filename + ".old")
  File "/home/thussenot/.conda/envs/multinest/lib/python3.10/shutil.py", line 837, in move
    os.unlink(src)
FileNotFoundError: [Errno 2] No such file or directory: 'outdirBNSBu32cores/AT170817_result.json'
    os.unlink(src)
FileNotFoundError: [Errno 2] No such file or directory: 'outdirBNSBu32cores/AT170817_result.json'
    os.unlink(src)
FileNotFoundError: [Errno 2] No such file or directory: 'outdirBNSBu32cores/AT170817_result.json'
Traceback (most recent call last):
  File "/home/thussenot/.conda/envs/multinest/lib/python3.10/shutil.py", line 816, in move
Traceback (most recent call last):
  File "/home/thussenot/.conda/envs/multinest/lib/python3.10/shutil.py", line 816, in move
    os.rename(src, real_dst)
FileNotFoundError: [Errno 2] No such file or directory: 'outdirBNSBu32cores/AT170817_result.json' -> 'outdirBNSBu32cores/AT170817_result.json.old'

During handling of the above exception, another exception occurred:

Traceback (most recent call last):
  File "/home/thussenot/.conda/envs/multinest/bin/lightcurve-analysis", line 8, in <module>
    os.rename(src, real_dst)
FileNotFoundError: [Errno 2] No such file or directory: 'outdirBNSBu32cores/AT170817_result.json' -> 'outdirBNSBu32cores/AT170817_result.json.old'

During handling of the above exception, another exception occurred:

Traceback (most recent call last):
  File "/home/thussenot/.conda/envs/multinest/bin/lightcurve-analysis", line 8, in <module>
    sys.exit(main())
  File "/home/thussenot/.conda/envs/multinest/lib/python3.10/site-packages/nmma/em/analysis.py", line 994, in main
    sys.exit(main())
  File "/home/thussenot/.conda/envs/multinest/lib/python3.10/site-packages/nmma/em/analysis.py", line 994, in main
    analysis(args)
  File "/home/thussenot/.conda/envs/multinest/lib/python3.10/site-packages/nmma/em/analysis.py", line 691, in analysis
    analysis(args)
  File "/home/thussenot/.conda/envs/multinest/lib/python3.10/site-packages/nmma/em/analysis.py", line 691, in analysis
    result = bilby.run_sampler(
  File "/home/thussenot/.conda/envs/multinest/lib/python3.10/site-packages/bilby/core/sampler/__init__.py", line 262, in run_sampler
    result = bilby.run_sampler(
  File "/home/thussenot/.conda/envs/multinest/lib/python3.10/site-packages/bilby/core/sampler/__init__.py", line 262, in run_sampler
    result.save_to_file(extension=save, gzip=gzip, outdir=outdir)
  File "/home/thussenot/.conda/envs/multinest/lib/python3.10/site-packages/bilby/core/result.py", line 783, in save_to_file
    result.save_to_file(extension=save, gzip=gzip, outdir=outdir)
  File "/home/thussenot/.conda/envs/multinest/lib/python3.10/site-packages/bilby/core/result.py", line 783, in save_to_file
    move_old_file(filename, overwrite)
  File "/home/thussenot/.conda/envs/multinest/lib/python3.10/site-packages/bilby/core/utils/io.py", line 411, in move_old_file
    move_old_file(filename, overwrite)
  File "/home/thussenot/.conda/envs/multinest/lib/python3.10/site-packages/bilby/core/utils/io.py", line 411, in move_old_file
    shutil.move(filename, filename + ".old")
  File "/home/thussenot/.conda/envs/multinest/lib/python3.10/shutil.py", line 837, in move
    shutil.move(filename, filename + ".old")
  File "/home/thussenot/.conda/envs/multinest/lib/python3.10/shutil.py", line 837, in move
    os.unlink(src)
FileNotFoundError: [Errno 2] No such file or directory: 'outdirBNSBu32cores/AT170817_result.json'
    os.unlink(src)
FileNotFoundError: [Errno 2] No such file or directory: 'outdirBNSBu32cores/AT170817_result.json'
Traceback (most recent call last):
  File "/home/thussenot/.conda/envs/multinest/bin/lightcurve-analysis", line 8, in <module>
    sys.exit(main())
  File "/home/thussenot/.conda/envs/multinest/lib/python3.10/site-packages/nmma/em/analysis.py", line 994, in main
    analysis(args)
  File "/home/thussenot/.conda/envs/multinest/lib/python3.10/site-packages/nmma/em/analysis.py", line 691, in analysis
    result = bilby.run_sampler(
  File "/home/thussenot/.conda/envs/multinest/lib/python3.10/site-packages/bilby/core/sampler/__init__.py", line 278, in run_sampler
    result.save_to_file(overwrite=True, extension=save, gzip=gzip, outdir=outdir)
  File "/home/thussenot/.conda/envs/multinest/lib/python3.10/site-packages/bilby/core/result.py", line 783, in save_to_file
    move_old_file(filename, overwrite)
  File "/home/thussenot/.conda/envs/multinest/lib/python3.10/site-packages/bilby/core/utils/io.py", line 406, in move_old_file
    os.remove(filename)
FileNotFoundError: [Errno 2] No such file or directory: 'outdirBNSBu32cores/AT170817_result.json'
05:52 bilby INFO    : Summary of results:
nsamples: 11687
ln_noise_evidence:  0.000
ln_evidence: -1072.420 +/-  0.078
ln_bayes_factor: -1072.420 +/-  0.078

05:52 bilby INFO    : Writing samples file to /home/thussenot/kilonovae-H0/170817/articleBu19/01mag40Mpc/outdirBNSBu32cores/AT170817_posterior_samples.dat
05:52 bilby INFO    : Summary of results:
nsamples: 11687
ln_noise_evidence:  0.000
ln_evidence: -1072.420 +/-  0.078
ln_bayes_factor: -1072.420 +/-  0.078

05:52 bilby INFO    : Writing samples file to /home/thussenot/kilonovae-H0/170817/articleBu19/01mag40Mpc/outdirBNSBu32cores/AT170817_posterior_samples.dat
Traceback (most recent call last):
  File "/home/thussenot/.conda/envs/multinest/bin/lightcurve-analysis", line 8, in <module>
    sys.exit(main())
  File "/home/thussenot/.conda/envs/multinest/lib/python3.10/site-packages/nmma/em/analysis.py", line 994, in main
    analysis(args)
  File "/home/thussenot/.conda/envs/multinest/lib/python3.10/site-packages/nmma/em/analysis.py", line 691, in analysis
    result = bilby.run_sampler(
  File "/home/thussenot/.conda/envs/multinest/lib/python3.10/site-packages/bilby/core/sampler/__init__.py", line 278, in run_sampler
05:52 bilby INFO    : Summary of results:
nsamples: 11687
ln_noise_evidence:  0.000
ln_evidence: -1072.420 +/-  0.078
ln_bayes_factor: -1072.420 +/-  0.078

    result.save_to_file(overwrite=True, extension=save, gzip=gzip, outdir=outdir)
  File "/home/thussenot/.conda/envs/multinest/lib/python3.10/site-packages/bilby/core/result.py", line 783, in save_to_file
    move_old_file(filename, overwrite)
  File "/home/thussenot/.conda/envs/multinest/lib/python3.10/site-packages/bilby/core/utils/io.py", line 406, in move_old_file
    os.remove(filename)
FileNotFoundError: [Errno 2] No such file or directory: 'outdirBNSBu32cores/AT170817_result.json'
05:52 bilby INFO    : Writing samples file to /home/thussenot/kilonovae-H0/170817/articleBu19/01mag40Mpc/outdirBNSBu32cores/AT170817_posterior_samples.dat
05:52 bilby INFO    : Summary of results:
nsamples: 11687
ln_noise_evidence:  0.000
ln_evidence: -1072.420 +/-  0.078
ln_bayes_factor: -1072.420 +/-  0.078

05:52 bilby INFO    : Writing samples file to /home/thussenot/kilonovae-H0/170817/articleBu19/01mag40Mpc/outdirBNSBu32cores/AT170817_posterior_samples.dat
05:52 bilby INFO    : Summary of results:
nsamples: 11687
ln_noise_evidence:  0.000
ln_evidence: -1072.420 +/-  0.078
ln_bayes_factor: -1072.420 +/-  0.078

05:52 bilby INFO    : Writing samples file to /home/thussenot/kilonovae-H0/170817/articleBu19/01mag40Mpc/outdirBNSBu32cores/AT170817_posterior_samples.dat
05:52 bilby INFO    : Summary of results:
nsamples: 11687
ln_noise_evidence:  0.000
ln_evidence: -1072.420 +/-  0.078
ln_bayes_factor: -1072.420 +/-  0.078

05:52 bilby INFO    : Writing samples file to /home/thussenot/kilonovae-H0/170817/articleBu19/01mag40Mpc/outdirBNSBu32cores/AT170817_posterior_samples.dat
Traceback (most recent call last):
  File "/home/thussenot/.conda/envs/multinest/bin/lightcurve-analysis", line 8, in <module>
    sys.exit(main())
  File "/home/thussenot/.conda/envs/multinest/lib/python3.10/site-packages/nmma/em/analysis.py", line 994, in main
    analysis(args)
  File "/home/thussenot/.conda/envs/multinest/lib/python3.10/site-packages/nmma/em/analysis.py", line 753, in analysis
    posterior_samples = pd.read_csv(posterior_file, header=0, delimiter=" ")
  File "/home/thussenot/.conda/envs/multinest/lib/python3.10/site-packages/pandas/util/_decorators.py", line 211, in wrapper
Traceback (most recent call last):
  File "/home/thussenot/.conda/envs/multinest/bin/lightcurve-analysis", line 8, in <module>
    sys.exit(main())
  File "/home/thussenot/.conda/envs/multinest/lib/python3.10/site-packages/nmma/em/analysis.py", line 994, in main
    analysis(args)
  File "/home/thussenot/.conda/envs/multinest/lib/python3.10/site-packages/nmma/em/analysis.py", line 753, in analysis
    posterior_samples = pd.read_csv(posterior_file, header=0, delimiter=" ")
  File "/home/thussenot/.conda/envs/multinest/lib/python3.10/site-packages/pandas/util/_decorators.py", line 211, in wrapper
    return func(*args, **kwargs)
  File "/home/thussenot/.conda/envs/multinest/lib/python3.10/site-packages/pandas/util/_decorators.py", line 331, in wrapper
    return func(*args, **kwargs)
  File "/home/thussenot/.conda/envs/multinest/lib/python3.10/site-packages/pandas/util/_decorators.py", line 331, in wrapper
    return func(*args, **kwargs)
  File "/home/thussenot/.conda/envs/multinest/lib/python3.10/site-packages/pandas/io/parsers/readers.py", line 950, in read_csv
    return func(*args, **kwargs)
  File "/home/thussenot/.conda/envs/multinest/lib/python3.10/site-packages/pandas/io/parsers/readers.py", line 950, in read_csv
    return _read(filepath_or_buffer, kwds)
  File "/home/thussenot/.conda/envs/multinest/lib/python3.10/site-packages/pandas/io/parsers/readers.py", line 605, in _read
    return _read(filepath_or_buffer, kwds)
  File "/home/thussenot/.conda/envs/multinest/lib/python3.10/site-packages/pandas/io/parsers/readers.py", line 605, in _read
    parser = TextFileReader(filepath_or_buffer, **kwds)
  File "/home/thussenot/.conda/envs/multinest/lib/python3.10/site-packages/pandas/io/parsers/readers.py", line 1442, in __init__
    parser = TextFileReader(filepath_or_buffer, **kwds)
  File "/home/thussenot/.conda/envs/multinest/lib/python3.10/site-packages/pandas/io/parsers/readers.py", line 1442, in __init__
    self._engine = self._make_engine(f, self.engine)
  File "/home/thussenot/.conda/envs/multinest/lib/python3.10/site-packages/pandas/io/parsers/readers.py", line 1753, in _make_engine
    self._engine = self._make_engine(f, self.engine)
  File "/home/thussenot/.conda/envs/multinest/lib/python3.10/site-packages/pandas/io/parsers/readers.py", line 1753, in _make_engine
    return mapping[engine](f, **self.options)
  File "/home/thussenot/.conda/envs/multinest/lib/python3.10/site-packages/pandas/io/parsers/c_parser_wrapper.py", line 79, in __init__
    return mapping[engine](f, **self.options)
  File "/home/thussenot/.conda/envs/multinest/lib/python3.10/site-packages/pandas/io/parsers/c_parser_wrapper.py", line 79, in __init__
    self._reader = parsers.TextReader(src, **kwds)
  File "pandas/_libs/parsers.pyx", line 554, in pandas._libs.parsers.TextReader.__cinit__
    self._reader = parsers.TextReader(src, **kwds)
  File "pandas/_libs/parsers.pyx", line 554, in pandas._libs.parsers.TextReader.__cinit__
pandas.errors.EmptyDataError: No columns to parse from file
pandas.errors.EmptyDataError: No columns to parse from file
/home/thussenot/.conda/envs/multinest/lib/python3.10/site-packages/matplotlib/axes/_base.py:2503: UserWarning: Warning: converting a masked element to nan.
  xys = np.asarray(xys)
/home/thussenot/.conda/envs/multinest/lib/python3.10/site-packages/matplotlib/axes/_base.py:2503: UserWarning: Warning: converting a masked element to nan.
  xys = np.asarray(xys)
/home/thussenot/.conda/envs/multinest/lib/python3.10/site-packages/matplotlib/axes/_base.py:2503: UserWarning: Warning: converting a masked element to nan.
  xys = np.asarray(xys)
/home/thussenot/.conda/envs/multinest/lib/python3.10/site-packages/matplotlib/axes/_base.py:2503: UserWarning: Warning: converting a masked element to nan.
  xys = np.asarray(xys)
/home/thussenot/.conda/envs/multinest/lib/python3.10/site-packages/matplotlib/axes/_base.py:2503: UserWarning: Warning: converting a masked element to nan.
  xys = np.asarray(xys)
/home/thussenot/.conda/envs/multinest/lib/python3.10/site-packages/matplotlib/axes/_base.py:2503: UserWarning: Warning: converting a masked element to nan.
  xys = np.asarray(xys)
--------------------------------------------------------------------------
Primary job  terminated normally, but 1 process returned
a non-zero exit code. Per user-direction, the job has been aborted.
--------------------------------------------------------------------------
--------------------------------------------------------------------------
mpiexec detected that one or more processes exited with non-zero status, thus causing
the job to be terminated. The first process to do so was:

  Process name: [[44529,1],22]
  Exit code:    1
--------------------------------------------------------------------------
/cm/local/apps/slurm/var/spool/job27989160/slurm_script: line 21: 8: command not found
