04:22 bilby INFO    : Running for label 'Constraints170817', output will be saved to 'outdirBNSBu32cores'
04:22 bilby INFO    : Running for label 'Constraints170817', output will be saved to 'outdirBNSBu32cores'
04:22 bilby INFO    : Running for label 'Constraints170817', output will be saved to 'outdirBNSBu32cores'
04:22 bilby INFO    : Running for label 'Constraints170817', output will be saved to 'outdirBNSBu32cores'
04:22 bilby INFO    : Running for label 'Constraints170817', output will be saved to 'outdirBNSBu32cores'
04:22 bilby INFO    : Running for label 'Constraints170817', output will be saved to 'outdirBNSBu32cores'
04:22 bilby INFO    : Running for label 'Constraints170817', output will be saved to 'outdirBNSBu32cores'
04:22 bilby INFO    : Running for label 'Constraints170817', output will be saved to 'outdirBNSBu32cores'
04:22 bilby INFO    : Running for label 'Constraints170817', output will be saved to 'outdirBNSBu32cores'
04:22 bilby INFO    : Running for label 'Constraints170817', output will be saved to 'outdirBNSBu32cores'
04:22 bilby INFO    : Running for label 'Constraints170817', output will be saved to 'outdirBNSBu32cores'
04:22 bilby INFO    : Running for label 'Constraints170817', output will be saved to 'outdirBNSBu32cores'
04:22 bilby INFO    : Running for label 'Constraints170817', output will be saved to 'outdirBNSBu32cores'
04:22 bilby INFO    : Running for label 'Constraints170817', output will be saved to 'outdirBNSBu32cores'
04:22 bilby INFO    : Running for label 'Constraints170817', output will be saved to 'outdirBNSBu32cores'
04:22 bilby INFO    : Running for label 'Constraints170817', output will be saved to 'outdirBNSBu32cores'
04:22 bilby INFO    : Running for label 'Constraints170817', output will be saved to 'outdirBNSBu32cores'
04:22 bilby INFO    : Running for label 'Constraints170817', output will be saved to 'outdirBNSBu32cores'
04:22 bilby INFO    : Running for label 'Constraints170817', output will be saved to 'outdirBNSBu32cores'
04:22 bilby INFO    : Running for label 'Constraints170817', output will be saved to 'outdirBNSBu32cores'
04:22 bilby INFO    : Running for label 'Constraints170817', output will be saved to 'outdirBNSBu32cores'
04:22 bilby INFO    : Running for label 'Constraints170817', output will be saved to 'outdirBNSBu32cores'
04:22 bilby INFO    : Running for label 'Constraints170817', output will be saved to 'outdirBNSBu32cores'
04:22 bilby INFO    : Running for label 'Constraints170817', output will be saved to 'outdirBNSBu32cores'
04:22 bilby INFO    : Running for label 'Constraints170817', output will be saved to 'outdirBNSBu32cores'
04:22 bilby INFO    : Running for label 'Constraints170817', output will be saved to 'outdirBNSBu32cores'
04:22 bilby INFO    : Running for label 'Constraints170817', output will be saved to 'outdirBNSBu32cores'
04:22 bilby INFO    : Running for label 'Constraints170817', output will be saved to 'outdirBNSBu32cores'
04:22 bilby INFO    : Running for label 'Constraints170817', output will be saved to 'outdirBNSBu32cores'
04:22 bilby INFO    : Running for label 'Constraints170817', output will be saved to 'outdirBNSBu32cores'
04:22 bilby INFO    : Running for label 'Constraints170817', output will be saved to 'outdirBNSBu32cores'
04:22 bilby INFO    : Running for label 'Constraints170817', output will be saved to 'outdirBNSBu32cores'
04:22 bilby INFO    : Analysis priors:
04:22 bilby INFO    : Analysis priors:
04:22 bilby INFO    : Analysis priors:
04:22 bilby INFO    : Analysis priors:
04:22 bilby INFO    : Analysis priors:
04:22 bilby INFO    : Analysis priors:
04:22 bilby INFO    : Analysis priors:
04:22 bilby INFO    : Analysis priors:
04:22 bilby INFO    : Analysis priors:
04:22 bilby INFO    : Analysis priors:
04:22 bilby INFO    : Analysis priors:
04:22 bilby INFO    : Analysis priors:
04:22 bilby INFO    : Analysis priors:
04:22 bilby INFO    : Analysis priors:
04:22 bilby INFO    : Analysis priors:
04:22 bilby INFO    : Analysis priors:
04:22 bilby INFO    : Analysis priors:
04:22 bilby INFO    : Analysis priors:
04:22 bilby INFO    : Analysis priors:
04:22 bilby INFO    : Analysis priors:
04:22 bilby INFO    : Analysis priors:
04:22 bilby INFO    : Analysis priors:
04:22 bilby INFO    : Analysis priors:
04:22 bilby INFO    : Analysis priors:
04:22 bilby INFO    : Analysis priors:
04:22 bilby INFO    : Analysis priors:
04:22 bilby INFO    : Analysis priors:
04:22 bilby INFO    : Analysis priors:
04:22 bilby INFO    : Analysis priors:
04:22 bilby INFO    : KNphi=Uniform(minimum=15.0, maximum=75.0, name='KNphi', latex_label='$\\Phi$', unit=None, boundary=None)
04:22 bilby INFO    : log10_mej_dyn=Uniform(minimum=-3.0, maximum=-1.0, name='log10_mej_dyn', latex_label='$\\log_{10}M^{\\rm{dyn}}_{\\rm{ej}}$', unit=None, boundary='reflective')
04:22 bilby INFO    : log10_mej_wind=Uniform(minimum=-3.0, maximum=-0.5, name='log10_mej_wind', latex_label='$\\log_{10}M^{\\rm{wind}}_{\\rm{ej}}$', unit=None, boundary='reflective')
04:22 bilby INFO    : inclination_EM=Sine(minimum=0.33, maximum=0.42, name='inclination_EM', latex_label='$\\iota$', unit=None, boundary=None)
04:22 bilby INFO    : luminosity_distance=Gaussian(mu=43.4, sigma=2, name='luminosity_distance', latex_label='$D_L$', unit=None, boundary=None)
04:22 bilby INFO    : em_syserr=LogUniform(minimum=0.1, maximum=2.0, name='em_syserr', latex_label='$\\sigma$', unit=None, boundary=None)
04:22 bilby INFO    : timeshift=0.0
04:22 bilby INFO    : Ebv=0.0
04:22 bilby INFO    : Analysis likelihood class: <class 'nmma.em.likelihood.OpticalLightCurve'>
04:22 bilby INFO    : Analysis likelihood noise evidence: 0.0
04:22 bilby INFO    : KNphi=Uniform(minimum=15.0, maximum=75.0, name='KNphi', latex_label='$\\Phi$', unit=None, boundary=None)
04:22 bilby INFO    : log10_mej_dyn=Uniform(minimum=-3.0, maximum=-1.0, name='log10_mej_dyn', latex_label='$\\log_{10}M^{\\rm{dyn}}_{\\rm{ej}}$', unit=None, boundary='reflective')
04:22 bilby INFO    : KNphi=Uniform(minimum=15.0, maximum=75.0, name='KNphi', latex_label='$\\Phi$', unit=None, boundary=None)
04:22 bilby INFO    : KNphi=Uniform(minimum=15.0, maximum=75.0, name='KNphi', latex_label='$\\Phi$', unit=None, boundary=None)
04:22 bilby INFO    : log10_mej_dyn=Uniform(minimum=-3.0, maximum=-1.0, name='log10_mej_dyn', latex_label='$\\log_{10}M^{\\rm{dyn}}_{\\rm{ej}}$', unit=None, boundary='reflective')
04:22 bilby INFO    : KNphi=Uniform(minimum=15.0, maximum=75.0, name='KNphi', latex_label='$\\Phi$', unit=None, boundary=None)
04:22 bilby INFO    : log10_mej_dyn=Uniform(minimum=-3.0, maximum=-1.0, name='log10_mej_dyn', latex_label='$\\log_{10}M^{\\rm{dyn}}_{\\rm{ej}}$', unit=None, boundary='reflective')
04:22 bilby INFO    : log10_mej_wind=Uniform(minimum=-3.0, maximum=-0.5, name='log10_mej_wind', latex_label='$\\log_{10}M^{\\rm{wind}}_{\\rm{ej}}$', unit=None, boundary='reflective')
04:22 bilby INFO    : KNphi=Uniform(minimum=15.0, maximum=75.0, name='KNphi', latex_label='$\\Phi$', unit=None, boundary=None)
04:22 bilby INFO    : log10_mej_dyn=Uniform(minimum=-3.0, maximum=-1.0, name='log10_mej_dyn', latex_label='$\\log_{10}M^{\\rm{dyn}}_{\\rm{ej}}$', unit=None, boundary='reflective')
04:22 bilby INFO    : log10_mej_wind=Uniform(minimum=-3.0, maximum=-0.5, name='log10_mej_wind', latex_label='$\\log_{10}M^{\\rm{wind}}_{\\rm{ej}}$', unit=None, boundary='reflective')
04:22 bilby INFO    : inclination_EM=Sine(minimum=0.33, maximum=0.42, name='inclination_EM', latex_label='$\\iota$', unit=None, boundary=None)
04:22 bilby INFO    : luminosity_distance=Gaussian(mu=43.4, sigma=2, name='luminosity_distance', latex_label='$D_L$', unit=None, boundary=None)
04:22 bilby INFO    : em_syserr=LogUniform(minimum=0.1, maximum=2.0, name='em_syserr', latex_label='$\\sigma$', unit=None, boundary=None)
04:22 bilby INFO    : timeshift=0.0
04:22 bilby INFO    : Ebv=0.0
04:22 bilby INFO    : Analysis likelihood class: <class 'nmma.em.likelihood.OpticalLightCurve'>
04:22 bilby INFO    : Analysis likelihood noise evidence: 0.0
04:22 bilby INFO    : KNphi=Uniform(minimum=15.0, maximum=75.0, name='KNphi', latex_label='$\\Phi$', unit=None, boundary=None)
04:22 bilby INFO    : log10_mej_dyn=Uniform(minimum=-3.0, maximum=-1.0, name='log10_mej_dyn', latex_label='$\\log_{10}M^{\\rm{dyn}}_{\\rm{ej}}$', unit=None, boundary='reflective')
04:22 bilby INFO    : log10_mej_wind=Uniform(minimum=-3.0, maximum=-0.5, name='log10_mej_wind', latex_label='$\\log_{10}M^{\\rm{wind}}_{\\rm{ej}}$', unit=None, boundary='reflective')
04:22 bilby INFO    : inclination_EM=Sine(minimum=0.33, maximum=0.42, name='inclination_EM', latex_label='$\\iota$', unit=None, boundary=None)
04:22 bilby INFO    : luminosity_distance=Gaussian(mu=43.4, sigma=2, name='luminosity_distance', latex_label='$D_L$', unit=None, boundary=None)
04:22 bilby INFO    : em_syserr=LogUniform(minimum=0.1, maximum=2.0, name='em_syserr', latex_label='$\\sigma$', unit=None, boundary=None)
04:22 bilby INFO    : timeshift=0.0
04:22 bilby INFO    : Ebv=0.0
04:22 bilby INFO    : Analysis likelihood class: <class 'nmma.em.likelihood.OpticalLightCurve'>
04:22 bilby INFO    : Analysis likelihood noise evidence: 0.0
04:22 bilby INFO    : KNphi=Uniform(minimum=15.0, maximum=75.0, name='KNphi', latex_label='$\\Phi$', unit=None, boundary=None)
04:22 bilby INFO    : log10_mej_dyn=Uniform(minimum=-3.0, maximum=-1.0, name='log10_mej_dyn', latex_label='$\\log_{10}M^{\\rm{dyn}}_{\\rm{ej}}$', unit=None, boundary='reflective')
04:22 bilby INFO    : log10_mej_wind=Uniform(minimum=-3.0, maximum=-0.5, name='log10_mej_wind', latex_label='$\\log_{10}M^{\\rm{wind}}_{\\rm{ej}}$', unit=None, boundary='reflective')
04:22 bilby INFO    : inclination_EM=Sine(minimum=0.33, maximum=0.42, name='inclination_EM', latex_label='$\\iota$', unit=None, boundary=None)
04:22 bilby INFO    : luminosity_distance=Gaussian(mu=43.4, sigma=2, name='luminosity_distance', latex_label='$D_L$', unit=None, boundary=None)
04:22 bilby INFO    : em_syserr=LogUniform(minimum=0.1, maximum=2.0, name='em_syserr', latex_label='$\\sigma$', unit=None, boundary=None)
04:22 bilby INFO    : timeshift=0.0
04:22 bilby INFO    : Ebv=0.0
04:22 bilby INFO    : Analysis likelihood class: <class 'nmma.em.likelihood.OpticalLightCurve'>
04:22 bilby INFO    : KNphi=Uniform(minimum=15.0, maximum=75.0, name='KNphi', latex_label='$\\Phi$', unit=None, boundary=None)
04:22 bilby INFO    : log10_mej_dyn=Uniform(minimum=-3.0, maximum=-1.0, name='log10_mej_dyn', latex_label='$\\log_{10}M^{\\rm{dyn}}_{\\rm{ej}}$', unit=None, boundary='reflective')
04:22 bilby INFO    : log10_mej_wind=Uniform(minimum=-3.0, maximum=-0.5, name='log10_mej_wind', latex_label='$\\log_{10}M^{\\rm{wind}}_{\\rm{ej}}$', unit=None, boundary='reflective')
04:22 bilby INFO    : inclination_EM=Sine(minimum=0.33, maximum=0.42, name='inclination_EM', latex_label='$\\iota$', unit=None, boundary=None)
04:22 bilby INFO    : luminosity_distance=Gaussian(mu=43.4, sigma=2, name='luminosity_distance', latex_label='$D_L$', unit=None, boundary=None)
04:22 bilby INFO    : em_syserr=LogUniform(minimum=0.1, maximum=2.0, name='em_syserr', latex_label='$\\sigma$', unit=None, boundary=None)
04:22 bilby INFO    : timeshift=0.0
04:22 bilby INFO    : Ebv=0.0
04:22 bilby INFO    : Analysis likelihood class: <class 'nmma.em.likelihood.OpticalLightCurve'>
04:22 bilby INFO    : Analysis likelihood noise evidence: 0.0
04:22 bilby INFO    : Analysis priors:
04:22 bilby INFO    : KNphi=Uniform(minimum=15.0, maximum=75.0, name='KNphi', latex_label='$\\Phi$', unit=None, boundary=None)
04:22 bilby INFO    : log10_mej_dyn=Uniform(minimum=-3.0, maximum=-1.0, name='log10_mej_dyn', latex_label='$\\log_{10}M^{\\rm{dyn}}_{\\rm{ej}}$', unit=None, boundary='reflective')
04:22 bilby INFO    : log10_mej_wind=Uniform(minimum=-3.0, maximum=-0.5, name='log10_mej_wind', latex_label='$\\log_{10}M^{\\rm{wind}}_{\\rm{ej}}$', unit=None, boundary='reflective')
04:22 bilby INFO    : inclination_EM=Sine(minimum=0.33, maximum=0.42, name='inclination_EM', latex_label='$\\iota$', unit=None, boundary=None)
04:22 bilby INFO    : luminosity_distance=Gaussian(mu=43.4, sigma=2, name='luminosity_distance', latex_label='$D_L$', unit=None, boundary=None)
04:22 bilby INFO    : em_syserr=LogUniform(minimum=0.1, maximum=2.0, name='em_syserr', latex_label='$\\sigma$', unit=None, boundary=None)
04:22 bilby INFO    : timeshift=0.0
04:22 bilby INFO    : Ebv=0.0
04:22 bilby INFO    : Analysis likelihood class: <class 'nmma.em.likelihood.OpticalLightCurve'>
04:22 bilby INFO    : Analysis likelihood noise evidence: 0.0
04:22 bilby INFO    : KNphi=Uniform(minimum=15.0, maximum=75.0, name='KNphi', latex_label='$\\Phi$', unit=None, boundary=None)
04:22 bilby INFO    : log10_mej_dyn=Uniform(minimum=-3.0, maximum=-1.0, name='log10_mej_dyn', latex_label='$\\log_{10}M^{\\rm{dyn}}_{\\rm{ej}}$', unit=None, boundary='reflective')
04:22 bilby INFO    : log10_mej_wind=Uniform(minimum=-3.0, maximum=-0.5, name='log10_mej_wind', latex_label='$\\log_{10}M^{\\rm{wind}}_{\\rm{ej}}$', unit=None, boundary='reflective')
04:22 bilby INFO    : KNphi=Uniform(minimum=15.0, maximum=75.0, name='KNphi', latex_label='$\\Phi$', unit=None, boundary=None)
04:22 bilby INFO    : log10_mej_dyn=Uniform(minimum=-3.0, maximum=-1.0, name='log10_mej_dyn', latex_label='$\\log_{10}M^{\\rm{dyn}}_{\\rm{ej}}$', unit=None, boundary='reflective')
04:22 bilby INFO    : log10_mej_wind=Uniform(minimum=-3.0, maximum=-0.5, name='log10_mej_wind', latex_label='$\\log_{10}M^{\\rm{wind}}_{\\rm{ej}}$', unit=None, boundary='reflective')
04:22 bilby INFO    : KNphi=Uniform(minimum=15.0, maximum=75.0, name='KNphi', latex_label='$\\Phi$', unit=None, boundary=None)
04:22 bilby INFO    : log10_mej_dyn=Uniform(minimum=-3.0, maximum=-1.0, name='log10_mej_dyn', latex_label='$\\log_{10}M^{\\rm{dyn}}_{\\rm{ej}}$', unit=None, boundary='reflective')
04:22 bilby INFO    : log10_mej_wind=Uniform(minimum=-3.0, maximum=-0.5, name='log10_mej_wind', latex_label='$\\log_{10}M^{\\rm{wind}}_{\\rm{ej}}$', unit=None, boundary='reflective')
04:22 bilby INFO    : inclination_EM=Sine(minimum=0.33, maximum=0.42, name='inclination_EM', latex_label='$\\iota$', unit=None, boundary=None)
04:22 bilby INFO    : luminosity_distance=Gaussian(mu=43.4, sigma=2, name='luminosity_distance', latex_label='$D_L$', unit=None, boundary=None)
04:22 bilby INFO    : em_syserr=LogUniform(minimum=0.1, maximum=2.0, name='em_syserr', latex_label='$\\sigma$', unit=None, boundary=None)
04:22 bilby INFO    : timeshift=0.0
04:22 bilby INFO    : Ebv=0.0
04:22 bilby INFO    : Analysis likelihood class: <class 'nmma.em.likelihood.OpticalLightCurve'>
04:22 bilby INFO    : Analysis likelihood noise evidence: 0.0
04:22 bilby INFO    : KNphi=Uniform(minimum=15.0, maximum=75.0, name='KNphi', latex_label='$\\Phi$', unit=None, boundary=None)
04:22 bilby INFO    : log10_mej_dyn=Uniform(minimum=-3.0, maximum=-1.0, name='log10_mej_dyn', latex_label='$\\log_{10}M^{\\rm{dyn}}_{\\rm{ej}}$', unit=None, boundary='reflective')
04:22 bilby INFO    : log10_mej_wind=Uniform(minimum=-3.0, maximum=-0.5, name='log10_mej_wind', latex_label='$\\log_{10}M^{\\rm{wind}}_{\\rm{ej}}$', unit=None, boundary='reflective')
04:22 bilby INFO    : KNphi=Uniform(minimum=15.0, maximum=75.0, name='KNphi', latex_label='$\\Phi$', unit=None, boundary=None)
04:22 bilby INFO    : log10_mej_dyn=Uniform(minimum=-3.0, maximum=-1.0, name='log10_mej_dyn', latex_label='$\\log_{10}M^{\\rm{dyn}}_{\\rm{ej}}$', unit=None, boundary='reflective')
04:22 bilby INFO    : log10_mej_wind=Uniform(minimum=-3.0, maximum=-0.5, name='log10_mej_wind', latex_label='$\\log_{10}M^{\\rm{wind}}_{\\rm{ej}}$', unit=None, boundary='reflective')
04:22 bilby INFO    : inclination_EM=Sine(minimum=0.33, maximum=0.42, name='inclination_EM', latex_label='$\\iota$', unit=None, boundary=None)
04:22 bilby INFO    : luminosity_distance=Gaussian(mu=43.4, sigma=2, name='luminosity_distance', latex_label='$D_L$', unit=None, boundary=None)
04:22 bilby INFO    : em_syserr=LogUniform(minimum=0.1, maximum=2.0, name='em_syserr', latex_label='$\\sigma$', unit=None, boundary=None)
04:22 bilby INFO    : timeshift=0.0
04:22 bilby INFO    : Ebv=0.0
04:22 bilby INFO    : Analysis likelihood class: <class 'nmma.em.likelihood.OpticalLightCurve'>
04:22 bilby INFO    : Analysis likelihood noise evidence: 0.0
04:22 bilby INFO    : KNphi=Uniform(minimum=15.0, maximum=75.0, name='KNphi', latex_label='$\\Phi$', unit=None, boundary=None)
04:22 bilby INFO    : log10_mej_dyn=Uniform(minimum=-3.0, maximum=-1.0, name='log10_mej_dyn', latex_label='$\\log_{10}M^{\\rm{dyn}}_{\\rm{ej}}$', unit=None, boundary='reflective')
04:22 bilby INFO    : log10_mej_wind=Uniform(minimum=-3.0, maximum=-0.5, name='log10_mej_wind', latex_label='$\\log_{10}M^{\\rm{wind}}_{\\rm{ej}}$', unit=None, boundary='reflective')
04:22 bilby INFO    : inclination_EM=Sine(minimum=0.33, maximum=0.42, name='inclination_EM', latex_label='$\\iota$', unit=None, boundary=None)
04:22 bilby INFO    : luminosity_distance=Gaussian(mu=43.4, sigma=2, name='luminosity_distance', latex_label='$D_L$', unit=None, boundary=None)
04:22 bilby INFO    : em_syserr=LogUniform(minimum=0.1, maximum=2.0, name='em_syserr', latex_label='$\\sigma$', unit=None, boundary=None)
04:22 bilby INFO    : timeshift=0.0
04:22 bilby INFO    : Ebv=0.0
04:22 bilby INFO    : Analysis likelihood class: <class 'nmma.em.likelihood.OpticalLightCurve'>
04:22 bilby INFO    : Analysis likelihood noise evidence: 0.0
04:22 bilby INFO    : KNphi=Uniform(minimum=15.0, maximum=75.0, name='KNphi', latex_label='$\\Phi$', unit=None, boundary=None)
04:22 bilby INFO    : log10_mej_dyn=Uniform(minimum=-3.0, maximum=-1.0, name='log10_mej_dyn', latex_label='$\\log_{10}M^{\\rm{dyn}}_{\\rm{ej}}$', unit=None, boundary='reflective')
04:22 bilby INFO    : log10_mej_wind=Uniform(minimum=-3.0, maximum=-0.5, name='log10_mej_wind', latex_label='$\\log_{10}M^{\\rm{wind}}_{\\rm{ej}}$', unit=None, boundary='reflective')
04:22 bilby INFO    : inclination_EM=Sine(minimum=0.33, maximum=0.42, name='inclination_EM', latex_label='$\\iota$', unit=None, boundary=None)
04:22 bilby INFO    : luminosity_distance=Gaussian(mu=43.4, sigma=2, name='luminosity_distance', latex_label='$D_L$', unit=None, boundary=None)
04:22 bilby INFO    : em_syserr=LogUniform(minimum=0.1, maximum=2.0, name='em_syserr', latex_label='$\\sigma$', unit=None, boundary=None)
04:22 bilby INFO    : timeshift=0.0
04:22 bilby INFO    : Ebv=0.0
04:22 bilby INFO    : Analysis likelihood class: <class 'nmma.em.likelihood.OpticalLightCurve'>
04:22 bilby INFO    : Analysis likelihood noise evidence: 0.0
04:22 bilby INFO    : KNphi=Uniform(minimum=15.0, maximum=75.0, name='KNphi', latex_label='$\\Phi$', unit=None, boundary=None)
04:22 bilby INFO    : log10_mej_dyn=Uniform(minimum=-3.0, maximum=-1.0, name='log10_mej_dyn', latex_label='$\\log_{10}M^{\\rm{dyn}}_{\\rm{ej}}$', unit=None, boundary='reflective')
04:22 bilby INFO    : log10_mej_wind=Uniform(minimum=-3.0, maximum=-0.5, name='log10_mej_wind', latex_label='$\\log_{10}M^{\\rm{wind}}_{\\rm{ej}}$', unit=None, boundary='reflective')
04:22 bilby INFO    : inclination_EM=Sine(minimum=0.33, maximum=0.42, name='inclination_EM', latex_label='$\\iota$', unit=None, boundary=None)
04:22 bilby INFO    : luminosity_distance=Gaussian(mu=43.4, sigma=2, name='luminosity_distance', latex_label='$D_L$', unit=None, boundary=None)
04:22 bilby INFO    : em_syserr=LogUniform(minimum=0.1, maximum=2.0, name='em_syserr', latex_label='$\\sigma$', unit=None, boundary=None)
04:22 bilby INFO    : timeshift=0.0
04:22 bilby INFO    : Ebv=0.0
04:22 bilby INFO    : Analysis likelihood class: <class 'nmma.em.likelihood.OpticalLightCurve'>
04:22 bilby INFO    : Analysis likelihood noise evidence: 0.0
04:22 bilby INFO    : Analysis priors:
04:22 bilby INFO    : KNphi=Uniform(minimum=15.0, maximum=75.0, name='KNphi', latex_label='$\\Phi$', unit=None, boundary=None)
04:22 bilby INFO    : log10_mej_dyn=Uniform(minimum=-3.0, maximum=-1.0, name='log10_mej_dyn', latex_label='$\\log_{10}M^{\\rm{dyn}}_{\\rm{ej}}$', unit=None, boundary='reflective')
04:22 bilby INFO    : log10_mej_wind=Uniform(minimum=-3.0, maximum=-0.5, name='log10_mej_wind', latex_label='$\\log_{10}M^{\\rm{wind}}_{\\rm{ej}}$', unit=None, boundary='reflective')
04:22 bilby INFO    : inclination_EM=Sine(minimum=0.33, maximum=0.42, name='inclination_EM', latex_label='$\\iota$', unit=None, boundary=None)
04:22 bilby INFO    : luminosity_distance=Gaussian(mu=43.4, sigma=2, name='luminosity_distance', latex_label='$D_L$', unit=None, boundary=None)
04:22 bilby INFO    : em_syserr=LogUniform(minimum=0.1, maximum=2.0, name='em_syserr', latex_label='$\\sigma$', unit=None, boundary=None)
04:22 bilby INFO    : KNphi=Uniform(minimum=15.0, maximum=75.0, name='KNphi', latex_label='$\\Phi$', unit=None, boundary=None)
04:22 bilby INFO    : log10_mej_dyn=Uniform(minimum=-3.0, maximum=-1.0, name='log10_mej_dyn', latex_label='$\\log_{10}M^{\\rm{dyn}}_{\\rm{ej}}$', unit=None, boundary='reflective')
04:22 bilby INFO    : log10_mej_wind=Uniform(minimum=-3.0, maximum=-0.5, name='log10_mej_wind', latex_label='$\\log_{10}M^{\\rm{wind}}_{\\rm{ej}}$', unit=None, boundary='reflective')
04:22 bilby INFO    : inclination_EM=Sine(minimum=0.33, maximum=0.42, name='inclination_EM', latex_label='$\\iota$', unit=None, boundary=None)
04:22 bilby INFO    : luminosity_distance=Gaussian(mu=43.4, sigma=2, name='luminosity_distance', latex_label='$D_L$', unit=None, boundary=None)
04:22 bilby INFO    : em_syserr=LogUniform(minimum=0.1, maximum=2.0, name='em_syserr', latex_label='$\\sigma$', unit=None, boundary=None)
04:22 bilby INFO    : timeshift=0.0
04:22 bilby INFO    : Ebv=0.0
04:22 bilby INFO    : Analysis likelihood class: <class 'nmma.em.likelihood.OpticalLightCurve'>
04:22 bilby INFO    : Analysis likelihood noise evidence: 0.0
04:22 bilby INFO    : KNphi=Uniform(minimum=15.0, maximum=75.0, name='KNphi', latex_label='$\\Phi$', unit=None, boundary=None)
04:22 bilby INFO    : log10_mej_dyn=Uniform(minimum=-3.0, maximum=-1.0, name='log10_mej_dyn', latex_label='$\\log_{10}M^{\\rm{dyn}}_{\\rm{ej}}$', unit=None, boundary='reflective')
04:22 bilby INFO    : log10_mej_wind=Uniform(minimum=-3.0, maximum=-0.5, name='log10_mej_wind', latex_label='$\\log_{10}M^{\\rm{wind}}_{\\rm{ej}}$', unit=None, boundary='reflective')
04:22 bilby INFO    : inclination_EM=Sine(minimum=0.33, maximum=0.42, name='inclination_EM', latex_label='$\\iota$', unit=None, boundary=None)
04:22 bilby INFO    : luminosity_distance=Gaussian(mu=43.4, sigma=2, name='luminosity_distance', latex_label='$D_L$', unit=None, boundary=None)
04:22 bilby INFO    : em_syserr=LogUniform(minimum=0.1, maximum=2.0, name='em_syserr', latex_label='$\\sigma$', unit=None, boundary=None)
04:22 bilby INFO    : timeshift=0.0
04:22 bilby INFO    : Ebv=0.0
04:22 bilby INFO    : Analysis likelihood class: <class 'nmma.em.likelihood.OpticalLightCurve'>
04:22 bilby INFO    : Analysis likelihood noise evidence: 0.0
04:22 bilby INFO    : KNphi=Uniform(minimum=15.0, maximum=75.0, name='KNphi', latex_label='$\\Phi$', unit=None, boundary=None)
04:22 bilby INFO    : log10_mej_dyn=Uniform(minimum=-3.0, maximum=-1.0, name='log10_mej_dyn', latex_label='$\\log_{10}M^{\\rm{dyn}}_{\\rm{ej}}$', unit=None, boundary='reflective')
04:22 bilby INFO    : log10_mej_wind=Uniform(minimum=-3.0, maximum=-0.5, name='log10_mej_wind', latex_label='$\\log_{10}M^{\\rm{wind}}_{\\rm{ej}}$', unit=None, boundary='reflective')
04:22 bilby INFO    : Analysis priors:
04:22 bilby INFO    : KNphi=Uniform(minimum=15.0, maximum=75.0, name='KNphi', latex_label='$\\Phi$', unit=None, boundary=None)
04:22 bilby INFO    : log10_mej_dyn=Uniform(minimum=-3.0, maximum=-1.0, name='log10_mej_dyn', latex_label='$\\log_{10}M^{\\rm{dyn}}_{\\rm{ej}}$', unit=None, boundary='reflective')
04:22 bilby INFO    : log10_mej_wind=Uniform(minimum=-3.0, maximum=-0.5, name='log10_mej_wind', latex_label='$\\log_{10}M^{\\rm{wind}}_{\\rm{ej}}$', unit=None, boundary='reflective')
04:22 bilby INFO    : inclination_EM=Sine(minimum=0.33, maximum=0.42, name='inclination_EM', latex_label='$\\iota$', unit=None, boundary=None)
04:22 bilby INFO    : luminosity_distance=Gaussian(mu=43.4, sigma=2, name='luminosity_distance', latex_label='$D_L$', unit=None, boundary=None)
04:22 bilby INFO    : em_syserr=LogUniform(minimum=0.1, maximum=2.0, name='em_syserr', latex_label='$\\sigma$', unit=None, boundary=None)
04:22 bilby INFO    : timeshift=0.0
04:22 bilby INFO    : Ebv=0.0
04:22 bilby INFO    : Analysis likelihood class: <class 'nmma.em.likelihood.OpticalLightCurve'>
04:22 bilby INFO    : Analysis likelihood noise evidence: 0.0
04:22 bilby INFO    : KNphi=Uniform(minimum=15.0, maximum=75.0, name='KNphi', latex_label='$\\Phi$', unit=None, boundary=None)
04:22 bilby INFO    : log10_mej_dyn=Uniform(minimum=-3.0, maximum=-1.0, name='log10_mej_dyn', latex_label='$\\log_{10}M^{\\rm{dyn}}_{\\rm{ej}}$', unit=None, boundary='reflective')
04:22 bilby INFO    : log10_mej_wind=Uniform(minimum=-3.0, maximum=-0.5, name='log10_mej_wind', latex_label='$\\log_{10}M^{\\rm{wind}}_{\\rm{ej}}$', unit=None, boundary='reflective')
04:22 bilby INFO    : KNphi=Uniform(minimum=15.0, maximum=75.0, name='KNphi', latex_label='$\\Phi$', unit=None, boundary=None)
04:22 bilby INFO    : KNphi=Uniform(minimum=15.0, maximum=75.0, name='KNphi', latex_label='$\\Phi$', unit=None, boundary=None)
04:22 bilby INFO    : log10_mej_dyn=Uniform(minimum=-3.0, maximum=-1.0, name='log10_mej_dyn', latex_label='$\\log_{10}M^{\\rm{dyn}}_{\\rm{ej}}$', unit=None, boundary='reflective')
04:22 bilby INFO    : log10_mej_wind=Uniform(minimum=-3.0, maximum=-0.5, name='log10_mej_wind', latex_label='$\\log_{10}M^{\\rm{wind}}_{\\rm{ej}}$', unit=None, boundary='reflective')
04:22 bilby INFO    : log10_mej_wind=Uniform(minimum=-3.0, maximum=-0.5, name='log10_mej_wind', latex_label='$\\log_{10}M^{\\rm{wind}}_{\\rm{ej}}$', unit=None, boundary='reflective')
04:22 bilby INFO    : KNphi=Uniform(minimum=15.0, maximum=75.0, name='KNphi', latex_label='$\\Phi$', unit=None, boundary=None)
04:22 bilby INFO    : Analysis likelihood noise evidence: 0.0
04:22 bilby INFO    : timeshift=0.0
04:22 bilby INFO    : log10_mej_dyn=Uniform(minimum=-3.0, maximum=-1.0, name='log10_mej_dyn', latex_label='$\\log_{10}M^{\\rm{dyn}}_{\\rm{ej}}$', unit=None, boundary='reflective')
04:22 bilby INFO    : KNphi=Uniform(minimum=15.0, maximum=75.0, name='KNphi', latex_label='$\\Phi$', unit=None, boundary=None)
04:22 bilby INFO    : log10_mej_dyn=Uniform(minimum=-3.0, maximum=-1.0, name='log10_mej_dyn', latex_label='$\\log_{10}M^{\\rm{dyn}}_{\\rm{ej}}$', unit=None, boundary='reflective')
04:22 bilby INFO    : KNphi=Uniform(minimum=15.0, maximum=75.0, name='KNphi', latex_label='$\\Phi$', unit=None, boundary=None)
04:22 bilby INFO    : Ebv=0.0
04:22 bilby INFO    : KNphi=Uniform(minimum=15.0, maximum=75.0, name='KNphi', latex_label='$\\Phi$', unit=None, boundary=None)
04:22 bilby INFO    : inclination_EM=Sine(minimum=0.33, maximum=0.42, name='inclination_EM', latex_label='$\\iota$', unit=None, boundary=None)
04:22 bilby INFO    : log10_mej_wind=Uniform(minimum=-3.0, maximum=-0.5, name='log10_mej_wind', latex_label='$\\log_{10}M^{\\rm{wind}}_{\\rm{ej}}$', unit=None, boundary='reflective')
04:22 bilby INFO    : inclination_EM=Sine(minimum=0.33, maximum=0.42, name='inclination_EM', latex_label='$\\iota$', unit=None, boundary=None)
04:22 bilby INFO    : Analysis likelihood class: <class 'nmma.em.likelihood.OpticalLightCurve'>
04:22 bilby INFO    : inclination_EM=Sine(minimum=0.33, maximum=0.42, name='inclination_EM', latex_label='$\\iota$', unit=None, boundary=None)
04:22 bilby INFO    : inclination_EM=Sine(minimum=0.33, maximum=0.42, name='inclination_EM', latex_label='$\\iota$', unit=None, boundary=None)
04:22 bilby INFO    : inclination_EM=Sine(minimum=0.33, maximum=0.42, name='inclination_EM', latex_label='$\\iota$', unit=None, boundary=None)
04:22 bilby INFO    : inclination_EM=Sine(minimum=0.33, maximum=0.42, name='inclination_EM', latex_label='$\\iota$', unit=None, boundary=None)
04:22 bilby INFO    : inclination_EM=Sine(minimum=0.33, maximum=0.42, name='inclination_EM', latex_label='$\\iota$', unit=None, boundary=None)
04:22 bilby INFO    : log10_mej_dyn=Uniform(minimum=-3.0, maximum=-1.0, name='log10_mej_dyn', latex_label='$\\log_{10}M^{\\rm{dyn}}_{\\rm{ej}}$', unit=None, boundary='reflective')
04:22 bilby INFO    : inclination_EM=Sine(minimum=0.33, maximum=0.42, name='inclination_EM', latex_label='$\\iota$', unit=None, boundary=None)
04:22 bilby INFO    : Analysis likelihood noise evidence: 0.0
04:22 bilby INFO    : log10_mej_wind=Uniform(minimum=-3.0, maximum=-0.5, name='log10_mej_wind', latex_label='$\\log_{10}M^{\\rm{wind}}_{\\rm{ej}}$', unit=None, boundary='reflective')
04:22 bilby INFO    : log10_mej_wind=Uniform(minimum=-3.0, maximum=-0.5, name='log10_mej_wind', latex_label='$\\log_{10}M^{\\rm{wind}}_{\\rm{ej}}$', unit=None, boundary='reflective')
04:22 bilby INFO    : log10_mej_dyn=Uniform(minimum=-3.0, maximum=-1.0, name='log10_mej_dyn', latex_label='$\\log_{10}M^{\\rm{dyn}}_{\\rm{ej}}$', unit=None, boundary='reflective')
04:22 bilby INFO    : log10_mej_dyn=Uniform(minimum=-3.0, maximum=-1.0, name='log10_mej_dyn', latex_label='$\\log_{10}M^{\\rm{dyn}}_{\\rm{ej}}$', unit=None, boundary='reflective')
04:22 bilby INFO    : luminosity_distance=Gaussian(mu=43.4, sigma=2, name='luminosity_distance', latex_label='$D_L$', unit=None, boundary=None)
04:22 bilby INFO    : luminosity_distance=Gaussian(mu=43.4, sigma=2, name='luminosity_distance', latex_label='$D_L$', unit=None, boundary=None)
04:22 bilby INFO    : log10_mej_dyn=Uniform(minimum=-3.0, maximum=-1.0, name='log10_mej_dyn', latex_label='$\\log_{10}M^{\\rm{dyn}}_{\\rm{ej}}$', unit=None, boundary='reflective')
04:22 bilby INFO    : luminosity_distance=Gaussian(mu=43.4, sigma=2, name='luminosity_distance', latex_label='$D_L$', unit=None, boundary=None)
04:22 bilby INFO    : inclination_EM=Sine(minimum=0.33, maximum=0.42, name='inclination_EM', latex_label='$\\iota$', unit=None, boundary=None)
04:22 bilby INFO    : luminosity_distance=Gaussian(mu=43.4, sigma=2, name='luminosity_distance', latex_label='$D_L$', unit=None, boundary=None)
04:22 bilby INFO    : luminosity_distance=Gaussian(mu=43.4, sigma=2, name='luminosity_distance', latex_label='$D_L$', unit=None, boundary=None)
04:22 bilby INFO    : luminosity_distance=Gaussian(mu=43.4, sigma=2, name='luminosity_distance', latex_label='$D_L$', unit=None, boundary=None)
04:22 bilby INFO    : luminosity_distance=Gaussian(mu=43.4, sigma=2, name='luminosity_distance', latex_label='$D_L$', unit=None, boundary=None)
04:22 bilby INFO    : luminosity_distance=Gaussian(mu=43.4, sigma=2, name='luminosity_distance', latex_label='$D_L$', unit=None, boundary=None)
04:22 bilby INFO    : log10_mej_wind=Uniform(minimum=-3.0, maximum=-0.5, name='log10_mej_wind', latex_label='$\\log_{10}M^{\\rm{wind}}_{\\rm{ej}}$', unit=None, boundary='reflective')
04:22 bilby INFO    : inclination_EM=Sine(minimum=0.33, maximum=0.42, name='inclination_EM', latex_label='$\\iota$', unit=None, boundary=None)
04:22 bilby INFO    : log10_mej_wind=Uniform(minimum=-3.0, maximum=-0.5, name='log10_mej_wind', latex_label='$\\log_{10}M^{\\rm{wind}}_{\\rm{ej}}$', unit=None, boundary='reflective')
04:22 bilby INFO    : inclination_EM=Sine(minimum=0.33, maximum=0.42, name='inclination_EM', latex_label='$\\iota$', unit=None, boundary=None)
04:22 bilby INFO    : log10_mej_wind=Uniform(minimum=-3.0, maximum=-0.5, name='log10_mej_wind', latex_label='$\\log_{10}M^{\\rm{wind}}_{\\rm{ej}}$', unit=None, boundary='reflective')
04:22 bilby INFO    : log10_mej_wind=Uniform(minimum=-3.0, maximum=-0.5, name='log10_mej_wind', latex_label='$\\log_{10}M^{\\rm{wind}}_{\\rm{ej}}$', unit=None, boundary='reflective')
04:22 bilby INFO    : em_syserr=LogUniform(minimum=0.1, maximum=2.0, name='em_syserr', latex_label='$\\sigma$', unit=None, boundary=None)
04:22 bilby INFO    : em_syserr=LogUniform(minimum=0.1, maximum=2.0, name='em_syserr', latex_label='$\\sigma$', unit=None, boundary=None)
04:22 bilby INFO    : luminosity_distance=Gaussian(mu=43.4, sigma=2, name='luminosity_distance', latex_label='$D_L$', unit=None, boundary=None)
04:22 bilby INFO    : em_syserr=LogUniform(minimum=0.1, maximum=2.0, name='em_syserr', latex_label='$\\sigma$', unit=None, boundary=None)
04:22 bilby INFO    : em_syserr=LogUniform(minimum=0.1, maximum=2.0, name='em_syserr', latex_label='$\\sigma$', unit=None, boundary=None)
04:22 bilby INFO    : inclination_EM=Sine(minimum=0.33, maximum=0.42, name='inclination_EM', latex_label='$\\iota$', unit=None, boundary=None)
04:22 bilby INFO    : timeshift=0.0
04:22 bilby INFO    : em_syserr=LogUniform(minimum=0.1, maximum=2.0, name='em_syserr', latex_label='$\\sigma$', unit=None, boundary=None)
04:22 bilby INFO    : em_syserr=LogUniform(minimum=0.1, maximum=2.0, name='em_syserr', latex_label='$\\sigma$', unit=None, boundary=None)
04:22 bilby INFO    : em_syserr=LogUniform(minimum=0.1, maximum=2.0, name='em_syserr', latex_label='$\\sigma$', unit=None, boundary=None)
04:22 bilby INFO    : em_syserr=LogUniform(minimum=0.1, maximum=2.0, name='em_syserr', latex_label='$\\sigma$', unit=None, boundary=None)
04:22 bilby INFO    : timeshift=0.0
04:22 bilby INFO    : timeshift=0.0
04:22 bilby INFO    : timeshift=0.0
04:22 bilby INFO    : luminosity_distance=Gaussian(mu=43.4, sigma=2, name='luminosity_distance', latex_label='$D_L$', unit=None, boundary=None)
04:22 bilby INFO    : Ebv=0.0
04:22 bilby INFO    : luminosity_distance=Gaussian(mu=43.4, sigma=2, name='luminosity_distance', latex_label='$D_L$', unit=None, boundary=None)
04:22 bilby INFO    : timeshift=0.0
04:22 bilby INFO    : Ebv=0.0
04:22 bilby INFO    : inclination_EM=Sine(minimum=0.33, maximum=0.42, name='inclination_EM', latex_label='$\\iota$', unit=None, boundary=None)
04:22 bilby INFO    : timeshift=0.0
04:22 bilby INFO    : timeshift=0.0
04:22 bilby INFO    : inclination_EM=Sine(minimum=0.33, maximum=0.42, name='inclination_EM', latex_label='$\\iota$', unit=None, boundary=None)
04:22 bilby INFO    : Ebv=0.0
04:22 bilby INFO    : Ebv=0.0
04:22 bilby INFO    : inclination_EM=Sine(minimum=0.33, maximum=0.42, name='inclination_EM', latex_label='$\\iota$', unit=None, boundary=None)
04:22 bilby INFO    : timeshift=0.0
04:22 bilby INFO    : Analysis likelihood class: <class 'nmma.em.likelihood.OpticalLightCurve'>
04:22 bilby INFO    : Analysis likelihood class: <class 'nmma.em.likelihood.OpticalLightCurve'>
04:22 bilby INFO    : Ebv=0.0
04:22 bilby INFO    : Ebv=0.0
04:22 bilby INFO    : Ebv=0.0
04:22 bilby INFO    : Ebv=0.0
04:22 bilby INFO    : Analysis likelihood noise evidence: 0.0
04:22 bilby INFO    : Analysis likelihood class: <class 'nmma.em.likelihood.OpticalLightCurve'>
04:22 bilby INFO    : Analysis likelihood class: <class 'nmma.em.likelihood.OpticalLightCurve'>
04:22 bilby INFO    : em_syserr=LogUniform(minimum=0.1, maximum=2.0, name='em_syserr', latex_label='$\\sigma$', unit=None, boundary=None)
04:22 bilby INFO    : Analysis likelihood noise evidence: 0.0
04:22 bilby INFO    : Analysis likelihood class: <class 'nmma.em.likelihood.OpticalLightCurve'>
04:22 bilby INFO    : luminosity_distance=Gaussian(mu=43.4, sigma=2, name='luminosity_distance', latex_label='$D_L$', unit=None, boundary=None)
04:22 bilby INFO    : Analysis likelihood class: <class 'nmma.em.likelihood.OpticalLightCurve'>
04:22 bilby INFO    : Analysis likelihood class: <class 'nmma.em.likelihood.OpticalLightCurve'>
04:22 bilby INFO    : Analysis likelihood class: <class 'nmma.em.likelihood.OpticalLightCurve'>
04:22 bilby INFO    : timeshift=0.0
04:22 bilby INFO    : Analysis likelihood noise evidence: 0.0
04:22 bilby INFO    : Analysis likelihood noise evidence: 0.0
04:22 bilby INFO    : em_syserr=LogUniform(minimum=0.1, maximum=2.0, name='em_syserr', latex_label='$\\sigma$', unit=None, boundary=None)
04:22 bilby INFO    : Analysis likelihood noise evidence: 0.0
04:22 bilby INFO    : Analysis likelihood noise evidence: 0.0
04:22 bilby INFO    : Analysis likelihood noise evidence: 0.0
04:22 bilby INFO    : Ebv=0.0
04:22 bilby INFO    : luminosity_distance=Gaussian(mu=43.4, sigma=2, name='luminosity_distance', latex_label='$D_L$', unit=None, boundary=None)
04:22 bilby INFO    : Analysis likelihood noise evidence: 0.0
04:22 bilby INFO    : em_syserr=LogUniform(minimum=0.1, maximum=2.0, name='em_syserr', latex_label='$\\sigma$', unit=None, boundary=None)
04:22 bilby INFO    : luminosity_distance=Gaussian(mu=43.4, sigma=2, name='luminosity_distance', latex_label='$D_L$', unit=None, boundary=None)
04:22 bilby INFO    : luminosity_distance=Gaussian(mu=43.4, sigma=2, name='luminosity_distance', latex_label='$D_L$', unit=None, boundary=None)
04:22 bilby INFO    : timeshift=0.0
04:22 bilby INFO    : Analysis likelihood class: <class 'nmma.em.likelihood.OpticalLightCurve'>
04:22 bilby INFO    : timeshift=0.0
04:22 bilby INFO    : Ebv=0.0
04:22 bilby INFO    : Analysis likelihood noise evidence: 0.0
04:22 bilby INFO    : em_syserr=LogUniform(minimum=0.1, maximum=2.0, name='em_syserr', latex_label='$\\sigma$', unit=None, boundary=None)
04:22 bilby INFO    : Ebv=0.0
04:22 bilby INFO    : Analysis likelihood class: <class 'nmma.em.likelihood.OpticalLightCurve'>
04:22 bilby INFO    : Analysis likelihood class: <class 'nmma.em.likelihood.OpticalLightCurve'>
04:22 bilby INFO    : timeshift=0.0
04:22 bilby INFO    : em_syserr=LogUniform(minimum=0.1, maximum=2.0, name='em_syserr', latex_label='$\\sigma$', unit=None, boundary=None)
04:22 bilby INFO    : em_syserr=LogUniform(minimum=0.1, maximum=2.0, name='em_syserr', latex_label='$\\sigma$', unit=None, boundary=None)
04:22 bilby INFO    : Analysis likelihood noise evidence: 0.0
04:22 bilby INFO    : em_syserr=LogUniform(minimum=0.1, maximum=2.0, name='em_syserr', latex_label='$\\sigma$', unit=None, boundary=None)
04:22 bilby INFO    : Ebv=0.0
04:22 bilby INFO    : Analysis likelihood noise evidence: 0.0
04:22 bilby INFO    : timeshift=0.0
04:22 bilby INFO    : timeshift=0.0
04:22 bilby INFO    : Analysis likelihood class: <class 'nmma.em.likelihood.OpticalLightCurve'>
04:22 bilby INFO    : timeshift=0.0
04:22 bilby INFO    : Ebv=0.0
04:22 bilby INFO    : Ebv=0.0
04:22 bilby INFO    : Analysis likelihood noise evidence: 0.0
04:22 bilby INFO    : Ebv=0.0
04:22 bilby INFO    : Analysis likelihood class: <class 'nmma.em.likelihood.OpticalLightCurve'>
04:22 bilby INFO    : Analysis likelihood class: <class 'nmma.em.likelihood.OpticalLightCurve'>
04:22 bilby INFO    : Analysis likelihood class: <class 'nmma.em.likelihood.OpticalLightCurve'>
04:22 bilby INFO    : Analysis likelihood noise evidence: 0.0
04:22 bilby INFO    : Analysis likelihood noise evidence: 0.0
04:22 bilby INFO    : Analysis likelihood noise evidence: 0.0
04:22 bilby INFO    : KNphi=Uniform(minimum=15.0, maximum=75.0, name='KNphi', latex_label='$\\Phi$', unit=None, boundary=None)
04:22 bilby INFO    : log10_mej_dyn=Uniform(minimum=-3.0, maximum=-1.0, name='log10_mej_dyn', latex_label='$\\log_{10}M^{\\rm{dyn}}_{\\rm{ej}}$', unit=None, boundary='reflective')
04:22 bilby INFO    : log10_mej_wind=Uniform(minimum=-3.0, maximum=-0.5, name='log10_mej_wind', latex_label='$\\log_{10}M^{\\rm{wind}}_{\\rm{ej}}$', unit=None, boundary='reflective')
04:22 bilby INFO    : inclination_EM=Sine(minimum=0.33, maximum=0.42, name='inclination_EM', latex_label='$\\iota$', unit=None, boundary=None)
04:22 bilby INFO    : luminosity_distance=Gaussian(mu=43.4, sigma=2, name='luminosity_distance', latex_label='$D_L$', unit=None, boundary=None)
04:22 bilby INFO    : KNphi=Uniform(minimum=15.0, maximum=75.0, name='KNphi', latex_label='$\\Phi$', unit=None, boundary=None)
04:22 bilby INFO    : em_syserr=LogUniform(minimum=0.1, maximum=2.0, name='em_syserr', latex_label='$\\sigma$', unit=None, boundary=None)
04:22 bilby INFO    : log10_mej_dyn=Uniform(minimum=-3.0, maximum=-1.0, name='log10_mej_dyn', latex_label='$\\log_{10}M^{\\rm{dyn}}_{\\rm{ej}}$', unit=None, boundary='reflective')
04:22 bilby INFO    : timeshift=0.0
04:22 bilby INFO    : Ebv=0.0
04:22 bilby INFO    : Analysis likelihood class: <class 'nmma.em.likelihood.OpticalLightCurve'>
04:22 bilby INFO    : log10_mej_wind=Uniform(minimum=-3.0, maximum=-0.5, name='log10_mej_wind', latex_label='$\\log_{10}M^{\\rm{wind}}_{\\rm{ej}}$', unit=None, boundary='reflective')
04:22 bilby INFO    : Analysis likelihood noise evidence: 0.0
04:22 bilby INFO    : inclination_EM=Sine(minimum=0.33, maximum=0.42, name='inclination_EM', latex_label='$\\iota$', unit=None, boundary=None)
04:22 bilby INFO    : luminosity_distance=Gaussian(mu=43.4, sigma=2, name='luminosity_distance', latex_label='$D_L$', unit=None, boundary=None)
04:22 bilby INFO    : em_syserr=LogUniform(minimum=0.1, maximum=2.0, name='em_syserr', latex_label='$\\sigma$', unit=None, boundary=None)
04:22 bilby INFO    : timeshift=0.0
04:22 bilby INFO    : Ebv=0.0
04:22 bilby INFO    : Analysis likelihood class: <class 'nmma.em.likelihood.OpticalLightCurve'>
04:22 bilby INFO    : Analysis likelihood noise evidence: 0.0
04:23 bilby INFO    : Single likelihood evaluation took 4.366e-01 s
04:23 bilby INFO    : Single likelihood evaluation took 4.371e-01 s
04:23 bilby INFO    : Single likelihood evaluation took 4.374e-01 s
04:23 bilby INFO    : Single likelihood evaluation took 4.397e-01 s
04:23 bilby WARNING : Supplied argument 'queue_size' not an argument of 'Pymultinest', removing.
04:23 bilby WARNING : Supplied argument 'check_point_delta_t' not an argument of 'Pymultinest', removing.
04:23 bilby INFO    : Using sampler Pymultinest with kwargs {'importance_nested_sampling': False, 'resume': True, 'verbose': True, 'sampling_efficiency': 'parameter', 'n_live_points': 2048, 'n_params': 6, 'n_clustering_params': None, 'wrapped_params': None, 'multimodal': True, 'const_efficiency_mode': False, 'evidence_tolerance': 0.5, 'n_iter_before_update': 100, 'null_log_evidence': -1e+90, 'max_modes': 100, 'mode_tolerance': -1e+90, 'seed': 42, 'context': 0, 'write_output': True, 'log_zero': -1e+100, 'max_iter': 0, 'init_MPI': False, 'dump_callback': <bound method Pymultinest._dump_callback of <bilby.core.sampler.pymultinest.Pymultinest object at 0x155500fde8c0>>}
04:23 bilby INFO    : Temporary directory incompatible with MPI, will run in original directory
04:23 bilby INFO    : Using output file outdirBNSBu32cores/pm_Constraints170817/
04:23 bilby WARNING : Supplied argument 'queue_size' not an argument of 'Pymultinest', removing.
04:23 bilby WARNING : Supplied argument 'check_point_delta_t' not an argument of 'Pymultinest', removing.
04:23 bilby INFO    : Using sampler Pymultinest with kwargs {'importance_nested_sampling': False, 'resume': True, 'verbose': True, 'sampling_efficiency': 'parameter', 'n_live_points': 2048, 'n_params': 6, 'n_clustering_params': None, 'wrapped_params': None, 'multimodal': True, 'const_efficiency_mode': False, 'evidence_tolerance': 0.5, 'n_iter_before_update': 100, 'null_log_evidence': -1e+90, 'max_modes': 100, 'mode_tolerance': -1e+90, 'seed': 42, 'context': 0, 'write_output': True, 'log_zero': -1e+100, 'max_iter': 0, 'init_MPI': False, 'dump_callback': <bound method Pymultinest._dump_callback of <bilby.core.sampler.pymultinest.Pymultinest object at 0x155500fde6e0>>}
04:23 bilby INFO    : Temporary directory incompatible with MPI, will run in original directory
04:23 bilby INFO    : Using output file outdirBNSBu32cores/pm_Constraints170817/
04:23 bilby WARNING : Supplied argument 'queue_size' not an argument of 'Pymultinest', removing.
04:23 bilby WARNING : Supplied argument 'check_point_delta_t' not an argument of 'Pymultinest', removing.
04:23 bilby INFO    : Using sampler Pymultinest with kwargs {'importance_nested_sampling': False, 'resume': True, 'verbose': True, 'sampling_efficiency': 'parameter', 'n_live_points': 2048, 'n_params': 6, 'n_clustering_params': None, 'wrapped_params': None, 'multimodal': True, 'const_efficiency_mode': False, 'evidence_tolerance': 0.5, 'n_iter_before_update': 100, 'null_log_evidence': -1e+90, 'max_modes': 100, 'mode_tolerance': -1e+90, 'seed': 42, 'context': 0, 'write_output': True, 'log_zero': -1e+100, 'max_iter': 0, 'init_MPI': False, 'dump_callback': <bound method Pymultinest._dump_callback of <bilby.core.sampler.pymultinest.Pymultinest object at 0x155500fdfb50>>}
04:23 bilby INFO    : Temporary directory incompatible with MPI, will run in original directory
04:23 bilby INFO    : Using output file outdirBNSBu32cores/pm_Constraints170817/
04:23 bilby WARNING : Supplied argument 'queue_size' not an argument of 'Pymultinest', removing.
04:23 bilby WARNING : Supplied argument 'check_point_delta_t' not an argument of 'Pymultinest', removing.
04:23 bilby INFO    : Using sampler Pymultinest with kwargs {'importance_nested_sampling': False, 'resume': True, 'verbose': True, 'sampling_efficiency': 'parameter', 'n_live_points': 2048, 'n_params': 6, 'n_clustering_params': None, 'wrapped_params': None, 'multimodal': True, 'const_efficiency_mode': False, 'evidence_tolerance': 0.5, 'n_iter_before_update': 100, 'null_log_evidence': -1e+90, 'max_modes': 100, 'mode_tolerance': -1e+90, 'seed': 42, 'context': 0, 'write_output': True, 'log_zero': -1e+100, 'max_iter': 0, 'init_MPI': False, 'dump_callback': <bound method Pymultinest._dump_callback of <bilby.core.sampler.pymultinest.Pymultinest object at 0x155500fdbb80>>}
04:23 bilby INFO    : Temporary directory incompatible with MPI, will run in original directory
04:23 bilby INFO    : Using output file outdirBNSBu32cores/pm_Constraints170817/
04:23 bilby INFO    : Single likelihood evaluation took 4.440e-01 s
04:23 bilby INFO    : Single likelihood evaluation took 4.442e-01 s
04:23 bilby INFO    : Single likelihood evaluation took 4.444e-01 s
04:23 bilby INFO    : Single likelihood evaluation took 4.446e-01 s
04:23 bilby INFO    : Single likelihood evaluation took 4.434e-01 s
04:23 bilby INFO    : Single likelihood evaluation took 4.462e-01 s
04:23 bilby WARNING : Supplied argument 'queue_size' not an argument of 'Pymultinest', removing.
04:23 bilby WARNING : Supplied argument 'check_point_delta_t' not an argument of 'Pymultinest', removing.
04:23 bilby INFO    : Using sampler Pymultinest with kwargs {'importance_nested_sampling': False, 'resume': True, 'verbose': True, 'sampling_efficiency': 'parameter', 'n_live_points': 2048, 'n_params': 6, 'n_clustering_params': None, 'wrapped_params': None, 'multimodal': True, 'const_efficiency_mode': False, 'evidence_tolerance': 0.5, 'n_iter_before_update': 100, 'null_log_evidence': -1e+90, 'max_modes': 100, 'mode_tolerance': -1e+90, 'seed': 42, 'context': 0, 'write_output': True, 'log_zero': -1e+100, 'max_iter': 0, 'init_MPI': False, 'dump_callback': <bound method Pymultinest._dump_callback of <bilby.core.sampler.pymultinest.Pymultinest object at 0x155500fdcdc0>>}
04:23 bilby INFO    : Temporary directory incompatible with MPI, will run in original directory
04:23 bilby INFO    : Using output file outdirBNSBu32cores/pm_Constraints170817/
04:23 bilby WARNING : Supplied argument 'queue_size' not an argument of 'Pymultinest', removing.
04:23 bilby WARNING : Supplied argument 'check_point_delta_t' not an argument of 'Pymultinest', removing.
04:23 bilby INFO    : Using sampler Pymultinest with kwargs {'importance_nested_sampling': False, 'resume': True, 'verbose': True, 'sampling_efficiency': 'parameter', 'n_live_points': 2048, 'n_params': 6, 'n_clustering_params': None, 'wrapped_params': None, 'multimodal': True, 'const_efficiency_mode': False, 'evidence_tolerance': 0.5, 'n_iter_before_update': 100, 'null_log_evidence': -1e+90, 'max_modes': 100, 'mode_tolerance': -1e+90, 'seed': 42, 'context': 0, 'write_output': True, 'log_zero': -1e+100, 'max_iter': 0, 'init_MPI': False, 'dump_callback': <bound method Pymultinest._dump_callback of <bilby.core.sampler.pymultinest.Pymultinest object at 0x155500fdbb20>>}
04:23 bilby INFO    : Temporary directory incompatible with MPI, will run in original directory
04:23 bilby INFO    : Using output file outdirBNSBu32cores/pm_Constraints170817/
04:23 bilby WARNING : Supplied argument 'queue_size' not an argument of 'Pymultinest', removing.
04:23 bilby WARNING : Supplied argument 'check_point_delta_t' not an argument of 'Pymultinest', removing.
04:23 bilby INFO    : Using sampler Pymultinest with kwargs {'importance_nested_sampling': False, 'resume': True, 'verbose': True, 'sampling_efficiency': 'parameter', 'n_live_points': 2048, 'n_params': 6, 'n_clustering_params': None, 'wrapped_params': None, 'multimodal': True, 'const_efficiency_mode': False, 'evidence_tolerance': 0.5, 'n_iter_before_update': 100, 'null_log_evidence': -1e+90, 'max_modes': 100, 'mode_tolerance': -1e+90, 'seed': 42, 'context': 0, 'write_output': True, 'log_zero': -1e+100, 'max_iter': 0, 'init_MPI': False, 'dump_callback': <bound method Pymultinest._dump_callback of <bilby.core.sampler.pymultinest.Pymultinest object at 0x155500fde680>>}
04:23 bilby INFO    : Temporary directory incompatible with MPI, will run in original directory
04:23 bilby WARNING : Supplied argument 'queue_size' not an argument of 'Pymultinest', removing.
04:23 bilby INFO    : Using output file outdirBNSBu32cores/pm_Constraints170817/
04:23 bilby WARNING : Supplied argument 'check_point_delta_t' not an argument of 'Pymultinest', removing.
04:23 bilby INFO    : Using sampler Pymultinest with kwargs {'importance_nested_sampling': False, 'resume': True, 'verbose': True, 'sampling_efficiency': 'parameter', 'n_live_points': 2048, 'n_params': 6, 'n_clustering_params': None, 'wrapped_params': None, 'multimodal': True, 'const_efficiency_mode': False, 'evidence_tolerance': 0.5, 'n_iter_before_update': 100, 'null_log_evidence': -1e+90, 'max_modes': 100, 'mode_tolerance': -1e+90, 'seed': 42, 'context': 0, 'write_output': True, 'log_zero': -1e+100, 'max_iter': 0, 'init_MPI': False, 'dump_callback': <bound method Pymultinest._dump_callback of <bilby.core.sampler.pymultinest.Pymultinest object at 0x155500fda710>>}
04:23 bilby INFO    : Temporary directory incompatible with MPI, will run in original directory
04:23 bilby INFO    : Using output file outdirBNSBu32cores/pm_Constraints170817/
04:23 bilby WARNING : Supplied argument 'queue_size' not an argument of 'Pymultinest', removing.
04:23 bilby WARNING : Supplied argument 'check_point_delta_t' not an argument of 'Pymultinest', removing.
04:23 bilby INFO    : Using sampler Pymultinest with kwargs {'importance_nested_sampling': False, 'resume': True, 'verbose': True, 'sampling_efficiency': 'parameter', 'n_live_points': 2048, 'n_params': 6, 'n_clustering_params': None, 'wrapped_params': None, 'multimodal': True, 'const_efficiency_mode': False, 'evidence_tolerance': 0.5, 'n_iter_before_update': 100, 'null_log_evidence': -1e+90, 'max_modes': 100, 'mode_tolerance': -1e+90, 'seed': 42, 'context': 0, 'write_output': True, 'log_zero': -1e+100, 'max_iter': 0, 'init_MPI': False, 'dump_callback': <bound method Pymultinest._dump_callback of <bilby.core.sampler.pymultinest.Pymultinest object at 0x155500fda680>>}
04:23 bilby INFO    : Temporary directory incompatible with MPI, will run in original directory
04:23 bilby INFO    : Using output file outdirBNSBu32cores/pm_Constraints170817/
04:23 bilby INFO    : Single likelihood evaluation took 4.478e-01 s
04:23 bilby INFO    : Single likelihood evaluation took 4.485e-01 s
04:23 bilby WARNING : Supplied argument 'queue_size' not an argument of 'Pymultinest', removing.
04:23 bilby WARNING : Supplied argument 'check_point_delta_t' not an argument of 'Pymultinest', removing.
04:23 bilby INFO    : Using sampler Pymultinest with kwargs {'importance_nested_sampling': False, 'resume': True, 'verbose': True, 'sampling_efficiency': 'parameter', 'n_live_points': 2048, 'n_params': 6, 'n_clustering_params': None, 'wrapped_params': None, 'multimodal': True, 'const_efficiency_mode': False, 'evidence_tolerance': 0.5, 'n_iter_before_update': 100, 'null_log_evidence': -1e+90, 'max_modes': 100, 'mode_tolerance': -1e+90, 'seed': 42, 'context': 0, 'write_output': True, 'log_zero': -1e+100, 'max_iter': 0, 'init_MPI': False, 'dump_callback': <bound method Pymultinest._dump_callback of <bilby.core.sampler.pymultinest.Pymultinest object at 0x155500fde170>>}
04:23 bilby INFO    : Temporary directory incompatible with MPI, will run in original directory
04:23 bilby INFO    : Using output file outdirBNSBu32cores/pm_Constraints170817/
04:23 bilby INFO    : Single likelihood evaluation took 4.489e-01 s
04:23 bilby INFO    : Single likelihood evaluation took 4.489e-01 s
04:23 bilby INFO    : Single likelihood evaluation took 4.496e-01 s
04:23 bilby INFO    : Single likelihood evaluation took 4.490e-01 s
04:23 bilby WARNING : Supplied argument 'queue_size' not an argument of 'Pymultinest', removing.
04:23 bilby WARNING : Supplied argument 'check_point_delta_t' not an argument of 'Pymultinest', removing.
04:23 bilby INFO    : Using sampler Pymultinest with kwargs {'importance_nested_sampling': False, 'resume': True, 'verbose': True, 'sampling_efficiency': 'parameter', 'n_live_points': 2048, 'n_params': 6, 'n_clustering_params': None, 'wrapped_params': None, 'multimodal': True, 'const_efficiency_mode': False, 'evidence_tolerance': 0.5, 'n_iter_before_update': 100, 'null_log_evidence': -1e+90, 'max_modes': 100, 'mode_tolerance': -1e+90, 'seed': 42, 'context': 0, 'write_output': True, 'log_zero': -1e+100, 'max_iter': 0, 'init_MPI': False, 'dump_callback': <bound method Pymultinest._dump_callback of <bilby.core.sampler.pymultinest.Pymultinest object at 0x155500fd8be0>>}
04:23 bilby INFO    : Temporary directory incompatible with MPI, will run in original directory
04:23 bilby INFO    : Using output file outdirBNSBu32cores/pm_Constraints170817/
04:23 bilby WARNING : Supplied argument 'queue_size' not an argument of 'Pymultinest', removing.
04:23 bilby WARNING : Supplied argument 'check_point_delta_t' not an argument of 'Pymultinest', removing.
04:23 bilby INFO    : Using sampler Pymultinest with kwargs {'importance_nested_sampling': False, 'resume': True, 'verbose': True, 'sampling_efficiency': 'parameter', 'n_live_points': 2048, 'n_params': 6, 'n_clustering_params': None, 'wrapped_params': None, 'multimodal': True, 'const_efficiency_mode': False, 'evidence_tolerance': 0.5, 'n_iter_before_update': 100, 'null_log_evidence': -1e+90, 'max_modes': 100, 'mode_tolerance': -1e+90, 'seed': 42, 'context': 0, 'write_output': True, 'log_zero': -1e+100, 'max_iter': 0, 'init_MPI': False, 'dump_callback': <bound method Pymultinest._dump_callback of <bilby.core.sampler.pymultinest.Pymultinest object at 0x155500fdd330>>}
04:23 bilby INFO    : Temporary directory incompatible with MPI, will run in original directory
04:23 bilby INFO    : Using output file outdirBNSBu32cores/pm_Constraints170817/
04:23 bilby WARNING : Supplied argument 'queue_size' not an argument of 'Pymultinest', removing.
04:23 bilby WARNING : Supplied argument 'check_point_delta_t' not an argument of 'Pymultinest', removing.
04:23 bilby INFO    : Using sampler Pymultinest with kwargs {'importance_nested_sampling': False, 'resume': True, 'verbose': True, 'sampling_efficiency': 'parameter', 'n_live_points': 2048, 'n_params': 6, 'n_clustering_params': None, 'wrapped_params': None, 'multimodal': True, 'const_efficiency_mode': False, 'evidence_tolerance': 0.5, 'n_iter_before_update': 100, 'null_log_evidence': -1e+90, 'max_modes': 100, 'mode_tolerance': -1e+90, 'seed': 42, 'context': 0, 'write_output': True, 'log_zero': -1e+100, 'max_iter': 0, 'init_MPI': False, 'dump_callback': <bound method Pymultinest._dump_callback of <bilby.core.sampler.pymultinest.Pymultinest object at 0x155500fe3b20>>}
04:23 bilby INFO    : Temporary directory incompatible with MPI, will run in original directory
04:23 bilby INFO    : Using output file outdirBNSBu32cores/pm_Constraints170817/
04:23 bilby WARNING : Supplied argument 'queue_size' not an argument of 'Pymultinest', removing.
04:23 bilby WARNING : Supplied argument 'check_point_delta_t' not an argument of 'Pymultinest', removing.
04:23 bilby INFO    : Using sampler Pymultinest with kwargs {'importance_nested_sampling': False, 'resume': True, 'verbose': True, 'sampling_efficiency': 'parameter', 'n_live_points': 2048, 'n_params': 6, 'n_clustering_params': None, 'wrapped_params': None, 'multimodal': True, 'const_efficiency_mode': False, 'evidence_tolerance': 0.5, 'n_iter_before_update': 100, 'null_log_evidence': -1e+90, 'max_modes': 100, 'mode_tolerance': -1e+90, 'seed': 42, 'context': 0, 'write_output': True, 'log_zero': -1e+100, 'max_iter': 0, 'init_MPI': False, 'dump_callback': <bound method Pymultinest._dump_callback of <bilby.core.sampler.pymultinest.Pymultinest object at 0x155500fd50c0>>}
04:23 bilby INFO    : Temporary directory incompatible with MPI, will run in original directory
04:23 bilby INFO    : Using output file outdirBNSBu32cores/pm_Constraints170817/
04:23 bilby WARNING : Supplied argument 'queue_size' not an argument of 'Pymultinest', removing.
04:23 bilby WARNING : Supplied argument 'queue_size' not an argument of 'Pymultinest', removing.
04:23 bilby WARNING : Supplied argument 'check_point_delta_t' not an argument of 'Pymultinest', removing.
04:23 bilby WARNING : Supplied argument 'check_point_delta_t' not an argument of 'Pymultinest', removing.
04:23 bilby INFO    : Using sampler Pymultinest with kwargs {'importance_nested_sampling': False, 'resume': True, 'verbose': True, 'sampling_efficiency': 'parameter', 'n_live_points': 2048, 'n_params': 6, 'n_clustering_params': None, 'wrapped_params': None, 'multimodal': True, 'const_efficiency_mode': False, 'evidence_tolerance': 0.5, 'n_iter_before_update': 100, 'null_log_evidence': -1e+90, 'max_modes': 100, 'mode_tolerance': -1e+90, 'seed': 42, 'context': 0, 'write_output': True, 'log_zero': -1e+100, 'max_iter': 0, 'init_MPI': False, 'dump_callback': <bound method Pymultinest._dump_callback of <bilby.core.sampler.pymultinest.Pymultinest object at 0x155500fe2680>>}
04:23 bilby INFO    : Using sampler Pymultinest with kwargs {'importance_nested_sampling': False, 'resume': True, 'verbose': True, 'sampling_efficiency': 'parameter', 'n_live_points': 2048, 'n_params': 6, 'n_clustering_params': None, 'wrapped_params': None, 'multimodal': True, 'const_efficiency_mode': False, 'evidence_tolerance': 0.5, 'n_iter_before_update': 100, 'null_log_evidence': -1e+90, 'max_modes': 100, 'mode_tolerance': -1e+90, 'seed': 42, 'context': 0, 'write_output': True, 'log_zero': -1e+100, 'max_iter': 0, 'init_MPI': False, 'dump_callback': <bound method Pymultinest._dump_callback of <bilby.core.sampler.pymultinest.Pymultinest object at 0x155500fdfb50>>}
04:23 bilby INFO    : Temporary directory incompatible with MPI, will run in original directory
04:23 bilby INFO    : Temporary directory incompatible with MPI, will run in original directory
04:23 bilby INFO    : Using output file outdirBNSBu32cores/pm_Constraints170817/
04:23 bilby INFO    : Using output file outdirBNSBu32cores/pm_Constraints170817/
04:23 bilby INFO    : Single likelihood evaluation took 4.604e-01 s
04:23 bilby INFO    : Single likelihood evaluation took 4.610e-01 s
04:23 bilby INFO    : Single likelihood evaluation took 4.643e-01 s
04:23 bilby INFO    : Single likelihood evaluation took 4.646e-01 s
04:23 bilby INFO    : Single likelihood evaluation took 4.647e-01 s
04:23 bilby WARNING : Supplied argument 'queue_size' not an argument of 'Pymultinest', removing.
04:23 bilby WARNING : Supplied argument 'check_point_delta_t' not an argument of 'Pymultinest', removing.
04:23 bilby INFO    : Single likelihood evaluation took 4.652e-01 s
04:23 bilby INFO    : Using sampler Pymultinest with kwargs {'importance_nested_sampling': False, 'resume': True, 'verbose': True, 'sampling_efficiency': 'parameter', 'n_live_points': 2048, 'n_params': 6, 'n_clustering_params': None, 'wrapped_params': None, 'multimodal': True, 'const_efficiency_mode': False, 'evidence_tolerance': 0.5, 'n_iter_before_update': 100, 'null_log_evidence': -1e+90, 'max_modes': 100, 'mode_tolerance': -1e+90, 'seed': 42, 'context': 0, 'write_output': True, 'log_zero': -1e+100, 'max_iter': 0, 'init_MPI': False, 'dump_callback': <bound method Pymultinest._dump_callback of <bilby.core.sampler.pymultinest.Pymultinest object at 0x155500fde170>>}
04:23 bilby INFO    : Temporary directory incompatible with MPI, will run in original directory
04:23 bilby INFO    : Using output file outdirBNSBu32cores/pm_Constraints170817/
04:23 bilby WARNING : Supplied argument 'queue_size' not an argument of 'Pymultinest', removing.
04:23 bilby WARNING : Supplied argument 'check_point_delta_t' not an argument of 'Pymultinest', removing.
04:23 bilby INFO    : Using sampler Pymultinest with kwargs {'importance_nested_sampling': False, 'resume': True, 'verbose': True, 'sampling_efficiency': 'parameter', 'n_live_points': 2048, 'n_params': 6, 'n_clustering_params': None, 'wrapped_params': None, 'multimodal': True, 'const_efficiency_mode': False, 'evidence_tolerance': 0.5, 'n_iter_before_update': 100, 'null_log_evidence': -1e+90, 'max_modes': 100, 'mode_tolerance': -1e+90, 'seed': 42, 'context': 0, 'write_output': True, 'log_zero': -1e+100, 'max_iter': 0, 'init_MPI': False, 'dump_callback': <bound method Pymultinest._dump_callback of <bilby.core.sampler.pymultinest.Pymultinest object at 0x155500fe2890>>}
04:23 bilby INFO    : Single likelihood evaluation took 4.659e-01 s
04:23 bilby INFO    : Temporary directory incompatible with MPI, will run in original directory
04:23 bilby INFO    : Using output file outdirBNSBu32cores/pm_Constraints170817/
04:23 bilby INFO    : Single likelihood evaluation took 4.659e-01 s
04:23 bilby INFO    : Single likelihood evaluation took 4.668e-01 s
04:23 bilby INFO    : Single likelihood evaluation took 4.673e-01 s
04:23 bilby WARNING : Supplied argument 'queue_size' not an argument of 'Pymultinest', removing.
04:23 bilby WARNING : Supplied argument 'check_point_delta_t' not an argument of 'Pymultinest', removing.
04:23 bilby INFO    : Using sampler Pymultinest with kwargs {'importance_nested_sampling': False, 'resume': True, 'verbose': True, 'sampling_efficiency': 'parameter', 'n_live_points': 2048, 'n_params': 6, 'n_clustering_params': None, 'wrapped_params': None, 'multimodal': True, 'const_efficiency_mode': False, 'evidence_tolerance': 0.5, 'n_iter_before_update': 100, 'null_log_evidence': -1e+90, 'max_modes': 100, 'mode_tolerance': -1e+90, 'seed': 42, 'context': 0, 'write_output': True, 'log_zero': -1e+100, 'max_iter': 0, 'init_MPI': False, 'dump_callback': <bound method Pymultinest._dump_callback of <bilby.core.sampler.pymultinest.Pymultinest object at 0x155500fd8bb0>>}
04:23 bilby INFO    : Temporary directory incompatible with MPI, will run in original directory
04:23 bilby INFO    : Using output file outdirBNSBu32cores/pm_Constraints170817/
04:23 bilby WARNING : Supplied argument 'queue_size' not an argument of 'Pymultinest', removing.
04:23 bilby WARNING : Supplied argument 'check_point_delta_t' not an argument of 'Pymultinest', removing.
04:23 bilby INFO    : Using sampler Pymultinest with kwargs {'importance_nested_sampling': False, 'resume': True, 'verbose': True, 'sampling_efficiency': 'parameter', 'n_live_points': 2048, 'n_params': 6, 'n_clustering_params': None, 'wrapped_params': None, 'multimodal': True, 'const_efficiency_mode': False, 'evidence_tolerance': 0.5, 'n_iter_before_update': 100, 'null_log_evidence': -1e+90, 'max_modes': 100, 'mode_tolerance': -1e+90, 'seed': 42, 'context': 0, 'write_output': True, 'log_zero': -1e+100, 'max_iter': 0, 'init_MPI': False, 'dump_callback': <bound method Pymultinest._dump_callback of <bilby.core.sampler.pymultinest.Pymultinest object at 0x155500fdfb80>>}
04:23 bilby INFO    : Temporary directory incompatible with MPI, will run in original directory
04:23 bilby INFO    : Using output file outdirBNSBu32cores/pm_Constraints170817/
04:23 bilby WARNING : Supplied argument 'queue_size' not an argument of 'Pymultinest', removing.
04:23 bilby WARNING : Supplied argument 'check_point_delta_t' not an argument of 'Pymultinest', removing.
04:23 bilby INFO    : Using sampler Pymultinest with kwargs {'importance_nested_sampling': False, 'resume': True, 'verbose': True, 'sampling_efficiency': 'parameter', 'n_live_points': 2048, 'n_params': 6, 'n_clustering_params': None, 'wrapped_params': None, 'multimodal': True, 'const_efficiency_mode': False, 'evidence_tolerance': 0.5, 'n_iter_before_update': 100, 'null_log_evidence': -1e+90, 'max_modes': 100, 'mode_tolerance': -1e+90, 'seed': 42, 'context': 0, 'write_output': True, 'log_zero': -1e+100, 'max_iter': 0, 'init_MPI': False, 'dump_callback': <bound method Pymultinest._dump_callback of <bilby.core.sampler.pymultinest.Pymultinest object at 0x155500fd51b0>>}
04:23 bilby INFO    : Temporary directory incompatible with MPI, will run in original directory
04:23 bilby INFO    : Using output file outdirBNSBu32cores/pm_Constraints170817/
04:23 bilby WARNING : Supplied argument 'queue_size' not an argument of 'Pymultinest', removing.
04:23 bilby WARNING : Supplied argument 'check_point_delta_t' not an argument of 'Pymultinest', removing.
04:23 bilby INFO    : Using sampler Pymultinest with kwargs {'importance_nested_sampling': False, 'resume': True, 'verbose': True, 'sampling_efficiency': 'parameter', 'n_live_points': 2048, 'n_params': 6, 'n_clustering_params': None, 'wrapped_params': None, 'multimodal': True, 'const_efficiency_mode': False, 'evidence_tolerance': 0.5, 'n_iter_before_update': 100, 'null_log_evidence': -1e+90, 'max_modes': 100, 'mode_tolerance': -1e+90, 'seed': 42, 'context': 0, 'write_output': True, 'log_zero': -1e+100, 'max_iter': 0, 'init_MPI': False, 'dump_callback': <bound method Pymultinest._dump_callback of <bilby.core.sampler.pymultinest.Pymultinest object at 0x155500fde1d0>>}
04:23 bilby INFO    : Temporary directory incompatible with MPI, will run in original directory
04:23 bilby INFO    : Using output file outdirBNSBu32cores/pm_Constraints170817/
04:23 bilby INFO    : Single likelihood evaluation took 4.683e-01 s
04:23 bilby WARNING : Supplied argument 'queue_size' not an argument of 'Pymultinest', removing.
04:23 bilby WARNING : Supplied argument 'check_point_delta_t' not an argument of 'Pymultinest', removing.
04:23 bilby INFO    : Using sampler Pymultinest with kwargs {'importance_nested_sampling': False, 'resume': True, 'verbose': True, 'sampling_efficiency': 'parameter', 'n_live_points': 2048, 'n_params': 6, 'n_clustering_params': None, 'wrapped_params': None, 'multimodal': True, 'const_efficiency_mode': False, 'evidence_tolerance': 0.5, 'n_iter_before_update': 100, 'null_log_evidence': -1e+90, 'max_modes': 100, 'mode_tolerance': -1e+90, 'seed': 42, 'context': 0, 'write_output': True, 'log_zero': -1e+100, 'max_iter': 0, 'init_MPI': False, 'dump_callback': <bound method Pymultinest._dump_callback of <bilby.core.sampler.pymultinest.Pymultinest object at 0x155500fdfb20>>}
04:23 bilby INFO    : Temporary directory incompatible with MPI, will run in original directory
04:23 bilby WARNING : Supplied argument 'queue_size' not an argument of 'Pymultinest', removing.
04:23 bilby INFO    : Using output file outdirBNSBu32cores/pm_Constraints170817/
04:23 bilby WARNING : Supplied argument 'check_point_delta_t' not an argument of 'Pymultinest', removing.
04:23 bilby INFO    : Using sampler Pymultinest with kwargs {'importance_nested_sampling': False, 'resume': True, 'verbose': True, 'sampling_efficiency': 'parameter', 'n_live_points': 2048, 'n_params': 6, 'n_clustering_params': None, 'wrapped_params': None, 'multimodal': True, 'const_efficiency_mode': False, 'evidence_tolerance': 0.5, 'n_iter_before_update': 100, 'null_log_evidence': -1e+90, 'max_modes': 100, 'mode_tolerance': -1e+90, 'seed': 42, 'context': 0, 'write_output': True, 'log_zero': -1e+100, 'max_iter': 0, 'init_MPI': False, 'dump_callback': <bound method Pymultinest._dump_callback of <bilby.core.sampler.pymultinest.Pymultinest object at 0x155500fe28c0>>}
04:23 bilby INFO    : Temporary directory incompatible with MPI, will run in original directory
04:23 bilby INFO    : Using output file outdirBNSBu32cores/pm_Constraints170817/
04:23 bilby INFO    : Single likelihood evaluation took 4.694e-01 s
04:23 bilby WARNING : Supplied argument 'queue_size' not an argument of 'Pymultinest', removing.
04:23 bilby WARNING : Supplied argument 'check_point_delta_t' not an argument of 'Pymultinest', removing.
04:23 bilby INFO    : Using sampler Pymultinest with kwargs {'importance_nested_sampling': False, 'resume': True, 'verbose': True, 'sampling_efficiency': 'parameter', 'n_live_points': 2048, 'n_params': 6, 'n_clustering_params': None, 'wrapped_params': None, 'multimodal': True, 'const_efficiency_mode': False, 'evidence_tolerance': 0.5, 'n_iter_before_update': 100, 'null_log_evidence': -1e+90, 'max_modes': 100, 'mode_tolerance': -1e+90, 'seed': 42, 'context': 0, 'write_output': True, 'log_zero': -1e+100, 'max_iter': 0, 'init_MPI': False, 'dump_callback': <bound method Pymultinest._dump_callback of <bilby.core.sampler.pymultinest.Pymultinest object at 0x155500fe3a90>>}
04:23 bilby INFO    : Temporary directory incompatible with MPI, will run in original directory
04:23 bilby INFO    : Using output file outdirBNSBu32cores/pm_Constraints170817/
04:23 bilby WARNING : Supplied argument 'queue_size' not an argument of 'Pymultinest', removing.
04:23 bilby WARNING : Supplied argument 'check_point_delta_t' not an argument of 'Pymultinest', removing.
04:23 bilby INFO    : Using sampler Pymultinest with kwargs {'importance_nested_sampling': False, 'resume': True, 'verbose': True, 'sampling_efficiency': 'parameter', 'n_live_points': 2048, 'n_params': 6, 'n_clustering_params': None, 'wrapped_params': None, 'multimodal': True, 'const_efficiency_mode': False, 'evidence_tolerance': 0.5, 'n_iter_before_update': 100, 'null_log_evidence': -1e+90, 'max_modes': 100, 'mode_tolerance': -1e+90, 'seed': 42, 'context': 0, 'write_output': True, 'log_zero': -1e+100, 'max_iter': 0, 'init_MPI': False, 'dump_callback': <bound method Pymultinest._dump_callback of <bilby.core.sampler.pymultinest.Pymultinest object at 0x155500fda800>>}
04:23 bilby INFO    : Temporary directory incompatible with MPI, will run in original directory
04:23 bilby INFO    : Using output file outdirBNSBu32cores/pm_Constraints170817/
04:23 bilby WARNING : Supplied argument 'queue_size' not an argument of 'Pymultinest', removing.
04:23 bilby WARNING : Supplied argument 'check_point_delta_t' not an argument of 'Pymultinest', removing.
04:23 bilby INFO    : Using sampler Pymultinest with kwargs {'importance_nested_sampling': False, 'resume': True, 'verbose': True, 'sampling_efficiency': 'parameter', 'n_live_points': 2048, 'n_params': 6, 'n_clustering_params': None, 'wrapped_params': None, 'multimodal': True, 'const_efficiency_mode': False, 'evidence_tolerance': 0.5, 'n_iter_before_update': 100, 'null_log_evidence': -1e+90, 'max_modes': 100, 'mode_tolerance': -1e+90, 'seed': 42, 'context': 0, 'write_output': True, 'log_zero': -1e+100, 'max_iter': 0, 'init_MPI': False, 'dump_callback': <bound method Pymultinest._dump_callback of <bilby.core.sampler.pymultinest.Pymultinest object at 0x155500fdfb80>>}
04:23 bilby INFO    : Temporary directory incompatible with MPI, will run in original directory
04:23 bilby INFO    : Using output file outdirBNSBu32cores/pm_Constraints170817/
04:23 bilby WARNING : Supplied argument 'queue_size' not an argument of 'Pymultinest', removing.
04:23 bilby WARNING : Supplied argument 'check_point_delta_t' not an argument of 'Pymultinest', removing.
04:23 bilby INFO    : Using sampler Pymultinest with kwargs {'importance_nested_sampling': False, 'resume': True, 'verbose': True, 'sampling_efficiency': 'parameter', 'n_live_points': 2048, 'n_params': 6, 'n_clustering_params': None, 'wrapped_params': None, 'multimodal': True, 'const_efficiency_mode': False, 'evidence_tolerance': 0.5, 'n_iter_before_update': 100, 'null_log_evidence': -1e+90, 'max_modes': 100, 'mode_tolerance': -1e+90, 'seed': 42, 'context': 0, 'write_output': True, 'log_zero': -1e+100, 'max_iter': 0, 'init_MPI': False, 'dump_callback': <bound method Pymultinest._dump_callback of <bilby.core.sampler.pymultinest.Pymultinest object at 0x155500fdd330>>}
04:23 bilby INFO    : Temporary directory incompatible with MPI, will run in original directory
04:23 bilby INFO    : Using output file outdirBNSBu32cores/pm_Constraints170817/
04:23 bilby INFO    : Single likelihood evaluation took 4.719e-01 s
04:23 bilby INFO    : Single likelihood evaluation took 4.711e-01 s
04:23 bilby INFO    : Single likelihood evaluation took 4.726e-01 s
04:23 bilby INFO    : Single likelihood evaluation took 4.722e-01 s
04:23 bilby WARNING : Supplied argument 'queue_size' not an argument of 'Pymultinest', removing.
04:23 bilby WARNING : Supplied argument 'check_point_delta_t' not an argument of 'Pymultinest', removing.
04:23 bilby INFO    : Using sampler Pymultinest with kwargs {'importance_nested_sampling': False, 'resume': True, 'verbose': True, 'sampling_efficiency': 'parameter', 'n_live_points': 2048, 'n_params': 6, 'n_clustering_params': None, 'wrapped_params': None, 'multimodal': True, 'const_efficiency_mode': False, 'evidence_tolerance': 0.5, 'n_iter_before_update': 100, 'null_log_evidence': -1e+90, 'max_modes': 100, 'mode_tolerance': -1e+90, 'seed': 42, 'context': 0, 'write_output': True, 'log_zero': -1e+100, 'max_iter': 0, 'init_MPI': False, 'dump_callback': <bound method Pymultinest._dump_callback of <bilby.core.sampler.pymultinest.Pymultinest object at 0x155500fd9060>>}
04:23 bilby INFO    : Temporary directory incompatible with MPI, will run in original directory
04:23 bilby INFO    : Using output file outdirBNSBu32cores/pm_Constraints170817/
04:23 bilby WARNING : Supplied argument 'queue_size' not an argument of 'Pymultinest', removing.
04:23 bilby WARNING : Supplied argument 'check_point_delta_t' not an argument of 'Pymultinest', removing.
04:23 bilby INFO    : Using sampler Pymultinest with kwargs {'importance_nested_sampling': False, 'resume': True, 'verbose': True, 'sampling_efficiency': 'parameter', 'n_live_points': 2048, 'n_params': 6, 'n_clustering_params': None, 'wrapped_params': None, 'multimodal': True, 'const_efficiency_mode': False, 'evidence_tolerance': 0.5, 'n_iter_before_update': 100, 'null_log_evidence': -1e+90, 'max_modes': 100, 'mode_tolerance': -1e+90, 'seed': 42, 'context': 0, 'write_output': True, 'log_zero': -1e+100, 'max_iter': 0, 'init_MPI': False, 'dump_callback': <bound method Pymultinest._dump_callback of <bilby.core.sampler.pymultinest.Pymultinest object at 0x155500fd92d0>>}
04:23 bilby INFO    : Temporary directory incompatible with MPI, will run in original directory
04:23 bilby INFO    : Using output file outdirBNSBu32cores/pm_Constraints170817/
04:23 bilby WARNING : Supplied argument 'queue_size' not an argument of 'Pymultinest', removing.
04:23 bilby WARNING : Supplied argument 'queue_size' not an argument of 'Pymultinest', removing.
04:23 bilby WARNING : Supplied argument 'check_point_delta_t' not an argument of 'Pymultinest', removing.
04:23 bilby WARNING : Supplied argument 'check_point_delta_t' not an argument of 'Pymultinest', removing.
04:23 bilby INFO    : Using sampler Pymultinest with kwargs {'importance_nested_sampling': False, 'resume': True, 'verbose': True, 'sampling_efficiency': 'parameter', 'n_live_points': 2048, 'n_params': 6, 'n_clustering_params': None, 'wrapped_params': None, 'multimodal': True, 'const_efficiency_mode': False, 'evidence_tolerance': 0.5, 'n_iter_before_update': 100, 'null_log_evidence': -1e+90, 'max_modes': 100, 'mode_tolerance': -1e+90, 'seed': 42, 'context': 0, 'write_output': True, 'log_zero': -1e+100, 'max_iter': 0, 'init_MPI': False, 'dump_callback': <bound method Pymultinest._dump_callback of <bilby.core.sampler.pymultinest.Pymultinest object at 0x155500fda800>>}
04:23 bilby INFO    : Using sampler Pymultinest with kwargs {'importance_nested_sampling': False, 'resume': True, 'verbose': True, 'sampling_efficiency': 'parameter', 'n_live_points': 2048, 'n_params': 6, 'n_clustering_params': None, 'wrapped_params': None, 'multimodal': True, 'const_efficiency_mode': False, 'evidence_tolerance': 0.5, 'n_iter_before_update': 100, 'null_log_evidence': -1e+90, 'max_modes': 100, 'mode_tolerance': -1e+90, 'seed': 42, 'context': 0, 'write_output': True, 'log_zero': -1e+100, 'max_iter': 0, 'init_MPI': False, 'dump_callback': <bound method Pymultinest._dump_callback of <bilby.core.sampler.pymultinest.Pymultinest object at 0x155500fdfb20>>}
04:23 bilby INFO    : Temporary directory incompatible with MPI, will run in original directory
04:23 bilby INFO    : Temporary directory incompatible with MPI, will run in original directory
04:23 bilby INFO    : Using output file outdirBNSBu32cores/pm_Constraints170817/
04:23 bilby INFO    : Using output file outdirBNSBu32cores/pm_Constraints170817/
05:33 bilby INFO    : Sampling time: 1:10:21.961402
05:33 bilby INFO    : Sampling time: 1:10:22.959861
05:33 bilby INFO    : Sampling time: 1:10:21.974260
05:33 bilby INFO    : Sampling time: 1:10:22.986579
05:33 bilby INFO    : Sampling time: 1:10:22.088924
05:33 bilby INFO    : Sampling time: 1:10:22.951060
05:33 bilby INFO    : Sampling time: 1:10:21.975065
05:33 bilby INFO    : Sampling time: 1:10:22.437823
05:33 bilby INFO    : Sampling time: 1:10:20.261150
05:33 bilby INFO    : Sampling time: 1:10:20.254956
05:33 bilby INFO    : Sampling time: 1:10:22.218421
05:33 bilby INFO    : Sampling time: 1:10:22.476416
05:33 bilby INFO    : Sampling time: 1:10:21.975433
05:33 bilby INFO    : Sampling time: 1:10:22.123245
05:33 bilby INFO    : Sampling time: 1:10:20.235261
05:33 bilby INFO    : Sampling time: 1:10:20.543564
05:33 bilby INFO    : Sampling time: 1:10:20.165369
05:33 bilby INFO    : Sampling time: 1:10:20.033005
05:33 bilby INFO    : Sampling time: 1:10:20.116913
05:33 bilby INFO    : Sampling time: 1:10:20.106447
05:33 bilby INFO    : Sampling time: 1:10:20.236024
05:33 bilby INFO    : Sampling time: 1:10:20.591485
05:33 bilby INFO    : Sampling time: 1:10:19.690850
05:33 bilby INFO    : Sampling time: 1:10:22.933160
05:33 bilby INFO    : Sampling time: 1:10:19.683099
05:33 bilby INFO    : Sampling time: 1:10:22.354608
05:33 bilby INFO    : Sampling time: 1:10:20.170273
05:33 bilby INFO    : Sampling time: 1:10:19.992198
05:33 bilby INFO    : Sampling time: 1:10:22.499032
05:33 bilby INFO    : Sampling time: 1:10:22.486763
05:33 bilby INFO    : Sampling time: 1:10:19.718017
05:33 bilby INFO    : Sampling time: 1:10:19.683835
05:33 bilby ERROR   : 

Saving the data has failed with the following message:
[Errno 116] Stale file handle
Data has been dumped to outdirBNSBu32cores/Constraints170817_result.pkl.


05:33 bilby ERROR   : 

Saving the data has failed with the following message:
[Errno 116] Stale file handle
Data has been dumped to outdirBNSBu32cores/Constraints170817_result.pkl.


Traceback (most recent call last):
  File "/home/thussenot/.conda/envs/multinest/lib/python3.10/site-packages/bilby/core/result.py", line 805, in save_to_file
    with open(filename, 'w') as file:
OSError: [Errno 116] Stale file handle

During handling of the above exception, another exception occurred:

Traceback (most recent call last):
  File "/home/thussenot/.conda/envs/multinest/lib/python3.10/shutil.py", line 816, in move
    os.rename(src, real_dst)
FileNotFoundError: [Errno 2] No such file or directory: 'outdirBNSBu32cores/Constraints170817_result.pkl.temp' -> 'outdirBNSBu32cores/Constraints170817_result.pkl'

During handling of the above exception, another exception occurred:

Traceback (most recent call last):
  File "/home/thussenot/.conda/envs/multinest/bin/lightcurve-analysis", line 8, in <module>
    sys.exit(main())
  File "/home/thussenot/.conda/envs/multinest/lib/python3.10/site-packages/nmma/em/analysis.py", line 1028, in main
    analysis(args)
  File "/home/thussenot/.conda/envs/multinest/lib/python3.10/site-packages/nmma/em/analysis.py", line 712, in analysis
    result = bilby.run_sampler(
  File "/home/thussenot/.conda/envs/multinest/lib/python3.10/site-packages/bilby/core/sampler/__init__.py", line 262, in run_sampler
    result.save_to_file(extension=save, gzip=gzip, outdir=outdir)
  File "/home/thussenot/.conda/envs/multinest/lib/python3.10/site-packages/bilby/core/result.py", line 819, in save_to_file
    safe_file_dump(self, filename, "dill")
  File "/home/thussenot/.conda/envs/multinest/lib/python3.10/site-packages/bilby/core/utils/io.py", line 389, in safe_file_dump
    shutil.move(temp_filename, filename)
  File "/home/thussenot/.conda/envs/multinest/lib/python3.10/shutil.py", line 836, in move
    copy_function(src, real_dst)
  File "/home/thussenot/.conda/envs/multinest/lib/python3.10/shutil.py", line 434, in copy2
    copyfile(src, dst, follow_symlinks=follow_symlinks)
  File "/home/thussenot/.conda/envs/multinest/lib/python3.10/shutil.py", line 254, in copyfile
    with open(src, 'rb') as fsrc:
FileNotFoundError: [Errno 2] No such file or directory: 'outdirBNSBu32cores/Constraints170817_result.pkl.temp'
Traceback (most recent call last):
  File "/home/thussenot/.conda/envs/multinest/lib/python3.10/shutil.py", line 816, in move
Traceback (most recent call last):
  File "/home/thussenot/.conda/envs/multinest/lib/python3.10/shutil.py", line 816, in move
Traceback (most recent call last):
  File "/home/thussenot/.conda/envs/multinest/lib/python3.10/shutil.py", line 816, in move
Traceback (most recent call last):
  File "/home/thussenot/.conda/envs/multinest/lib/python3.10/shutil.py", line 816, in move
Traceback (most recent call last):
  File "/home/thussenot/.conda/envs/multinest/lib/python3.10/shutil.py", line 816, in move
Traceback (most recent call last):
  File "/home/thussenot/.conda/envs/multinest/lib/python3.10/shutil.py", line 816, in move
Traceback (most recent call last):
  File "/home/thussenot/.conda/envs/multinest/lib/python3.10/shutil.py", line 816, in move
Traceback (most recent call last):
  File "/home/thussenot/.conda/envs/multinest/lib/python3.10/shutil.py", line 816, in move
Traceback (most recent call last):
  File "/home/thussenot/.conda/envs/multinest/lib/python3.10/shutil.py", line 816, in move
Traceback (most recent call last):
  File "/home/thussenot/.conda/envs/multinest/lib/python3.10/shutil.py", line 816, in move
Traceback (most recent call last):
  File "/home/thussenot/.conda/envs/multinest/lib/python3.10/shutil.py", line 816, in move
Traceback (most recent call last):
  File "/home/thussenot/.conda/envs/multinest/lib/python3.10/shutil.py", line 816, in move
Traceback (most recent call last):
  File "/home/thussenot/.conda/envs/multinest/lib/python3.10/shutil.py", line 816, in move
Traceback (most recent call last):
  File "/home/thussenot/.conda/envs/multinest/lib/python3.10/shutil.py", line 816, in move
Traceback (most recent call last):
  File "/home/thussenot/.conda/envs/multinest/lib/python3.10/shutil.py", line 816, in move
    os.rename(src, real_dst)
FileNotFoundError: [Errno 2] No such file or directory: 'outdirBNSBu32cores/Constraints170817_result.json' -> 'outdirBNSBu32cores/Constraints170817_result.json.old'

During handling of the above exception, another exception occurred:

Traceback (most recent call last):
  File "/home/thussenot/.conda/envs/multinest/bin/lightcurve-analysis", line 8, in <module>
    os.rename(src, real_dst)
FileNotFoundError: [Errno 2] No such file or directory: 'outdirBNSBu32cores/Constraints170817_result.json' -> 'outdirBNSBu32cores/Constraints170817_result.json.old'

During handling of the above exception, another exception occurred:

Traceback (most recent call last):
  File "/home/thussenot/.conda/envs/multinest/bin/lightcurve-analysis", line 8, in <module>
    sys.exit(main())
  File "/home/thussenot/.conda/envs/multinest/lib/python3.10/site-packages/nmma/em/analysis.py", line 1028, in main
    os.rename(src, real_dst)
FileNotFoundError: [Errno 2] No such file or directory: 'outdirBNSBu32cores/Constraints170817_result.json' -> 'outdirBNSBu32cores/Constraints170817_result.json.old'

During handling of the above exception, another exception occurred:

Traceback (most recent call last):
  File "/home/thussenot/.conda/envs/multinest/bin/lightcurve-analysis", line 8, in <module>
    os.rename(src, real_dst)
    os.rename(src, real_dst)
FileNotFoundError: [Errno 2] No such file or directory: 'outdirBNSBu32cores/Constraints170817_result.json' -> 'outdirBNSBu32cores/Constraints170817_result.json.old'

During handling of the above exception, another exception occurred:

Traceback (most recent call last):
  File "/home/thussenot/.conda/envs/multinest/bin/lightcurve-analysis", line 8, in <module>
    os.rename(src, real_dst)
FileNotFoundError: [Errno 2] No such file or directory: 'outdirBNSBu32cores/Constraints170817_result.json' -> 'outdirBNSBu32cores/Constraints170817_result.json.old'
    os.rename(src, real_dst)
FileNotFoundError: [Errno 2] No such file or directory: 'outdirBNSBu32cores/Constraints170817_result.json' -> 'outdirBNSBu32cores/Constraints170817_result.json.old'

During handling of the above exception, another exception occurred:

Traceback (most recent call last):
  File "/home/thussenot/.conda/envs/multinest/bin/lightcurve-analysis", line 8, in <module>
    os.rename(src, real_dst)
FileNotFoundError: [Errno 2] No such file or directory: 'outdirBNSBu32cores/Constraints170817_result.json' -> 'outdirBNSBu32cores/Constraints170817_result.json.old'

During handling of the above exception, another exception occurred:

Traceback (most recent call last):
    os.rename(src, real_dst)
FileNotFoundError: [Errno 2] No such file or directory: 'outdirBNSBu32cores/Constraints170817_result.json' -> 'outdirBNSBu32cores/Constraints170817_result.json.old'

During handling of the above exception, another exception occurred:

Traceback (most recent call last):
  File "/home/thussenot/.conda/envs/multinest/bin/lightcurve-analysis", line 8, in <module>
    os.rename(src, real_dst)
FileNotFoundError: [Errno 2] No such file or directory: 'outdirBNSBu32cores/Constraints170817_result.json' -> 'outdirBNSBu32cores/Constraints170817_result.json.old'

During handling of the above exception, another exception occurred:

Traceback (most recent call last):
  File "/home/thussenot/.conda/envs/multinest/bin/lightcurve-analysis", line 8, in <module>
    os.rename(src, real_dst)
FileNotFoundError: [Errno 2] No such file or directory: 'outdirBNSBu32cores/Constraints170817_result.json' -> 'outdirBNSBu32cores/Constraints170817_result.json.old'

During handling of the above exception, another exception occurred:

Traceback (most recent call last):
  File "/home/thussenot/.conda/envs/multinest/bin/lightcurve-analysis", line 8, in <module>

During handling of the above exception, another exception occurred:

Traceback (most recent call last):
  File "/home/thussenot/.conda/envs/multinest/bin/lightcurve-analysis", line 8, in <module>
    os.rename(src, real_dst)
  File "/home/thussenot/.conda/envs/multinest/bin/lightcurve-analysis", line 8, in <module>
    os.rename(src, real_dst)
FileNotFoundError: [Errno 2] No such file or directory: 'outdirBNSBu32cores/Constraints170817_result.json' -> 'outdirBNSBu32cores/Constraints170817_result.json.old'

During handling of the above exception, another exception occurred:

Traceback (most recent call last):
  File "/home/thussenot/.conda/envs/multinest/bin/lightcurve-analysis", line 8, in <module>
    os.rename(src, real_dst)
FileNotFoundError: [Errno 2] No such file or directory: 'outdirBNSBu32cores/Constraints170817_result.json' -> 'outdirBNSBu32cores/Constraints170817_result.json.old'

During handling of the above exception, another exception occurred:

Traceback (most recent call last):
    os.rename(src, real_dst)
FileNotFoundError: [Errno 2] No such file or directory: 'outdirBNSBu32cores/Constraints170817_result.json' -> 'outdirBNSBu32cores/Constraints170817_result.json.old'

During handling of the above exception, another exception occurred:

Traceback (most recent call last):
FileNotFoundError: [Errno 2] No such file or directory: 'outdirBNSBu32cores/Constraints170817_result.json' -> 'outdirBNSBu32cores/Constraints170817_result.json.old'

During handling of the above exception, another exception occurred:

Traceback (most recent call last):
  File "/home/thussenot/.conda/envs/multinest/bin/lightcurve-analysis", line 8, in <module>
  File "/home/thussenot/.conda/envs/multinest/bin/lightcurve-analysis", line 8, in <module>
    sys.exit(main())
  File "/home/thussenot/.conda/envs/multinest/lib/python3.10/site-packages/nmma/em/analysis.py", line 1028, in main
  File "/home/thussenot/.conda/envs/multinest/bin/lightcurve-analysis", line 8, in <module>
FileNotFoundError: [Errno 2] No such file or directory: 'outdirBNSBu32cores/Constraints170817_result.json' -> 'outdirBNSBu32cores/Constraints170817_result.json.old'

During handling of the above exception, another exception occurred:

Traceback (most recent call last):
  File "/home/thussenot/.conda/envs/multinest/bin/lightcurve-analysis", line 8, in <module>
    sys.exit(main())
  File "/home/thussenot/.conda/envs/multinest/lib/python3.10/site-packages/nmma/em/analysis.py", line 1028, in main
    analysis(args)
  File "/home/thussenot/.conda/envs/multinest/lib/python3.10/site-packages/nmma/em/analysis.py", line 712, in analysis
    sys.exit(main())
  File "/home/thussenot/.conda/envs/multinest/lib/python3.10/site-packages/nmma/em/analysis.py", line 1028, in main
    sys.exit(main())
  File "/home/thussenot/.conda/envs/multinest/lib/python3.10/site-packages/nmma/em/analysis.py", line 1028, in main
    sys.exit(main())
  File "/home/thussenot/.conda/envs/multinest/lib/python3.10/site-packages/nmma/em/analysis.py", line 1028, in main
    sys.exit(main())
  File "/home/thussenot/.conda/envs/multinest/lib/python3.10/site-packages/nmma/em/analysis.py", line 1028, in main
    sys.exit(main())
  File "/home/thussenot/.conda/envs/multinest/lib/python3.10/site-packages/nmma/em/analysis.py", line 1028, in main
    sys.exit(main())
  File "/home/thussenot/.conda/envs/multinest/lib/python3.10/site-packages/nmma/em/analysis.py", line 1028, in main
    sys.exit(main())
  File "/home/thussenot/.conda/envs/multinest/lib/python3.10/site-packages/nmma/em/analysis.py", line 1028, in main
    sys.exit(main())
  File "/home/thussenot/.conda/envs/multinest/lib/python3.10/site-packages/nmma/em/analysis.py", line 1028, in main
    sys.exit(main())
  File "/home/thussenot/.conda/envs/multinest/lib/python3.10/site-packages/nmma/em/analysis.py", line 1028, in main
    sys.exit(main())
  File "/home/thussenot/.conda/envs/multinest/lib/python3.10/site-packages/nmma/em/analysis.py", line 1028, in main
    sys.exit(main())
  File "/home/thussenot/.conda/envs/multinest/lib/python3.10/site-packages/nmma/em/analysis.py", line 1028, in main
    sys.exit(main())
  File "/home/thussenot/.conda/envs/multinest/lib/python3.10/site-packages/nmma/em/analysis.py", line 1028, in main
    result = bilby.run_sampler(
  File "/home/thussenot/.conda/envs/multinest/lib/python3.10/site-packages/bilby/core/sampler/__init__.py", line 262, in run_sampler
    analysis(args)
  File "/home/thussenot/.conda/envs/multinest/lib/python3.10/site-packages/nmma/em/analysis.py", line 712, in analysis
    analysis(args)
  File "/home/thussenot/.conda/envs/multinest/lib/python3.10/site-packages/nmma/em/analysis.py", line 712, in analysis
    analysis(args)
  File "/home/thussenot/.conda/envs/multinest/lib/python3.10/site-packages/nmma/em/analysis.py", line 712, in analysis
    analysis(args)
  File "/home/thussenot/.conda/envs/multinest/lib/python3.10/site-packages/nmma/em/analysis.py", line 712, in analysis
    analysis(args)
  File "/home/thussenot/.conda/envs/multinest/lib/python3.10/site-packages/nmma/em/analysis.py", line 712, in analysis
    analysis(args)
  File "/home/thussenot/.conda/envs/multinest/lib/python3.10/site-packages/nmma/em/analysis.py", line 712, in analysis
    analysis(args)
  File "/home/thussenot/.conda/envs/multinest/lib/python3.10/site-packages/nmma/em/analysis.py", line 712, in analysis
    result.save_to_file(extension=save, gzip=gzip, outdir=outdir)
  File "/home/thussenot/.conda/envs/multinest/lib/python3.10/site-packages/bilby/core/result.py", line 783, in save_to_file
    result = bilby.run_sampler(
  File "/home/thussenot/.conda/envs/multinest/lib/python3.10/site-packages/bilby/core/sampler/__init__.py", line 262, in run_sampler
    analysis(args)
  File "/home/thussenot/.conda/envs/multinest/lib/python3.10/site-packages/nmma/em/analysis.py", line 712, in analysis
    analysis(args)
  File "/home/thussenot/.conda/envs/multinest/lib/python3.10/site-packages/nmma/em/analysis.py", line 712, in analysis
    analysis(args)
  File "/home/thussenot/.conda/envs/multinest/lib/python3.10/site-packages/nmma/em/analysis.py", line 712, in analysis
    analysis(args)
  File "/home/thussenot/.conda/envs/multinest/lib/python3.10/site-packages/nmma/em/analysis.py", line 712, in analysis
    analysis(args)
  File "/home/thussenot/.conda/envs/multinest/lib/python3.10/site-packages/nmma/em/analysis.py", line 712, in analysis
    analysis(args)
  File "/home/thussenot/.conda/envs/multinest/lib/python3.10/site-packages/nmma/em/analysis.py", line 712, in analysis
    result = bilby.run_sampler(
  File "/home/thussenot/.conda/envs/multinest/lib/python3.10/site-packages/bilby/core/sampler/__init__.py", line 262, in run_sampler
    result = bilby.run_sampler(
  File "/home/thussenot/.conda/envs/multinest/lib/python3.10/site-packages/bilby/core/sampler/__init__.py", line 262, in run_sampler
    result = bilby.run_sampler(
  File "/home/thussenot/.conda/envs/multinest/lib/python3.10/site-packages/bilby/core/sampler/__init__.py", line 262, in run_sampler
    result.save_to_file(extension=save, gzip=gzip, outdir=outdir)
    result = bilby.run_sampler(
  File "/home/thussenot/.conda/envs/multinest/lib/python3.10/site-packages/bilby/core/sampler/__init__.py", line 262, in run_sampler
    result = bilby.run_sampler(
  File "/home/thussenot/.conda/envs/multinest/lib/python3.10/site-packages/bilby/core/sampler/__init__.py", line 262, in run_sampler
    result = bilby.run_sampler(
  File "/home/thussenot/.conda/envs/multinest/lib/python3.10/site-packages/bilby/core/sampler/__init__.py", line 262, in run_sampler
    result = bilby.run_sampler(
  File "/home/thussenot/.conda/envs/multinest/lib/python3.10/site-packages/bilby/core/sampler/__init__.py", line 262, in run_sampler
    result = bilby.run_sampler(
  File "/home/thussenot/.conda/envs/multinest/lib/python3.10/site-packages/bilby/core/sampler/__init__.py", line 262, in run_sampler
    result = bilby.run_sampler(
  File "/home/thussenot/.conda/envs/multinest/lib/python3.10/site-packages/bilby/core/sampler/__init__.py", line 262, in run_sampler
    move_old_file(filename, overwrite)
  File "/home/thussenot/.conda/envs/multinest/lib/python3.10/site-packages/bilby/core/utils/io.py", line 411, in move_old_file
    result = bilby.run_sampler(
  File "/home/thussenot/.conda/envs/multinest/lib/python3.10/site-packages/bilby/core/sampler/__init__.py", line 262, in run_sampler
  File "/home/thussenot/.conda/envs/multinest/lib/python3.10/site-packages/bilby/core/result.py", line 783, in save_to_file
    result = bilby.run_sampler(
  File "/home/thussenot/.conda/envs/multinest/lib/python3.10/site-packages/bilby/core/sampler/__init__.py", line 262, in run_sampler
    result = bilby.run_sampler(
  File "/home/thussenot/.conda/envs/multinest/lib/python3.10/site-packages/bilby/core/sampler/__init__.py", line 262, in run_sampler
    analysis(args)
  File "/home/thussenot/.conda/envs/multinest/lib/python3.10/site-packages/nmma/em/analysis.py", line 712, in analysis
    result.save_to_file(extension=save, gzip=gzip, outdir=outdir)
  File "/home/thussenot/.conda/envs/multinest/lib/python3.10/site-packages/bilby/core/result.py", line 783, in save_to_file
    result.save_to_file(extension=save, gzip=gzip, outdir=outdir)
  File "/home/thussenot/.conda/envs/multinest/lib/python3.10/site-packages/bilby/core/result.py", line 783, in save_to_file
    result.save_to_file(extension=save, gzip=gzip, outdir=outdir)
  File "/home/thussenot/.conda/envs/multinest/lib/python3.10/site-packages/bilby/core/result.py", line 783, in save_to_file
    result.save_to_file(extension=save, gzip=gzip, outdir=outdir)
  File "/home/thussenot/.conda/envs/multinest/lib/python3.10/site-packages/bilby/core/result.py", line 783, in save_to_file
    result.save_to_file(extension=save, gzip=gzip, outdir=outdir)
    result.save_to_file(extension=save, gzip=gzip, outdir=outdir)
  File "/home/thussenot/.conda/envs/multinest/lib/python3.10/site-packages/bilby/core/result.py", line 783, in save_to_file
    result.save_to_file(extension=save, gzip=gzip, outdir=outdir)
  File "/home/thussenot/.conda/envs/multinest/lib/python3.10/site-packages/bilby/core/result.py", line 783, in save_to_file
    result.save_to_file(extension=save, gzip=gzip, outdir=outdir)
  File "/home/thussenot/.conda/envs/multinest/lib/python3.10/site-packages/bilby/core/result.py", line 783, in save_to_file
    result.save_to_file(extension=save, gzip=gzip, outdir=outdir)
  File "/home/thussenot/.conda/envs/multinest/lib/python3.10/site-packages/bilby/core/result.py", line 783, in save_to_file
    result.save_to_file(extension=save, gzip=gzip, outdir=outdir)
  File "/home/thussenot/.conda/envs/multinest/lib/python3.10/site-packages/bilby/core/result.py", line 783, in save_to_file
    result.save_to_file(extension=save, gzip=gzip, outdir=outdir)
  File "/home/thussenot/.conda/envs/multinest/lib/python3.10/site-packages/bilby/core/result.py", line 783, in save_to_file
    move_old_file(filename, overwrite)
  File "/home/thussenot/.conda/envs/multinest/lib/python3.10/site-packages/bilby/core/utils/io.py", line 411, in move_old_file
    shutil.move(filename, filename + ".old")
  File "/home/thussenot/.conda/envs/multinest/lib/python3.10/shutil.py", line 836, in move
  File "/home/thussenot/.conda/envs/multinest/lib/python3.10/site-packages/bilby/core/result.py", line 783, in save_to_file
    result.save_to_file(extension=save, gzip=gzip, outdir=outdir)
  File "/home/thussenot/.conda/envs/multinest/lib/python3.10/site-packages/bilby/core/result.py", line 783, in save_to_file
    result = bilby.run_sampler(
  File "/home/thussenot/.conda/envs/multinest/lib/python3.10/site-packages/bilby/core/sampler/__init__.py", line 262, in run_sampler
    move_old_file(filename, overwrite)
  File "/home/thussenot/.conda/envs/multinest/lib/python3.10/site-packages/bilby/core/utils/io.py", line 411, in move_old_file
    move_old_file(filename, overwrite)
  File "/home/thussenot/.conda/envs/multinest/lib/python3.10/site-packages/bilby/core/utils/io.py", line 411, in move_old_file
    move_old_file(filename, overwrite)
  File "/home/thussenot/.conda/envs/multinest/lib/python3.10/site-packages/bilby/core/utils/io.py", line 411, in move_old_file
    move_old_file(filename, overwrite)
  File "/home/thussenot/.conda/envs/multinest/lib/python3.10/site-packages/bilby/core/utils/io.py", line 411, in move_old_file
    result.save_to_file(extension=save, gzip=gzip, outdir=outdir)
  File "/home/thussenot/.conda/envs/multinest/lib/python3.10/site-packages/bilby/core/result.py", line 783, in save_to_file
    shutil.move(filename, filename + ".old")
  File "/home/thussenot/.conda/envs/multinest/lib/python3.10/shutil.py", line 836, in move
    move_old_file(filename, overwrite)
    shutil.move(filename, filename + ".old")
  File "/home/thussenot/.conda/envs/multinest/lib/python3.10/shutil.py", line 836, in move
  File "/home/thussenot/.conda/envs/multinest/lib/python3.10/site-packages/bilby/core/utils/io.py", line 411, in move_old_file
    move_old_file(filename, overwrite)
  File "/home/thussenot/.conda/envs/multinest/lib/python3.10/site-packages/bilby/core/utils/io.py", line 411, in move_old_file
    move_old_file(filename, overwrite)
  File "/home/thussenot/.conda/envs/multinest/lib/python3.10/site-packages/bilby/core/utils/io.py", line 411, in move_old_file
    move_old_file(filename, overwrite)
  File "/home/thussenot/.conda/envs/multinest/lib/python3.10/site-packages/bilby/core/utils/io.py", line 411, in move_old_file
    move_old_file(filename, overwrite)
  File "/home/thussenot/.conda/envs/multinest/lib/python3.10/site-packages/bilby/core/utils/io.py", line 411, in move_old_file
    copy_function(src, real_dst)
  File "/home/thussenot/.conda/envs/multinest/lib/python3.10/shutil.py", line 435, in copy2
    move_old_file(filename, overwrite)
  File "/home/thussenot/.conda/envs/multinest/lib/python3.10/site-packages/bilby/core/utils/io.py", line 411, in move_old_file
    move_old_file(filename, overwrite)
  File "/home/thussenot/.conda/envs/multinest/lib/python3.10/site-packages/bilby/core/utils/io.py", line 411, in move_old_file
    move_old_file(filename, overwrite)
  File "/home/thussenot/.conda/envs/multinest/lib/python3.10/site-packages/bilby/core/utils/io.py", line 411, in move_old_file
    shutil.move(filename, filename + ".old")
  File "/home/thussenot/.conda/envs/multinest/lib/python3.10/shutil.py", line 836, in move
    shutil.move(filename, filename + ".old")
  File "/home/thussenot/.conda/envs/multinest/lib/python3.10/shutil.py", line 836, in move
    shutil.move(filename, filename + ".old")
  File "/home/thussenot/.conda/envs/multinest/lib/python3.10/shutil.py", line 836, in move
    move_old_file(filename, overwrite)
  File "/home/thussenot/.conda/envs/multinest/lib/python3.10/site-packages/bilby/core/utils/io.py", line 411, in move_old_file
    shutil.move(filename, filename + ".old")
  File "/home/thussenot/.conda/envs/multinest/lib/python3.10/shutil.py", line 836, in move
    copy_function(src, real_dst)
    copy_function(src, real_dst)
  File "/home/thussenot/.conda/envs/multinest/lib/python3.10/shutil.py", line 435, in copy2
    shutil.move(filename, filename + ".old")
  File "/home/thussenot/.conda/envs/multinest/lib/python3.10/shutil.py", line 836, in move
    shutil.move(filename, filename + ".old")
  File "/home/thussenot/.conda/envs/multinest/lib/python3.10/shutil.py", line 836, in move
    shutil.move(filename, filename + ".old")
  File "/home/thussenot/.conda/envs/multinest/lib/python3.10/shutil.py", line 836, in move
    shutil.move(filename, filename + ".old")
  File "/home/thussenot/.conda/envs/multinest/lib/python3.10/shutil.py", line 836, in move
    shutil.move(filename, filename + ".old")
  File "/home/thussenot/.conda/envs/multinest/lib/python3.10/shutil.py", line 836, in move
    copystat(src, dst, follow_symlinks=follow_symlinks)
  File "/home/thussenot/.conda/envs/multinest/lib/python3.10/shutil.py", line 372, in copystat
    shutil.move(filename, filename + ".old")
  File "/home/thussenot/.conda/envs/multinest/lib/python3.10/shutil.py", line 836, in move
    shutil.move(filename, filename + ".old")
  File "/home/thussenot/.conda/envs/multinest/lib/python3.10/shutil.py", line 836, in move
  File "/home/thussenot/.conda/envs/multinest/lib/python3.10/shutil.py", line 435, in copy2
    copy_function(src, real_dst)
  File "/home/thussenot/.conda/envs/multinest/lib/python3.10/shutil.py", line 435, in copy2
    shutil.move(filename, filename + ".old")
  File "/home/thussenot/.conda/envs/multinest/lib/python3.10/shutil.py", line 836, in move
    copy_function(src, real_dst)
  File "/home/thussenot/.conda/envs/multinest/lib/python3.10/shutil.py", line 435, in copy2
    copy_function(src, real_dst)
  File "/home/thussenot/.conda/envs/multinest/lib/python3.10/shutil.py", line 435, in copy2
    copystat(src, dst, follow_symlinks=follow_symlinks)
  File "/home/thussenot/.conda/envs/multinest/lib/python3.10/shutil.py", line 372, in copystat
    copy_function(src, real_dst)
  File "/home/thussenot/.conda/envs/multinest/lib/python3.10/shutil.py", line 435, in copy2
    copy_function(src, real_dst)
  File "/home/thussenot/.conda/envs/multinest/lib/python3.10/shutil.py", line 435, in copy2
    copy_function(src, real_dst)
  File "/home/thussenot/.conda/envs/multinest/lib/python3.10/shutil.py", line 435, in copy2
    st = lookup("stat")(src, follow_symlinks=follow)
    copy_function(src, real_dst)
  File "/home/thussenot/.conda/envs/multinest/lib/python3.10/shutil.py", line 435, in copy2
    copy_function(src, real_dst)
  File "/home/thussenot/.conda/envs/multinest/lib/python3.10/shutil.py", line 435, in copy2
    copystat(src, dst, follow_symlinks=follow_symlinks)
  File "/home/thussenot/.conda/envs/multinest/lib/python3.10/shutil.py", line 372, in copystat
    copystat(src, dst, follow_symlinks=follow_symlinks)
  File "/home/thussenot/.conda/envs/multinest/lib/python3.10/shutil.py", line 372, in copystat
    copystat(src, dst, follow_symlinks=follow_symlinks)
  File "/home/thussenot/.conda/envs/multinest/lib/python3.10/shutil.py", line 372, in copystat
    copystat(src, dst, follow_symlinks=follow_symlinks)
  File "/home/thussenot/.conda/envs/multinest/lib/python3.10/shutil.py", line 372, in copystat
    copy_function(src, real_dst)
  File "/home/thussenot/.conda/envs/multinest/lib/python3.10/shutil.py", line 435, in copy2
    copy_function(src, real_dst)
  File "/home/thussenot/.conda/envs/multinest/lib/python3.10/shutil.py", line 435, in copy2
    copy_function(src, real_dst)
  File "/home/thussenot/.conda/envs/multinest/lib/python3.10/shutil.py", line 435, in copy2
    copy_function(src, real_dst)
  File "/home/thussenot/.conda/envs/multinest/lib/python3.10/shutil.py", line 435, in copy2
FileNotFoundError: [Errno 2] No such file or directory: 'outdirBNSBu32cores/Constraints170817_result.json'
    st = lookup("stat")(src, follow_symlinks=follow)
FileNotFoundError: [Errno 2] No such file or directory: 'outdirBNSBu32cores/Constraints170817_result.json'
    st = lookup("stat")(src, follow_symlinks=follow)
FileNotFoundError: [Errno 2] No such file or directory: 'outdirBNSBu32cores/Constraints170817_result.json'
    copystat(src, dst, follow_symlinks=follow_symlinks)
  File "/home/thussenot/.conda/envs/multinest/lib/python3.10/shutil.py", line 372, in copystat
    copystat(src, dst, follow_symlinks=follow_symlinks)
  File "/home/thussenot/.conda/envs/multinest/lib/python3.10/shutil.py", line 372, in copystat
    copystat(src, dst, follow_symlinks=follow_symlinks)
    st = lookup("stat")(src, follow_symlinks=follow)
FileNotFoundError: [Errno 2] No such file or directory: 'outdirBNSBu32cores/Constraints170817_result.json'
    st = lookup("stat")(src, follow_symlinks=follow)
FileNotFoundError: [Errno 2] No such file or directory: 'outdirBNSBu32cores/Constraints170817_result.json'
    st = lookup("stat")(src, follow_symlinks=follow)
FileNotFoundError: [Errno 2] No such file or directory: 'outdirBNSBu32cores/Constraints170817_result.json'
    copystat(src, dst, follow_symlinks=follow_symlinks)
  File "/home/thussenot/.conda/envs/multinest/lib/python3.10/shutil.py", line 372, in copystat
    copystat(src, dst, follow_symlinks=follow_symlinks)
  File "/home/thussenot/.conda/envs/multinest/lib/python3.10/shutil.py", line 372, in copystat
    copystat(src, dst, follow_symlinks=follow_symlinks)
  File "/home/thussenot/.conda/envs/multinest/lib/python3.10/shutil.py", line 372, in copystat
  File "/home/thussenot/.conda/envs/multinest/lib/python3.10/shutil.py", line 372, in copystat
    copystat(src, dst, follow_symlinks=follow_symlinks)
  File "/home/thussenot/.conda/envs/multinest/lib/python3.10/shutil.py", line 372, in copystat
    st = lookup("stat")(src, follow_symlinks=follow)
FileNotFoundError: [Errno 2] No such file or directory: 'outdirBNSBu32cores/Constraints170817_result.json'
    copystat(src, dst, follow_symlinks=follow_symlinks)
  File "/home/thussenot/.conda/envs/multinest/lib/python3.10/shutil.py", line 372, in copystat
    copystat(src, dst, follow_symlinks=follow_symlinks)
  File "/home/thussenot/.conda/envs/multinest/lib/python3.10/shutil.py", line 372, in copystat
    st = lookup("stat")(src, follow_symlinks=follow)
FileNotFoundError: [Errno 2] No such file or directory: 'outdirBNSBu32cores/Constraints170817_result.json'
    st = lookup("stat")(src, follow_symlinks=follow)
FileNotFoundError: [Errno 2] No such file or directory: 'outdirBNSBu32cores/Constraints170817_result.json'
    st = lookup("stat")(src, follow_symlinks=follow)
FileNotFoundError: [Errno 2] No such file or directory: 'outdirBNSBu32cores/Constraints170817_result.json'
    st = lookup("stat")(src, follow_symlinks=follow)
    st = lookup("stat")(src, follow_symlinks=follow)
FileNotFoundError: [Errno 2] No such file or directory: 'outdirBNSBu32cores/Constraints170817_result.json'
    st = lookup("stat")(src, follow_symlinks=follow)
FileNotFoundError: [Errno 2] No such file or directory: 'outdirBNSBu32cores/Constraints170817_result.json'
    st = lookup("stat")(src, follow_symlinks=follow)
FileNotFoundError: [Errno 2] No such file or directory: 'outdirBNSBu32cores/Constraints170817_result.json'
    st = lookup("stat")(src, follow_symlinks=follow)
FileNotFoundError: [Errno 2] No such file or directory: 'outdirBNSBu32cores/Constraints170817_result.json'
FileNotFoundError: [Errno 2] No such file or directory: 'outdirBNSBu32cores/Constraints170817_result.json'
Traceback (most recent call last):
  File "/home/thussenot/.conda/envs/multinest/lib/python3.10/shutil.py", line 816, in move
    os.rename(src, real_dst)
FileNotFoundError: [Errno 2] No such file or directory: 'outdirBNSBu32cores/Constraints170817_result.json' -> 'outdirBNSBu32cores/Constraints170817_result.json.old'

During handling of the above exception, another exception occurred:

Traceback (most recent call last):
  File "/home/thussenot/.conda/envs/multinest/bin/lightcurve-analysis", line 8, in <module>
    sys.exit(main())
  File "/home/thussenot/.conda/envs/multinest/lib/python3.10/site-packages/nmma/em/analysis.py", line 1028, in main
    analysis(args)
  File "/home/thussenot/.conda/envs/multinest/lib/python3.10/site-packages/nmma/em/analysis.py", line 712, in analysis
    result = bilby.run_sampler(
  File "/home/thussenot/.conda/envs/multinest/lib/python3.10/site-packages/bilby/core/sampler/__init__.py", line 262, in run_sampler
    result.save_to_file(extension=save, gzip=gzip, outdir=outdir)
  File "/home/thussenot/.conda/envs/multinest/lib/python3.10/site-packages/bilby/core/result.py", line 783, in save_to_file
    move_old_file(filename, overwrite)
  File "/home/thussenot/.conda/envs/multinest/lib/python3.10/site-packages/bilby/core/utils/io.py", line 411, in move_old_file
    shutil.move(filename, filename + ".old")
  File "/home/thussenot/.conda/envs/multinest/lib/python3.10/shutil.py", line 836, in move
    copy_function(src, real_dst)
  File "/home/thussenot/.conda/envs/multinest/lib/python3.10/shutil.py", line 435, in copy2
    copystat(src, dst, follow_symlinks=follow_symlinks)
  File "/home/thussenot/.conda/envs/multinest/lib/python3.10/shutil.py", line 378, in copystat
    _copyxattr(src, dst, follow_symlinks=follow)
  File "/home/thussenot/.conda/envs/multinest/lib/python3.10/shutil.py", line 320, in _copyxattr
    names = os.listxattr(src, follow_symlinks=follow_symlinks)
FileNotFoundError: [Errno 2] No such file or directory: 'outdirBNSBu32cores/Constraints170817_result.json'
Traceback (most recent call last):
  File "/home/thussenot/.conda/envs/multinest/lib/python3.10/shutil.py", line 816, in move
    os.rename(src, real_dst)
FileNotFoundError: [Errno 2] No such file or directory: 'outdirBNSBu32cores/Constraints170817_result.json' -> 'outdirBNSBu32cores/Constraints170817_result.json.old'

During handling of the above exception, another exception occurred:

Traceback (most recent call last):
  File "/home/thussenot/.conda/envs/multinest/bin/lightcurve-analysis", line 8, in <module>
    sys.exit(main())
  File "/home/thussenot/.conda/envs/multinest/lib/python3.10/site-packages/nmma/em/analysis.py", line 1028, in main
    analysis(args)
  File "/home/thussenot/.conda/envs/multinest/lib/python3.10/site-packages/nmma/em/analysis.py", line 712, in analysis
    result = bilby.run_sampler(
  File "/home/thussenot/.conda/envs/multinest/lib/python3.10/site-packages/bilby/core/sampler/__init__.py", line 262, in run_sampler
    result.save_to_file(extension=save, gzip=gzip, outdir=outdir)
  File "/home/thussenot/.conda/envs/multinest/lib/python3.10/site-packages/bilby/core/result.py", line 783, in save_to_file
    move_old_file(filename, overwrite)
  File "/home/thussenot/.conda/envs/multinest/lib/python3.10/site-packages/bilby/core/utils/io.py", line 411, in move_old_file
    shutil.move(filename, filename + ".old")
  File "/home/thussenot/.conda/envs/multinest/lib/python3.10/shutil.py", line 836, in move
    copy_function(src, real_dst)
  File "/home/thussenot/.conda/envs/multinest/lib/python3.10/shutil.py", line 435, in copy2
    copystat(src, dst, follow_symlinks=follow_symlinks)
  File "/home/thussenot/.conda/envs/multinest/lib/python3.10/shutil.py", line 372, in copystat
    st = lookup("stat")(src, follow_symlinks=follow)
FileNotFoundError: [Errno 2] No such file or directory: 'outdirBNSBu32cores/Constraints170817_result.json'
05:33 bilby INFO    : Summary of results:
nsamples: 11950
ln_noise_evidence:  0.000
ln_evidence: -140.439 +/-  0.069
ln_bayes_factor: -140.439 +/-  0.069

05:33 bilby INFO    : Summary of results:
nsamples: 11950
ln_noise_evidence:  0.000
ln_evidence: -140.439 +/-  0.069
ln_bayes_factor: -140.439 +/-  0.069

Traceback (most recent call last):
  File "/home/thussenot/.conda/envs/multinest/bin/lightcurve-analysis", line 8, in <module>
    sys.exit(main())
  File "/home/thussenot/.conda/envs/multinest/lib/python3.10/site-packages/nmma/em/analysis.py", line 1028, in main
    analysis(args)
  File "/home/thussenot/.conda/envs/multinest/lib/python3.10/site-packages/nmma/em/analysis.py", line 712, in analysis
    result = bilby.run_sampler(
  File "/home/thussenot/.conda/envs/multinest/lib/python3.10/site-packages/bilby/core/sampler/__init__.py", line 278, in run_sampler
    result.save_to_file(overwrite=True, extension=save, gzip=gzip, outdir=outdir)
  File "/home/thussenot/.conda/envs/multinest/lib/python3.10/site-packages/bilby/core/result.py", line 783, in save_to_file
    move_old_file(filename, overwrite)
  File "/home/thussenot/.conda/envs/multinest/lib/python3.10/site-packages/bilby/core/utils/io.py", line 406, in move_old_file
    os.remove(filename)
FileNotFoundError: [Errno 2] No such file or directory: 'outdirBNSBu32cores/Constraints170817_result.json'
Traceback (most recent call last):
  File "/home/thussenot/.conda/envs/multinest/bin/lightcurve-analysis", line 8, in <module>
Traceback (most recent call last):
  File "/home/thussenot/.conda/envs/multinest/bin/lightcurve-analysis", line 8, in <module>
    sys.exit(main())
  File "/home/thussenot/.conda/envs/multinest/lib/python3.10/site-packages/nmma/em/analysis.py", line 1028, in main
    sys.exit(main())
  File "/home/thussenot/.conda/envs/multinest/lib/python3.10/site-packages/nmma/em/analysis.py", line 1028, in main
    analysis(args)
  File "/home/thussenot/.conda/envs/multinest/lib/python3.10/site-packages/nmma/em/analysis.py", line 712, in analysis
    analysis(args)
    result = bilby.run_sampler(
  File "/home/thussenot/.conda/envs/multinest/lib/python3.10/site-packages/bilby/core/sampler/__init__.py", line 278, in run_sampler
  File "/home/thussenot/.conda/envs/multinest/lib/python3.10/site-packages/nmma/em/analysis.py", line 712, in analysis
    result.save_to_file(overwrite=True, extension=save, gzip=gzip, outdir=outdir)
  File "/home/thussenot/.conda/envs/multinest/lib/python3.10/site-packages/bilby/core/result.py", line 783, in save_to_file
    result = bilby.run_sampler(
  File "/home/thussenot/.conda/envs/multinest/lib/python3.10/site-packages/bilby/core/sampler/__init__.py", line 278, in run_sampler
    move_old_file(filename, overwrite)
  File "/home/thussenot/.conda/envs/multinest/lib/python3.10/site-packages/bilby/core/utils/io.py", line 406, in move_old_file
    result.save_to_file(overwrite=True, extension=save, gzip=gzip, outdir=outdir)
  File "/home/thussenot/.conda/envs/multinest/lib/python3.10/site-packages/bilby/core/result.py", line 783, in save_to_file
    os.remove(filename)
FileNotFoundError: [Errno 2] No such file or directory: 'outdirBNSBu32cores/Constraints170817_result.json'
    move_old_file(filename, overwrite)
  File "/home/thussenot/.conda/envs/multinest/lib/python3.10/site-packages/bilby/core/utils/io.py", line 406, in move_old_file
    os.remove(filename)
FileNotFoundError: [Errno 2] No such file or directory: 'outdirBNSBu32cores/Constraints170817_result.json'
Traceback (most recent call last):
  File "/home/thussenot/.conda/envs/multinest/bin/lightcurve-analysis", line 8, in <module>
    sys.exit(main())
  File "/home/thussenot/.conda/envs/multinest/lib/python3.10/site-packages/nmma/em/analysis.py", line 1028, in main
    analysis(args)
  File "/home/thussenot/.conda/envs/multinest/lib/python3.10/site-packages/nmma/em/analysis.py", line 712, in analysis
    result = bilby.run_sampler(
  File "/home/thussenot/.conda/envs/multinest/lib/python3.10/site-packages/bilby/core/sampler/__init__.py", line 278, in run_sampler
    result.save_to_file(overwrite=True, extension=save, gzip=gzip, outdir=outdir)
  File "/home/thussenot/.conda/envs/multinest/lib/python3.10/site-packages/bilby/core/result.py", line 783, in save_to_file
    move_old_file(filename, overwrite)
  File "/home/thussenot/.conda/envs/multinest/lib/python3.10/site-packages/bilby/core/utils/io.py", line 406, in move_old_file
    os.remove(filename)
FileNotFoundError: [Errno 2] No such file or directory: 'outdirBNSBu32cores/Constraints170817_result.json'
05:33 bilby INFO    : Summary of results:
nsamples: 11950
ln_noise_evidence:  0.000
ln_evidence: -140.439 +/-  0.069
ln_bayes_factor: -140.439 +/-  0.069

05:33 bilby INFO    : Summary of results:
nsamples: 11950
ln_noise_evidence:  0.000
ln_evidence: -140.439 +/-  0.069
ln_bayes_factor: -140.439 +/-  0.069

05:33 bilby INFO    : Summary of results:
nsamples: 11950
ln_noise_evidence:  0.000
ln_evidence: -140.439 +/-  0.069
ln_bayes_factor: -140.439 +/-  0.069

05:33 bilby INFO    : Summary of results:
nsamples: 11950
ln_noise_evidence:  0.000
ln_evidence: -140.439 +/-  0.069
ln_bayes_factor: -140.439 +/-  0.069

05:33 bilby INFO    : Summary of results:
nsamples: 11950
ln_noise_evidence:  0.000
ln_evidence: -140.439 +/-  0.069
ln_bayes_factor: -140.439 +/-  0.069

05:33 bilby INFO    : Summary of results:
nsamples: 11950
ln_noise_evidence:  0.000
ln_evidence: -140.439 +/-  0.069
ln_bayes_factor: -140.439 +/-  0.069

05:33 bilby INFO    : Summary of results:
nsamples: 11950
ln_noise_evidence:  0.000
ln_evidence: -140.439 +/-  0.069
ln_bayes_factor: -140.439 +/-  0.069

05:33 bilby INFO    : Summary of results:
nsamples: 11950
ln_noise_evidence:  0.000
ln_evidence: -140.439 +/-  0.069
ln_bayes_factor: -140.439 +/-  0.069

--------------------------------------------------------------------------
Primary job  terminated normally, but 1 process returned
a non-zero exit code. Per user-direction, the job has been aborted.
--------------------------------------------------------------------------
--------------------------------------------------------------------------
mpiexec detected that one or more processes exited with non-zero status, thus causing
the job to be terminated. The first process to do so was:

  Process name: [[30216,1],16]
  Exit code:    1
--------------------------------------------------------------------------
