06:16 bilby INFO    : Running for label '170817in14days', output will be saved to 'outdirBNSKa32cores'
06:16 bilby INFO    : Running for label '170817in14days', output will be saved to 'outdirBNSKa32cores'
06:16 bilby INFO    : Running for label '170817in14days', output will be saved to 'outdirBNSKa32cores'
06:16 bilby INFO    : Running for label '170817in14days', output will be saved to 'outdirBNSKa32cores'
06:16 bilby INFO    : Running for label '170817in14days', output will be saved to 'outdirBNSKa32cores'
06:16 bilby INFO    : Running for label '170817in14days', output will be saved to 'outdirBNSKa32cores'
06:16 bilby INFO    : Running for label '170817in14days', output will be saved to 'outdirBNSKa32cores'
06:16 bilby INFO    : Running for label '170817in14days', output will be saved to 'outdirBNSKa32cores'
06:16 bilby INFO    : Running for label '170817in14days', output will be saved to 'outdirBNSKa32cores'
06:16 bilby INFO    : Running for label '170817in14days', output will be saved to 'outdirBNSKa32cores'
06:16 bilby INFO    : Running for label '170817in14days', output will be saved to 'outdirBNSKa32cores'
06:16 bilby INFO    : Running for label '170817in14days', output will be saved to 'outdirBNSKa32cores'
06:16 bilby INFO    : Running for label '170817in14days', output will be saved to 'outdirBNSKa32cores'
06:16 bilby INFO    : Running for label '170817in14days', output will be saved to 'outdirBNSKa32cores'
06:16 bilby INFO    : Running for label '170817in14days', output will be saved to 'outdirBNSKa32cores'
06:16 bilby INFO    : Running for label '170817in14days', output will be saved to 'outdirBNSKa32cores'
06:16 bilby INFO    : Running for label '170817in14days', output will be saved to 'outdirBNSKa32cores'
06:16 bilby INFO    : Running for label '170817in14days', output will be saved to 'outdirBNSKa32cores'
06:16 bilby INFO    : Running for label '170817in14days', output will be saved to 'outdirBNSKa32cores'
06:16 bilby INFO    : Running for label '170817in14days', output will be saved to 'outdirBNSKa32cores'
06:16 bilby INFO    : Running for label '170817in14days', output will be saved to 'outdirBNSKa32cores'
06:16 bilby INFO    : Running for label '170817in14days', output will be saved to 'outdirBNSKa32cores'
06:16 bilby INFO    : Running for label '170817in14days', output will be saved to 'outdirBNSKa32cores'
06:16 bilby INFO    : Running for label '170817in14days', output will be saved to 'outdirBNSKa32cores'
06:16 bilby INFO    : Running for label '170817in14days', output will be saved to 'outdirBNSKa32cores'
06:16 bilby INFO    : Running for label '170817in14days', output will be saved to 'outdirBNSKa32cores'
06:16 bilby INFO    : Running for label '170817in14days', output will be saved to 'outdirBNSKa32cores'
06:16 bilby INFO    : Running for label '170817in14days', output will be saved to 'outdirBNSKa32cores'
06:16 bilby INFO    : Running for label '170817in14days', output will be saved to 'outdirBNSKa32cores'
06:16 bilby INFO    : Running for label '170817in14days', output will be saved to 'outdirBNSKa32cores'
06:16 bilby INFO    : Running for label '170817in14days', output will be saved to 'outdirBNSKa32cores'
06:16 bilby INFO    : Running for label '170817in14days', output will be saved to 'outdirBNSKa32cores'
06:16 bilby INFO    : Analysis priors:
06:16 bilby INFO    : Analysis priors:
06:16 bilby INFO    : Analysis priors:
06:16 bilby INFO    : Analysis priors:
06:16 bilby INFO    : Analysis priors:
06:16 bilby INFO    : Analysis priors:
06:16 bilby INFO    : Analysis priors:
06:16 bilby INFO    : Analysis priors:
06:16 bilby INFO    : Analysis priors:
06:16 bilby INFO    : Analysis priors:
06:16 bilby INFO    : Analysis priors:
06:16 bilby INFO    : Analysis priors:
06:16 bilby INFO    : Analysis priors:
06:16 bilby INFO    : Analysis priors:
06:16 bilby INFO    : Analysis priors:
06:16 bilby INFO    : Analysis priors:
06:16 bilby INFO    : Analysis priors:
06:16 bilby INFO    : Analysis priors:
06:16 bilby INFO    : Analysis priors:
06:16 bilby INFO    : Analysis priors:
06:16 bilby INFO    : Analysis priors:
06:16 bilby INFO    : Analysis priors:
06:16 bilby INFO    : Analysis priors:
06:16 bilby INFO    : Analysis priors:
06:16 bilby INFO    : Analysis priors:
06:16 bilby INFO    : Analysis priors:
06:16 bilby INFO    : Analysis priors:
06:16 bilby INFO    : Analysis priors:
06:16 bilby INFO    : Analysis priors:
06:16 bilby INFO    : Analysis priors:
06:16 bilby INFO    : Analysis priors:
06:16 bilby INFO    : log10_mej=Uniform(minimum=-5, maximum=-0.5, name='log10_mej', latex_label='$\\log_{10}M^{\\rm{dyn}}_{\\rm{ej}}$', unit=None, boundary=None)
06:16 bilby INFO    : log10_mej=Uniform(minimum=-5, maximum=-0.5, name='log10_mej', latex_label='$\\log_{10}M^{\\rm{dyn}}_{\\rm{ej}}$', unit=None, boundary=None)
06:16 bilby INFO    : log10_vej=Uniform(minimum=-1.8, maximum=-0.01, name='log10_vej', latex_label='$\\log_{10}v$', unit=None, boundary=None)
06:16 bilby INFO    : log10_mej=Uniform(minimum=-5, maximum=-0.5, name='log10_mej', latex_label='$\\log_{10}M^{\\rm{dyn}}_{\\rm{ej}}$', unit=None, boundary=None)
06:16 bilby INFO    : log10_mej=Uniform(minimum=-5, maximum=-0.5, name='log10_mej', latex_label='$\\log_{10}M^{\\rm{dyn}}_{\\rm{ej}}$', unit=None, boundary=None)
06:16 bilby INFO    : log10_mej=Uniform(minimum=-5, maximum=-0.5, name='log10_mej', latex_label='$\\log_{10}M^{\\rm{dyn}}_{\\rm{ej}}$', unit=None, boundary=None)
06:16 bilby INFO    : log10_vej=Uniform(minimum=-1.8, maximum=-0.01, name='log10_vej', latex_label='$\\log_{10}v$', unit=None, boundary=None)
06:16 bilby INFO    : log10_Xlan=Uniform(minimum=-9, maximum=-1, name='log10_Xlan', latex_label='log10_Xlan', unit=None, boundary='reflective')
06:16 bilby INFO    : log10_mej=Uniform(minimum=-5, maximum=-0.5, name='log10_mej', latex_label='$\\log_{10}M^{\\rm{dyn}}_{\\rm{ej}}$', unit=None, boundary=None)
06:16 bilby INFO    : log10_vej=Uniform(minimum=-1.8, maximum=-0.01, name='log10_vej', latex_label='$\\log_{10}v$', unit=None, boundary=None)
06:16 bilby INFO    : log10_mej=Uniform(minimum=-5, maximum=-0.5, name='log10_mej', latex_label='$\\log_{10}M^{\\rm{dyn}}_{\\rm{ej}}$', unit=None, boundary=None)
06:16 bilby INFO    : log10_mej=Uniform(minimum=-5, maximum=-0.5, name='log10_mej', latex_label='$\\log_{10}M^{\\rm{dyn}}_{\\rm{ej}}$', unit=None, boundary=None)
06:16 bilby INFO    : log10_vej=Uniform(minimum=-1.8, maximum=-0.01, name='log10_vej', latex_label='$\\log_{10}v$', unit=None, boundary=None)
06:16 bilby INFO    : log10_Xlan=Uniform(minimum=-9, maximum=-1, name='log10_Xlan', latex_label='log10_Xlan', unit=None, boundary='reflective')
06:16 bilby INFO    : Analysis priors:
06:16 bilby INFO    : log10_mej=Uniform(minimum=-5, maximum=-0.5, name='log10_mej', latex_label='$\\log_{10}M^{\\rm{dyn}}_{\\rm{ej}}$', unit=None, boundary=None)
06:16 bilby INFO    : log10_mej=Uniform(minimum=-5, maximum=-0.5, name='log10_mej', latex_label='$\\log_{10}M^{\\rm{dyn}}_{\\rm{ej}}$', unit=None, boundary=None)
06:16 bilby INFO    : log10_mej=Uniform(minimum=-5, maximum=-0.5, name='log10_mej', latex_label='$\\log_{10}M^{\\rm{dyn}}_{\\rm{ej}}$', unit=None, boundary=None)
06:16 bilby INFO    : log10_vej=Uniform(minimum=-1.8, maximum=-0.01, name='log10_vej', latex_label='$\\log_{10}v$', unit=None, boundary=None)
06:16 bilby INFO    : log10_mej=Uniform(minimum=-5, maximum=-0.5, name='log10_mej', latex_label='$\\log_{10}M^{\\rm{dyn}}_{\\rm{ej}}$', unit=None, boundary=None)
06:16 bilby INFO    : log10_mej=Uniform(minimum=-5, maximum=-0.5, name='log10_mej', latex_label='$\\log_{10}M^{\\rm{dyn}}_{\\rm{ej}}$', unit=None, boundary=None)
06:16 bilby INFO    : log10_mej=Uniform(minimum=-5, maximum=-0.5, name='log10_mej', latex_label='$\\log_{10}M^{\\rm{dyn}}_{\\rm{ej}}$', unit=None, boundary=None)
06:16 bilby INFO    : log10_vej=Uniform(minimum=-1.8, maximum=-0.01, name='log10_vej', latex_label='$\\log_{10}v$', unit=None, boundary=None)
06:16 bilby INFO    : log10_mej=Uniform(minimum=-5, maximum=-0.5, name='log10_mej', latex_label='$\\log_{10}M^{\\rm{dyn}}_{\\rm{ej}}$', unit=None, boundary=None)
06:16 bilby INFO    : log10_mej=Uniform(minimum=-5, maximum=-0.5, name='log10_mej', latex_label='$\\log_{10}M^{\\rm{dyn}}_{\\rm{ej}}$', unit=None, boundary=None)
06:16 bilby INFO    : log10_vej=Uniform(minimum=-1.8, maximum=-0.01, name='log10_vej', latex_label='$\\log_{10}v$', unit=None, boundary=None)
06:16 bilby INFO    : log10_vej=Uniform(minimum=-1.8, maximum=-0.01, name='log10_vej', latex_label='$\\log_{10}v$', unit=None, boundary=None)
06:16 bilby INFO    : log10_mej=Uniform(minimum=-5, maximum=-0.5, name='log10_mej', latex_label='$\\log_{10}M^{\\rm{dyn}}_{\\rm{ej}}$', unit=None, boundary=None)
06:16 bilby INFO    : log10_vej=Uniform(minimum=-1.8, maximum=-0.01, name='log10_vej', latex_label='$\\log_{10}v$', unit=None, boundary=None)
06:16 bilby INFO    : log10_vej=Uniform(minimum=-1.8, maximum=-0.01, name='log10_vej', latex_label='$\\log_{10}v$', unit=None, boundary=None)
06:16 bilby INFO    : log10_vej=Uniform(minimum=-1.8, maximum=-0.01, name='log10_vej', latex_label='$\\log_{10}v$', unit=None, boundary=None)
06:16 bilby INFO    : log10_mej=Uniform(minimum=-5, maximum=-0.5, name='log10_mej', latex_label='$\\log_{10}M^{\\rm{dyn}}_{\\rm{ej}}$', unit=None, boundary=None)
06:16 bilby INFO    : log10_vej=Uniform(minimum=-1.8, maximum=-0.01, name='log10_vej', latex_label='$\\log_{10}v$', unit=None, boundary=None)
06:16 bilby INFO    : log10_mej=Uniform(minimum=-5, maximum=-0.5, name='log10_mej', latex_label='$\\log_{10}M^{\\rm{dyn}}_{\\rm{ej}}$', unit=None, boundary=None)
06:16 bilby INFO    : log10_vej=Uniform(minimum=-1.8, maximum=-0.01, name='log10_vej', latex_label='$\\log_{10}v$', unit=None, boundary=None)
06:16 bilby INFO    : log10_mej=Uniform(minimum=-5, maximum=-0.5, name='log10_mej', latex_label='$\\log_{10}M^{\\rm{dyn}}_{\\rm{ej}}$', unit=None, boundary=None)
06:16 bilby INFO    : log10_Xlan=Uniform(minimum=-9, maximum=-1, name='log10_Xlan', latex_label='log10_Xlan', unit=None, boundary='reflective')
06:16 bilby INFO    : log10_Xlan=Uniform(minimum=-9, maximum=-1, name='log10_Xlan', latex_label='log10_Xlan', unit=None, boundary='reflective')
06:16 bilby INFO    : log10_Xlan=Uniform(minimum=-9, maximum=-1, name='log10_Xlan', latex_label='log10_Xlan', unit=None, boundary='reflective')
06:16 bilby INFO    : log10_mej=Uniform(minimum=-5, maximum=-0.5, name='log10_mej', latex_label='$\\log_{10}M^{\\rm{dyn}}_{\\rm{ej}}$', unit=None, boundary=None)
06:16 bilby INFO    : log10_mej=Uniform(minimum=-5, maximum=-0.5, name='log10_mej', latex_label='$\\log_{10}M^{\\rm{dyn}}_{\\rm{ej}}$', unit=None, boundary=None)
06:16 bilby INFO    : luminosity_distance=LogUniform(minimum=1, maximum=500, name='luminosity_distance', latex_label='$D_L$', unit=None, boundary=None)
06:16 bilby INFO    : log10_mej=Uniform(minimum=-5, maximum=-0.5, name='log10_mej', latex_label='$\\log_{10}M^{\\rm{dyn}}_{\\rm{ej}}$', unit=None, boundary=None)
06:16 bilby INFO    : log10_vej=Uniform(minimum=-1.8, maximum=-0.01, name='log10_vej', latex_label='$\\log_{10}v$', unit=None, boundary=None)
06:16 bilby INFO    : log10_vej=Uniform(minimum=-1.8, maximum=-0.01, name='log10_vej', latex_label='$\\log_{10}v$', unit=None, boundary=None)
06:16 bilby INFO    : log10_vej=Uniform(minimum=-1.8, maximum=-0.01, name='log10_vej', latex_label='$\\log_{10}v$', unit=None, boundary=None)
06:16 bilby INFO    : log10_mej=Uniform(minimum=-5, maximum=-0.5, name='log10_mej', latex_label='$\\log_{10}M^{\\rm{dyn}}_{\\rm{ej}}$', unit=None, boundary=None)
06:16 bilby INFO    : log10_Xlan=Uniform(minimum=-9, maximum=-1, name='log10_Xlan', latex_label='log10_Xlan', unit=None, boundary='reflective')
06:16 bilby INFO    : luminosity_distance=LogUniform(minimum=1, maximum=500, name='luminosity_distance', latex_label='$D_L$', unit=None, boundary=None)
06:16 bilby INFO    : log10_Xlan=Uniform(minimum=-9, maximum=-1, name='log10_Xlan', latex_label='log10_Xlan', unit=None, boundary='reflective')
06:16 bilby INFO    : log10_Xlan=Uniform(minimum=-9, maximum=-1, name='log10_Xlan', latex_label='log10_Xlan', unit=None, boundary='reflective')
06:16 bilby INFO    : log10_Xlan=Uniform(minimum=-9, maximum=-1, name='log10_Xlan', latex_label='log10_Xlan', unit=None, boundary='reflective')
06:16 bilby INFO    : timeshift=0.0
06:16 bilby INFO    : log10_Xlan=Uniform(minimum=-9, maximum=-1, name='log10_Xlan', latex_label='log10_Xlan', unit=None, boundary='reflective')
06:16 bilby INFO    : log10_mej=Uniform(minimum=-5, maximum=-0.5, name='log10_mej', latex_label='$\\log_{10}M^{\\rm{dyn}}_{\\rm{ej}}$', unit=None, boundary=None)
06:16 bilby INFO    : log10_mej=Uniform(minimum=-5, maximum=-0.5, name='log10_mej', latex_label='$\\log_{10}M^{\\rm{dyn}}_{\\rm{ej}}$', unit=None, boundary=None)
06:16 bilby INFO    : log10_mej=Uniform(minimum=-5, maximum=-0.5, name='log10_mej', latex_label='$\\log_{10}M^{\\rm{dyn}}_{\\rm{ej}}$', unit=None, boundary=None)
06:16 bilby INFO    : em_syserr=1.0
06:16 bilby INFO    : log10_vej=Uniform(minimum=-1.8, maximum=-0.01, name='log10_vej', latex_label='$\\log_{10}v$', unit=None, boundary=None)
06:16 bilby INFO    : log10_Xlan=Uniform(minimum=-9, maximum=-1, name='log10_Xlan', latex_label='log10_Xlan', unit=None, boundary='reflective')
06:16 bilby INFO    : log10_vej=Uniform(minimum=-1.8, maximum=-0.01, name='log10_vej', latex_label='$\\log_{10}v$', unit=None, boundary=None)
06:16 bilby INFO    : log10_Xlan=Uniform(minimum=-9, maximum=-1, name='log10_Xlan', latex_label='log10_Xlan', unit=None, boundary='reflective')
06:16 bilby INFO    : log10_mej=Uniform(minimum=-5, maximum=-0.5, name='log10_mej', latex_label='$\\log_{10}M^{\\rm{dyn}}_{\\rm{ej}}$', unit=None, boundary=None)
06:16 bilby INFO    : log10_vej=Uniform(minimum=-1.8, maximum=-0.01, name='log10_vej', latex_label='$\\log_{10}v$', unit=None, boundary=None)
06:16 bilby INFO    : timeshift=0.0
06:16 bilby INFO    : log10_vej=Uniform(minimum=-1.8, maximum=-0.01, name='log10_vej', latex_label='$\\log_{10}v$', unit=None, boundary=None)
06:16 bilby INFO    : log10_mej=Uniform(minimum=-5, maximum=-0.5, name='log10_mej', latex_label='$\\log_{10}M^{\\rm{dyn}}_{\\rm{ej}}$', unit=None, boundary=None)
06:16 bilby INFO    : Ebv=0.0
06:16 bilby INFO    : log10_mej=Uniform(minimum=-5, maximum=-0.5, name='log10_mej', latex_label='$\\log_{10}M^{\\rm{dyn}}_{\\rm{ej}}$', unit=None, boundary=None)
06:16 bilby INFO    : luminosity_distance=LogUniform(minimum=1, maximum=500, name='luminosity_distance', latex_label='$D_L$', unit=None, boundary=None)
06:16 bilby INFO    : log10_mej=Uniform(minimum=-5, maximum=-0.5, name='log10_mej', latex_label='$\\log_{10}M^{\\rm{dyn}}_{\\rm{ej}}$', unit=None, boundary=None)
06:16 bilby INFO    : log10_vej=Uniform(minimum=-1.8, maximum=-0.01, name='log10_vej', latex_label='$\\log_{10}v$', unit=None, boundary=None)
06:16 bilby INFO    : log10_Xlan=Uniform(minimum=-9, maximum=-1, name='log10_Xlan', latex_label='log10_Xlan', unit=None, boundary='reflective')
06:16 bilby INFO    : luminosity_distance=LogUniform(minimum=1, maximum=500, name='luminosity_distance', latex_label='$D_L$', unit=None, boundary=None)
06:16 bilby INFO    : log10_vej=Uniform(minimum=-1.8, maximum=-0.01, name='log10_vej', latex_label='$\\log_{10}v$', unit=None, boundary=None)
06:16 bilby INFO    : log10_Xlan=Uniform(minimum=-9, maximum=-1, name='log10_Xlan', latex_label='log10_Xlan', unit=None, boundary='reflective')
06:16 bilby INFO    : luminosity_distance=LogUniform(minimum=1, maximum=500, name='luminosity_distance', latex_label='$D_L$', unit=None, boundary=None)
06:16 bilby INFO    : log10_Xlan=Uniform(minimum=-9, maximum=-1, name='log10_Xlan', latex_label='log10_Xlan', unit=None, boundary='reflective')
06:16 bilby INFO    : em_syserr=1.0
06:16 bilby INFO    : log10_Xlan=Uniform(minimum=-9, maximum=-1, name='log10_Xlan', latex_label='log10_Xlan', unit=None, boundary='reflective')
06:16 bilby INFO    : log10_vej=Uniform(minimum=-1.8, maximum=-0.01, name='log10_vej', latex_label='$\\log_{10}v$', unit=None, boundary=None)
06:16 bilby INFO    : Analysis likelihood class: <class 'nmma.em.likelihood.OpticalLightCurve'>
06:16 bilby INFO    : luminosity_distance=LogUniform(minimum=1, maximum=500, name='luminosity_distance', latex_label='$D_L$', unit=None, boundary=None)
06:16 bilby INFO    : timeshift=0.0
06:16 bilby INFO    : log10_vej=Uniform(minimum=-1.8, maximum=-0.01, name='log10_vej', latex_label='$\\log_{10}v$', unit=None, boundary=None)
06:16 bilby INFO    : luminosity_distance=LogUniform(minimum=1, maximum=500, name='luminosity_distance', latex_label='$D_L$', unit=None, boundary=None)
06:16 bilby INFO    : log10_vej=Uniform(minimum=-1.8, maximum=-0.01, name='log10_vej', latex_label='$\\log_{10}v$', unit=None, boundary=None)
06:16 bilby INFO    : Ebv=0.0
06:16 bilby INFO    : timeshift=0.0
06:16 bilby INFO    : log10_vej=Uniform(minimum=-1.8, maximum=-0.01, name='log10_vej', latex_label='$\\log_{10}v$', unit=None, boundary=None)
06:16 bilby INFO    : timeshift=0.0
06:16 bilby INFO    : em_syserr=1.0
06:16 bilby INFO    : log10_Xlan=Uniform(minimum=-9, maximum=-1, name='log10_Xlan', latex_label='log10_Xlan', unit=None, boundary='reflective')
06:16 bilby INFO    : luminosity_distance=LogUniform(minimum=1, maximum=500, name='luminosity_distance', latex_label='$D_L$', unit=None, boundary=None)
06:16 bilby INFO    : luminosity_distance=LogUniform(minimum=1, maximum=500, name='luminosity_distance', latex_label='$D_L$', unit=None, boundary=None)
06:16 bilby INFO    : Analysis likelihood noise evidence: 0.0
06:16 bilby INFO    : log10_vej=Uniform(minimum=-1.8, maximum=-0.01, name='log10_vej', latex_label='$\\log_{10}v$', unit=None, boundary=None)
06:16 bilby INFO    : em_syserr=1.0
06:16 bilby INFO    : log10_Xlan=Uniform(minimum=-9, maximum=-1, name='log10_Xlan', latex_label='log10_Xlan', unit=None, boundary='reflective')
06:16 bilby INFO    : timeshift=0.0
06:16 bilby INFO    : luminosity_distance=LogUniform(minimum=1, maximum=500, name='luminosity_distance', latex_label='$D_L$', unit=None, boundary=None)
06:16 bilby INFO    : log10_Xlan=Uniform(minimum=-9, maximum=-1, name='log10_Xlan', latex_label='log10_Xlan', unit=None, boundary='reflective')
06:16 bilby INFO    : timeshift=0.0
06:16 bilby INFO    : luminosity_distance=LogUniform(minimum=1, maximum=500, name='luminosity_distance', latex_label='$D_L$', unit=None, boundary=None)
06:16 bilby INFO    : Analysis likelihood class: <class 'nmma.em.likelihood.OpticalLightCurve'>
06:16 bilby INFO    : log10_Xlan=Uniform(minimum=-9, maximum=-1, name='log10_Xlan', latex_label='log10_Xlan', unit=None, boundary='reflective')
06:16 bilby INFO    : log10_vej=Uniform(minimum=-1.8, maximum=-0.01, name='log10_vej', latex_label='$\\log_{10}v$', unit=None, boundary=None)
06:16 bilby INFO    : log10_Xlan=Uniform(minimum=-9, maximum=-1, name='log10_Xlan', latex_label='log10_Xlan', unit=None, boundary='reflective')
06:16 bilby INFO    : luminosity_distance=LogUniform(minimum=1, maximum=500, name='luminosity_distance', latex_label='$D_L$', unit=None, boundary=None)
06:16 bilby INFO    : log10_Xlan=Uniform(minimum=-9, maximum=-1, name='log10_Xlan', latex_label='log10_Xlan', unit=None, boundary='reflective')
06:16 bilby INFO    : em_syserr=1.0
06:16 bilby INFO    : luminosity_distance=LogUniform(minimum=1, maximum=500, name='luminosity_distance', latex_label='$D_L$', unit=None, boundary=None)
06:16 bilby INFO    : log10_vej=Uniform(minimum=-1.8, maximum=-0.01, name='log10_vej', latex_label='$\\log_{10}v$', unit=None, boundary=None)
06:16 bilby INFO    : Ebv=0.0
06:16 bilby INFO    : timeshift=0.0
06:16 bilby INFO    : log10_Xlan=Uniform(minimum=-9, maximum=-1, name='log10_Xlan', latex_label='log10_Xlan', unit=None, boundary='reflective')
06:16 bilby INFO    : log10_vej=Uniform(minimum=-1.8, maximum=-0.01, name='log10_vej', latex_label='$\\log_{10}v$', unit=None, boundary=None)
06:16 bilby INFO    : Ebv=0.0
06:16 bilby INFO    : log10_vej=Uniform(minimum=-1.8, maximum=-0.01, name='log10_vej', latex_label='$\\log_{10}v$', unit=None, boundary=None)
06:16 bilby INFO    : luminosity_distance=LogUniform(minimum=1, maximum=500, name='luminosity_distance', latex_label='$D_L$', unit=None, boundary=None)
06:16 bilby INFO    : em_syserr=1.0
06:16 bilby INFO    : timeshift=0.0
06:16 bilby INFO    : timeshift=0.0
06:16 bilby INFO    : timeshift=0.0
06:16 bilby INFO    : Analysis likelihood noise evidence: 0.0
06:16 bilby INFO    : luminosity_distance=LogUniform(minimum=1, maximum=500, name='luminosity_distance', latex_label='$D_L$', unit=None, boundary=None)
06:16 bilby INFO    : em_syserr=1.0
06:16 bilby INFO    : timeshift=0.0
06:16 bilby INFO    : log10_Xlan=Uniform(minimum=-9, maximum=-1, name='log10_Xlan', latex_label='log10_Xlan', unit=None, boundary='reflective')
06:16 bilby INFO    : Ebv=0.0
06:16 bilby INFO    : em_syserr=1.0
06:16 bilby INFO    : luminosity_distance=LogUniform(minimum=1, maximum=500, name='luminosity_distance', latex_label='$D_L$', unit=None, boundary=None)
06:16 bilby INFO    : log10_Xlan=Uniform(minimum=-9, maximum=-1, name='log10_Xlan', latex_label='log10_Xlan', unit=None, boundary='reflective')
06:16 bilby INFO    : Analysis likelihood class: <class 'nmma.em.likelihood.OpticalLightCurve'>
06:16 bilby INFO    : em_syserr=1.0
06:16 bilby INFO    : Ebv=0.0
06:16 bilby INFO    : log10_Xlan=Uniform(minimum=-9, maximum=-1, name='log10_Xlan', latex_label='log10_Xlan', unit=None, boundary='reflective')
06:16 bilby INFO    : timeshift=0.0
06:16 bilby INFO    : Analysis likelihood class: <class 'nmma.em.likelihood.OpticalLightCurve'>
06:16 bilby INFO    : timeshift=0.0
06:16 bilby INFO    : Ebv=0.0
06:16 bilby INFO    : log10_Xlan=Uniform(minimum=-9, maximum=-1, name='log10_Xlan', latex_label='log10_Xlan', unit=None, boundary='reflective')
06:16 bilby INFO    : timeshift=0.0
06:16 bilby INFO    : em_syserr=1.0
06:16 bilby INFO    : Ebv=0.0
06:16 bilby INFO    : timeshift=0.0
06:16 bilby INFO    : em_syserr=1.0
06:16 bilby INFO    : em_syserr=1.0
06:16 bilby INFO    : Analysis likelihood class: <class 'nmma.em.likelihood.OpticalLightCurve'>
06:16 bilby INFO    : em_syserr=1.0
06:16 bilby INFO    : Analysis likelihood noise evidence: 0.0
06:16 bilby INFO    : em_syserr=1.0
06:16 bilby INFO    : Ebv=0.0
06:16 bilby INFO    : Analysis likelihood class: <class 'nmma.em.likelihood.OpticalLightCurve'>
06:16 bilby INFO    : em_syserr=1.0
06:16 bilby INFO    : luminosity_distance=LogUniform(minimum=1, maximum=500, name='luminosity_distance', latex_label='$D_L$', unit=None, boundary=None)
06:16 bilby INFO    : Analysis likelihood class: <class 'nmma.em.likelihood.OpticalLightCurve'>
06:16 bilby INFO    : Analysis likelihood noise evidence: 0.0
06:16 bilby INFO    : log10_Xlan=Uniform(minimum=-9, maximum=-1, name='log10_Xlan', latex_label='log10_Xlan', unit=None, boundary='reflective')
06:16 bilby INFO    : luminosity_distance=LogUniform(minimum=1, maximum=500, name='luminosity_distance', latex_label='$D_L$', unit=None, boundary=None)
06:16 bilby INFO    : Analysis likelihood class: <class 'nmma.em.likelihood.OpticalLightCurve'>
06:16 bilby INFO    : Ebv=0.0
06:16 bilby INFO    : Analysis likelihood noise evidence: 0.0
06:16 bilby INFO    : Ebv=0.0
06:16 bilby INFO    : luminosity_distance=LogUniform(minimum=1, maximum=500, name='luminosity_distance', latex_label='$D_L$', unit=None, boundary=None)
06:16 bilby INFO    : log10_Xlan=Uniform(minimum=-9, maximum=-1, name='log10_Xlan', latex_label='log10_Xlan', unit=None, boundary='reflective')
06:16 bilby INFO    : luminosity_distance=LogUniform(minimum=1, maximum=500, name='luminosity_distance', latex_label='$D_L$', unit=None, boundary=None)
06:16 bilby INFO    : log10_Xlan=Uniform(minimum=-9, maximum=-1, name='log10_Xlan', latex_label='log10_Xlan', unit=None, boundary='reflective')
06:16 bilby INFO    : luminosity_distance=LogUniform(minimum=1, maximum=500, name='luminosity_distance', latex_label='$D_L$', unit=None, boundary=None)
06:16 bilby INFO    : log10_Xlan=Uniform(minimum=-9, maximum=-1, name='log10_Xlan', latex_label='log10_Xlan', unit=None, boundary='reflective')
06:16 bilby INFO    : luminosity_distance=LogUniform(minimum=1, maximum=500, name='luminosity_distance', latex_label='$D_L$', unit=None, boundary=None)
06:16 bilby INFO    : Ebv=0.0
06:16 bilby INFO    : Ebv=0.0
06:16 bilby INFO    : em_syserr=1.0
06:16 bilby INFO    : Analysis likelihood class: <class 'nmma.em.likelihood.OpticalLightCurve'>
06:16 bilby INFO    : luminosity_distance=LogUniform(minimum=1, maximum=500, name='luminosity_distance', latex_label='$D_L$', unit=None, boundary=None)
06:16 bilby INFO    : Analysis likelihood class: <class 'nmma.em.likelihood.OpticalLightCurve'>
06:16 bilby INFO    : timeshift=0.0
06:16 bilby INFO    : timeshift=0.0
06:16 bilby INFO    : Analysis likelihood noise evidence: 0.0
06:16 bilby INFO    : Ebv=0.0
06:16 bilby INFO    : Ebv=0.0
06:16 bilby INFO    : Analysis likelihood class: <class 'nmma.em.likelihood.OpticalLightCurve'>
06:16 bilby INFO    : Analysis likelihood class: <class 'nmma.em.likelihood.OpticalLightCurve'>
06:16 bilby INFO    : Analysis likelihood noise evidence: 0.0
06:16 bilby INFO    : luminosity_distance=LogUniform(minimum=1, maximum=500, name='luminosity_distance', latex_label='$D_L$', unit=None, boundary=None)
06:16 bilby INFO    : timeshift=0.0
06:16 bilby INFO    : timeshift=0.0
06:16 bilby INFO    : em_syserr=1.0
06:16 bilby INFO    : Analysis likelihood noise evidence: 0.0
06:16 bilby INFO    : luminosity_distance=LogUniform(minimum=1, maximum=500, name='luminosity_distance', latex_label='$D_L$', unit=None, boundary=None)
06:16 bilby INFO    : Ebv=0.0
06:16 bilby INFO    : luminosity_distance=LogUniform(minimum=1, maximum=500, name='luminosity_distance', latex_label='$D_L$', unit=None, boundary=None)
06:16 bilby INFO    : Analysis likelihood noise evidence: 0.0
06:16 bilby INFO    : timeshift=0.0
06:16 bilby INFO    : Analysis likelihood noise evidence: 0.0
06:16 bilby INFO    : em_syserr=1.0
06:16 bilby INFO    : timeshift=0.0
06:16 bilby INFO    : Analysis likelihood class: <class 'nmma.em.likelihood.OpticalLightCurve'>
06:16 bilby INFO    : Analysis likelihood noise evidence: 0.0
06:16 bilby INFO    : timeshift=0.0
06:16 bilby INFO    : luminosity_distance=LogUniform(minimum=1, maximum=500, name='luminosity_distance', latex_label='$D_L$', unit=None, boundary=None)
06:16 bilby INFO    : Analysis likelihood class: <class 'nmma.em.likelihood.OpticalLightCurve'>
06:16 bilby INFO    : Analysis likelihood noise evidence: 0.0
06:16 bilby INFO    : em_syserr=1.0
06:16 bilby INFO    : Analysis likelihood class: <class 'nmma.em.likelihood.OpticalLightCurve'>
06:16 bilby INFO    : Analysis likelihood noise evidence: 0.0
06:16 bilby INFO    : Analysis likelihood class: <class 'nmma.em.likelihood.OpticalLightCurve'>
06:16 bilby INFO    : timeshift=0.0
06:16 bilby INFO    : em_syserr=1.0
06:16 bilby INFO    : luminosity_distance=LogUniform(minimum=1, maximum=500, name='luminosity_distance', latex_label='$D_L$', unit=None, boundary=None)
06:16 bilby INFO    : Ebv=0.0
06:16 bilby INFO    : em_syserr=1.0
06:16 bilby INFO    : Analysis likelihood noise evidence: 0.0
06:16 bilby INFO    : Analysis likelihood noise evidence: 0.0
06:16 bilby INFO    : timeshift=0.0
06:16 bilby INFO    : em_syserr=1.0
06:16 bilby INFO    : luminosity_distance=LogUniform(minimum=1, maximum=500, name='luminosity_distance', latex_label='$D_L$', unit=None, boundary=None)
06:16 bilby INFO    : Ebv=0.0
06:16 bilby INFO    : timeshift=0.0
06:16 bilby INFO    : Analysis likelihood noise evidence: 0.0
06:16 bilby INFO    : em_syserr=1.0
06:16 bilby INFO    : luminosity_distance=LogUniform(minimum=1, maximum=500, name='luminosity_distance', latex_label='$D_L$', unit=None, boundary=None)
06:16 bilby INFO    : em_syserr=1.0
06:16 bilby INFO    : Ebv=0.0
06:16 bilby INFO    : luminosity_distance=LogUniform(minimum=1, maximum=500, name='luminosity_distance', latex_label='$D_L$', unit=None, boundary=None)
06:16 bilby INFO    : em_syserr=1.0
06:16 bilby INFO    : timeshift=0.0
06:16 bilby INFO    : Ebv=0.0
06:16 bilby INFO    : em_syserr=1.0
06:16 bilby INFO    : Analysis likelihood class: <class 'nmma.em.likelihood.OpticalLightCurve'>
06:16 bilby INFO    : Ebv=0.0
06:16 bilby INFO    : timeshift=0.0
06:16 bilby INFO    : timeshift=0.0
06:16 bilby INFO    : Analysis likelihood class: <class 'nmma.em.likelihood.OpticalLightCurve'>
06:16 bilby INFO    : Ebv=0.0
06:16 bilby INFO    : Analysis likelihood class: <class 'nmma.em.likelihood.OpticalLightCurve'>
06:16 bilby INFO    : Analysis likelihood class: <class 'nmma.em.likelihood.OpticalLightCurve'>
06:16 bilby INFO    : Ebv=0.0
06:16 bilby INFO    : Ebv=0.0
06:16 bilby INFO    : Analysis likelihood class: <class 'nmma.em.likelihood.OpticalLightCurve'>
06:16 bilby INFO    : em_syserr=1.0
06:16 bilby INFO    : timeshift=0.0
06:16 bilby INFO    : Analysis likelihood class: <class 'nmma.em.likelihood.OpticalLightCurve'>
06:16 bilby INFO    : Ebv=0.0
06:16 bilby INFO    : Analysis likelihood noise evidence: 0.0
06:16 bilby INFO    : Analysis likelihood noise evidence: 0.0
06:16 bilby INFO    : Analysis likelihood class: <class 'nmma.em.likelihood.OpticalLightCurve'>
06:16 bilby INFO    : Ebv=0.0
06:16 bilby INFO    : Analysis likelihood class: <class 'nmma.em.likelihood.OpticalLightCurve'>
06:16 bilby INFO    : em_syserr=1.0
06:16 bilby INFO    : em_syserr=1.0
06:16 bilby INFO    : Analysis likelihood noise evidence: 0.0
06:16 bilby INFO    : timeshift=0.0
06:16 bilby INFO    : em_syserr=1.0
06:16 bilby INFO    : Analysis likelihood noise evidence: 0.0
06:16 bilby INFO    : Analysis likelihood class: <class 'nmma.em.likelihood.OpticalLightCurve'>
06:16 bilby INFO    : Ebv=0.0
06:16 bilby INFO    : em_syserr=1.0
06:16 bilby INFO    : Analysis likelihood class: <class 'nmma.em.likelihood.OpticalLightCurve'>
06:16 bilby INFO    : Ebv=0.0
06:16 bilby INFO    : Analysis likelihood noise evidence: 0.0
06:16 bilby INFO    : Analysis likelihood noise evidence: 0.0
06:16 bilby INFO    : Ebv=0.0
06:16 bilby INFO    : Ebv=0.0
06:16 bilby INFO    : Analysis likelihood class: <class 'nmma.em.likelihood.OpticalLightCurve'>
06:16 bilby INFO    : Analysis likelihood noise evidence: 0.0
06:16 bilby INFO    : Ebv=0.0
06:16 bilby INFO    : Analysis likelihood noise evidence: 0.0
06:16 bilby INFO    : Analysis likelihood noise evidence: 0.0
06:16 bilby INFO    : Analysis likelihood class: <class 'nmma.em.likelihood.OpticalLightCurve'>
06:16 bilby INFO    : Analysis likelihood noise evidence: 0.0
06:16 bilby INFO    : Analysis likelihood noise evidence: 0.0
06:16 bilby INFO    : Analysis likelihood class: <class 'nmma.em.likelihood.OpticalLightCurve'>
06:16 bilby INFO    : Analysis likelihood class: <class 'nmma.em.likelihood.OpticalLightCurve'>
06:16 bilby INFO    : Analysis likelihood class: <class 'nmma.em.likelihood.OpticalLightCurve'>
06:16 bilby INFO    : Analysis likelihood noise evidence: 0.0
06:16 bilby INFO    : Analysis likelihood noise evidence: 0.0
06:16 bilby INFO    : Analysis likelihood noise evidence: 0.0
06:16 bilby INFO    : Analysis likelihood noise evidence: 0.0
06:16 bilby INFO    : log10_mej=Uniform(minimum=-5, maximum=-0.5, name='log10_mej', latex_label='$\\log_{10}M^{\\rm{dyn}}_{\\rm{ej}}$', unit=None, boundary=None)
06:16 bilby INFO    : log10_vej=Uniform(minimum=-1.8, maximum=-0.01, name='log10_vej', latex_label='$\\log_{10}v$', unit=None, boundary=None)
06:16 bilby INFO    : log10_Xlan=Uniform(minimum=-9, maximum=-1, name='log10_Xlan', latex_label='log10_Xlan', unit=None, boundary='reflective')
06:16 bilby INFO    : luminosity_distance=LogUniform(minimum=1, maximum=500, name='luminosity_distance', latex_label='$D_L$', unit=None, boundary=None)
06:16 bilby INFO    : timeshift=0.0
06:16 bilby INFO    : em_syserr=1.0
06:16 bilby INFO    : Ebv=0.0
06:16 bilby INFO    : Analysis likelihood class: <class 'nmma.em.likelihood.OpticalLightCurve'>
06:16 bilby INFO    : Analysis likelihood noise evidence: 0.0
06:16 bilby INFO    : Single likelihood evaluation took 3.191e-02 s
06:16 bilby INFO    : Single likelihood evaluation took 3.207e-02 s
06:16 bilby INFO    : Single likelihood evaluation took 3.208e-02 s
06:16 bilby INFO    : Single likelihood evaluation took 3.211e-02 s
06:16 bilby INFO    : Single likelihood evaluation took 3.211e-02 s
06:16 bilby INFO    : Single likelihood evaluation took 3.211e-02 s
06:16 bilby INFO    : Single likelihood evaluation took 3.213e-02 s
06:16 bilby INFO    : Single likelihood evaluation took 3.216e-02 s
06:16 bilby INFO    : Single likelihood evaluation took 3.216e-02 s
06:16 bilby INFO    : Single likelihood evaluation took 3.216e-02 s
06:16 bilby INFO    : Single likelihood evaluation took 3.217e-02 s
06:16 bilby WARNING : Supplied argument 'queue_size' not an argument of 'Pymultinest', removing.
06:16 bilby WARNING : Supplied argument 'check_point_delta_t' not an argument of 'Pymultinest', removing.
06:16 bilby INFO    : Using sampler Pymultinest with kwargs {'importance_nested_sampling': False, 'resume': True, 'verbose': True, 'sampling_efficiency': 'parameter', 'n_live_points': 2048, 'n_params': 4, 'n_clustering_params': None, 'wrapped_params': None, 'multimodal': True, 'const_efficiency_mode': False, 'evidence_tolerance': 0.5, 'n_iter_before_update': 100, 'null_log_evidence': -1e+90, 'max_modes': 100, 'mode_tolerance': -1e+90, 'seed': 42, 'context': 0, 'write_output': True, 'log_zero': -1e+100, 'max_iter': 0, 'init_MPI': False, 'dump_callback': <bound method Pymultinest._dump_callback of <bilby.core.sampler.pymultinest.Pymultinest object at 0x155500fe51e0>>}
06:16 bilby INFO    : Temporary directory incompatible with MPI, will run in original directory
06:16 bilby INFO    : Using output file outdirBNSKa32cores/pm_170817in14days/
06:16 bilby WARNING : Supplied argument 'queue_size' not an argument of 'Pymultinest', removing.
06:16 bilby WARNING : Supplied argument 'check_point_delta_t' not an argument of 'Pymultinest', removing.
06:16 bilby INFO    : Using sampler Pymultinest with kwargs {'importance_nested_sampling': False, 'resume': True, 'verbose': True, 'sampling_efficiency': 'parameter', 'n_live_points': 2048, 'n_params': 4, 'n_clustering_params': None, 'wrapped_params': None, 'multimodal': True, 'const_efficiency_mode': False, 'evidence_tolerance': 0.5, 'n_iter_before_update': 100, 'null_log_evidence': -1e+90, 'max_modes': 100, 'mode_tolerance': -1e+90, 'seed': 42, 'context': 0, 'write_output': True, 'log_zero': -1e+100, 'max_iter': 0, 'init_MPI': False, 'dump_callback': <bound method Pymultinest._dump_callback of <bilby.core.sampler.pymultinest.Pymultinest object at 0x155500fdfc10>>}
06:16 bilby INFO    : Single likelihood evaluation took 3.239e-02 s
06:16 bilby INFO    : Single likelihood evaluation took 3.239e-02 s
06:16 bilby INFO    : Temporary directory incompatible with MPI, will run in original directory
06:16 bilby WARNING : Supplied argument 'queue_size' not an argument of 'Pymultinest', removing.
06:16 bilby WARNING : Supplied argument 'check_point_delta_t' not an argument of 'Pymultinest', removing.
06:16 bilby INFO    : Using sampler Pymultinest with kwargs {'importance_nested_sampling': False, 'resume': True, 'verbose': True, 'sampling_efficiency': 'parameter', 'n_live_points': 2048, 'n_params': 4, 'n_clustering_params': None, 'wrapped_params': None, 'multimodal': True, 'const_efficiency_mode': False, 'evidence_tolerance': 0.5, 'n_iter_before_update': 100, 'null_log_evidence': -1e+90, 'max_modes': 100, 'mode_tolerance': -1e+90, 'seed': 42, 'context': 0, 'write_output': True, 'log_zero': -1e+100, 'max_iter': 0, 'init_MPI': False, 'dump_callback': <bound method Pymultinest._dump_callback of <bilby.core.sampler.pymultinest.Pymultinest object at 0x155500fe2440>>}
06:16 bilby INFO    : Using output file outdirBNSKa32cores/pm_170817in14days/
06:16 bilby INFO    : Temporary directory incompatible with MPI, will run in original directory
06:16 bilby INFO    : Using output file outdirBNSKa32cores/pm_170817in14days/
06:16 bilby WARNING : Supplied argument 'queue_size' not an argument of 'Pymultinest', removing.
06:16 bilby WARNING : Supplied argument 'check_point_delta_t' not an argument of 'Pymultinest', removing.
06:16 bilby WARNING : Supplied argument 'queue_size' not an argument of 'Pymultinest', removing.
06:16 bilby WARNING : Supplied argument 'check_point_delta_t' not an argument of 'Pymultinest', removing.
06:16 bilby WARNING : Supplied argument 'queue_size' not an argument of 'Pymultinest', removing.
06:16 bilby INFO    : Using sampler Pymultinest with kwargs {'importance_nested_sampling': False, 'resume': True, 'verbose': True, 'sampling_efficiency': 'parameter', 'n_live_points': 2048, 'n_params': 4, 'n_clustering_params': None, 'wrapped_params': None, 'multimodal': True, 'const_efficiency_mode': False, 'evidence_tolerance': 0.5, 'n_iter_before_update': 100, 'null_log_evidence': -1e+90, 'max_modes': 100, 'mode_tolerance': -1e+90, 'seed': 42, 'context': 0, 'write_output': True, 'log_zero': -1e+100, 'max_iter': 0, 'init_MPI': False, 'dump_callback': <bound method Pymultinest._dump_callback of <bilby.core.sampler.pymultinest.Pymultinest object at 0x155500fd9480>>}
06:16 bilby WARNING : Supplied argument 'check_point_delta_t' not an argument of 'Pymultinest', removing.
06:16 bilby INFO    : Using sampler Pymultinest with kwargs {'importance_nested_sampling': False, 'resume': True, 'verbose': True, 'sampling_efficiency': 'parameter', 'n_live_points': 2048, 'n_params': 4, 'n_clustering_params': None, 'wrapped_params': None, 'multimodal': True, 'const_efficiency_mode': False, 'evidence_tolerance': 0.5, 'n_iter_before_update': 100, 'null_log_evidence': -1e+90, 'max_modes': 100, 'mode_tolerance': -1e+90, 'seed': 42, 'context': 0, 'write_output': True, 'log_zero': -1e+100, 'max_iter': 0, 'init_MPI': False, 'dump_callback': <bound method Pymultinest._dump_callback of <bilby.core.sampler.pymultinest.Pymultinest object at 0x155500fe2530>>}
06:16 bilby INFO    : Using sampler Pymultinest with kwargs {'importance_nested_sampling': False, 'resume': True, 'verbose': True, 'sampling_efficiency': 'parameter', 'n_live_points': 2048, 'n_params': 4, 'n_clustering_params': None, 'wrapped_params': None, 'multimodal': True, 'const_efficiency_mode': False, 'evidence_tolerance': 0.5, 'n_iter_before_update': 100, 'null_log_evidence': -1e+90, 'max_modes': 100, 'mode_tolerance': -1e+90, 'seed': 42, 'context': 0, 'write_output': True, 'log_zero': -1e+100, 'max_iter': 0, 'init_MPI': False, 'dump_callback': <bound method Pymultinest._dump_callback of <bilby.core.sampler.pymultinest.Pymultinest object at 0x155500fe2530>>}
06:16 bilby INFO    : Temporary directory incompatible with MPI, will run in original directory
06:16 bilby INFO    : Temporary directory incompatible with MPI, will run in original directory
06:16 bilby INFO    : Temporary directory incompatible with MPI, will run in original directory
06:16 bilby INFO    : Using output file outdirBNSKa32cores/pm_170817in14days/
06:16 bilby INFO    : Using output file outdirBNSKa32cores/pm_170817in14days/
06:16 bilby INFO    : Using output file outdirBNSKa32cores/pm_170817in14days/
06:16 bilby WARNING : Supplied argument 'queue_size' not an argument of 'Pymultinest', removing.
06:16 bilby WARNING : Supplied argument 'check_point_delta_t' not an argument of 'Pymultinest', removing.
06:16 bilby INFO    : Using sampler Pymultinest with kwargs {'importance_nested_sampling': False, 'resume': True, 'verbose': True, 'sampling_efficiency': 'parameter', 'n_live_points': 2048, 'n_params': 4, 'n_clustering_params': None, 'wrapped_params': None, 'multimodal': True, 'const_efficiency_mode': False, 'evidence_tolerance': 0.5, 'n_iter_before_update': 100, 'null_log_evidence': -1e+90, 'max_modes': 100, 'mode_tolerance': -1e+90, 'seed': 42, 'context': 0, 'write_output': True, 'log_zero': -1e+100, 'max_iter': 0, 'init_MPI': False, 'dump_callback': <bound method Pymultinest._dump_callback of <bilby.core.sampler.pymultinest.Pymultinest object at 0x155500fe2590>>}
06:16 bilby INFO    : Temporary directory incompatible with MPI, will run in original directory
06:16 bilby INFO    : Using output file outdirBNSKa32cores/pm_170817in14days/
06:16 bilby INFO    : Single likelihood evaluation took 3.245e-02 s
06:16 bilby INFO    : Single likelihood evaluation took 3.245e-02 s
06:16 bilby INFO    : Single likelihood evaluation took 3.248e-02 s
06:16 bilby WARNING : Supplied argument 'queue_size' not an argument of 'Pymultinest', removing.
06:16 bilby WARNING : Supplied argument 'check_point_delta_t' not an argument of 'Pymultinest', removing.
06:16 bilby WARNING : Supplied argument 'queue_size' not an argument of 'Pymultinest', removing.
06:16 bilby WARNING : Supplied argument 'queue_size' not an argument of 'Pymultinest', removing.
06:16 bilby INFO    : Using sampler Pymultinest with kwargs {'importance_nested_sampling': False, 'resume': True, 'verbose': True, 'sampling_efficiency': 'parameter', 'n_live_points': 2048, 'n_params': 4, 'n_clustering_params': None, 'wrapped_params': None, 'multimodal': True, 'const_efficiency_mode': False, 'evidence_tolerance': 0.5, 'n_iter_before_update': 100, 'null_log_evidence': -1e+90, 'max_modes': 100, 'mode_tolerance': -1e+90, 'seed': 42, 'context': 0, 'write_output': True, 'log_zero': -1e+100, 'max_iter': 0, 'init_MPI': False, 'dump_callback': <bound method Pymultinest._dump_callback of <bilby.core.sampler.pymultinest.Pymultinest object at 0x155500fdec80>>}
06:16 bilby WARNING : Supplied argument 'check_point_delta_t' not an argument of 'Pymultinest', removing.
06:16 bilby WARNING : Supplied argument 'check_point_delta_t' not an argument of 'Pymultinest', removing.
06:16 bilby INFO    : Using sampler Pymultinest with kwargs {'importance_nested_sampling': False, 'resume': True, 'verbose': True, 'sampling_efficiency': 'parameter', 'n_live_points': 2048, 'n_params': 4, 'n_clustering_params': None, 'wrapped_params': None, 'multimodal': True, 'const_efficiency_mode': False, 'evidence_tolerance': 0.5, 'n_iter_before_update': 100, 'null_log_evidence': -1e+90, 'max_modes': 100, 'mode_tolerance': -1e+90, 'seed': 42, 'context': 0, 'write_output': True, 'log_zero': -1e+100, 'max_iter': 0, 'init_MPI': False, 'dump_callback': <bound method Pymultinest._dump_callback of <bilby.core.sampler.pymultinest.Pymultinest object at 0x155500fdfb20>>}
06:16 bilby INFO    : Using sampler Pymultinest with kwargs {'importance_nested_sampling': False, 'resume': True, 'verbose': True, 'sampling_efficiency': 'parameter', 'n_live_points': 2048, 'n_params': 4, 'n_clustering_params': None, 'wrapped_params': None, 'multimodal': True, 'const_efficiency_mode': False, 'evidence_tolerance': 0.5, 'n_iter_before_update': 100, 'null_log_evidence': -1e+90, 'max_modes': 100, 'mode_tolerance': -1e+90, 'seed': 42, 'context': 0, 'write_output': True, 'log_zero': -1e+100, 'max_iter': 0, 'init_MPI': False, 'dump_callback': <bound method Pymultinest._dump_callback of <bilby.core.sampler.pymultinest.Pymultinest object at 0x155500fe2860>>}
06:16 bilby INFO    : Temporary directory incompatible with MPI, will run in original directory
06:16 bilby INFO    : Temporary directory incompatible with MPI, will run in original directory
06:16 bilby INFO    : Temporary directory incompatible with MPI, will run in original directory
06:16 bilby INFO    : Using output file outdirBNSKa32cores/pm_170817in14days/
06:16 bilby INFO    : Using output file outdirBNSKa32cores/pm_170817in14days/
06:16 bilby INFO    : Using output file outdirBNSKa32cores/pm_170817in14days/
06:16 bilby WARNING : Supplied argument 'queue_size' not an argument of 'Pymultinest', removing.
06:16 bilby WARNING : Supplied argument 'check_point_delta_t' not an argument of 'Pymultinest', removing.
06:16 bilby INFO    : Using sampler Pymultinest with kwargs {'importance_nested_sampling': False, 'resume': True, 'verbose': True, 'sampling_efficiency': 'parameter', 'n_live_points': 2048, 'n_params': 4, 'n_clustering_params': None, 'wrapped_params': None, 'multimodal': True, 'const_efficiency_mode': False, 'evidence_tolerance': 0.5, 'n_iter_before_update': 100, 'null_log_evidence': -1e+90, 'max_modes': 100, 'mode_tolerance': -1e+90, 'seed': 42, 'context': 0, 'write_output': True, 'log_zero': -1e+100, 'max_iter': 0, 'init_MPI': False, 'dump_callback': <bound method Pymultinest._dump_callback of <bilby.core.sampler.pymultinest.Pymultinest object at 0x155500fe1270>>}
06:16 bilby INFO    : Temporary directory incompatible with MPI, will run in original directory
06:16 bilby INFO    : Using output file outdirBNSKa32cores/pm_170817in14days/
06:16 bilby INFO    : Single likelihood evaluation took 3.260e-02 s
06:16 bilby INFO    : Single likelihood evaluation took 3.261e-02 s
06:16 bilby INFO    : Single likelihood evaluation took 3.261e-02 s
06:16 bilby INFO    : Single likelihood evaluation took 3.261e-02 s
06:16 bilby INFO    : Single likelihood evaluation took 3.260e-02 s
06:16 bilby INFO    : Single likelihood evaluation took 3.262e-02 s
06:16 bilby WARNING : Supplied argument 'queue_size' not an argument of 'Pymultinest', removing.
06:16 bilby WARNING : Supplied argument 'check_point_delta_t' not an argument of 'Pymultinest', removing.
06:16 bilby WARNING : Supplied argument 'queue_size' not an argument of 'Pymultinest', removing.
06:16 bilby WARNING : Supplied argument 'check_point_delta_t' not an argument of 'Pymultinest', removing.
06:16 bilby INFO    : Using sampler Pymultinest with kwargs {'importance_nested_sampling': False, 'resume': True, 'verbose': True, 'sampling_efficiency': 'parameter', 'n_live_points': 2048, 'n_params': 4, 'n_clustering_params': None, 'wrapped_params': None, 'multimodal': True, 'const_efficiency_mode': False, 'evidence_tolerance': 0.5, 'n_iter_before_update': 100, 'null_log_evidence': -1e+90, 'max_modes': 100, 'mode_tolerance': -1e+90, 'seed': 42, 'context': 0, 'write_output': True, 'log_zero': -1e+100, 'max_iter': 0, 'init_MPI': False, 'dump_callback': <bound method Pymultinest._dump_callback of <bilby.core.sampler.pymultinest.Pymultinest object at 0x155500fdfb80>>}
06:16 bilby INFO    : Using sampler Pymultinest with kwargs {'importance_nested_sampling': False, 'resume': True, 'verbose': True, 'sampling_efficiency': 'parameter', 'n_live_points': 2048, 'n_params': 4, 'n_clustering_params': None, 'wrapped_params': None, 'multimodal': True, 'const_efficiency_mode': False, 'evidence_tolerance': 0.5, 'n_iter_before_update': 100, 'null_log_evidence': -1e+90, 'max_modes': 100, 'mode_tolerance': -1e+90, 'seed': 42, 'context': 0, 'write_output': True, 'log_zero': -1e+100, 'max_iter': 0, 'init_MPI': False, 'dump_callback': <bound method Pymultinest._dump_callback of <bilby.core.sampler.pymultinest.Pymultinest object at 0x155500fe5360>>}
06:16 bilby INFO    : Temporary directory incompatible with MPI, will run in original directory
06:16 bilby INFO    : Temporary directory incompatible with MPI, will run in original directory
06:16 bilby INFO    : Using output file outdirBNSKa32cores/pm_170817in14days/
06:16 bilby INFO    : Using output file outdirBNSKa32cores/pm_170817in14days/
06:16 bilby INFO    : Single likelihood evaluation took 3.271e-02 s
06:16 bilby INFO    : Single likelihood evaluation took 3.272e-02 s
06:16 bilby INFO    : Single likelihood evaluation took 3.274e-02 s
06:16 bilby INFO    : Single likelihood evaluation took 3.275e-02 s
06:16 bilby WARNING : Supplied argument 'queue_size' not an argument of 'Pymultinest', removing.
06:16 bilby WARNING : Supplied argument 'check_point_delta_t' not an argument of 'Pymultinest', removing.
06:16 bilby INFO    : Using sampler Pymultinest with kwargs {'importance_nested_sampling': False, 'resume': True, 'verbose': True, 'sampling_efficiency': 'parameter', 'n_live_points': 2048, 'n_params': 4, 'n_clustering_params': None, 'wrapped_params': None, 'multimodal': True, 'const_efficiency_mode': False, 'evidence_tolerance': 0.5, 'n_iter_before_update': 100, 'null_log_evidence': -1e+90, 'max_modes': 100, 'mode_tolerance': -1e+90, 'seed': 42, 'context': 0, 'write_output': True, 'log_zero': -1e+100, 'max_iter': 0, 'init_MPI': False, 'dump_callback': <bound method Pymultinest._dump_callback of <bilby.core.sampler.pymultinest.Pymultinest object at 0x155500fe25f0>>}
06:16 bilby INFO    : Temporary directory incompatible with MPI, will run in original directory
06:16 bilby WARNING : Supplied argument 'queue_size' not an argument of 'Pymultinest', removing.
06:16 bilby WARNING : Supplied argument 'check_point_delta_t' not an argument of 'Pymultinest', removing.
06:16 bilby INFO    : Using output file outdirBNSKa32cores/pm_170817in14days/
06:16 bilby INFO    : Using sampler Pymultinest with kwargs {'importance_nested_sampling': False, 'resume': True, 'verbose': True, 'sampling_efficiency': 'parameter', 'n_live_points': 2048, 'n_params': 4, 'n_clustering_params': None, 'wrapped_params': None, 'multimodal': True, 'const_efficiency_mode': False, 'evidence_tolerance': 0.5, 'n_iter_before_update': 100, 'null_log_evidence': -1e+90, 'max_modes': 100, 'mode_tolerance': -1e+90, 'seed': 42, 'context': 0, 'write_output': True, 'log_zero': -1e+100, 'max_iter': 0, 'init_MPI': False, 'dump_callback': <bound method Pymultinest._dump_callback of <bilby.core.sampler.pymultinest.Pymultinest object at 0x155500fe25f0>>}
06:16 bilby WARNING : Supplied argument 'queue_size' not an argument of 'Pymultinest', removing.
06:16 bilby INFO    : Temporary directory incompatible with MPI, will run in original directory
06:16 bilby WARNING : Supplied argument 'check_point_delta_t' not an argument of 'Pymultinest', removing.
06:16 bilby INFO    : Using sampler Pymultinest with kwargs {'importance_nested_sampling': False, 'resume': True, 'verbose': True, 'sampling_efficiency': 'parameter', 'n_live_points': 2048, 'n_params': 4, 'n_clustering_params': None, 'wrapped_params': None, 'multimodal': True, 'const_efficiency_mode': False, 'evidence_tolerance': 0.5, 'n_iter_before_update': 100, 'null_log_evidence': -1e+90, 'max_modes': 100, 'mode_tolerance': -1e+90, 'seed': 42, 'context': 0, 'write_output': True, 'log_zero': -1e+100, 'max_iter': 0, 'init_MPI': False, 'dump_callback': <bound method Pymultinest._dump_callback of <bilby.core.sampler.pymultinest.Pymultinest object at 0x155500fde9b0>>}
06:16 bilby INFO    : Using output file outdirBNSKa32cores/pm_170817in14days/
06:16 bilby INFO    : Single likelihood evaluation took 3.277e-02 s
06:16 bilby INFO    : Single likelihood evaluation took 3.277e-02 s
06:16 bilby INFO    : Temporary directory incompatible with MPI, will run in original directory
06:16 bilby INFO    : Single likelihood evaluation took 3.278e-02 s
06:16 bilby INFO    : Single likelihood evaluation took 3.278e-02 s
06:16 bilby INFO    : Using output file outdirBNSKa32cores/pm_170817in14days/
06:16 bilby INFO    : Single likelihood evaluation took 3.279e-02 s
06:16 bilby INFO    : Single likelihood evaluation took 3.283e-02 s
06:16 bilby WARNING : Supplied argument 'queue_size' not an argument of 'Pymultinest', removing.
06:16 bilby WARNING : Supplied argument 'check_point_delta_t' not an argument of 'Pymultinest', removing.
06:16 bilby WARNING : Supplied argument 'queue_size' not an argument of 'Pymultinest', removing.
06:16 bilby WARNING : Supplied argument 'check_point_delta_t' not an argument of 'Pymultinest', removing.
06:16 bilby INFO    : Using sampler Pymultinest with kwargs {'importance_nested_sampling': False, 'resume': True, 'verbose': True, 'sampling_efficiency': 'parameter', 'n_live_points': 2048, 'n_params': 4, 'n_clustering_params': None, 'wrapped_params': None, 'multimodal': True, 'const_efficiency_mode': False, 'evidence_tolerance': 0.5, 'n_iter_before_update': 100, 'null_log_evidence': -1e+90, 'max_modes': 100, 'mode_tolerance': -1e+90, 'seed': 42, 'context': 0, 'write_output': True, 'log_zero': -1e+100, 'max_iter': 0, 'init_MPI': False, 'dump_callback': <bound method Pymultinest._dump_callback of <bilby.core.sampler.pymultinest.Pymultinest object at 0x155500fe29b0>>}
06:16 bilby INFO    : Using sampler Pymultinest with kwargs {'importance_nested_sampling': False, 'resume': True, 'verbose': True, 'sampling_efficiency': 'parameter', 'n_live_points': 2048, 'n_params': 4, 'n_clustering_params': None, 'wrapped_params': None, 'multimodal': True, 'const_efficiency_mode': False, 'evidence_tolerance': 0.5, 'n_iter_before_update': 100, 'null_log_evidence': -1e+90, 'max_modes': 100, 'mode_tolerance': -1e+90, 'seed': 42, 'context': 0, 'write_output': True, 'log_zero': -1e+100, 'max_iter': 0, 'init_MPI': False, 'dump_callback': <bound method Pymultinest._dump_callback of <bilby.core.sampler.pymultinest.Pymultinest object at 0x155500fe2530>>}
06:16 bilby WARNING : Supplied argument 'queue_size' not an argument of 'Pymultinest', removing.
06:16 bilby WARNING : Supplied argument 'queue_size' not an argument of 'Pymultinest', removing.
06:16 bilby WARNING : Supplied argument 'check_point_delta_t' not an argument of 'Pymultinest', removing.
06:16 bilby WARNING : Supplied argument 'check_point_delta_t' not an argument of 'Pymultinest', removing.
06:16 bilby WARNING : Supplied argument 'queue_size' not an argument of 'Pymultinest', removing.
06:16 bilby WARNING : Supplied argument 'check_point_delta_t' not an argument of 'Pymultinest', removing.
06:16 bilby INFO    : Temporary directory incompatible with MPI, will run in original directory
06:16 bilby INFO    : Temporary directory incompatible with MPI, will run in original directory
06:16 bilby INFO    : Using sampler Pymultinest with kwargs {'importance_nested_sampling': False, 'resume': True, 'verbose': True, 'sampling_efficiency': 'parameter', 'n_live_points': 2048, 'n_params': 4, 'n_clustering_params': None, 'wrapped_params': None, 'multimodal': True, 'const_efficiency_mode': False, 'evidence_tolerance': 0.5, 'n_iter_before_update': 100, 'null_log_evidence': -1e+90, 'max_modes': 100, 'mode_tolerance': -1e+90, 'seed': 42, 'context': 0, 'write_output': True, 'log_zero': -1e+100, 'max_iter': 0, 'init_MPI': False, 'dump_callback': <bound method Pymultinest._dump_callback of <bilby.core.sampler.pymultinest.Pymultinest object at 0x155500fdd3f0>>}
06:16 bilby INFO    : Using sampler Pymultinest with kwargs {'importance_nested_sampling': False, 'resume': True, 'verbose': True, 'sampling_efficiency': 'parameter', 'n_live_points': 2048, 'n_params': 4, 'n_clustering_params': None, 'wrapped_params': None, 'multimodal': True, 'const_efficiency_mode': False, 'evidence_tolerance': 0.5, 'n_iter_before_update': 100, 'null_log_evidence': -1e+90, 'max_modes': 100, 'mode_tolerance': -1e+90, 'seed': 42, 'context': 0, 'write_output': True, 'log_zero': -1e+100, 'max_iter': 0, 'init_MPI': False, 'dump_callback': <bound method Pymultinest._dump_callback of <bilby.core.sampler.pymultinest.Pymultinest object at 0x155500fdec80>>}
06:16 bilby INFO    : Using sampler Pymultinest with kwargs {'importance_nested_sampling': False, 'resume': True, 'verbose': True, 'sampling_efficiency': 'parameter', 'n_live_points': 2048, 'n_params': 4, 'n_clustering_params': None, 'wrapped_params': None, 'multimodal': True, 'const_efficiency_mode': False, 'evidence_tolerance': 0.5, 'n_iter_before_update': 100, 'null_log_evidence': -1e+90, 'max_modes': 100, 'mode_tolerance': -1e+90, 'seed': 42, 'context': 0, 'write_output': True, 'log_zero': -1e+100, 'max_iter': 0, 'init_MPI': False, 'dump_callback': <bound method Pymultinest._dump_callback of <bilby.core.sampler.pymultinest.Pymultinest object at 0x155500fe6aa0>>}
06:16 bilby INFO    : Temporary directory incompatible with MPI, will run in original directory
06:16 bilby INFO    : Temporary directory incompatible with MPI, will run in original directory
06:16 bilby INFO    : Temporary directory incompatible with MPI, will run in original directory
06:16 bilby INFO    : Using output file outdirBNSKa32cores/pm_170817in14days/
06:16 bilby INFO    : Using output file outdirBNSKa32cores/pm_170817in14days/
06:16 bilby INFO    : Using output file outdirBNSKa32cores/pm_170817in14days/
06:16 bilby INFO    : Using output file outdirBNSKa32cores/pm_170817in14days/
06:16 bilby INFO    : Using output file outdirBNSKa32cores/pm_170817in14days/
06:16 bilby WARNING : Supplied argument 'queue_size' not an argument of 'Pymultinest', removing.
06:16 bilby WARNING : Supplied argument 'check_point_delta_t' not an argument of 'Pymultinest', removing.
06:16 bilby INFO    : Using sampler Pymultinest with kwargs {'importance_nested_sampling': False, 'resume': True, 'verbose': True, 'sampling_efficiency': 'parameter', 'n_live_points': 2048, 'n_params': 4, 'n_clustering_params': None, 'wrapped_params': None, 'multimodal': True, 'const_efficiency_mode': False, 'evidence_tolerance': 0.5, 'n_iter_before_update': 100, 'null_log_evidence': -1e+90, 'max_modes': 100, 'mode_tolerance': -1e+90, 'seed': 42, 'context': 0, 'write_output': True, 'log_zero': -1e+100, 'max_iter': 0, 'init_MPI': False, 'dump_callback': <bound method Pymultinest._dump_callback of <bilby.core.sampler.pymultinest.Pymultinest object at 0x155500fe2c80>>}
06:16 bilby INFO    : Temporary directory incompatible with MPI, will run in original directory
06:16 bilby INFO    : Using output file outdirBNSKa32cores/pm_170817in14days/
06:16 bilby WARNING : Supplied argument 'queue_size' not an argument of 'Pymultinest', removing.
06:16 bilby WARNING : Supplied argument 'check_point_delta_t' not an argument of 'Pymultinest', removing.
06:16 bilby INFO    : Using sampler Pymultinest with kwargs {'importance_nested_sampling': False, 'resume': True, 'verbose': True, 'sampling_efficiency': 'parameter', 'n_live_points': 2048, 'n_params': 4, 'n_clustering_params': None, 'wrapped_params': None, 'multimodal': True, 'const_efficiency_mode': False, 'evidence_tolerance': 0.5, 'n_iter_before_update': 100, 'null_log_evidence': -1e+90, 'max_modes': 100, 'mode_tolerance': -1e+90, 'seed': 42, 'context': 0, 'write_output': True, 'log_zero': -1e+100, 'max_iter': 0, 'init_MPI': False, 'dump_callback': <bound method Pymultinest._dump_callback of <bilby.core.sampler.pymultinest.Pymultinest object at 0x155500fe6860>>}
06:16 bilby INFO    : Temporary directory incompatible with MPI, will run in original directory
06:16 bilby INFO    : Using output file outdirBNSKa32cores/pm_170817in14days/
06:16 bilby WARNING : Supplied argument 'queue_size' not an argument of 'Pymultinest', removing.
06:16 bilby WARNING : Supplied argument 'check_point_delta_t' not an argument of 'Pymultinest', removing.
06:16 bilby INFO    : Using sampler Pymultinest with kwargs {'importance_nested_sampling': False, 'resume': True, 'verbose': True, 'sampling_efficiency': 'parameter', 'n_live_points': 2048, 'n_params': 4, 'n_clustering_params': None, 'wrapped_params': None, 'multimodal': True, 'const_efficiency_mode': False, 'evidence_tolerance': 0.5, 'n_iter_before_update': 100, 'null_log_evidence': -1e+90, 'max_modes': 100, 'mode_tolerance': -1e+90, 'seed': 42, 'context': 0, 'write_output': True, 'log_zero': -1e+100, 'max_iter': 0, 'init_MPI': False, 'dump_callback': <bound method Pymultinest._dump_callback of <bilby.core.sampler.pymultinest.Pymultinest object at 0x155500fe6800>>}
06:16 bilby INFO    : Temporary directory incompatible with MPI, will run in original directory
06:16 bilby INFO    : Using output file outdirBNSKa32cores/pm_170817in14days/
06:16 bilby WARNING : Supplied argument 'queue_size' not an argument of 'Pymultinest', removing.
06:16 bilby WARNING : Supplied argument 'check_point_delta_t' not an argument of 'Pymultinest', removing.
06:16 bilby WARNING : Supplied argument 'queue_size' not an argument of 'Pymultinest', removing.
06:16 bilby WARNING : Supplied argument 'check_point_delta_t' not an argument of 'Pymultinest', removing.
06:16 bilby INFO    : Using sampler Pymultinest with kwargs {'importance_nested_sampling': False, 'resume': True, 'verbose': True, 'sampling_efficiency': 'parameter', 'n_live_points': 2048, 'n_params': 4, 'n_clustering_params': None, 'wrapped_params': None, 'multimodal': True, 'const_efficiency_mode': False, 'evidence_tolerance': 0.5, 'n_iter_before_update': 100, 'null_log_evidence': -1e+90, 'max_modes': 100, 'mode_tolerance': -1e+90, 'seed': 42, 'context': 0, 'write_output': True, 'log_zero': -1e+100, 'max_iter': 0, 'init_MPI': False, 'dump_callback': <bound method Pymultinest._dump_callback of <bilby.core.sampler.pymultinest.Pymultinest object at 0x155500fdfaf0>>}
06:16 bilby INFO    : Using sampler Pymultinest with kwargs {'importance_nested_sampling': False, 'resume': True, 'verbose': True, 'sampling_efficiency': 'parameter', 'n_live_points': 2048, 'n_params': 4, 'n_clustering_params': None, 'wrapped_params': None, 'multimodal': True, 'const_efficiency_mode': False, 'evidence_tolerance': 0.5, 'n_iter_before_update': 100, 'null_log_evidence': -1e+90, 'max_modes': 100, 'mode_tolerance': -1e+90, 'seed': 42, 'context': 0, 'write_output': True, 'log_zero': -1e+100, 'max_iter': 0, 'init_MPI': False, 'dump_callback': <bound method Pymultinest._dump_callback of <bilby.core.sampler.pymultinest.Pymultinest object at 0x155500fe6800>>}
06:16 bilby INFO    : Temporary directory incompatible with MPI, will run in original directory
06:16 bilby INFO    : Temporary directory incompatible with MPI, will run in original directory
06:16 bilby INFO    : Using output file outdirBNSKa32cores/pm_170817in14days/
06:16 bilby INFO    : Using output file outdirBNSKa32cores/pm_170817in14days/
06:16 bilby WARNING : Supplied argument 'queue_size' not an argument of 'Pymultinest', removing.
06:16 bilby WARNING : Supplied argument 'queue_size' not an argument of 'Pymultinest', removing.
06:16 bilby WARNING : Supplied argument 'check_point_delta_t' not an argument of 'Pymultinest', removing.
06:16 bilby WARNING : Supplied argument 'check_point_delta_t' not an argument of 'Pymultinest', removing.
06:16 bilby WARNING : Supplied argument 'queue_size' not an argument of 'Pymultinest', removing.
06:16 bilby INFO    : Using sampler Pymultinest with kwargs {'importance_nested_sampling': False, 'resume': True, 'verbose': True, 'sampling_efficiency': 'parameter', 'n_live_points': 2048, 'n_params': 4, 'n_clustering_params': None, 'wrapped_params': None, 'multimodal': True, 'const_efficiency_mode': False, 'evidence_tolerance': 0.5, 'n_iter_before_update': 100, 'null_log_evidence': -1e+90, 'max_modes': 100, 'mode_tolerance': -1e+90, 'seed': 42, 'context': 0, 'write_output': True, 'log_zero': -1e+100, 'max_iter': 0, 'init_MPI': False, 'dump_callback': <bound method Pymultinest._dump_callback of <bilby.core.sampler.pymultinest.Pymultinest object at 0x155500fe6830>>}
06:16 bilby WARNING : Supplied argument 'check_point_delta_t' not an argument of 'Pymultinest', removing.
06:16 bilby INFO    : Using sampler Pymultinest with kwargs {'importance_nested_sampling': False, 'resume': True, 'verbose': True, 'sampling_efficiency': 'parameter', 'n_live_points': 2048, 'n_params': 4, 'n_clustering_params': None, 'wrapped_params': None, 'multimodal': True, 'const_efficiency_mode': False, 'evidence_tolerance': 0.5, 'n_iter_before_update': 100, 'null_log_evidence': -1e+90, 'max_modes': 100, 'mode_tolerance': -1e+90, 'seed': 42, 'context': 0, 'write_output': True, 'log_zero': -1e+100, 'max_iter': 0, 'init_MPI': False, 'dump_callback': <bound method Pymultinest._dump_callback of <bilby.core.sampler.pymultinest.Pymultinest object at 0x155500fe3d30>>}
06:16 bilby INFO    : Using sampler Pymultinest with kwargs {'importance_nested_sampling': False, 'resume': True, 'verbose': True, 'sampling_efficiency': 'parameter', 'n_live_points': 2048, 'n_params': 4, 'n_clustering_params': None, 'wrapped_params': None, 'multimodal': True, 'const_efficiency_mode': False, 'evidence_tolerance': 0.5, 'n_iter_before_update': 100, 'null_log_evidence': -1e+90, 'max_modes': 100, 'mode_tolerance': -1e+90, 'seed': 42, 'context': 0, 'write_output': True, 'log_zero': -1e+100, 'max_iter': 0, 'init_MPI': False, 'dump_callback': <bound method Pymultinest._dump_callback of <bilby.core.sampler.pymultinest.Pymultinest object at 0x155500fe11e0>>}
06:16 bilby INFO    : Temporary directory incompatible with MPI, will run in original directory
06:16 bilby INFO    : Temporary directory incompatible with MPI, will run in original directory
06:16 bilby INFO    : Temporary directory incompatible with MPI, will run in original directory
06:16 bilby INFO    : Using output file outdirBNSKa32cores/pm_170817in14days/
06:16 bilby INFO    : Using output file outdirBNSKa32cores/pm_170817in14days/
06:16 bilby INFO    : Using output file outdirBNSKa32cores/pm_170817in14days/
06:16 bilby WARNING : Supplied argument 'queue_size' not an argument of 'Pymultinest', removing.
06:16 bilby WARNING : Supplied argument 'check_point_delta_t' not an argument of 'Pymultinest', removing.
06:16 bilby INFO    : Using sampler Pymultinest with kwargs {'importance_nested_sampling': False, 'resume': True, 'verbose': True, 'sampling_efficiency': 'parameter', 'n_live_points': 2048, 'n_params': 4, 'n_clustering_params': None, 'wrapped_params': None, 'multimodal': True, 'const_efficiency_mode': False, 'evidence_tolerance': 0.5, 'n_iter_before_update': 100, 'null_log_evidence': -1e+90, 'max_modes': 100, 'mode_tolerance': -1e+90, 'seed': 42, 'context': 0, 'write_output': True, 'log_zero': -1e+100, 'max_iter': 0, 'init_MPI': False, 'dump_callback': <bound method Pymultinest._dump_callback of <bilby.core.sampler.pymultinest.Pymultinest object at 0x155500fdd4b0>>}
06:16 bilby INFO    : Temporary directory incompatible with MPI, will run in original directory
06:16 bilby INFO    : Using output file outdirBNSKa32cores/pm_170817in14days/
06:16 bilby WARNING : Supplied argument 'queue_size' not an argument of 'Pymultinest', removing.
06:16 bilby WARNING : Supplied argument 'check_point_delta_t' not an argument of 'Pymultinest', removing.
06:16 bilby INFO    : Using sampler Pymultinest with kwargs {'importance_nested_sampling': False, 'resume': True, 'verbose': True, 'sampling_efficiency': 'parameter', 'n_live_points': 2048, 'n_params': 4, 'n_clustering_params': None, 'wrapped_params': None, 'multimodal': True, 'const_efficiency_mode': False, 'evidence_tolerance': 0.5, 'n_iter_before_update': 100, 'null_log_evidence': -1e+90, 'max_modes': 100, 'mode_tolerance': -1e+90, 'seed': 42, 'context': 0, 'write_output': True, 'log_zero': -1e+100, 'max_iter': 0, 'init_MPI': False, 'dump_callback': <bound method Pymultinest._dump_callback of <bilby.core.sampler.pymultinest.Pymultinest object at 0x155500fe25c0>>}
06:16 bilby INFO    : Temporary directory incompatible with MPI, will run in original directory
06:16 bilby INFO    : Using output file outdirBNSKa32cores/pm_170817in14days/
06:16 bilby WARNING : Supplied argument 'queue_size' not an argument of 'Pymultinest', removing.
06:16 bilby WARNING : Supplied argument 'check_point_delta_t' not an argument of 'Pymultinest', removing.
06:16 bilby INFO    : Using sampler Pymultinest with kwargs {'importance_nested_sampling': False, 'resume': True, 'verbose': True, 'sampling_efficiency': 'parameter', 'n_live_points': 2048, 'n_params': 4, 'n_clustering_params': None, 'wrapped_params': None, 'multimodal': True, 'const_efficiency_mode': False, 'evidence_tolerance': 0.5, 'n_iter_before_update': 100, 'null_log_evidence': -1e+90, 'max_modes': 100, 'mode_tolerance': -1e+90, 'seed': 42, 'context': 0, 'write_output': True, 'log_zero': -1e+100, 'max_iter': 0, 'init_MPI': False, 'dump_callback': <bound method Pymultinest._dump_callback of <bilby.core.sampler.pymultinest.Pymultinest object at 0x155500fe6830>>}
06:16 bilby INFO    : Temporary directory incompatible with MPI, will run in original directory
06:16 bilby INFO    : Using output file outdirBNSKa32cores/pm_170817in14days/
06:19 bilby INFO    : Sampling time: 0:02:45.682725
06:19 bilby INFO    : Sampling time: 0:02:45.712004
06:19 bilby INFO    : Sampling time: 0:02:45.721414
06:19 bilby INFO    : Sampling time: 0:02:45.710589
06:19 bilby INFO    : Sampling time: 0:02:45.684852
06:19 bilby INFO    : Sampling time: 0:02:45.722068
06:19 bilby INFO    : Sampling time: 0:02:45.723363
06:19 bilby INFO    : Sampling time: 0:02:45.717802
06:19 bilby INFO    : Sampling time: 0:02:45.716103
06:19 bilby INFO    : Sampling time: 0:02:45.650371
06:19 bilby INFO    : Sampling time: 0:02:45.685344
06:19 bilby INFO    : Sampling time: 0:02:45.670598
06:19 bilby INFO    : Sampling time: 0:02:45.692334
06:19 bilby INFO    : Sampling time: 0:02:45.671493
06:19 bilby INFO    : Sampling time: 0:02:45.655442
06:19 bilby INFO    : Sampling time: 0:02:45.661721
06:19 bilby INFO    : Sampling time: 0:02:45.660857
06:19 bilby INFO    : Sampling time: 0:02:45.654654
06:19 bilby INFO    : Sampling time: 0:02:45.659276
06:19 bilby INFO    : Sampling time: 0:02:45.653240
06:19 bilby INFO    : Sampling time: 0:02:45.660020
06:19 bilby INFO    : Sampling time: 0:02:45.719622
06:19 bilby INFO    : Sampling time: 0:02:45.672639
06:19 bilby INFO    : Sampling time: 0:02:45.672670
06:19 bilby INFO    : Sampling time: 0:02:45.673269
06:19 bilby INFO    : Sampling time: 0:02:45.694055
06:19 bilby INFO    : Sampling time: 0:02:45.656475
06:19 bilby INFO    : Sampling time: 0:02:45.671848
06:19 bilby INFO    : Sampling time: 0:02:45.657106
06:19 bilby INFO    : Sampling time: 0:02:45.715024
06:19 bilby INFO    : Sampling time: 0:02:45.715107
06:19 bilby INFO    : Sampling time: 0:02:45.724996
06:19 bilby ERROR   : 

Saving the data has failed with the following message:
[Errno 116] Stale file handle
Data has been dumped to outdirBNSKa32cores/170817in14days_result.pkl.


Traceback (most recent call last):
  File "/home/thussenot/.conda/envs/multinest/bin/lightcurve-analysis", line 8, in <module>
Traceback (most recent call last):
  File "/home/thussenot/.conda/envs/multinest/bin/lightcurve-analysis", line 8, in <module>
Traceback (most recent call last):
  File "/home/thussenot/.conda/envs/multinest/bin/lightcurve-analysis", line 8, in <module>
    sys.exit(main())
  File "/home/thussenot/.conda/envs/multinest/lib/python3.10/site-packages/nmma/em/analysis.py", line 1028, in main
    sys.exit(main())
  File "/home/thussenot/.conda/envs/multinest/lib/python3.10/site-packages/nmma/em/analysis.py", line 1028, in main
    sys.exit(main())
  File "/home/thussenot/.conda/envs/multinest/lib/python3.10/site-packages/nmma/em/analysis.py", line 1028, in main
    analysis(args)
  File "/home/thussenot/.conda/envs/multinest/lib/python3.10/site-packages/nmma/em/analysis.py", line 712, in analysis
    analysis(args)
  File "/home/thussenot/.conda/envs/multinest/lib/python3.10/site-packages/nmma/em/analysis.py", line 712, in analysis
    analysis(args)
  File "/home/thussenot/.conda/envs/multinest/lib/python3.10/site-packages/nmma/em/analysis.py", line 712, in analysis
    result = bilby.run_sampler(
  File "/home/thussenot/.conda/envs/multinest/lib/python3.10/site-packages/bilby/core/sampler/__init__.py", line 278, in run_sampler
    result = bilby.run_sampler(
  File "/home/thussenot/.conda/envs/multinest/lib/python3.10/site-packages/bilby/core/sampler/__init__.py", line 278, in run_sampler
    result = bilby.run_sampler(
  File "/home/thussenot/.conda/envs/multinest/lib/python3.10/site-packages/bilby/core/sampler/__init__.py", line 278, in run_sampler
Traceback (most recent call last):
  File "/home/thussenot/.conda/envs/multinest/bin/lightcurve-analysis", line 8, in <module>
    sys.exit(main())
  File "/home/thussenot/.conda/envs/multinest/lib/python3.10/site-packages/nmma/em/analysis.py", line 1028, in main
    analysis(args)
  File "/home/thussenot/.conda/envs/multinest/lib/python3.10/site-packages/nmma/em/analysis.py", line 712, in analysis
    result = bilby.run_sampler(
  File "/home/thussenot/.conda/envs/multinest/lib/python3.10/site-packages/bilby/core/sampler/__init__.py", line 278, in run_sampler
    result.save_to_file(overwrite=True, extension=save, gzip=gzip, outdir=outdir)
  File "/home/thussenot/.conda/envs/multinest/lib/python3.10/site-packages/bilby/core/result.py", line 783, in save_to_file
    result.save_to_file(overwrite=True, extension=save, gzip=gzip, outdir=outdir)
  File "/home/thussenot/.conda/envs/multinest/lib/python3.10/site-packages/bilby/core/result.py", line 783, in save_to_file
    result.save_to_file(overwrite=True, extension=save, gzip=gzip, outdir=outdir)
  File "/home/thussenot/.conda/envs/multinest/lib/python3.10/site-packages/bilby/core/result.py", line 783, in save_to_file
    result.save_to_file(overwrite=True, extension=save, gzip=gzip, outdir=outdir)
  File "/home/thussenot/.conda/envs/multinest/lib/python3.10/site-packages/bilby/core/result.py", line 783, in save_to_file
    move_old_file(filename, overwrite)
  File "/home/thussenot/.conda/envs/multinest/lib/python3.10/site-packages/bilby/core/utils/io.py", line 406, in move_old_file
    move_old_file(filename, overwrite)
  File "/home/thussenot/.conda/envs/multinest/lib/python3.10/site-packages/bilby/core/utils/io.py", line 406, in move_old_file
    move_old_file(filename, overwrite)
  File "/home/thussenot/.conda/envs/multinest/lib/python3.10/site-packages/bilby/core/utils/io.py", line 406, in move_old_file
    move_old_file(filename, overwrite)
  File "/home/thussenot/.conda/envs/multinest/lib/python3.10/site-packages/bilby/core/utils/io.py", line 406, in move_old_file
    os.remove(filename)
FileNotFoundError: [Errno 2] No such file or directory: 'outdirBNSKa32cores/170817in14days_result.json'
    os.remove(filename)
FileNotFoundError: [Errno 2] No such file or directory: 'outdirBNSKa32cores/170817in14days_result.json'
    os.remove(filename)
FileNotFoundError: [Errno 2] No such file or directory: 'outdirBNSKa32cores/170817in14days_result.json'
    os.remove(filename)
FileNotFoundError: [Errno 2] No such file or directory: 'outdirBNSKa32cores/170817in14days_result.json'
06:19 bilby INFO    : Summary of results:
nsamples: 1720
ln_noise_evidence:  0.000
ln_evidence: -176.475 +/-  0.080
ln_bayes_factor: -176.475 +/-  0.080

Traceback (most recent call last):
  File "/home/thussenot/.conda/envs/multinest/lib/python3.10/shutil.py", line 816, in move
Traceback (most recent call last):
  File "/home/thussenot/.conda/envs/multinest/lib/python3.10/shutil.py", line 816, in move
Traceback (most recent call last):
  File "/home/thussenot/.conda/envs/multinest/lib/python3.10/shutil.py", line 816, in move
Traceback (most recent call last):
  File "/home/thussenot/.conda/envs/multinest/lib/python3.10/shutil.py", line 816, in move
Traceback (most recent call last):
  File "/home/thussenot/.conda/envs/multinest/lib/python3.10/shutil.py", line 816, in move
    os.rename(src, real_dst)
    os.rename(src, real_dst)
FileNotFoundError: [Errno 2] No such file or directory: 'outdirBNSKa32cores/170817in14days_result.json' -> 'outdirBNSKa32cores/170817in14days_result.json.old'
    os.rename(src, real_dst)
FileNotFoundError: [Errno 2] No such file or directory: 'outdirBNSKa32cores/170817in14days_result.json' -> 'outdirBNSKa32cores/170817in14days_result.json.old'

During handling of the above exception, another exception occurred:

    os.rename(src, real_dst)
FileNotFoundError: [Errno 2] No such file or directory: 'outdirBNSKa32cores/170817in14days_result.json' -> 'outdirBNSKa32cores/170817in14days_result.json.old'

During handling of the above exception, another exception occurred:

Traceback (most recent call last):
    os.rename(src, real_dst)
Traceback (most recent call last):
  File "/home/thussenot/.conda/envs/multinest/bin/lightcurve-analysis", line 8, in <module>
FileNotFoundError: [Errno 2] No such file or directory: 'outdirBNSKa32cores/170817in14days_result.json' -> 'outdirBNSKa32cores/170817in14days_result.json.old'

During handling of the above exception, another exception occurred:

Traceback (most recent call last):
  File "/home/thussenot/.conda/envs/multinest/bin/lightcurve-analysis", line 8, in <module>

During handling of the above exception, another exception occurred:

Traceback (most recent call last):
  File "/home/thussenot/.conda/envs/multinest/bin/lightcurve-analysis", line 8, in <module>
  File "/home/thussenot/.conda/envs/multinest/bin/lightcurve-analysis", line 8, in <module>
FileNotFoundError: [Errno 2] No such file or directory: 'outdirBNSKa32cores/170817in14days_result.json' -> 'outdirBNSKa32cores/170817in14days_result.json.old'

During handling of the above exception, another exception occurred:

Traceback (most recent call last):
  File "/home/thussenot/.conda/envs/multinest/bin/lightcurve-analysis", line 8, in <module>
    sys.exit(main())
  File "/home/thussenot/.conda/envs/multinest/lib/python3.10/site-packages/nmma/em/analysis.py", line 1028, in main
    sys.exit(main())
  File "/home/thussenot/.conda/envs/multinest/lib/python3.10/site-packages/nmma/em/analysis.py", line 1028, in main
    sys.exit(main())
  File "/home/thussenot/.conda/envs/multinest/lib/python3.10/site-packages/nmma/em/analysis.py", line 1028, in main
    sys.exit(main())
  File "/home/thussenot/.conda/envs/multinest/lib/python3.10/site-packages/nmma/em/analysis.py", line 1028, in main
    sys.exit(main())
  File "/home/thussenot/.conda/envs/multinest/lib/python3.10/site-packages/nmma/em/analysis.py", line 1028, in main
    analysis(args)
  File "/home/thussenot/.conda/envs/multinest/lib/python3.10/site-packages/nmma/em/analysis.py", line 712, in analysis
    analysis(args)
  File "/home/thussenot/.conda/envs/multinest/lib/python3.10/site-packages/nmma/em/analysis.py", line 712, in analysis
    analysis(args)
  File "/home/thussenot/.conda/envs/multinest/lib/python3.10/site-packages/nmma/em/analysis.py", line 712, in analysis
    analysis(args)
  File "/home/thussenot/.conda/envs/multinest/lib/python3.10/site-packages/nmma/em/analysis.py", line 712, in analysis
    analysis(args)
  File "/home/thussenot/.conda/envs/multinest/lib/python3.10/site-packages/nmma/em/analysis.py", line 712, in analysis
    result = bilby.run_sampler(
  File "/home/thussenot/.conda/envs/multinest/lib/python3.10/site-packages/bilby/core/sampler/__init__.py", line 262, in run_sampler
    result = bilby.run_sampler(
  File "/home/thussenot/.conda/envs/multinest/lib/python3.10/site-packages/bilby/core/sampler/__init__.py", line 262, in run_sampler
    result = bilby.run_sampler(
  File "/home/thussenot/.conda/envs/multinest/lib/python3.10/site-packages/bilby/core/sampler/__init__.py", line 262, in run_sampler
    result.save_to_file(extension=save, gzip=gzip, outdir=outdir)
  File "/home/thussenot/.conda/envs/multinest/lib/python3.10/site-packages/bilby/core/result.py", line 783, in save_to_file
    result = bilby.run_sampler(
  File "/home/thussenot/.conda/envs/multinest/lib/python3.10/site-packages/bilby/core/sampler/__init__.py", line 262, in run_sampler
    result = bilby.run_sampler(
  File "/home/thussenot/.conda/envs/multinest/lib/python3.10/site-packages/bilby/core/sampler/__init__.py", line 262, in run_sampler
    result.save_to_file(extension=save, gzip=gzip, outdir=outdir)
  File "/home/thussenot/.conda/envs/multinest/lib/python3.10/site-packages/bilby/core/result.py", line 783, in save_to_file
    result.save_to_file(extension=save, gzip=gzip, outdir=outdir)
  File "/home/thussenot/.conda/envs/multinest/lib/python3.10/site-packages/bilby/core/result.py", line 783, in save_to_file
    move_old_file(filename, overwrite)
  File "/home/thussenot/.conda/envs/multinest/lib/python3.10/site-packages/bilby/core/utils/io.py", line 411, in move_old_file
    result.save_to_file(extension=save, gzip=gzip, outdir=outdir)
  File "/home/thussenot/.conda/envs/multinest/lib/python3.10/site-packages/bilby/core/result.py", line 783, in save_to_file
    result.save_to_file(extension=save, gzip=gzip, outdir=outdir)
  File "/home/thussenot/.conda/envs/multinest/lib/python3.10/site-packages/bilby/core/result.py", line 783, in save_to_file
    move_old_file(filename, overwrite)
  File "/home/thussenot/.conda/envs/multinest/lib/python3.10/site-packages/bilby/core/utils/io.py", line 411, in move_old_file
    move_old_file(filename, overwrite)
  File "/home/thussenot/.conda/envs/multinest/lib/python3.10/site-packages/bilby/core/utils/io.py", line 411, in move_old_file
    shutil.move(filename, filename + ".old")
  File "/home/thussenot/.conda/envs/multinest/lib/python3.10/shutil.py", line 836, in move
    shutil.move(filename, filename + ".old")
  File "/home/thussenot/.conda/envs/multinest/lib/python3.10/shutil.py", line 836, in move
    move_old_file(filename, overwrite)
  File "/home/thussenot/.conda/envs/multinest/lib/python3.10/site-packages/bilby/core/utils/io.py", line 411, in move_old_file
    move_old_file(filename, overwrite)
  File "/home/thussenot/.conda/envs/multinest/lib/python3.10/site-packages/bilby/core/utils/io.py", line 411, in move_old_file
    shutil.move(filename, filename + ".old")
  File "/home/thussenot/.conda/envs/multinest/lib/python3.10/shutil.py", line 836, in move
    copy_function(src, real_dst)
  File "/home/thussenot/.conda/envs/multinest/lib/python3.10/shutil.py", line 435, in copy2
    shutil.move(filename, filename + ".old")
  File "/home/thussenot/.conda/envs/multinest/lib/python3.10/shutil.py", line 836, in move
    shutil.move(filename, filename + ".old")
  File "/home/thussenot/.conda/envs/multinest/lib/python3.10/shutil.py", line 836, in move
    copystat(src, dst, follow_symlinks=follow_symlinks)
  File "/home/thussenot/.conda/envs/multinest/lib/python3.10/shutil.py", line 372, in copystat
    copy_function(src, real_dst)
  File "/home/thussenot/.conda/envs/multinest/lib/python3.10/shutil.py", line 435, in copy2
    copy_function(src, real_dst)
  File "/home/thussenot/.conda/envs/multinest/lib/python3.10/shutil.py", line 435, in copy2
    copy_function(src, real_dst)
  File "/home/thussenot/.conda/envs/multinest/lib/python3.10/shutil.py", line 435, in copy2
    copystat(src, dst, follow_symlinks=follow_symlinks)
  File "/home/thussenot/.conda/envs/multinest/lib/python3.10/shutil.py", line 372, in copystat
    st = lookup("stat")(src, follow_symlinks=follow)
FileNotFoundError: [Errno 2] No such file or directory: 'outdirBNSKa32cores/170817in14days_result.json'
    copystat(src, dst, follow_symlinks=follow_symlinks)
  File "/home/thussenot/.conda/envs/multinest/lib/python3.10/shutil.py", line 372, in copystat
    copy_function(src, real_dst)
  File "/home/thussenot/.conda/envs/multinest/lib/python3.10/shutil.py", line 435, in copy2
    copystat(src, dst, follow_symlinks=follow_symlinks)
  File "/home/thussenot/.conda/envs/multinest/lib/python3.10/shutil.py", line 372, in copystat
    st = lookup("stat")(src, follow_symlinks=follow)
FileNotFoundError: [Errno 2] No such file or directory: 'outdirBNSKa32cores/170817in14days_result.json'
    st = lookup("stat")(src, follow_symlinks=follow)
FileNotFoundError: [Errno 2] No such file or directory: 'outdirBNSKa32cores/170817in14days_result.json'
    st = lookup("stat")(src, follow_symlinks=follow)
FileNotFoundError: [Errno 2] No such file or directory: 'outdirBNSKa32cores/170817in14days_result.json'
    copystat(src, dst, follow_symlinks=follow_symlinks)
  File "/home/thussenot/.conda/envs/multinest/lib/python3.10/shutil.py", line 372, in copystat
    st = lookup("stat")(src, follow_symlinks=follow)
FileNotFoundError: [Errno 2] No such file or directory: 'outdirBNSKa32cores/170817in14days_result.json'
06:19 bilby INFO    : Summary of results:
nsamples: 1720
ln_noise_evidence:  0.000
ln_evidence: -176.475 +/-  0.080
ln_bayes_factor: -176.475 +/-  0.080

Traceback (most recent call last):
  File "/home/thussenot/.conda/envs/multinest/lib/python3.10/shutil.py", line 816, in move
    os.rename(src, real_dst)
FileNotFoundError: [Errno 2] No such file or directory: 'outdirBNSKa32cores/170817in14days_result.json' -> 'outdirBNSKa32cores/170817in14days_result.json.old'

During handling of the above exception, another exception occurred:

Traceback (most recent call last):
  File "/home/thussenot/.conda/envs/multinest/bin/lightcurve-analysis", line 8, in <module>
    sys.exit(main())
  File "/home/thussenot/.conda/envs/multinest/lib/python3.10/site-packages/nmma/em/analysis.py", line 1028, in main
    analysis(args)
  File "/home/thussenot/.conda/envs/multinest/lib/python3.10/site-packages/nmma/em/analysis.py", line 712, in analysis
    result = bilby.run_sampler(
  File "/home/thussenot/.conda/envs/multinest/lib/python3.10/site-packages/bilby/core/sampler/__init__.py", line 262, in run_sampler
    result.save_to_file(extension=save, gzip=gzip, outdir=outdir)
  File "/home/thussenot/.conda/envs/multinest/lib/python3.10/site-packages/bilby/core/result.py", line 783, in save_to_file
    move_old_file(filename, overwrite)
  File "/home/thussenot/.conda/envs/multinest/lib/python3.10/site-packages/bilby/core/utils/io.py", line 411, in move_old_file
    shutil.move(filename, filename + ".old")
  File "/home/thussenot/.conda/envs/multinest/lib/python3.10/shutil.py", line 836, in move
    copy_function(src, real_dst)
  File "/home/thussenot/.conda/envs/multinest/lib/python3.10/shutil.py", line 435, in copy2
    copystat(src, dst, follow_symlinks=follow_symlinks)
  File "/home/thussenot/.conda/envs/multinest/lib/python3.10/shutil.py", line 378, in copystat
    _copyxattr(src, dst, follow_symlinks=follow)
  File "/home/thussenot/.conda/envs/multinest/lib/python3.10/shutil.py", line 320, in _copyxattr
    names = os.listxattr(src, follow_symlinks=follow_symlinks)
FileNotFoundError: [Errno 2] No such file or directory: 'outdirBNSKa32cores/170817in14days_result.json'
Traceback (most recent call last):
  File "/home/thussenot/.conda/envs/multinest/bin/lightcurve-analysis", line 8, in <module>
    sys.exit(main())
  File "/home/thussenot/.conda/envs/multinest/lib/python3.10/site-packages/nmma/em/analysis.py", line 1028, in main
    analysis(args)
  File "/home/thussenot/.conda/envs/multinest/lib/python3.10/site-packages/nmma/em/analysis.py", line 712, in analysis
    result = bilby.run_sampler(
  File "/home/thussenot/.conda/envs/multinest/lib/python3.10/site-packages/bilby/core/sampler/__init__.py", line 278, in run_sampler
    result.save_to_file(overwrite=True, extension=save, gzip=gzip, outdir=outdir)
  File "/home/thussenot/.conda/envs/multinest/lib/python3.10/site-packages/bilby/core/result.py", line 783, in save_to_file
    move_old_file(filename, overwrite)
  File "/home/thussenot/.conda/envs/multinest/lib/python3.10/site-packages/bilby/core/utils/io.py", line 406, in move_old_file
    os.remove(filename)
FileNotFoundError: [Errno 2] No such file or directory: 'outdirBNSKa32cores/170817in14days_result.json'
Traceback (most recent call last):
  File "/home/thussenot/.conda/envs/multinest/lib/python3.10/shutil.py", line 816, in move
    os.rename(src, real_dst)
FileNotFoundError: [Errno 2] No such file or directory: 'outdirBNSKa32cores/170817in14days_result.json' -> 'outdirBNSKa32cores/170817in14days_result.json.old'

During handling of the above exception, another exception occurred:

Traceback (most recent call last):
  File "/home/thussenot/.conda/envs/multinest/bin/lightcurve-analysis", line 8, in <module>
    sys.exit(main())
  File "/home/thussenot/.conda/envs/multinest/lib/python3.10/site-packages/nmma/em/analysis.py", line 1028, in main
    analysis(args)
  File "/home/thussenot/.conda/envs/multinest/lib/python3.10/site-packages/nmma/em/analysis.py", line 712, in analysis
    result = bilby.run_sampler(
  File "/home/thussenot/.conda/envs/multinest/lib/python3.10/site-packages/bilby/core/sampler/__init__.py", line 262, in run_sampler
    result.save_to_file(extension=save, gzip=gzip, outdir=outdir)
  File "/home/thussenot/.conda/envs/multinest/lib/python3.10/site-packages/bilby/core/result.py", line 783, in save_to_file
    move_old_file(filename, overwrite)
  File "/home/thussenot/.conda/envs/multinest/lib/python3.10/site-packages/bilby/core/utils/io.py", line 411, in move_old_file
    shutil.move(filename, filename + ".old")
  File "/home/thussenot/.conda/envs/multinest/lib/python3.10/shutil.py", line 836, in move
    copy_function(src, real_dst)
  File "/home/thussenot/.conda/envs/multinest/lib/python3.10/shutil.py", line 435, in copy2
    copystat(src, dst, follow_symlinks=follow_symlinks)
  File "/home/thussenot/.conda/envs/multinest/lib/python3.10/shutil.py", line 378, in copystat
    _copyxattr(src, dst, follow_symlinks=follow)
  File "/home/thussenot/.conda/envs/multinest/lib/python3.10/shutil.py", line 320, in _copyxattr
    names = os.listxattr(src, follow_symlinks=follow_symlinks)
FileNotFoundError: [Errno 2] No such file or directory: 'outdirBNSKa32cores/170817in14days_result.json'
Traceback (most recent call last):
  File "/home/thussenot/.conda/envs/multinest/lib/python3.10/shutil.py", line 816, in move
    os.rename(src, real_dst)
FileNotFoundError: [Errno 2] No such file or directory: 'outdirBNSKa32cores/170817in14days_result.json' -> 'outdirBNSKa32cores/170817in14days_result.json.old'

During handling of the above exception, another exception occurred:

Traceback (most recent call last):
  File "/home/thussenot/.conda/envs/multinest/bin/lightcurve-analysis", line 8, in <module>
    sys.exit(main())
  File "/home/thussenot/.conda/envs/multinest/lib/python3.10/site-packages/nmma/em/analysis.py", line 1028, in main
    analysis(args)
  File "/home/thussenot/.conda/envs/multinest/lib/python3.10/site-packages/nmma/em/analysis.py", line 712, in analysis
    result = bilby.run_sampler(
  File "/home/thussenot/.conda/envs/multinest/lib/python3.10/site-packages/bilby/core/sampler/__init__.py", line 262, in run_sampler
    result.save_to_file(extension=save, gzip=gzip, outdir=outdir)
  File "/home/thussenot/.conda/envs/multinest/lib/python3.10/site-packages/bilby/core/result.py", line 783, in save_to_file
    move_old_file(filename, overwrite)
  File "/home/thussenot/.conda/envs/multinest/lib/python3.10/site-packages/bilby/core/utils/io.py", line 411, in move_old_file
    shutil.move(filename, filename + ".old")
  File "/home/thussenot/.conda/envs/multinest/lib/python3.10/shutil.py", line 837, in move
    os.unlink(src)
FileNotFoundError: [Errno 2] No such file or directory: 'outdirBNSKa32cores/170817in14days_result.json'
Traceback (most recent call last):
  File "/home/thussenot/.conda/envs/multinest/lib/python3.10/shutil.py", line 816, in move
Traceback (most recent call last):
  File "/home/thussenot/.conda/envs/multinest/lib/python3.10/shutil.py", line 816, in move
    os.rename(src, real_dst)
FileNotFoundError: [Errno 2] No such file or directory: 'outdirBNSKa32cores/170817in14days_result.json' -> 'outdirBNSKa32cores/170817in14days_result.json.old'

During handling of the above exception, another exception occurred:

Traceback (most recent call last):
  File "/home/thussenot/.conda/envs/multinest/bin/lightcurve-analysis", line 8, in <module>
    os.rename(src, real_dst)
    sys.exit(main())
  File "/home/thussenot/.conda/envs/multinest/lib/python3.10/site-packages/nmma/em/analysis.py", line 1028, in main
FileNotFoundError: [Errno 2] No such file or directory: 'outdirBNSKa32cores/170817in14days_result.json' -> 'outdirBNSKa32cores/170817in14days_result.json.old'

During handling of the above exception, another exception occurred:

Traceback (most recent call last):
  File "/home/thussenot/.conda/envs/multinest/bin/lightcurve-analysis", line 8, in <module>
    analysis(args)
  File "/home/thussenot/.conda/envs/multinest/lib/python3.10/site-packages/nmma/em/analysis.py", line 712, in analysis
    sys.exit(main())
  File "/home/thussenot/.conda/envs/multinest/lib/python3.10/site-packages/nmma/em/analysis.py", line 1028, in main
    result = bilby.run_sampler(
  File "/home/thussenot/.conda/envs/multinest/lib/python3.10/site-packages/bilby/core/sampler/__init__.py", line 262, in run_sampler
    analysis(args)
  File "/home/thussenot/.conda/envs/multinest/lib/python3.10/site-packages/nmma/em/analysis.py", line 712, in analysis
    result.save_to_file(extension=save, gzip=gzip, outdir=outdir)
  File "/home/thussenot/.conda/envs/multinest/lib/python3.10/site-packages/bilby/core/result.py", line 783, in save_to_file
    result = bilby.run_sampler(
  File "/home/thussenot/.conda/envs/multinest/lib/python3.10/site-packages/bilby/core/sampler/__init__.py", line 262, in run_sampler
    move_old_file(filename, overwrite)
  File "/home/thussenot/.conda/envs/multinest/lib/python3.10/site-packages/bilby/core/utils/io.py", line 411, in move_old_file
    result.save_to_file(extension=save, gzip=gzip, outdir=outdir)
  File "/home/thussenot/.conda/envs/multinest/lib/python3.10/site-packages/bilby/core/result.py", line 783, in save_to_file
    shutil.move(filename, filename + ".old")
  File "/home/thussenot/.conda/envs/multinest/lib/python3.10/shutil.py", line 837, in move
    move_old_file(filename, overwrite)
  File "/home/thussenot/.conda/envs/multinest/lib/python3.10/site-packages/bilby/core/utils/io.py", line 411, in move_old_file
    os.unlink(src)
FileNotFoundError: [Errno 2] No such file or directory: 'outdirBNSKa32cores/170817in14days_result.json'
    shutil.move(filename, filename + ".old")
  File "/home/thussenot/.conda/envs/multinest/lib/python3.10/shutil.py", line 837, in move
    os.unlink(src)
FileNotFoundError: [Errno 2] No such file or directory: 'outdirBNSKa32cores/170817in14days_result.json'
Traceback (most recent call last):
  File "/home/thussenot/.conda/envs/multinest/lib/python3.10/shutil.py", line 816, in move
    os.rename(src, real_dst)
FileNotFoundError: [Errno 2] No such file or directory: 'outdirBNSKa32cores/170817in14days_result.json' -> 'outdirBNSKa32cores/170817in14days_result.json.old'

During handling of the above exception, another exception occurred:

Traceback (most recent call last):
  File "/home/thussenot/.conda/envs/multinest/bin/lightcurve-analysis", line 8, in <module>
    sys.exit(main())
  File "/home/thussenot/.conda/envs/multinest/lib/python3.10/site-packages/nmma/em/analysis.py", line 1028, in main
    analysis(args)
  File "/home/thussenot/.conda/envs/multinest/lib/python3.10/site-packages/nmma/em/analysis.py", line 712, in analysis
    result = bilby.run_sampler(
  File "/home/thussenot/.conda/envs/multinest/lib/python3.10/site-packages/bilby/core/sampler/__init__.py", line 262, in run_sampler
    result.save_to_file(extension=save, gzip=gzip, outdir=outdir)
  File "/home/thussenot/.conda/envs/multinest/lib/python3.10/site-packages/bilby/core/result.py", line 783, in save_to_file
    move_old_file(filename, overwrite)
  File "/home/thussenot/.conda/envs/multinest/lib/python3.10/site-packages/bilby/core/utils/io.py", line 411, in move_old_file
    shutil.move(filename, filename + ".old")
  File "/home/thussenot/.conda/envs/multinest/lib/python3.10/shutil.py", line 837, in move
    os.unlink(src)
FileNotFoundError: [Errno 2] No such file or directory: 'outdirBNSKa32cores/170817in14days_result.json'
06:19 bilby INFO    : Summary of results:
nsamples: 1720
ln_noise_evidence:  0.000
ln_evidence: -176.475 +/-  0.080
ln_bayes_factor: -176.475 +/-  0.080

06:19 bilby INFO    : Summary of results:
nsamples: 1720
ln_noise_evidence:  0.000
ln_evidence: -176.475 +/-  0.080
ln_bayes_factor: -176.475 +/-  0.080

06:19 bilby INFO    : Summary of results:
nsamples: 1720
ln_noise_evidence:  0.000
ln_evidence: -176.475 +/-  0.080
ln_bayes_factor: -176.475 +/-  0.080

Traceback (most recent call last):
  File "/home/thussenot/.conda/envs/multinest/lib/python3.10/shutil.py", line 816, in move
    os.rename(src, real_dst)
FileNotFoundError: [Errno 2] No such file or directory: 'outdirBNSKa32cores/170817in14days_result.json' -> 'outdirBNSKa32cores/170817in14days_result.json.old'

During handling of the above exception, another exception occurred:

Traceback (most recent call last):
  File "/home/thussenot/.conda/envs/multinest/bin/lightcurve-analysis", line 8, in <module>
    sys.exit(main())
  File "/home/thussenot/.conda/envs/multinest/lib/python3.10/site-packages/nmma/em/analysis.py", line 1028, in main
    analysis(args)
  File "/home/thussenot/.conda/envs/multinest/lib/python3.10/site-packages/nmma/em/analysis.py", line 712, in analysis
    result = bilby.run_sampler(
  File "/home/thussenot/.conda/envs/multinest/lib/python3.10/site-packages/bilby/core/sampler/__init__.py", line 262, in run_sampler
    result.save_to_file(extension=save, gzip=gzip, outdir=outdir)
  File "/home/thussenot/.conda/envs/multinest/lib/python3.10/site-packages/bilby/core/result.py", line 783, in save_to_file
    move_old_file(filename, overwrite)
  File "/home/thussenot/.conda/envs/multinest/lib/python3.10/site-packages/bilby/core/utils/io.py", line 411, in move_old_file
    shutil.move(filename, filename + ".old")
  File "/home/thussenot/.conda/envs/multinest/lib/python3.10/shutil.py", line 837, in move
    os.unlink(src)
FileNotFoundError: [Errno 2] No such file or directory: 'outdirBNSKa32cores/170817in14days_result.json'
Traceback (most recent call last):
  File "/home/thussenot/.conda/envs/multinest/lib/python3.10/shutil.py", line 816, in move
Traceback (most recent call last):
  File "/home/thussenot/.conda/envs/multinest/lib/python3.10/shutil.py", line 816, in move
    os.rename(src, real_dst)
    os.rename(src, real_dst)
FileNotFoundError: [Errno 2] No such file or directory: 'outdirBNSKa32cores/170817in14days_result.json' -> 'outdirBNSKa32cores/170817in14days_result.json.old'

During handling of the above exception, another exception occurred:

Traceback (most recent call last):
  File "/home/thussenot/.conda/envs/multinest/bin/lightcurve-analysis", line 8, in <module>
FileNotFoundError: [Errno 2] No such file or directory: 'outdirBNSKa32cores/170817in14days_result.json' -> 'outdirBNSKa32cores/170817in14days_result.json.old'

During handling of the above exception, another exception occurred:

Traceback (most recent call last):
  File "/home/thussenot/.conda/envs/multinest/bin/lightcurve-analysis", line 8, in <module>
    sys.exit(main())
  File "/home/thussenot/.conda/envs/multinest/lib/python3.10/site-packages/nmma/em/analysis.py", line 1028, in main
    sys.exit(main())
  File "/home/thussenot/.conda/envs/multinest/lib/python3.10/site-packages/nmma/em/analysis.py", line 1028, in main
    analysis(args)
  File "/home/thussenot/.conda/envs/multinest/lib/python3.10/site-packages/nmma/em/analysis.py", line 712, in analysis
    analysis(args)
  File "/home/thussenot/.conda/envs/multinest/lib/python3.10/site-packages/nmma/em/analysis.py", line 712, in analysis
    result = bilby.run_sampler(
  File "/home/thussenot/.conda/envs/multinest/lib/python3.10/site-packages/bilby/core/sampler/__init__.py", line 262, in run_sampler
    result = bilby.run_sampler(
  File "/home/thussenot/.conda/envs/multinest/lib/python3.10/site-packages/bilby/core/sampler/__init__.py", line 262, in run_sampler
    result.save_to_file(extension=save, gzip=gzip, outdir=outdir)
  File "/home/thussenot/.conda/envs/multinest/lib/python3.10/site-packages/bilby/core/result.py", line 783, in save_to_file
    result.save_to_file(extension=save, gzip=gzip, outdir=outdir)
  File "/home/thussenot/.conda/envs/multinest/lib/python3.10/site-packages/bilby/core/result.py", line 783, in save_to_file
    move_old_file(filename, overwrite)
  File "/home/thussenot/.conda/envs/multinest/lib/python3.10/site-packages/bilby/core/utils/io.py", line 411, in move_old_file
    move_old_file(filename, overwrite)
  File "/home/thussenot/.conda/envs/multinest/lib/python3.10/site-packages/bilby/core/utils/io.py", line 411, in move_old_file
    shutil.move(filename, filename + ".old")
  File "/home/thussenot/.conda/envs/multinest/lib/python3.10/shutil.py", line 837, in move
    shutil.move(filename, filename + ".old")
  File "/home/thussenot/.conda/envs/multinest/lib/python3.10/shutil.py", line 836, in move
    os.unlink(src)
FileNotFoundError: [Errno 2] No such file or directory: 'outdirBNSKa32cores/170817in14days_result.json'
    copy_function(src, real_dst)
  File "/home/thussenot/.conda/envs/multinest/lib/python3.10/shutil.py", line 435, in copy2
    copystat(src, dst, follow_symlinks=follow_symlinks)
  File "/home/thussenot/.conda/envs/multinest/lib/python3.10/shutil.py", line 372, in copystat
    st = lookup("stat")(src, follow_symlinks=follow)
FileNotFoundError: [Errno 2] No such file or directory: 'outdirBNSKa32cores/170817in14days_result.json'
Traceback (most recent call last):
  File "/home/thussenot/.conda/envs/multinest/lib/python3.10/shutil.py", line 816, in move
Traceback (most recent call last):
  File "/home/thussenot/.conda/envs/multinest/lib/python3.10/shutil.py", line 816, in move
    os.rename(src, real_dst)
FileNotFoundError: [Errno 2] No such file or directory: 'outdirBNSKa32cores/170817in14days_result.json' -> 'outdirBNSKa32cores/170817in14days_result.json.old'

During handling of the above exception, another exception occurred:

Traceback (most recent call last):
  File "/home/thussenot/.conda/envs/multinest/bin/lightcurve-analysis", line 8, in <module>
    os.rename(src, real_dst)
Traceback (most recent call last):
FileNotFoundError: [Errno 2] No such file or directory: 'outdirBNSKa32cores/170817in14days_result.json' -> 'outdirBNSKa32cores/170817in14days_result.json.old'

During handling of the above exception, another exception occurred:

Traceback (most recent call last):
  File "/home/thussenot/.conda/envs/multinest/bin/lightcurve-analysis", line 8, in <module>
  File "/home/thussenot/.conda/envs/multinest/lib/python3.10/shutil.py", line 816, in move
    sys.exit(main())
  File "/home/thussenot/.conda/envs/multinest/lib/python3.10/site-packages/nmma/em/analysis.py", line 1028, in main
    sys.exit(main())
  File "/home/thussenot/.conda/envs/multinest/lib/python3.10/site-packages/nmma/em/analysis.py", line 1028, in main
    analysis(args)
  File "/home/thussenot/.conda/envs/multinest/lib/python3.10/site-packages/nmma/em/analysis.py", line 712, in analysis
    analysis(args)
  File "/home/thussenot/.conda/envs/multinest/lib/python3.10/site-packages/nmma/em/analysis.py", line 712, in analysis
    os.rename(src, real_dst)
FileNotFoundError: [Errno 2] No such file or directory: 'outdirBNSKa32cores/170817in14days_result.json' -> 'outdirBNSKa32cores/170817in14days_result.json.old'

During handling of the above exception, another exception occurred:

Traceback (most recent call last):
  File "/home/thussenot/.conda/envs/multinest/bin/lightcurve-analysis", line 8, in <module>
    result = bilby.run_sampler(
  File "/home/thussenot/.conda/envs/multinest/lib/python3.10/site-packages/bilby/core/sampler/__init__.py", line 262, in run_sampler
    sys.exit(main())
  File "/home/thussenot/.conda/envs/multinest/lib/python3.10/site-packages/nmma/em/analysis.py", line 1028, in main
    result = bilby.run_sampler(
  File "/home/thussenot/.conda/envs/multinest/lib/python3.10/site-packages/bilby/core/sampler/__init__.py", line 262, in run_sampler
    result.save_to_file(extension=save, gzip=gzip, outdir=outdir)
  File "/home/thussenot/.conda/envs/multinest/lib/python3.10/site-packages/bilby/core/result.py", line 783, in save_to_file
    result.save_to_file(extension=save, gzip=gzip, outdir=outdir)
  File "/home/thussenot/.conda/envs/multinest/lib/python3.10/site-packages/bilby/core/result.py", line 783, in save_to_file
    analysis(args)
  File "/home/thussenot/.conda/envs/multinest/lib/python3.10/site-packages/nmma/em/analysis.py", line 712, in analysis
    move_old_file(filename, overwrite)
  File "/home/thussenot/.conda/envs/multinest/lib/python3.10/site-packages/bilby/core/utils/io.py", line 411, in move_old_file
    move_old_file(filename, overwrite)
  File "/home/thussenot/.conda/envs/multinest/lib/python3.10/site-packages/bilby/core/utils/io.py", line 411, in move_old_file
    result = bilby.run_sampler(
  File "/home/thussenot/.conda/envs/multinest/lib/python3.10/site-packages/bilby/core/sampler/__init__.py", line 262, in run_sampler
    shutil.move(filename, filename + ".old")
  File "/home/thussenot/.conda/envs/multinest/lib/python3.10/shutil.py", line 836, in move
    shutil.move(filename, filename + ".old")
  File "/home/thussenot/.conda/envs/multinest/lib/python3.10/shutil.py", line 836, in move
    result.save_to_file(extension=save, gzip=gzip, outdir=outdir)
  File "/home/thussenot/.conda/envs/multinest/lib/python3.10/site-packages/bilby/core/result.py", line 783, in save_to_file
    copy_function(src, real_dst)
  File "/home/thussenot/.conda/envs/multinest/lib/python3.10/shutil.py", line 435, in copy2
    copy_function(src, real_dst)
  File "/home/thussenot/.conda/envs/multinest/lib/python3.10/shutil.py", line 435, in copy2
    move_old_file(filename, overwrite)
  File "/home/thussenot/.conda/envs/multinest/lib/python3.10/site-packages/bilby/core/utils/io.py", line 411, in move_old_file
    copystat(src, dst, follow_symlinks=follow_symlinks)
  File "/home/thussenot/.conda/envs/multinest/lib/python3.10/shutil.py", line 372, in copystat
    copystat(src, dst, follow_symlinks=follow_symlinks)
  File "/home/thussenot/.conda/envs/multinest/lib/python3.10/shutil.py", line 372, in copystat
    shutil.move(filename, filename + ".old")
  File "/home/thussenot/.conda/envs/multinest/lib/python3.10/shutil.py", line 836, in move
    st = lookup("stat")(src, follow_symlinks=follow)
FileNotFoundError: [Errno 2] No such file or directory: 'outdirBNSKa32cores/170817in14days_result.json'
    st = lookup("stat")(src, follow_symlinks=follow)
FileNotFoundError: [Errno 2] No such file or directory: 'outdirBNSKa32cores/170817in14days_result.json'
    copy_function(src, real_dst)
  File "/home/thussenot/.conda/envs/multinest/lib/python3.10/shutil.py", line 435, in copy2
    copystat(src, dst, follow_symlinks=follow_symlinks)
  File "/home/thussenot/.conda/envs/multinest/lib/python3.10/shutil.py", line 372, in copystat
    st = lookup("stat")(src, follow_symlinks=follow)
FileNotFoundError: [Errno 2] No such file or directory: 'outdirBNSKa32cores/170817in14days_result.json'
Traceback (most recent call last):
  File "/home/thussenot/.conda/envs/multinest/bin/lightcurve-analysis", line 8, in <module>
Traceback (most recent call last):
  File "/home/thussenot/.conda/envs/multinest/bin/lightcurve-analysis", line 8, in <module>
    sys.exit(main())
  File "/home/thussenot/.conda/envs/multinest/lib/python3.10/site-packages/nmma/em/analysis.py", line 1028, in main
    sys.exit(main())
  File "/home/thussenot/.conda/envs/multinest/lib/python3.10/site-packages/nmma/em/analysis.py", line 1028, in main
    analysis(args)
  File "/home/thussenot/.conda/envs/multinest/lib/python3.10/site-packages/nmma/em/analysis.py", line 712, in analysis
    analysis(args)
  File "/home/thussenot/.conda/envs/multinest/lib/python3.10/site-packages/nmma/em/analysis.py", line 712, in analysis
    result = bilby.run_sampler(
  File "/home/thussenot/.conda/envs/multinest/lib/python3.10/site-packages/bilby/core/sampler/__init__.py", line 278, in run_sampler
    result = bilby.run_sampler(
  File "/home/thussenot/.conda/envs/multinest/lib/python3.10/site-packages/bilby/core/sampler/__init__.py", line 278, in run_sampler
    result.save_to_file(overwrite=True, extension=save, gzip=gzip, outdir=outdir)
  File "/home/thussenot/.conda/envs/multinest/lib/python3.10/site-packages/bilby/core/result.py", line 783, in save_to_file
    result.save_to_file(overwrite=True, extension=save, gzip=gzip, outdir=outdir)
  File "/home/thussenot/.conda/envs/multinest/lib/python3.10/site-packages/bilby/core/result.py", line 783, in save_to_file
    move_old_file(filename, overwrite)
  File "/home/thussenot/.conda/envs/multinest/lib/python3.10/site-packages/bilby/core/utils/io.py", line 406, in move_old_file
    move_old_file(filename, overwrite)
  File "/home/thussenot/.conda/envs/multinest/lib/python3.10/site-packages/bilby/core/utils/io.py", line 406, in move_old_file
    os.remove(filename)
FileNotFoundError: [Errno 2] No such file or directory: 'outdirBNSKa32cores/170817in14days_result.json'
    os.remove(filename)
FileNotFoundError: [Errno 2] No such file or directory: 'outdirBNSKa32cores/170817in14days_result.json'
06:19 bilby INFO    : Summary of results:
nsamples: 1720
ln_noise_evidence:  0.000
ln_evidence: -176.475 +/-  0.080
ln_bayes_factor: -176.475 +/-  0.080

06:19 bilby INFO    : Summary of results:
nsamples: 1720
ln_noise_evidence:  0.000
ln_evidence: -176.475 +/-  0.080
ln_bayes_factor: -176.475 +/-  0.080

06:19 bilby INFO    : Summary of results:
nsamples: 1720
ln_noise_evidence:  0.000
ln_evidence: -176.475 +/-  0.080
ln_bayes_factor: -176.475 +/-  0.080

--------------------------------------------------------------------------
Primary job  terminated normally, but 1 process returned
a non-zero exit code. Per user-direction, the job has been aborted.
--------------------------------------------------------------------------
--------------------------------------------------------------------------
mpiexec detected that one or more processes exited with non-zero status, thus causing
the job to be terminated. The first process to do so was:

  Process name: [[31408,1],21]
  Exit code:    1
--------------------------------------------------------------------------
