06:15 bilby INFO    : Running for label '170817in14days', output will be saved to 'outdirBNSKa32cores'
06:15 bilby INFO    : Running for label '170817in14days', output will be saved to 'outdirBNSKa32cores'
06:15 bilby INFO    : Running for label '170817in14days', output will be saved to 'outdirBNSKa32cores'
06:15 bilby INFO    : Running for label '170817in14days', output will be saved to 'outdirBNSKa32cores'
06:15 bilby INFO    : Running for label '170817in14days', output will be saved to 'outdirBNSKa32cores'
06:15 bilby INFO    : Running for label '170817in14days', output will be saved to 'outdirBNSKa32cores'
06:15 bilby INFO    : Running for label '170817in14days', output will be saved to 'outdirBNSKa32cores'
06:15 bilby INFO    : Running for label '170817in14days', output will be saved to 'outdirBNSKa32cores'
06:15 bilby INFO    : Running for label '170817in14days', output will be saved to 'outdirBNSKa32cores'
06:15 bilby INFO    : Running for label '170817in14days', output will be saved to 'outdirBNSKa32cores'
06:15 bilby INFO    : Running for label '170817in14days', output will be saved to 'outdirBNSKa32cores'
06:15 bilby INFO    : Running for label '170817in14days', output will be saved to 'outdirBNSKa32cores'
06:15 bilby INFO    : Running for label '170817in14days', output will be saved to 'outdirBNSKa32cores'
06:15 bilby INFO    : Running for label '170817in14days', output will be saved to 'outdirBNSKa32cores'
06:15 bilby INFO    : Running for label '170817in14days', output will be saved to 'outdirBNSKa32cores'
06:15 bilby INFO    : Running for label '170817in14days', output will be saved to 'outdirBNSKa32cores'
06:15 bilby INFO    : Running for label '170817in14days', output will be saved to 'outdirBNSKa32cores'
06:15 bilby INFO    : Running for label '170817in14days', output will be saved to 'outdirBNSKa32cores'
06:15 bilby INFO    : Running for label '170817in14days', output will be saved to 'outdirBNSKa32cores'
06:15 bilby INFO    : Running for label '170817in14days', output will be saved to 'outdirBNSKa32cores'
06:15 bilby INFO    : Running for label '170817in14days', output will be saved to 'outdirBNSKa32cores'
06:15 bilby INFO    : Running for label '170817in14days', output will be saved to 'outdirBNSKa32cores'
06:15 bilby INFO    : Running for label '170817in14days', output will be saved to 'outdirBNSKa32cores'
06:15 bilby INFO    : Running for label '170817in14days', output will be saved to 'outdirBNSKa32cores'
06:15 bilby INFO    : Running for label '170817in14days', output will be saved to 'outdirBNSKa32cores'
06:15 bilby INFO    : Running for label '170817in14days', output will be saved to 'outdirBNSKa32cores'
06:15 bilby INFO    : Running for label '170817in14days', output will be saved to 'outdirBNSKa32cores'
06:15 bilby INFO    : Running for label '170817in14days', output will be saved to 'outdirBNSKa32cores'
06:15 bilby INFO    : Running for label '170817in14days', output will be saved to 'outdirBNSKa32cores'
06:15 bilby INFO    : Running for label '170817in14days', output will be saved to 'outdirBNSKa32cores'
06:15 bilby INFO    : Running for label '170817in14days', output will be saved to 'outdirBNSKa32cores'
06:15 bilby INFO    : Running for label '170817in14days', output will be saved to 'outdirBNSKa32cores'
06:16 bilby INFO    : Analysis priors:
06:16 bilby INFO    : Analysis priors:
06:16 bilby INFO    : Analysis priors:
06:16 bilby INFO    : Analysis priors:
06:16 bilby INFO    : Analysis priors:
06:16 bilby INFO    : Analysis priors:
06:16 bilby INFO    : Analysis priors:
06:16 bilby INFO    : Analysis priors:
06:16 bilby INFO    : Analysis priors:
06:16 bilby INFO    : Analysis priors:
06:16 bilby INFO    : Analysis priors:
06:16 bilby INFO    : Analysis priors:
06:16 bilby INFO    : Analysis priors:
06:16 bilby INFO    : Analysis priors:
06:16 bilby INFO    : Analysis priors:
06:16 bilby INFO    : Analysis priors:
06:16 bilby INFO    : Analysis priors:
06:16 bilby INFO    : Analysis priors:
06:16 bilby INFO    : Analysis priors:
06:16 bilby INFO    : Analysis priors:
06:16 bilby INFO    : Analysis priors:
06:16 bilby INFO    : Analysis priors:
06:16 bilby INFO    : Analysis priors:
06:16 bilby INFO    : Analysis priors:
06:16 bilby INFO    : Analysis priors:
06:16 bilby INFO    : Analysis priors:
06:16 bilby INFO    : Analysis priors:
06:16 bilby INFO    : Analysis priors:
06:16 bilby INFO    : timeshift=Uniform(minimum=-0.1, maximum=0.1, name='timeshift', latex_label='timeshift', unit=None, boundary=None)
06:16 bilby INFO    : Analysis priors:
06:16 bilby INFO    : timeshift=Uniform(minimum=-0.1, maximum=0.1, name='timeshift', latex_label='timeshift', unit=None, boundary=None)
06:16 bilby INFO    : timeshift=Uniform(minimum=-0.1, maximum=0.1, name='timeshift', latex_label='timeshift', unit=None, boundary=None)
06:16 bilby INFO    : timeshift=Uniform(minimum=-0.1, maximum=0.1, name='timeshift', latex_label='timeshift', unit=None, boundary=None)
06:16 bilby INFO    : Analysis priors:
06:16 bilby INFO    : Analysis priors:
06:16 bilby INFO    : timeshift=Uniform(minimum=-0.1, maximum=0.1, name='timeshift', latex_label='timeshift', unit=None, boundary=None)
06:16 bilby INFO    : Analysis priors:
06:16 bilby INFO    : timeshift=Uniform(minimum=-0.1, maximum=0.1, name='timeshift', latex_label='timeshift', unit=None, boundary=None)
06:16 bilby INFO    : timeshift=Uniform(minimum=-0.1, maximum=0.1, name='timeshift', latex_label='timeshift', unit=None, boundary=None)
06:16 bilby INFO    : timeshift=Uniform(minimum=-0.1, maximum=0.1, name='timeshift', latex_label='timeshift', unit=None, boundary=None)
06:16 bilby INFO    : timeshift=Uniform(minimum=-0.1, maximum=0.1, name='timeshift', latex_label='timeshift', unit=None, boundary=None)
06:16 bilby INFO    : timeshift=Uniform(minimum=-0.1, maximum=0.1, name='timeshift', latex_label='timeshift', unit=None, boundary=None)
06:16 bilby INFO    : timeshift=Uniform(minimum=-0.1, maximum=0.1, name='timeshift', latex_label='timeshift', unit=None, boundary=None)
06:16 bilby INFO    : timeshift=Uniform(minimum=-0.1, maximum=0.1, name='timeshift', latex_label='timeshift', unit=None, boundary=None)
06:16 bilby INFO    : timeshift=Uniform(minimum=-0.1, maximum=0.1, name='timeshift', latex_label='timeshift', unit=None, boundary=None)
06:16 bilby INFO    : log10_mej=Uniform(minimum=-5, maximum=-0.5, name='log10_mej', latex_label='$\\log_{10}M^{\\rm{dyn}}_{\\rm{ej}}$', unit=None, boundary=None)
06:16 bilby INFO    : log10_mej=Uniform(minimum=-5, maximum=-0.5, name='log10_mej', latex_label='$\\log_{10}M^{\\rm{dyn}}_{\\rm{ej}}$', unit=None, boundary=None)
06:16 bilby INFO    : timeshift=Uniform(minimum=-0.1, maximum=0.1, name='timeshift', latex_label='timeshift', unit=None, boundary=None)
06:16 bilby INFO    : log10_mej=Uniform(minimum=-5, maximum=-0.5, name='log10_mej', latex_label='$\\log_{10}M^{\\rm{dyn}}_{\\rm{ej}}$', unit=None, boundary=None)
06:16 bilby INFO    : log10_mej=Uniform(minimum=-5, maximum=-0.5, name='log10_mej', latex_label='$\\log_{10}M^{\\rm{dyn}}_{\\rm{ej}}$', unit=None, boundary=None)
06:16 bilby INFO    : log10_mej=Uniform(minimum=-5, maximum=-0.5, name='log10_mej', latex_label='$\\log_{10}M^{\\rm{dyn}}_{\\rm{ej}}$', unit=None, boundary=None)
06:16 bilby INFO    : timeshift=Uniform(minimum=-0.1, maximum=0.1, name='timeshift', latex_label='timeshift', unit=None, boundary=None)
06:16 bilby INFO    : timeshift=Uniform(minimum=-0.1, maximum=0.1, name='timeshift', latex_label='timeshift', unit=None, boundary=None)
06:16 bilby INFO    : log10_mej=Uniform(minimum=-5, maximum=-0.5, name='log10_mej', latex_label='$\\log_{10}M^{\\rm{dyn}}_{\\rm{ej}}$', unit=None, boundary=None)
06:16 bilby INFO    : log10_mej=Uniform(minimum=-5, maximum=-0.5, name='log10_mej', latex_label='$\\log_{10}M^{\\rm{dyn}}_{\\rm{ej}}$', unit=None, boundary=None)
06:16 bilby INFO    : log10_mej=Uniform(minimum=-5, maximum=-0.5, name='log10_mej', latex_label='$\\log_{10}M^{\\rm{dyn}}_{\\rm{ej}}$', unit=None, boundary=None)
06:16 bilby INFO    : timeshift=Uniform(minimum=-0.1, maximum=0.1, name='timeshift', latex_label='timeshift', unit=None, boundary=None)
06:16 bilby INFO    : timeshift=Uniform(minimum=-0.1, maximum=0.1, name='timeshift', latex_label='timeshift', unit=None, boundary=None)
06:16 bilby INFO    : log10_mej=Uniform(minimum=-5, maximum=-0.5, name='log10_mej', latex_label='$\\log_{10}M^{\\rm{dyn}}_{\\rm{ej}}$', unit=None, boundary=None)
06:16 bilby INFO    : timeshift=Uniform(minimum=-0.1, maximum=0.1, name='timeshift', latex_label='timeshift', unit=None, boundary=None)
06:16 bilby INFO    : log10_mej=Uniform(minimum=-5, maximum=-0.5, name='log10_mej', latex_label='$\\log_{10}M^{\\rm{dyn}}_{\\rm{ej}}$', unit=None, boundary=None)
06:16 bilby INFO    : timeshift=Uniform(minimum=-0.1, maximum=0.1, name='timeshift', latex_label='timeshift', unit=None, boundary=None)
06:16 bilby INFO    : timeshift=Uniform(minimum=-0.1, maximum=0.1, name='timeshift', latex_label='timeshift', unit=None, boundary=None)
06:16 bilby INFO    : timeshift=Uniform(minimum=-0.1, maximum=0.1, name='timeshift', latex_label='timeshift', unit=None, boundary=None)
06:16 bilby INFO    : timeshift=Uniform(minimum=-0.1, maximum=0.1, name='timeshift', latex_label='timeshift', unit=None, boundary=None)
06:16 bilby INFO    : timeshift=Uniform(minimum=-0.1, maximum=0.1, name='timeshift', latex_label='timeshift', unit=None, boundary=None)
06:16 bilby INFO    : log10_mej=Uniform(minimum=-5, maximum=-0.5, name='log10_mej', latex_label='$\\log_{10}M^{\\rm{dyn}}_{\\rm{ej}}$', unit=None, boundary=None)
06:16 bilby INFO    : log10_mej=Uniform(minimum=-5, maximum=-0.5, name='log10_mej', latex_label='$\\log_{10}M^{\\rm{dyn}}_{\\rm{ej}}$', unit=None, boundary=None)
06:16 bilby INFO    : timeshift=Uniform(minimum=-0.1, maximum=0.1, name='timeshift', latex_label='timeshift', unit=None, boundary=None)
06:16 bilby INFO    : timeshift=Uniform(minimum=-0.1, maximum=0.1, name='timeshift', latex_label='timeshift', unit=None, boundary=None)
06:16 bilby INFO    : timeshift=Uniform(minimum=-0.1, maximum=0.1, name='timeshift', latex_label='timeshift', unit=None, boundary=None)
06:16 bilby INFO    : log10_mej=Uniform(minimum=-5, maximum=-0.5, name='log10_mej', latex_label='$\\log_{10}M^{\\rm{dyn}}_{\\rm{ej}}$', unit=None, boundary=None)
06:16 bilby INFO    : log10_vej=Uniform(minimum=-1.8, maximum=-0.01, name='log10_vej', latex_label='$\\log_{10}v$', unit=None, boundary=None)
06:16 bilby INFO    : timeshift=Uniform(minimum=-0.1, maximum=0.1, name='timeshift', latex_label='timeshift', unit=None, boundary=None)
06:16 bilby INFO    : timeshift=Uniform(minimum=-0.1, maximum=0.1, name='timeshift', latex_label='timeshift', unit=None, boundary=None)
06:16 bilby INFO    : timeshift=Uniform(minimum=-0.1, maximum=0.1, name='timeshift', latex_label='timeshift', unit=None, boundary=None)
06:16 bilby INFO    : log10_vej=Uniform(minimum=-1.8, maximum=-0.01, name='log10_vej', latex_label='$\\log_{10}v$', unit=None, boundary=None)
06:16 bilby INFO    : log10_vej=Uniform(minimum=-1.8, maximum=-0.01, name='log10_vej', latex_label='$\\log_{10}v$', unit=None, boundary=None)
06:16 bilby INFO    : log10_mej=Uniform(minimum=-5, maximum=-0.5, name='log10_mej', latex_label='$\\log_{10}M^{\\rm{dyn}}_{\\rm{ej}}$', unit=None, boundary=None)
06:16 bilby INFO    : log10_vej=Uniform(minimum=-1.8, maximum=-0.01, name='log10_vej', latex_label='$\\log_{10}v$', unit=None, boundary=None)
06:16 bilby INFO    : log10_vej=Uniform(minimum=-1.8, maximum=-0.01, name='log10_vej', latex_label='$\\log_{10}v$', unit=None, boundary=None)
06:16 bilby INFO    : log10_vej=Uniform(minimum=-1.8, maximum=-0.01, name='log10_vej', latex_label='$\\log_{10}v$', unit=None, boundary=None)
06:16 bilby INFO    : log10_mej=Uniform(minimum=-5, maximum=-0.5, name='log10_mej', latex_label='$\\log_{10}M^{\\rm{dyn}}_{\\rm{ej}}$', unit=None, boundary=None)
06:16 bilby INFO    : log10_mej=Uniform(minimum=-5, maximum=-0.5, name='log10_mej', latex_label='$\\log_{10}M^{\\rm{dyn}}_{\\rm{ej}}$', unit=None, boundary=None)
06:16 bilby INFO    : log10_vej=Uniform(minimum=-1.8, maximum=-0.01, name='log10_vej', latex_label='$\\log_{10}v$', unit=None, boundary=None)
06:16 bilby INFO    : log10_vej=Uniform(minimum=-1.8, maximum=-0.01, name='log10_vej', latex_label='$\\log_{10}v$', unit=None, boundary=None)
06:16 bilby INFO    : log10_mej=Uniform(minimum=-5, maximum=-0.5, name='log10_mej', latex_label='$\\log_{10}M^{\\rm{dyn}}_{\\rm{ej}}$', unit=None, boundary=None)
06:16 bilby INFO    : log10_mej=Uniform(minimum=-5, maximum=-0.5, name='log10_mej', latex_label='$\\log_{10}M^{\\rm{dyn}}_{\\rm{ej}}$', unit=None, boundary=None)
06:16 bilby INFO    : timeshift=Uniform(minimum=-0.1, maximum=0.1, name='timeshift', latex_label='timeshift', unit=None, boundary=None)
06:16 bilby INFO    : log10_vej=Uniform(minimum=-1.8, maximum=-0.01, name='log10_vej', latex_label='$\\log_{10}v$', unit=None, boundary=None)
06:16 bilby INFO    : log10_vej=Uniform(minimum=-1.8, maximum=-0.01, name='log10_vej', latex_label='$\\log_{10}v$', unit=None, boundary=None)
06:16 bilby INFO    : log10_mej=Uniform(minimum=-5, maximum=-0.5, name='log10_mej', latex_label='$\\log_{10}M^{\\rm{dyn}}_{\\rm{ej}}$', unit=None, boundary=None)
06:16 bilby INFO    : log10_mej=Uniform(minimum=-5, maximum=-0.5, name='log10_mej', latex_label='$\\log_{10}M^{\\rm{dyn}}_{\\rm{ej}}$', unit=None, boundary=None)
06:16 bilby INFO    : log10_mej=Uniform(minimum=-5, maximum=-0.5, name='log10_mej', latex_label='$\\log_{10}M^{\\rm{dyn}}_{\\rm{ej}}$', unit=None, boundary=None)
06:16 bilby INFO    : log10_mej=Uniform(minimum=-5, maximum=-0.5, name='log10_mej', latex_label='$\\log_{10}M^{\\rm{dyn}}_{\\rm{ej}}$', unit=None, boundary=None)
06:16 bilby INFO    : log10_vej=Uniform(minimum=-1.8, maximum=-0.01, name='log10_vej', latex_label='$\\log_{10}v$', unit=None, boundary=None)
06:16 bilby INFO    : log10_mej=Uniform(minimum=-5, maximum=-0.5, name='log10_mej', latex_label='$\\log_{10}M^{\\rm{dyn}}_{\\rm{ej}}$', unit=None, boundary=None)
06:16 bilby INFO    : log10_vej=Uniform(minimum=-1.8, maximum=-0.01, name='log10_vej', latex_label='$\\log_{10}v$', unit=None, boundary=None)
06:16 bilby INFO    : log10_vej=Uniform(minimum=-1.8, maximum=-0.01, name='log10_vej', latex_label='$\\log_{10}v$', unit=None, boundary=None)
06:16 bilby INFO    : log10_mej=Uniform(minimum=-5, maximum=-0.5, name='log10_mej', latex_label='$\\log_{10}M^{\\rm{dyn}}_{\\rm{ej}}$', unit=None, boundary=None)
06:16 bilby INFO    : log10_mej=Uniform(minimum=-5, maximum=-0.5, name='log10_mej', latex_label='$\\log_{10}M^{\\rm{dyn}}_{\\rm{ej}}$', unit=None, boundary=None)
06:16 bilby INFO    : log10_Xlan=Uniform(minimum=-9, maximum=-1, name='log10_Xlan', latex_label='log10_Xlan', unit=None, boundary='reflective')
06:16 bilby INFO    : log10_mej=Uniform(minimum=-5, maximum=-0.5, name='log10_mej', latex_label='$\\log_{10}M^{\\rm{dyn}}_{\\rm{ej}}$', unit=None, boundary=None)
06:16 bilby INFO    : log10_mej=Uniform(minimum=-5, maximum=-0.5, name='log10_mej', latex_label='$\\log_{10}M^{\\rm{dyn}}_{\\rm{ej}}$', unit=None, boundary=None)
06:16 bilby INFO    : log10_Xlan=Uniform(minimum=-9, maximum=-1, name='log10_Xlan', latex_label='log10_Xlan', unit=None, boundary='reflective')
06:16 bilby INFO    : log10_Xlan=Uniform(minimum=-9, maximum=-1, name='log10_Xlan', latex_label='log10_Xlan', unit=None, boundary='reflective')
06:16 bilby INFO    : log10_Xlan=Uniform(minimum=-9, maximum=-1, name='log10_Xlan', latex_label='log10_Xlan', unit=None, boundary='reflective')
06:16 bilby INFO    : log10_vej=Uniform(minimum=-1.8, maximum=-0.01, name='log10_vej', latex_label='$\\log_{10}v$', unit=None, boundary=None)
06:16 bilby INFO    : log10_mej=Uniform(minimum=-5, maximum=-0.5, name='log10_mej', latex_label='$\\log_{10}M^{\\rm{dyn}}_{\\rm{ej}}$', unit=None, boundary=None)
06:16 bilby INFO    : log10_Xlan=Uniform(minimum=-9, maximum=-1, name='log10_Xlan', latex_label='log10_Xlan', unit=None, boundary='reflective')
06:16 bilby INFO    : log10_mej=Uniform(minimum=-5, maximum=-0.5, name='log10_mej', latex_label='$\\log_{10}M^{\\rm{dyn}}_{\\rm{ej}}$', unit=None, boundary=None)
06:16 bilby INFO    : log10_vej=Uniform(minimum=-1.8, maximum=-0.01, name='log10_vej', latex_label='$\\log_{10}v$', unit=None, boundary=None)
06:16 bilby INFO    : log10_Xlan=Uniform(minimum=-9, maximum=-1, name='log10_Xlan', latex_label='log10_Xlan', unit=None, boundary='reflective')
06:16 bilby INFO    : log10_vej=Uniform(minimum=-1.8, maximum=-0.01, name='log10_vej', latex_label='$\\log_{10}v$', unit=None, boundary=None)
06:16 bilby INFO    : log10_mej=Uniform(minimum=-5, maximum=-0.5, name='log10_mej', latex_label='$\\log_{10}M^{\\rm{dyn}}_{\\rm{ej}}$', unit=None, boundary=None)
06:16 bilby INFO    : log10_vej=Uniform(minimum=-1.8, maximum=-0.01, name='log10_vej', latex_label='$\\log_{10}v$', unit=None, boundary=None)
06:16 bilby INFO    : log10_Xlan=Uniform(minimum=-9, maximum=-1, name='log10_Xlan', latex_label='log10_Xlan', unit=None, boundary='reflective')
06:16 bilby INFO    : log10_Xlan=Uniform(minimum=-9, maximum=-1, name='log10_Xlan', latex_label='log10_Xlan', unit=None, boundary='reflective')
06:16 bilby INFO    : log10_Xlan=Uniform(minimum=-9, maximum=-1, name='log10_Xlan', latex_label='log10_Xlan', unit=None, boundary='reflective')
06:16 bilby INFO    : log10_vej=Uniform(minimum=-1.8, maximum=-0.01, name='log10_vej', latex_label='$\\log_{10}v$', unit=None, boundary=None)
06:16 bilby INFO    : log10_mej=Uniform(minimum=-5, maximum=-0.5, name='log10_mej', latex_label='$\\log_{10}M^{\\rm{dyn}}_{\\rm{ej}}$', unit=None, boundary=None)
06:16 bilby INFO    : log10_vej=Uniform(minimum=-1.8, maximum=-0.01, name='log10_vej', latex_label='$\\log_{10}v$', unit=None, boundary=None)
06:16 bilby INFO    : log10_Xlan=Uniform(minimum=-9, maximum=-1, name='log10_Xlan', latex_label='log10_Xlan', unit=None, boundary='reflective')
06:16 bilby INFO    : log10_vej=Uniform(minimum=-1.8, maximum=-0.01, name='log10_vej', latex_label='$\\log_{10}v$', unit=None, boundary=None)
06:16 bilby INFO    : log10_vej=Uniform(minimum=-1.8, maximum=-0.01, name='log10_vej', latex_label='$\\log_{10}v$', unit=None, boundary=None)
06:16 bilby INFO    : log10_Xlan=Uniform(minimum=-9, maximum=-1, name='log10_Xlan', latex_label='log10_Xlan', unit=None, boundary='reflective')
06:16 bilby INFO    : log10_vej=Uniform(minimum=-1.8, maximum=-0.01, name='log10_vej', latex_label='$\\log_{10}v$', unit=None, boundary=None)
06:16 bilby INFO    : log10_vej=Uniform(minimum=-1.8, maximum=-0.01, name='log10_vej', latex_label='$\\log_{10}v$', unit=None, boundary=None)
06:16 bilby INFO    : log10_vej=Uniform(minimum=-1.8, maximum=-0.01, name='log10_vej', latex_label='$\\log_{10}v$', unit=None, boundary=None)
06:16 bilby INFO    : log10_Xlan=Uniform(minimum=-9, maximum=-1, name='log10_Xlan', latex_label='log10_Xlan', unit=None, boundary='reflective')
06:16 bilby INFO    : log10_Xlan=Uniform(minimum=-9, maximum=-1, name='log10_Xlan', latex_label='log10_Xlan', unit=None, boundary='reflective')
06:16 bilby INFO    : log10_vej=Uniform(minimum=-1.8, maximum=-0.01, name='log10_vej', latex_label='$\\log_{10}v$', unit=None, boundary=None)
06:16 bilby INFO    : log10_vej=Uniform(minimum=-1.8, maximum=-0.01, name='log10_vej', latex_label='$\\log_{10}v$', unit=None, boundary=None)
06:16 bilby INFO    : log10_vej=Uniform(minimum=-1.8, maximum=-0.01, name='log10_vej', latex_label='$\\log_{10}v$', unit=None, boundary=None)
06:16 bilby INFO    : luminosity_distance=LogUniform(minimum=1, maximum=500, name='luminosity_distance', latex_label='$D_L$', unit=None, boundary=None)
06:16 bilby INFO    : log10_Xlan=Uniform(minimum=-9, maximum=-1, name='log10_Xlan', latex_label='log10_Xlan', unit=None, boundary='reflective')
06:16 bilby INFO    : log10_vej=Uniform(minimum=-1.8, maximum=-0.01, name='log10_vej', latex_label='$\\log_{10}v$', unit=None, boundary=None)
06:16 bilby INFO    : luminosity_distance=LogUniform(minimum=1, maximum=500, name='luminosity_distance', latex_label='$D_L$', unit=None, boundary=None)
06:16 bilby INFO    : log10_Xlan=Uniform(minimum=-9, maximum=-1, name='log10_Xlan', latex_label='log10_Xlan', unit=None, boundary='reflective')
06:16 bilby INFO    : log10_vej=Uniform(minimum=-1.8, maximum=-0.01, name='log10_vej', latex_label='$\\log_{10}v$', unit=None, boundary=None)
06:16 bilby INFO    : luminosity_distance=LogUniform(minimum=1, maximum=500, name='luminosity_distance', latex_label='$D_L$', unit=None, boundary=None)
06:16 bilby INFO    : log10_Xlan=Uniform(minimum=-9, maximum=-1, name='log10_Xlan', latex_label='log10_Xlan', unit=None, boundary='reflective')
06:16 bilby INFO    : luminosity_distance=LogUniform(minimum=1, maximum=500, name='luminosity_distance', latex_label='$D_L$', unit=None, boundary=None)
06:16 bilby INFO    : luminosity_distance=LogUniform(minimum=1, maximum=500, name='luminosity_distance', latex_label='$D_L$', unit=None, boundary=None)
06:16 bilby INFO    : log10_Xlan=Uniform(minimum=-9, maximum=-1, name='log10_Xlan', latex_label='log10_Xlan', unit=None, boundary='reflective')
06:16 bilby INFO    : log10_vej=Uniform(minimum=-1.8, maximum=-0.01, name='log10_vej', latex_label='$\\log_{10}v$', unit=None, boundary=None)
06:16 bilby INFO    : log10_vej=Uniform(minimum=-1.8, maximum=-0.01, name='log10_vej', latex_label='$\\log_{10}v$', unit=None, boundary=None)
06:16 bilby INFO    : log10_Xlan=Uniform(minimum=-9, maximum=-1, name='log10_Xlan', latex_label='log10_Xlan', unit=None, boundary='reflective')
06:16 bilby INFO    : luminosity_distance=LogUniform(minimum=1, maximum=500, name='luminosity_distance', latex_label='$D_L$', unit=None, boundary=None)
06:16 bilby INFO    : luminosity_distance=LogUniform(minimum=1, maximum=500, name='luminosity_distance', latex_label='$D_L$', unit=None, boundary=None)
06:16 bilby INFO    : log10_Xlan=Uniform(minimum=-9, maximum=-1, name='log10_Xlan', latex_label='log10_Xlan', unit=None, boundary='reflective')
06:16 bilby INFO    : em_syserr=1.0
06:16 bilby INFO    : em_syserr=1.0
06:16 bilby INFO    : luminosity_distance=LogUniform(minimum=1, maximum=500, name='luminosity_distance', latex_label='$D_L$', unit=None, boundary=None)
06:16 bilby INFO    : log10_Xlan=Uniform(minimum=-9, maximum=-1, name='log10_Xlan', latex_label='log10_Xlan', unit=None, boundary='reflective')
06:16 bilby INFO    : em_syserr=1.0
06:16 bilby INFO    : log10_Xlan=Uniform(minimum=-9, maximum=-1, name='log10_Xlan', latex_label='log10_Xlan', unit=None, boundary='reflective')
06:16 bilby INFO    : em_syserr=1.0
06:16 bilby INFO    : luminosity_distance=LogUniform(minimum=1, maximum=500, name='luminosity_distance', latex_label='$D_L$', unit=None, boundary=None)
06:16 bilby INFO    : log10_Xlan=Uniform(minimum=-9, maximum=-1, name='log10_Xlan', latex_label='log10_Xlan', unit=None, boundary='reflective')
06:16 bilby INFO    : luminosity_distance=LogUniform(minimum=1, maximum=500, name='luminosity_distance', latex_label='$D_L$', unit=None, boundary=None)
06:16 bilby INFO    : log10_Xlan=Uniform(minimum=-9, maximum=-1, name='log10_Xlan', latex_label='log10_Xlan', unit=None, boundary='reflective')
06:16 bilby INFO    : log10_Xlan=Uniform(minimum=-9, maximum=-1, name='log10_Xlan', latex_label='log10_Xlan', unit=None, boundary='reflective')
06:16 bilby INFO    : log10_Xlan=Uniform(minimum=-9, maximum=-1, name='log10_Xlan', latex_label='log10_Xlan', unit=None, boundary='reflective')
06:16 bilby INFO    : log10_Xlan=Uniform(minimum=-9, maximum=-1, name='log10_Xlan', latex_label='log10_Xlan', unit=None, boundary='reflective')
06:16 bilby INFO    : luminosity_distance=LogUniform(minimum=1, maximum=500, name='luminosity_distance', latex_label='$D_L$', unit=None, boundary=None)
06:16 bilby INFO    : log10_Xlan=Uniform(minimum=-9, maximum=-1, name='log10_Xlan', latex_label='log10_Xlan', unit=None, boundary='reflective')
06:16 bilby INFO    : em_syserr=1.0
06:16 bilby INFO    : luminosity_distance=LogUniform(minimum=1, maximum=500, name='luminosity_distance', latex_label='$D_L$', unit=None, boundary=None)
06:16 bilby INFO    : Ebv=0.0
06:16 bilby INFO    : Ebv=0.0
06:16 bilby INFO    : em_syserr=1.0
06:16 bilby INFO    : em_syserr=1.0
06:16 bilby INFO    : log10_Xlan=Uniform(minimum=-9, maximum=-1, name='log10_Xlan', latex_label='log10_Xlan', unit=None, boundary='reflective')
06:16 bilby INFO    : Ebv=0.0
06:16 bilby INFO    : luminosity_distance=LogUniform(minimum=1, maximum=500, name='luminosity_distance', latex_label='$D_L$', unit=None, boundary=None)
06:16 bilby INFO    : log10_Xlan=Uniform(minimum=-9, maximum=-1, name='log10_Xlan', latex_label='log10_Xlan', unit=None, boundary='reflective')
06:16 bilby INFO    : luminosity_distance=LogUniform(minimum=1, maximum=500, name='luminosity_distance', latex_label='$D_L$', unit=None, boundary=None)
06:16 bilby INFO    : em_syserr=1.0
06:16 bilby INFO    : em_syserr=1.0
06:16 bilby INFO    : Ebv=0.0
06:16 bilby INFO    : em_syserr=1.0
06:16 bilby INFO    : em_syserr=1.0
06:16 bilby INFO    : Ebv=0.0
06:16 bilby INFO    : Analysis likelihood class: <class 'nmma.em.likelihood.OpticalLightCurve'>
06:16 bilby INFO    : em_syserr=1.0
06:16 bilby INFO    : Ebv=0.0
06:16 bilby INFO    : Ebv=0.0
06:16 bilby INFO    : luminosity_distance=LogUniform(minimum=1, maximum=500, name='luminosity_distance', latex_label='$D_L$', unit=None, boundary=None)
06:16 bilby INFO    : Analysis likelihood class: <class 'nmma.em.likelihood.OpticalLightCurve'>
06:16 bilby INFO    : luminosity_distance=LogUniform(minimum=1, maximum=500, name='luminosity_distance', latex_label='$D_L$', unit=None, boundary=None)
06:16 bilby INFO    : log10_Xlan=Uniform(minimum=-9, maximum=-1, name='log10_Xlan', latex_label='log10_Xlan', unit=None, boundary='reflective')
06:16 bilby INFO    : Analysis likelihood class: <class 'nmma.em.likelihood.OpticalLightCurve'>
06:16 bilby INFO    : em_syserr=1.0
06:16 bilby INFO    : log10_Xlan=Uniform(minimum=-9, maximum=-1, name='log10_Xlan', latex_label='log10_Xlan', unit=None, boundary='reflective')
06:16 bilby INFO    : luminosity_distance=LogUniform(minimum=1, maximum=500, name='luminosity_distance', latex_label='$D_L$', unit=None, boundary=None)
06:16 bilby INFO    : luminosity_distance=LogUniform(minimum=1, maximum=500, name='luminosity_distance', latex_label='$D_L$', unit=None, boundary=None)
06:16 bilby INFO    : Analysis likelihood class: <class 'nmma.em.likelihood.OpticalLightCurve'>
06:16 bilby INFO    : Analysis likelihood class: <class 'nmma.em.likelihood.OpticalLightCurve'>
06:16 bilby INFO    : Ebv=0.0
06:16 bilby INFO    : em_syserr=1.0
06:16 bilby INFO    : em_syserr=1.0
06:16 bilby INFO    : Ebv=0.0
06:16 bilby INFO    : em_syserr=1.0
06:16 bilby INFO    : Ebv=0.0
06:16 bilby INFO    : Ebv=0.0
06:16 bilby INFO    : Ebv=0.0
06:16 bilby INFO    : Ebv=0.0
06:16 bilby INFO    : em_syserr=1.0
06:16 bilby INFO    : em_syserr=1.0
06:16 bilby INFO    : Analysis likelihood noise evidence: 0.0
06:16 bilby INFO    : Analysis likelihood noise evidence: 0.0
06:16 bilby INFO    : Analysis likelihood noise evidence: 0.0
06:16 bilby INFO    : Analysis likelihood class: <class 'nmma.em.likelihood.OpticalLightCurve'>
06:16 bilby INFO    : Analysis likelihood class: <class 'nmma.em.likelihood.OpticalLightCurve'>
06:16 bilby INFO    : luminosity_distance=LogUniform(minimum=1, maximum=500, name='luminosity_distance', latex_label='$D_L$', unit=None, boundary=None)
06:16 bilby INFO    : Analysis likelihood class: <class 'nmma.em.likelihood.OpticalLightCurve'>
06:16 bilby INFO    : luminosity_distance=LogUniform(minimum=1, maximum=500, name='luminosity_distance', latex_label='$D_L$', unit=None, boundary=None)
06:16 bilby INFO    : luminosity_distance=LogUniform(minimum=1, maximum=500, name='luminosity_distance', latex_label='$D_L$', unit=None, boundary=None)
06:16 bilby INFO    : Ebv=0.0
06:16 bilby INFO    : Analysis likelihood noise evidence: 0.0
06:16 bilby INFO    : Ebv=0.0
06:16 bilby INFO    : luminosity_distance=LogUniform(minimum=1, maximum=500, name='luminosity_distance', latex_label='$D_L$', unit=None, boundary=None)
06:16 bilby INFO    : Analysis likelihood noise evidence: 0.0
06:16 bilby INFO    : Analysis likelihood class: <class 'nmma.em.likelihood.OpticalLightCurve'>
06:16 bilby INFO    : Analysis likelihood class: <class 'nmma.em.likelihood.OpticalLightCurve'>
06:16 bilby INFO    : luminosity_distance=LogUniform(minimum=1, maximum=500, name='luminosity_distance', latex_label='$D_L$', unit=None, boundary=None)
06:16 bilby INFO    : em_syserr=1.0
06:16 bilby INFO    : luminosity_distance=LogUniform(minimum=1, maximum=500, name='luminosity_distance', latex_label='$D_L$', unit=None, boundary=None)
06:16 bilby INFO    : Ebv=0.0
06:16 bilby INFO    : Analysis likelihood class: <class 'nmma.em.likelihood.OpticalLightCurve'>
06:16 bilby INFO    : Ebv=0.0
06:16 bilby INFO    : luminosity_distance=LogUniform(minimum=1, maximum=500, name='luminosity_distance', latex_label='$D_L$', unit=None, boundary=None)
06:16 bilby INFO    : Analysis likelihood noise evidence: 0.0
06:16 bilby INFO    : Analysis likelihood noise evidence: 0.0
06:16 bilby INFO    : em_syserr=1.0
06:16 bilby INFO    : Analysis likelihood noise evidence: 0.0
06:16 bilby INFO    : em_syserr=1.0
06:16 bilby INFO    : Ebv=0.0
06:16 bilby INFO    : luminosity_distance=LogUniform(minimum=1, maximum=500, name='luminosity_distance', latex_label='$D_L$', unit=None, boundary=None)
06:16 bilby INFO    : em_syserr=1.0
06:16 bilby INFO    : luminosity_distance=LogUniform(minimum=1, maximum=500, name='luminosity_distance', latex_label='$D_L$', unit=None, boundary=None)
06:16 bilby INFO    : em_syserr=1.0
06:16 bilby INFO    : luminosity_distance=LogUniform(minimum=1, maximum=500, name='luminosity_distance', latex_label='$D_L$', unit=None, boundary=None)
06:16 bilby INFO    : em_syserr=1.0
06:16 bilby INFO    : em_syserr=1.0
06:16 bilby INFO    : Ebv=0.0
06:16 bilby INFO    : Analysis likelihood class: <class 'nmma.em.likelihood.OpticalLightCurve'>
06:16 bilby INFO    : Analysis likelihood class: <class 'nmma.em.likelihood.OpticalLightCurve'>
06:16 bilby INFO    : luminosity_distance=LogUniform(minimum=1, maximum=500, name='luminosity_distance', latex_label='$D_L$', unit=None, boundary=None)
06:16 bilby INFO    : em_syserr=1.0
06:16 bilby INFO    : Analysis likelihood class: <class 'nmma.em.likelihood.OpticalLightCurve'>
06:16 bilby INFO    : Analysis likelihood noise evidence: 0.0
06:16 bilby INFO    : Analysis likelihood class: <class 'nmma.em.likelihood.OpticalLightCurve'>
06:16 bilby INFO    : Analysis likelihood noise evidence: 0.0
06:16 bilby INFO    : Analysis likelihood class: <class 'nmma.em.likelihood.OpticalLightCurve'>
06:16 bilby INFO    : Analysis likelihood noise evidence: 0.0
06:16 bilby INFO    : em_syserr=1.0
06:16 bilby INFO    : Ebv=0.0
06:16 bilby INFO    : Analysis likelihood noise evidence: 0.0
06:16 bilby INFO    : Analysis likelihood noise evidence: 0.0
06:16 bilby INFO    : Analysis likelihood class: <class 'nmma.em.likelihood.OpticalLightCurve'>
06:16 bilby INFO    : Analysis likelihood noise evidence: 0.0
06:16 bilby INFO    : Ebv=0.0
06:16 bilby INFO    : em_syserr=1.0
06:16 bilby INFO    : Analysis likelihood noise evidence: 0.0
06:16 bilby INFO    : Analysis likelihood class: <class 'nmma.em.likelihood.OpticalLightCurve'>
06:16 bilby INFO    : em_syserr=1.0
06:16 bilby INFO    : Ebv=0.0
06:16 bilby INFO    : Ebv=0.0
06:16 bilby INFO    : Analysis likelihood noise evidence: 0.0
06:16 bilby INFO    : Analysis likelihood noise evidence: 0.0
06:16 bilby INFO    : Ebv=0.0
06:16 bilby INFO    : luminosity_distance=LogUniform(minimum=1, maximum=500, name='luminosity_distance', latex_label='$D_L$', unit=None, boundary=None)
06:16 bilby INFO    : luminosity_distance=LogUniform(minimum=1, maximum=500, name='luminosity_distance', latex_label='$D_L$', unit=None, boundary=None)
06:16 bilby INFO    : Analysis likelihood class: <class 'nmma.em.likelihood.OpticalLightCurve'>
06:16 bilby INFO    : Ebv=0.0
06:16 bilby INFO    : Analysis likelihood noise evidence: 0.0
06:16 bilby INFO    : Ebv=0.0
06:16 bilby INFO    : Analysis likelihood class: <class 'nmma.em.likelihood.OpticalLightCurve'>
06:16 bilby INFO    : Ebv=0.0
06:16 bilby INFO    : Analysis likelihood class: <class 'nmma.em.likelihood.OpticalLightCurve'>
06:16 bilby INFO    : Ebv=0.0
06:16 bilby INFO    : Ebv=0.0
06:16 bilby INFO    : Analysis likelihood class: <class 'nmma.em.likelihood.OpticalLightCurve'>
06:16 bilby INFO    : Analysis likelihood class: <class 'nmma.em.likelihood.OpticalLightCurve'>
06:16 bilby INFO    : Analysis likelihood class: <class 'nmma.em.likelihood.OpticalLightCurve'>
06:16 bilby INFO    : Analysis likelihood class: <class 'nmma.em.likelihood.OpticalLightCurve'>
06:16 bilby INFO    : em_syserr=1.0
06:16 bilby INFO    : em_syserr=1.0
06:16 bilby INFO    : Analysis likelihood noise evidence: 0.0
06:16 bilby INFO    : Analysis likelihood class: <class 'nmma.em.likelihood.OpticalLightCurve'>
06:16 bilby INFO    : Analysis likelihood class: <class 'nmma.em.likelihood.OpticalLightCurve'>
06:16 bilby INFO    : Analysis likelihood noise evidence: 0.0
06:16 bilby INFO    : Analysis likelihood class: <class 'nmma.em.likelihood.OpticalLightCurve'>
06:16 bilby INFO    : Analysis likelihood class: <class 'nmma.em.likelihood.OpticalLightCurve'>
06:16 bilby INFO    : Analysis likelihood noise evidence: 0.0
06:16 bilby INFO    : Analysis likelihood noise evidence: 0.0
06:16 bilby INFO    : Analysis likelihood noise evidence: 0.0
06:16 bilby INFO    : Ebv=0.0
06:16 bilby INFO    : Ebv=0.0
06:16 bilby INFO    : Analysis likelihood noise evidence: 0.0
06:16 bilby INFO    : Analysis likelihood noise evidence: 0.0
06:16 bilby INFO    : Analysis likelihood noise evidence: 0.0
06:16 bilby INFO    : Analysis likelihood noise evidence: 0.0
06:16 bilby INFO    : Analysis likelihood class: <class 'nmma.em.likelihood.OpticalLightCurve'>
06:16 bilby INFO    : Analysis likelihood noise evidence: 0.0
06:16 bilby INFO    : Analysis likelihood noise evidence: 0.0
06:16 bilby INFO    : Analysis likelihood class: <class 'nmma.em.likelihood.OpticalLightCurve'>
06:16 bilby INFO    : Analysis likelihood noise evidence: 0.0
06:16 bilby INFO    : Analysis likelihood noise evidence: 0.0
06:16 bilby INFO    : timeshift=Uniform(minimum=-0.1, maximum=0.1, name='timeshift', latex_label='timeshift', unit=None, boundary=None)
06:16 bilby INFO    : log10_mej=Uniform(minimum=-5, maximum=-0.5, name='log10_mej', latex_label='$\\log_{10}M^{\\rm{dyn}}_{\\rm{ej}}$', unit=None, boundary=None)
06:16 bilby INFO    : log10_vej=Uniform(minimum=-1.8, maximum=-0.01, name='log10_vej', latex_label='$\\log_{10}v$', unit=None, boundary=None)
06:16 bilby INFO    : log10_Xlan=Uniform(minimum=-9, maximum=-1, name='log10_Xlan', latex_label='log10_Xlan', unit=None, boundary='reflective')
06:16 bilby INFO    : luminosity_distance=LogUniform(minimum=1, maximum=500, name='luminosity_distance', latex_label='$D_L$', unit=None, boundary=None)
06:16 bilby INFO    : em_syserr=1.0
06:16 bilby INFO    : Ebv=0.0
06:16 bilby INFO    : Analysis likelihood class: <class 'nmma.em.likelihood.OpticalLightCurve'>
06:16 bilby INFO    : Analysis likelihood noise evidence: 0.0
06:16 bilby INFO    : Single likelihood evaluation took 2.886e-02 s
06:16 bilby WARNING : Supplied argument 'queue_size' not an argument of 'Pymultinest', removing.
06:16 bilby WARNING : Supplied argument 'check_point_delta_t' not an argument of 'Pymultinest', removing.
06:16 bilby INFO    : Using sampler Pymultinest with kwargs {'importance_nested_sampling': False, 'resume': True, 'verbose': True, 'sampling_efficiency': 'parameter', 'n_live_points': 2048, 'n_params': 5, 'n_clustering_params': None, 'wrapped_params': None, 'multimodal': True, 'const_efficiency_mode': False, 'evidence_tolerance': 0.5, 'n_iter_before_update': 100, 'null_log_evidence': -1e+90, 'max_modes': 100, 'mode_tolerance': -1e+90, 'seed': 42, 'context': 0, 'write_output': True, 'log_zero': -1e+100, 'max_iter': 0, 'init_MPI': False, 'dump_callback': <bound method Pymultinest._dump_callback of <bilby.core.sampler.pymultinest.Pymultinest object at 0x155522ff6320>>}
06:16 bilby INFO    : Temporary directory incompatible with MPI, will run in original directory
06:16 bilby INFO    : Using output file outdirBNSKa32cores/pm_170817in14days/
06:16 bilby INFO    : Single likelihood evaluation took 2.959e-02 s
06:16 bilby INFO    : Single likelihood evaluation took 2.963e-02 s
06:16 bilby INFO    : Single likelihood evaluation took 2.949e-02 s
06:16 bilby INFO    : Single likelihood evaluation took 2.940e-02 s
06:16 bilby INFO    : Single likelihood evaluation took 2.959e-02 s
06:16 bilby INFO    : Single likelihood evaluation took 2.970e-02 s
06:16 bilby WARNING : Supplied argument 'queue_size' not an argument of 'Pymultinest', removing.
06:16 bilby WARNING : Supplied argument 'check_point_delta_t' not an argument of 'Pymultinest', removing.
06:16 bilby INFO    : Using sampler Pymultinest with kwargs {'importance_nested_sampling': False, 'resume': True, 'verbose': True, 'sampling_efficiency': 'parameter', 'n_live_points': 2048, 'n_params': 5, 'n_clustering_params': None, 'wrapped_params': None, 'multimodal': True, 'const_efficiency_mode': False, 'evidence_tolerance': 0.5, 'n_iter_before_update': 100, 'null_log_evidence': -1e+90, 'max_modes': 100, 'mode_tolerance': -1e+90, 'seed': 42, 'context': 0, 'write_output': True, 'log_zero': -1e+100, 'max_iter': 0, 'init_MPI': False, 'dump_callback': <bound method Pymultinest._dump_callback of <bilby.core.sampler.pymultinest.Pymultinest object at 0x155522ff1840>>}
06:16 bilby INFO    : Temporary directory incompatible with MPI, will run in original directory
06:16 bilby INFO    : Using output file outdirBNSKa32cores/pm_170817in14days/
06:16 bilby INFO    : Single likelihood evaluation took 2.966e-02 s
06:16 bilby WARNING : Supplied argument 'queue_size' not an argument of 'Pymultinest', removing.
06:16 bilby WARNING : Supplied argument 'check_point_delta_t' not an argument of 'Pymultinest', removing.
06:16 bilby INFO    : Using sampler Pymultinest with kwargs {'importance_nested_sampling': False, 'resume': True, 'verbose': True, 'sampling_efficiency': 'parameter', 'n_live_points': 2048, 'n_params': 5, 'n_clustering_params': None, 'wrapped_params': None, 'multimodal': True, 'const_efficiency_mode': False, 'evidence_tolerance': 0.5, 'n_iter_before_update': 100, 'null_log_evidence': -1e+90, 'max_modes': 100, 'mode_tolerance': -1e+90, 'seed': 42, 'context': 0, 'write_output': True, 'log_zero': -1e+100, 'max_iter': 0, 'init_MPI': False, 'dump_callback': <bound method Pymultinest._dump_callback of <bilby.core.sampler.pymultinest.Pymultinest object at 0x155522fea710>>}
06:16 bilby INFO    : Temporary directory incompatible with MPI, will run in original directory
06:16 bilby INFO    : Single likelihood evaluation took 2.978e-02 s
06:16 bilby INFO    : Using output file outdirBNSKa32cores/pm_170817in14days/
06:16 bilby INFO    : Single likelihood evaluation took 2.967e-02 s
06:16 bilby INFO    : Single likelihood evaluation took 2.962e-02 s
06:16 bilby INFO    : Single likelihood evaluation took 2.969e-02 s
06:16 bilby WARNING : Supplied argument 'queue_size' not an argument of 'Pymultinest', removing.
06:16 bilby WARNING : Supplied argument 'check_point_delta_t' not an argument of 'Pymultinest', removing.
06:16 bilby WARNING : Supplied argument 'queue_size' not an argument of 'Pymultinest', removing.
06:16 bilby WARNING : Supplied argument 'check_point_delta_t' not an argument of 'Pymultinest', removing.
06:16 bilby INFO    : Using sampler Pymultinest with kwargs {'importance_nested_sampling': False, 'resume': True, 'verbose': True, 'sampling_efficiency': 'parameter', 'n_live_points': 2048, 'n_params': 5, 'n_clustering_params': None, 'wrapped_params': None, 'multimodal': True, 'const_efficiency_mode': False, 'evidence_tolerance': 0.5, 'n_iter_before_update': 100, 'null_log_evidence': -1e+90, 'max_modes': 100, 'mode_tolerance': -1e+90, 'seed': 42, 'context': 0, 'write_output': True, 'log_zero': -1e+100, 'max_iter': 0, 'init_MPI': False, 'dump_callback': <bound method Pymultinest._dump_callback of <bilby.core.sampler.pymultinest.Pymultinest object at 0x155522ff2a10>>}
06:16 bilby INFO    : Using sampler Pymultinest with kwargs {'importance_nested_sampling': False, 'resume': True, 'verbose': True, 'sampling_efficiency': 'parameter', 'n_live_points': 2048, 'n_params': 5, 'n_clustering_params': None, 'wrapped_params': None, 'multimodal': True, 'const_efficiency_mode': False, 'evidence_tolerance': 0.5, 'n_iter_before_update': 100, 'null_log_evidence': -1e+90, 'max_modes': 100, 'mode_tolerance': -1e+90, 'seed': 42, 'context': 0, 'write_output': True, 'log_zero': -1e+100, 'max_iter': 0, 'init_MPI': False, 'dump_callback': <bound method Pymultinest._dump_callback of <bilby.core.sampler.pymultinest.Pymultinest object at 0x155522fe94e0>>}
06:16 bilby INFO    : Temporary directory incompatible with MPI, will run in original directory
06:16 bilby INFO    : Temporary directory incompatible with MPI, will run in original directory
06:16 bilby INFO    : Using output file outdirBNSKa32cores/pm_170817in14days/
06:16 bilby INFO    : Using output file outdirBNSKa32cores/pm_170817in14days/
06:16 bilby INFO    : Single likelihood evaluation took 2.976e-02 s
06:16 bilby WARNING : Supplied argument 'queue_size' not an argument of 'Pymultinest', removing.
06:16 bilby WARNING : Supplied argument 'check_point_delta_t' not an argument of 'Pymultinest', removing.
06:16 bilby INFO    : Using sampler Pymultinest with kwargs {'importance_nested_sampling': False, 'resume': True, 'verbose': True, 'sampling_efficiency': 'parameter', 'n_live_points': 2048, 'n_params': 5, 'n_clustering_params': None, 'wrapped_params': None, 'multimodal': True, 'const_efficiency_mode': False, 'evidence_tolerance': 0.5, 'n_iter_before_update': 100, 'null_log_evidence': -1e+90, 'max_modes': 100, 'mode_tolerance': -1e+90, 'seed': 42, 'context': 0, 'write_output': True, 'log_zero': -1e+100, 'max_iter': 0, 'init_MPI': False, 'dump_callback': <bound method Pymultinest._dump_callback of <bilby.core.sampler.pymultinest.Pymultinest object at 0x155522ff2410>>}
06:16 bilby INFO    : Temporary directory incompatible with MPI, will run in original directory
06:16 bilby WARNING : Supplied argument 'queue_size' not an argument of 'Pymultinest', removing.
06:16 bilby INFO    : Using output file outdirBNSKa32cores/pm_170817in14days/
06:16 bilby WARNING : Supplied argument 'check_point_delta_t' not an argument of 'Pymultinest', removing.
06:16 bilby INFO    : Using sampler Pymultinest with kwargs {'importance_nested_sampling': False, 'resume': True, 'verbose': True, 'sampling_efficiency': 'parameter', 'n_live_points': 2048, 'n_params': 5, 'n_clustering_params': None, 'wrapped_params': None, 'multimodal': True, 'const_efficiency_mode': False, 'evidence_tolerance': 0.5, 'n_iter_before_update': 100, 'null_log_evidence': -1e+90, 'max_modes': 100, 'mode_tolerance': -1e+90, 'seed': 42, 'context': 0, 'write_output': True, 'log_zero': -1e+100, 'max_iter': 0, 'init_MPI': False, 'dump_callback': <bound method Pymultinest._dump_callback of <bilby.core.sampler.pymultinest.Pymultinest object at 0x155522ff63b0>>}
06:16 bilby INFO    : Temporary directory incompatible with MPI, will run in original directory
06:16 bilby INFO    : Using output file outdirBNSKa32cores/pm_170817in14days/
06:16 bilby INFO    : Single likelihood evaluation took 2.993e-02 s
06:16 bilby WARNING : Supplied argument 'queue_size' not an argument of 'Pymultinest', removing.
06:16 bilby WARNING : Supplied argument 'check_point_delta_t' not an argument of 'Pymultinest', removing.
06:16 bilby INFO    : Using sampler Pymultinest with kwargs {'importance_nested_sampling': False, 'resume': True, 'verbose': True, 'sampling_efficiency': 'parameter', 'n_live_points': 2048, 'n_params': 5, 'n_clustering_params': None, 'wrapped_params': None, 'multimodal': True, 'const_efficiency_mode': False, 'evidence_tolerance': 0.5, 'n_iter_before_update': 100, 'null_log_evidence': -1e+90, 'max_modes': 100, 'mode_tolerance': -1e+90, 'seed': 42, 'context': 0, 'write_output': True, 'log_zero': -1e+100, 'max_iter': 0, 'init_MPI': False, 'dump_callback': <bound method Pymultinest._dump_callback of <bilby.core.sampler.pymultinest.Pymultinest object at 0x155522fefbb0>>}
06:16 bilby INFO    : Temporary directory incompatible with MPI, will run in original directory
06:16 bilby INFO    : Using output file outdirBNSKa32cores/pm_170817in14days/
06:16 bilby WARNING : Supplied argument 'queue_size' not an argument of 'Pymultinest', removing.
06:16 bilby WARNING : Supplied argument 'check_point_delta_t' not an argument of 'Pymultinest', removing.
06:16 bilby INFO    : Using sampler Pymultinest with kwargs {'importance_nested_sampling': False, 'resume': True, 'verbose': True, 'sampling_efficiency': 'parameter', 'n_live_points': 2048, 'n_params': 5, 'n_clustering_params': None, 'wrapped_params': None, 'multimodal': True, 'const_efficiency_mode': False, 'evidence_tolerance': 0.5, 'n_iter_before_update': 100, 'null_log_evidence': -1e+90, 'max_modes': 100, 'mode_tolerance': -1e+90, 'seed': 42, 'context': 0, 'write_output': True, 'log_zero': -1e+100, 'max_iter': 0, 'init_MPI': False, 'dump_callback': <bound method Pymultinest._dump_callback of <bilby.core.sampler.pymultinest.Pymultinest object at 0x155522fee620>>}
06:16 bilby INFO    : Temporary directory incompatible with MPI, will run in original directory
06:16 bilby INFO    : Using output file outdirBNSKa32cores/pm_170817in14days/
06:16 bilby WARNING : Supplied argument 'queue_size' not an argument of 'Pymultinest', removing.
06:16 bilby WARNING : Supplied argument 'check_point_delta_t' not an argument of 'Pymultinest', removing.
06:16 bilby WARNING : Supplied argument 'queue_size' not an argument of 'Pymultinest', removing.
06:16 bilby INFO    : Using sampler Pymultinest with kwargs {'importance_nested_sampling': False, 'resume': True, 'verbose': True, 'sampling_efficiency': 'parameter', 'n_live_points': 2048, 'n_params': 5, 'n_clustering_params': None, 'wrapped_params': None, 'multimodal': True, 'const_efficiency_mode': False, 'evidence_tolerance': 0.5, 'n_iter_before_update': 100, 'null_log_evidence': -1e+90, 'max_modes': 100, 'mode_tolerance': -1e+90, 'seed': 42, 'context': 0, 'write_output': True, 'log_zero': -1e+100, 'max_iter': 0, 'init_MPI': False, 'dump_callback': <bound method Pymultinest._dump_callback of <bilby.core.sampler.pymultinest.Pymultinest object at 0x155522ff2470>>}
06:16 bilby WARNING : Supplied argument 'check_point_delta_t' not an argument of 'Pymultinest', removing.
06:16 bilby INFO    : Using sampler Pymultinest with kwargs {'importance_nested_sampling': False, 'resume': True, 'verbose': True, 'sampling_efficiency': 'parameter', 'n_live_points': 2048, 'n_params': 5, 'n_clustering_params': None, 'wrapped_params': None, 'multimodal': True, 'const_efficiency_mode': False, 'evidence_tolerance': 0.5, 'n_iter_before_update': 100, 'null_log_evidence': -1e+90, 'max_modes': 100, 'mode_tolerance': -1e+90, 'seed': 42, 'context': 0, 'write_output': True, 'log_zero': -1e+100, 'max_iter': 0, 'init_MPI': False, 'dump_callback': <bound method Pymultinest._dump_callback of <bilby.core.sampler.pymultinest.Pymultinest object at 0x155522fefbb0>>}
06:16 bilby INFO    : Temporary directory incompatible with MPI, will run in original directory
06:16 bilby INFO    : Temporary directory incompatible with MPI, will run in original directory
06:16 bilby INFO    : Using output file outdirBNSKa32cores/pm_170817in14days/
06:16 bilby INFO    : Using output file outdirBNSKa32cores/pm_170817in14days/
06:16 bilby WARNING : Supplied argument 'queue_size' not an argument of 'Pymultinest', removing.
06:16 bilby WARNING : Supplied argument 'check_point_delta_t' not an argument of 'Pymultinest', removing.
06:16 bilby INFO    : Using sampler Pymultinest with kwargs {'importance_nested_sampling': False, 'resume': True, 'verbose': True, 'sampling_efficiency': 'parameter', 'n_live_points': 2048, 'n_params': 5, 'n_clustering_params': None, 'wrapped_params': None, 'multimodal': True, 'const_efficiency_mode': False, 'evidence_tolerance': 0.5, 'n_iter_before_update': 100, 'null_log_evidence': -1e+90, 'max_modes': 100, 'mode_tolerance': -1e+90, 'seed': 42, 'context': 0, 'write_output': True, 'log_zero': -1e+100, 'max_iter': 0, 'init_MPI': False, 'dump_callback': <bound method Pymultinest._dump_callback of <bilby.core.sampler.pymultinest.Pymultinest object at 0x155522ff25c0>>}
06:16 bilby INFO    : Temporary directory incompatible with MPI, will run in original directory
06:16 bilby INFO    : Using output file outdirBNSKa32cores/pm_170817in14days/
06:16 bilby WARNING : Supplied argument 'queue_size' not an argument of 'Pymultinest', removing.
06:16 bilby WARNING : Supplied argument 'check_point_delta_t' not an argument of 'Pymultinest', removing.
06:16 bilby INFO    : Using sampler Pymultinest with kwargs {'importance_nested_sampling': False, 'resume': True, 'verbose': True, 'sampling_efficiency': 'parameter', 'n_live_points': 2048, 'n_params': 5, 'n_clustering_params': None, 'wrapped_params': None, 'multimodal': True, 'const_efficiency_mode': False, 'evidence_tolerance': 0.5, 'n_iter_before_update': 100, 'null_log_evidence': -1e+90, 'max_modes': 100, 'mode_tolerance': -1e+90, 'seed': 42, 'context': 0, 'write_output': True, 'log_zero': -1e+100, 'max_iter': 0, 'init_MPI': False, 'dump_callback': <bound method Pymultinest._dump_callback of <bilby.core.sampler.pymultinest.Pymultinest object at 0x155522ff2410>>}
06:16 bilby INFO    : Temporary directory incompatible with MPI, will run in original directory
06:16 bilby INFO    : Using output file outdirBNSKa32cores/pm_170817in14days/
06:16 bilby INFO    : Single likelihood evaluation took 2.998e-02 s
06:16 bilby INFO    : Single likelihood evaluation took 2.968e-02 s
06:16 bilby WARNING : Supplied argument 'queue_size' not an argument of 'Pymultinest', removing.
06:16 bilby WARNING : Supplied argument 'check_point_delta_t' not an argument of 'Pymultinest', removing.
06:16 bilby INFO    : Using sampler Pymultinest with kwargs {'importance_nested_sampling': False, 'resume': True, 'verbose': True, 'sampling_efficiency': 'parameter', 'n_live_points': 2048, 'n_params': 5, 'n_clustering_params': None, 'wrapped_params': None, 'multimodal': True, 'const_efficiency_mode': False, 'evidence_tolerance': 0.5, 'n_iter_before_update': 100, 'null_log_evidence': -1e+90, 'max_modes': 100, 'mode_tolerance': -1e+90, 'seed': 42, 'context': 0, 'write_output': True, 'log_zero': -1e+100, 'max_iter': 0, 'init_MPI': False, 'dump_callback': <bound method Pymultinest._dump_callback of <bilby.core.sampler.pymultinest.Pymultinest object at 0x155522feea10>>}
06:16 bilby INFO    : Temporary directory incompatible with MPI, will run in original directory
06:16 bilby INFO    : Using output file outdirBNSKa32cores/pm_170817in14days/
06:16 bilby WARNING : Supplied argument 'queue_size' not an argument of 'Pymultinest', removing.
06:16 bilby WARNING : Supplied argument 'check_point_delta_t' not an argument of 'Pymultinest', removing.
06:16 bilby INFO    : Using sampler Pymultinest with kwargs {'importance_nested_sampling': False, 'resume': True, 'verbose': True, 'sampling_efficiency': 'parameter', 'n_live_points': 2048, 'n_params': 5, 'n_clustering_params': None, 'wrapped_params': None, 'multimodal': True, 'const_efficiency_mode': False, 'evidence_tolerance': 0.5, 'n_iter_before_update': 100, 'null_log_evidence': -1e+90, 'max_modes': 100, 'mode_tolerance': -1e+90, 'seed': 42, 'context': 0, 'write_output': True, 'log_zero': -1e+100, 'max_iter': 0, 'init_MPI': False, 'dump_callback': <bound method Pymultinest._dump_callback of <bilby.core.sampler.pymultinest.Pymultinest object at 0x155522ff2710>>}
06:16 bilby INFO    : Temporary directory incompatible with MPI, will run in original directory
06:16 bilby INFO    : Using output file outdirBNSKa32cores/pm_170817in14days/
06:16 bilby WARNING : Supplied argument 'queue_size' not an argument of 'Pymultinest', removing.
06:16 bilby WARNING : Supplied argument 'check_point_delta_t' not an argument of 'Pymultinest', removing.
06:16 bilby INFO    : Using sampler Pymultinest with kwargs {'importance_nested_sampling': False, 'resume': True, 'verbose': True, 'sampling_efficiency': 'parameter', 'n_live_points': 2048, 'n_params': 5, 'n_clustering_params': None, 'wrapped_params': None, 'multimodal': True, 'const_efficiency_mode': False, 'evidence_tolerance': 0.5, 'n_iter_before_update': 100, 'null_log_evidence': -1e+90, 'max_modes': 100, 'mode_tolerance': -1e+90, 'seed': 42, 'context': 0, 'write_output': True, 'log_zero': -1e+100, 'max_iter': 0, 'init_MPI': False, 'dump_callback': <bound method Pymultinest._dump_callback of <bilby.core.sampler.pymultinest.Pymultinest object at 0x155522ff6410>>}
06:16 bilby INFO    : Temporary directory incompatible with MPI, will run in original directory
06:16 bilby INFO    : Using output file outdirBNSKa32cores/pm_170817in14days/
06:16 bilby INFO    : Single likelihood evaluation took 3.277e-02 s
06:16 bilby INFO    : Single likelihood evaluation took 3.289e-02 s
06:16 bilby INFO    : Single likelihood evaluation took 3.271e-02 s
06:16 bilby INFO    : Single likelihood evaluation took 3.284e-02 s
06:16 bilby INFO    : Single likelihood evaluation took 3.271e-02 s
06:16 bilby INFO    : Single likelihood evaluation took 3.262e-02 s
06:16 bilby INFO    : Single likelihood evaluation took 3.268e-02 s
06:16 bilby INFO    : Single likelihood evaluation took 3.274e-02 s
06:16 bilby INFO    : Single likelihood evaluation took 3.296e-02 s
06:16 bilby INFO    : Single likelihood evaluation took 3.267e-02 s
06:16 bilby WARNING : Supplied argument 'queue_size' not an argument of 'Pymultinest', removing.
06:16 bilby WARNING : Supplied argument 'check_point_delta_t' not an argument of 'Pymultinest', removing.
06:16 bilby INFO    : Using sampler Pymultinest with kwargs {'importance_nested_sampling': False, 'resume': True, 'verbose': True, 'sampling_efficiency': 'parameter', 'n_live_points': 2048, 'n_params': 5, 'n_clustering_params': None, 'wrapped_params': None, 'multimodal': True, 'const_efficiency_mode': False, 'evidence_tolerance': 0.5, 'n_iter_before_update': 100, 'null_log_evidence': -1e+90, 'max_modes': 100, 'mode_tolerance': -1e+90, 'seed': 42, 'context': 0, 'write_output': True, 'log_zero': -1e+100, 'max_iter': 0, 'init_MPI': False, 'dump_callback': <bound method Pymultinest._dump_callback of <bilby.core.sampler.pymultinest.Pymultinest object at 0x155500fe2a10>>}
06:16 bilby WARNING : Supplied argument 'queue_size' not an argument of 'Pymultinest', removing.
06:16 bilby WARNING : Supplied argument 'check_point_delta_t' not an argument of 'Pymultinest', removing.
06:16 bilby INFO    : Single likelihood evaluation took 3.296e-02 s
06:16 bilby INFO    : Single likelihood evaluation took 3.294e-02 s
06:16 bilby INFO    : Using sampler Pymultinest with kwargs {'importance_nested_sampling': False, 'resume': True, 'verbose': True, 'sampling_efficiency': 'parameter', 'n_live_points': 2048, 'n_params': 5, 'n_clustering_params': None, 'wrapped_params': None, 'multimodal': True, 'const_efficiency_mode': False, 'evidence_tolerance': 0.5, 'n_iter_before_update': 100, 'null_log_evidence': -1e+90, 'max_modes': 100, 'mode_tolerance': -1e+90, 'seed': 42, 'context': 0, 'write_output': True, 'log_zero': -1e+100, 'max_iter': 0, 'init_MPI': False, 'dump_callback': <bound method Pymultinest._dump_callback of <bilby.core.sampler.pymultinest.Pymultinest object at 0x155500fe2710>>}
06:16 bilby INFO    : Temporary directory incompatible with MPI, will run in original directory
06:16 bilby INFO    : Single likelihood evaluation took 3.297e-02 s
06:16 bilby WARNING : Supplied argument 'queue_size' not an argument of 'Pymultinest', removing.
06:16 bilby WARNING : Supplied argument 'check_point_delta_t' not an argument of 'Pymultinest', removing.
06:16 bilby INFO    : Single likelihood evaluation took 3.297e-02 s
06:16 bilby INFO    : Temporary directory incompatible with MPI, will run in original directory
06:16 bilby INFO    : Using sampler Pymultinest with kwargs {'importance_nested_sampling': False, 'resume': True, 'verbose': True, 'sampling_efficiency': 'parameter', 'n_live_points': 2048, 'n_params': 5, 'n_clustering_params': None, 'wrapped_params': None, 'multimodal': True, 'const_efficiency_mode': False, 'evidence_tolerance': 0.5, 'n_iter_before_update': 100, 'null_log_evidence': -1e+90, 'max_modes': 100, 'mode_tolerance': -1e+90, 'seed': 42, 'context': 0, 'write_output': True, 'log_zero': -1e+100, 'max_iter': 0, 'init_MPI': False, 'dump_callback': <bound method Pymultinest._dump_callback of <bilby.core.sampler.pymultinest.Pymultinest object at 0x155500fe2470>>}
06:16 bilby INFO    : Using output file outdirBNSKa32cores/pm_170817in14days/
06:16 bilby INFO    : Temporary directory incompatible with MPI, will run in original directory
06:16 bilby INFO    : Using output file outdirBNSKa32cores/pm_170817in14days/
06:16 bilby INFO    : Using output file outdirBNSKa32cores/pm_170817in14days/
06:16 bilby INFO    : Single likelihood evaluation took 3.274e-02 s
06:16 bilby WARNING : Supplied argument 'queue_size' not an argument of 'Pymultinest', removing.
06:16 bilby WARNING : Supplied argument 'queue_size' not an argument of 'Pymultinest', removing.
06:16 bilby WARNING : Supplied argument 'check_point_delta_t' not an argument of 'Pymultinest', removing.
06:16 bilby WARNING : Supplied argument 'check_point_delta_t' not an argument of 'Pymultinest', removing.
06:16 bilby INFO    : Using sampler Pymultinest with kwargs {'importance_nested_sampling': False, 'resume': True, 'verbose': True, 'sampling_efficiency': 'parameter', 'n_live_points': 2048, 'n_params': 5, 'n_clustering_params': None, 'wrapped_params': None, 'multimodal': True, 'const_efficiency_mode': False, 'evidence_tolerance': 0.5, 'n_iter_before_update': 100, 'null_log_evidence': -1e+90, 'max_modes': 100, 'mode_tolerance': -1e+90, 'seed': 42, 'context': 0, 'write_output': True, 'log_zero': -1e+100, 'max_iter': 0, 'init_MPI': False, 'dump_callback': <bound method Pymultinest._dump_callback of <bilby.core.sampler.pymultinest.Pymultinest object at 0x155500fde680>>}
06:16 bilby INFO    : Using sampler Pymultinest with kwargs {'importance_nested_sampling': False, 'resume': True, 'verbose': True, 'sampling_efficiency': 'parameter', 'n_live_points': 2048, 'n_params': 5, 'n_clustering_params': None, 'wrapped_params': None, 'multimodal': True, 'const_efficiency_mode': False, 'evidence_tolerance': 0.5, 'n_iter_before_update': 100, 'null_log_evidence': -1e+90, 'max_modes': 100, 'mode_tolerance': -1e+90, 'seed': 42, 'context': 0, 'write_output': True, 'log_zero': -1e+100, 'max_iter': 0, 'init_MPI': False, 'dump_callback': <bound method Pymultinest._dump_callback of <bilby.core.sampler.pymultinest.Pymultinest object at 0x155500fde6b0>>}
06:16 bilby INFO    : Temporary directory incompatible with MPI, will run in original directory
06:16 bilby INFO    : Temporary directory incompatible with MPI, will run in original directory
06:16 bilby INFO    : Using output file outdirBNSKa32cores/pm_170817in14days/
06:16 bilby INFO    : Using output file outdirBNSKa32cores/pm_170817in14days/
06:16 bilby WARNING : Supplied argument 'queue_size' not an argument of 'Pymultinest', removing.
06:16 bilby WARNING : Supplied argument 'check_point_delta_t' not an argument of 'Pymultinest', removing.
06:16 bilby WARNING : Supplied argument 'queue_size' not an argument of 'Pymultinest', removing.
06:16 bilby WARNING : Supplied argument 'queue_size' not an argument of 'Pymultinest', removing.
06:16 bilby WARNING : Supplied argument 'check_point_delta_t' not an argument of 'Pymultinest', removing.
06:16 bilby INFO    : Using sampler Pymultinest with kwargs {'importance_nested_sampling': False, 'resume': True, 'verbose': True, 'sampling_efficiency': 'parameter', 'n_live_points': 2048, 'n_params': 5, 'n_clustering_params': None, 'wrapped_params': None, 'multimodal': True, 'const_efficiency_mode': False, 'evidence_tolerance': 0.5, 'n_iter_before_update': 100, 'null_log_evidence': -1e+90, 'max_modes': 100, 'mode_tolerance': -1e+90, 'seed': 42, 'context': 0, 'write_output': True, 'log_zero': -1e+100, 'max_iter': 0, 'init_MPI': False, 'dump_callback': <bound method Pymultinest._dump_callback of <bilby.core.sampler.pymultinest.Pymultinest object at 0x155500fe3bb0>>}
06:16 bilby WARNING : Supplied argument 'check_point_delta_t' not an argument of 'Pymultinest', removing.
06:16 bilby INFO    : Using sampler Pymultinest with kwargs {'importance_nested_sampling': False, 'resume': True, 'verbose': True, 'sampling_efficiency': 'parameter', 'n_live_points': 2048, 'n_params': 5, 'n_clustering_params': None, 'wrapped_params': None, 'multimodal': True, 'const_efficiency_mode': False, 'evidence_tolerance': 0.5, 'n_iter_before_update': 100, 'null_log_evidence': -1e+90, 'max_modes': 100, 'mode_tolerance': -1e+90, 'seed': 42, 'context': 0, 'write_output': True, 'log_zero': -1e+100, 'max_iter': 0, 'init_MPI': False, 'dump_callback': <bound method Pymultinest._dump_callback of <bilby.core.sampler.pymultinest.Pymultinest object at 0x155500fe6980>>}
06:16 bilby INFO    : Using sampler Pymultinest with kwargs {'importance_nested_sampling': False, 'resume': True, 'verbose': True, 'sampling_efficiency': 'parameter', 'n_live_points': 2048, 'n_params': 5, 'n_clustering_params': None, 'wrapped_params': None, 'multimodal': True, 'const_efficiency_mode': False, 'evidence_tolerance': 0.5, 'n_iter_before_update': 100, 'null_log_evidence': -1e+90, 'max_modes': 100, 'mode_tolerance': -1e+90, 'seed': 42, 'context': 0, 'write_output': True, 'log_zero': -1e+100, 'max_iter': 0, 'init_MPI': False, 'dump_callback': <bound method Pymultinest._dump_callback of <bilby.core.sampler.pymultinest.Pymultinest object at 0x155500fe2650>>}
06:16 bilby INFO    : Temporary directory incompatible with MPI, will run in original directory
06:16 bilby INFO    : Temporary directory incompatible with MPI, will run in original directory
06:16 bilby INFO    : Temporary directory incompatible with MPI, will run in original directory
06:16 bilby INFO    : Using output file outdirBNSKa32cores/pm_170817in14days/
06:16 bilby INFO    : Using output file outdirBNSKa32cores/pm_170817in14days/
06:16 bilby INFO    : Using output file outdirBNSKa32cores/pm_170817in14days/
06:16 bilby WARNING : Supplied argument 'queue_size' not an argument of 'Pymultinest', removing.
06:16 bilby WARNING : Supplied argument 'check_point_delta_t' not an argument of 'Pymultinest', removing.
06:16 bilby INFO    : Using sampler Pymultinest with kwargs {'importance_nested_sampling': False, 'resume': True, 'verbose': True, 'sampling_efficiency': 'parameter', 'n_live_points': 2048, 'n_params': 5, 'n_clustering_params': None, 'wrapped_params': None, 'multimodal': True, 'const_efficiency_mode': False, 'evidence_tolerance': 0.5, 'n_iter_before_update': 100, 'null_log_evidence': -1e+90, 'max_modes': 100, 'mode_tolerance': -1e+90, 'seed': 42, 'context': 0, 'write_output': True, 'log_zero': -1e+100, 'max_iter': 0, 'init_MPI': False, 'dump_callback': <bound method Pymultinest._dump_callback of <bilby.core.sampler.pymultinest.Pymultinest object at 0x155500fe6620>>}
06:16 bilby INFO    : Temporary directory incompatible with MPI, will run in original directory
06:16 bilby INFO    : Using output file outdirBNSKa32cores/pm_170817in14days/
06:16 bilby WARNING : Supplied argument 'queue_size' not an argument of 'Pymultinest', removing.
06:16 bilby WARNING : Supplied argument 'queue_size' not an argument of 'Pymultinest', removing.
06:16 bilby WARNING : Supplied argument 'check_point_delta_t' not an argument of 'Pymultinest', removing.
06:16 bilby WARNING : Supplied argument 'queue_size' not an argument of 'Pymultinest', removing.
06:16 bilby WARNING : Supplied argument 'check_point_delta_t' not an argument of 'Pymultinest', removing.
06:16 bilby WARNING : Supplied argument 'queue_size' not an argument of 'Pymultinest', removing.
06:16 bilby INFO    : Using sampler Pymultinest with kwargs {'importance_nested_sampling': False, 'resume': True, 'verbose': True, 'sampling_efficiency': 'parameter', 'n_live_points': 2048, 'n_params': 5, 'n_clustering_params': None, 'wrapped_params': None, 'multimodal': True, 'const_efficiency_mode': False, 'evidence_tolerance': 0.5, 'n_iter_before_update': 100, 'null_log_evidence': -1e+90, 'max_modes': 100, 'mode_tolerance': -1e+90, 'seed': 42, 'context': 0, 'write_output': True, 'log_zero': -1e+100, 'max_iter': 0, 'init_MPI': False, 'dump_callback': <bound method Pymultinest._dump_callback of <bilby.core.sampler.pymultinest.Pymultinest object at 0x155500fe24d0>>}
06:16 bilby WARNING : Supplied argument 'check_point_delta_t' not an argument of 'Pymultinest', removing.
06:16 bilby WARNING : Supplied argument 'queue_size' not an argument of 'Pymultinest', removing.
06:16 bilby WARNING : Supplied argument 'check_point_delta_t' not an argument of 'Pymultinest', removing.
06:16 bilby INFO    : Using sampler Pymultinest with kwargs {'importance_nested_sampling': False, 'resume': True, 'verbose': True, 'sampling_efficiency': 'parameter', 'n_live_points': 2048, 'n_params': 5, 'n_clustering_params': None, 'wrapped_params': None, 'multimodal': True, 'const_efficiency_mode': False, 'evidence_tolerance': 0.5, 'n_iter_before_update': 100, 'null_log_evidence': -1e+90, 'max_modes': 100, 'mode_tolerance': -1e+90, 'seed': 42, 'context': 0, 'write_output': True, 'log_zero': -1e+100, 'max_iter': 0, 'init_MPI': False, 'dump_callback': <bound method Pymultinest._dump_callback of <bilby.core.sampler.pymultinest.Pymultinest object at 0x155500fe2ad0>>}
06:16 bilby INFO    : Using sampler Pymultinest with kwargs {'importance_nested_sampling': False, 'resume': True, 'verbose': True, 'sampling_efficiency': 'parameter', 'n_live_points': 2048, 'n_params': 5, 'n_clustering_params': None, 'wrapped_params': None, 'multimodal': True, 'const_efficiency_mode': False, 'evidence_tolerance': 0.5, 'n_iter_before_update': 100, 'null_log_evidence': -1e+90, 'max_modes': 100, 'mode_tolerance': -1e+90, 'seed': 42, 'context': 0, 'write_output': True, 'log_zero': -1e+100, 'max_iter': 0, 'init_MPI': False, 'dump_callback': <bound method Pymultinest._dump_callback of <bilby.core.sampler.pymultinest.Pymultinest object at 0x155500fde800>>}
06:16 bilby WARNING : Supplied argument 'check_point_delta_t' not an argument of 'Pymultinest', removing.
06:16 bilby INFO    : Using sampler Pymultinest with kwargs {'importance_nested_sampling': False, 'resume': True, 'verbose': True, 'sampling_efficiency': 'parameter', 'n_live_points': 2048, 'n_params': 5, 'n_clustering_params': None, 'wrapped_params': None, 'multimodal': True, 'const_efficiency_mode': False, 'evidence_tolerance': 0.5, 'n_iter_before_update': 100, 'null_log_evidence': -1e+90, 'max_modes': 100, 'mode_tolerance': -1e+90, 'seed': 42, 'context': 0, 'write_output': True, 'log_zero': -1e+100, 'max_iter': 0, 'init_MPI': False, 'dump_callback': <bound method Pymultinest._dump_callback of <bilby.core.sampler.pymultinest.Pymultinest object at 0x155500fd9a20>>}
06:16 bilby INFO    : Temporary directory incompatible with MPI, will run in original directory
06:16 bilby INFO    : Temporary directory incompatible with MPI, will run in original directory
06:16 bilby INFO    : Using sampler Pymultinest with kwargs {'importance_nested_sampling': False, 'resume': True, 'verbose': True, 'sampling_efficiency': 'parameter', 'n_live_points': 2048, 'n_params': 5, 'n_clustering_params': None, 'wrapped_params': None, 'multimodal': True, 'const_efficiency_mode': False, 'evidence_tolerance': 0.5, 'n_iter_before_update': 100, 'null_log_evidence': -1e+90, 'max_modes': 100, 'mode_tolerance': -1e+90, 'seed': 42, 'context': 0, 'write_output': True, 'log_zero': -1e+100, 'max_iter': 0, 'init_MPI': False, 'dump_callback': <bound method Pymultinest._dump_callback of <bilby.core.sampler.pymultinest.Pymultinest object at 0x155500fe29e0>>}
06:16 bilby INFO    : Temporary directory incompatible with MPI, will run in original directory
06:16 bilby INFO    : Temporary directory incompatible with MPI, will run in original directory
06:16 bilby INFO    : Using output file outdirBNSKa32cores/pm_170817in14days/
06:16 bilby INFO    : Temporary directory incompatible with MPI, will run in original directory
06:16 bilby INFO    : Using output file outdirBNSKa32cores/pm_170817in14days/
06:16 bilby INFO    : Using output file outdirBNSKa32cores/pm_170817in14days/
06:16 bilby INFO    : Single likelihood evaluation took 3.297e-02 s
06:16 bilby INFO    : Using output file outdirBNSKa32cores/pm_170817in14days/
06:16 bilby INFO    : Using output file outdirBNSKa32cores/pm_170817in14days/
06:16 bilby WARNING : Supplied argument 'queue_size' not an argument of 'Pymultinest', removing.
06:16 bilby WARNING : Supplied argument 'check_point_delta_t' not an argument of 'Pymultinest', removing.
06:16 bilby INFO    : Using sampler Pymultinest with kwargs {'importance_nested_sampling': False, 'resume': True, 'verbose': True, 'sampling_efficiency': 'parameter', 'n_live_points': 2048, 'n_params': 5, 'n_clustering_params': None, 'wrapped_params': None, 'multimodal': True, 'const_efficiency_mode': False, 'evidence_tolerance': 0.5, 'n_iter_before_update': 100, 'null_log_evidence': -1e+90, 'max_modes': 100, 'mode_tolerance': -1e+90, 'seed': 42, 'context': 0, 'write_output': True, 'log_zero': -1e+100, 'max_iter': 0, 'init_MPI': False, 'dump_callback': <bound method Pymultinest._dump_callback of <bilby.core.sampler.pymultinest.Pymultinest object at 0x155500fe3b80>>}
06:16 bilby INFO    : Temporary directory incompatible with MPI, will run in original directory
06:16 bilby INFO    : Using output file outdirBNSKa32cores/pm_170817in14days/
06:16 bilby WARNING : Supplied argument 'queue_size' not an argument of 'Pymultinest', removing.
06:16 bilby WARNING : Supplied argument 'check_point_delta_t' not an argument of 'Pymultinest', removing.
06:16 bilby INFO    : Using sampler Pymultinest with kwargs {'importance_nested_sampling': False, 'resume': True, 'verbose': True, 'sampling_efficiency': 'parameter', 'n_live_points': 2048, 'n_params': 5, 'n_clustering_params': None, 'wrapped_params': None, 'multimodal': True, 'const_efficiency_mode': False, 'evidence_tolerance': 0.5, 'n_iter_before_update': 100, 'null_log_evidence': -1e+90, 'max_modes': 100, 'mode_tolerance': -1e+90, 'seed': 42, 'context': 0, 'write_output': True, 'log_zero': -1e+100, 'max_iter': 0, 'init_MPI': False, 'dump_callback': <bound method Pymultinest._dump_callback of <bilby.core.sampler.pymultinest.Pymultinest object at 0x155500fe67a0>>}
06:16 bilby INFO    : Temporary directory incompatible with MPI, will run in original directory
06:16 bilby INFO    : Using output file outdirBNSKa32cores/pm_170817in14days/
06:20 bilby INFO    : Sampling time: 0:03:50.215935
06:20 bilby INFO    : Sampling time: 0:03:49.853101
06:20 bilby INFO    : Sampling time: 0:03:50.136204
06:20 bilby INFO    : Sampling time: 0:03:50.164903
06:20 bilby INFO    : Sampling time: 0:03:50.164984
06:20 bilby INFO    : Sampling time: 0:03:50.152111
06:20 bilby INFO    : Sampling time: 0:03:50.147337
06:20 bilby INFO    : Sampling time: 0:03:50.147879
06:20 bilby INFO    : Sampling time: 0:03:50.136956
06:20 bilby INFO    : Sampling time: 0:03:50.108863
06:20 bilby INFO    : Sampling time: 0:03:50.149940
06:20 bilby INFO    : Sampling time: 0:03:50.151623
06:20 bilby INFO    : Sampling time: 0:03:50.157255
06:20 bilby INFO    : Sampling time: 0:03:50.184792
06:20 bilby INFO    : Sampling time: 0:03:50.180036
06:20 bilby INFO    : Sampling time: 0:03:50.124838
06:20 bilby INFO    : Sampling time: 0:03:50.101946
06:20 bilby INFO    : Sampling time: 0:03:49.817338
06:20 bilby INFO    : Sampling time: 0:03:49.822416
06:20 bilby INFO    : Sampling time: 0:03:49.850750
06:20 bilby INFO    : Sampling time: 0:03:49.817663
06:20 bilby INFO    : Sampling time: 0:03:49.818233
06:20 bilby INFO    : Sampling time: 0:03:49.818606
06:20 bilby INFO    : Sampling time: 0:03:49.820079
06:20 bilby INFO    : Sampling time: 0:03:49.823359
06:20 bilby INFO    : Sampling time: 0:03:49.790471
06:20 bilby INFO    : Sampling time: 0:03:49.826996
06:20 bilby INFO    : Sampling time: 0:03:49.820600
06:20 bilby INFO    : Sampling time: 0:03:49.823601
06:20 bilby INFO    : Sampling time: 0:03:49.852502
06:20 bilby INFO    : Sampling time: 0:03:49.824316
06:20 bilby INFO    : Sampling time: 0:03:49.819575
06:20 bilby ERROR   : 

Saving the data has failed with the following message:
[Errno 116] Stale file handle
Data has been dumped to outdirBNSKa32cores/170817in14days_result.pkl.


06:20 bilby INFO    : Summary of results:
nsamples: 7142
ln_noise_evidence:  0.000
ln_evidence: -172.310 +/-  0.079
ln_bayes_factor: -172.310 +/-  0.079

06:20 bilby INFO    : Writing samples file to /home/thussenot/kilonovae-H0/170817/As2020Kasen/Ka2017/outdirBNSKa32cores/170817in14days_posterior_samples.dat
Traceback (most recent call last):
  File "/home/thussenot/.conda/envs/multinest/lib/python3.10/shutil.py", line 816, in move
    os.rename(src, real_dst)
FileNotFoundError: [Errno 2] No such file or directory: 'outdirBNSKa32cores/170817in14days_result.json' -> 'outdirBNSKa32cores/170817in14days_result.json.old'

During handling of the above exception, another exception occurred:

Traceback (most recent call last):
  File "/home/thussenot/.conda/envs/multinest/bin/lightcurve-analysis", line 8, in <module>
    sys.exit(main())
  File "/home/thussenot/.conda/envs/multinest/lib/python3.10/site-packages/nmma/em/analysis.py", line 1028, in main
    analysis(args)
  File "/home/thussenot/.conda/envs/multinest/lib/python3.10/site-packages/nmma/em/analysis.py", line 712, in analysis
    result = bilby.run_sampler(
  File "/home/thussenot/.conda/envs/multinest/lib/python3.10/site-packages/bilby/core/sampler/__init__.py", line 262, in run_sampler
    result.save_to_file(extension=save, gzip=gzip, outdir=outdir)
  File "/home/thussenot/.conda/envs/multinest/lib/python3.10/site-packages/bilby/core/result.py", line 783, in save_to_file
    move_old_file(filename, overwrite)
  File "/home/thussenot/.conda/envs/multinest/lib/python3.10/site-packages/bilby/core/utils/io.py", line 411, in move_old_file
    shutil.move(filename, filename + ".old")
  File "/home/thussenot/.conda/envs/multinest/lib/python3.10/shutil.py", line 837, in move
    os.unlink(src)
FileNotFoundError: [Errno 2] No such file or directory: 'outdirBNSKa32cores/170817in14days_result.json'
06:20 bilby INFO    : Summary of results:
nsamples: 7142
ln_noise_evidence:  0.000
ln_evidence: -172.310 +/-  0.079
ln_bayes_factor: -172.310 +/-  0.079

Traceback (most recent call last):
  File "/home/thussenot/.conda/envs/multinest/lib/python3.10/shutil.py", line 816, in move
    os.rename(src, real_dst)
FileNotFoundError: [Errno 2] No such file or directory: 'outdirBNSKa32cores/170817in14days_result.json' -> 'outdirBNSKa32cores/170817in14days_result.json.old'

During handling of the above exception, another exception occurred:

Traceback (most recent call last):
  File "/home/thussenot/.conda/envs/multinest/bin/lightcurve-analysis", line 8, in <module>
    sys.exit(main())
  File "/home/thussenot/.conda/envs/multinest/lib/python3.10/site-packages/nmma/em/analysis.py", line 1028, in main
    analysis(args)
  File "/home/thussenot/.conda/envs/multinest/lib/python3.10/site-packages/nmma/em/analysis.py", line 712, in analysis
    result = bilby.run_sampler(
  File "/home/thussenot/.conda/envs/multinest/lib/python3.10/site-packages/bilby/core/sampler/__init__.py", line 262, in run_sampler
    result.save_to_file(extension=save, gzip=gzip, outdir=outdir)
  File "/home/thussenot/.conda/envs/multinest/lib/python3.10/site-packages/bilby/core/result.py", line 783, in save_to_file
    move_old_file(filename, overwrite)
  File "/home/thussenot/.conda/envs/multinest/lib/python3.10/site-packages/bilby/core/utils/io.py", line 411, in move_old_file
    shutil.move(filename, filename + ".old")
  File "/home/thussenot/.conda/envs/multinest/lib/python3.10/shutil.py", line 836, in move
    copy_function(src, real_dst)
  File "/home/thussenot/.conda/envs/multinest/lib/python3.10/shutil.py", line 435, in copy2
    copystat(src, dst, follow_symlinks=follow_symlinks)
  File "/home/thussenot/.conda/envs/multinest/lib/python3.10/shutil.py", line 378, in copystat
    _copyxattr(src, dst, follow_symlinks=follow)
  File "/home/thussenot/.conda/envs/multinest/lib/python3.10/shutil.py", line 320, in _copyxattr
    names = os.listxattr(src, follow_symlinks=follow_symlinks)
FileNotFoundError: [Errno 2] No such file or directory: 'outdirBNSKa32cores/170817in14days_result.json'
Traceback (most recent call last):
  File "/home/thussenot/.conda/envs/multinest/bin/lightcurve-analysis", line 8, in <module>
Traceback (most recent call last):
  File "/home/thussenot/.conda/envs/multinest/bin/lightcurve-analysis", line 8, in <module>
    sys.exit(main())
  File "/home/thussenot/.conda/envs/multinest/lib/python3.10/site-packages/nmma/em/analysis.py", line 1028, in main
    sys.exit(main())
  File "/home/thussenot/.conda/envs/multinest/lib/python3.10/site-packages/nmma/em/analysis.py", line 1028, in main
    analysis(args)
  File "/home/thussenot/.conda/envs/multinest/lib/python3.10/site-packages/nmma/em/analysis.py", line 712, in analysis
    analysis(args)
  File "/home/thussenot/.conda/envs/multinest/lib/python3.10/site-packages/nmma/em/analysis.py", line 712, in analysis
    result = bilby.run_sampler(
  File "/home/thussenot/.conda/envs/multinest/lib/python3.10/site-packages/bilby/core/sampler/__init__.py", line 278, in run_sampler
    result = bilby.run_sampler(
  File "/home/thussenot/.conda/envs/multinest/lib/python3.10/site-packages/bilby/core/sampler/__init__.py", line 278, in run_sampler
    result.save_to_file(overwrite=True, extension=save, gzip=gzip, outdir=outdir)
  File "/home/thussenot/.conda/envs/multinest/lib/python3.10/site-packages/bilby/core/result.py", line 783, in save_to_file
    result.save_to_file(overwrite=True, extension=save, gzip=gzip, outdir=outdir)
  File "/home/thussenot/.conda/envs/multinest/lib/python3.10/site-packages/bilby/core/result.py", line 783, in save_to_file
    move_old_file(filename, overwrite)
  File "/home/thussenot/.conda/envs/multinest/lib/python3.10/site-packages/bilby/core/utils/io.py", line 406, in move_old_file
    move_old_file(filename, overwrite)
  File "/home/thussenot/.conda/envs/multinest/lib/python3.10/site-packages/bilby/core/utils/io.py", line 406, in move_old_file
    os.remove(filename)
FileNotFoundError: [Errno 2] No such file or directory: 'outdirBNSKa32cores/170817in14days_result.json'
    os.remove(filename)
FileNotFoundError: [Errno 2] No such file or directory: 'outdirBNSKa32cores/170817in14days_result.json'
Traceback (most recent call last):
  File "/home/thussenot/.conda/envs/multinest/bin/lightcurve-analysis", line 8, in <module>
Traceback (most recent call last):
  File "/home/thussenot/.conda/envs/multinest/bin/lightcurve-analysis", line 8, in <module>
Traceback (most recent call last):
  File "/home/thussenot/.conda/envs/multinest/bin/lightcurve-analysis", line 8, in <module>
Traceback (most recent call last):
  File "/home/thussenot/.conda/envs/multinest/lib/python3.10/shutil.py", line 816, in move
    sys.exit(main())
  File "/home/thussenot/.conda/envs/multinest/lib/python3.10/site-packages/nmma/em/analysis.py", line 1028, in main
    sys.exit(main())
  File "/home/thussenot/.conda/envs/multinest/lib/python3.10/site-packages/nmma/em/analysis.py", line 1028, in main
    sys.exit(main())
  File "/home/thussenot/.conda/envs/multinest/lib/python3.10/site-packages/nmma/em/analysis.py", line 1028, in main
    os.rename(src, real_dst)
FileNotFoundError: [Errno 2] No such file or directory: 'outdirBNSKa32cores/170817in14days_result.json' -> 'outdirBNSKa32cores/170817in14days_result.json.old'

During handling of the above exception, another exception occurred:

Traceback (most recent call last):
  File "/home/thussenot/.conda/envs/multinest/bin/lightcurve-analysis", line 8, in <module>
    analysis(args)
  File "/home/thussenot/.conda/envs/multinest/lib/python3.10/site-packages/nmma/em/analysis.py", line 712, in analysis
    analysis(args)
  File "/home/thussenot/.conda/envs/multinest/lib/python3.10/site-packages/nmma/em/analysis.py", line 712, in analysis
    analysis(args)
  File "/home/thussenot/.conda/envs/multinest/lib/python3.10/site-packages/nmma/em/analysis.py", line 712, in analysis
    sys.exit(main())
  File "/home/thussenot/.conda/envs/multinest/lib/python3.10/site-packages/nmma/em/analysis.py", line 1028, in main
    result = bilby.run_sampler(
  File "/home/thussenot/.conda/envs/multinest/lib/python3.10/site-packages/bilby/core/sampler/__init__.py", line 278, in run_sampler
    result = bilby.run_sampler(
  File "/home/thussenot/.conda/envs/multinest/lib/python3.10/site-packages/bilby/core/sampler/__init__.py", line 278, in run_sampler
    result = bilby.run_sampler(
  File "/home/thussenot/.conda/envs/multinest/lib/python3.10/site-packages/bilby/core/sampler/__init__.py", line 278, in run_sampler
    result.save_to_file(overwrite=True, extension=save, gzip=gzip, outdir=outdir)
  File "/home/thussenot/.conda/envs/multinest/lib/python3.10/site-packages/bilby/core/result.py", line 783, in save_to_file
    result.save_to_file(overwrite=True, extension=save, gzip=gzip, outdir=outdir)
  File "/home/thussenot/.conda/envs/multinest/lib/python3.10/site-packages/bilby/core/result.py", line 783, in save_to_file
    result.save_to_file(overwrite=True, extension=save, gzip=gzip, outdir=outdir)
  File "/home/thussenot/.conda/envs/multinest/lib/python3.10/site-packages/bilby/core/result.py", line 783, in save_to_file
    analysis(args)
  File "/home/thussenot/.conda/envs/multinest/lib/python3.10/site-packages/nmma/em/analysis.py", line 712, in analysis
    move_old_file(filename, overwrite)
  File "/home/thussenot/.conda/envs/multinest/lib/python3.10/site-packages/bilby/core/utils/io.py", line 406, in move_old_file
    move_old_file(filename, overwrite)
  File "/home/thussenot/.conda/envs/multinest/lib/python3.10/site-packages/bilby/core/utils/io.py", line 406, in move_old_file
    move_old_file(filename, overwrite)
  File "/home/thussenot/.conda/envs/multinest/lib/python3.10/site-packages/bilby/core/utils/io.py", line 406, in move_old_file
    os.remove(filename)
FileNotFoundError: [Errno 2] No such file or directory: 'outdirBNSKa32cores/170817in14days_result.json'
    os.remove(filename)
FileNotFoundError: [Errno 2] No such file or directory: 'outdirBNSKa32cores/170817in14days_result.json'
    os.remove(filename)
FileNotFoundError: [Errno 2] No such file or directory: 'outdirBNSKa32cores/170817in14days_result.json'
    result = bilby.run_sampler(
  File "/home/thussenot/.conda/envs/multinest/lib/python3.10/site-packages/bilby/core/sampler/__init__.py", line 262, in run_sampler
    result.save_to_file(extension=save, gzip=gzip, outdir=outdir)
  File "/home/thussenot/.conda/envs/multinest/lib/python3.10/site-packages/bilby/core/result.py", line 783, in save_to_file
    move_old_file(filename, overwrite)
  File "/home/thussenot/.conda/envs/multinest/lib/python3.10/site-packages/bilby/core/utils/io.py", line 411, in move_old_file
    shutil.move(filename, filename + ".old")
  File "/home/thussenot/.conda/envs/multinest/lib/python3.10/shutil.py", line 837, in move
    os.unlink(src)
FileNotFoundError: [Errno 2] No such file or directory: 'outdirBNSKa32cores/170817in14days_result.json'
Traceback (most recent call last):
  File "/home/thussenot/.conda/envs/multinest/lib/python3.10/shutil.py", line 816, in move
    os.rename(src, real_dst)
FileNotFoundError: [Errno 2] No such file or directory: 'outdirBNSKa32cores/170817in14days_result.json' -> 'outdirBNSKa32cores/170817in14days_result.json.old'

During handling of the above exception, another exception occurred:

Traceback (most recent call last):
  File "/home/thussenot/.conda/envs/multinest/bin/lightcurve-analysis", line 8, in <module>
    sys.exit(main())
  File "/home/thussenot/.conda/envs/multinest/lib/python3.10/site-packages/nmma/em/analysis.py", line 1028, in main
    analysis(args)
  File "/home/thussenot/.conda/envs/multinest/lib/python3.10/site-packages/nmma/em/analysis.py", line 712, in analysis
    result = bilby.run_sampler(
  File "/home/thussenot/.conda/envs/multinest/lib/python3.10/site-packages/bilby/core/sampler/__init__.py", line 262, in run_sampler
    result.save_to_file(extension=save, gzip=gzip, outdir=outdir)
  File "/home/thussenot/.conda/envs/multinest/lib/python3.10/site-packages/bilby/core/result.py", line 783, in save_to_file
    move_old_file(filename, overwrite)
  File "/home/thussenot/.conda/envs/multinest/lib/python3.10/site-packages/bilby/core/utils/io.py", line 411, in move_old_file
    shutil.move(filename, filename + ".old")
  File "/home/thussenot/.conda/envs/multinest/lib/python3.10/shutil.py", line 836, in move
    copy_function(src, real_dst)
  File "/home/thussenot/.conda/envs/multinest/lib/python3.10/shutil.py", line 435, in copy2
    copystat(src, dst, follow_symlinks=follow_symlinks)
  File "/home/thussenot/.conda/envs/multinest/lib/python3.10/shutil.py", line 378, in copystat
    _copyxattr(src, dst, follow_symlinks=follow)
  File "/home/thussenot/.conda/envs/multinest/lib/python3.10/shutil.py", line 320, in _copyxattr
    names = os.listxattr(src, follow_symlinks=follow_symlinks)
FileNotFoundError: [Errno 2] No such file or directory: 'outdirBNSKa32cores/170817in14days_result.json'
Traceback (most recent call last):
  File "/home/thussenot/.conda/envs/multinest/lib/python3.10/shutil.py", line 816, in move
    os.rename(src, real_dst)
FileNotFoundError: [Errno 2] No such file or directory: 'outdirBNSKa32cores/170817in14days_result.json' -> 'outdirBNSKa32cores/170817in14days_result.json.old'

During handling of the above exception, another exception occurred:

Traceback (most recent call last):
  File "/home/thussenot/.conda/envs/multinest/bin/lightcurve-analysis", line 8, in <module>
    sys.exit(main())
  File "/home/thussenot/.conda/envs/multinest/lib/python3.10/site-packages/nmma/em/analysis.py", line 1028, in main
    analysis(args)
  File "/home/thussenot/.conda/envs/multinest/lib/python3.10/site-packages/nmma/em/analysis.py", line 712, in analysis
    result = bilby.run_sampler(
  File "/home/thussenot/.conda/envs/multinest/lib/python3.10/site-packages/bilby/core/sampler/__init__.py", line 262, in run_sampler
    result.save_to_file(extension=save, gzip=gzip, outdir=outdir)
  File "/home/thussenot/.conda/envs/multinest/lib/python3.10/site-packages/bilby/core/result.py", line 783, in save_to_file
    move_old_file(filename, overwrite)
  File "/home/thussenot/.conda/envs/multinest/lib/python3.10/site-packages/bilby/core/utils/io.py", line 411, in move_old_file
    shutil.move(filename, filename + ".old")
  File "/home/thussenot/.conda/envs/multinest/lib/python3.10/shutil.py", line 837, in move
    os.unlink(src)
FileNotFoundError: [Errno 2] No such file or directory: 'outdirBNSKa32cores/170817in14days_result.json'
06:20 bilby INFO    : Summary of results:
nsamples: 7142
ln_noise_evidence:  0.000
ln_evidence: -172.310 +/-  0.079
ln_bayes_factor: -172.310 +/-  0.079

06:20 bilby INFO    : Summary of results:
nsamples: 7142
ln_noise_evidence:  0.000
ln_evidence: -172.310 +/-  0.079
ln_bayes_factor: -172.310 +/-  0.079

Traceback (most recent call last):
  File "/home/thussenot/.conda/envs/multinest/bin/lightcurve-analysis", line 8, in <module>
    sys.exit(main())
  File "/home/thussenot/.conda/envs/multinest/lib/python3.10/site-packages/nmma/em/analysis.py", line 1028, in main
Traceback (most recent call last):
  File "/home/thussenot/.conda/envs/multinest/lib/python3.10/shutil.py", line 816, in move
    analysis(args)
  File "/home/thussenot/.conda/envs/multinest/lib/python3.10/site-packages/nmma/em/analysis.py", line 712, in analysis
    os.rename(src, real_dst)
FileNotFoundError: [Errno 2] No such file or directory: 'outdirBNSKa32cores/170817in14days_result.json' -> 'outdirBNSKa32cores/170817in14days_result.json.old'

During handling of the above exception, another exception occurred:

Traceback (most recent call last):
  File "/home/thussenot/.conda/envs/multinest/bin/lightcurve-analysis", line 8, in <module>
    result = bilby.run_sampler(
  File "/home/thussenot/.conda/envs/multinest/lib/python3.10/site-packages/bilby/core/sampler/__init__.py", line 278, in run_sampler
    sys.exit(main())
  File "/home/thussenot/.conda/envs/multinest/lib/python3.10/site-packages/nmma/em/analysis.py", line 1028, in main
    analysis(args)
  File "/home/thussenot/.conda/envs/multinest/lib/python3.10/site-packages/nmma/em/analysis.py", line 712, in analysis
    result.save_to_file(overwrite=True, extension=save, gzip=gzip, outdir=outdir)
  File "/home/thussenot/.conda/envs/multinest/lib/python3.10/site-packages/bilby/core/result.py", line 783, in save_to_file
    result = bilby.run_sampler(
  File "/home/thussenot/.conda/envs/multinest/lib/python3.10/site-packages/bilby/core/sampler/__init__.py", line 262, in run_sampler
    move_old_file(filename, overwrite)
  File "/home/thussenot/.conda/envs/multinest/lib/python3.10/site-packages/bilby/core/utils/io.py", line 406, in move_old_file
    result.save_to_file(extension=save, gzip=gzip, outdir=outdir)
  File "/home/thussenot/.conda/envs/multinest/lib/python3.10/site-packages/bilby/core/result.py", line 783, in save_to_file
    os.remove(filename)
FileNotFoundError: [Errno 2] No such file or directory: 'outdirBNSKa32cores/170817in14days_result.json'
    move_old_file(filename, overwrite)
  File "/home/thussenot/.conda/envs/multinest/lib/python3.10/site-packages/bilby/core/utils/io.py", line 411, in move_old_file
    shutil.move(filename, filename + ".old")
  File "/home/thussenot/.conda/envs/multinest/lib/python3.10/shutil.py", line 836, in move
    copy_function(src, real_dst)
  File "/home/thussenot/.conda/envs/multinest/lib/python3.10/shutil.py", line 435, in copy2
    copystat(src, dst, follow_symlinks=follow_symlinks)
  File "/home/thussenot/.conda/envs/multinest/lib/python3.10/shutil.py", line 372, in copystat
    st = lookup("stat")(src, follow_symlinks=follow)
FileNotFoundError: [Errno 2] No such file or directory: 'outdirBNSKa32cores/170817in14days_result.json'
Traceback (most recent call last):
  File "/home/thussenot/.conda/envs/multinest/lib/python3.10/shutil.py", line 816, in move
    os.rename(src, real_dst)
FileNotFoundError: [Errno 2] No such file or directory: 'outdirBNSKa32cores/170817in14days_result.json' -> 'outdirBNSKa32cores/170817in14days_result.json.old'

During handling of the above exception, another exception occurred:

Traceback (most recent call last):
  File "/home/thussenot/.conda/envs/multinest/bin/lightcurve-analysis", line 8, in <module>
    sys.exit(main())
  File "/home/thussenot/.conda/envs/multinest/lib/python3.10/site-packages/nmma/em/analysis.py", line 1028, in main
    analysis(args)
  File "/home/thussenot/.conda/envs/multinest/lib/python3.10/site-packages/nmma/em/analysis.py", line 712, in analysis
    result = bilby.run_sampler(
  File "/home/thussenot/.conda/envs/multinest/lib/python3.10/site-packages/bilby/core/sampler/__init__.py", line 262, in run_sampler
    result.save_to_file(extension=save, gzip=gzip, outdir=outdir)
  File "/home/thussenot/.conda/envs/multinest/lib/python3.10/site-packages/bilby/core/result.py", line 783, in save_to_file
    move_old_file(filename, overwrite)
  File "/home/thussenot/.conda/envs/multinest/lib/python3.10/site-packages/bilby/core/utils/io.py", line 411, in move_old_file
    shutil.move(filename, filename + ".old")
  File "/home/thussenot/.conda/envs/multinest/lib/python3.10/shutil.py", line 836, in move
    copy_function(src, real_dst)
  File "/home/thussenot/.conda/envs/multinest/lib/python3.10/shutil.py", line 435, in copy2
    copystat(src, dst, follow_symlinks=follow_symlinks)
  File "/home/thussenot/.conda/envs/multinest/lib/python3.10/shutil.py", line 378, in copystat
    _copyxattr(src, dst, follow_symlinks=follow)
  File "/home/thussenot/.conda/envs/multinest/lib/python3.10/shutil.py", line 320, in _copyxattr
    names = os.listxattr(src, follow_symlinks=follow_symlinks)
FileNotFoundError: [Errno 2] No such file or directory: 'outdirBNSKa32cores/170817in14days_result.json'
06:20 bilby INFO    : Summary of results:
nsamples: 7142
ln_noise_evidence:  0.000
ln_evidence: -172.310 +/-  0.079
ln_bayes_factor: -172.310 +/-  0.079

06:20 bilby INFO    : Summary of results:
nsamples: 7142
ln_noise_evidence:  0.000
ln_evidence: -172.310 +/-  0.079
ln_bayes_factor: -172.310 +/-  0.079

06:20 bilby INFO    : Summary of results:
nsamples: 7142
ln_noise_evidence:  0.000
ln_evidence: -172.310 +/-  0.079
ln_bayes_factor: -172.310 +/-  0.079

06:20 bilby INFO    : Summary of results:
nsamples: 7142
ln_noise_evidence:  0.000
ln_evidence: -172.310 +/-  0.079
ln_bayes_factor: -172.310 +/-  0.079

06:20 bilby INFO    : Summary of results:
nsamples: 7142
ln_noise_evidence:  0.000
ln_evidence: -172.310 +/-  0.079
ln_bayes_factor: -172.310 +/-  0.079

Traceback (most recent call last):
  File "/home/thussenot/.conda/envs/multinest/lib/python3.10/shutil.py", line 816, in move
    os.rename(src, real_dst)
FileNotFoundError: [Errno 2] No such file or directory: 'outdirBNSKa32cores/170817in14days_result.json' -> 'outdirBNSKa32cores/170817in14days_result.json.old'

During handling of the above exception, another exception occurred:

Traceback (most recent call last):
  File "/home/thussenot/.conda/envs/multinest/bin/lightcurve-analysis", line 8, in <module>
    sys.exit(main())
  File "/home/thussenot/.conda/envs/multinest/lib/python3.10/site-packages/nmma/em/analysis.py", line 1028, in main
    analysis(args)
  File "/home/thussenot/.conda/envs/multinest/lib/python3.10/site-packages/nmma/em/analysis.py", line 712, in analysis
    result = bilby.run_sampler(
  File "/home/thussenot/.conda/envs/multinest/lib/python3.10/site-packages/bilby/core/sampler/__init__.py", line 262, in run_sampler
    result.save_to_file(extension=save, gzip=gzip, outdir=outdir)
  File "/home/thussenot/.conda/envs/multinest/lib/python3.10/site-packages/bilby/core/result.py", line 783, in save_to_file
    move_old_file(filename, overwrite)
  File "/home/thussenot/.conda/envs/multinest/lib/python3.10/site-packages/bilby/core/utils/io.py", line 411, in move_old_file
    shutil.move(filename, filename + ".old")
  File "/home/thussenot/.conda/envs/multinest/lib/python3.10/shutil.py", line 837, in move
    os.unlink(src)
FileNotFoundError: [Errno 2] No such file or directory: 'outdirBNSKa32cores/170817in14days_result.json'
Traceback (most recent call last):
  File "/home/thussenot/.conda/envs/multinest/lib/python3.10/shutil.py", line 816, in move
Traceback (most recent call last):
  File "/home/thussenot/.conda/envs/multinest/lib/python3.10/shutil.py", line 816, in move
Traceback (most recent call last):
  File "/home/thussenot/.conda/envs/multinest/lib/python3.10/shutil.py", line 816, in move
    os.rename(src, real_dst)
    os.rename(src, real_dst)
    os.rename(src, real_dst)
FileNotFoundError: [Errno 2] No such file or directory: 'outdirBNSKa32cores/170817in14days_result.json' -> 'outdirBNSKa32cores/170817in14days_result.json.old'

During handling of the above exception, another exception occurred:

Traceback (most recent call last):
  File "/home/thussenot/.conda/envs/multinest/bin/lightcurve-analysis", line 8, in <module>
FileNotFoundError: [Errno 2] No such file or directory: 'outdirBNSKa32cores/170817in14days_result.json' -> 'outdirBNSKa32cores/170817in14days_result.json.old'

During handling of the above exception, another exception occurred:

Traceback (most recent call last):
  File "/home/thussenot/.conda/envs/multinest/bin/lightcurve-analysis", line 8, in <module>
FileNotFoundError: [Errno 2] No such file or directory: 'outdirBNSKa32cores/170817in14days_result.json' -> 'outdirBNSKa32cores/170817in14days_result.json.old'

During handling of the above exception, another exception occurred:

Traceback (most recent call last):
  File "/home/thussenot/.conda/envs/multinest/bin/lightcurve-analysis", line 8, in <module>
    sys.exit(main())
  File "/home/thussenot/.conda/envs/multinest/lib/python3.10/site-packages/nmma/em/analysis.py", line 1028, in main
    sys.exit(main())
  File "/home/thussenot/.conda/envs/multinest/lib/python3.10/site-packages/nmma/em/analysis.py", line 1028, in main
    sys.exit(main())
  File "/home/thussenot/.conda/envs/multinest/lib/python3.10/site-packages/nmma/em/analysis.py", line 1028, in main
    analysis(args)
  File "/home/thussenot/.conda/envs/multinest/lib/python3.10/site-packages/nmma/em/analysis.py", line 712, in analysis
    analysis(args)
  File "/home/thussenot/.conda/envs/multinest/lib/python3.10/site-packages/nmma/em/analysis.py", line 712, in analysis
    analysis(args)
  File "/home/thussenot/.conda/envs/multinest/lib/python3.10/site-packages/nmma/em/analysis.py", line 712, in analysis
    result = bilby.run_sampler(
  File "/home/thussenot/.conda/envs/multinest/lib/python3.10/site-packages/bilby/core/sampler/__init__.py", line 262, in run_sampler
    result = bilby.run_sampler(
  File "/home/thussenot/.conda/envs/multinest/lib/python3.10/site-packages/bilby/core/sampler/__init__.py", line 262, in run_sampler
    result = bilby.run_sampler(
  File "/home/thussenot/.conda/envs/multinest/lib/python3.10/site-packages/bilby/core/sampler/__init__.py", line 262, in run_sampler
    result.save_to_file(extension=save, gzip=gzip, outdir=outdir)
  File "/home/thussenot/.conda/envs/multinest/lib/python3.10/site-packages/bilby/core/result.py", line 783, in save_to_file
    result.save_to_file(extension=save, gzip=gzip, outdir=outdir)
  File "/home/thussenot/.conda/envs/multinest/lib/python3.10/site-packages/bilby/core/result.py", line 783, in save_to_file
    result.save_to_file(extension=save, gzip=gzip, outdir=outdir)
  File "/home/thussenot/.conda/envs/multinest/lib/python3.10/site-packages/bilby/core/result.py", line 783, in save_to_file
    move_old_file(filename, overwrite)
  File "/home/thussenot/.conda/envs/multinest/lib/python3.10/site-packages/bilby/core/utils/io.py", line 411, in move_old_file
    move_old_file(filename, overwrite)
  File "/home/thussenot/.conda/envs/multinest/lib/python3.10/site-packages/bilby/core/utils/io.py", line 411, in move_old_file
    move_old_file(filename, overwrite)
  File "/home/thussenot/.conda/envs/multinest/lib/python3.10/site-packages/bilby/core/utils/io.py", line 411, in move_old_file
    shutil.move(filename, filename + ".old")
  File "/home/thussenot/.conda/envs/multinest/lib/python3.10/shutil.py", line 836, in move
    shutil.move(filename, filename + ".old")
  File "/home/thussenot/.conda/envs/multinest/lib/python3.10/shutil.py", line 836, in move
    shutil.move(filename, filename + ".old")
  File "/home/thussenot/.conda/envs/multinest/lib/python3.10/shutil.py", line 836, in move
    copy_function(src, real_dst)
  File "/home/thussenot/.conda/envs/multinest/lib/python3.10/shutil.py", line 435, in copy2
    copy_function(src, real_dst)
  File "/home/thussenot/.conda/envs/multinest/lib/python3.10/shutil.py", line 435, in copy2
    copy_function(src, real_dst)
  File "/home/thussenot/.conda/envs/multinest/lib/python3.10/shutil.py", line 435, in copy2
    copystat(src, dst, follow_symlinks=follow_symlinks)
  File "/home/thussenot/.conda/envs/multinest/lib/python3.10/shutil.py", line 372, in copystat
    copystat(src, dst, follow_symlinks=follow_symlinks)
  File "/home/thussenot/.conda/envs/multinest/lib/python3.10/shutil.py", line 372, in copystat
    copystat(src, dst, follow_symlinks=follow_symlinks)
  File "/home/thussenot/.conda/envs/multinest/lib/python3.10/shutil.py", line 372, in copystat
    st = lookup("stat")(src, follow_symlinks=follow)
FileNotFoundError: [Errno 2] No such file or directory: 'outdirBNSKa32cores/170817in14days_result.json'
    st = lookup("stat")(src, follow_symlinks=follow)
FileNotFoundError: [Errno 2] No such file or directory: 'outdirBNSKa32cores/170817in14days_result.json'
    st = lookup("stat")(src, follow_symlinks=follow)
FileNotFoundError: [Errno 2] No such file or directory: 'outdirBNSKa32cores/170817in14days_result.json'
Traceback (most recent call last):
  File "/home/thussenot/.conda/envs/multinest/lib/python3.10/shutil.py", line 816, in move
    os.rename(src, real_dst)
FileNotFoundError: [Errno 2] No such file or directory: 'outdirBNSKa32cores/170817in14days_result.json' -> 'outdirBNSKa32cores/170817in14days_result.json.old'

During handling of the above exception, another exception occurred:

Traceback (most recent call last):
  File "/home/thussenot/.conda/envs/multinest/bin/lightcurve-analysis", line 8, in <module>
    sys.exit(main())
  File "/home/thussenot/.conda/envs/multinest/lib/python3.10/site-packages/nmma/em/analysis.py", line 1028, in main
    analysis(args)
  File "/home/thussenot/.conda/envs/multinest/lib/python3.10/site-packages/nmma/em/analysis.py", line 712, in analysis
    result = bilby.run_sampler(
  File "/home/thussenot/.conda/envs/multinest/lib/python3.10/site-packages/bilby/core/sampler/__init__.py", line 262, in run_sampler
    result.save_to_file(extension=save, gzip=gzip, outdir=outdir)
  File "/home/thussenot/.conda/envs/multinest/lib/python3.10/site-packages/bilby/core/result.py", line 783, in save_to_file
    move_old_file(filename, overwrite)
  File "/home/thussenot/.conda/envs/multinest/lib/python3.10/site-packages/bilby/core/utils/io.py", line 411, in move_old_file
    shutil.move(filename, filename + ".old")
  File "/home/thussenot/.conda/envs/multinest/lib/python3.10/shutil.py", line 836, in move
    copy_function(src, real_dst)
  File "/home/thussenot/.conda/envs/multinest/lib/python3.10/shutil.py", line 435, in copy2
    copystat(src, dst, follow_symlinks=follow_symlinks)
  File "/home/thussenot/.conda/envs/multinest/lib/python3.10/shutil.py", line 372, in copystat
    st = lookup("stat")(src, follow_symlinks=follow)
FileNotFoundError: [Errno 2] No such file or directory: 'outdirBNSKa32cores/170817in14days_result.json'
Traceback (most recent call last):
  File "/home/thussenot/.conda/envs/multinest/lib/python3.10/shutil.py", line 816, in move
    os.rename(src, real_dst)
FileNotFoundError: [Errno 2] No such file or directory: 'outdirBNSKa32cores/170817in14days_result.json' -> 'outdirBNSKa32cores/170817in14days_result.json.old'

During handling of the above exception, another exception occurred:

Traceback (most recent call last):
  File "/home/thussenot/.conda/envs/multinest/bin/lightcurve-analysis", line 8, in <module>
    sys.exit(main())
  File "/home/thussenot/.conda/envs/multinest/lib/python3.10/site-packages/nmma/em/analysis.py", line 1028, in main
    analysis(args)
  File "/home/thussenot/.conda/envs/multinest/lib/python3.10/site-packages/nmma/em/analysis.py", line 712, in analysis
    result = bilby.run_sampler(
  File "/home/thussenot/.conda/envs/multinest/lib/python3.10/site-packages/bilby/core/sampler/__init__.py", line 262, in run_sampler
    result.save_to_file(extension=save, gzip=gzip, outdir=outdir)
  File "/home/thussenot/.conda/envs/multinest/lib/python3.10/site-packages/bilby/core/result.py", line 783, in save_to_file
    move_old_file(filename, overwrite)
  File "/home/thussenot/.conda/envs/multinest/lib/python3.10/site-packages/bilby/core/utils/io.py", line 411, in move_old_file
    shutil.move(filename, filename + ".old")
  File "/home/thussenot/.conda/envs/multinest/lib/python3.10/shutil.py", line 836, in move
    copy_function(src, real_dst)
  File "/home/thussenot/.conda/envs/multinest/lib/python3.10/shutil.py", line 435, in copy2
    copystat(src, dst, follow_symlinks=follow_symlinks)
  File "/home/thussenot/.conda/envs/multinest/lib/python3.10/shutil.py", line 378, in copystat
    _copyxattr(src, dst, follow_symlinks=follow)
  File "/home/thussenot/.conda/envs/multinest/lib/python3.10/shutil.py", line 320, in _copyxattr
    names = os.listxattr(src, follow_symlinks=follow_symlinks)
FileNotFoundError: [Errno 2] No such file or directory: 'outdirBNSKa32cores/170817in14days_result.json'
06:20 bilby INFO    : Summary of results:
nsamples: 7142
ln_noise_evidence:  0.000
ln_evidence: -172.310 +/-  0.079
ln_bayes_factor: -172.310 +/-  0.079

06:20 bilby INFO    : Summary of results:
nsamples: 7142
ln_noise_evidence:  0.000
ln_evidence: -172.310 +/-  0.079
ln_bayes_factor: -172.310 +/-  0.079

06:20 bilby INFO    : Summary of results:
nsamples: 7142
ln_noise_evidence:  0.000
ln_evidence: -172.310 +/-  0.079
ln_bayes_factor: -172.310 +/-  0.079

06:20 bilby INFO    : Summary of results:
nsamples: 7142
ln_noise_evidence:  0.000
ln_evidence: -172.310 +/-  0.079
ln_bayes_factor: -172.310 +/-  0.079

/home/thussenot/.conda/envs/multinest/lib/python3.10/site-packages/matplotlib/axes/_base.py:2503: UserWarning: Warning: converting a masked element to nan.
  xys = np.asarray(xys)
--------------------------------------------------------------------------
Primary job  terminated normally, but 1 process returned
a non-zero exit code. Per user-direction, the job has been aborted.
--------------------------------------------------------------------------
--------------------------------------------------------------------------
mpiexec detected that one or more processes exited with non-zero status, thus causing
the job to be terminated. The first process to do so was:

  Process name: [[41822,1],8]
  Exit code:    1
--------------------------------------------------------------------------
