04:22 bilby INFO    : Running for label 'Constraints170817', output will be saved to 'outdirBNSBu32cores'
04:22 bilby INFO    : Running for label 'Constraints170817', output will be saved to 'outdirBNSBu32cores'
04:22 bilby INFO    : Running for label 'Constraints170817', output will be saved to 'outdirBNSBu32cores'
04:22 bilby INFO    : Running for label 'Constraints170817', output will be saved to 'outdirBNSBu32cores'
04:22 bilby INFO    : Running for label 'Constraints170817', output will be saved to 'outdirBNSBu32cores'
04:22 bilby INFO    : Running for label 'Constraints170817', output will be saved to 'outdirBNSBu32cores'
04:22 bilby INFO    : Running for label 'Constraints170817', output will be saved to 'outdirBNSBu32cores'
04:22 bilby INFO    : Running for label 'Constraints170817', output will be saved to 'outdirBNSBu32cores'
04:22 bilby INFO    : Running for label 'Constraints170817', output will be saved to 'outdirBNSBu32cores'
04:22 bilby INFO    : Running for label 'Constraints170817', output will be saved to 'outdirBNSBu32cores'
04:22 bilby INFO    : Running for label 'Constraints170817', output will be saved to 'outdirBNSBu32cores'
04:22 bilby INFO    : Running for label 'Constraints170817', output will be saved to 'outdirBNSBu32cores'
04:22 bilby INFO    : Running for label 'Constraints170817', output will be saved to 'outdirBNSBu32cores'
04:22 bilby INFO    : Running for label 'Constraints170817', output will be saved to 'outdirBNSBu32cores'
04:22 bilby INFO    : Running for label 'Constraints170817', output will be saved to 'outdirBNSBu32cores'
04:22 bilby INFO    : Running for label 'Constraints170817', output will be saved to 'outdirBNSBu32cores'
04:22 bilby INFO    : Running for label 'Constraints170817', output will be saved to 'outdirBNSBu32cores'
04:22 bilby INFO    : Running for label 'Constraints170817', output will be saved to 'outdirBNSBu32cores'
04:22 bilby INFO    : Running for label 'Constraints170817', output will be saved to 'outdirBNSBu32cores'
04:22 bilby INFO    : Running for label 'Constraints170817', output will be saved to 'outdirBNSBu32cores'
04:22 bilby INFO    : Running for label 'Constraints170817', output will be saved to 'outdirBNSBu32cores'
04:22 bilby INFO    : Running for label 'Constraints170817', output will be saved to 'outdirBNSBu32cores'
04:22 bilby INFO    : Running for label 'Constraints170817', output will be saved to 'outdirBNSBu32cores'
04:22 bilby INFO    : Running for label 'Constraints170817', output will be saved to 'outdirBNSBu32cores'
04:22 bilby INFO    : Running for label 'Constraints170817', output will be saved to 'outdirBNSBu32cores'
04:22 bilby INFO    : Running for label 'Constraints170817', output will be saved to 'outdirBNSBu32cores'
04:22 bilby INFO    : Running for label 'Constraints170817', output will be saved to 'outdirBNSBu32cores'
04:22 bilby INFO    : Running for label 'Constraints170817', output will be saved to 'outdirBNSBu32cores'
04:22 bilby INFO    : Running for label 'Constraints170817', output will be saved to 'outdirBNSBu32cores'
04:22 bilby INFO    : Running for label 'Constraints170817', output will be saved to 'outdirBNSBu32cores'
04:22 bilby INFO    : Running for label 'Constraints170817', output will be saved to 'outdirBNSBu32cores'
04:22 bilby INFO    : Running for label 'Constraints170817', output will be saved to 'outdirBNSBu32cores'
04:22 bilby INFO    : Analysis priors:
04:22 bilby INFO    : Analysis priors:
04:22 bilby INFO    : Analysis priors:
04:22 bilby INFO    : Analysis priors:
04:22 bilby INFO    : Analysis priors:
04:22 bilby INFO    : Analysis priors:
04:22 bilby INFO    : Analysis priors:
04:22 bilby INFO    : Analysis priors:
04:22 bilby INFO    : Analysis priors:
04:22 bilby INFO    : Analysis priors:
04:22 bilby INFO    : Analysis priors:
04:22 bilby INFO    : Analysis priors:
04:22 bilby INFO    : Analysis priors:
04:22 bilby INFO    : Analysis priors:
04:22 bilby INFO    : Analysis priors:
04:22 bilby INFO    : Analysis priors:
04:22 bilby INFO    : Analysis priors:
04:22 bilby INFO    : Analysis priors:
04:22 bilby INFO    : Analysis priors:
04:22 bilby INFO    : Analysis priors:
04:22 bilby INFO    : Analysis priors:
04:22 bilby INFO    : Analysis priors:
04:22 bilby INFO    : Analysis priors:
04:22 bilby INFO    : Analysis priors:
04:22 bilby INFO    : Analysis priors:
04:22 bilby INFO    : Analysis priors:
04:22 bilby INFO    : Analysis priors:
04:22 bilby INFO    : Analysis priors:
04:22 bilby INFO    : Analysis priors:
04:22 bilby INFO    : Analysis priors:
04:22 bilby INFO    : Analysis priors:
04:22 bilby INFO    : Analysis priors:
04:22 bilby INFO    : KNphi=Uniform(minimum=15.0, maximum=75.0, name='KNphi', latex_label='$\\Phi$', unit=None, boundary=None)
04:22 bilby INFO    : KNphi=Uniform(minimum=15.0, maximum=75.0, name='KNphi', latex_label='$\\Phi$', unit=None, boundary=None)
04:22 bilby INFO    : KNphi=Uniform(minimum=15.0, maximum=75.0, name='KNphi', latex_label='$\\Phi$', unit=None, boundary=None)
04:22 bilby INFO    : KNphi=Uniform(minimum=15.0, maximum=75.0, name='KNphi', latex_label='$\\Phi$', unit=None, boundary=None)
04:22 bilby INFO    : log10_mej_dyn=Uniform(minimum=-3.0, maximum=-1.0, name='log10_mej_dyn', latex_label='$\\log_{10}M^{\\rm{dyn}}_{\\rm{ej}}$', unit=None, boundary='reflective')
04:22 bilby INFO    : log10_mej_dyn=Uniform(minimum=-3.0, maximum=-1.0, name='log10_mej_dyn', latex_label='$\\log_{10}M^{\\rm{dyn}}_{\\rm{ej}}$', unit=None, boundary='reflective')
04:22 bilby INFO    : log10_mej_dyn=Uniform(minimum=-3.0, maximum=-1.0, name='log10_mej_dyn', latex_label='$\\log_{10}M^{\\rm{dyn}}_{\\rm{ej}}$', unit=None, boundary='reflective')
04:22 bilby INFO    : KNphi=Uniform(minimum=15.0, maximum=75.0, name='KNphi', latex_label='$\\Phi$', unit=None, boundary=None)
04:22 bilby INFO    : log10_mej_dyn=Uniform(minimum=-3.0, maximum=-1.0, name='log10_mej_dyn', latex_label='$\\log_{10}M^{\\rm{dyn}}_{\\rm{ej}}$', unit=None, boundary='reflective')
04:22 bilby INFO    : log10_mej_wind=Uniform(minimum=-3.0, maximum=-0.5, name='log10_mej_wind', latex_label='$\\log_{10}M^{\\rm{wind}}_{\\rm{ej}}$', unit=None, boundary='reflective')
04:22 bilby INFO    : log10_mej_wind=Uniform(minimum=-3.0, maximum=-0.5, name='log10_mej_wind', latex_label='$\\log_{10}M^{\\rm{wind}}_{\\rm{ej}}$', unit=None, boundary='reflective')
04:22 bilby INFO    : log10_mej_wind=Uniform(minimum=-3.0, maximum=-0.5, name='log10_mej_wind', latex_label='$\\log_{10}M^{\\rm{wind}}_{\\rm{ej}}$', unit=None, boundary='reflective')
04:22 bilby INFO    : log10_mej_wind=Uniform(minimum=-3.0, maximum=-0.5, name='log10_mej_wind', latex_label='$\\log_{10}M^{\\rm{wind}}_{\\rm{ej}}$', unit=None, boundary='reflective')
04:22 bilby INFO    : log10_mej_dyn=Uniform(minimum=-3.0, maximum=-1.0, name='log10_mej_dyn', latex_label='$\\log_{10}M^{\\rm{dyn}}_{\\rm{ej}}$', unit=None, boundary='reflective')
04:22 bilby INFO    : inclination_EM=Sine(minimum=0.33, maximum=0.42, name='inclination_EM', latex_label='$\\iota$', unit=None, boundary=None)
04:22 bilby INFO    : inclination_EM=Sine(minimum=0.33, maximum=0.42, name='inclination_EM', latex_label='$\\iota$', unit=None, boundary=None)
04:22 bilby INFO    : inclination_EM=Sine(minimum=0.33, maximum=0.42, name='inclination_EM', latex_label='$\\iota$', unit=None, boundary=None)
04:22 bilby INFO    : log10_mej_wind=Uniform(minimum=-3.0, maximum=-0.5, name='log10_mej_wind', latex_label='$\\log_{10}M^{\\rm{wind}}_{\\rm{ej}}$', unit=None, boundary='reflective')
04:22 bilby INFO    : inclination_EM=Sine(minimum=0.33, maximum=0.42, name='inclination_EM', latex_label='$\\iota$', unit=None, boundary=None)
04:22 bilby INFO    : luminosity_distance=LogUniform(minimum=38, maximum=48, name='luminosity_distance', latex_label='$D_L$', unit=None, boundary=None)
04:22 bilby INFO    : luminosity_distance=LogUniform(minimum=38, maximum=48, name='luminosity_distance', latex_label='$D_L$', unit=None, boundary=None)
04:22 bilby INFO    : luminosity_distance=LogUniform(minimum=38, maximum=48, name='luminosity_distance', latex_label='$D_L$', unit=None, boundary=None)
04:22 bilby INFO    : inclination_EM=Sine(minimum=0.33, maximum=0.42, name='inclination_EM', latex_label='$\\iota$', unit=None, boundary=None)
04:22 bilby INFO    : em_syserr=LogUniform(minimum=0.1, maximum=2.0, name='em_syserr', latex_label='$\\sigma$', unit=None, boundary=None)
04:22 bilby INFO    : luminosity_distance=LogUniform(minimum=38, maximum=48, name='luminosity_distance', latex_label='$D_L$', unit=None, boundary=None)
04:22 bilby INFO    : em_syserr=LogUniform(minimum=0.1, maximum=2.0, name='em_syserr', latex_label='$\\sigma$', unit=None, boundary=None)
04:22 bilby INFO    : em_syserr=LogUniform(minimum=0.1, maximum=2.0, name='em_syserr', latex_label='$\\sigma$', unit=None, boundary=None)
04:22 bilby INFO    : timeshift=0.0
04:22 bilby INFO    : timeshift=0.0
04:22 bilby INFO    : timeshift=0.0
04:22 bilby INFO    : Ebv=0.0
04:22 bilby INFO    : KNphi=Uniform(minimum=15.0, maximum=75.0, name='KNphi', latex_label='$\\Phi$', unit=None, boundary=None)
04:22 bilby INFO    : Ebv=0.0
04:22 bilby INFO    : Ebv=0.0
04:22 bilby INFO    : KNphi=Uniform(minimum=15.0, maximum=75.0, name='KNphi', latex_label='$\\Phi$', unit=None, boundary=None)
04:22 bilby INFO    : KNphi=Uniform(minimum=15.0, maximum=75.0, name='KNphi', latex_label='$\\Phi$', unit=None, boundary=None)
04:22 bilby INFO    : KNphi=Uniform(minimum=15.0, maximum=75.0, name='KNphi', latex_label='$\\Phi$', unit=None, boundary=None)
04:22 bilby INFO    : Analysis likelihood class: <class 'nmma.em.likelihood.OpticalLightCurve'>
04:22 bilby INFO    : KNphi=Uniform(minimum=15.0, maximum=75.0, name='KNphi', latex_label='$\\Phi$', unit=None, boundary=None)
04:22 bilby INFO    : KNphi=Uniform(minimum=15.0, maximum=75.0, name='KNphi', latex_label='$\\Phi$', unit=None, boundary=None)
04:22 bilby INFO    : em_syserr=LogUniform(minimum=0.1, maximum=2.0, name='em_syserr', latex_label='$\\sigma$', unit=None, boundary=None)
04:22 bilby INFO    : luminosity_distance=LogUniform(minimum=38, maximum=48, name='luminosity_distance', latex_label='$D_L$', unit=None, boundary=None)
04:22 bilby INFO    : Analysis likelihood class: <class 'nmma.em.likelihood.OpticalLightCurve'>
04:22 bilby INFO    : KNphi=Uniform(minimum=15.0, maximum=75.0, name='KNphi', latex_label='$\\Phi$', unit=None, boundary=None)
04:22 bilby INFO    : KNphi=Uniform(minimum=15.0, maximum=75.0, name='KNphi', latex_label='$\\Phi$', unit=None, boundary=None)
04:22 bilby INFO    : KNphi=Uniform(minimum=15.0, maximum=75.0, name='KNphi', latex_label='$\\Phi$', unit=None, boundary=None)
04:22 bilby INFO    : KNphi=Uniform(minimum=15.0, maximum=75.0, name='KNphi', latex_label='$\\Phi$', unit=None, boundary=None)
04:22 bilby INFO    : KNphi=Uniform(minimum=15.0, maximum=75.0, name='KNphi', latex_label='$\\Phi$', unit=None, boundary=None)
04:22 bilby INFO    : Analysis likelihood class: <class 'nmma.em.likelihood.OpticalLightCurve'>
04:22 bilby INFO    : KNphi=Uniform(minimum=15.0, maximum=75.0, name='KNphi', latex_label='$\\Phi$', unit=None, boundary=None)
04:22 bilby INFO    : Analysis likelihood noise evidence: 0.0
04:22 bilby INFO    : KNphi=Uniform(minimum=15.0, maximum=75.0, name='KNphi', latex_label='$\\Phi$', unit=None, boundary=None)
04:22 bilby INFO    : Analysis likelihood noise evidence: 0.0
04:22 bilby INFO    : KNphi=Uniform(minimum=15.0, maximum=75.0, name='KNphi', latex_label='$\\Phi$', unit=None, boundary=None)
04:22 bilby INFO    : timeshift=0.0
04:22 bilby INFO    : Analysis likelihood noise evidence: 0.0
04:22 bilby INFO    : KNphi=Uniform(minimum=15.0, maximum=75.0, name='KNphi', latex_label='$\\Phi$', unit=None, boundary=None)
04:22 bilby INFO    : Ebv=0.0
04:22 bilby INFO    : log10_mej_dyn=Uniform(minimum=-3.0, maximum=-1.0, name='log10_mej_dyn', latex_label='$\\log_{10}M^{\\rm{dyn}}_{\\rm{ej}}$', unit=None, boundary='reflective')
04:22 bilby INFO    : em_syserr=LogUniform(minimum=0.1, maximum=2.0, name='em_syserr', latex_label='$\\sigma$', unit=None, boundary=None)
04:22 bilby INFO    : log10_mej_dyn=Uniform(minimum=-3.0, maximum=-1.0, name='log10_mej_dyn', latex_label='$\\log_{10}M^{\\rm{dyn}}_{\\rm{ej}}$', unit=None, boundary='reflective')
04:22 bilby INFO    : Analysis likelihood class: <class 'nmma.em.likelihood.OpticalLightCurve'>
04:22 bilby INFO    : log10_mej_dyn=Uniform(minimum=-3.0, maximum=-1.0, name='log10_mej_dyn', latex_label='$\\log_{10}M^{\\rm{dyn}}_{\\rm{ej}}$', unit=None, boundary='reflective')
04:22 bilby INFO    : log10_mej_dyn=Uniform(minimum=-3.0, maximum=-1.0, name='log10_mej_dyn', latex_label='$\\log_{10}M^{\\rm{dyn}}_{\\rm{ej}}$', unit=None, boundary='reflective')
04:22 bilby INFO    : log10_mej_dyn=Uniform(minimum=-3.0, maximum=-1.0, name='log10_mej_dyn', latex_label='$\\log_{10}M^{\\rm{dyn}}_{\\rm{ej}}$', unit=None, boundary='reflective')
04:22 bilby INFO    : log10_mej_dyn=Uniform(minimum=-3.0, maximum=-1.0, name='log10_mej_dyn', latex_label='$\\log_{10}M^{\\rm{dyn}}_{\\rm{ej}}$', unit=None, boundary='reflective')
04:22 bilby INFO    : log10_mej_dyn=Uniform(minimum=-3.0, maximum=-1.0, name='log10_mej_dyn', latex_label='$\\log_{10}M^{\\rm{dyn}}_{\\rm{ej}}$', unit=None, boundary='reflective')
04:22 bilby INFO    : log10_mej_dyn=Uniform(minimum=-3.0, maximum=-1.0, name='log10_mej_dyn', latex_label='$\\log_{10}M^{\\rm{dyn}}_{\\rm{ej}}$', unit=None, boundary='reflective')
04:22 bilby INFO    : log10_mej_dyn=Uniform(minimum=-3.0, maximum=-1.0, name='log10_mej_dyn', latex_label='$\\log_{10}M^{\\rm{dyn}}_{\\rm{ej}}$', unit=None, boundary='reflective')
04:22 bilby INFO    : KNphi=Uniform(minimum=15.0, maximum=75.0, name='KNphi', latex_label='$\\Phi$', unit=None, boundary=None)
04:22 bilby INFO    : timeshift=0.0
04:22 bilby INFO    : KNphi=Uniform(minimum=15.0, maximum=75.0, name='KNphi', latex_label='$\\Phi$', unit=None, boundary=None)
04:22 bilby INFO    : log10_mej_dyn=Uniform(minimum=-3.0, maximum=-1.0, name='log10_mej_dyn', latex_label='$\\log_{10}M^{\\rm{dyn}}_{\\rm{ej}}$', unit=None, boundary='reflective')
04:22 bilby INFO    : log10_mej_dyn=Uniform(minimum=-3.0, maximum=-1.0, name='log10_mej_dyn', latex_label='$\\log_{10}M^{\\rm{dyn}}_{\\rm{ej}}$', unit=None, boundary='reflective')
04:22 bilby INFO    : KNphi=Uniform(minimum=15.0, maximum=75.0, name='KNphi', latex_label='$\\Phi$', unit=None, boundary=None)
04:22 bilby INFO    : log10_mej_dyn=Uniform(minimum=-3.0, maximum=-1.0, name='log10_mej_dyn', latex_label='$\\log_{10}M^{\\rm{dyn}}_{\\rm{ej}}$', unit=None, boundary='reflective')
04:22 bilby INFO    : KNphi=Uniform(minimum=15.0, maximum=75.0, name='KNphi', latex_label='$\\Phi$', unit=None, boundary=None)
04:22 bilby INFO    : log10_mej_dyn=Uniform(minimum=-3.0, maximum=-1.0, name='log10_mej_dyn', latex_label='$\\log_{10}M^{\\rm{dyn}}_{\\rm{ej}}$', unit=None, boundary='reflective')
04:22 bilby INFO    : Analysis likelihood noise evidence: 0.0
04:22 bilby INFO    : log10_mej_dyn=Uniform(minimum=-3.0, maximum=-1.0, name='log10_mej_dyn', latex_label='$\\log_{10}M^{\\rm{dyn}}_{\\rm{ej}}$', unit=None, boundary='reflective')
04:22 bilby INFO    : log10_mej_dyn=Uniform(minimum=-3.0, maximum=-1.0, name='log10_mej_dyn', latex_label='$\\log_{10}M^{\\rm{dyn}}_{\\rm{ej}}$', unit=None, boundary='reflective')
04:22 bilby INFO    : Ebv=0.0
04:22 bilby INFO    : KNphi=Uniform(minimum=15.0, maximum=75.0, name='KNphi', latex_label='$\\Phi$', unit=None, boundary=None)
04:22 bilby INFO    : log10_mej_wind=Uniform(minimum=-3.0, maximum=-0.5, name='log10_mej_wind', latex_label='$\\log_{10}M^{\\rm{wind}}_{\\rm{ej}}$', unit=None, boundary='reflective')
04:22 bilby INFO    : KNphi=Uniform(minimum=15.0, maximum=75.0, name='KNphi', latex_label='$\\Phi$', unit=None, boundary=None)
04:22 bilby INFO    : Analysis likelihood class: <class 'nmma.em.likelihood.OpticalLightCurve'>
04:22 bilby INFO    : log10_mej_wind=Uniform(minimum=-3.0, maximum=-0.5, name='log10_mej_wind', latex_label='$\\log_{10}M^{\\rm{wind}}_{\\rm{ej}}$', unit=None, boundary='reflective')
04:22 bilby INFO    : log10_mej_wind=Uniform(minimum=-3.0, maximum=-0.5, name='log10_mej_wind', latex_label='$\\log_{10}M^{\\rm{wind}}_{\\rm{ej}}$', unit=None, boundary='reflective')
04:22 bilby INFO    : log10_mej_wind=Uniform(minimum=-3.0, maximum=-0.5, name='log10_mej_wind', latex_label='$\\log_{10}M^{\\rm{wind}}_{\\rm{ej}}$', unit=None, boundary='reflective')
04:22 bilby INFO    : log10_mej_wind=Uniform(minimum=-3.0, maximum=-0.5, name='log10_mej_wind', latex_label='$\\log_{10}M^{\\rm{wind}}_{\\rm{ej}}$', unit=None, boundary='reflective')
04:22 bilby INFO    : log10_mej_wind=Uniform(minimum=-3.0, maximum=-0.5, name='log10_mej_wind', latex_label='$\\log_{10}M^{\\rm{wind}}_{\\rm{ej}}$', unit=None, boundary='reflective')
04:22 bilby INFO    : log10_mej_wind=Uniform(minimum=-3.0, maximum=-0.5, name='log10_mej_wind', latex_label='$\\log_{10}M^{\\rm{wind}}_{\\rm{ej}}$', unit=None, boundary='reflective')
04:22 bilby INFO    : log10_mej_wind=Uniform(minimum=-3.0, maximum=-0.5, name='log10_mej_wind', latex_label='$\\log_{10}M^{\\rm{wind}}_{\\rm{ej}}$', unit=None, boundary='reflective')
04:22 bilby INFO    : log10_mej_wind=Uniform(minimum=-3.0, maximum=-0.5, name='log10_mej_wind', latex_label='$\\log_{10}M^{\\rm{wind}}_{\\rm{ej}}$', unit=None, boundary='reflective')
04:22 bilby INFO    : log10_mej_wind=Uniform(minimum=-3.0, maximum=-0.5, name='log10_mej_wind', latex_label='$\\log_{10}M^{\\rm{wind}}_{\\rm{ej}}$', unit=None, boundary='reflective')
04:22 bilby INFO    : Analysis likelihood noise evidence: 0.0
04:22 bilby INFO    : log10_mej_dyn=Uniform(minimum=-3.0, maximum=-1.0, name='log10_mej_dyn', latex_label='$\\log_{10}M^{\\rm{dyn}}_{\\rm{ej}}$', unit=None, boundary='reflective')
04:22 bilby INFO    : log10_mej_wind=Uniform(minimum=-3.0, maximum=-0.5, name='log10_mej_wind', latex_label='$\\log_{10}M^{\\rm{wind}}_{\\rm{ej}}$', unit=None, boundary='reflective')
04:22 bilby INFO    : log10_mej_wind=Uniform(minimum=-3.0, maximum=-0.5, name='log10_mej_wind', latex_label='$\\log_{10}M^{\\rm{wind}}_{\\rm{ej}}$', unit=None, boundary='reflective')
04:22 bilby INFO    : log10_mej_dyn=Uniform(minimum=-3.0, maximum=-1.0, name='log10_mej_dyn', latex_label='$\\log_{10}M^{\\rm{dyn}}_{\\rm{ej}}$', unit=None, boundary='reflective')
04:22 bilby INFO    : log10_mej_wind=Uniform(minimum=-3.0, maximum=-0.5, name='log10_mej_wind', latex_label='$\\log_{10}M^{\\rm{wind}}_{\\rm{ej}}$', unit=None, boundary='reflective')
04:22 bilby INFO    : log10_mej_wind=Uniform(minimum=-3.0, maximum=-0.5, name='log10_mej_wind', latex_label='$\\log_{10}M^{\\rm{wind}}_{\\rm{ej}}$', unit=None, boundary='reflective')
04:22 bilby INFO    : log10_mej_dyn=Uniform(minimum=-3.0, maximum=-1.0, name='log10_mej_dyn', latex_label='$\\log_{10}M^{\\rm{dyn}}_{\\rm{ej}}$', unit=None, boundary='reflective')
04:22 bilby INFO    : log10_mej_wind=Uniform(minimum=-3.0, maximum=-0.5, name='log10_mej_wind', latex_label='$\\log_{10}M^{\\rm{wind}}_{\\rm{ej}}$', unit=None, boundary='reflective')
04:22 bilby INFO    : log10_mej_dyn=Uniform(minimum=-3.0, maximum=-1.0, name='log10_mej_dyn', latex_label='$\\log_{10}M^{\\rm{dyn}}_{\\rm{ej}}$', unit=None, boundary='reflective')
04:22 bilby INFO    : KNphi=Uniform(minimum=15.0, maximum=75.0, name='KNphi', latex_label='$\\Phi$', unit=None, boundary=None)
04:22 bilby INFO    : KNphi=Uniform(minimum=15.0, maximum=75.0, name='KNphi', latex_label='$\\Phi$', unit=None, boundary=None)
04:22 bilby INFO    : KNphi=Uniform(minimum=15.0, maximum=75.0, name='KNphi', latex_label='$\\Phi$', unit=None, boundary=None)
04:22 bilby INFO    : log10_mej_dyn=Uniform(minimum=-3.0, maximum=-1.0, name='log10_mej_dyn', latex_label='$\\log_{10}M^{\\rm{dyn}}_{\\rm{ej}}$', unit=None, boundary='reflective')
04:22 bilby INFO    : inclination_EM=Sine(minimum=0.33, maximum=0.42, name='inclination_EM', latex_label='$\\iota$', unit=None, boundary=None)
04:22 bilby INFO    : KNphi=Uniform(minimum=15.0, maximum=75.0, name='KNphi', latex_label='$\\Phi$', unit=None, boundary=None)
04:22 bilby INFO    : log10_mej_dyn=Uniform(minimum=-3.0, maximum=-1.0, name='log10_mej_dyn', latex_label='$\\log_{10}M^{\\rm{dyn}}_{\\rm{ej}}$', unit=None, boundary='reflective')
04:22 bilby INFO    : inclination_EM=Sine(minimum=0.33, maximum=0.42, name='inclination_EM', latex_label='$\\iota$', unit=None, boundary=None)
04:22 bilby INFO    : inclination_EM=Sine(minimum=0.33, maximum=0.42, name='inclination_EM', latex_label='$\\iota$', unit=None, boundary=None)
04:22 bilby INFO    : inclination_EM=Sine(minimum=0.33, maximum=0.42, name='inclination_EM', latex_label='$\\iota$', unit=None, boundary=None)
04:22 bilby INFO    : inclination_EM=Sine(minimum=0.33, maximum=0.42, name='inclination_EM', latex_label='$\\iota$', unit=None, boundary=None)
04:22 bilby INFO    : inclination_EM=Sine(minimum=0.33, maximum=0.42, name='inclination_EM', latex_label='$\\iota$', unit=None, boundary=None)
04:22 bilby INFO    : inclination_EM=Sine(minimum=0.33, maximum=0.42, name='inclination_EM', latex_label='$\\iota$', unit=None, boundary=None)
04:22 bilby INFO    : inclination_EM=Sine(minimum=0.33, maximum=0.42, name='inclination_EM', latex_label='$\\iota$', unit=None, boundary=None)
04:22 bilby INFO    : log10_mej_wind=Uniform(minimum=-3.0, maximum=-0.5, name='log10_mej_wind', latex_label='$\\log_{10}M^{\\rm{wind}}_{\\rm{ej}}$', unit=None, boundary='reflective')
04:22 bilby INFO    : inclination_EM=Sine(minimum=0.33, maximum=0.42, name='inclination_EM', latex_label='$\\iota$', unit=None, boundary=None)
04:22 bilby INFO    : inclination_EM=Sine(minimum=0.33, maximum=0.42, name='inclination_EM', latex_label='$\\iota$', unit=None, boundary=None)
04:22 bilby INFO    : log10_mej_wind=Uniform(minimum=-3.0, maximum=-0.5, name='log10_mej_wind', latex_label='$\\log_{10}M^{\\rm{wind}}_{\\rm{ej}}$', unit=None, boundary='reflective')
04:22 bilby INFO    : inclination_EM=Sine(minimum=0.33, maximum=0.42, name='inclination_EM', latex_label='$\\iota$', unit=None, boundary=None)
04:22 bilby INFO    : log10_mej_wind=Uniform(minimum=-3.0, maximum=-0.5, name='log10_mej_wind', latex_label='$\\log_{10}M^{\\rm{wind}}_{\\rm{ej}}$', unit=None, boundary='reflective')
04:22 bilby INFO    : log10_mej_wind=Uniform(minimum=-3.0, maximum=-0.5, name='log10_mej_wind', latex_label='$\\log_{10}M^{\\rm{wind}}_{\\rm{ej}}$', unit=None, boundary='reflective')
04:22 bilby INFO    : inclination_EM=Sine(minimum=0.33, maximum=0.42, name='inclination_EM', latex_label='$\\iota$', unit=None, boundary=None)
04:22 bilby INFO    : inclination_EM=Sine(minimum=0.33, maximum=0.42, name='inclination_EM', latex_label='$\\iota$', unit=None, boundary=None)
04:22 bilby INFO    : log10_mej_dyn=Uniform(minimum=-3.0, maximum=-1.0, name='log10_mej_dyn', latex_label='$\\log_{10}M^{\\rm{dyn}}_{\\rm{ej}}$', unit=None, boundary='reflective')
04:22 bilby INFO    : inclination_EM=Sine(minimum=0.33, maximum=0.42, name='inclination_EM', latex_label='$\\iota$', unit=None, boundary=None)
04:22 bilby INFO    : inclination_EM=Sine(minimum=0.33, maximum=0.42, name='inclination_EM', latex_label='$\\iota$', unit=None, boundary=None)
04:22 bilby INFO    : log10_mej_dyn=Uniform(minimum=-3.0, maximum=-1.0, name='log10_mej_dyn', latex_label='$\\log_{10}M^{\\rm{dyn}}_{\\rm{ej}}$', unit=None, boundary='reflective')
04:22 bilby INFO    : log10_mej_dyn=Uniform(minimum=-3.0, maximum=-1.0, name='log10_mej_dyn', latex_label='$\\log_{10}M^{\\rm{dyn}}_{\\rm{ej}}$', unit=None, boundary='reflective')
04:22 bilby INFO    : log10_mej_wind=Uniform(minimum=-3.0, maximum=-0.5, name='log10_mej_wind', latex_label='$\\log_{10}M^{\\rm{wind}}_{\\rm{ej}}$', unit=None, boundary='reflective')
04:22 bilby INFO    : log10_mej_wind=Uniform(minimum=-3.0, maximum=-0.5, name='log10_mej_wind', latex_label='$\\log_{10}M^{\\rm{wind}}_{\\rm{ej}}$', unit=None, boundary='reflective')
04:22 bilby INFO    : luminosity_distance=LogUniform(minimum=38, maximum=48, name='luminosity_distance', latex_label='$D_L$', unit=None, boundary=None)
04:22 bilby INFO    : log10_mej_dyn=Uniform(minimum=-3.0, maximum=-1.0, name='log10_mej_dyn', latex_label='$\\log_{10}M^{\\rm{dyn}}_{\\rm{ej}}$', unit=None, boundary='reflective')
04:22 bilby INFO    : luminosity_distance=LogUniform(minimum=38, maximum=48, name='luminosity_distance', latex_label='$D_L$', unit=None, boundary=None)
04:22 bilby INFO    : luminosity_distance=LogUniform(minimum=38, maximum=48, name='luminosity_distance', latex_label='$D_L$', unit=None, boundary=None)
04:22 bilby INFO    : luminosity_distance=LogUniform(minimum=38, maximum=48, name='luminosity_distance', latex_label='$D_L$', unit=None, boundary=None)
04:22 bilby INFO    : luminosity_distance=LogUniform(minimum=38, maximum=48, name='luminosity_distance', latex_label='$D_L$', unit=None, boundary=None)
04:22 bilby INFO    : luminosity_distance=LogUniform(minimum=38, maximum=48, name='luminosity_distance', latex_label='$D_L$', unit=None, boundary=None)
04:22 bilby INFO    : inclination_EM=Sine(minimum=0.33, maximum=0.42, name='inclination_EM', latex_label='$\\iota$', unit=None, boundary=None)
04:22 bilby INFO    : luminosity_distance=LogUniform(minimum=38, maximum=48, name='luminosity_distance', latex_label='$D_L$', unit=None, boundary=None)
04:22 bilby INFO    : luminosity_distance=LogUniform(minimum=38, maximum=48, name='luminosity_distance', latex_label='$D_L$', unit=None, boundary=None)
04:22 bilby INFO    : luminosity_distance=LogUniform(minimum=38, maximum=48, name='luminosity_distance', latex_label='$D_L$', unit=None, boundary=None)
04:22 bilby INFO    : luminosity_distance=LogUniform(minimum=38, maximum=48, name='luminosity_distance', latex_label='$D_L$', unit=None, boundary=None)
04:22 bilby INFO    : inclination_EM=Sine(minimum=0.33, maximum=0.42, name='inclination_EM', latex_label='$\\iota$', unit=None, boundary=None)
04:22 bilby INFO    : inclination_EM=Sine(minimum=0.33, maximum=0.42, name='inclination_EM', latex_label='$\\iota$', unit=None, boundary=None)
04:22 bilby INFO    : luminosity_distance=LogUniform(minimum=38, maximum=48, name='luminosity_distance', latex_label='$D_L$', unit=None, boundary=None)
04:22 bilby INFO    : luminosity_distance=LogUniform(minimum=38, maximum=48, name='luminosity_distance', latex_label='$D_L$', unit=None, boundary=None)
04:22 bilby INFO    : log10_mej_wind=Uniform(minimum=-3.0, maximum=-0.5, name='log10_mej_wind', latex_label='$\\log_{10}M^{\\rm{wind}}_{\\rm{ej}}$', unit=None, boundary='reflective')
04:22 bilby INFO    : luminosity_distance=LogUniform(minimum=38, maximum=48, name='luminosity_distance', latex_label='$D_L$', unit=None, boundary=None)
04:22 bilby INFO    : inclination_EM=Sine(minimum=0.33, maximum=0.42, name='inclination_EM', latex_label='$\\iota$', unit=None, boundary=None)
04:22 bilby INFO    : luminosity_distance=LogUniform(minimum=38, maximum=48, name='luminosity_distance', latex_label='$D_L$', unit=None, boundary=None)
04:22 bilby INFO    : inclination_EM=Sine(minimum=0.33, maximum=0.42, name='inclination_EM', latex_label='$\\iota$', unit=None, boundary=None)
04:22 bilby INFO    : em_syserr=LogUniform(minimum=0.1, maximum=2.0, name='em_syserr', latex_label='$\\sigma$', unit=None, boundary=None)
04:22 bilby INFO    : log10_mej_wind=Uniform(minimum=-3.0, maximum=-0.5, name='log10_mej_wind', latex_label='$\\log_{10}M^{\\rm{wind}}_{\\rm{ej}}$', unit=None, boundary='reflective')
04:22 bilby INFO    : luminosity_distance=LogUniform(minimum=38, maximum=48, name='luminosity_distance', latex_label='$D_L$', unit=None, boundary=None)
04:22 bilby INFO    : log10_mej_wind=Uniform(minimum=-3.0, maximum=-0.5, name='log10_mej_wind', latex_label='$\\log_{10}M^{\\rm{wind}}_{\\rm{ej}}$', unit=None, boundary='reflective')
04:22 bilby INFO    : inclination_EM=Sine(minimum=0.33, maximum=0.42, name='inclination_EM', latex_label='$\\iota$', unit=None, boundary=None)
04:22 bilby INFO    : log10_mej_wind=Uniform(minimum=-3.0, maximum=-0.5, name='log10_mej_wind', latex_label='$\\log_{10}M^{\\rm{wind}}_{\\rm{ej}}$', unit=None, boundary='reflective')
04:22 bilby INFO    : em_syserr=LogUniform(minimum=0.1, maximum=2.0, name='em_syserr', latex_label='$\\sigma$', unit=None, boundary=None)
04:22 bilby INFO    : em_syserr=LogUniform(minimum=0.1, maximum=2.0, name='em_syserr', latex_label='$\\sigma$', unit=None, boundary=None)
04:22 bilby INFO    : em_syserr=LogUniform(minimum=0.1, maximum=2.0, name='em_syserr', latex_label='$\\sigma$', unit=None, boundary=None)
04:22 bilby INFO    : timeshift=0.0
04:22 bilby INFO    : em_syserr=LogUniform(minimum=0.1, maximum=2.0, name='em_syserr', latex_label='$\\sigma$', unit=None, boundary=None)
04:22 bilby INFO    : timeshift=0.0
04:22 bilby INFO    : em_syserr=LogUniform(minimum=0.1, maximum=2.0, name='em_syserr', latex_label='$\\sigma$', unit=None, boundary=None)
04:22 bilby INFO    : em_syserr=LogUniform(minimum=0.1, maximum=2.0, name='em_syserr', latex_label='$\\sigma$', unit=None, boundary=None)
04:22 bilby INFO    : Ebv=0.0
04:22 bilby INFO    : luminosity_distance=LogUniform(minimum=38, maximum=48, name='luminosity_distance', latex_label='$D_L$', unit=None, boundary=None)
04:22 bilby INFO    : em_syserr=LogUniform(minimum=0.1, maximum=2.0, name='em_syserr', latex_label='$\\sigma$', unit=None, boundary=None)
04:22 bilby INFO    : timeshift=0.0
04:22 bilby INFO    : em_syserr=LogUniform(minimum=0.1, maximum=2.0, name='em_syserr', latex_label='$\\sigma$', unit=None, boundary=None)
04:22 bilby INFO    : em_syserr=LogUniform(minimum=0.1, maximum=2.0, name='em_syserr', latex_label='$\\sigma$', unit=None, boundary=None)
04:22 bilby INFO    : timeshift=0.0
04:22 bilby INFO    : timeshift=0.0
04:22 bilby INFO    : Ebv=0.0
04:22 bilby INFO    : em_syserr=LogUniform(minimum=0.1, maximum=2.0, name='em_syserr', latex_label='$\\sigma$', unit=None, boundary=None)
04:22 bilby INFO    : luminosity_distance=LogUniform(minimum=38, maximum=48, name='luminosity_distance', latex_label='$D_L$', unit=None, boundary=None)
04:22 bilby INFO    : em_syserr=LogUniform(minimum=0.1, maximum=2.0, name='em_syserr', latex_label='$\\sigma$', unit=None, boundary=None)
04:22 bilby INFO    : Analysis likelihood class: <class 'nmma.em.likelihood.OpticalLightCurve'>
04:22 bilby INFO    : luminosity_distance=LogUniform(minimum=38, maximum=48, name='luminosity_distance', latex_label='$D_L$', unit=None, boundary=None)
04:22 bilby INFO    : em_syserr=LogUniform(minimum=0.1, maximum=2.0, name='em_syserr', latex_label='$\\sigma$', unit=None, boundary=None)
04:22 bilby INFO    : em_syserr=LogUniform(minimum=0.1, maximum=2.0, name='em_syserr', latex_label='$\\sigma$', unit=None, boundary=None)
04:22 bilby INFO    : Ebv=0.0
04:22 bilby INFO    : timeshift=0.0
04:22 bilby INFO    : timeshift=0.0
04:22 bilby INFO    : Ebv=0.0
04:22 bilby INFO    : timeshift=0.0
04:22 bilby INFO    : timeshift=0.0
04:22 bilby INFO    : timeshift=0.0
04:22 bilby INFO    : luminosity_distance=LogUniform(minimum=38, maximum=48, name='luminosity_distance', latex_label='$D_L$', unit=None, boundary=None)
04:22 bilby INFO    : inclination_EM=Sine(minimum=0.33, maximum=0.42, name='inclination_EM', latex_label='$\\iota$', unit=None, boundary=None)
04:22 bilby INFO    : luminosity_distance=LogUniform(minimum=38, maximum=48, name='luminosity_distance', latex_label='$D_L$', unit=None, boundary=None)
04:22 bilby INFO    : inclination_EM=Sine(minimum=0.33, maximum=0.42, name='inclination_EM', latex_label='$\\iota$', unit=None, boundary=None)
04:22 bilby INFO    : Ebv=0.0
04:22 bilby INFO    : Ebv=0.0
04:22 bilby INFO    : Analysis likelihood class: <class 'nmma.em.likelihood.OpticalLightCurve'>
04:22 bilby INFO    : inclination_EM=Sine(minimum=0.33, maximum=0.42, name='inclination_EM', latex_label='$\\iota$', unit=None, boundary=None)
04:22 bilby INFO    : timeshift=0.0
04:22 bilby INFO    : em_syserr=LogUniform(minimum=0.1, maximum=2.0, name='em_syserr', latex_label='$\\sigma$', unit=None, boundary=None)
04:22 bilby INFO    : Ebv=0.0
04:22 bilby INFO    : timeshift=0.0
04:22 bilby INFO    : em_syserr=LogUniform(minimum=0.1, maximum=2.0, name='em_syserr', latex_label='$\\sigma$', unit=None, boundary=None)
04:22 bilby INFO    : luminosity_distance=LogUniform(minimum=38, maximum=48, name='luminosity_distance', latex_label='$D_L$', unit=None, boundary=None)
04:22 bilby INFO    : Analysis likelihood noise evidence: 0.0
04:22 bilby INFO    : timeshift=0.0
04:22 bilby INFO    : Ebv=0.0
04:22 bilby INFO    : timeshift=0.0
04:22 bilby INFO    : Ebv=0.0
04:22 bilby INFO    : inclination_EM=Sine(minimum=0.33, maximum=0.42, name='inclination_EM', latex_label='$\\iota$', unit=None, boundary=None)
04:22 bilby INFO    : Analysis likelihood class: <class 'nmma.em.likelihood.OpticalLightCurve'>
04:22 bilby INFO    : Ebv=0.0
04:22 bilby INFO    : Analysis likelihood class: <class 'nmma.em.likelihood.OpticalLightCurve'>
04:22 bilby INFO    : Analysis likelihood class: <class 'nmma.em.likelihood.OpticalLightCurve'>
04:22 bilby INFO    : Analysis likelihood class: <class 'nmma.em.likelihood.OpticalLightCurve'>
04:22 bilby INFO    : Analysis likelihood noise evidence: 0.0
04:22 bilby INFO    : Analysis likelihood class: <class 'nmma.em.likelihood.OpticalLightCurve'>
04:22 bilby INFO    : Ebv=0.0
04:22 bilby INFO    : Analysis likelihood class: <class 'nmma.em.likelihood.OpticalLightCurve'>
04:22 bilby INFO    : Ebv=0.0
04:22 bilby INFO    : Analysis likelihood class: <class 'nmma.em.likelihood.OpticalLightCurve'>
04:22 bilby INFO    : Analysis likelihood noise evidence: 0.0
04:22 bilby INFO    : Ebv=0.0
04:22 bilby INFO    : Analysis likelihood class: <class 'nmma.em.likelihood.OpticalLightCurve'>
04:22 bilby INFO    : timeshift=0.0
04:22 bilby INFO    : em_syserr=LogUniform(minimum=0.1, maximum=2.0, name='em_syserr', latex_label='$\\sigma$', unit=None, boundary=None)
04:22 bilby INFO    : timeshift=0.0
04:22 bilby INFO    : Analysis likelihood class: <class 'nmma.em.likelihood.OpticalLightCurve'>
04:22 bilby INFO    : Analysis likelihood noise evidence: 0.0
04:22 bilby INFO    : Ebv=0.0
04:22 bilby INFO    : timeshift=0.0
04:22 bilby INFO    : em_syserr=LogUniform(minimum=0.1, maximum=2.0, name='em_syserr', latex_label='$\\sigma$', unit=None, boundary=None)
04:22 bilby INFO    : timeshift=0.0
04:22 bilby INFO    : Analysis likelihood class: <class 'nmma.em.likelihood.OpticalLightCurve'>
04:22 bilby INFO    : Analysis likelihood class: <class 'nmma.em.likelihood.OpticalLightCurve'>
04:22 bilby INFO    : Analysis likelihood noise evidence: 0.0
04:22 bilby INFO    : Analysis likelihood noise evidence: 0.0
04:22 bilby INFO    : Analysis likelihood noise evidence: 0.0
04:22 bilby INFO    : Analysis likelihood noise evidence: 0.0
04:22 bilby INFO    : Analysis likelihood noise evidence: 0.0
04:22 bilby INFO    : Ebv=0.0
04:22 bilby INFO    : Analysis likelihood noise evidence: 0.0
04:22 bilby INFO    : em_syserr=LogUniform(minimum=0.1, maximum=2.0, name='em_syserr', latex_label='$\\sigma$', unit=None, boundary=None)
04:22 bilby INFO    : Analysis likelihood class: <class 'nmma.em.likelihood.OpticalLightCurve'>
04:22 bilby INFO    : Ebv=0.0
04:22 bilby INFO    : em_syserr=LogUniform(minimum=0.1, maximum=2.0, name='em_syserr', latex_label='$\\sigma$', unit=None, boundary=None)
04:22 bilby INFO    : luminosity_distance=LogUniform(minimum=38, maximum=48, name='luminosity_distance', latex_label='$D_L$', unit=None, boundary=None)
04:22 bilby INFO    : Analysis likelihood noise evidence: 0.0
04:22 bilby INFO    : Analysis likelihood class: <class 'nmma.em.likelihood.OpticalLightCurve'>
04:22 bilby INFO    : Ebv=0.0
04:22 bilby INFO    : timeshift=0.0
04:22 bilby INFO    : em_syserr=LogUniform(minimum=0.1, maximum=2.0, name='em_syserr', latex_label='$\\sigma$', unit=None, boundary=None)
04:22 bilby INFO    : Analysis likelihood noise evidence: 0.0
04:22 bilby INFO    : Ebv=0.0
04:22 bilby INFO    : Analysis likelihood noise evidence: 0.0
04:22 bilby INFO    : luminosity_distance=LogUniform(minimum=38, maximum=48, name='luminosity_distance', latex_label='$D_L$', unit=None, boundary=None)
04:22 bilby INFO    : Analysis likelihood class: <class 'nmma.em.likelihood.OpticalLightCurve'>
04:22 bilby INFO    : luminosity_distance=LogUniform(minimum=38, maximum=48, name='luminosity_distance', latex_label='$D_L$', unit=None, boundary=None)
04:22 bilby INFO    : Analysis likelihood noise evidence: 0.0
04:22 bilby INFO    : luminosity_distance=LogUniform(minimum=38, maximum=48, name='luminosity_distance', latex_label='$D_L$', unit=None, boundary=None)
04:22 bilby INFO    : Analysis likelihood noise evidence: 0.0
04:22 bilby INFO    : Analysis likelihood class: <class 'nmma.em.likelihood.OpticalLightCurve'>
04:22 bilby INFO    : timeshift=0.0
04:22 bilby INFO    : Analysis likelihood class: <class 'nmma.em.likelihood.OpticalLightCurve'>
04:22 bilby INFO    : Analysis likelihood noise evidence: 0.0
04:22 bilby INFO    : timeshift=0.0
04:22 bilby INFO    : Ebv=0.0
04:22 bilby INFO    : Analysis likelihood class: <class 'nmma.em.likelihood.OpticalLightCurve'>
04:22 bilby INFO    : Analysis likelihood noise evidence: 0.0
04:22 bilby INFO    : Ebv=0.0
04:22 bilby INFO    : Analysis likelihood noise evidence: 0.0
04:22 bilby INFO    : Ebv=0.0
04:22 bilby INFO    : em_syserr=LogUniform(minimum=0.1, maximum=2.0, name='em_syserr', latex_label='$\\sigma$', unit=None, boundary=None)
04:22 bilby INFO    : Analysis likelihood class: <class 'nmma.em.likelihood.OpticalLightCurve'>
04:22 bilby INFO    : em_syserr=LogUniform(minimum=0.1, maximum=2.0, name='em_syserr', latex_label='$\\sigma$', unit=None, boundary=None)
04:22 bilby INFO    : Analysis likelihood class: <class 'nmma.em.likelihood.OpticalLightCurve'>
04:22 bilby INFO    : em_syserr=LogUniform(minimum=0.1, maximum=2.0, name='em_syserr', latex_label='$\\sigma$', unit=None, boundary=None)
04:22 bilby INFO    : Analysis likelihood noise evidence: 0.0
04:22 bilby INFO    : timeshift=0.0
04:22 bilby INFO    : em_syserr=LogUniform(minimum=0.1, maximum=2.0, name='em_syserr', latex_label='$\\sigma$', unit=None, boundary=None)
04:22 bilby INFO    : Analysis likelihood noise evidence: 0.0
04:22 bilby INFO    : Analysis likelihood noise evidence: 0.0
04:22 bilby INFO    : timeshift=0.0
04:22 bilby INFO    : timeshift=0.0
04:22 bilby INFO    : Ebv=0.0
04:22 bilby INFO    : timeshift=0.0
04:22 bilby INFO    : Ebv=0.0
04:22 bilby INFO    : Ebv=0.0
04:22 bilby INFO    : Analysis likelihood class: <class 'nmma.em.likelihood.OpticalLightCurve'>
04:22 bilby INFO    : Ebv=0.0
04:22 bilby INFO    : Analysis likelihood class: <class 'nmma.em.likelihood.OpticalLightCurve'>
04:22 bilby INFO    : Analysis likelihood class: <class 'nmma.em.likelihood.OpticalLightCurve'>
04:22 bilby INFO    : Analysis likelihood noise evidence: 0.0
04:22 bilby INFO    : Analysis likelihood class: <class 'nmma.em.likelihood.OpticalLightCurve'>
04:22 bilby INFO    : Analysis likelihood noise evidence: 0.0
04:22 bilby INFO    : Analysis likelihood noise evidence: 0.0
04:22 bilby INFO    : Analysis likelihood noise evidence: 0.0
04:22 bilby INFO    : KNphi=Uniform(minimum=15.0, maximum=75.0, name='KNphi', latex_label='$\\Phi$', unit=None, boundary=None)
04:22 bilby INFO    : KNphi=Uniform(minimum=15.0, maximum=75.0, name='KNphi', latex_label='$\\Phi$', unit=None, boundary=None)
04:22 bilby INFO    : log10_mej_dyn=Uniform(minimum=-3.0, maximum=-1.0, name='log10_mej_dyn', latex_label='$\\log_{10}M^{\\rm{dyn}}_{\\rm{ej}}$', unit=None, boundary='reflective')
04:22 bilby INFO    : log10_mej_dyn=Uniform(minimum=-3.0, maximum=-1.0, name='log10_mej_dyn', latex_label='$\\log_{10}M^{\\rm{dyn}}_{\\rm{ej}}$', unit=None, boundary='reflective')
04:22 bilby INFO    : log10_mej_wind=Uniform(minimum=-3.0, maximum=-0.5, name='log10_mej_wind', latex_label='$\\log_{10}M^{\\rm{wind}}_{\\rm{ej}}$', unit=None, boundary='reflective')
04:22 bilby INFO    : log10_mej_wind=Uniform(minimum=-3.0, maximum=-0.5, name='log10_mej_wind', latex_label='$\\log_{10}M^{\\rm{wind}}_{\\rm{ej}}$', unit=None, boundary='reflective')
04:22 bilby INFO    : inclination_EM=Sine(minimum=0.33, maximum=0.42, name='inclination_EM', latex_label='$\\iota$', unit=None, boundary=None)
04:22 bilby INFO    : inclination_EM=Sine(minimum=0.33, maximum=0.42, name='inclination_EM', latex_label='$\\iota$', unit=None, boundary=None)
04:22 bilby INFO    : luminosity_distance=LogUniform(minimum=38, maximum=48, name='luminosity_distance', latex_label='$D_L$', unit=None, boundary=None)
04:22 bilby INFO    : luminosity_distance=LogUniform(minimum=38, maximum=48, name='luminosity_distance', latex_label='$D_L$', unit=None, boundary=None)
04:22 bilby INFO    : em_syserr=LogUniform(minimum=0.1, maximum=2.0, name='em_syserr', latex_label='$\\sigma$', unit=None, boundary=None)
04:22 bilby INFO    : timeshift=0.0
04:22 bilby INFO    : Ebv=0.0
04:22 bilby INFO    : em_syserr=LogUniform(minimum=0.1, maximum=2.0, name='em_syserr', latex_label='$\\sigma$', unit=None, boundary=None)
04:22 bilby INFO    : Analysis likelihood class: <class 'nmma.em.likelihood.OpticalLightCurve'>
04:22 bilby INFO    : timeshift=0.0
04:22 bilby INFO    : Analysis likelihood noise evidence: 0.0
04:22 bilby INFO    : Ebv=0.0
04:22 bilby INFO    : Analysis likelihood class: <class 'nmma.em.likelihood.OpticalLightCurve'>
04:22 bilby INFO    : Analysis likelihood noise evidence: 0.0
04:23 bilby INFO    : Single likelihood evaluation took 4.470e-01 s
04:23 bilby INFO    : Single likelihood evaluation took 4.472e-01 s
04:23 bilby INFO    : Single likelihood evaluation took 4.510e-01 s
04:23 bilby WARNING : Supplied argument 'queue_size' not an argument of 'Pymultinest', removing.
04:23 bilby WARNING : Supplied argument 'check_point_delta_t' not an argument of 'Pymultinest', removing.
04:23 bilby INFO    : Using sampler Pymultinest with kwargs {'importance_nested_sampling': False, 'resume': True, 'verbose': True, 'sampling_efficiency': 'parameter', 'n_live_points': 2048, 'n_params': 6, 'n_clustering_params': None, 'wrapped_params': None, 'multimodal': True, 'const_efficiency_mode': False, 'evidence_tolerance': 0.5, 'n_iter_before_update': 100, 'null_log_evidence': -1e+90, 'max_modes': 100, 'mode_tolerance': -1e+90, 'seed': 42, 'context': 0, 'write_output': True, 'log_zero': -1e+100, 'max_iter': 0, 'init_MPI': False, 'dump_callback': <bound method Pymultinest._dump_callback of <bilby.core.sampler.pymultinest.Pymultinest object at 0x155500fe2aa0>>}
04:23 bilby INFO    : Single likelihood evaluation took 4.512e-01 s
04:23 bilby INFO    : Temporary directory incompatible with MPI, will run in original directory
04:23 bilby INFO    : Using output file outdirBNSBu32cores/pm_Constraints170817/
04:23 bilby WARNING : Supplied argument 'queue_size' not an argument of 'Pymultinest', removing.
04:23 bilby WARNING : Supplied argument 'check_point_delta_t' not an argument of 'Pymultinest', removing.
04:23 bilby INFO    : Using sampler Pymultinest with kwargs {'importance_nested_sampling': False, 'resume': True, 'verbose': True, 'sampling_efficiency': 'parameter', 'n_live_points': 2048, 'n_params': 6, 'n_clustering_params': None, 'wrapped_params': None, 'multimodal': True, 'const_efficiency_mode': False, 'evidence_tolerance': 0.5, 'n_iter_before_update': 100, 'null_log_evidence': -1e+90, 'max_modes': 100, 'mode_tolerance': -1e+90, 'seed': 42, 'context': 0, 'write_output': True, 'log_zero': -1e+100, 'max_iter': 0, 'init_MPI': False, 'dump_callback': <bound method Pymultinest._dump_callback of <bilby.core.sampler.pymultinest.Pymultinest object at 0x155500fe3ac0>>}
04:23 bilby INFO    : Single likelihood evaluation took 4.519e-01 s
04:23 bilby INFO    : Temporary directory incompatible with MPI, will run in original directory
04:23 bilby INFO    : Using output file outdirBNSBu32cores/pm_Constraints170817/
04:23 bilby WARNING : Supplied argument 'queue_size' not an argument of 'Pymultinest', removing.
04:23 bilby WARNING : Supplied argument 'check_point_delta_t' not an argument of 'Pymultinest', removing.
04:23 bilby INFO    : Using sampler Pymultinest with kwargs {'importance_nested_sampling': False, 'resume': True, 'verbose': True, 'sampling_efficiency': 'parameter', 'n_live_points': 2048, 'n_params': 6, 'n_clustering_params': None, 'wrapped_params': None, 'multimodal': True, 'const_efficiency_mode': False, 'evidence_tolerance': 0.5, 'n_iter_before_update': 100, 'null_log_evidence': -1e+90, 'max_modes': 100, 'mode_tolerance': -1e+90, 'seed': 42, 'context': 0, 'write_output': True, 'log_zero': -1e+100, 'max_iter': 0, 'init_MPI': False, 'dump_callback': <bound method Pymultinest._dump_callback of <bilby.core.sampler.pymultinest.Pymultinest object at 0x155500fde920>>}
04:23 bilby INFO    : Temporary directory incompatible with MPI, will run in original directory
04:23 bilby INFO    : Using output file outdirBNSBu32cores/pm_Constraints170817/
04:23 bilby WARNING : Supplied argument 'queue_size' not an argument of 'Pymultinest', removing.
04:23 bilby WARNING : Supplied argument 'check_point_delta_t' not an argument of 'Pymultinest', removing.
04:23 bilby INFO    : Using sampler Pymultinest with kwargs {'importance_nested_sampling': False, 'resume': True, 'verbose': True, 'sampling_efficiency': 'parameter', 'n_live_points': 2048, 'n_params': 6, 'n_clustering_params': None, 'wrapped_params': None, 'multimodal': True, 'const_efficiency_mode': False, 'evidence_tolerance': 0.5, 'n_iter_before_update': 100, 'null_log_evidence': -1e+90, 'max_modes': 100, 'mode_tolerance': -1e+90, 'seed': 42, 'context': 0, 'write_output': True, 'log_zero': -1e+100, 'max_iter': 0, 'init_MPI': False, 'dump_callback': <bound method Pymultinest._dump_callback of <bilby.core.sampler.pymultinest.Pymultinest object at 0x155500fda2f0>>}
04:23 bilby INFO    : Temporary directory incompatible with MPI, will run in original directory
04:23 bilby INFO    : Using output file outdirBNSBu32cores/pm_Constraints170817/
04:23 bilby INFO    : Single likelihood evaluation took 4.541e-01 s
04:23 bilby INFO    : Single likelihood evaluation took 4.545e-01 s
04:23 bilby INFO    : Single likelihood evaluation took 4.547e-01 s
04:23 bilby WARNING : Supplied argument 'queue_size' not an argument of 'Pymultinest', removing.
04:23 bilby WARNING : Supplied argument 'check_point_delta_t' not an argument of 'Pymultinest', removing.
04:23 bilby INFO    : Using sampler Pymultinest with kwargs {'importance_nested_sampling': False, 'resume': True, 'verbose': True, 'sampling_efficiency': 'parameter', 'n_live_points': 2048, 'n_params': 6, 'n_clustering_params': None, 'wrapped_params': None, 'multimodal': True, 'const_efficiency_mode': False, 'evidence_tolerance': 0.5, 'n_iter_before_update': 100, 'null_log_evidence': -1e+90, 'max_modes': 100, 'mode_tolerance': -1e+90, 'seed': 42, 'context': 0, 'write_output': True, 'log_zero': -1e+100, 'max_iter': 0, 'init_MPI': False, 'dump_callback': <bound method Pymultinest._dump_callback of <bilby.core.sampler.pymultinest.Pymultinest object at 0x155500fde350>>}
04:23 bilby INFO    : Temporary directory incompatible with MPI, will run in original directory
04:23 bilby INFO    : Using output file outdirBNSBu32cores/pm_Constraints170817/
04:23 bilby WARNING : Supplied argument 'queue_size' not an argument of 'Pymultinest', removing.
04:23 bilby WARNING : Supplied argument 'check_point_delta_t' not an argument of 'Pymultinest', removing.
04:23 bilby INFO    : Using sampler Pymultinest with kwargs {'importance_nested_sampling': False, 'resume': True, 'verbose': True, 'sampling_efficiency': 'parameter', 'n_live_points': 2048, 'n_params': 6, 'n_clustering_params': None, 'wrapped_params': None, 'multimodal': True, 'const_efficiency_mode': False, 'evidence_tolerance': 0.5, 'n_iter_before_update': 100, 'null_log_evidence': -1e+90, 'max_modes': 100, 'mode_tolerance': -1e+90, 'seed': 42, 'context': 0, 'write_output': True, 'log_zero': -1e+100, 'max_iter': 0, 'init_MPI': False, 'dump_callback': <bound method Pymultinest._dump_callback of <bilby.core.sampler.pymultinest.Pymultinest object at 0x155500fde8c0>>}
04:23 bilby INFO    : Temporary directory incompatible with MPI, will run in original directory
04:23 bilby INFO    : Using output file outdirBNSBu32cores/pm_Constraints170817/
04:23 bilby WARNING : Supplied argument 'queue_size' not an argument of 'Pymultinest', removing.
04:23 bilby WARNING : Supplied argument 'check_point_delta_t' not an argument of 'Pymultinest', removing.
04:23 bilby INFO    : Using sampler Pymultinest with kwargs {'importance_nested_sampling': False, 'resume': True, 'verbose': True, 'sampling_efficiency': 'parameter', 'n_live_points': 2048, 'n_params': 6, 'n_clustering_params': None, 'wrapped_params': None, 'multimodal': True, 'const_efficiency_mode': False, 'evidence_tolerance': 0.5, 'n_iter_before_update': 100, 'null_log_evidence': -1e+90, 'max_modes': 100, 'mode_tolerance': -1e+90, 'seed': 42, 'context': 0, 'write_output': True, 'log_zero': -1e+100, 'max_iter': 0, 'init_MPI': False, 'dump_callback': <bound method Pymultinest._dump_callback of <bilby.core.sampler.pymultinest.Pymultinest object at 0x155500fe2890>>}
04:23 bilby INFO    : Temporary directory incompatible with MPI, will run in original directory
04:23 bilby WARNING : Supplied argument 'queue_size' not an argument of 'Pymultinest', removing.
04:23 bilby WARNING : Supplied argument 'check_point_delta_t' not an argument of 'Pymultinest', removing.
04:23 bilby INFO    : Using sampler Pymultinest with kwargs {'importance_nested_sampling': False, 'resume': True, 'verbose': True, 'sampling_efficiency': 'parameter', 'n_live_points': 2048, 'n_params': 6, 'n_clustering_params': None, 'wrapped_params': None, 'multimodal': True, 'const_efficiency_mode': False, 'evidence_tolerance': 0.5, 'n_iter_before_update': 100, 'null_log_evidence': -1e+90, 'max_modes': 100, 'mode_tolerance': -1e+90, 'seed': 42, 'context': 0, 'write_output': True, 'log_zero': -1e+100, 'max_iter': 0, 'init_MPI': False, 'dump_callback': <bound method Pymultinest._dump_callback of <bilby.core.sampler.pymultinest.Pymultinest object at 0x155500fda680>>}
04:23 bilby INFO    : Using output file outdirBNSBu32cores/pm_Constraints170817/
04:23 bilby INFO    : Temporary directory incompatible with MPI, will run in original directory
04:23 bilby INFO    : Using output file outdirBNSBu32cores/pm_Constraints170817/
04:23 bilby INFO    : Single likelihood evaluation took 4.600e-01 s
04:23 bilby WARNING : Supplied argument 'queue_size' not an argument of 'Pymultinest', removing.
04:23 bilby WARNING : Supplied argument 'check_point_delta_t' not an argument of 'Pymultinest', removing.
04:23 bilby INFO    : Using sampler Pymultinest with kwargs {'importance_nested_sampling': False, 'resume': True, 'verbose': True, 'sampling_efficiency': 'parameter', 'n_live_points': 2048, 'n_params': 6, 'n_clustering_params': None, 'wrapped_params': None, 'multimodal': True, 'const_efficiency_mode': False, 'evidence_tolerance': 0.5, 'n_iter_before_update': 100, 'null_log_evidence': -1e+90, 'max_modes': 100, 'mode_tolerance': -1e+90, 'seed': 42, 'context': 0, 'write_output': True, 'log_zero': -1e+100, 'max_iter': 0, 'init_MPI': False, 'dump_callback': <bound method Pymultinest._dump_callback of <bilby.core.sampler.pymultinest.Pymultinest object at 0x155500fdbac0>>}
04:23 bilby INFO    : Temporary directory incompatible with MPI, will run in original directory
04:23 bilby INFO    : Single likelihood evaluation took 4.628e-01 s
04:23 bilby INFO    : Single likelihood evaluation took 4.628e-01 s
04:23 bilby INFO    : Single likelihood evaluation took 4.628e-01 s
04:23 bilby INFO    : Using output file outdirBNSBu32cores/pm_Constraints170817/
04:23 bilby INFO    : Single likelihood evaluation took 4.638e-01 s
04:23 bilby INFO    : Single likelihood evaluation took 4.640e-01 s
04:23 bilby INFO    : Single likelihood evaluation took 4.640e-01 s
04:23 bilby INFO    : Single likelihood evaluation took 4.640e-01 s
04:23 bilby WARNING : Supplied argument 'queue_size' not an argument of 'Pymultinest', removing.
04:23 bilby WARNING : Supplied argument 'queue_size' not an argument of 'Pymultinest', removing.
04:23 bilby WARNING : Supplied argument 'check_point_delta_t' not an argument of 'Pymultinest', removing.
04:23 bilby WARNING : Supplied argument 'queue_size' not an argument of 'Pymultinest', removing.
04:23 bilby WARNING : Supplied argument 'check_point_delta_t' not an argument of 'Pymultinest', removing.
04:23 bilby WARNING : Supplied argument 'check_point_delta_t' not an argument of 'Pymultinest', removing.
04:23 bilby INFO    : Using sampler Pymultinest with kwargs {'importance_nested_sampling': False, 'resume': True, 'verbose': True, 'sampling_efficiency': 'parameter', 'n_live_points': 2048, 'n_params': 6, 'n_clustering_params': None, 'wrapped_params': None, 'multimodal': True, 'const_efficiency_mode': False, 'evidence_tolerance': 0.5, 'n_iter_before_update': 100, 'null_log_evidence': -1e+90, 'max_modes': 100, 'mode_tolerance': -1e+90, 'seed': 42, 'context': 0, 'write_output': True, 'log_zero': -1e+100, 'max_iter': 0, 'init_MPI': False, 'dump_callback': <bound method Pymultinest._dump_callback of <bilby.core.sampler.pymultinest.Pymultinest object at 0x155500fe3b20>>}
04:23 bilby INFO    : Using sampler Pymultinest with kwargs {'importance_nested_sampling': False, 'resume': True, 'verbose': True, 'sampling_efficiency': 'parameter', 'n_live_points': 2048, 'n_params': 6, 'n_clustering_params': None, 'wrapped_params': None, 'multimodal': True, 'const_efficiency_mode': False, 'evidence_tolerance': 0.5, 'n_iter_before_update': 100, 'null_log_evidence': -1e+90, 'max_modes': 100, 'mode_tolerance': -1e+90, 'seed': 42, 'context': 0, 'write_output': True, 'log_zero': -1e+100, 'max_iter': 0, 'init_MPI': False, 'dump_callback': <bound method Pymultinest._dump_callback of <bilby.core.sampler.pymultinest.Pymultinest object at 0x155500fd5060>>}
04:23 bilby INFO    : Using sampler Pymultinest with kwargs {'importance_nested_sampling': False, 'resume': True, 'verbose': True, 'sampling_efficiency': 'parameter', 'n_live_points': 2048, 'n_params': 6, 'n_clustering_params': None, 'wrapped_params': None, 'multimodal': True, 'const_efficiency_mode': False, 'evidence_tolerance': 0.5, 'n_iter_before_update': 100, 'null_log_evidence': -1e+90, 'max_modes': 100, 'mode_tolerance': -1e+90, 'seed': 42, 'context': 0, 'write_output': True, 'log_zero': -1e+100, 'max_iter': 0, 'init_MPI': False, 'dump_callback': <bound method Pymultinest._dump_callback of <bilby.core.sampler.pymultinest.Pymultinest object at 0x155500fe3b50>>}
04:23 bilby INFO    : Temporary directory incompatible with MPI, will run in original directory
04:23 bilby INFO    : Temporary directory incompatible with MPI, will run in original directory
04:23 bilby INFO    : Temporary directory incompatible with MPI, will run in original directory
04:23 bilby INFO    : Using output file outdirBNSBu32cores/pm_Constraints170817/
04:23 bilby INFO    : Using output file outdirBNSBu32cores/pm_Constraints170817/
04:23 bilby INFO    : Using output file outdirBNSBu32cores/pm_Constraints170817/
04:23 bilby WARNING : Supplied argument 'queue_size' not an argument of 'Pymultinest', removing.
04:23 bilby WARNING : Supplied argument 'check_point_delta_t' not an argument of 'Pymultinest', removing.
04:23 bilby INFO    : Using sampler Pymultinest with kwargs {'importance_nested_sampling': False, 'resume': True, 'verbose': True, 'sampling_efficiency': 'parameter', 'n_live_points': 2048, 'n_params': 6, 'n_clustering_params': None, 'wrapped_params': None, 'multimodal': True, 'const_efficiency_mode': False, 'evidence_tolerance': 0.5, 'n_iter_before_update': 100, 'null_log_evidence': -1e+90, 'max_modes': 100, 'mode_tolerance': -1e+90, 'seed': 42, 'context': 0, 'write_output': True, 'log_zero': -1e+100, 'max_iter': 0, 'init_MPI': False, 'dump_callback': <bound method Pymultinest._dump_callback of <bilby.core.sampler.pymultinest.Pymultinest object at 0x155500fdfb20>>}
04:23 bilby INFO    : Temporary directory incompatible with MPI, will run in original directory
04:23 bilby INFO    : Using output file outdirBNSBu32cores/pm_Constraints170817/
04:23 bilby WARNING : Supplied argument 'queue_size' not an argument of 'Pymultinest', removing.
04:23 bilby WARNING : Supplied argument 'queue_size' not an argument of 'Pymultinest', removing.
04:23 bilby WARNING : Supplied argument 'check_point_delta_t' not an argument of 'Pymultinest', removing.
04:23 bilby WARNING : Supplied argument 'queue_size' not an argument of 'Pymultinest', removing.
04:23 bilby WARNING : Supplied argument 'check_point_delta_t' not an argument of 'Pymultinest', removing.
04:23 bilby WARNING : Supplied argument 'check_point_delta_t' not an argument of 'Pymultinest', removing.
04:23 bilby INFO    : Using sampler Pymultinest with kwargs {'importance_nested_sampling': False, 'resume': True, 'verbose': True, 'sampling_efficiency': 'parameter', 'n_live_points': 2048, 'n_params': 6, 'n_clustering_params': None, 'wrapped_params': None, 'multimodal': True, 'const_efficiency_mode': False, 'evidence_tolerance': 0.5, 'n_iter_before_update': 100, 'null_log_evidence': -1e+90, 'max_modes': 100, 'mode_tolerance': -1e+90, 'seed': 42, 'context': 0, 'write_output': True, 'log_zero': -1e+100, 'max_iter': 0, 'init_MPI': False, 'dump_callback': <bound method Pymultinest._dump_callback of <bilby.core.sampler.pymultinest.Pymultinest object at 0x155500fe7b80>>}
04:23 bilby INFO    : Using sampler Pymultinest with kwargs {'importance_nested_sampling': False, 'resume': True, 'verbose': True, 'sampling_efficiency': 'parameter', 'n_live_points': 2048, 'n_params': 6, 'n_clustering_params': None, 'wrapped_params': None, 'multimodal': True, 'const_efficiency_mode': False, 'evidence_tolerance': 0.5, 'n_iter_before_update': 100, 'null_log_evidence': -1e+90, 'max_modes': 100, 'mode_tolerance': -1e+90, 'seed': 42, 'context': 0, 'write_output': True, 'log_zero': -1e+100, 'max_iter': 0, 'init_MPI': False, 'dump_callback': <bound method Pymultinest._dump_callback of <bilby.core.sampler.pymultinest.Pymultinest object at 0x155500fdfac0>>}
04:23 bilby INFO    : Using sampler Pymultinest with kwargs {'importance_nested_sampling': False, 'resume': True, 'verbose': True, 'sampling_efficiency': 'parameter', 'n_live_points': 2048, 'n_params': 6, 'n_clustering_params': None, 'wrapped_params': None, 'multimodal': True, 'const_efficiency_mode': False, 'evidence_tolerance': 0.5, 'n_iter_before_update': 100, 'null_log_evidence': -1e+90, 'max_modes': 100, 'mode_tolerance': -1e+90, 'seed': 42, 'context': 0, 'write_output': True, 'log_zero': -1e+100, 'max_iter': 0, 'init_MPI': False, 'dump_callback': <bound method Pymultinest._dump_callback of <bilby.core.sampler.pymultinest.Pymultinest object at 0x155500fda590>>}
04:23 bilby INFO    : Temporary directory incompatible with MPI, will run in original directory
04:23 bilby INFO    : Temporary directory incompatible with MPI, will run in original directory
04:23 bilby INFO    : Temporary directory incompatible with MPI, will run in original directory
04:23 bilby INFO    : Using output file outdirBNSBu32cores/pm_Constraints170817/
04:23 bilby INFO    : Using output file outdirBNSBu32cores/pm_Constraints170817/
04:23 bilby INFO    : Using output file outdirBNSBu32cores/pm_Constraints170817/
04:23 bilby INFO    : Single likelihood evaluation took 4.811e-01 s
04:23 bilby INFO    : Single likelihood evaluation took 4.845e-01 s
04:23 bilby INFO    : Single likelihood evaluation took 4.857e-01 s
04:23 bilby WARNING : Supplied argument 'queue_size' not an argument of 'Pymultinest', removing.
04:23 bilby WARNING : Supplied argument 'check_point_delta_t' not an argument of 'Pymultinest', removing.
04:23 bilby INFO    : Using sampler Pymultinest with kwargs {'importance_nested_sampling': False, 'resume': True, 'verbose': True, 'sampling_efficiency': 'parameter', 'n_live_points': 2048, 'n_params': 6, 'n_clustering_params': None, 'wrapped_params': None, 'multimodal': True, 'const_efficiency_mode': False, 'evidence_tolerance': 0.5, 'n_iter_before_update': 100, 'null_log_evidence': -1e+90, 'max_modes': 100, 'mode_tolerance': -1e+90, 'seed': 42, 'context': 0, 'write_output': True, 'log_zero': -1e+100, 'max_iter': 0, 'init_MPI': False, 'dump_callback': <bound method Pymultinest._dump_callback of <bilby.core.sampler.pymultinest.Pymultinest object at 0x155500fd4b80>>}
04:23 bilby INFO    : Temporary directory incompatible with MPI, will run in original directory
04:23 bilby INFO    : Using output file outdirBNSBu32cores/pm_Constraints170817/
04:23 bilby INFO    : Single likelihood evaluation took 4.890e-01 s
04:23 bilby WARNING : Supplied argument 'queue_size' not an argument of 'Pymultinest', removing.
04:23 bilby WARNING : Supplied argument 'check_point_delta_t' not an argument of 'Pymultinest', removing.
04:23 bilby INFO    : Single likelihood evaluation took 4.888e-01 s
04:23 bilby INFO    : Using sampler Pymultinest with kwargs {'importance_nested_sampling': False, 'resume': True, 'verbose': True, 'sampling_efficiency': 'parameter', 'n_live_points': 2048, 'n_params': 6, 'n_clustering_params': None, 'wrapped_params': None, 'multimodal': True, 'const_efficiency_mode': False, 'evidence_tolerance': 0.5, 'n_iter_before_update': 100, 'null_log_evidence': -1e+90, 'max_modes': 100, 'mode_tolerance': -1e+90, 'seed': 42, 'context': 0, 'write_output': True, 'log_zero': -1e+100, 'max_iter': 0, 'init_MPI': False, 'dump_callback': <bound method Pymultinest._dump_callback of <bilby.core.sampler.pymultinest.Pymultinest object at 0x155500fdfb80>>}
04:23 bilby INFO    : Temporary directory incompatible with MPI, will run in original directory
04:23 bilby INFO    : Using output file outdirBNSBu32cores/pm_Constraints170817/
04:23 bilby INFO    : Single likelihood evaluation took 4.885e-01 s
04:23 bilby INFO    : Single likelihood evaluation took 4.897e-01 s
04:23 bilby WARNING : Supplied argument 'queue_size' not an argument of 'Pymultinest', removing.
04:23 bilby WARNING : Supplied argument 'check_point_delta_t' not an argument of 'Pymultinest', removing.
04:23 bilby INFO    : Using sampler Pymultinest with kwargs {'importance_nested_sampling': False, 'resume': True, 'verbose': True, 'sampling_efficiency': 'parameter', 'n_live_points': 2048, 'n_params': 6, 'n_clustering_params': None, 'wrapped_params': None, 'multimodal': True, 'const_efficiency_mode': False, 'evidence_tolerance': 0.5, 'n_iter_before_update': 100, 'null_log_evidence': -1e+90, 'max_modes': 100, 'mode_tolerance': -1e+90, 'seed': 42, 'context': 0, 'write_output': True, 'log_zero': -1e+100, 'max_iter': 0, 'init_MPI': False, 'dump_callback': <bound method Pymultinest._dump_callback of <bilby.core.sampler.pymultinest.Pymultinest object at 0x155500fdbaf0>>}
04:23 bilby INFO    : Temporary directory incompatible with MPI, will run in original directory
04:23 bilby INFO    : Using output file outdirBNSBu32cores/pm_Constraints170817/
04:23 bilby INFO    : Single likelihood evaluation took 4.898e-01 s
04:23 bilby INFO    : Single likelihood evaluation took 4.913e-01 s
04:23 bilby INFO    : Single likelihood evaluation took 4.924e-01 s
04:23 bilby WARNING : Supplied argument 'queue_size' not an argument of 'Pymultinest', removing.
04:23 bilby WARNING : Supplied argument 'check_point_delta_t' not an argument of 'Pymultinest', removing.
04:23 bilby INFO    : Using sampler Pymultinest with kwargs {'importance_nested_sampling': False, 'resume': True, 'verbose': True, 'sampling_efficiency': 'parameter', 'n_live_points': 2048, 'n_params': 6, 'n_clustering_params': None, 'wrapped_params': None, 'multimodal': True, 'const_efficiency_mode': False, 'evidence_tolerance': 0.5, 'n_iter_before_update': 100, 'null_log_evidence': -1e+90, 'max_modes': 100, 'mode_tolerance': -1e+90, 'seed': 42, 'context': 0, 'write_output': True, 'log_zero': -1e+100, 'max_iter': 0, 'init_MPI': False, 'dump_callback': <bound method Pymultinest._dump_callback of <bilby.core.sampler.pymultinest.Pymultinest object at 0x155500fde350>>}
04:23 bilby INFO    : Temporary directory incompatible with MPI, will run in original directory
04:23 bilby INFO    : Using output file outdirBNSBu32cores/pm_Constraints170817/
04:23 bilby INFO    : Single likelihood evaluation took 4.926e-01 s
04:23 bilby WARNING : Supplied argument 'queue_size' not an argument of 'Pymultinest', removing.
04:23 bilby WARNING : Supplied argument 'check_point_delta_t' not an argument of 'Pymultinest', removing.
04:23 bilby INFO    : Using sampler Pymultinest with kwargs {'importance_nested_sampling': False, 'resume': True, 'verbose': True, 'sampling_efficiency': 'parameter', 'n_live_points': 2048, 'n_params': 6, 'n_clustering_params': None, 'wrapped_params': None, 'multimodal': True, 'const_efficiency_mode': False, 'evidence_tolerance': 0.5, 'n_iter_before_update': 100, 'null_log_evidence': -1e+90, 'max_modes': 100, 'mode_tolerance': -1e+90, 'seed': 42, 'context': 0, 'write_output': True, 'log_zero': -1e+100, 'max_iter': 0, 'init_MPI': False, 'dump_callback': <bound method Pymultinest._dump_callback of <bilby.core.sampler.pymultinest.Pymultinest object at 0x155500fd51b0>>}
04:23 bilby INFO    : Temporary directory incompatible with MPI, will run in original directory
04:23 bilby INFO    : Using output file outdirBNSBu32cores/pm_Constraints170817/
04:23 bilby WARNING : Supplied argument 'queue_size' not an argument of 'Pymultinest', removing.
04:23 bilby WARNING : Supplied argument 'check_point_delta_t' not an argument of 'Pymultinest', removing.
04:23 bilby INFO    : Using sampler Pymultinest with kwargs {'importance_nested_sampling': False, 'resume': True, 'verbose': True, 'sampling_efficiency': 'parameter', 'n_live_points': 2048, 'n_params': 6, 'n_clustering_params': None, 'wrapped_params': None, 'multimodal': True, 'const_efficiency_mode': False, 'evidence_tolerance': 0.5, 'n_iter_before_update': 100, 'null_log_evidence': -1e+90, 'max_modes': 100, 'mode_tolerance': -1e+90, 'seed': 42, 'context': 0, 'write_output': True, 'log_zero': -1e+100, 'max_iter': 0, 'init_MPI': False, 'dump_callback': <bound method Pymultinest._dump_callback of <bilby.core.sampler.pymultinest.Pymultinest object at 0x155500fdfaf0>>}
04:23 bilby WARNING : Supplied argument 'queue_size' not an argument of 'Pymultinest', removing.
04:23 bilby WARNING : Supplied argument 'check_point_delta_t' not an argument of 'Pymultinest', removing.
04:23 bilby INFO    : Using sampler Pymultinest with kwargs {'importance_nested_sampling': False, 'resume': True, 'verbose': True, 'sampling_efficiency': 'parameter', 'n_live_points': 2048, 'n_params': 6, 'n_clustering_params': None, 'wrapped_params': None, 'multimodal': True, 'const_efficiency_mode': False, 'evidence_tolerance': 0.5, 'n_iter_before_update': 100, 'null_log_evidence': -1e+90, 'max_modes': 100, 'mode_tolerance': -1e+90, 'seed': 42, 'context': 0, 'write_output': True, 'log_zero': -1e+100, 'max_iter': 0, 'init_MPI': False, 'dump_callback': <bound method Pymultinest._dump_callback of <bilby.core.sampler.pymultinest.Pymultinest object at 0x155500fde710>>}
04:23 bilby INFO    : Temporary directory incompatible with MPI, will run in original directory
04:23 bilby INFO    : Temporary directory incompatible with MPI, will run in original directory
04:23 bilby INFO    : Single likelihood evaluation took 4.935e-01 s
04:23 bilby INFO    : Single likelihood evaluation took 4.934e-01 s
04:23 bilby INFO    : Using output file outdirBNSBu32cores/pm_Constraints170817/
04:23 bilby INFO    : Using output file outdirBNSBu32cores/pm_Constraints170817/
04:23 bilby INFO    : Single likelihood evaluation took 4.930e-01 s
04:23 bilby WARNING : Supplied argument 'queue_size' not an argument of 'Pymultinest', removing.
04:23 bilby WARNING : Supplied argument 'check_point_delta_t' not an argument of 'Pymultinest', removing.
04:23 bilby INFO    : Using sampler Pymultinest with kwargs {'importance_nested_sampling': False, 'resume': True, 'verbose': True, 'sampling_efficiency': 'parameter', 'n_live_points': 2048, 'n_params': 6, 'n_clustering_params': None, 'wrapped_params': None, 'multimodal': True, 'const_efficiency_mode': False, 'evidence_tolerance': 0.5, 'n_iter_before_update': 100, 'null_log_evidence': -1e+90, 'max_modes': 100, 'mode_tolerance': -1e+90, 'seed': 42, 'context': 0, 'write_output': True, 'log_zero': -1e+100, 'max_iter': 0, 'init_MPI': False, 'dump_callback': <bound method Pymultinest._dump_callback of <bilby.core.sampler.pymultinest.Pymultinest object at 0x155500fe3b20>>}
04:23 bilby INFO    : Temporary directory incompatible with MPI, will run in original directory
04:23 bilby INFO    : Using output file outdirBNSBu32cores/pm_Constraints170817/
04:23 bilby INFO    : Single likelihood evaluation took 4.932e-01 s
04:23 bilby WARNING : Supplied argument 'queue_size' not an argument of 'Pymultinest', removing.
04:23 bilby WARNING : Supplied argument 'check_point_delta_t' not an argument of 'Pymultinest', removing.
04:23 bilby INFO    : Using sampler Pymultinest with kwargs {'importance_nested_sampling': False, 'resume': True, 'verbose': True, 'sampling_efficiency': 'parameter', 'n_live_points': 2048, 'n_params': 6, 'n_clustering_params': None, 'wrapped_params': None, 'multimodal': True, 'const_efficiency_mode': False, 'evidence_tolerance': 0.5, 'n_iter_before_update': 100, 'null_log_evidence': -1e+90, 'max_modes': 100, 'mode_tolerance': -1e+90, 'seed': 42, 'context': 0, 'write_output': True, 'log_zero': -1e+100, 'max_iter': 0, 'init_MPI': False, 'dump_callback': <bound method Pymultinest._dump_callback of <bilby.core.sampler.pymultinest.Pymultinest object at 0x155500fd8b80>>}
04:23 bilby INFO    : Temporary directory incompatible with MPI, will run in original directory
04:23 bilby INFO    : Using output file outdirBNSBu32cores/pm_Constraints170817/
04:23 bilby INFO    : Single likelihood evaluation took 4.943e-01 s
04:23 bilby WARNING : Supplied argument 'queue_size' not an argument of 'Pymultinest', removing.
04:23 bilby WARNING : Supplied argument 'check_point_delta_t' not an argument of 'Pymultinest', removing.
04:23 bilby INFO    : Using sampler Pymultinest with kwargs {'importance_nested_sampling': False, 'resume': True, 'verbose': True, 'sampling_efficiency': 'parameter', 'n_live_points': 2048, 'n_params': 6, 'n_clustering_params': None, 'wrapped_params': None, 'multimodal': True, 'const_efficiency_mode': False, 'evidence_tolerance': 0.5, 'n_iter_before_update': 100, 'null_log_evidence': -1e+90, 'max_modes': 100, 'mode_tolerance': -1e+90, 'seed': 42, 'context': 0, 'write_output': True, 'log_zero': -1e+100, 'max_iter': 0, 'init_MPI': False, 'dump_callback': <bound method Pymultinest._dump_callback of <bilby.core.sampler.pymultinest.Pymultinest object at 0x155500fde6e0>>}
04:23 bilby INFO    : Temporary directory incompatible with MPI, will run in original directory
04:23 bilby INFO    : Using output file outdirBNSBu32cores/pm_Constraints170817/
04:23 bilby WARNING : Supplied argument 'queue_size' not an argument of 'Pymultinest', removing.
04:23 bilby WARNING : Supplied argument 'check_point_delta_t' not an argument of 'Pymultinest', removing.
04:23 bilby INFO    : Using sampler Pymultinest with kwargs {'importance_nested_sampling': False, 'resume': True, 'verbose': True, 'sampling_efficiency': 'parameter', 'n_live_points': 2048, 'n_params': 6, 'n_clustering_params': None, 'wrapped_params': None, 'multimodal': True, 'const_efficiency_mode': False, 'evidence_tolerance': 0.5, 'n_iter_before_update': 100, 'null_log_evidence': -1e+90, 'max_modes': 100, 'mode_tolerance': -1e+90, 'seed': 42, 'context': 0, 'write_output': True, 'log_zero': -1e+100, 'max_iter': 0, 'init_MPI': False, 'dump_callback': <bound method Pymultinest._dump_callback of <bilby.core.sampler.pymultinest.Pymultinest object at 0x155500fdfb20>>}
04:23 bilby INFO    : Temporary directory incompatible with MPI, will run in original directory
04:23 bilby INFO    : Using output file outdirBNSBu32cores/pm_Constraints170817/
04:23 bilby WARNING : Supplied argument 'queue_size' not an argument of 'Pymultinest', removing.
04:23 bilby WARNING : Supplied argument 'check_point_delta_t' not an argument of 'Pymultinest', removing.
04:23 bilby INFO    : Using sampler Pymultinest with kwargs {'importance_nested_sampling': False, 'resume': True, 'verbose': True, 'sampling_efficiency': 'parameter', 'n_live_points': 2048, 'n_params': 6, 'n_clustering_params': None, 'wrapped_params': None, 'multimodal': True, 'const_efficiency_mode': False, 'evidence_tolerance': 0.5, 'n_iter_before_update': 100, 'null_log_evidence': -1e+90, 'max_modes': 100, 'mode_tolerance': -1e+90, 'seed': 42, 'context': 0, 'write_output': True, 'log_zero': -1e+100, 'max_iter': 0, 'init_MPI': False, 'dump_callback': <bound method Pymultinest._dump_callback of <bilby.core.sampler.pymultinest.Pymultinest object at 0x155500fdba90>>}
04:23 bilby INFO    : Temporary directory incompatible with MPI, will run in original directory
04:23 bilby INFO    : Using output file outdirBNSBu32cores/pm_Constraints170817/
04:23 bilby WARNING : Supplied argument 'queue_size' not an argument of 'Pymultinest', removing.
04:23 bilby WARNING : Supplied argument 'check_point_delta_t' not an argument of 'Pymultinest', removing.
04:23 bilby INFO    : Using sampler Pymultinest with kwargs {'importance_nested_sampling': False, 'resume': True, 'verbose': True, 'sampling_efficiency': 'parameter', 'n_live_points': 2048, 'n_params': 6, 'n_clustering_params': None, 'wrapped_params': None, 'multimodal': True, 'const_efficiency_mode': False, 'evidence_tolerance': 0.5, 'n_iter_before_update': 100, 'null_log_evidence': -1e+90, 'max_modes': 100, 'mode_tolerance': -1e+90, 'seed': 42, 'context': 0, 'write_output': True, 'log_zero': -1e+100, 'max_iter': 0, 'init_MPI': False, 'dump_callback': <bound method Pymultinest._dump_callback of <bilby.core.sampler.pymultinest.Pymultinest object at 0x155500fe3b50>>}
04:23 bilby INFO    : Temporary directory incompatible with MPI, will run in original directory
04:23 bilby INFO    : Using output file outdirBNSBu32cores/pm_Constraints170817/
04:23 bilby WARNING : Supplied argument 'queue_size' not an argument of 'Pymultinest', removing.
04:23 bilby WARNING : Supplied argument 'queue_size' not an argument of 'Pymultinest', removing.
04:23 bilby WARNING : Supplied argument 'check_point_delta_t' not an argument of 'Pymultinest', removing.
04:23 bilby WARNING : Supplied argument 'check_point_delta_t' not an argument of 'Pymultinest', removing.
04:23 bilby INFO    : Using sampler Pymultinest with kwargs {'importance_nested_sampling': False, 'resume': True, 'verbose': True, 'sampling_efficiency': 'parameter', 'n_live_points': 2048, 'n_params': 6, 'n_clustering_params': None, 'wrapped_params': None, 'multimodal': True, 'const_efficiency_mode': False, 'evidence_tolerance': 0.5, 'n_iter_before_update': 100, 'null_log_evidence': -1e+90, 'max_modes': 100, 'mode_tolerance': -1e+90, 'seed': 42, 'context': 0, 'write_output': True, 'log_zero': -1e+100, 'max_iter': 0, 'init_MPI': False, 'dump_callback': <bound method Pymultinest._dump_callback of <bilby.core.sampler.pymultinest.Pymultinest object at 0x155500fdbac0>>}
04:23 bilby INFO    : Using sampler Pymultinest with kwargs {'importance_nested_sampling': False, 'resume': True, 'verbose': True, 'sampling_efficiency': 'parameter', 'n_live_points': 2048, 'n_params': 6, 'n_clustering_params': None, 'wrapped_params': None, 'multimodal': True, 'const_efficiency_mode': False, 'evidence_tolerance': 0.5, 'n_iter_before_update': 100, 'null_log_evidence': -1e+90, 'max_modes': 100, 'mode_tolerance': -1e+90, 'seed': 42, 'context': 0, 'write_output': True, 'log_zero': -1e+100, 'max_iter': 0, 'init_MPI': False, 'dump_callback': <bound method Pymultinest._dump_callback of <bilby.core.sampler.pymultinest.Pymultinest object at 0x155500fe2830>>}
04:23 bilby INFO    : Temporary directory incompatible with MPI, will run in original directory
04:23 bilby INFO    : Temporary directory incompatible with MPI, will run in original directory
04:23 bilby INFO    : Using output file outdirBNSBu32cores/pm_Constraints170817/
04:23 bilby INFO    : Using output file outdirBNSBu32cores/pm_Constraints170817/
04:23 bilby WARNING : Supplied argument 'queue_size' not an argument of 'Pymultinest', removing.
04:23 bilby WARNING : Supplied argument 'check_point_delta_t' not an argument of 'Pymultinest', removing.
04:23 bilby INFO    : Using sampler Pymultinest with kwargs {'importance_nested_sampling': False, 'resume': True, 'verbose': True, 'sampling_efficiency': 'parameter', 'n_live_points': 2048, 'n_params': 6, 'n_clustering_params': None, 'wrapped_params': None, 'multimodal': True, 'const_efficiency_mode': False, 'evidence_tolerance': 0.5, 'n_iter_before_update': 100, 'null_log_evidence': -1e+90, 'max_modes': 100, 'mode_tolerance': -1e+90, 'seed': 42, 'context': 0, 'write_output': True, 'log_zero': -1e+100, 'max_iter': 0, 'init_MPI': False, 'dump_callback': <bound method Pymultinest._dump_callback of <bilby.core.sampler.pymultinest.Pymultinest object at 0x155500fda620>>}
04:23 bilby INFO    : Temporary directory incompatible with MPI, will run in original directory
04:23 bilby INFO    : Using output file outdirBNSBu32cores/pm_Constraints170817/
04:46 bilby INFO    : Sampling time: 0:23:29.898010
04:46 bilby INFO    : Sampling time: 0:23:30.586112
04:46 bilby INFO    : Sampling time: 0:23:30.034015
04:46 bilby INFO    : Sampling time: 0:23:29.840515
04:46 bilby INFO    : Sampling time: 0:23:30.307820
04:46 bilby INFO    : Sampling time: 0:23:29.666765
04:46 bilby INFO    : Sampling time: 0:23:29.982845
04:46 bilby INFO    : Sampling time: 0:23:29.664735
04:46 bilby INFO    : Sampling time: 0:23:29.716033
04:46 bilby INFO    : Sampling time: 0:23:29.820603
04:46 bilby INFO    : Sampling time: 0:23:29.913329
04:46 bilby INFO    : Sampling time: 0:23:29.668561
04:46 bilby INFO    : Sampling time: 0:23:29.778851
04:46 bilby INFO    : Sampling time: 0:23:29.902756
04:46 bilby INFO    : Sampling time: 0:23:32.730338
04:46 bilby INFO    : Sampling time: 0:23:32.729409
04:46 bilby INFO    : Sampling time: 0:23:32.973122
04:46 bilby INFO    : Sampling time: 0:23:32.728100
04:46 bilby INFO    : Sampling time: 0:23:29.769723
04:46 bilby INFO    : Sampling time: 0:23:33.878211
04:46 bilby INFO    : Sampling time: 0:23:32.613325
04:46 bilby INFO    : Sampling time: 0:23:33.628289
04:46 bilby INFO    : Sampling time: 0:23:33.768145
04:46 bilby INFO    : Sampling time: 0:23:32.613477
04:46 bilby INFO    : Sampling time: 0:23:32.613865
04:46 bilby INFO    : Sampling time: 0:23:33.589524
04:46 bilby INFO    : Sampling time: 0:23:30.430707
04:46 bilby INFO    : Sampling time: 0:23:33.591375
04:46 bilby INFO    : Sampling time: 0:23:33.890099
04:46 bilby INFO    : Sampling time: 0:23:34.097962
04:46 bilby INFO    : Sampling time: 0:23:34.117840
04:46 bilby INFO    : Sampling time: 0:23:32.639655
Traceback (most recent call last):
  File "/home/thussenot/.conda/envs/multinest/bin/lightcurve-analysis", line 8, in <module>
Traceback (most recent call last):
  File "/home/thussenot/.conda/envs/multinest/bin/lightcurve-analysis", line 8, in <module>
    sys.exit(main())
  File "/home/thussenot/.conda/envs/multinest/lib/python3.10/site-packages/nmma/em/analysis.py", line 1028, in main
    sys.exit(main())
  File "/home/thussenot/.conda/envs/multinest/lib/python3.10/site-packages/nmma/em/analysis.py", line 1028, in main
    analysis(args)
  File "/home/thussenot/.conda/envs/multinest/lib/python3.10/site-packages/nmma/em/analysis.py", line 712, in analysis
    analysis(args)
  File "/home/thussenot/.conda/envs/multinest/lib/python3.10/site-packages/nmma/em/analysis.py", line 712, in analysis
    result = bilby.run_sampler(
  File "/home/thussenot/.conda/envs/multinest/lib/python3.10/site-packages/bilby/core/sampler/__init__.py", line 278, in run_sampler
    result = bilby.run_sampler(
  File "/home/thussenot/.conda/envs/multinest/lib/python3.10/site-packages/bilby/core/sampler/__init__.py", line 278, in run_sampler
    result.save_to_file(overwrite=True, extension=save, gzip=gzip, outdir=outdir)
  File "/home/thussenot/.conda/envs/multinest/lib/python3.10/site-packages/bilby/core/result.py", line 783, in save_to_file
    result.save_to_file(overwrite=True, extension=save, gzip=gzip, outdir=outdir)
  File "/home/thussenot/.conda/envs/multinest/lib/python3.10/site-packages/bilby/core/result.py", line 783, in save_to_file
    move_old_file(filename, overwrite)
  File "/home/thussenot/.conda/envs/multinest/lib/python3.10/site-packages/bilby/core/utils/io.py", line 406, in move_old_file
    move_old_file(filename, overwrite)
  File "/home/thussenot/.conda/envs/multinest/lib/python3.10/site-packages/bilby/core/utils/io.py", line 406, in move_old_file
    os.remove(filename)
    os.remove(filename)
FileNotFoundError: [Errno 2] No such file or directory: 'outdirBNSBu32cores/Constraints170817_result.json'
FileNotFoundError: [Errno 2] No such file or directory: 'outdirBNSBu32cores/Constraints170817_result.json'
Traceback (most recent call last):
  File "/home/thussenot/.conda/envs/multinest/lib/python3.10/shutil.py", line 816, in move
Traceback (most recent call last):
  File "/home/thussenot/.conda/envs/multinest/lib/python3.10/shutil.py", line 816, in move
Traceback (most recent call last):
  File "/home/thussenot/.conda/envs/multinest/lib/python3.10/shutil.py", line 816, in move
Traceback (most recent call last):
  File "/home/thussenot/.conda/envs/multinest/lib/python3.10/shutil.py", line 816, in move
Traceback (most recent call last):
  File "/home/thussenot/.conda/envs/multinest/lib/python3.10/shutil.py", line 816, in move
Traceback (most recent call last):
  File "/home/thussenot/.conda/envs/multinest/lib/python3.10/shutil.py", line 816, in move
Traceback (most recent call last):
  File "/home/thussenot/.conda/envs/multinest/lib/python3.10/shutil.py", line 816, in move
    os.rename(src, real_dst)
FileNotFoundError: [Errno 2] No such file or directory: 'outdirBNSBu32cores/Constraints170817_result.json' -> 'outdirBNSBu32cores/Constraints170817_result.json.old'

During handling of the above exception, another exception occurred:

Traceback (most recent call last):
  File "/home/thussenot/.conda/envs/multinest/bin/lightcurve-analysis", line 8, in <module>
    os.rename(src, real_dst)
FileNotFoundError: [Errno 2] No such file or directory: 'outdirBNSBu32cores/Constraints170817_result.json' -> 'outdirBNSBu32cores/Constraints170817_result.json.old'

During handling of the above exception, another exception occurred:

Traceback (most recent call last):
  File "/home/thussenot/.conda/envs/multinest/bin/lightcurve-analysis", line 8, in <module>
    os.rename(src, real_dst)
FileNotFoundError: [Errno 2] No such file or directory: 'outdirBNSBu32cores/Constraints170817_result.json' -> 'outdirBNSBu32cores/Constraints170817_result.json.old'

During handling of the above exception, another exception occurred:

Traceback (most recent call last):
  File "/home/thussenot/.conda/envs/multinest/bin/lightcurve-analysis", line 8, in <module>
    os.rename(src, real_dst)
FileNotFoundError: [Errno 2] No such file or directory: 'outdirBNSBu32cores/Constraints170817_result.json' -> 'outdirBNSBu32cores/Constraints170817_result.json.old'

During handling of the above exception, another exception occurred:

Traceback (most recent call last):
    os.rename(src, real_dst)
FileNotFoundError: [Errno 2] No such file or directory: 'outdirBNSBu32cores/Constraints170817_result.json' -> 'outdirBNSBu32cores/Constraints170817_result.json.old'

During handling of the above exception, another exception occurred:

Traceback (most recent call last):
  File "/home/thussenot/.conda/envs/multinest/bin/lightcurve-analysis", line 8, in <module>
  File "/home/thussenot/.conda/envs/multinest/bin/lightcurve-analysis", line 8, in <module>
    os.rename(src, real_dst)
FileNotFoundError: [Errno 2] No such file or directory: 'outdirBNSBu32cores/Constraints170817_result.json' -> 'outdirBNSBu32cores/Constraints170817_result.json.old'

During handling of the above exception, another exception occurred:

Traceback (most recent call last):
  File "/home/thussenot/.conda/envs/multinest/bin/lightcurve-analysis", line 8, in <module>
    os.rename(src, real_dst)
FileNotFoundError: [Errno 2] No such file or directory: 'outdirBNSBu32cores/Constraints170817_result.json' -> 'outdirBNSBu32cores/Constraints170817_result.json.old'

During handling of the above exception, another exception occurred:

Traceback (most recent call last):
  File "/home/thussenot/.conda/envs/multinest/bin/lightcurve-analysis", line 8, in <module>
    sys.exit(main())
  File "/home/thussenot/.conda/envs/multinest/lib/python3.10/site-packages/nmma/em/analysis.py", line 1028, in main
    sys.exit(main())
  File "/home/thussenot/.conda/envs/multinest/lib/python3.10/site-packages/nmma/em/analysis.py", line 1028, in main
    sys.exit(main())
  File "/home/thussenot/.conda/envs/multinest/lib/python3.10/site-packages/nmma/em/analysis.py", line 1028, in main
    sys.exit(main())
  File "/home/thussenot/.conda/envs/multinest/lib/python3.10/site-packages/nmma/em/analysis.py", line 1028, in main
    sys.exit(main())
  File "/home/thussenot/.conda/envs/multinest/lib/python3.10/site-packages/nmma/em/analysis.py", line 1028, in main
    sys.exit(main())
  File "/home/thussenot/.conda/envs/multinest/lib/python3.10/site-packages/nmma/em/analysis.py", line 1028, in main
    sys.exit(main())
  File "/home/thussenot/.conda/envs/multinest/lib/python3.10/site-packages/nmma/em/analysis.py", line 1028, in main
    analysis(args)
  File "/home/thussenot/.conda/envs/multinest/lib/python3.10/site-packages/nmma/em/analysis.py", line 712, in analysis
    analysis(args)
  File "/home/thussenot/.conda/envs/multinest/lib/python3.10/site-packages/nmma/em/analysis.py", line 712, in analysis
    analysis(args)
  File "/home/thussenot/.conda/envs/multinest/lib/python3.10/site-packages/nmma/em/analysis.py", line 712, in analysis
    analysis(args)
  File "/home/thussenot/.conda/envs/multinest/lib/python3.10/site-packages/nmma/em/analysis.py", line 712, in analysis
    analysis(args)
  File "/home/thussenot/.conda/envs/multinest/lib/python3.10/site-packages/nmma/em/analysis.py", line 712, in analysis
    analysis(args)
  File "/home/thussenot/.conda/envs/multinest/lib/python3.10/site-packages/nmma/em/analysis.py", line 712, in analysis
    analysis(args)
  File "/home/thussenot/.conda/envs/multinest/lib/python3.10/site-packages/nmma/em/analysis.py", line 712, in analysis
    result = bilby.run_sampler(
  File "/home/thussenot/.conda/envs/multinest/lib/python3.10/site-packages/bilby/core/sampler/__init__.py", line 262, in run_sampler
    result = bilby.run_sampler(
  File "/home/thussenot/.conda/envs/multinest/lib/python3.10/site-packages/bilby/core/sampler/__init__.py", line 262, in run_sampler
    result = bilby.run_sampler(
  File "/home/thussenot/.conda/envs/multinest/lib/python3.10/site-packages/bilby/core/sampler/__init__.py", line 262, in run_sampler
    result = bilby.run_sampler(
  File "/home/thussenot/.conda/envs/multinest/lib/python3.10/site-packages/bilby/core/sampler/__init__.py", line 262, in run_sampler
    result.save_to_file(extension=save, gzip=gzip, outdir=outdir)
  File "/home/thussenot/.conda/envs/multinest/lib/python3.10/site-packages/bilby/core/result.py", line 783, in save_to_file
    result.save_to_file(extension=save, gzip=gzip, outdir=outdir)
  File "/home/thussenot/.conda/envs/multinest/lib/python3.10/site-packages/bilby/core/result.py", line 783, in save_to_file
    result = bilby.run_sampler(
  File "/home/thussenot/.conda/envs/multinest/lib/python3.10/site-packages/bilby/core/sampler/__init__.py", line 262, in run_sampler
    result = bilby.run_sampler(
  File "/home/thussenot/.conda/envs/multinest/lib/python3.10/site-packages/bilby/core/sampler/__init__.py", line 262, in run_sampler
    result = bilby.run_sampler(
  File "/home/thussenot/.conda/envs/multinest/lib/python3.10/site-packages/bilby/core/sampler/__init__.py", line 262, in run_sampler
    result.save_to_file(extension=save, gzip=gzip, outdir=outdir)
  File "/home/thussenot/.conda/envs/multinest/lib/python3.10/site-packages/bilby/core/result.py", line 783, in save_to_file
    result.save_to_file(extension=save, gzip=gzip, outdir=outdir)
  File "/home/thussenot/.conda/envs/multinest/lib/python3.10/site-packages/bilby/core/result.py", line 783, in save_to_file
    result.save_to_file(extension=save, gzip=gzip, outdir=outdir)
  File "/home/thussenot/.conda/envs/multinest/lib/python3.10/site-packages/bilby/core/result.py", line 783, in save_to_file
    result.save_to_file(extension=save, gzip=gzip, outdir=outdir)
  File "/home/thussenot/.conda/envs/multinest/lib/python3.10/site-packages/bilby/core/result.py", line 783, in save_to_file
    result.save_to_file(extension=save, gzip=gzip, outdir=outdir)
  File "/home/thussenot/.conda/envs/multinest/lib/python3.10/site-packages/bilby/core/result.py", line 783, in save_to_file
    move_old_file(filename, overwrite)
  File "/home/thussenot/.conda/envs/multinest/lib/python3.10/site-packages/bilby/core/utils/io.py", line 411, in move_old_file
    move_old_file(filename, overwrite)
  File "/home/thussenot/.conda/envs/multinest/lib/python3.10/site-packages/bilby/core/utils/io.py", line 411, in move_old_file
    move_old_file(filename, overwrite)
  File "/home/thussenot/.conda/envs/multinest/lib/python3.10/site-packages/bilby/core/utils/io.py", line 411, in move_old_file
    move_old_file(filename, overwrite)
  File "/home/thussenot/.conda/envs/multinest/lib/python3.10/site-packages/bilby/core/utils/io.py", line 411, in move_old_file
    move_old_file(filename, overwrite)
  File "/home/thussenot/.conda/envs/multinest/lib/python3.10/site-packages/bilby/core/utils/io.py", line 411, in move_old_file
    shutil.move(filename, filename + ".old")
  File "/home/thussenot/.conda/envs/multinest/lib/python3.10/shutil.py", line 836, in move
    shutil.move(filename, filename + ".old")
  File "/home/thussenot/.conda/envs/multinest/lib/python3.10/shutil.py", line 836, in move
    move_old_file(filename, overwrite)
  File "/home/thussenot/.conda/envs/multinest/lib/python3.10/site-packages/bilby/core/utils/io.py", line 411, in move_old_file
    move_old_file(filename, overwrite)
  File "/home/thussenot/.conda/envs/multinest/lib/python3.10/site-packages/bilby/core/utils/io.py", line 411, in move_old_file
    shutil.move(filename, filename + ".old")
  File "/home/thussenot/.conda/envs/multinest/lib/python3.10/shutil.py", line 836, in move
    shutil.move(filename, filename + ".old")
  File "/home/thussenot/.conda/envs/multinest/lib/python3.10/shutil.py", line 836, in move
    shutil.move(filename, filename + ".old")
  File "/home/thussenot/.conda/envs/multinest/lib/python3.10/shutil.py", line 836, in move
    shutil.move(filename, filename + ".old")
  File "/home/thussenot/.conda/envs/multinest/lib/python3.10/shutil.py", line 836, in move
    copy_function(src, real_dst)
  File "/home/thussenot/.conda/envs/multinest/lib/python3.10/shutil.py", line 434, in copy2
    copy_function(src, real_dst)
  File "/home/thussenot/.conda/envs/multinest/lib/python3.10/shutil.py", line 434, in copy2
    copy_function(src, real_dst)
  File "/home/thussenot/.conda/envs/multinest/lib/python3.10/shutil.py", line 434, in copy2
    shutil.move(filename, filename + ".old")
  File "/home/thussenot/.conda/envs/multinest/lib/python3.10/shutil.py", line 836, in move
    copy_function(src, real_dst)
  File "/home/thussenot/.conda/envs/multinest/lib/python3.10/shutil.py", line 434, in copy2
    copyfile(src, dst, follow_symlinks=follow_symlinks)
  File "/home/thussenot/.conda/envs/multinest/lib/python3.10/shutil.py", line 254, in copyfile
    copyfile(src, dst, follow_symlinks=follow_symlinks)
  File "/home/thussenot/.conda/envs/multinest/lib/python3.10/shutil.py", line 254, in copyfile
    copy_function(src, real_dst)
  File "/home/thussenot/.conda/envs/multinest/lib/python3.10/shutil.py", line 434, in copy2
    copy_function(src, real_dst)
  File "/home/thussenot/.conda/envs/multinest/lib/python3.10/shutil.py", line 434, in copy2
    copyfile(src, dst, follow_symlinks=follow_symlinks)
  File "/home/thussenot/.conda/envs/multinest/lib/python3.10/shutil.py", line 254, in copyfile
    copyfile(src, dst, follow_symlinks=follow_symlinks)
  File "/home/thussenot/.conda/envs/multinest/lib/python3.10/shutil.py", line 254, in copyfile
    copy_function(src, real_dst)
  File "/home/thussenot/.conda/envs/multinest/lib/python3.10/shutil.py", line 434, in copy2
    with open(src, 'rb') as fsrc:
FileNotFoundError: [Errno 2] No such file or directory: 'outdirBNSBu32cores/Constraints170817_result.json'
    with open(src, 'rb') as fsrc:
FileNotFoundError: [Errno 2] No such file or directory: 'outdirBNSBu32cores/Constraints170817_result.json'
    copyfile(src, dst, follow_symlinks=follow_symlinks)
  File "/home/thussenot/.conda/envs/multinest/lib/python3.10/shutil.py", line 254, in copyfile
    copyfile(src, dst, follow_symlinks=follow_symlinks)
  File "/home/thussenot/.conda/envs/multinest/lib/python3.10/shutil.py", line 254, in copyfile
    with open(src, 'rb') as fsrc:
FileNotFoundError: [Errno 2] No such file or directory: 'outdirBNSBu32cores/Constraints170817_result.json'
    with open(src, 'rb') as fsrc:
FileNotFoundError: [Errno 2] No such file or directory: 'outdirBNSBu32cores/Constraints170817_result.json'
    copyfile(src, dst, follow_symlinks=follow_symlinks)
  File "/home/thussenot/.conda/envs/multinest/lib/python3.10/shutil.py", line 254, in copyfile
    with open(src, 'rb') as fsrc:
FileNotFoundError: [Errno 2] No such file or directory: 'outdirBNSBu32cores/Constraints170817_result.json'
    with open(src, 'rb') as fsrc:
FileNotFoundError: [Errno 2] No such file or directory: 'outdirBNSBu32cores/Constraints170817_result.json'
    with open(src, 'rb') as fsrc:
FileNotFoundError: [Errno 2] No such file or directory: 'outdirBNSBu32cores/Constraints170817_result.json'
Traceback (most recent call last):
  File "/home/thussenot/.conda/envs/multinest/lib/python3.10/shutil.py", line 816, in move
    os.rename(src, real_dst)
FileNotFoundError: [Errno 2] No such file or directory: 'outdirBNSBu32cores/Constraints170817_result.json' -> 'outdirBNSBu32cores/Constraints170817_result.json.old'

During handling of the above exception, another exception occurred:

Traceback (most recent call last):
  File "/home/thussenot/.conda/envs/multinest/bin/lightcurve-analysis", line 8, in <module>
    sys.exit(main())
  File "/home/thussenot/.conda/envs/multinest/lib/python3.10/site-packages/nmma/em/analysis.py", line 1028, in main
    analysis(args)
  File "/home/thussenot/.conda/envs/multinest/lib/python3.10/site-packages/nmma/em/analysis.py", line 712, in analysis
    result = bilby.run_sampler(
  File "/home/thussenot/.conda/envs/multinest/lib/python3.10/site-packages/bilby/core/sampler/__init__.py", line 262, in run_sampler
    result.save_to_file(extension=save, gzip=gzip, outdir=outdir)
  File "/home/thussenot/.conda/envs/multinest/lib/python3.10/site-packages/bilby/core/result.py", line 783, in save_to_file
    move_old_file(filename, overwrite)
  File "/home/thussenot/.conda/envs/multinest/lib/python3.10/site-packages/bilby/core/utils/io.py", line 411, in move_old_file
    shutil.move(filename, filename + ".old")
  File "/home/thussenot/.conda/envs/multinest/lib/python3.10/shutil.py", line 836, in move
    copy_function(src, real_dst)
  File "/home/thussenot/.conda/envs/multinest/lib/python3.10/shutil.py", line 435, in copy2
    copystat(src, dst, follow_symlinks=follow_symlinks)
  File "/home/thussenot/.conda/envs/multinest/lib/python3.10/shutil.py", line 378, in copystat
    _copyxattr(src, dst, follow_symlinks=follow)
  File "/home/thussenot/.conda/envs/multinest/lib/python3.10/shutil.py", line 320, in _copyxattr
    names = os.listxattr(src, follow_symlinks=follow_symlinks)
FileNotFoundError: [Errno 2] No such file or directory: 'outdirBNSBu32cores/Constraints170817_result.json'
Traceback (most recent call last):
  File "/home/thussenot/.conda/envs/multinest/lib/python3.10/shutil.py", line 816, in move
    os.rename(src, real_dst)
FileNotFoundError: [Errno 2] No such file or directory: 'outdirBNSBu32cores/Constraints170817_result.json' -> 'outdirBNSBu32cores/Constraints170817_result.json.old'

During handling of the above exception, another exception occurred:

Traceback (most recent call last):
  File "/home/thussenot/.conda/envs/multinest/bin/lightcurve-analysis", line 8, in <module>
    sys.exit(main())
  File "/home/thussenot/.conda/envs/multinest/lib/python3.10/site-packages/nmma/em/analysis.py", line 1028, in main
    analysis(args)
  File "/home/thussenot/.conda/envs/multinest/lib/python3.10/site-packages/nmma/em/analysis.py", line 712, in analysis
    result = bilby.run_sampler(
  File "/home/thussenot/.conda/envs/multinest/lib/python3.10/site-packages/bilby/core/sampler/__init__.py", line 262, in run_sampler
    result.save_to_file(extension=save, gzip=gzip, outdir=outdir)
  File "/home/thussenot/.conda/envs/multinest/lib/python3.10/site-packages/bilby/core/result.py", line 783, in save_to_file
    move_old_file(filename, overwrite)
  File "/home/thussenot/.conda/envs/multinest/lib/python3.10/site-packages/bilby/core/utils/io.py", line 411, in move_old_file
    shutil.move(filename, filename + ".old")
  File "/home/thussenot/.conda/envs/multinest/lib/python3.10/shutil.py", line 837, in move
    os.unlink(src)
FileNotFoundError: [Errno 2] No such file or directory: 'outdirBNSBu32cores/Constraints170817_result.json'
04:46 bilby ERROR   : 

Saving the data has failed with the following message:
[Errno 116] Stale file handle
Data has been dumped to outdirBNSBu32cores/Constraints170817_result.pkl.


Traceback (most recent call last):
  File "/home/thussenot/.conda/envs/multinest/lib/python3.10/shutil.py", line 816, in move
    os.rename(src, real_dst)
FileNotFoundError: [Errno 2] No such file or directory: 'outdirBNSBu32cores/Constraints170817_result.json' -> 'outdirBNSBu32cores/Constraints170817_result.json.old'

During handling of the above exception, another exception occurred:

Traceback (most recent call last):
  File "/home/thussenot/.conda/envs/multinest/bin/lightcurve-analysis", line 8, in <module>
    sys.exit(main())
  File "/home/thussenot/.conda/envs/multinest/lib/python3.10/site-packages/nmma/em/analysis.py", line 1028, in main
    analysis(args)
  File "/home/thussenot/.conda/envs/multinest/lib/python3.10/site-packages/nmma/em/analysis.py", line 712, in analysis
    result = bilby.run_sampler(
  File "/home/thussenot/.conda/envs/multinest/lib/python3.10/site-packages/bilby/core/sampler/__init__.py", line 262, in run_sampler
    result.save_to_file(extension=save, gzip=gzip, outdir=outdir)
  File "/home/thussenot/.conda/envs/multinest/lib/python3.10/site-packages/bilby/core/result.py", line 783, in save_to_file
    move_old_file(filename, overwrite)
  File "/home/thussenot/.conda/envs/multinest/lib/python3.10/site-packages/bilby/core/utils/io.py", line 411, in move_old_file
    shutil.move(filename, filename + ".old")
  File "/home/thussenot/.conda/envs/multinest/lib/python3.10/shutil.py", line 836, in move
    copy_function(src, real_dst)
  File "/home/thussenot/.conda/envs/multinest/lib/python3.10/shutil.py", line 435, in copy2
    copystat(src, dst, follow_symlinks=follow_symlinks)
  File "/home/thussenot/.conda/envs/multinest/lib/python3.10/shutil.py", line 372, in copystat
    st = lookup("stat")(src, follow_symlinks=follow)
FileNotFoundError: [Errno 2] No such file or directory: 'outdirBNSBu32cores/Constraints170817_result.json'
Traceback (most recent call last):
  File "/home/thussenot/.conda/envs/multinest/bin/lightcurve-analysis", line 8, in <module>
Traceback (most recent call last):
  File "/home/thussenot/.conda/envs/multinest/bin/lightcurve-analysis", line 8, in <module>
Traceback (most recent call last):
  File "/home/thussenot/.conda/envs/multinest/bin/lightcurve-analysis", line 8, in <module>
Traceback (most recent call last):
  File "/home/thussenot/.conda/envs/multinest/bin/lightcurve-analysis", line 8, in <module>
Traceback (most recent call last):
  File "/home/thussenot/.conda/envs/multinest/bin/lightcurve-analysis", line 8, in <module>
Traceback (most recent call last):
  File "/home/thussenot/.conda/envs/multinest/bin/lightcurve-analysis", line 8, in <module>
Traceback (most recent call last):
  File "/home/thussenot/.conda/envs/multinest/bin/lightcurve-analysis", line 8, in <module>
    sys.exit(main())
  File "/home/thussenot/.conda/envs/multinest/lib/python3.10/site-packages/nmma/em/analysis.py", line 1028, in main
    sys.exit(main())
  File "/home/thussenot/.conda/envs/multinest/lib/python3.10/site-packages/nmma/em/analysis.py", line 1028, in main
    sys.exit(main())
  File "/home/thussenot/.conda/envs/multinest/lib/python3.10/site-packages/nmma/em/analysis.py", line 1028, in main
    sys.exit(main())
  File "/home/thussenot/.conda/envs/multinest/lib/python3.10/site-packages/nmma/em/analysis.py", line 1028, in main
    sys.exit(main())
  File "/home/thussenot/.conda/envs/multinest/lib/python3.10/site-packages/nmma/em/analysis.py", line 1028, in main
    sys.exit(main())
  File "/home/thussenot/.conda/envs/multinest/lib/python3.10/site-packages/nmma/em/analysis.py", line 1028, in main
    sys.exit(main())
  File "/home/thussenot/.conda/envs/multinest/lib/python3.10/site-packages/nmma/em/analysis.py", line 1028, in main
    analysis(args)
  File "/home/thussenot/.conda/envs/multinest/lib/python3.10/site-packages/nmma/em/analysis.py", line 712, in analysis
    analysis(args)
  File "/home/thussenot/.conda/envs/multinest/lib/python3.10/site-packages/nmma/em/analysis.py", line 712, in analysis
    analysis(args)
  File "/home/thussenot/.conda/envs/multinest/lib/python3.10/site-packages/nmma/em/analysis.py", line 712, in analysis
    analysis(args)
  File "/home/thussenot/.conda/envs/multinest/lib/python3.10/site-packages/nmma/em/analysis.py", line 712, in analysis
    analysis(args)
  File "/home/thussenot/.conda/envs/multinest/lib/python3.10/site-packages/nmma/em/analysis.py", line 712, in analysis
    analysis(args)
  File "/home/thussenot/.conda/envs/multinest/lib/python3.10/site-packages/nmma/em/analysis.py", line 712, in analysis
    analysis(args)
  File "/home/thussenot/.conda/envs/multinest/lib/python3.10/site-packages/nmma/em/analysis.py", line 712, in analysis
    result = bilby.run_sampler(
  File "/home/thussenot/.conda/envs/multinest/lib/python3.10/site-packages/bilby/core/sampler/__init__.py", line 278, in run_sampler
    result = bilby.run_sampler(
  File "/home/thussenot/.conda/envs/multinest/lib/python3.10/site-packages/bilby/core/sampler/__init__.py", line 278, in run_sampler
    result = bilby.run_sampler(
  File "/home/thussenot/.conda/envs/multinest/lib/python3.10/site-packages/bilby/core/sampler/__init__.py", line 278, in run_sampler
    result = bilby.run_sampler(
  File "/home/thussenot/.conda/envs/multinest/lib/python3.10/site-packages/bilby/core/sampler/__init__.py", line 278, in run_sampler
    result = bilby.run_sampler(
  File "/home/thussenot/.conda/envs/multinest/lib/python3.10/site-packages/bilby/core/sampler/__init__.py", line 278, in run_sampler
    result = bilby.run_sampler(
  File "/home/thussenot/.conda/envs/multinest/lib/python3.10/site-packages/bilby/core/sampler/__init__.py", line 278, in run_sampler
    result = bilby.run_sampler(
  File "/home/thussenot/.conda/envs/multinest/lib/python3.10/site-packages/bilby/core/sampler/__init__.py", line 278, in run_sampler
    result.save_to_file(overwrite=True, extension=save, gzip=gzip, outdir=outdir)
  File "/home/thussenot/.conda/envs/multinest/lib/python3.10/site-packages/bilby/core/result.py", line 783, in save_to_file
    result.save_to_file(overwrite=True, extension=save, gzip=gzip, outdir=outdir)
  File "/home/thussenot/.conda/envs/multinest/lib/python3.10/site-packages/bilby/core/result.py", line 783, in save_to_file
    result.save_to_file(overwrite=True, extension=save, gzip=gzip, outdir=outdir)
  File "/home/thussenot/.conda/envs/multinest/lib/python3.10/site-packages/bilby/core/result.py", line 783, in save_to_file
    result.save_to_file(overwrite=True, extension=save, gzip=gzip, outdir=outdir)
  File "/home/thussenot/.conda/envs/multinest/lib/python3.10/site-packages/bilby/core/result.py", line 783, in save_to_file
    result.save_to_file(overwrite=True, extension=save, gzip=gzip, outdir=outdir)
  File "/home/thussenot/.conda/envs/multinest/lib/python3.10/site-packages/bilby/core/result.py", line 783, in save_to_file
    result.save_to_file(overwrite=True, extension=save, gzip=gzip, outdir=outdir)
  File "/home/thussenot/.conda/envs/multinest/lib/python3.10/site-packages/bilby/core/result.py", line 783, in save_to_file
    result.save_to_file(overwrite=True, extension=save, gzip=gzip, outdir=outdir)
  File "/home/thussenot/.conda/envs/multinest/lib/python3.10/site-packages/bilby/core/result.py", line 783, in save_to_file
    move_old_file(filename, overwrite)
  File "/home/thussenot/.conda/envs/multinest/lib/python3.10/site-packages/bilby/core/utils/io.py", line 406, in move_old_file
    move_old_file(filename, overwrite)
  File "/home/thussenot/.conda/envs/multinest/lib/python3.10/site-packages/bilby/core/utils/io.py", line 406, in move_old_file
    move_old_file(filename, overwrite)
  File "/home/thussenot/.conda/envs/multinest/lib/python3.10/site-packages/bilby/core/utils/io.py", line 406, in move_old_file
    move_old_file(filename, overwrite)
  File "/home/thussenot/.conda/envs/multinest/lib/python3.10/site-packages/bilby/core/utils/io.py", line 406, in move_old_file
    move_old_file(filename, overwrite)
  File "/home/thussenot/.conda/envs/multinest/lib/python3.10/site-packages/bilby/core/utils/io.py", line 406, in move_old_file
    move_old_file(filename, overwrite)
  File "/home/thussenot/.conda/envs/multinest/lib/python3.10/site-packages/bilby/core/utils/io.py", line 406, in move_old_file
    move_old_file(filename, overwrite)
  File "/home/thussenot/.conda/envs/multinest/lib/python3.10/site-packages/bilby/core/utils/io.py", line 406, in move_old_file
    os.remove(filename)
FileNotFoundError: [Errno 2] No such file or directory: 'outdirBNSBu32cores/Constraints170817_result.json'
    os.remove(filename)
FileNotFoundError: [Errno 2] No such file or directory: 'outdirBNSBu32cores/Constraints170817_result.json'
    os.remove(filename)
    os.remove(filename)
    os.remove(filename)
FileNotFoundError: [Errno 2] No such file or directory: 'outdirBNSBu32cores/Constraints170817_result.json'
    os.remove(filename)
FileNotFoundError: [Errno 2] No such file or directory: 'outdirBNSBu32cores/Constraints170817_result.json'
FileNotFoundError: [Errno 2] No such file or directory: 'outdirBNSBu32cores/Constraints170817_result.json'
FileNotFoundError: [Errno 2] No such file or directory: 'outdirBNSBu32cores/Constraints170817_result.json'
    os.remove(filename)
FileNotFoundError: [Errno 2] No such file or directory: 'outdirBNSBu32cores/Constraints170817_result.json'
04:46 bilby INFO    : Summary of results:
nsamples: 11498
ln_noise_evidence:  0.000
ln_evidence: -140.389 +/-  0.069
ln_bayes_factor: -140.389 +/-  0.069

04:46 bilby INFO    : Summary of results:
nsamples: 11498
ln_noise_evidence:  0.000
ln_evidence: -140.389 +/-  0.069
ln_bayes_factor: -140.389 +/-  0.069

04:46 bilby INFO    : Summary of results:
nsamples: 11498
ln_noise_evidence:  0.000
ln_evidence: -140.389 +/-  0.069
ln_bayes_factor: -140.389 +/-  0.069

04:46 bilby INFO    : Summary of results:
nsamples: 11498
ln_noise_evidence:  0.000
ln_evidence: -140.389 +/-  0.069
ln_bayes_factor: -140.389 +/-  0.069

04:46 bilby INFO    : Summary of results:
nsamples: 11498
ln_noise_evidence:  0.000
ln_evidence: -140.389 +/-  0.069
ln_bayes_factor: -140.389 +/-  0.069

04:46 bilby INFO    : Summary of results:
nsamples: 11498
ln_noise_evidence:  0.000
ln_evidence: -140.389 +/-  0.069
ln_bayes_factor: -140.389 +/-  0.069

04:46 bilby INFO    : Summary of results:
nsamples: 11498
ln_noise_evidence:  0.000
ln_evidence: -140.389 +/-  0.069
ln_bayes_factor: -140.389 +/-  0.069

04:46 bilby INFO    : Summary of results:
nsamples: 11498
ln_noise_evidence:  0.000
ln_evidence: -140.389 +/-  0.069
ln_bayes_factor: -140.389 +/-  0.069

04:46 bilby INFO    : Summary of results:
nsamples: 11498
ln_noise_evidence:  0.000
ln_evidence: -140.389 +/-  0.069
ln_bayes_factor: -140.389 +/-  0.069

04:46 bilby INFO    : Summary of results:
nsamples: 11498
ln_noise_evidence:  0.000
ln_evidence: -140.389 +/-  0.069
ln_bayes_factor: -140.389 +/-  0.069

04:46 bilby INFO    : Summary of results:
nsamples: 11498
ln_noise_evidence:  0.000
ln_evidence: -140.389 +/-  0.069
ln_bayes_factor: -140.389 +/-  0.069

04:46 bilby INFO    : Summary of results:
nsamples: 11498
ln_noise_evidence:  0.000
ln_evidence: -140.389 +/-  0.069
ln_bayes_factor: -140.389 +/-  0.069

04:47 bilby INFO    : Summary of results:
nsamples: 11498
ln_noise_evidence:  0.000
ln_evidence: -140.389 +/-  0.069
ln_bayes_factor: -140.389 +/-  0.069

--------------------------------------------------------------------------
Primary job  terminated normally, but 1 process returned
a non-zero exit code. Per user-direction, the job has been aborted.
--------------------------------------------------------------------------
--------------------------------------------------------------------------
mpiexec detected that one or more processes exited with non-zero status, thus causing
the job to be terminated. The first process to do so was:

  Process name: [[31833,1],21]
  Exit code:    1
--------------------------------------------------------------------------
