04:22 bilby INFO    : Running for label 'Constraints170817', output will be saved to 'outdirBNSBu32cores'
04:22 bilby INFO    : Running for label 'Constraints170817', output will be saved to 'outdirBNSBu32cores'
04:22 bilby INFO    : Running for label 'Constraints170817', output will be saved to 'outdirBNSBu32cores'
04:22 bilby INFO    : Running for label 'Constraints170817', output will be saved to 'outdirBNSBu32cores'
04:22 bilby INFO    : Running for label 'Constraints170817', output will be saved to 'outdirBNSBu32cores'
04:22 bilby INFO    : Running for label 'Constraints170817', output will be saved to 'outdirBNSBu32cores'
04:22 bilby INFO    : Running for label 'Constraints170817', output will be saved to 'outdirBNSBu32cores'
04:22 bilby INFO    : Running for label 'Constraints170817', output will be saved to 'outdirBNSBu32cores'
04:22 bilby INFO    : Running for label 'Constraints170817', output will be saved to 'outdirBNSBu32cores'
04:22 bilby INFO    : Running for label 'Constraints170817', output will be saved to 'outdirBNSBu32cores'
04:22 bilby INFO    : Running for label 'Constraints170817', output will be saved to 'outdirBNSBu32cores'
04:22 bilby INFO    : Running for label 'Constraints170817', output will be saved to 'outdirBNSBu32cores'
04:22 bilby INFO    : Running for label 'Constraints170817', output will be saved to 'outdirBNSBu32cores'
04:22 bilby INFO    : Running for label 'Constraints170817', output will be saved to 'outdirBNSBu32cores'
04:22 bilby INFO    : Running for label 'Constraints170817', output will be saved to 'outdirBNSBu32cores'
04:22 bilby INFO    : Running for label 'Constraints170817', output will be saved to 'outdirBNSBu32cores'
04:22 bilby INFO    : Running for label 'Constraints170817', output will be saved to 'outdirBNSBu32cores'
04:22 bilby INFO    : Running for label 'Constraints170817', output will be saved to 'outdirBNSBu32cores'
04:22 bilby INFO    : Running for label 'Constraints170817', output will be saved to 'outdirBNSBu32cores'
04:22 bilby INFO    : Running for label 'Constraints170817', output will be saved to 'outdirBNSBu32cores'
04:22 bilby INFO    : Running for label 'Constraints170817', output will be saved to 'outdirBNSBu32cores'
04:22 bilby INFO    : Running for label 'Constraints170817', output will be saved to 'outdirBNSBu32cores'
04:22 bilby INFO    : Running for label 'Constraints170817', output will be saved to 'outdirBNSBu32cores'
04:22 bilby INFO    : Running for label 'Constraints170817', output will be saved to 'outdirBNSBu32cores'
04:22 bilby INFO    : Running for label 'Constraints170817', output will be saved to 'outdirBNSBu32cores'
04:22 bilby INFO    : Running for label 'Constraints170817', output will be saved to 'outdirBNSBu32cores'
04:22 bilby INFO    : Running for label 'Constraints170817', output will be saved to 'outdirBNSBu32cores'
04:22 bilby INFO    : Running for label 'Constraints170817', output will be saved to 'outdirBNSBu32cores'
04:22 bilby INFO    : Running for label 'Constraints170817', output will be saved to 'outdirBNSBu32cores'
04:22 bilby INFO    : Running for label 'Constraints170817', output will be saved to 'outdirBNSBu32cores'
04:22 bilby INFO    : Running for label 'Constraints170817', output will be saved to 'outdirBNSBu32cores'
04:22 bilby INFO    : Running for label 'Constraints170817', output will be saved to 'outdirBNSBu32cores'
04:22 bilby INFO    : Analysis priors:
04:22 bilby INFO    : Analysis priors:
04:22 bilby INFO    : Analysis priors:
04:22 bilby INFO    : Analysis priors:
04:22 bilby INFO    : Analysis priors:
04:22 bilby INFO    : Analysis priors:
04:22 bilby INFO    : Analysis priors:
04:22 bilby INFO    : Analysis priors:
04:22 bilby INFO    : Analysis priors:
04:22 bilby INFO    : Analysis priors:
04:22 bilby INFO    : Analysis priors:
04:22 bilby INFO    : Analysis priors:
04:22 bilby INFO    : Analysis priors:
04:22 bilby INFO    : Analysis priors:
04:22 bilby INFO    : Analysis priors:
04:22 bilby INFO    : Analysis priors:
04:22 bilby INFO    : Analysis priors:
04:22 bilby INFO    : Analysis priors:
04:22 bilby INFO    : Analysis priors:
04:22 bilby INFO    : Analysis priors:
04:22 bilby INFO    : Analysis priors:
04:22 bilby INFO    : Analysis priors:
04:22 bilby INFO    : Analysis priors:
04:22 bilby INFO    : Analysis priors:
04:22 bilby INFO    : Analysis priors:
04:22 bilby INFO    : Analysis priors:
04:22 bilby INFO    : Analysis priors:
04:22 bilby INFO    : Analysis priors:
04:22 bilby INFO    : Analysis priors:
04:22 bilby INFO    : Analysis priors:
04:22 bilby INFO    : Analysis priors:
04:22 bilby INFO    : KNphi=Uniform(minimum=15.0, maximum=75.0, name='KNphi', latex_label='$\\Phi$', unit=None, boundary=None)
04:22 bilby INFO    : log10_mej_dyn=Uniform(minimum=-3.0, maximum=-1.0, name='log10_mej_dyn', latex_label='$\\log_{10}M^{\\rm{dyn}}_{\\rm{ej}}$', unit=None, boundary='reflective')
04:22 bilby INFO    : Analysis priors:
04:22 bilby INFO    : KNphi=Uniform(minimum=15.0, maximum=75.0, name='KNphi', latex_label='$\\Phi$', unit=None, boundary=None)
04:22 bilby INFO    : log10_mej_wind=Uniform(minimum=-3.0, maximum=-0.5, name='log10_mej_wind', latex_label='$\\log_{10}M^{\\rm{wind}}_{\\rm{ej}}$', unit=None, boundary='reflective')
04:22 bilby INFO    : KNphi=Uniform(minimum=15.0, maximum=75.0, name='KNphi', latex_label='$\\Phi$', unit=None, boundary=None)
04:22 bilby INFO    : KNphi=Uniform(minimum=15.0, maximum=75.0, name='KNphi', latex_label='$\\Phi$', unit=None, boundary=None)
04:22 bilby INFO    : log10_mej_dyn=Uniform(minimum=-3.0, maximum=-1.0, name='log10_mej_dyn', latex_label='$\\log_{10}M^{\\rm{dyn}}_{\\rm{ej}}$', unit=None, boundary='reflective')
04:22 bilby INFO    : KNphi=Uniform(minimum=15.0, maximum=75.0, name='KNphi', latex_label='$\\Phi$', unit=None, boundary=None)
04:22 bilby INFO    : KNphi=Uniform(minimum=15.0, maximum=75.0, name='KNphi', latex_label='$\\Phi$', unit=None, boundary=None)
04:22 bilby INFO    : KNphi=Uniform(minimum=15.0, maximum=75.0, name='KNphi', latex_label='$\\Phi$', unit=None, boundary=None)
04:22 bilby INFO    : inclination_EM=Gaussian(mu=0.372, sigma=0.044, name='inclination_EM', latex_label='$\\iota$', unit=None, boundary=None)
04:22 bilby INFO    : KNphi=Uniform(minimum=15.0, maximum=75.0, name='KNphi', latex_label='$\\Phi$', unit=None, boundary=None)
04:22 bilby INFO    : log10_mej_dyn=Uniform(minimum=-3.0, maximum=-1.0, name='log10_mej_dyn', latex_label='$\\log_{10}M^{\\rm{dyn}}_{\\rm{ej}}$', unit=None, boundary='reflective')
04:22 bilby INFO    : log10_mej_dyn=Uniform(minimum=-3.0, maximum=-1.0, name='log10_mej_dyn', latex_label='$\\log_{10}M^{\\rm{dyn}}_{\\rm{ej}}$', unit=None, boundary='reflective')
04:22 bilby INFO    : KNphi=Uniform(minimum=15.0, maximum=75.0, name='KNphi', latex_label='$\\Phi$', unit=None, boundary=None)
04:22 bilby INFO    : log10_mej_wind=Uniform(minimum=-3.0, maximum=-0.5, name='log10_mej_wind', latex_label='$\\log_{10}M^{\\rm{wind}}_{\\rm{ej}}$', unit=None, boundary='reflective')
04:22 bilby INFO    : KNphi=Uniform(minimum=15.0, maximum=75.0, name='KNphi', latex_label='$\\Phi$', unit=None, boundary=None)
04:22 bilby INFO    : KNphi=Uniform(minimum=15.0, maximum=75.0, name='KNphi', latex_label='$\\Phi$', unit=None, boundary=None)
04:22 bilby INFO    : log10_mej_dyn=Uniform(minimum=-3.0, maximum=-1.0, name='log10_mej_dyn', latex_label='$\\log_{10}M^{\\rm{dyn}}_{\\rm{ej}}$', unit=None, boundary='reflective')
04:22 bilby INFO    : log10_mej_dyn=Uniform(minimum=-3.0, maximum=-1.0, name='log10_mej_dyn', latex_label='$\\log_{10}M^{\\rm{dyn}}_{\\rm{ej}}$', unit=None, boundary='reflective')
04:22 bilby INFO    : log10_mej_dyn=Uniform(minimum=-3.0, maximum=-1.0, name='log10_mej_dyn', latex_label='$\\log_{10}M^{\\rm{dyn}}_{\\rm{ej}}$', unit=None, boundary='reflective')
04:22 bilby INFO    : KNphi=Uniform(minimum=15.0, maximum=75.0, name='KNphi', latex_label='$\\Phi$', unit=None, boundary=None)
04:22 bilby INFO    : log10_mej_dyn=Uniform(minimum=-3.0, maximum=-1.0, name='log10_mej_dyn', latex_label='$\\log_{10}M^{\\rm{dyn}}_{\\rm{ej}}$', unit=None, boundary='reflective')
04:22 bilby INFO    : KNphi=Uniform(minimum=15.0, maximum=75.0, name='KNphi', latex_label='$\\Phi$', unit=None, boundary=None)
04:22 bilby INFO    : luminosity_distance=LogUniform(minimum=38, maximum=48, name='luminosity_distance', latex_label='$D_L$', unit=None, boundary=None)
04:22 bilby INFO    : log10_mej_wind=Uniform(minimum=-3.0, maximum=-0.5, name='log10_mej_wind', latex_label='$\\log_{10}M^{\\rm{wind}}_{\\rm{ej}}$', unit=None, boundary='reflective')
04:22 bilby INFO    : KNphi=Uniform(minimum=15.0, maximum=75.0, name='KNphi', latex_label='$\\Phi$', unit=None, boundary=None)
04:22 bilby INFO    : log10_mej_wind=Uniform(minimum=-3.0, maximum=-0.5, name='log10_mej_wind', latex_label='$\\log_{10}M^{\\rm{wind}}_{\\rm{ej}}$', unit=None, boundary='reflective')
04:22 bilby INFO    : inclination_EM=Gaussian(mu=0.372, sigma=0.044, name='inclination_EM', latex_label='$\\iota$', unit=None, boundary=None)
04:22 bilby INFO    : log10_mej_dyn=Uniform(minimum=-3.0, maximum=-1.0, name='log10_mej_dyn', latex_label='$\\log_{10}M^{\\rm{dyn}}_{\\rm{ej}}$', unit=None, boundary='reflective')
04:22 bilby INFO    : log10_mej_dyn=Uniform(minimum=-3.0, maximum=-1.0, name='log10_mej_dyn', latex_label='$\\log_{10}M^{\\rm{dyn}}_{\\rm{ej}}$', unit=None, boundary='reflective')
04:22 bilby INFO    : log10_mej_dyn=Uniform(minimum=-3.0, maximum=-1.0, name='log10_mej_dyn', latex_label='$\\log_{10}M^{\\rm{dyn}}_{\\rm{ej}}$', unit=None, boundary='reflective')
04:22 bilby INFO    : log10_mej_wind=Uniform(minimum=-3.0, maximum=-0.5, name='log10_mej_wind', latex_label='$\\log_{10}M^{\\rm{wind}}_{\\rm{ej}}$', unit=None, boundary='reflective')
04:22 bilby INFO    : KNphi=Uniform(minimum=15.0, maximum=75.0, name='KNphi', latex_label='$\\Phi$', unit=None, boundary=None)
04:22 bilby INFO    : KNphi=Uniform(minimum=15.0, maximum=75.0, name='KNphi', latex_label='$\\Phi$', unit=None, boundary=None)
04:22 bilby INFO    : log10_mej_wind=Uniform(minimum=-3.0, maximum=-0.5, name='log10_mej_wind', latex_label='$\\log_{10}M^{\\rm{wind}}_{\\rm{ej}}$', unit=None, boundary='reflective')
04:22 bilby INFO    : log10_mej_wind=Uniform(minimum=-3.0, maximum=-0.5, name='log10_mej_wind', latex_label='$\\log_{10}M^{\\rm{wind}}_{\\rm{ej}}$', unit=None, boundary='reflective')
04:22 bilby INFO    : log10_mej_wind=Uniform(minimum=-3.0, maximum=-0.5, name='log10_mej_wind', latex_label='$\\log_{10}M^{\\rm{wind}}_{\\rm{ej}}$', unit=None, boundary='reflective')
04:22 bilby INFO    : KNphi=Uniform(minimum=15.0, maximum=75.0, name='KNphi', latex_label='$\\Phi$', unit=None, boundary=None)
04:22 bilby INFO    : log10_mej_dyn=Uniform(minimum=-3.0, maximum=-1.0, name='log10_mej_dyn', latex_label='$\\log_{10}M^{\\rm{dyn}}_{\\rm{ej}}$', unit=None, boundary='reflective')
04:22 bilby INFO    : KNphi=Uniform(minimum=15.0, maximum=75.0, name='KNphi', latex_label='$\\Phi$', unit=None, boundary=None)
04:22 bilby INFO    : KNphi=Uniform(minimum=15.0, maximum=75.0, name='KNphi', latex_label='$\\Phi$', unit=None, boundary=None)
04:22 bilby INFO    : log10_mej_dyn=Uniform(minimum=-3.0, maximum=-1.0, name='log10_mej_dyn', latex_label='$\\log_{10}M^{\\rm{dyn}}_{\\rm{ej}}$', unit=None, boundary='reflective')
04:22 bilby INFO    : em_syserr=LogUniform(minimum=0.1, maximum=2.0, name='em_syserr', latex_label='$\\sigma$', unit=None, boundary=None)
04:22 bilby INFO    : KNphi=Uniform(minimum=15.0, maximum=75.0, name='KNphi', latex_label='$\\Phi$', unit=None, boundary=None)
04:22 bilby INFO    : inclination_EM=Gaussian(mu=0.372, sigma=0.044, name='inclination_EM', latex_label='$\\iota$', unit=None, boundary=None)
04:22 bilby INFO    : KNphi=Uniform(minimum=15.0, maximum=75.0, name='KNphi', latex_label='$\\Phi$', unit=None, boundary=None)
04:22 bilby INFO    : KNphi=Uniform(minimum=15.0, maximum=75.0, name='KNphi', latex_label='$\\Phi$', unit=None, boundary=None)
04:22 bilby INFO    : log10_mej_wind=Uniform(minimum=-3.0, maximum=-0.5, name='log10_mej_wind', latex_label='$\\log_{10}M^{\\rm{wind}}_{\\rm{ej}}$', unit=None, boundary='reflective')
04:22 bilby INFO    : log10_mej_dyn=Uniform(minimum=-3.0, maximum=-1.0, name='log10_mej_dyn', latex_label='$\\log_{10}M^{\\rm{dyn}}_{\\rm{ej}}$', unit=None, boundary='reflective')
04:22 bilby INFO    : log10_mej_wind=Uniform(minimum=-3.0, maximum=-0.5, name='log10_mej_wind', latex_label='$\\log_{10}M^{\\rm{wind}}_{\\rm{ej}}$', unit=None, boundary='reflective')
04:22 bilby INFO    : timeshift=0.0
04:22 bilby INFO    : inclination_EM=Gaussian(mu=0.372, sigma=0.044, name='inclination_EM', latex_label='$\\iota$', unit=None, boundary=None)
04:22 bilby INFO    : log10_mej_wind=Uniform(minimum=-3.0, maximum=-0.5, name='log10_mej_wind', latex_label='$\\log_{10}M^{\\rm{wind}}_{\\rm{ej}}$', unit=None, boundary='reflective')
04:22 bilby INFO    : luminosity_distance=LogUniform(minimum=38, maximum=48, name='luminosity_distance', latex_label='$D_L$', unit=None, boundary=None)
04:22 bilby INFO    : inclination_EM=Gaussian(mu=0.372, sigma=0.044, name='inclination_EM', latex_label='$\\iota$', unit=None, boundary=None)
04:22 bilby INFO    : Ebv=0.0
04:22 bilby INFO    : log10_mej_dyn=Uniform(minimum=-3.0, maximum=-1.0, name='log10_mej_dyn', latex_label='$\\log_{10}M^{\\rm{dyn}}_{\\rm{ej}}$', unit=None, boundary='reflective')
04:22 bilby INFO    : log10_mej_dyn=Uniform(minimum=-3.0, maximum=-1.0, name='log10_mej_dyn', latex_label='$\\log_{10}M^{\\rm{dyn}}_{\\rm{ej}}$', unit=None, boundary='reflective')
04:22 bilby INFO    : inclination_EM=Gaussian(mu=0.372, sigma=0.044, name='inclination_EM', latex_label='$\\iota$', unit=None, boundary=None)
04:22 bilby INFO    : inclination_EM=Gaussian(mu=0.372, sigma=0.044, name='inclination_EM', latex_label='$\\iota$', unit=None, boundary=None)
04:22 bilby INFO    : log10_mej_wind=Uniform(minimum=-3.0, maximum=-0.5, name='log10_mej_wind', latex_label='$\\log_{10}M^{\\rm{wind}}_{\\rm{ej}}$', unit=None, boundary='reflective')
04:22 bilby INFO    : log10_mej_wind=Uniform(minimum=-3.0, maximum=-0.5, name='log10_mej_wind', latex_label='$\\log_{10}M^{\\rm{wind}}_{\\rm{ej}}$', unit=None, boundary='reflective')
04:22 bilby INFO    : Analysis likelihood class: <class 'nmma.em.likelihood.OpticalLightCurve'>
04:22 bilby INFO    : inclination_EM=Gaussian(mu=0.372, sigma=0.044, name='inclination_EM', latex_label='$\\iota$', unit=None, boundary=None)
04:22 bilby INFO    : log10_mej_dyn=Uniform(minimum=-3.0, maximum=-1.0, name='log10_mej_dyn', latex_label='$\\log_{10}M^{\\rm{dyn}}_{\\rm{ej}}$', unit=None, boundary='reflective')
04:22 bilby INFO    : KNphi=Uniform(minimum=15.0, maximum=75.0, name='KNphi', latex_label='$\\Phi$', unit=None, boundary=None)
04:22 bilby INFO    : log10_mej_dyn=Uniform(minimum=-3.0, maximum=-1.0, name='log10_mej_dyn', latex_label='$\\log_{10}M^{\\rm{dyn}}_{\\rm{ej}}$', unit=None, boundary='reflective')
04:22 bilby INFO    : KNphi=Uniform(minimum=15.0, maximum=75.0, name='KNphi', latex_label='$\\Phi$', unit=None, boundary=None)
04:22 bilby INFO    : log10_mej_dyn=Uniform(minimum=-3.0, maximum=-1.0, name='log10_mej_dyn', latex_label='$\\log_{10}M^{\\rm{dyn}}_{\\rm{ej}}$', unit=None, boundary='reflective')
04:22 bilby INFO    : KNphi=Uniform(minimum=15.0, maximum=75.0, name='KNphi', latex_label='$\\Phi$', unit=None, boundary=None)
04:22 bilby INFO    : log10_mej_wind=Uniform(minimum=-3.0, maximum=-0.5, name='log10_mej_wind', latex_label='$\\log_{10}M^{\\rm{wind}}_{\\rm{ej}}$', unit=None, boundary='reflective')
04:22 bilby INFO    : log10_mej_dyn=Uniform(minimum=-3.0, maximum=-1.0, name='log10_mej_dyn', latex_label='$\\log_{10}M^{\\rm{dyn}}_{\\rm{ej}}$', unit=None, boundary='reflective')
04:22 bilby INFO    : KNphi=Uniform(minimum=15.0, maximum=75.0, name='KNphi', latex_label='$\\Phi$', unit=None, boundary=None)
04:22 bilby INFO    : log10_mej_dyn=Uniform(minimum=-3.0, maximum=-1.0, name='log10_mej_dyn', latex_label='$\\log_{10}M^{\\rm{dyn}}_{\\rm{ej}}$', unit=None, boundary='reflective')
04:22 bilby INFO    : log10_mej_dyn=Uniform(minimum=-3.0, maximum=-1.0, name='log10_mej_dyn', latex_label='$\\log_{10}M^{\\rm{dyn}}_{\\rm{ej}}$', unit=None, boundary='reflective')
04:22 bilby INFO    : KNphi=Uniform(minimum=15.0, maximum=75.0, name='KNphi', latex_label='$\\Phi$', unit=None, boundary=None)
04:22 bilby INFO    : KNphi=Uniform(minimum=15.0, maximum=75.0, name='KNphi', latex_label='$\\Phi$', unit=None, boundary=None)
04:22 bilby INFO    : luminosity_distance=LogUniform(minimum=38, maximum=48, name='luminosity_distance', latex_label='$D_L$', unit=None, boundary=None)
04:22 bilby INFO    : em_syserr=LogUniform(minimum=0.1, maximum=2.0, name='em_syserr', latex_label='$\\sigma$', unit=None, boundary=None)
04:22 bilby INFO    : KNphi=Uniform(minimum=15.0, maximum=75.0, name='KNphi', latex_label='$\\Phi$', unit=None, boundary=None)
04:22 bilby INFO    : inclination_EM=Gaussian(mu=0.372, sigma=0.044, name='inclination_EM', latex_label='$\\iota$', unit=None, boundary=None)
04:22 bilby INFO    : inclination_EM=Gaussian(mu=0.372, sigma=0.044, name='inclination_EM', latex_label='$\\iota$', unit=None, boundary=None)
04:22 bilby INFO    : inclination_EM=Gaussian(mu=0.372, sigma=0.044, name='inclination_EM', latex_label='$\\iota$', unit=None, boundary=None)
04:22 bilby INFO    : Analysis likelihood noise evidence: 0.0
04:22 bilby INFO    : luminosity_distance=LogUniform(minimum=38, maximum=48, name='luminosity_distance', latex_label='$D_L$', unit=None, boundary=None)
04:22 bilby INFO    : luminosity_distance=LogUniform(minimum=38, maximum=48, name='luminosity_distance', latex_label='$D_L$', unit=None, boundary=None)
04:22 bilby INFO    : timeshift=0.0
04:22 bilby INFO    : luminosity_distance=LogUniform(minimum=38, maximum=48, name='luminosity_distance', latex_label='$D_L$', unit=None, boundary=None)
04:22 bilby INFO    : log10_mej_wind=Uniform(minimum=-3.0, maximum=-0.5, name='log10_mej_wind', latex_label='$\\log_{10}M^{\\rm{wind}}_{\\rm{ej}}$', unit=None, boundary='reflective')
04:22 bilby INFO    : log10_mej_wind=Uniform(minimum=-3.0, maximum=-0.5, name='log10_mej_wind', latex_label='$\\log_{10}M^{\\rm{wind}}_{\\rm{ej}}$', unit=None, boundary='reflective')
04:22 bilby INFO    : luminosity_distance=LogUniform(minimum=38, maximum=48, name='luminosity_distance', latex_label='$D_L$', unit=None, boundary=None)
04:22 bilby INFO    : Ebv=0.0
04:22 bilby INFO    : inclination_EM=Gaussian(mu=0.372, sigma=0.044, name='inclination_EM', latex_label='$\\iota$', unit=None, boundary=None)
04:22 bilby INFO    : inclination_EM=Gaussian(mu=0.372, sigma=0.044, name='inclination_EM', latex_label='$\\iota$', unit=None, boundary=None)
04:22 bilby INFO    : log10_mej_wind=Uniform(minimum=-3.0, maximum=-0.5, name='log10_mej_wind', latex_label='$\\log_{10}M^{\\rm{wind}}_{\\rm{ej}}$', unit=None, boundary='reflective')
04:22 bilby INFO    : log10_mej_dyn=Uniform(minimum=-3.0, maximum=-1.0, name='log10_mej_dyn', latex_label='$\\log_{10}M^{\\rm{dyn}}_{\\rm{ej}}$', unit=None, boundary='reflective')
04:22 bilby INFO    : KNphi=Uniform(minimum=15.0, maximum=75.0, name='KNphi', latex_label='$\\Phi$', unit=None, boundary=None)
04:22 bilby INFO    : log10_mej_wind=Uniform(minimum=-3.0, maximum=-0.5, name='log10_mej_wind', latex_label='$\\log_{10}M^{\\rm{wind}}_{\\rm{ej}}$', unit=None, boundary='reflective')
04:22 bilby INFO    : log10_mej_wind=Uniform(minimum=-3.0, maximum=-0.5, name='log10_mej_wind', latex_label='$\\log_{10}M^{\\rm{wind}}_{\\rm{ej}}$', unit=None, boundary='reflective')
04:22 bilby INFO    : luminosity_distance=LogUniform(minimum=38, maximum=48, name='luminosity_distance', latex_label='$D_L$', unit=None, boundary=None)
04:22 bilby INFO    : log10_mej_wind=Uniform(minimum=-3.0, maximum=-0.5, name='log10_mej_wind', latex_label='$\\log_{10}M^{\\rm{wind}}_{\\rm{ej}}$', unit=None, boundary='reflective')
04:22 bilby INFO    : log10_mej_dyn=Uniform(minimum=-3.0, maximum=-1.0, name='log10_mej_dyn', latex_label='$\\log_{10}M^{\\rm{dyn}}_{\\rm{ej}}$', unit=None, boundary='reflective')
04:22 bilby INFO    : log10_mej_wind=Uniform(minimum=-3.0, maximum=-0.5, name='log10_mej_wind', latex_label='$\\log_{10}M^{\\rm{wind}}_{\\rm{ej}}$', unit=None, boundary='reflective')
04:22 bilby INFO    : log10_mej_dyn=Uniform(minimum=-3.0, maximum=-1.0, name='log10_mej_dyn', latex_label='$\\log_{10}M^{\\rm{dyn}}_{\\rm{ej}}$', unit=None, boundary='reflective')
04:22 bilby INFO    : em_syserr=LogUniform(minimum=0.1, maximum=2.0, name='em_syserr', latex_label='$\\sigma$', unit=None, boundary=None)
04:22 bilby INFO    : Analysis likelihood class: <class 'nmma.em.likelihood.OpticalLightCurve'>
04:22 bilby INFO    : inclination_EM=Gaussian(mu=0.372, sigma=0.044, name='inclination_EM', latex_label='$\\iota$', unit=None, boundary=None)
04:22 bilby INFO    : luminosity_distance=LogUniform(minimum=38, maximum=48, name='luminosity_distance', latex_label='$D_L$', unit=None, boundary=None)
04:22 bilby INFO    : log10_mej_wind=Uniform(minimum=-3.0, maximum=-0.5, name='log10_mej_wind', latex_label='$\\log_{10}M^{\\rm{wind}}_{\\rm{ej}}$', unit=None, boundary='reflective')
04:22 bilby INFO    : log10_mej_dyn=Uniform(minimum=-3.0, maximum=-1.0, name='log10_mej_dyn', latex_label='$\\log_{10}M^{\\rm{dyn}}_{\\rm{ej}}$', unit=None, boundary='reflective')
04:22 bilby INFO    : log10_mej_dyn=Uniform(minimum=-3.0, maximum=-1.0, name='log10_mej_dyn', latex_label='$\\log_{10}M^{\\rm{dyn}}_{\\rm{ej}}$', unit=None, boundary='reflective')
04:22 bilby INFO    : luminosity_distance=LogUniform(minimum=38, maximum=48, name='luminosity_distance', latex_label='$D_L$', unit=None, boundary=None)
04:22 bilby INFO    : log10_mej_dyn=Uniform(minimum=-3.0, maximum=-1.0, name='log10_mej_dyn', latex_label='$\\log_{10}M^{\\rm{dyn}}_{\\rm{ej}}$', unit=None, boundary='reflective')
04:22 bilby INFO    : log10_mej_dyn=Uniform(minimum=-3.0, maximum=-1.0, name='log10_mej_dyn', latex_label='$\\log_{10}M^{\\rm{dyn}}_{\\rm{ej}}$', unit=None, boundary='reflective')
04:22 bilby INFO    : em_syserr=LogUniform(minimum=0.1, maximum=2.0, name='em_syserr', latex_label='$\\sigma$', unit=None, boundary=None)
04:22 bilby INFO    : luminosity_distance=LogUniform(minimum=38, maximum=48, name='luminosity_distance', latex_label='$D_L$', unit=None, boundary=None)
04:22 bilby INFO    : em_syserr=LogUniform(minimum=0.1, maximum=2.0, name='em_syserr', latex_label='$\\sigma$', unit=None, boundary=None)
04:22 bilby INFO    : em_syserr=LogUniform(minimum=0.1, maximum=2.0, name='em_syserr', latex_label='$\\sigma$', unit=None, boundary=None)
04:22 bilby INFO    : Analysis likelihood noise evidence: 0.0
04:22 bilby INFO    : em_syserr=LogUniform(minimum=0.1, maximum=2.0, name='em_syserr', latex_label='$\\sigma$', unit=None, boundary=None)
04:22 bilby INFO    : timeshift=0.0
04:22 bilby INFO    : luminosity_distance=LogUniform(minimum=38, maximum=48, name='luminosity_distance', latex_label='$D_L$', unit=None, boundary=None)
04:22 bilby INFO    : inclination_EM=Gaussian(mu=0.372, sigma=0.044, name='inclination_EM', latex_label='$\\iota$', unit=None, boundary=None)
04:22 bilby INFO    : luminosity_distance=LogUniform(minimum=38, maximum=48, name='luminosity_distance', latex_label='$D_L$', unit=None, boundary=None)
04:22 bilby INFO    : inclination_EM=Gaussian(mu=0.372, sigma=0.044, name='inclination_EM', latex_label='$\\iota$', unit=None, boundary=None)
04:22 bilby INFO    : timeshift=0.0
04:22 bilby INFO    : Ebv=0.0
04:22 bilby INFO    : timeshift=0.0
04:22 bilby INFO    : inclination_EM=Gaussian(mu=0.372, sigma=0.044, name='inclination_EM', latex_label='$\\iota$', unit=None, boundary=None)
04:22 bilby INFO    : timeshift=0.0
04:22 bilby INFO    : log10_mej_wind=Uniform(minimum=-3.0, maximum=-0.5, name='log10_mej_wind', latex_label='$\\log_{10}M^{\\rm{wind}}_{\\rm{ej}}$', unit=None, boundary='reflective')
04:22 bilby INFO    : timeshift=0.0
04:22 bilby INFO    : inclination_EM=Gaussian(mu=0.372, sigma=0.044, name='inclination_EM', latex_label='$\\iota$', unit=None, boundary=None)
04:22 bilby INFO    : inclination_EM=Gaussian(mu=0.372, sigma=0.044, name='inclination_EM', latex_label='$\\iota$', unit=None, boundary=None)
04:22 bilby INFO    : em_syserr=LogUniform(minimum=0.1, maximum=2.0, name='em_syserr', latex_label='$\\sigma$', unit=None, boundary=None)
04:22 bilby INFO    : inclination_EM=Gaussian(mu=0.372, sigma=0.044, name='inclination_EM', latex_label='$\\iota$', unit=None, boundary=None)
04:22 bilby INFO    : luminosity_distance=LogUniform(minimum=38, maximum=48, name='luminosity_distance', latex_label='$D_L$', unit=None, boundary=None)
04:22 bilby INFO    : log10_mej_wind=Uniform(minimum=-3.0, maximum=-0.5, name='log10_mej_wind', latex_label='$\\log_{10}M^{\\rm{wind}}_{\\rm{ej}}$', unit=None, boundary='reflective')
04:22 bilby INFO    : Ebv=0.0
04:22 bilby INFO    : log10_mej_dyn=Uniform(minimum=-3.0, maximum=-1.0, name='log10_mej_dyn', latex_label='$\\log_{10}M^{\\rm{dyn}}_{\\rm{ej}}$', unit=None, boundary='reflective')
04:22 bilby INFO    : log10_mej_wind=Uniform(minimum=-3.0, maximum=-0.5, name='log10_mej_wind', latex_label='$\\log_{10}M^{\\rm{wind}}_{\\rm{ej}}$', unit=None, boundary='reflective')
04:22 bilby INFO    : Analysis likelihood class: <class 'nmma.em.likelihood.OpticalLightCurve'>
04:22 bilby INFO    : Ebv=0.0
04:22 bilby INFO    : em_syserr=LogUniform(minimum=0.1, maximum=2.0, name='em_syserr', latex_label='$\\sigma$', unit=None, boundary=None)
04:22 bilby INFO    : log10_mej_wind=Uniform(minimum=-3.0, maximum=-0.5, name='log10_mej_wind', latex_label='$\\log_{10}M^{\\rm{wind}}_{\\rm{ej}}$', unit=None, boundary='reflective')
04:22 bilby INFO    : Ebv=0.0
04:22 bilby INFO    : inclination_EM=Gaussian(mu=0.372, sigma=0.044, name='inclination_EM', latex_label='$\\iota$', unit=None, boundary=None)
04:22 bilby INFO    : inclination_EM=Gaussian(mu=0.372, sigma=0.044, name='inclination_EM', latex_label='$\\iota$', unit=None, boundary=None)
04:22 bilby INFO    : log10_mej_wind=Uniform(minimum=-3.0, maximum=-0.5, name='log10_mej_wind', latex_label='$\\log_{10}M^{\\rm{wind}}_{\\rm{ej}}$', unit=None, boundary='reflective')
04:22 bilby INFO    : log10_mej_wind=Uniform(minimum=-3.0, maximum=-0.5, name='log10_mej_wind', latex_label='$\\log_{10}M^{\\rm{wind}}_{\\rm{ej}}$', unit=None, boundary='reflective')
04:22 bilby INFO    : Ebv=0.0
04:22 bilby INFO    : em_syserr=LogUniform(minimum=0.1, maximum=2.0, name='em_syserr', latex_label='$\\sigma$', unit=None, boundary=None)
04:22 bilby INFO    : log10_mej_wind=Uniform(minimum=-3.0, maximum=-0.5, name='log10_mej_wind', latex_label='$\\log_{10}M^{\\rm{wind}}_{\\rm{ej}}$', unit=None, boundary='reflective')
04:22 bilby INFO    : timeshift=0.0
04:22 bilby INFO    : Analysis likelihood class: <class 'nmma.em.likelihood.OpticalLightCurve'>
04:22 bilby INFO    : Analysis likelihood class: <class 'nmma.em.likelihood.OpticalLightCurve'>
04:22 bilby INFO    : em_syserr=LogUniform(minimum=0.1, maximum=2.0, name='em_syserr', latex_label='$\\sigma$', unit=None, boundary=None)
04:22 bilby INFO    : Analysis likelihood class: <class 'nmma.em.likelihood.OpticalLightCurve'>
04:22 bilby INFO    : Analysis likelihood noise evidence: 0.0
04:22 bilby INFO    : em_syserr=LogUniform(minimum=0.1, maximum=2.0, name='em_syserr', latex_label='$\\sigma$', unit=None, boundary=None)
04:22 bilby INFO    : Analysis likelihood class: <class 'nmma.em.likelihood.OpticalLightCurve'>
04:22 bilby INFO    : em_syserr=LogUniform(minimum=0.1, maximum=2.0, name='em_syserr', latex_label='$\\sigma$', unit=None, boundary=None)
04:22 bilby INFO    : luminosity_distance=LogUniform(minimum=38, maximum=48, name='luminosity_distance', latex_label='$D_L$', unit=None, boundary=None)
04:22 bilby INFO    : timeshift=0.0
04:22 bilby INFO    : luminosity_distance=LogUniform(minimum=38, maximum=48, name='luminosity_distance', latex_label='$D_L$', unit=None, boundary=None)
04:22 bilby INFO    : Ebv=0.0
04:22 bilby INFO    : luminosity_distance=LogUniform(minimum=38, maximum=48, name='luminosity_distance', latex_label='$D_L$', unit=None, boundary=None)
04:22 bilby INFO    : timeshift=0.0
04:22 bilby INFO    : timeshift=0.0
04:22 bilby INFO    : Analysis likelihood noise evidence: 0.0
04:22 bilby INFO    : log10_mej_wind=Uniform(minimum=-3.0, maximum=-0.5, name='log10_mej_wind', latex_label='$\\log_{10}M^{\\rm{wind}}_{\\rm{ej}}$', unit=None, boundary='reflective')
04:22 bilby INFO    : inclination_EM=Gaussian(mu=0.372, sigma=0.044, name='inclination_EM', latex_label='$\\iota$', unit=None, boundary=None)
04:22 bilby INFO    : luminosity_distance=LogUniform(minimum=38, maximum=48, name='luminosity_distance', latex_label='$D_L$', unit=None, boundary=None)
04:22 bilby INFO    : timeshift=0.0
04:22 bilby INFO    : luminosity_distance=LogUniform(minimum=38, maximum=48, name='luminosity_distance', latex_label='$D_L$', unit=None, boundary=None)
04:22 bilby INFO    : luminosity_distance=LogUniform(minimum=38, maximum=48, name='luminosity_distance', latex_label='$D_L$', unit=None, boundary=None)
04:22 bilby INFO    : em_syserr=LogUniform(minimum=0.1, maximum=2.0, name='em_syserr', latex_label='$\\sigma$', unit=None, boundary=None)
04:22 bilby INFO    : Analysis likelihood noise evidence: 0.0
04:22 bilby INFO    : Analysis likelihood class: <class 'nmma.em.likelihood.OpticalLightCurve'>
04:22 bilby INFO    : inclination_EM=Gaussian(mu=0.372, sigma=0.044, name='inclination_EM', latex_label='$\\iota$', unit=None, boundary=None)
04:22 bilby INFO    : Ebv=0.0
04:22 bilby INFO    : Analysis likelihood noise evidence: 0.0
04:22 bilby INFO    : timeshift=0.0
04:22 bilby INFO    : Analysis likelihood noise evidence: 0.0
04:22 bilby INFO    : inclination_EM=Gaussian(mu=0.372, sigma=0.044, name='inclination_EM', latex_label='$\\iota$', unit=None, boundary=None)
04:22 bilby INFO    : Ebv=0.0
04:22 bilby INFO    : Ebv=0.0
04:22 bilby INFO    : luminosity_distance=LogUniform(minimum=38, maximum=48, name='luminosity_distance', latex_label='$D_L$', unit=None, boundary=None)
04:22 bilby INFO    : inclination_EM=Gaussian(mu=0.372, sigma=0.044, name='inclination_EM', latex_label='$\\iota$', unit=None, boundary=None)
04:22 bilby INFO    : Ebv=0.0
04:22 bilby INFO    : inclination_EM=Gaussian(mu=0.372, sigma=0.044, name='inclination_EM', latex_label='$\\iota$', unit=None, boundary=None)
04:22 bilby INFO    : timeshift=0.0
04:22 bilby INFO    : inclination_EM=Gaussian(mu=0.372, sigma=0.044, name='inclination_EM', latex_label='$\\iota$', unit=None, boundary=None)
04:22 bilby INFO    : luminosity_distance=LogUniform(minimum=38, maximum=48, name='luminosity_distance', latex_label='$D_L$', unit=None, boundary=None)
04:22 bilby INFO    : Analysis likelihood class: <class 'nmma.em.likelihood.OpticalLightCurve'>
04:22 bilby INFO    : inclination_EM=Gaussian(mu=0.372, sigma=0.044, name='inclination_EM', latex_label='$\\iota$', unit=None, boundary=None)
04:22 bilby INFO    : Ebv=0.0
04:22 bilby INFO    : Analysis likelihood class: <class 'nmma.em.likelihood.OpticalLightCurve'>
04:22 bilby INFO    : Analysis likelihood class: <class 'nmma.em.likelihood.OpticalLightCurve'>
04:22 bilby INFO    : em_syserr=LogUniform(minimum=0.1, maximum=2.0, name='em_syserr', latex_label='$\\sigma$', unit=None, boundary=None)
04:22 bilby INFO    : Analysis likelihood noise evidence: 0.0
04:22 bilby INFO    : Analysis likelihood class: <class 'nmma.em.likelihood.OpticalLightCurve'>
04:22 bilby INFO    : em_syserr=LogUniform(minimum=0.1, maximum=2.0, name='em_syserr', latex_label='$\\sigma$', unit=None, boundary=None)
04:22 bilby INFO    : Ebv=0.0
04:22 bilby INFO    : Analysis likelihood noise evidence: 0.0
04:22 bilby INFO    : Analysis likelihood class: <class 'nmma.em.likelihood.OpticalLightCurve'>
04:22 bilby INFO    : Analysis likelihood noise evidence: 0.0
04:22 bilby INFO    : em_syserr=LogUniform(minimum=0.1, maximum=2.0, name='em_syserr', latex_label='$\\sigma$', unit=None, boundary=None)
04:22 bilby INFO    : Analysis likelihood noise evidence: 0.0
04:22 bilby INFO    : em_syserr=LogUniform(minimum=0.1, maximum=2.0, name='em_syserr', latex_label='$\\sigma$', unit=None, boundary=None)
04:22 bilby INFO    : em_syserr=LogUniform(minimum=0.1, maximum=2.0, name='em_syserr', latex_label='$\\sigma$', unit=None, boundary=None)
04:22 bilby INFO    : Analysis likelihood noise evidence: 0.0
04:22 bilby INFO    : timeshift=0.0
04:22 bilby INFO    : Analysis likelihood class: <class 'nmma.em.likelihood.OpticalLightCurve'>
04:22 bilby INFO    : luminosity_distance=LogUniform(minimum=38, maximum=48, name='luminosity_distance', latex_label='$D_L$', unit=None, boundary=None)
04:22 bilby INFO    : Analysis likelihood noise evidence: 0.0
04:22 bilby INFO    : em_syserr=LogUniform(minimum=0.1, maximum=2.0, name='em_syserr', latex_label='$\\sigma$', unit=None, boundary=None)
04:22 bilby INFO    : timeshift=0.0
04:22 bilby INFO    : timeshift=0.0
04:22 bilby INFO    : luminosity_distance=LogUniform(minimum=38, maximum=48, name='luminosity_distance', latex_label='$D_L$', unit=None, boundary=None)
04:22 bilby INFO    : luminosity_distance=LogUniform(minimum=38, maximum=48, name='luminosity_distance', latex_label='$D_L$', unit=None, boundary=None)
04:22 bilby INFO    : timeshift=0.0
04:22 bilby INFO    : timeshift=0.0
04:22 bilby INFO    : inclination_EM=Gaussian(mu=0.372, sigma=0.044, name='inclination_EM', latex_label='$\\iota$', unit=None, boundary=None)
04:22 bilby INFO    : em_syserr=LogUniform(minimum=0.1, maximum=2.0, name='em_syserr', latex_label='$\\sigma$', unit=None, boundary=None)
04:22 bilby INFO    : Ebv=0.0
04:22 bilby INFO    : Analysis likelihood noise evidence: 0.0
04:22 bilby INFO    : luminosity_distance=LogUniform(minimum=38, maximum=48, name='luminosity_distance', latex_label='$D_L$', unit=None, boundary=None)
04:22 bilby INFO    : Ebv=0.0
04:22 bilby INFO    : Ebv=0.0
04:22 bilby INFO    : Ebv=0.0
04:22 bilby INFO    : luminosity_distance=LogUniform(minimum=38, maximum=48, name='luminosity_distance', latex_label='$D_L$', unit=None, boundary=None)
04:22 bilby INFO    : em_syserr=LogUniform(minimum=0.1, maximum=2.0, name='em_syserr', latex_label='$\\sigma$', unit=None, boundary=None)
04:22 bilby INFO    : luminosity_distance=LogUniform(minimum=38, maximum=48, name='luminosity_distance', latex_label='$D_L$', unit=None, boundary=None)
04:22 bilby INFO    : timeshift=0.0
04:22 bilby INFO    : Ebv=0.0
04:22 bilby INFO    : timeshift=0.0
04:22 bilby INFO    : luminosity_distance=LogUniform(minimum=38, maximum=48, name='luminosity_distance', latex_label='$D_L$', unit=None, boundary=None)
04:22 bilby INFO    : Analysis likelihood class: <class 'nmma.em.likelihood.OpticalLightCurve'>
04:22 bilby INFO    : Analysis likelihood class: <class 'nmma.em.likelihood.OpticalLightCurve'>
04:22 bilby INFO    : Analysis likelihood class: <class 'nmma.em.likelihood.OpticalLightCurve'>
04:22 bilby INFO    : Analysis likelihood class: <class 'nmma.em.likelihood.OpticalLightCurve'>
04:22 bilby INFO    : Analysis likelihood noise evidence: 0.0
04:22 bilby INFO    : Ebv=0.0
04:22 bilby INFO    : timeshift=0.0
04:22 bilby INFO    : em_syserr=LogUniform(minimum=0.1, maximum=2.0, name='em_syserr', latex_label='$\\sigma$', unit=None, boundary=None)
04:22 bilby INFO    : Analysis likelihood noise evidence: 0.0
04:22 bilby INFO    : Analysis likelihood class: <class 'nmma.em.likelihood.OpticalLightCurve'>
04:22 bilby INFO    : em_syserr=LogUniform(minimum=0.1, maximum=2.0, name='em_syserr', latex_label='$\\sigma$', unit=None, boundary=None)
04:22 bilby INFO    : Analysis likelihood noise evidence: 0.0
04:22 bilby INFO    : Analysis likelihood noise evidence: 0.0
04:22 bilby INFO    : Ebv=0.0
04:22 bilby INFO    : em_syserr=LogUniform(minimum=0.1, maximum=2.0, name='em_syserr', latex_label='$\\sigma$', unit=None, boundary=None)
04:22 bilby INFO    : Ebv=0.0
04:22 bilby INFO    : timeshift=0.0
04:22 bilby INFO    : Analysis likelihood class: <class 'nmma.em.likelihood.OpticalLightCurve'>
04:22 bilby INFO    : em_syserr=LogUniform(minimum=0.1, maximum=2.0, name='em_syserr', latex_label='$\\sigma$', unit=None, boundary=None)
04:22 bilby INFO    : em_syserr=LogUniform(minimum=0.1, maximum=2.0, name='em_syserr', latex_label='$\\sigma$', unit=None, boundary=None)
04:22 bilby INFO    : timeshift=0.0
04:22 bilby INFO    : em_syserr=LogUniform(minimum=0.1, maximum=2.0, name='em_syserr', latex_label='$\\sigma$', unit=None, boundary=None)
04:22 bilby INFO    : luminosity_distance=LogUniform(minimum=38, maximum=48, name='luminosity_distance', latex_label='$D_L$', unit=None, boundary=None)
04:22 bilby INFO    : Analysis likelihood class: <class 'nmma.em.likelihood.OpticalLightCurve'>
04:22 bilby INFO    : Analysis likelihood noise evidence: 0.0
04:22 bilby INFO    : timeshift=0.0
04:22 bilby INFO    : Analysis likelihood class: <class 'nmma.em.likelihood.OpticalLightCurve'>
04:22 bilby INFO    : em_syserr=LogUniform(minimum=0.1, maximum=2.0, name='em_syserr', latex_label='$\\sigma$', unit=None, boundary=None)
04:22 bilby INFO    : Ebv=0.0
04:22 bilby INFO    : Analysis likelihood noise evidence: 0.0
04:22 bilby INFO    : Ebv=0.0
04:22 bilby INFO    : timeshift=0.0
04:22 bilby INFO    : Ebv=0.0
04:22 bilby INFO    : timeshift=0.0
04:22 bilby INFO    : Analysis likelihood noise evidence: 0.0
04:22 bilby INFO    : Analysis likelihood class: <class 'nmma.em.likelihood.OpticalLightCurve'>
04:22 bilby INFO    : timeshift=0.0
04:22 bilby INFO    : Analysis likelihood class: <class 'nmma.em.likelihood.OpticalLightCurve'>
04:22 bilby INFO    : Analysis likelihood noise evidence: 0.0
04:22 bilby INFO    : timeshift=0.0
04:22 bilby INFO    : Ebv=0.0
04:22 bilby INFO    : Ebv=0.0
04:22 bilby INFO    : Analysis likelihood class: <class 'nmma.em.likelihood.OpticalLightCurve'>
04:22 bilby INFO    : Ebv=0.0
04:22 bilby INFO    : Analysis likelihood noise evidence: 0.0
04:22 bilby INFO    : Ebv=0.0
04:22 bilby INFO    : Analysis likelihood noise evidence: 0.0
04:22 bilby INFO    : Analysis likelihood class: <class 'nmma.em.likelihood.OpticalLightCurve'>
04:22 bilby INFO    : em_syserr=LogUniform(minimum=0.1, maximum=2.0, name='em_syserr', latex_label='$\\sigma$', unit=None, boundary=None)
04:22 bilby INFO    : Analysis likelihood class: <class 'nmma.em.likelihood.OpticalLightCurve'>
04:22 bilby INFO    : Analysis likelihood class: <class 'nmma.em.likelihood.OpticalLightCurve'>
04:22 bilby INFO    : Analysis likelihood noise evidence: 0.0
04:22 bilby INFO    : Analysis likelihood class: <class 'nmma.em.likelihood.OpticalLightCurve'>
04:22 bilby INFO    : Analysis likelihood noise evidence: 0.0
04:22 bilby INFO    : Analysis likelihood noise evidence: 0.0
04:22 bilby INFO    : Analysis likelihood noise evidence: 0.0
04:22 bilby INFO    : timeshift=0.0
04:22 bilby INFO    : Analysis likelihood noise evidence: 0.0
04:22 bilby INFO    : Ebv=0.0
04:22 bilby INFO    : Analysis likelihood class: <class 'nmma.em.likelihood.OpticalLightCurve'>
04:22 bilby INFO    : Analysis likelihood noise evidence: 0.0
04:22 bilby INFO    : KNphi=Uniform(minimum=15.0, maximum=75.0, name='KNphi', latex_label='$\\Phi$', unit=None, boundary=None)
04:22 bilby INFO    : KNphi=Uniform(minimum=15.0, maximum=75.0, name='KNphi', latex_label='$\\Phi$', unit=None, boundary=None)
04:22 bilby INFO    : log10_mej_dyn=Uniform(minimum=-3.0, maximum=-1.0, name='log10_mej_dyn', latex_label='$\\log_{10}M^{\\rm{dyn}}_{\\rm{ej}}$', unit=None, boundary='reflective')
04:22 bilby INFO    : log10_mej_dyn=Uniform(minimum=-3.0, maximum=-1.0, name='log10_mej_dyn', latex_label='$\\log_{10}M^{\\rm{dyn}}_{\\rm{ej}}$', unit=None, boundary='reflective')
04:22 bilby INFO    : log10_mej_wind=Uniform(minimum=-3.0, maximum=-0.5, name='log10_mej_wind', latex_label='$\\log_{10}M^{\\rm{wind}}_{\\rm{ej}}$', unit=None, boundary='reflective')
04:22 bilby INFO    : log10_mej_wind=Uniform(minimum=-3.0, maximum=-0.5, name='log10_mej_wind', latex_label='$\\log_{10}M^{\\rm{wind}}_{\\rm{ej}}$', unit=None, boundary='reflective')
04:22 bilby INFO    : inclination_EM=Gaussian(mu=0.372, sigma=0.044, name='inclination_EM', latex_label='$\\iota$', unit=None, boundary=None)
04:22 bilby INFO    : inclination_EM=Gaussian(mu=0.372, sigma=0.044, name='inclination_EM', latex_label='$\\iota$', unit=None, boundary=None)
04:22 bilby INFO    : luminosity_distance=LogUniform(minimum=38, maximum=48, name='luminosity_distance', latex_label='$D_L$', unit=None, boundary=None)
04:22 bilby INFO    : luminosity_distance=LogUniform(minimum=38, maximum=48, name='luminosity_distance', latex_label='$D_L$', unit=None, boundary=None)
04:22 bilby INFO    : em_syserr=LogUniform(minimum=0.1, maximum=2.0, name='em_syserr', latex_label='$\\sigma$', unit=None, boundary=None)
04:22 bilby INFO    : em_syserr=LogUniform(minimum=0.1, maximum=2.0, name='em_syserr', latex_label='$\\sigma$', unit=None, boundary=None)
04:22 bilby INFO    : timeshift=0.0
04:22 bilby INFO    : timeshift=0.0
04:22 bilby INFO    : Ebv=0.0
04:22 bilby INFO    : Ebv=0.0
04:22 bilby INFO    : Analysis likelihood class: <class 'nmma.em.likelihood.OpticalLightCurve'>
04:22 bilby INFO    : Analysis likelihood class: <class 'nmma.em.likelihood.OpticalLightCurve'>
04:22 bilby INFO    : Analysis likelihood noise evidence: 0.0
04:22 bilby INFO    : Analysis likelihood noise evidence: 0.0
04:23 bilby INFO    : Single likelihood evaluation took 2.946e-01 s
04:23 bilby INFO    : Single likelihood evaluation took 2.950e-01 s
04:23 bilby INFO    : Single likelihood evaluation took 2.949e-01 s
04:23 bilby WARNING : Supplied argument 'queue_size' not an argument of 'Pymultinest', removing.
04:23 bilby WARNING : Supplied argument 'check_point_delta_t' not an argument of 'Pymultinest', removing.
04:23 bilby INFO    : Using sampler Pymultinest with kwargs {'importance_nested_sampling': False, 'resume': True, 'verbose': True, 'sampling_efficiency': 'parameter', 'n_live_points': 2048, 'n_params': 6, 'n_clustering_params': None, 'wrapped_params': None, 'multimodal': True, 'const_efficiency_mode': False, 'evidence_tolerance': 0.5, 'n_iter_before_update': 100, 'null_log_evidence': -1e+90, 'max_modes': 100, 'mode_tolerance': -1e+90, 'seed': 42, 'context': 0, 'write_output': True, 'log_zero': -1e+100, 'max_iter': 0, 'init_MPI': False, 'dump_callback': <bound method Pymultinest._dump_callback of <bilby.core.sampler.pymultinest.Pymultinest object at 0x155522fefaf0>>}
04:23 bilby INFO    : Temporary directory incompatible with MPI, will run in original directory
04:23 bilby INFO    : Using output file outdirBNSBu32cores/pm_Constraints170817/
04:23 bilby WARNING : Supplied argument 'queue_size' not an argument of 'Pymultinest', removing.
04:23 bilby WARNING : Supplied argument 'check_point_delta_t' not an argument of 'Pymultinest', removing.
04:23 bilby INFO    : Using sampler Pymultinest with kwargs {'importance_nested_sampling': False, 'resume': True, 'verbose': True, 'sampling_efficiency': 'parameter', 'n_live_points': 2048, 'n_params': 6, 'n_clustering_params': None, 'wrapped_params': None, 'multimodal': True, 'const_efficiency_mode': False, 'evidence_tolerance': 0.5, 'n_iter_before_update': 100, 'null_log_evidence': -1e+90, 'max_modes': 100, 'mode_tolerance': -1e+90, 'seed': 42, 'context': 0, 'write_output': True, 'log_zero': -1e+100, 'max_iter': 0, 'init_MPI': False, 'dump_callback': <bound method Pymultinest._dump_callback of <bilby.core.sampler.pymultinest.Pymultinest object at 0x155522fee8c0>>}
04:23 bilby INFO    : Temporary directory incompatible with MPI, will run in original directory
04:23 bilby INFO    : Using output file outdirBNSBu32cores/pm_Constraints170817/
04:23 bilby WARNING : Supplied argument 'queue_size' not an argument of 'Pymultinest', removing.
04:23 bilby WARNING : Supplied argument 'check_point_delta_t' not an argument of 'Pymultinest', removing.
04:23 bilby INFO    : Using sampler Pymultinest with kwargs {'importance_nested_sampling': False, 'resume': True, 'verbose': True, 'sampling_efficiency': 'parameter', 'n_live_points': 2048, 'n_params': 6, 'n_clustering_params': None, 'wrapped_params': None, 'multimodal': True, 'const_efficiency_mode': False, 'evidence_tolerance': 0.5, 'n_iter_before_update': 100, 'null_log_evidence': -1e+90, 'max_modes': 100, 'mode_tolerance': -1e+90, 'seed': 42, 'context': 0, 'write_output': True, 'log_zero': -1e+100, 'max_iter': 0, 'init_MPI': False, 'dump_callback': <bound method Pymultinest._dump_callback of <bilby.core.sampler.pymultinest.Pymultinest object at 0x155522fefaf0>>}
04:23 bilby INFO    : Temporary directory incompatible with MPI, will run in original directory
04:23 bilby INFO    : Using output file outdirBNSBu32cores/pm_Constraints170817/
04:23 bilby INFO    : Single likelihood evaluation took 2.979e-01 s
04:23 bilby WARNING : Supplied argument 'queue_size' not an argument of 'Pymultinest', removing.
04:23 bilby WARNING : Supplied argument 'check_point_delta_t' not an argument of 'Pymultinest', removing.
04:23 bilby INFO    : Using sampler Pymultinest with kwargs {'importance_nested_sampling': False, 'resume': True, 'verbose': True, 'sampling_efficiency': 'parameter', 'n_live_points': 2048, 'n_params': 6, 'n_clustering_params': None, 'wrapped_params': None, 'multimodal': True, 'const_efficiency_mode': False, 'evidence_tolerance': 0.5, 'n_iter_before_update': 100, 'null_log_evidence': -1e+90, 'max_modes': 100, 'mode_tolerance': -1e+90, 'seed': 42, 'context': 0, 'write_output': True, 'log_zero': -1e+100, 'max_iter': 0, 'init_MPI': False, 'dump_callback': <bound method Pymultinest._dump_callback of <bilby.core.sampler.pymultinest.Pymultinest object at 0x155522fefb20>>}
04:23 bilby INFO    : Temporary directory incompatible with MPI, will run in original directory
04:23 bilby INFO    : Using output file outdirBNSBu32cores/pm_Constraints170817/
04:23 bilby INFO    : Single likelihood evaluation took 2.993e-01 s
04:23 bilby INFO    : Single likelihood evaluation took 2.992e-01 s
04:23 bilby INFO    : Single likelihood evaluation took 2.998e-01 s
04:23 bilby INFO    : Single likelihood evaluation took 2.998e-01 s
04:23 bilby INFO    : Single likelihood evaluation took 3.002e-01 s
04:23 bilby INFO    : Single likelihood evaluation took 3.006e-01 s
04:23 bilby INFO    : Single likelihood evaluation took 3.006e-01 s
04:23 bilby INFO    : Single likelihood evaluation took 3.009e-01 s
04:23 bilby WARNING : Supplied argument 'queue_size' not an argument of 'Pymultinest', removing.
04:23 bilby WARNING : Supplied argument 'queue_size' not an argument of 'Pymultinest', removing.
04:23 bilby WARNING : Supplied argument 'check_point_delta_t' not an argument of 'Pymultinest', removing.
04:23 bilby WARNING : Supplied argument 'check_point_delta_t' not an argument of 'Pymultinest', removing.
04:23 bilby INFO    : Using sampler Pymultinest with kwargs {'importance_nested_sampling': False, 'resume': True, 'verbose': True, 'sampling_efficiency': 'parameter', 'n_live_points': 2048, 'n_params': 6, 'n_clustering_params': None, 'wrapped_params': None, 'multimodal': True, 'const_efficiency_mode': False, 'evidence_tolerance': 0.5, 'n_iter_before_update': 100, 'null_log_evidence': -1e+90, 'max_modes': 100, 'mode_tolerance': -1e+90, 'seed': 42, 'context': 0, 'write_output': True, 'log_zero': -1e+100, 'max_iter': 0, 'init_MPI': False, 'dump_callback': <bound method Pymultinest._dump_callback of <bilby.core.sampler.pymultinest.Pymultinest object at 0x155522fefaf0>>}
04:23 bilby INFO    : Using sampler Pymultinest with kwargs {'importance_nested_sampling': False, 'resume': True, 'verbose': True, 'sampling_efficiency': 'parameter', 'n_live_points': 2048, 'n_params': 6, 'n_clustering_params': None, 'wrapped_params': None, 'multimodal': True, 'const_efficiency_mode': False, 'evidence_tolerance': 0.5, 'n_iter_before_update': 100, 'null_log_evidence': -1e+90, 'max_modes': 100, 'mode_tolerance': -1e+90, 'seed': 42, 'context': 0, 'write_output': True, 'log_zero': -1e+100, 'max_iter': 0, 'init_MPI': False, 'dump_callback': <bound method Pymultinest._dump_callback of <bilby.core.sampler.pymultinest.Pymultinest object at 0x155522fefb80>>}
04:23 bilby INFO    : Temporary directory incompatible with MPI, will run in original directory
04:23 bilby INFO    : Temporary directory incompatible with MPI, will run in original directory
04:23 bilby INFO    : Using output file outdirBNSBu32cores/pm_Constraints170817/
04:23 bilby INFO    : Using output file outdirBNSBu32cores/pm_Constraints170817/
04:23 bilby INFO    : Single likelihood evaluation took 3.021e-01 s
04:23 bilby INFO    : Single likelihood evaluation took 3.021e-01 s
04:23 bilby WARNING : Supplied argument 'queue_size' not an argument of 'Pymultinest', removing.
04:23 bilby WARNING : Supplied argument 'check_point_delta_t' not an argument of 'Pymultinest', removing.
04:23 bilby INFO    : Using sampler Pymultinest with kwargs {'importance_nested_sampling': False, 'resume': True, 'verbose': True, 'sampling_efficiency': 'parameter', 'n_live_points': 2048, 'n_params': 6, 'n_clustering_params': None, 'wrapped_params': None, 'multimodal': True, 'const_efficiency_mode': False, 'evidence_tolerance': 0.5, 'n_iter_before_update': 100, 'null_log_evidence': -1e+90, 'max_modes': 100, 'mode_tolerance': -1e+90, 'seed': 42, 'context': 0, 'write_output': True, 'log_zero': -1e+100, 'max_iter': 0, 'init_MPI': False, 'dump_callback': <bound method Pymultinest._dump_callback of <bilby.core.sampler.pymultinest.Pymultinest object at 0x155522ff3b50>>}
04:23 bilby WARNING : Supplied argument 'queue_size' not an argument of 'Pymultinest', removing.
04:23 bilby WARNING : Supplied argument 'check_point_delta_t' not an argument of 'Pymultinest', removing.
04:23 bilby INFO    : Using sampler Pymultinest with kwargs {'importance_nested_sampling': False, 'resume': True, 'verbose': True, 'sampling_efficiency': 'parameter', 'n_live_points': 2048, 'n_params': 6, 'n_clustering_params': None, 'wrapped_params': None, 'multimodal': True, 'const_efficiency_mode': False, 'evidence_tolerance': 0.5, 'n_iter_before_update': 100, 'null_log_evidence': -1e+90, 'max_modes': 100, 'mode_tolerance': -1e+90, 'seed': 42, 'context': 0, 'write_output': True, 'log_zero': -1e+100, 'max_iter': 0, 'init_MPI': False, 'dump_callback': <bound method Pymultinest._dump_callback of <bilby.core.sampler.pymultinest.Pymultinest object at 0x155522ff2aa0>>}
04:23 bilby INFO    : Temporary directory incompatible with MPI, will run in original directory
04:23 bilby INFO    : Temporary directory incompatible with MPI, will run in original directory
04:23 bilby INFO    : Using output file outdirBNSBu32cores/pm_Constraints170817/
04:23 bilby INFO    : Using output file outdirBNSBu32cores/pm_Constraints170817/
04:23 bilby WARNING : Supplied argument 'queue_size' not an argument of 'Pymultinest', removing.
04:23 bilby WARNING : Supplied argument 'check_point_delta_t' not an argument of 'Pymultinest', removing.
04:23 bilby INFO    : Using sampler Pymultinest with kwargs {'importance_nested_sampling': False, 'resume': True, 'verbose': True, 'sampling_efficiency': 'parameter', 'n_live_points': 2048, 'n_params': 6, 'n_clustering_params': None, 'wrapped_params': None, 'multimodal': True, 'const_efficiency_mode': False, 'evidence_tolerance': 0.5, 'n_iter_before_update': 100, 'null_log_evidence': -1e+90, 'max_modes': 100, 'mode_tolerance': -1e+90, 'seed': 42, 'context': 0, 'write_output': True, 'log_zero': -1e+100, 'max_iter': 0, 'init_MPI': False, 'dump_callback': <bound method Pymultinest._dump_callback of <bilby.core.sampler.pymultinest.Pymultinest object at 0x155522fee920>>}
04:23 bilby INFO    : Temporary directory incompatible with MPI, will run in original directory
04:23 bilby INFO    : Using output file outdirBNSBu32cores/pm_Constraints170817/
04:23 bilby INFO    : Single likelihood evaluation took 3.021e-01 s
04:23 bilby INFO    : Single likelihood evaluation took 3.021e-01 s
04:23 bilby WARNING : Supplied argument 'queue_size' not an argument of 'Pymultinest', removing.
04:23 bilby WARNING : Supplied argument 'check_point_delta_t' not an argument of 'Pymultinest', removing.
04:23 bilby INFO    : Using sampler Pymultinest with kwargs {'importance_nested_sampling': False, 'resume': True, 'verbose': True, 'sampling_efficiency': 'parameter', 'n_live_points': 2048, 'n_params': 6, 'n_clustering_params': None, 'wrapped_params': None, 'multimodal': True, 'const_efficiency_mode': False, 'evidence_tolerance': 0.5, 'n_iter_before_update': 100, 'null_log_evidence': -1e+90, 'max_modes': 100, 'mode_tolerance': -1e+90, 'seed': 42, 'context': 0, 'write_output': True, 'log_zero': -1e+100, 'max_iter': 0, 'init_MPI': False, 'dump_callback': <bound method Pymultinest._dump_callback of <bilby.core.sampler.pymultinest.Pymultinest object at 0x155522ff3b20>>}
04:23 bilby INFO    : Temporary directory incompatible with MPI, will run in original directory
04:23 bilby INFO    : Using output file outdirBNSBu32cores/pm_Constraints170817/
04:23 bilby WARNING : Supplied argument 'queue_size' not an argument of 'Pymultinest', removing.
04:23 bilby WARNING : Supplied argument 'check_point_delta_t' not an argument of 'Pymultinest', removing.
04:23 bilby INFO    : Using sampler Pymultinest with kwargs {'importance_nested_sampling': False, 'resume': True, 'verbose': True, 'sampling_efficiency': 'parameter', 'n_live_points': 2048, 'n_params': 6, 'n_clustering_params': None, 'wrapped_params': None, 'multimodal': True, 'const_efficiency_mode': False, 'evidence_tolerance': 0.5, 'n_iter_before_update': 100, 'null_log_evidence': -1e+90, 'max_modes': 100, 'mode_tolerance': -1e+90, 'seed': 42, 'context': 0, 'write_output': True, 'log_zero': -1e+100, 'max_iter': 0, 'init_MPI': False, 'dump_callback': <bound method Pymultinest._dump_callback of <bilby.core.sampler.pymultinest.Pymultinest object at 0x155522fe5060>>}
04:23 bilby INFO    : Temporary directory incompatible with MPI, will run in original directory
04:23 bilby INFO    : Using output file outdirBNSBu32cores/pm_Constraints170817/
04:23 bilby WARNING : Supplied argument 'queue_size' not an argument of 'Pymultinest', removing.
04:23 bilby WARNING : Supplied argument 'check_point_delta_t' not an argument of 'Pymultinest', removing.
04:23 bilby INFO    : Using sampler Pymultinest with kwargs {'importance_nested_sampling': False, 'resume': True, 'verbose': True, 'sampling_efficiency': 'parameter', 'n_live_points': 2048, 'n_params': 6, 'n_clustering_params': None, 'wrapped_params': None, 'multimodal': True, 'const_efficiency_mode': False, 'evidence_tolerance': 0.5, 'n_iter_before_update': 100, 'null_log_evidence': -1e+90, 'max_modes': 100, 'mode_tolerance': -1e+90, 'seed': 42, 'context': 0, 'write_output': True, 'log_zero': -1e+100, 'max_iter': 0, 'init_MPI': False, 'dump_callback': <bound method Pymultinest._dump_callback of <bilby.core.sampler.pymultinest.Pymultinest object at 0x155522fefac0>>}
04:23 bilby INFO    : Temporary directory incompatible with MPI, will run in original directory
04:23 bilby INFO    : Using output file outdirBNSBu32cores/pm_Constraints170817/
04:23 bilby WARNING : Supplied argument 'queue_size' not an argument of 'Pymultinest', removing.
04:23 bilby WARNING : Supplied argument 'check_point_delta_t' not an argument of 'Pymultinest', removing.
04:23 bilby INFO    : Using sampler Pymultinest with kwargs {'importance_nested_sampling': False, 'resume': True, 'verbose': True, 'sampling_efficiency': 'parameter', 'n_live_points': 2048, 'n_params': 6, 'n_clustering_params': None, 'wrapped_params': None, 'multimodal': True, 'const_efficiency_mode': False, 'evidence_tolerance': 0.5, 'n_iter_before_update': 100, 'null_log_evidence': -1e+90, 'max_modes': 100, 'mode_tolerance': -1e+90, 'seed': 42, 'context': 0, 'write_output': True, 'log_zero': -1e+100, 'max_iter': 0, 'init_MPI': False, 'dump_callback': <bound method Pymultinest._dump_callback of <bilby.core.sampler.pymultinest.Pymultinest object at 0x155522fefb20>>}
04:23 bilby WARNING : Supplied argument 'queue_size' not an argument of 'Pymultinest', removing.
04:23 bilby INFO    : Temporary directory incompatible with MPI, will run in original directory
04:23 bilby WARNING : Supplied argument 'check_point_delta_t' not an argument of 'Pymultinest', removing.
04:23 bilby INFO    : Using sampler Pymultinest with kwargs {'importance_nested_sampling': False, 'resume': True, 'verbose': True, 'sampling_efficiency': 'parameter', 'n_live_points': 2048, 'n_params': 6, 'n_clustering_params': None, 'wrapped_params': None, 'multimodal': True, 'const_efficiency_mode': False, 'evidence_tolerance': 0.5, 'n_iter_before_update': 100, 'null_log_evidence': -1e+90, 'max_modes': 100, 'mode_tolerance': -1e+90, 'seed': 42, 'context': 0, 'write_output': True, 'log_zero': -1e+100, 'max_iter': 0, 'init_MPI': False, 'dump_callback': <bound method Pymultinest._dump_callback of <bilby.core.sampler.pymultinest.Pymultinest object at 0x155522ff2890>>}
04:23 bilby INFO    : Using output file outdirBNSBu32cores/pm_Constraints170817/
04:23 bilby INFO    : Temporary directory incompatible with MPI, will run in original directory
04:23 bilby INFO    : Using output file outdirBNSBu32cores/pm_Constraints170817/
04:23 bilby WARNING : Supplied argument 'queue_size' not an argument of 'Pymultinest', removing.
04:23 bilby WARNING : Supplied argument 'check_point_delta_t' not an argument of 'Pymultinest', removing.
04:23 bilby INFO    : Using sampler Pymultinest with kwargs {'importance_nested_sampling': False, 'resume': True, 'verbose': True, 'sampling_efficiency': 'parameter', 'n_live_points': 2048, 'n_params': 6, 'n_clustering_params': None, 'wrapped_params': None, 'multimodal': True, 'const_efficiency_mode': False, 'evidence_tolerance': 0.5, 'n_iter_before_update': 100, 'null_log_evidence': -1e+90, 'max_modes': 100, 'mode_tolerance': -1e+90, 'seed': 42, 'context': 0, 'write_output': True, 'log_zero': -1e+100, 'max_iter': 0, 'init_MPI': False, 'dump_callback': <bound method Pymultinest._dump_callback of <bilby.core.sampler.pymultinest.Pymultinest object at 0x155522fee620>>}
04:23 bilby WARNING : Supplied argument 'queue_size' not an argument of 'Pymultinest', removing.
04:23 bilby WARNING : Supplied argument 'check_point_delta_t' not an argument of 'Pymultinest', removing.
04:23 bilby INFO    : Temporary directory incompatible with MPI, will run in original directory
04:23 bilby INFO    : Using sampler Pymultinest with kwargs {'importance_nested_sampling': False, 'resume': True, 'verbose': True, 'sampling_efficiency': 'parameter', 'n_live_points': 2048, 'n_params': 6, 'n_clustering_params': None, 'wrapped_params': None, 'multimodal': True, 'const_efficiency_mode': False, 'evidence_tolerance': 0.5, 'n_iter_before_update': 100, 'null_log_evidence': -1e+90, 'max_modes': 100, 'mode_tolerance': -1e+90, 'seed': 42, 'context': 0, 'write_output': True, 'log_zero': -1e+100, 'max_iter': 0, 'init_MPI': False, 'dump_callback': <bound method Pymultinest._dump_callback of <bilby.core.sampler.pymultinest.Pymultinest object at 0x155522febb50>>}
04:23 bilby INFO    : Using output file outdirBNSBu32cores/pm_Constraints170817/
04:23 bilby INFO    : Temporary directory incompatible with MPI, will run in original directory
04:23 bilby INFO    : Using output file outdirBNSBu32cores/pm_Constraints170817/
04:23 bilby INFO    : Single likelihood evaluation took 4.704e-01 s
04:23 bilby INFO    : Single likelihood evaluation took 4.715e-01 s
04:23 bilby INFO    : Single likelihood evaluation took 4.719e-01 s
04:23 bilby INFO    : Single likelihood evaluation took 4.720e-01 s
04:23 bilby INFO    : Single likelihood evaluation took 4.734e-01 s
04:23 bilby INFO    : Single likelihood evaluation took 4.739e-01 s
04:23 bilby INFO    : Single likelihood evaluation took 4.741e-01 s
04:23 bilby INFO    : Single likelihood evaluation took 4.743e-01 s
04:23 bilby WARNING : Supplied argument 'queue_size' not an argument of 'Pymultinest', removing.
04:23 bilby WARNING : Supplied argument 'check_point_delta_t' not an argument of 'Pymultinest', removing.
04:23 bilby INFO    : Using sampler Pymultinest with kwargs {'importance_nested_sampling': False, 'resume': True, 'verbose': True, 'sampling_efficiency': 'parameter', 'n_live_points': 2048, 'n_params': 6, 'n_clustering_params': None, 'wrapped_params': None, 'multimodal': True, 'const_efficiency_mode': False, 'evidence_tolerance': 0.5, 'n_iter_before_update': 100, 'null_log_evidence': -1e+90, 'max_modes': 100, 'mode_tolerance': -1e+90, 'seed': 42, 'context': 0, 'write_output': True, 'log_zero': -1e+100, 'max_iter': 0, 'init_MPI': False, 'dump_callback': <bound method Pymultinest._dump_callback of <bilby.core.sampler.pymultinest.Pymultinest object at 0x155500fe2890>>}
04:23 bilby INFO    : Temporary directory incompatible with MPI, will run in original directory
04:23 bilby INFO    : Using output file outdirBNSBu32cores/pm_Constraints170817/
04:23 bilby INFO    : Single likelihood evaluation took 4.756e-01 s
04:23 bilby INFO    : Single likelihood evaluation took 4.756e-01 s
04:23 bilby WARNING : Supplied argument 'queue_size' not an argument of 'Pymultinest', removing.
04:23 bilby WARNING : Supplied argument 'check_point_delta_t' not an argument of 'Pymultinest', removing.
04:23 bilby INFO    : Using sampler Pymultinest with kwargs {'importance_nested_sampling': False, 'resume': True, 'verbose': True, 'sampling_efficiency': 'parameter', 'n_live_points': 2048, 'n_params': 6, 'n_clustering_params': None, 'wrapped_params': None, 'multimodal': True, 'const_efficiency_mode': False, 'evidence_tolerance': 0.5, 'n_iter_before_update': 100, 'null_log_evidence': -1e+90, 'max_modes': 100, 'mode_tolerance': -1e+90, 'seed': 42, 'context': 0, 'write_output': True, 'log_zero': -1e+100, 'max_iter': 0, 'init_MPI': False, 'dump_callback': <bound method Pymultinest._dump_callback of <bilby.core.sampler.pymultinest.Pymultinest object at 0x155500fde710>>}
04:23 bilby INFO    : Temporary directory incompatible with MPI, will run in original directory
04:23 bilby INFO    : Using output file outdirBNSBu32cores/pm_Constraints170817/
04:23 bilby WARNING : Supplied argument 'queue_size' not an argument of 'Pymultinest', removing.
04:23 bilby WARNING : Supplied argument 'check_point_delta_t' not an argument of 'Pymultinest', removing.
04:23 bilby INFO    : Using sampler Pymultinest with kwargs {'importance_nested_sampling': False, 'resume': True, 'verbose': True, 'sampling_efficiency': 'parameter', 'n_live_points': 2048, 'n_params': 6, 'n_clustering_params': None, 'wrapped_params': None, 'multimodal': True, 'const_efficiency_mode': False, 'evidence_tolerance': 0.5, 'n_iter_before_update': 100, 'null_log_evidence': -1e+90, 'max_modes': 100, 'mode_tolerance': -1e+90, 'seed': 42, 'context': 0, 'write_output': True, 'log_zero': -1e+100, 'max_iter': 0, 'init_MPI': False, 'dump_callback': <bound method Pymultinest._dump_callback of <bilby.core.sampler.pymultinest.Pymultinest object at 0x155500fe6920>>}
04:23 bilby INFO    : Temporary directory incompatible with MPI, will run in original directory
04:23 bilby INFO    : Using output file outdirBNSBu32cores/pm_Constraints170817/
04:23 bilby INFO    : Single likelihood evaluation took 4.760e-01 s
04:23 bilby WARNING : Supplied argument 'queue_size' not an argument of 'Pymultinest', removing.
04:23 bilby WARNING : Supplied argument 'check_point_delta_t' not an argument of 'Pymultinest', removing.
04:23 bilby INFO    : Using sampler Pymultinest with kwargs {'importance_nested_sampling': False, 'resume': True, 'verbose': True, 'sampling_efficiency': 'parameter', 'n_live_points': 2048, 'n_params': 6, 'n_clustering_params': None, 'wrapped_params': None, 'multimodal': True, 'const_efficiency_mode': False, 'evidence_tolerance': 0.5, 'n_iter_before_update': 100, 'null_log_evidence': -1e+90, 'max_modes': 100, 'mode_tolerance': -1e+90, 'seed': 42, 'context': 0, 'write_output': True, 'log_zero': -1e+100, 'max_iter': 0, 'init_MPI': False, 'dump_callback': <bound method Pymultinest._dump_callback of <bilby.core.sampler.pymultinest.Pymultinest object at 0x155500fe2590>>}
04:23 bilby INFO    : Temporary directory incompatible with MPI, will run in original directory
04:23 bilby INFO    : Using output file outdirBNSBu32cores/pm_Constraints170817/
04:23 bilby WARNING : Supplied argument 'queue_size' not an argument of 'Pymultinest', removing.
04:23 bilby WARNING : Supplied argument 'check_point_delta_t' not an argument of 'Pymultinest', removing.
04:23 bilby INFO    : Using sampler Pymultinest with kwargs {'importance_nested_sampling': False, 'resume': True, 'verbose': True, 'sampling_efficiency': 'parameter', 'n_live_points': 2048, 'n_params': 6, 'n_clustering_params': None, 'wrapped_params': None, 'multimodal': True, 'const_efficiency_mode': False, 'evidence_tolerance': 0.5, 'n_iter_before_update': 100, 'null_log_evidence': -1e+90, 'max_modes': 100, 'mode_tolerance': -1e+90, 'seed': 42, 'context': 0, 'write_output': True, 'log_zero': -1e+100, 'max_iter': 0, 'init_MPI': False, 'dump_callback': <bound method Pymultinest._dump_callback of <bilby.core.sampler.pymultinest.Pymultinest object at 0x155500fde8f0>>}
04:23 bilby INFO    : Temporary directory incompatible with MPI, will run in original directory
04:23 bilby WARNING : Supplied argument 'queue_size' not an argument of 'Pymultinest', removing.
04:23 bilby INFO    : Using output file outdirBNSBu32cores/pm_Constraints170817/
04:23 bilby WARNING : Supplied argument 'check_point_delta_t' not an argument of 'Pymultinest', removing.
04:23 bilby INFO    : Using sampler Pymultinest with kwargs {'importance_nested_sampling': False, 'resume': True, 'verbose': True, 'sampling_efficiency': 'parameter', 'n_live_points': 2048, 'n_params': 6, 'n_clustering_params': None, 'wrapped_params': None, 'multimodal': True, 'const_efficiency_mode': False, 'evidence_tolerance': 0.5, 'n_iter_before_update': 100, 'null_log_evidence': -1e+90, 'max_modes': 100, 'mode_tolerance': -1e+90, 'seed': 42, 'context': 0, 'write_output': True, 'log_zero': -1e+100, 'max_iter': 0, 'init_MPI': False, 'dump_callback': <bound method Pymultinest._dump_callback of <bilby.core.sampler.pymultinest.Pymultinest object at 0x155500fe7b80>>}
04:23 bilby INFO    : Temporary directory incompatible with MPI, will run in original directory
04:23 bilby INFO    : Using output file outdirBNSBu32cores/pm_Constraints170817/
04:23 bilby WARNING : Supplied argument 'queue_size' not an argument of 'Pymultinest', removing.
04:23 bilby WARNING : Supplied argument 'check_point_delta_t' not an argument of 'Pymultinest', removing.
04:23 bilby INFO    : Using sampler Pymultinest with kwargs {'importance_nested_sampling': False, 'resume': True, 'verbose': True, 'sampling_efficiency': 'parameter', 'n_live_points': 2048, 'n_params': 6, 'n_clustering_params': None, 'wrapped_params': None, 'multimodal': True, 'const_efficiency_mode': False, 'evidence_tolerance': 0.5, 'n_iter_before_update': 100, 'null_log_evidence': -1e+90, 'max_modes': 100, 'mode_tolerance': -1e+90, 'seed': 42, 'context': 0, 'write_output': True, 'log_zero': -1e+100, 'max_iter': 0, 'init_MPI': False, 'dump_callback': <bound method Pymultinest._dump_callback of <bilby.core.sampler.pymultinest.Pymultinest object at 0x155500fde920>>}
04:23 bilby INFO    : Temporary directory incompatible with MPI, will run in original directory
04:23 bilby INFO    : Using output file outdirBNSBu32cores/pm_Constraints170817/
04:23 bilby INFO    : Single likelihood evaluation took 4.777e-01 s
04:23 bilby WARNING : Supplied argument 'queue_size' not an argument of 'Pymultinest', removing.
04:23 bilby WARNING : Supplied argument 'check_point_delta_t' not an argument of 'Pymultinest', removing.
04:23 bilby INFO    : Using sampler Pymultinest with kwargs {'importance_nested_sampling': False, 'resume': True, 'verbose': True, 'sampling_efficiency': 'parameter', 'n_live_points': 2048, 'n_params': 6, 'n_clustering_params': None, 'wrapped_params': None, 'multimodal': True, 'const_efficiency_mode': False, 'evidence_tolerance': 0.5, 'n_iter_before_update': 100, 'null_log_evidence': -1e+90, 'max_modes': 100, 'mode_tolerance': -1e+90, 'seed': 42, 'context': 0, 'write_output': True, 'log_zero': -1e+100, 'max_iter': 0, 'init_MPI': False, 'dump_callback': <bound method Pymultinest._dump_callback of <bilby.core.sampler.pymultinest.Pymultinest object at 0x155500fdbaf0>>}
04:23 bilby INFO    : Temporary directory incompatible with MPI, will run in original directory
04:23 bilby INFO    : Using output file outdirBNSBu32cores/pm_Constraints170817/
04:23 bilby WARNING : Supplied argument 'queue_size' not an argument of 'Pymultinest', removing.
04:23 bilby WARNING : Supplied argument 'check_point_delta_t' not an argument of 'Pymultinest', removing.
04:23 bilby INFO    : Using sampler Pymultinest with kwargs {'importance_nested_sampling': False, 'resume': True, 'verbose': True, 'sampling_efficiency': 'parameter', 'n_live_points': 2048, 'n_params': 6, 'n_clustering_params': None, 'wrapped_params': None, 'multimodal': True, 'const_efficiency_mode': False, 'evidence_tolerance': 0.5, 'n_iter_before_update': 100, 'null_log_evidence': -1e+90, 'max_modes': 100, 'mode_tolerance': -1e+90, 'seed': 42, 'context': 0, 'write_output': True, 'log_zero': -1e+100, 'max_iter': 0, 'init_MPI': False, 'dump_callback': <bound method Pymultinest._dump_callback of <bilby.core.sampler.pymultinest.Pymultinest object at 0x155500fd51b0>>}
04:23 bilby INFO    : Temporary directory incompatible with MPI, will run in original directory
04:23 bilby INFO    : Using output file outdirBNSBu32cores/pm_Constraints170817/
04:23 bilby WARNING : Supplied argument 'queue_size' not an argument of 'Pymultinest', removing.
04:23 bilby WARNING : Supplied argument 'check_point_delta_t' not an argument of 'Pymultinest', removing.
04:23 bilby INFO    : Using sampler Pymultinest with kwargs {'importance_nested_sampling': False, 'resume': True, 'verbose': True, 'sampling_efficiency': 'parameter', 'n_live_points': 2048, 'n_params': 6, 'n_clustering_params': None, 'wrapped_params': None, 'multimodal': True, 'const_efficiency_mode': False, 'evidence_tolerance': 0.5, 'n_iter_before_update': 100, 'null_log_evidence': -1e+90, 'max_modes': 100, 'mode_tolerance': -1e+90, 'seed': 42, 'context': 0, 'write_output': True, 'log_zero': -1e+100, 'max_iter': 0, 'init_MPI': False, 'dump_callback': <bound method Pymultinest._dump_callback of <bilby.core.sampler.pymultinest.Pymultinest object at 0x155500fe2aa0>>}
04:23 bilby INFO    : Temporary directory incompatible with MPI, will run in original directory
04:23 bilby INFO    : Using output file outdirBNSBu32cores/pm_Constraints170817/
04:23 bilby INFO    : Single likelihood evaluation took 4.783e-01 s
04:23 bilby INFO    : Single likelihood evaluation took 4.784e-01 s
04:23 bilby INFO    : Single likelihood evaluation took 4.783e-01 s
04:23 bilby WARNING : Supplied argument 'queue_size' not an argument of 'Pymultinest', removing.
04:23 bilby WARNING : Supplied argument 'check_point_delta_t' not an argument of 'Pymultinest', removing.
04:23 bilby INFO    : Using sampler Pymultinest with kwargs {'importance_nested_sampling': False, 'resume': True, 'verbose': True, 'sampling_efficiency': 'parameter', 'n_live_points': 2048, 'n_params': 6, 'n_clustering_params': None, 'wrapped_params': None, 'multimodal': True, 'const_efficiency_mode': False, 'evidence_tolerance': 0.5, 'n_iter_before_update': 100, 'null_log_evidence': -1e+90, 'max_modes': 100, 'mode_tolerance': -1e+90, 'seed': 42, 'context': 0, 'write_output': True, 'log_zero': -1e+100, 'max_iter': 0, 'init_MPI': False, 'dump_callback': <bound method Pymultinest._dump_callback of <bilby.core.sampler.pymultinest.Pymultinest object at 0x155500fde8c0>>}
04:23 bilby INFO    : Temporary directory incompatible with MPI, will run in original directory
04:23 bilby INFO    : Using output file outdirBNSBu32cores/pm_Constraints170817/
04:23 bilby WARNING : Supplied argument 'queue_size' not an argument of 'Pymultinest', removing.
04:23 bilby WARNING : Supplied argument 'check_point_delta_t' not an argument of 'Pymultinest', removing.
04:23 bilby INFO    : Using sampler Pymultinest with kwargs {'importance_nested_sampling': False, 'resume': True, 'verbose': True, 'sampling_efficiency': 'parameter', 'n_live_points': 2048, 'n_params': 6, 'n_clustering_params': None, 'wrapped_params': None, 'multimodal': True, 'const_efficiency_mode': False, 'evidence_tolerance': 0.5, 'n_iter_before_update': 100, 'null_log_evidence': -1e+90, 'max_modes': 100, 'mode_tolerance': -1e+90, 'seed': 42, 'context': 0, 'write_output': True, 'log_zero': -1e+100, 'max_iter': 0, 'init_MPI': False, 'dump_callback': <bound method Pymultinest._dump_callback of <bilby.core.sampler.pymultinest.Pymultinest object at 0x155500fdfb80>>}
04:23 bilby INFO    : Temporary directory incompatible with MPI, will run in original directory
04:23 bilby INFO    : Using output file outdirBNSBu32cores/pm_Constraints170817/
04:23 bilby WARNING : Supplied argument 'queue_size' not an argument of 'Pymultinest', removing.
04:23 bilby WARNING : Supplied argument 'check_point_delta_t' not an argument of 'Pymultinest', removing.
04:23 bilby INFO    : Using sampler Pymultinest with kwargs {'importance_nested_sampling': False, 'resume': True, 'verbose': True, 'sampling_efficiency': 'parameter', 'n_live_points': 2048, 'n_params': 6, 'n_clustering_params': None, 'wrapped_params': None, 'multimodal': True, 'const_efficiency_mode': False, 'evidence_tolerance': 0.5, 'n_iter_before_update': 100, 'null_log_evidence': -1e+90, 'max_modes': 100, 'mode_tolerance': -1e+90, 'seed': 42, 'context': 0, 'write_output': True, 'log_zero': -1e+100, 'max_iter': 0, 'init_MPI': False, 'dump_callback': <bound method Pymultinest._dump_callback of <bilby.core.sampler.pymultinest.Pymultinest object at 0x155500fdcf40>>}
04:23 bilby INFO    : Temporary directory incompatible with MPI, will run in original directory
04:23 bilby INFO    : Using output file outdirBNSBu32cores/pm_Constraints170817/
04:23 bilby WARNING : Supplied argument 'queue_size' not an argument of 'Pymultinest', removing.
04:23 bilby WARNING : Supplied argument 'check_point_delta_t' not an argument of 'Pymultinest', removing.
04:23 bilby INFO    : Using sampler Pymultinest with kwargs {'importance_nested_sampling': False, 'resume': True, 'verbose': True, 'sampling_efficiency': 'parameter', 'n_live_points': 2048, 'n_params': 6, 'n_clustering_params': None, 'wrapped_params': None, 'multimodal': True, 'const_efficiency_mode': False, 'evidence_tolerance': 0.5, 'n_iter_before_update': 100, 'null_log_evidence': -1e+90, 'max_modes': 100, 'mode_tolerance': -1e+90, 'seed': 42, 'context': 0, 'write_output': True, 'log_zero': -1e+100, 'max_iter': 0, 'init_MPI': False, 'dump_callback': <bound method Pymultinest._dump_callback of <bilby.core.sampler.pymultinest.Pymultinest object at 0x155500fe3b80>>}
04:23 bilby INFO    : Temporary directory incompatible with MPI, will run in original directory
04:23 bilby INFO    : Using output file outdirBNSBu32cores/pm_Constraints170817/
04:23 bilby INFO    : Single likelihood evaluation took 4.806e-01 s
04:23 bilby WARNING : Supplied argument 'queue_size' not an argument of 'Pymultinest', removing.
04:23 bilby WARNING : Supplied argument 'check_point_delta_t' not an argument of 'Pymultinest', removing.
04:23 bilby INFO    : Using sampler Pymultinest with kwargs {'importance_nested_sampling': False, 'resume': True, 'verbose': True, 'sampling_efficiency': 'parameter', 'n_live_points': 2048, 'n_params': 6, 'n_clustering_params': None, 'wrapped_params': None, 'multimodal': True, 'const_efficiency_mode': False, 'evidence_tolerance': 0.5, 'n_iter_before_update': 100, 'null_log_evidence': -1e+90, 'max_modes': 100, 'mode_tolerance': -1e+90, 'seed': 42, 'context': 0, 'write_output': True, 'log_zero': -1e+100, 'max_iter': 0, 'init_MPI': False, 'dump_callback': <bound method Pymultinest._dump_callback of <bilby.core.sampler.pymultinest.Pymultinest object at 0x155500fda710>>}
04:23 bilby INFO    : Temporary directory incompatible with MPI, will run in original directory
04:23 bilby INFO    : Using output file outdirBNSBu32cores/pm_Constraints170817/
04:23 bilby WARNING : Supplied argument 'queue_size' not an argument of 'Pymultinest', removing.
04:23 bilby WARNING : Supplied argument 'check_point_delta_t' not an argument of 'Pymultinest', removing.
04:23 bilby INFO    : Using sampler Pymultinest with kwargs {'importance_nested_sampling': False, 'resume': True, 'verbose': True, 'sampling_efficiency': 'parameter', 'n_live_points': 2048, 'n_params': 6, 'n_clustering_params': None, 'wrapped_params': None, 'multimodal': True, 'const_efficiency_mode': False, 'evidence_tolerance': 0.5, 'n_iter_before_update': 100, 'null_log_evidence': -1e+90, 'max_modes': 100, 'mode_tolerance': -1e+90, 'seed': 42, 'context': 0, 'write_output': True, 'log_zero': -1e+100, 'max_iter': 0, 'init_MPI': False, 'dump_callback': <bound method Pymultinest._dump_callback of <bilby.core.sampler.pymultinest.Pymultinest object at 0x155500fdfb50>>}
04:23 bilby INFO    : Temporary directory incompatible with MPI, will run in original directory
04:23 bilby INFO    : Using output file outdirBNSBu32cores/pm_Constraints170817/
04:46 bilby INFO    : Sampling time: 0:22:47.731765
04:46 bilby INFO    : Sampling time: 0:22:47.613146
04:46 bilby INFO    : Sampling time: 0:22:47.544121
04:46 bilby INFO    : Sampling time: 0:22:47.539329
04:46 bilby INFO    : Sampling time: 0:22:47.544901
04:46 bilby INFO    : Sampling time: 0:22:47.639587
04:46 bilby INFO    : Sampling time: 0:22:47.716583
04:46 bilby INFO    : Sampling time: 0:22:47.540286
Traceback (most recent call last):
  File "/home/thussenot/.conda/envs/multinest/lib/python3.10/shutil.py", line 816, in move
    os.rename(src, real_dst)
FileNotFoundError: [Errno 2] No such file or directory: 'outdirBNSBu32cores/Constraints170817_result.json' -> 'outdirBNSBu32cores/Constraints170817_result.json.old'

During handling of the above exception, another exception occurred:

Traceback (most recent call last):
  File "/home/thussenot/.conda/envs/multinest/bin/lightcurve-analysis", line 8, in <module>
    sys.exit(main())
  File "/home/thussenot/.conda/envs/multinest/lib/python3.10/site-packages/nmma/em/analysis.py", line 1028, in main
    analysis(args)
  File "/home/thussenot/.conda/envs/multinest/lib/python3.10/site-packages/nmma/em/analysis.py", line 712, in analysis
    result = bilby.run_sampler(
  File "/home/thussenot/.conda/envs/multinest/lib/python3.10/site-packages/bilby/core/sampler/__init__.py", line 262, in run_sampler
    result.save_to_file(extension=save, gzip=gzip, outdir=outdir)
  File "/home/thussenot/.conda/envs/multinest/lib/python3.10/site-packages/bilby/core/result.py", line 783, in save_to_file
    move_old_file(filename, overwrite)
  File "/home/thussenot/.conda/envs/multinest/lib/python3.10/site-packages/bilby/core/utils/io.py", line 411, in move_old_file
    shutil.move(filename, filename + ".old")
  File "/home/thussenot/.conda/envs/multinest/lib/python3.10/shutil.py", line 836, in move
    copy_function(src, real_dst)
  File "/home/thussenot/.conda/envs/multinest/lib/python3.10/shutil.py", line 434, in copy2
    copyfile(src, dst, follow_symlinks=follow_symlinks)
  File "/home/thussenot/.conda/envs/multinest/lib/python3.10/shutil.py", line 254, in copyfile
    with open(src, 'rb') as fsrc:
FileNotFoundError: [Errno 2] No such file or directory: 'outdirBNSBu32cores/Constraints170817_result.json'
04:46 bilby INFO    : Sampling time: 0:22:29.902891
04:46 bilby INFO    : Sampling time: 0:22:30.130881
04:46 bilby INFO    : Sampling time: 0:22:29.911347
04:46 bilby INFO    : Sampling time: 0:22:30.089211
04:46 bilby INFO    : Sampling time: 0:22:29.897003
04:46 bilby INFO    : Sampling time: 0:22:29.806236
04:46 bilby INFO    : Sampling time: 0:22:29.875590
04:46 bilby INFO    : Sampling time: 0:22:29.994722
04:46 bilby INFO    : Sampling time: 0:22:30.105057
04:46 bilby INFO    : Sampling time: 0:22:30.149120
04:46 bilby INFO    : Sampling time: 0:22:30.095975
04:46 bilby INFO    : Sampling time: 0:22:30.147297
04:46 bilby INFO    : Sampling time: 0:22:30.432631
04:46 bilby INFO    : Sampling time: 0:22:30.298424
04:46 bilby INFO    : Sampling time: 0:22:47.814722
04:46 bilby INFO    : Sampling time: 0:22:48.057867
04:46 bilby INFO    : Sampling time: 0:22:30.319002
04:46 bilby INFO    : Sampling time: 0:22:30.335980
04:46 bilby INFO    : Sampling time: 0:22:48.178439
04:46 bilby INFO    : Sampling time: 0:22:48.195542
04:46 bilby INFO    : Sampling time: 0:22:48.181260
04:46 bilby INFO    : Sampling time: 0:22:47.755436
04:46 bilby INFO    : Sampling time: 0:22:47.815578
04:46 bilby INFO    : Sampling time: 0:22:47.756039
04:46 bilby ERROR   : 

Saving the data has failed with the following message:
[Errno 116] Stale file handle
Data has been dumped to outdirBNSBu32cores/Constraints170817_result.pkl.


Traceback (most recent call last):
  File "/home/thussenot/.conda/envs/multinest/lib/python3.10/shutil.py", line 816, in move
    os.rename(src, real_dst)
FileNotFoundError: [Errno 2] No such file or directory: 'outdirBNSBu32cores/Constraints170817_result.json' -> 'outdirBNSBu32cores/Constraints170817_result.json.old'

During handling of the above exception, another exception occurred:

Traceback (most recent call last):
  File "/home/thussenot/.conda/envs/multinest/bin/lightcurve-analysis", line 8, in <module>
    sys.exit(main())
  File "/home/thussenot/.conda/envs/multinest/lib/python3.10/site-packages/nmma/em/analysis.py", line 1028, in main
    analysis(args)
  File "/home/thussenot/.conda/envs/multinest/lib/python3.10/site-packages/nmma/em/analysis.py", line 712, in analysis
    result = bilby.run_sampler(
  File "/home/thussenot/.conda/envs/multinest/lib/python3.10/site-packages/bilby/core/sampler/__init__.py", line 262, in run_sampler
    result.save_to_file(extension=save, gzip=gzip, outdir=outdir)
  File "/home/thussenot/.conda/envs/multinest/lib/python3.10/site-packages/bilby/core/result.py", line 783, in save_to_file
    move_old_file(filename, overwrite)
  File "/home/thussenot/.conda/envs/multinest/lib/python3.10/site-packages/bilby/core/utils/io.py", line 411, in move_old_file
    shutil.move(filename, filename + ".old")
  File "/home/thussenot/.conda/envs/multinest/lib/python3.10/shutil.py", line 836, in move
    copy_function(src, real_dst)
  File "/home/thussenot/.conda/envs/multinest/lib/python3.10/shutil.py", line 435, in copy2
    copystat(src, dst, follow_symlinks=follow_symlinks)
  File "/home/thussenot/.conda/envs/multinest/lib/python3.10/shutil.py", line 378, in copystat
    _copyxattr(src, dst, follow_symlinks=follow)
  File "/home/thussenot/.conda/envs/multinest/lib/python3.10/shutil.py", line 320, in _copyxattr
    names = os.listxattr(src, follow_symlinks=follow_symlinks)
FileNotFoundError: [Errno 2] No such file or directory: 'outdirBNSBu32cores/Constraints170817_result.json'
04:46 bilby ERROR   : 

Saving the data has failed with the following message:
[Errno 116] Stale file handle
Data has been dumped to outdirBNSBu32cores/Constraints170817_result.pkl.


Traceback (most recent call last):
  File "/home/thussenot/.conda/envs/multinest/lib/python3.10/site-packages/bilby/core/result.py", line 805, in save_to_file
Traceback (most recent call last):
  File "/home/thussenot/.conda/envs/multinest/lib/python3.10/site-packages/bilby/core/result.py", line 805, in save_to_file
    with open(filename, 'w') as file:
OSError: [Errno 116] Stale file handle

During handling of the above exception, another exception occurred:

Traceback (most recent call last):
  File "/home/thussenot/.conda/envs/multinest/lib/python3.10/shutil.py", line 816, in move
    with open(filename, 'w') as file:
OSError: [Errno 116] Stale file handle

During handling of the above exception, another exception occurred:

Traceback (most recent call last):
  File "/home/thussenot/.conda/envs/multinest/lib/python3.10/shutil.py", line 816, in move
    os.rename(src, real_dst)
FileNotFoundError: [Errno 2] No such file or directory: 'outdirBNSBu32cores/Constraints170817_result.pkl.temp' -> 'outdirBNSBu32cores/Constraints170817_result.pkl'

During handling of the above exception, another exception occurred:

Traceback (most recent call last):
  File "/home/thussenot/.conda/envs/multinest/bin/lightcurve-analysis", line 8, in <module>
    os.rename(src, real_dst)
FileNotFoundError: [Errno 2] No such file or directory: 'outdirBNSBu32cores/Constraints170817_result.pkl.temp' -> 'outdirBNSBu32cores/Constraints170817_result.pkl'

During handling of the above exception, another exception occurred:

Traceback (most recent call last):
  File "/home/thussenot/.conda/envs/multinest/bin/lightcurve-analysis", line 8, in <module>
    sys.exit(main())
  File "/home/thussenot/.conda/envs/multinest/lib/python3.10/site-packages/nmma/em/analysis.py", line 1028, in main
Traceback (most recent call last):
  File "/home/thussenot/.conda/envs/multinest/lib/python3.10/shutil.py", line 816, in move
    sys.exit(main())
  File "/home/thussenot/.conda/envs/multinest/lib/python3.10/site-packages/nmma/em/analysis.py", line 1028, in main
    analysis(args)
  File "/home/thussenot/.conda/envs/multinest/lib/python3.10/site-packages/nmma/em/analysis.py", line 712, in analysis
    analysis(args)
  File "/home/thussenot/.conda/envs/multinest/lib/python3.10/site-packages/nmma/em/analysis.py", line 712, in analysis
    result = bilby.run_sampler(
  File "/home/thussenot/.conda/envs/multinest/lib/python3.10/site-packages/bilby/core/sampler/__init__.py", line 262, in run_sampler
    os.rename(src, real_dst)
FileNotFoundError: [Errno 2] No such file or directory: 'outdirBNSBu32cores/Constraints170817_result.json' -> 'outdirBNSBu32cores/Constraints170817_result.json.old'

During handling of the above exception, another exception occurred:

Traceback (most recent call last):
  File "/home/thussenot/.conda/envs/multinest/bin/lightcurve-analysis", line 8, in <module>
    result.save_to_file(extension=save, gzip=gzip, outdir=outdir)
  File "/home/thussenot/.conda/envs/multinest/lib/python3.10/site-packages/bilby/core/result.py", line 819, in save_to_file
    result = bilby.run_sampler(
  File "/home/thussenot/.conda/envs/multinest/lib/python3.10/site-packages/bilby/core/sampler/__init__.py", line 262, in run_sampler
    sys.exit(main())
  File "/home/thussenot/.conda/envs/multinest/lib/python3.10/site-packages/nmma/em/analysis.py", line 1028, in main
    result.save_to_file(extension=save, gzip=gzip, outdir=outdir)
  File "/home/thussenot/.conda/envs/multinest/lib/python3.10/site-packages/bilby/core/result.py", line 819, in save_to_file
    safe_file_dump(self, filename, "dill")
  File "/home/thussenot/.conda/envs/multinest/lib/python3.10/site-packages/bilby/core/utils/io.py", line 389, in safe_file_dump
    analysis(args)
  File "/home/thussenot/.conda/envs/multinest/lib/python3.10/site-packages/nmma/em/analysis.py", line 712, in analysis
    shutil.move(temp_filename, filename)
  File "/home/thussenot/.conda/envs/multinest/lib/python3.10/shutil.py", line 836, in move
    safe_file_dump(self, filename, "dill")
  File "/home/thussenot/.conda/envs/multinest/lib/python3.10/site-packages/bilby/core/utils/io.py", line 389, in safe_file_dump
    result = bilby.run_sampler(
  File "/home/thussenot/.conda/envs/multinest/lib/python3.10/site-packages/bilby/core/sampler/__init__.py", line 262, in run_sampler
    shutil.move(temp_filename, filename)
  File "/home/thussenot/.conda/envs/multinest/lib/python3.10/shutil.py", line 836, in move
    copy_function(src, real_dst)
  File "/home/thussenot/.conda/envs/multinest/lib/python3.10/shutil.py", line 434, in copy2
    result.save_to_file(extension=save, gzip=gzip, outdir=outdir)
  File "/home/thussenot/.conda/envs/multinest/lib/python3.10/site-packages/bilby/core/result.py", line 783, in save_to_file
    copyfile(src, dst, follow_symlinks=follow_symlinks)
  File "/home/thussenot/.conda/envs/multinest/lib/python3.10/shutil.py", line 254, in copyfile
    copy_function(src, real_dst)
  File "/home/thussenot/.conda/envs/multinest/lib/python3.10/shutil.py", line 434, in copy2
    with open(src, 'rb') as fsrc:
FileNotFoundError: [Errno 2] No such file or directory: 'outdirBNSBu32cores/Constraints170817_result.pkl.temp'
    move_old_file(filename, overwrite)
  File "/home/thussenot/.conda/envs/multinest/lib/python3.10/site-packages/bilby/core/utils/io.py", line 411, in move_old_file
    copyfile(src, dst, follow_symlinks=follow_symlinks)
  File "/home/thussenot/.conda/envs/multinest/lib/python3.10/shutil.py", line 254, in copyfile
    shutil.move(filename, filename + ".old")
  File "/home/thussenot/.conda/envs/multinest/lib/python3.10/shutil.py", line 836, in move
    with open(src, 'rb') as fsrc:
FileNotFoundError: [Errno 2] No such file or directory: 'outdirBNSBu32cores/Constraints170817_result.pkl.temp'
    copy_function(src, real_dst)
  File "/home/thussenot/.conda/envs/multinest/lib/python3.10/shutil.py", line 435, in copy2
    copystat(src, dst, follow_symlinks=follow_symlinks)
  File "/home/thussenot/.conda/envs/multinest/lib/python3.10/shutil.py", line 372, in copystat
    st = lookup("stat")(src, follow_symlinks=follow)
FileNotFoundError: [Errno 2] No such file or directory: 'outdirBNSBu32cores/Constraints170817_result.json'
Traceback (most recent call last):
  File "/home/thussenot/.conda/envs/multinest/lib/python3.10/site-packages/bilby/core/result.py", line 805, in save_to_file
Traceback (most recent call last):
  File "/home/thussenot/.conda/envs/multinest/lib/python3.10/site-packages/bilby/core/result.py", line 805, in save_to_file
Traceback (most recent call last):
  File "/home/thussenot/.conda/envs/multinest/lib/python3.10/site-packages/bilby/core/result.py", line 805, in save_to_file
    with open(filename, 'w') as file:
OSError: [Errno 116] Stale file handle

During handling of the above exception, another exception occurred:

Traceback (most recent call last):
  File "/home/thussenot/.conda/envs/multinest/lib/python3.10/shutil.py", line 816, in move
    with open(filename, 'w') as file:
OSError: [Errno 116] Stale file handle

During handling of the above exception, another exception occurred:

Traceback (most recent call last):
  File "/home/thussenot/.conda/envs/multinest/lib/python3.10/shutil.py", line 816, in move
    with open(filename, 'w') as file:
OSError: [Errno 116] Stale file handle

During handling of the above exception, another exception occurred:

Traceback (most recent call last):
    os.rename(src, real_dst)
FileNotFoundError: [Errno 2] No such file or directory: 'outdirBNSBu32cores/Constraints170817_result.pkl.temp' -> 'outdirBNSBu32cores/Constraints170817_result.pkl'
  File "/home/thussenot/.conda/envs/multinest/lib/python3.10/shutil.py", line 816, in move

During handling of the above exception, another exception occurred:

Traceback (most recent call last):
  File "/home/thussenot/.conda/envs/multinest/bin/lightcurve-analysis", line 8, in <module>
    sys.exit(main())
  File "/home/thussenot/.conda/envs/multinest/lib/python3.10/site-packages/nmma/em/analysis.py", line 1028, in main
    os.rename(src, real_dst)
FileNotFoundError: [Errno 2] No such file or directory: 'outdirBNSBu32cores/Constraints170817_result.pkl.temp' -> 'outdirBNSBu32cores/Constraints170817_result.pkl'

During handling of the above exception, another exception occurred:

Traceback (most recent call last):
  File "/home/thussenot/.conda/envs/multinest/bin/lightcurve-analysis", line 8, in <module>
    os.rename(src, real_dst)
FileNotFoundError: [Errno 2] No such file or directory: 'outdirBNSBu32cores/Constraints170817_result.pkl.temp' -> 'outdirBNSBu32cores/Constraints170817_result.pkl'

During handling of the above exception, another exception occurred:

Traceback (most recent call last):
  File "/home/thussenot/.conda/envs/multinest/bin/lightcurve-analysis", line 8, in <module>
    sys.exit(main())
  File "/home/thussenot/.conda/envs/multinest/lib/python3.10/site-packages/nmma/em/analysis.py", line 1028, in main
    analysis(args)
  File "/home/thussenot/.conda/envs/multinest/lib/python3.10/site-packages/nmma/em/analysis.py", line 712, in analysis
    sys.exit(main())
  File "/home/thussenot/.conda/envs/multinest/lib/python3.10/site-packages/nmma/em/analysis.py", line 1028, in main
    analysis(args)
  File "/home/thussenot/.conda/envs/multinest/lib/python3.10/site-packages/nmma/em/analysis.py", line 712, in analysis
    result = bilby.run_sampler(
  File "/home/thussenot/.conda/envs/multinest/lib/python3.10/site-packages/bilby/core/sampler/__init__.py", line 262, in run_sampler
    analysis(args)
  File "/home/thussenot/.conda/envs/multinest/lib/python3.10/site-packages/nmma/em/analysis.py", line 712, in analysis
    result.save_to_file(extension=save, gzip=gzip, outdir=outdir)
  File "/home/thussenot/.conda/envs/multinest/lib/python3.10/site-packages/bilby/core/result.py", line 819, in save_to_file
    result = bilby.run_sampler(
  File "/home/thussenot/.conda/envs/multinest/lib/python3.10/site-packages/bilby/core/sampler/__init__.py", line 262, in run_sampler
    result = bilby.run_sampler(
  File "/home/thussenot/.conda/envs/multinest/lib/python3.10/site-packages/bilby/core/sampler/__init__.py", line 262, in run_sampler
    safe_file_dump(self, filename, "dill")
  File "/home/thussenot/.conda/envs/multinest/lib/python3.10/site-packages/bilby/core/utils/io.py", line 389, in safe_file_dump
    result.save_to_file(extension=save, gzip=gzip, outdir=outdir)
  File "/home/thussenot/.conda/envs/multinest/lib/python3.10/site-packages/bilby/core/result.py", line 819, in save_to_file
    result.save_to_file(extension=save, gzip=gzip, outdir=outdir)
  File "/home/thussenot/.conda/envs/multinest/lib/python3.10/site-packages/bilby/core/result.py", line 819, in save_to_file
    shutil.move(temp_filename, filename)
  File "/home/thussenot/.conda/envs/multinest/lib/python3.10/shutil.py", line 836, in move
    safe_file_dump(self, filename, "dill")
  File "/home/thussenot/.conda/envs/multinest/lib/python3.10/site-packages/bilby/core/utils/io.py", line 389, in safe_file_dump
    safe_file_dump(self, filename, "dill")
  File "/home/thussenot/.conda/envs/multinest/lib/python3.10/site-packages/bilby/core/utils/io.py", line 389, in safe_file_dump
    copy_function(src, real_dst)
  File "/home/thussenot/.conda/envs/multinest/lib/python3.10/shutil.py", line 434, in copy2
    shutil.move(temp_filename, filename)
  File "/home/thussenot/.conda/envs/multinest/lib/python3.10/shutil.py", line 836, in move
    shutil.move(temp_filename, filename)
  File "/home/thussenot/.conda/envs/multinest/lib/python3.10/shutil.py", line 836, in move
    copyfile(src, dst, follow_symlinks=follow_symlinks)
  File "/home/thussenot/.conda/envs/multinest/lib/python3.10/shutil.py", line 254, in copyfile
    copy_function(src, real_dst)
  File "/home/thussenot/.conda/envs/multinest/lib/python3.10/shutil.py", line 434, in copy2
    with open(src, 'rb') as fsrc:
FileNotFoundError: [Errno 2] No such file or directory: 'outdirBNSBu32cores/Constraints170817_result.pkl.temp'
    copy_function(src, real_dst)
  File "/home/thussenot/.conda/envs/multinest/lib/python3.10/shutil.py", line 434, in copy2
    copyfile(src, dst, follow_symlinks=follow_symlinks)
  File "/home/thussenot/.conda/envs/multinest/lib/python3.10/shutil.py", line 254, in copyfile
    copyfile(src, dst, follow_symlinks=follow_symlinks)
  File "/home/thussenot/.conda/envs/multinest/lib/python3.10/shutil.py", line 254, in copyfile
    with open(src, 'rb') as fsrc:
FileNotFoundError: [Errno 2] No such file or directory: 'outdirBNSBu32cores/Constraints170817_result.pkl.temp'
    with open(src, 'rb') as fsrc:
FileNotFoundError: [Errno 2] No such file or directory: 'outdirBNSBu32cores/Constraints170817_result.pkl.temp'
04:46 bilby INFO    : Summary of results:
nsamples: 12038
ln_noise_evidence:  0.000
ln_evidence: -140.259 +/-  0.069
ln_bayes_factor: -140.259 +/-  0.069

Traceback (most recent call last):
  File "/home/thussenot/.conda/envs/multinest/lib/python3.10/shutil.py", line 816, in move
Traceback (most recent call last):
  File "/home/thussenot/.conda/envs/multinest/lib/python3.10/shutil.py", line 816, in move
Traceback (most recent call last):
  File "/home/thussenot/.conda/envs/multinest/lib/python3.10/shutil.py", line 816, in move
    os.rename(src, real_dst)
FileNotFoundError: [Errno 2] No such file or directory: 'outdirBNSBu32cores/Constraints170817_result.json' -> 'outdirBNSBu32cores/Constraints170817_result.json.old'

During handling of the above exception, another exception occurred:

Traceback (most recent call last):
  File "/home/thussenot/.conda/envs/multinest/bin/lightcurve-analysis", line 8, in <module>
    os.rename(src, real_dst)
FileNotFoundError: [Errno 2] No such file or directory: 'outdirBNSBu32cores/Constraints170817_result.json' -> 'outdirBNSBu32cores/Constraints170817_result.json.old'

During handling of the above exception, another exception occurred:

Traceback (most recent call last):
  File "/home/thussenot/.conda/envs/multinest/bin/lightcurve-analysis", line 8, in <module>
    os.rename(src, real_dst)
FileNotFoundError: [Errno 2] No such file or directory: 'outdirBNSBu32cores/Constraints170817_result.json' -> 'outdirBNSBu32cores/Constraints170817_result.json.old'

During handling of the above exception, another exception occurred:

Traceback (most recent call last):
  File "/home/thussenot/.conda/envs/multinest/bin/lightcurve-analysis", line 8, in <module>
    sys.exit(main())
  File "/home/thussenot/.conda/envs/multinest/lib/python3.10/site-packages/nmma/em/analysis.py", line 1028, in main
    sys.exit(main())
  File "/home/thussenot/.conda/envs/multinest/lib/python3.10/site-packages/nmma/em/analysis.py", line 1028, in main
    sys.exit(main())
  File "/home/thussenot/.conda/envs/multinest/lib/python3.10/site-packages/nmma/em/analysis.py", line 1028, in main
    analysis(args)
  File "/home/thussenot/.conda/envs/multinest/lib/python3.10/site-packages/nmma/em/analysis.py", line 712, in analysis
    analysis(args)
  File "/home/thussenot/.conda/envs/multinest/lib/python3.10/site-packages/nmma/em/analysis.py", line 712, in analysis
    analysis(args)
  File "/home/thussenot/.conda/envs/multinest/lib/python3.10/site-packages/nmma/em/analysis.py", line 712, in analysis
    result = bilby.run_sampler(
  File "/home/thussenot/.conda/envs/multinest/lib/python3.10/site-packages/bilby/core/sampler/__init__.py", line 262, in run_sampler
    result = bilby.run_sampler(
  File "/home/thussenot/.conda/envs/multinest/lib/python3.10/site-packages/bilby/core/sampler/__init__.py", line 262, in run_sampler
    result = bilby.run_sampler(
  File "/home/thussenot/.conda/envs/multinest/lib/python3.10/site-packages/bilby/core/sampler/__init__.py", line 262, in run_sampler
    result.save_to_file(extension=save, gzip=gzip, outdir=outdir)
  File "/home/thussenot/.conda/envs/multinest/lib/python3.10/site-packages/bilby/core/result.py", line 783, in save_to_file
    result.save_to_file(extension=save, gzip=gzip, outdir=outdir)
  File "/home/thussenot/.conda/envs/multinest/lib/python3.10/site-packages/bilby/core/result.py", line 783, in save_to_file
    result.save_to_file(extension=save, gzip=gzip, outdir=outdir)
  File "/home/thussenot/.conda/envs/multinest/lib/python3.10/site-packages/bilby/core/result.py", line 783, in save_to_file
    move_old_file(filename, overwrite)
  File "/home/thussenot/.conda/envs/multinest/lib/python3.10/site-packages/bilby/core/utils/io.py", line 411, in move_old_file
    move_old_file(filename, overwrite)
  File "/home/thussenot/.conda/envs/multinest/lib/python3.10/site-packages/bilby/core/utils/io.py", line 411, in move_old_file
    move_old_file(filename, overwrite)
  File "/home/thussenot/.conda/envs/multinest/lib/python3.10/site-packages/bilby/core/utils/io.py", line 411, in move_old_file
    shutil.move(filename, filename + ".old")
  File "/home/thussenot/.conda/envs/multinest/lib/python3.10/shutil.py", line 836, in move
    shutil.move(filename, filename + ".old")
  File "/home/thussenot/.conda/envs/multinest/lib/python3.10/shutil.py", line 836, in move
    shutil.move(filename, filename + ".old")
  File "/home/thussenot/.conda/envs/multinest/lib/python3.10/shutil.py", line 836, in move
    copy_function(src, real_dst)
  File "/home/thussenot/.conda/envs/multinest/lib/python3.10/shutil.py", line 435, in copy2
    copy_function(src, real_dst)
  File "/home/thussenot/.conda/envs/multinest/lib/python3.10/shutil.py", line 435, in copy2
    copy_function(src, real_dst)
  File "/home/thussenot/.conda/envs/multinest/lib/python3.10/shutil.py", line 435, in copy2
    copystat(src, dst, follow_symlinks=follow_symlinks)
  File "/home/thussenot/.conda/envs/multinest/lib/python3.10/shutil.py", line 372, in copystat
    copystat(src, dst, follow_symlinks=follow_symlinks)
  File "/home/thussenot/.conda/envs/multinest/lib/python3.10/shutil.py", line 372, in copystat
    copystat(src, dst, follow_symlinks=follow_symlinks)
  File "/home/thussenot/.conda/envs/multinest/lib/python3.10/shutil.py", line 372, in copystat
    st = lookup("stat")(src, follow_symlinks=follow)
FileNotFoundError: [Errno 2] No such file or directory: 'outdirBNSBu32cores/Constraints170817_result.json'
    st = lookup("stat")(src, follow_symlinks=follow)
FileNotFoundError: [Errno 2] No such file or directory: 'outdirBNSBu32cores/Constraints170817_result.json'
    st = lookup("stat")(src, follow_symlinks=follow)
FileNotFoundError: [Errno 2] No such file or directory: 'outdirBNSBu32cores/Constraints170817_result.json'
Traceback (most recent call last):
  File "/home/thussenot/.conda/envs/multinest/bin/lightcurve-analysis", line 8, in <module>
    sys.exit(main())
  File "/home/thussenot/.conda/envs/multinest/lib/python3.10/site-packages/nmma/em/analysis.py", line 1028, in main
    analysis(args)
  File "/home/thussenot/.conda/envs/multinest/lib/python3.10/site-packages/nmma/em/analysis.py", line 712, in analysis
    result = bilby.run_sampler(
  File "/home/thussenot/.conda/envs/multinest/lib/python3.10/site-packages/bilby/core/sampler/__init__.py", line 278, in run_sampler
    result.save_to_file(overwrite=True, extension=save, gzip=gzip, outdir=outdir)
  File "/home/thussenot/.conda/envs/multinest/lib/python3.10/site-packages/bilby/core/result.py", line 783, in save_to_file
    move_old_file(filename, overwrite)
  File "/home/thussenot/.conda/envs/multinest/lib/python3.10/site-packages/bilby/core/utils/io.py", line 406, in move_old_file
    os.remove(filename)
FileNotFoundError: [Errno 2] No such file or directory: 'outdirBNSBu32cores/Constraints170817_result.json'
Traceback (most recent call last):
  File "/home/thussenot/.conda/envs/multinest/lib/python3.10/shutil.py", line 816, in move
    os.rename(src, real_dst)
FileNotFoundError: [Errno 2] No such file or directory: 'outdirBNSBu32cores/Constraints170817_result.json' -> 'outdirBNSBu32cores/Constraints170817_result.json.old'

During handling of the above exception, another exception occurred:

Traceback (most recent call last):
  File "/home/thussenot/.conda/envs/multinest/bin/lightcurve-analysis", line 8, in <module>
    sys.exit(main())
  File "/home/thussenot/.conda/envs/multinest/lib/python3.10/site-packages/nmma/em/analysis.py", line 1028, in main
    analysis(args)
  File "/home/thussenot/.conda/envs/multinest/lib/python3.10/site-packages/nmma/em/analysis.py", line 712, in analysis
    result = bilby.run_sampler(
  File "/home/thussenot/.conda/envs/multinest/lib/python3.10/site-packages/bilby/core/sampler/__init__.py", line 262, in run_sampler
    result.save_to_file(extension=save, gzip=gzip, outdir=outdir)
  File "/home/thussenot/.conda/envs/multinest/lib/python3.10/site-packages/bilby/core/result.py", line 783, in save_to_file
    move_old_file(filename, overwrite)
  File "/home/thussenot/.conda/envs/multinest/lib/python3.10/site-packages/bilby/core/utils/io.py", line 411, in move_old_file
    shutil.move(filename, filename + ".old")
  File "/home/thussenot/.conda/envs/multinest/lib/python3.10/shutil.py", line 837, in move
    os.unlink(src)
FileNotFoundError: [Errno 2] No such file or directory: 'outdirBNSBu32cores/Constraints170817_result.json'
Traceback (most recent call last):
  File "/home/thussenot/.conda/envs/multinest/bin/lightcurve-analysis", line 8, in <module>
Traceback (most recent call last):
  File "/home/thussenot/.conda/envs/multinest/lib/python3.10/shutil.py", line 816, in move
Traceback (most recent call last):
  File "/home/thussenot/.conda/envs/multinest/bin/lightcurve-analysis", line 8, in <module>
Traceback (most recent call last):
  File "/home/thussenot/.conda/envs/multinest/lib/python3.10/shutil.py", line 816, in move
    sys.exit(main())
  File "/home/thussenot/.conda/envs/multinest/lib/python3.10/site-packages/nmma/em/analysis.py", line 1028, in main
    sys.exit(main())
  File "/home/thussenot/.conda/envs/multinest/lib/python3.10/site-packages/nmma/em/analysis.py", line 1028, in main
    os.rename(src, real_dst)
    os.rename(src, real_dst)
FileNotFoundError: [Errno 2] No such file or directory: 'outdirBNSBu32cores/Constraints170817_result.json' -> 'outdirBNSBu32cores/Constraints170817_result.json.old'
FileNotFoundError: [Errno 2] No such file or directory: 'outdirBNSBu32cores/Constraints170817_result.json' -> 'outdirBNSBu32cores/Constraints170817_result.json.old'

During handling of the above exception, another exception occurred:

Traceback (most recent call last):
  File "/home/thussenot/.conda/envs/multinest/bin/lightcurve-analysis", line 8, in <module>

During handling of the above exception, another exception occurred:

Traceback (most recent call last):
  File "/home/thussenot/.conda/envs/multinest/bin/lightcurve-analysis", line 8, in <module>
    analysis(args)
  File "/home/thussenot/.conda/envs/multinest/lib/python3.10/site-packages/nmma/em/analysis.py", line 712, in analysis
    sys.exit(main())
  File "/home/thussenot/.conda/envs/multinest/lib/python3.10/site-packages/nmma/em/analysis.py", line 1028, in main
    sys.exit(main())
  File "/home/thussenot/.conda/envs/multinest/lib/python3.10/site-packages/nmma/em/analysis.py", line 1028, in main
    result = bilby.run_sampler(
  File "/home/thussenot/.conda/envs/multinest/lib/python3.10/site-packages/bilby/core/sampler/__init__.py", line 278, in run_sampler
    analysis(args)
  File "/home/thussenot/.conda/envs/multinest/lib/python3.10/site-packages/nmma/em/analysis.py", line 712, in analysis
    result.save_to_file(overwrite=True, extension=save, gzip=gzip, outdir=outdir)
  File "/home/thussenot/.conda/envs/multinest/lib/python3.10/site-packages/bilby/core/result.py", line 783, in save_to_file
    analysis(args)
  File "/home/thussenot/.conda/envs/multinest/lib/python3.10/site-packages/nmma/em/analysis.py", line 712, in analysis
    analysis(args)
  File "/home/thussenot/.conda/envs/multinest/lib/python3.10/site-packages/nmma/em/analysis.py", line 712, in analysis
    result = bilby.run_sampler(
  File "/home/thussenot/.conda/envs/multinest/lib/python3.10/site-packages/bilby/core/sampler/__init__.py", line 278, in run_sampler
    move_old_file(filename, overwrite)
  File "/home/thussenot/.conda/envs/multinest/lib/python3.10/site-packages/bilby/core/utils/io.py", line 406, in move_old_file
    result = bilby.run_sampler(
  File "/home/thussenot/.conda/envs/multinest/lib/python3.10/site-packages/bilby/core/sampler/__init__.py", line 262, in run_sampler
    result = bilby.run_sampler(
  File "/home/thussenot/.conda/envs/multinest/lib/python3.10/site-packages/bilby/core/sampler/__init__.py", line 262, in run_sampler
    result.save_to_file(overwrite=True, extension=save, gzip=gzip, outdir=outdir)
  File "/home/thussenot/.conda/envs/multinest/lib/python3.10/site-packages/bilby/core/result.py", line 783, in save_to_file
    os.remove(filename)
FileNotFoundError: [Errno 2] No such file or directory: 'outdirBNSBu32cores/Constraints170817_result.json'
    result.save_to_file(extension=save, gzip=gzip, outdir=outdir)
  File "/home/thussenot/.conda/envs/multinest/lib/python3.10/site-packages/bilby/core/result.py", line 783, in save_to_file
    result.save_to_file(extension=save, gzip=gzip, outdir=outdir)
  File "/home/thussenot/.conda/envs/multinest/lib/python3.10/site-packages/bilby/core/result.py", line 783, in save_to_file
    move_old_file(filename, overwrite)
  File "/home/thussenot/.conda/envs/multinest/lib/python3.10/site-packages/bilby/core/utils/io.py", line 406, in move_old_file
    move_old_file(filename, overwrite)
  File "/home/thussenot/.conda/envs/multinest/lib/python3.10/site-packages/bilby/core/utils/io.py", line 411, in move_old_file
    move_old_file(filename, overwrite)
  File "/home/thussenot/.conda/envs/multinest/lib/python3.10/site-packages/bilby/core/utils/io.py", line 411, in move_old_file
    os.remove(filename)
FileNotFoundError: [Errno 2] No such file or directory: 'outdirBNSBu32cores/Constraints170817_result.json'
    shutil.move(filename, filename + ".old")
  File "/home/thussenot/.conda/envs/multinest/lib/python3.10/shutil.py", line 836, in move
    shutil.move(filename, filename + ".old")
  File "/home/thussenot/.conda/envs/multinest/lib/python3.10/shutil.py", line 836, in move
04:46 bilby INFO    : Summary of results:
nsamples: 12038
ln_noise_evidence:  0.000
ln_evidence: -140.259 +/-  0.069
ln_bayes_factor: -140.259 +/-  0.069

    copy_function(src, real_dst)
  File "/home/thussenot/.conda/envs/multinest/lib/python3.10/shutil.py", line 435, in copy2
    copy_function(src, real_dst)
  File "/home/thussenot/.conda/envs/multinest/lib/python3.10/shutil.py", line 435, in copy2
    copystat(src, dst, follow_symlinks=follow_symlinks)
  File "/home/thussenot/.conda/envs/multinest/lib/python3.10/shutil.py", line 378, in copystat
    copystat(src, dst, follow_symlinks=follow_symlinks)
  File "/home/thussenot/.conda/envs/multinest/lib/python3.10/shutil.py", line 378, in copystat
    _copyxattr(src, dst, follow_symlinks=follow)
  File "/home/thussenot/.conda/envs/multinest/lib/python3.10/shutil.py", line 320, in _copyxattr
    _copyxattr(src, dst, follow_symlinks=follow)
  File "/home/thussenot/.conda/envs/multinest/lib/python3.10/shutil.py", line 320, in _copyxattr
    names = os.listxattr(src, follow_symlinks=follow_symlinks)
FileNotFoundError: [Errno 2] No such file or directory: 'outdirBNSBu32cores/Constraints170817_result.json'
    names = os.listxattr(src, follow_symlinks=follow_symlinks)
FileNotFoundError: [Errno 2] No such file or directory: 'outdirBNSBu32cores/Constraints170817_result.json'
04:46 bilby INFO    : Summary of results:
nsamples: 12038
ln_noise_evidence:  0.000
ln_evidence: -140.259 +/-  0.069
ln_bayes_factor: -140.259 +/-  0.069

04:46 bilby INFO    : Summary of results:
nsamples: 12038
ln_noise_evidence:  0.000
ln_evidence: -140.259 +/-  0.069
ln_bayes_factor: -140.259 +/-  0.069

04:46 bilby INFO    : Summary of results:
nsamples: 12038
ln_noise_evidence:  0.000
ln_evidence: -140.259 +/-  0.069
ln_bayes_factor: -140.259 +/-  0.069

04:46 bilby INFO    : Summary of results:
nsamples: 12038
ln_noise_evidence:  0.000
ln_evidence: -140.259 +/-  0.069
ln_bayes_factor: -140.259 +/-  0.069

04:46 bilby INFO    : Summary of results:
nsamples: 12038
ln_noise_evidence:  0.000
ln_evidence: -140.259 +/-  0.069
ln_bayes_factor: -140.259 +/-  0.069

04:46 bilby INFO    : Summary of results:
nsamples: 12038
ln_noise_evidence:  0.000
ln_evidence: -140.259 +/-  0.069
ln_bayes_factor: -140.259 +/-  0.069

04:46 bilby INFO    : Summary of results:
nsamples: 12038
ln_noise_evidence:  0.000
ln_evidence: -140.259 +/-  0.069
ln_bayes_factor: -140.259 +/-  0.069

04:46 bilby INFO    : Summary of results:
nsamples: 12038
ln_noise_evidence:  0.000
ln_evidence: -140.259 +/-  0.069
ln_bayes_factor: -140.259 +/-  0.069

04:46 bilby INFO    : Summary of results:
nsamples: 12038
ln_noise_evidence:  0.000
ln_evidence: -140.259 +/-  0.069
ln_bayes_factor: -140.259 +/-  0.069

04:46 bilby INFO    : Summary of results:
nsamples: 12038
ln_noise_evidence:  0.000
ln_evidence: -140.259 +/-  0.069
ln_bayes_factor: -140.259 +/-  0.069

04:46 bilby INFO    : Summary of results:
nsamples: 12038
ln_noise_evidence:  0.000
ln_evidence: -140.259 +/-  0.069
ln_bayes_factor: -140.259 +/-  0.069

04:46 bilby INFO    : Summary of results:
nsamples: 12038
ln_noise_evidence:  0.000
ln_evidence: -140.259 +/-  0.069
ln_bayes_factor: -140.259 +/-  0.069

04:46 bilby INFO    : Summary of results:
nsamples: 12038
ln_noise_evidence:  0.000
ln_evidence: -140.259 +/-  0.069
ln_bayes_factor: -140.259 +/-  0.069

--------------------------------------------------------------------------
Primary job  terminated normally, but 1 process returned
a non-zero exit code. Per user-direction, the job has been aborted.
--------------------------------------------------------------------------
--------------------------------------------------------------------------
mpiexec detected that one or more processes exited with non-zero status, thus causing
the job to be terminated. The first process to do so was:

  Process name: [[56320,1],18]
  Exit code:    1
--------------------------------------------------------------------------
