09:47 bilby INFO    : Running for label 'AT170817', output will be saved to 'outdirBNSKa32cores'
09:47 bilby INFO    : Running for label 'AT170817', output will be saved to 'outdirBNSKa32cores'
09:47 bilby INFO    : Running for label 'AT170817', output will be saved to 'outdirBNSKa32cores'
09:47 bilby INFO    : Running for label 'AT170817', output will be saved to 'outdirBNSKa32cores'
09:47 bilby INFO    : Running for label 'AT170817', output will be saved to 'outdirBNSKa32cores'
09:47 bilby INFO    : Running for label 'AT170817', output will be saved to 'outdirBNSKa32cores'
09:47 bilby INFO    : Running for label 'AT170817', output will be saved to 'outdirBNSKa32cores'
09:47 bilby INFO    : Running for label 'AT170817', output will be saved to 'outdirBNSKa32cores'
09:47 bilby INFO    : Running for label 'AT170817', output will be saved to 'outdirBNSKa32cores'
09:47 bilby INFO    : Running for label 'AT170817', output will be saved to 'outdirBNSKa32cores'
09:47 bilby INFO    : Running for label 'AT170817', output will be saved to 'outdirBNSKa32cores'
09:47 bilby INFO    : Running for label 'AT170817', output will be saved to 'outdirBNSKa32cores'
09:47 bilby INFO    : Running for label 'AT170817', output will be saved to 'outdirBNSKa32cores'
09:47 bilby INFO    : Running for label 'AT170817', output will be saved to 'outdirBNSKa32cores'
09:47 bilby INFO    : Running for label 'AT170817', output will be saved to 'outdirBNSKa32cores'
09:47 bilby INFO    : Running for label 'AT170817', output will be saved to 'outdirBNSKa32cores'
09:47 bilby INFO    : Running for label 'AT170817', output will be saved to 'outdirBNSKa32cores'
09:47 bilby INFO    : Running for label 'AT170817', output will be saved to 'outdirBNSKa32cores'
09:47 bilby INFO    : Running for label 'AT170817', output will be saved to 'outdirBNSKa32cores'
09:47 bilby INFO    : Running for label 'AT170817', output will be saved to 'outdirBNSKa32cores'
09:47 bilby INFO    : Running for label 'AT170817', output will be saved to 'outdirBNSKa32cores'
09:47 bilby INFO    : Running for label 'AT170817', output will be saved to 'outdirBNSKa32cores'
09:47 bilby INFO    : Running for label 'AT170817', output will be saved to 'outdirBNSKa32cores'
09:47 bilby INFO    : Running for label 'AT170817', output will be saved to 'outdirBNSKa32cores'
09:47 bilby INFO    : Running for label 'AT170817', output will be saved to 'outdirBNSKa32cores'
09:47 bilby INFO    : Running for label 'AT170817', output will be saved to 'outdirBNSKa32cores'
09:47 bilby INFO    : Running for label 'AT170817', output will be saved to 'outdirBNSKa32cores'
09:47 bilby INFO    : Running for label 'AT170817', output will be saved to 'outdirBNSKa32cores'
09:47 bilby INFO    : Running for label 'AT170817', output will be saved to 'outdirBNSKa32cores'
09:47 bilby INFO    : Running for label 'AT170817', output will be saved to 'outdirBNSKa32cores'
09:47 bilby INFO    : Running for label 'AT170817', output will be saved to 'outdirBNSKa32cores'
09:47 bilby INFO    : Running for label 'AT170817', output will be saved to 'outdirBNSKa32cores'
09:47 bilby INFO    : Analysis priors:
09:47 bilby INFO    : Analysis priors:
09:47 bilby INFO    : Analysis priors:
09:47 bilby INFO    : Analysis priors:
09:47 bilby INFO    : Analysis priors:
09:47 bilby INFO    : Analysis priors:
09:47 bilby INFO    : Analysis priors:
09:47 bilby INFO    : Analysis priors:
09:47 bilby INFO    : Analysis priors:
09:47 bilby INFO    : Analysis priors:
09:47 bilby INFO    : Analysis priors:
09:47 bilby INFO    : Analysis priors:
09:47 bilby INFO    : Analysis priors:
09:47 bilby INFO    : Analysis priors:
09:47 bilby INFO    : Analysis priors:
09:47 bilby INFO    : Analysis priors:
09:47 bilby INFO    : Analysis priors:
09:47 bilby INFO    : Analysis priors:
09:47 bilby INFO    : Analysis priors:
09:47 bilby INFO    : Analysis priors:
09:47 bilby INFO    : Analysis priors:
09:47 bilby INFO    : Analysis priors:
09:47 bilby INFO    : Analysis priors:
09:47 bilby INFO    : Analysis priors:
09:47 bilby INFO    : Analysis priors:
09:47 bilby INFO    : Analysis priors:
09:47 bilby INFO    : Analysis priors:
09:47 bilby INFO    : Analysis priors:
09:47 bilby INFO    : Analysis priors:
09:47 bilby INFO    : Analysis priors:
09:47 bilby INFO    : Analysis priors:
09:47 bilby INFO    : log10_Xlan=Uniform(minimum=-9, maximum=-1, name='log10_Xlan', latex_label='log10_Xlan', unit=None, boundary='reflective')
09:47 bilby INFO    : log10_Xlan=Uniform(minimum=-9, maximum=-1, name='log10_Xlan', latex_label='log10_Xlan', unit=None, boundary='reflective')
09:47 bilby INFO    : log10_Xlan=Uniform(minimum=-9, maximum=-1, name='log10_Xlan', latex_label='log10_Xlan', unit=None, boundary='reflective')
09:47 bilby INFO    : Analysis priors:
09:47 bilby INFO    : log10_Xlan=Uniform(minimum=-9, maximum=-1, name='log10_Xlan', latex_label='log10_Xlan', unit=None, boundary='reflective')
09:47 bilby INFO    : log10_Xlan=Uniform(minimum=-9, maximum=-1, name='log10_Xlan', latex_label='log10_Xlan', unit=None, boundary='reflective')
09:47 bilby INFO    : log10_Xlan=Uniform(minimum=-9, maximum=-1, name='log10_Xlan', latex_label='log10_Xlan', unit=None, boundary='reflective')
09:47 bilby INFO    : log10_Xlan=Uniform(minimum=-9, maximum=-1, name='log10_Xlan', latex_label='log10_Xlan', unit=None, boundary='reflective')
09:47 bilby INFO    : log10_Xlan=Uniform(minimum=-9, maximum=-1, name='log10_Xlan', latex_label='log10_Xlan', unit=None, boundary='reflective')
09:47 bilby INFO    : log10_Xlan=Uniform(minimum=-9, maximum=-1, name='log10_Xlan', latex_label='log10_Xlan', unit=None, boundary='reflective')
09:47 bilby INFO    : log10_mej=Uniform(minimum=-5, maximum=-0.5, name='log10_mej', latex_label='$\\log_{10}M^{\\rm{dyn}}_{\\rm{ej}}$', unit=None, boundary=None)
09:47 bilby INFO    : log10_Xlan=Uniform(minimum=-9, maximum=-1, name='log10_Xlan', latex_label='log10_Xlan', unit=None, boundary='reflective')
09:47 bilby INFO    : log10_Xlan=Uniform(minimum=-9, maximum=-1, name='log10_Xlan', latex_label='log10_Xlan', unit=None, boundary='reflective')
09:47 bilby INFO    : log10_mej=Uniform(minimum=-5, maximum=-0.5, name='log10_mej', latex_label='$\\log_{10}M^{\\rm{dyn}}_{\\rm{ej}}$', unit=None, boundary=None)
09:47 bilby INFO    : log10_Xlan=Uniform(minimum=-9, maximum=-1, name='log10_Xlan', latex_label='log10_Xlan', unit=None, boundary='reflective')
09:47 bilby INFO    : log10_mej=Uniform(minimum=-5, maximum=-0.5, name='log10_mej', latex_label='$\\log_{10}M^{\\rm{dyn}}_{\\rm{ej}}$', unit=None, boundary=None)
09:47 bilby INFO    : log10_Xlan=Uniform(minimum=-9, maximum=-1, name='log10_Xlan', latex_label='log10_Xlan', unit=None, boundary='reflective')
09:47 bilby INFO    : log10_Xlan=Uniform(minimum=-9, maximum=-1, name='log10_Xlan', latex_label='log10_Xlan', unit=None, boundary='reflective')
09:47 bilby INFO    : log10_Xlan=Uniform(minimum=-9, maximum=-1, name='log10_Xlan', latex_label='log10_Xlan', unit=None, boundary='reflective')
09:47 bilby INFO    : log10_mej=Uniform(minimum=-5, maximum=-0.5, name='log10_mej', latex_label='$\\log_{10}M^{\\rm{dyn}}_{\\rm{ej}}$', unit=None, boundary=None)
09:47 bilby INFO    : log10_mej=Uniform(minimum=-5, maximum=-0.5, name='log10_mej', latex_label='$\\log_{10}M^{\\rm{dyn}}_{\\rm{ej}}$', unit=None, boundary=None)
09:47 bilby INFO    : log10_mej=Uniform(minimum=-5, maximum=-0.5, name='log10_mej', latex_label='$\\log_{10}M^{\\rm{dyn}}_{\\rm{ej}}$', unit=None, boundary=None)
09:47 bilby INFO    : log10_mej=Uniform(minimum=-5, maximum=-0.5, name='log10_mej', latex_label='$\\log_{10}M^{\\rm{dyn}}_{\\rm{ej}}$', unit=None, boundary=None)
09:47 bilby INFO    : log10_Xlan=Uniform(minimum=-9, maximum=-1, name='log10_Xlan', latex_label='log10_Xlan', unit=None, boundary='reflective')
09:47 bilby INFO    : log10_mej=Uniform(minimum=-5, maximum=-0.5, name='log10_mej', latex_label='$\\log_{10}M^{\\rm{dyn}}_{\\rm{ej}}$', unit=None, boundary=None)
09:47 bilby INFO    : log10_Xlan=Uniform(minimum=-9, maximum=-1, name='log10_Xlan', latex_label='log10_Xlan', unit=None, boundary='reflective')
09:47 bilby INFO    : log10_Xlan=Uniform(minimum=-9, maximum=-1, name='log10_Xlan', latex_label='log10_Xlan', unit=None, boundary='reflective')
09:47 bilby INFO    : log10_vej=Uniform(minimum=-1.8, maximum=-0.01, name='log10_vej', latex_label='$\\log_{10}v$', unit=None, boundary=None)
09:47 bilby INFO    : log10_mej=Uniform(minimum=-5, maximum=-0.5, name='log10_mej', latex_label='$\\log_{10}M^{\\rm{dyn}}_{\\rm{ej}}$', unit=None, boundary=None)
09:47 bilby INFO    : log10_vej=Uniform(minimum=-1.8, maximum=-0.01, name='log10_vej', latex_label='$\\log_{10}v$', unit=None, boundary=None)
09:47 bilby INFO    : log10_mej=Uniform(minimum=-5, maximum=-0.5, name='log10_mej', latex_label='$\\log_{10}M^{\\rm{dyn}}_{\\rm{ej}}$', unit=None, boundary=None)
09:47 bilby INFO    : log10_Xlan=Uniform(minimum=-9, maximum=-1, name='log10_Xlan', latex_label='log10_Xlan', unit=None, boundary='reflective')
09:47 bilby INFO    : log10_mej=Uniform(minimum=-5, maximum=-0.5, name='log10_mej', latex_label='$\\log_{10}M^{\\rm{dyn}}_{\\rm{ej}}$', unit=None, boundary=None)
09:47 bilby INFO    : log10_mej=Uniform(minimum=-5, maximum=-0.5, name='log10_mej', latex_label='$\\log_{10}M^{\\rm{dyn}}_{\\rm{ej}}$', unit=None, boundary=None)
09:47 bilby INFO    : log10_vej=Uniform(minimum=-1.8, maximum=-0.01, name='log10_vej', latex_label='$\\log_{10}v$', unit=None, boundary=None)
09:47 bilby INFO    : log10_mej=Uniform(minimum=-5, maximum=-0.5, name='log10_mej', latex_label='$\\log_{10}M^{\\rm{dyn}}_{\\rm{ej}}$', unit=None, boundary=None)
09:47 bilby INFO    : log10_mej=Uniform(minimum=-5, maximum=-0.5, name='log10_mej', latex_label='$\\log_{10}M^{\\rm{dyn}}_{\\rm{ej}}$', unit=None, boundary=None)
09:47 bilby INFO    : log10_Xlan=Uniform(minimum=-9, maximum=-1, name='log10_Xlan', latex_label='log10_Xlan', unit=None, boundary='reflective')
09:47 bilby INFO    : log10_vej=Uniform(minimum=-1.8, maximum=-0.01, name='log10_vej', latex_label='$\\log_{10}v$', unit=None, boundary=None)
09:47 bilby INFO    : log10_mej=Uniform(minimum=-5, maximum=-0.5, name='log10_mej', latex_label='$\\log_{10}M^{\\rm{dyn}}_{\\rm{ej}}$', unit=None, boundary=None)
09:47 bilby INFO    : log10_vej=Uniform(minimum=-1.8, maximum=-0.01, name='log10_vej', latex_label='$\\log_{10}v$', unit=None, boundary=None)
09:47 bilby INFO    : log10_vej=Uniform(minimum=-1.8, maximum=-0.01, name='log10_vej', latex_label='$\\log_{10}v$', unit=None, boundary=None)
09:47 bilby INFO    : log10_Xlan=Uniform(minimum=-9, maximum=-1, name='log10_Xlan', latex_label='log10_Xlan', unit=None, boundary='reflective')
09:47 bilby INFO    : log10_vej=Uniform(minimum=-1.8, maximum=-0.01, name='log10_vej', latex_label='$\\log_{10}v$', unit=None, boundary=None)
09:47 bilby INFO    : log10_vej=Uniform(minimum=-1.8, maximum=-0.01, name='log10_vej', latex_label='$\\log_{10}v$', unit=None, boundary=None)
09:47 bilby INFO    : log10_mej=Uniform(minimum=-5, maximum=-0.5, name='log10_mej', latex_label='$\\log_{10}M^{\\rm{dyn}}_{\\rm{ej}}$', unit=None, boundary=None)
09:47 bilby INFO    : log10_mej=Uniform(minimum=-5, maximum=-0.5, name='log10_mej', latex_label='$\\log_{10}M^{\\rm{dyn}}_{\\rm{ej}}$', unit=None, boundary=None)
09:47 bilby INFO    : log10_Xlan=Uniform(minimum=-9, maximum=-1, name='log10_Xlan', latex_label='log10_Xlan', unit=None, boundary='reflective')
09:47 bilby INFO    : log10_mej=Uniform(minimum=-5, maximum=-0.5, name='log10_mej', latex_label='$\\log_{10}M^{\\rm{dyn}}_{\\rm{ej}}$', unit=None, boundary=None)
09:47 bilby INFO    : log10_Xlan=Uniform(minimum=-9, maximum=-1, name='log10_Xlan', latex_label='log10_Xlan', unit=None, boundary='reflective')
09:47 bilby INFO    : log10_vej=Uniform(minimum=-1.8, maximum=-0.01, name='log10_vej', latex_label='$\\log_{10}v$', unit=None, boundary=None)
09:47 bilby INFO    : luminosity_distance=LogUniform(minimum=38, maximum=48, name='luminosity_distance', latex_label='$D_L$', unit=None, boundary=None)
09:47 bilby INFO    : log10_vej=Uniform(minimum=-1.8, maximum=-0.01, name='log10_vej', latex_label='$\\log_{10}v$', unit=None, boundary=None)
09:47 bilby INFO    : luminosity_distance=LogUniform(minimum=38, maximum=48, name='luminosity_distance', latex_label='$D_L$', unit=None, boundary=None)
09:47 bilby INFO    : log10_vej=Uniform(minimum=-1.8, maximum=-0.01, name='log10_vej', latex_label='$\\log_{10}v$', unit=None, boundary=None)
09:47 bilby INFO    : log10_vej=Uniform(minimum=-1.8, maximum=-0.01, name='log10_vej', latex_label='$\\log_{10}v$', unit=None, boundary=None)
09:47 bilby INFO    : log10_vej=Uniform(minimum=-1.8, maximum=-0.01, name='log10_vej', latex_label='$\\log_{10}v$', unit=None, boundary=None)
09:47 bilby INFO    : log10_mej=Uniform(minimum=-5, maximum=-0.5, name='log10_mej', latex_label='$\\log_{10}M^{\\rm{dyn}}_{\\rm{ej}}$', unit=None, boundary=None)
09:47 bilby INFO    : log10_Xlan=Uniform(minimum=-9, maximum=-1, name='log10_Xlan', latex_label='log10_Xlan', unit=None, boundary='reflective')
09:47 bilby INFO    : luminosity_distance=LogUniform(minimum=38, maximum=48, name='luminosity_distance', latex_label='$D_L$', unit=None, boundary=None)
09:47 bilby INFO    : log10_Xlan=Uniform(minimum=-9, maximum=-1, name='log10_Xlan', latex_label='log10_Xlan', unit=None, boundary='reflective')
09:47 bilby INFO    : log10_Xlan=Uniform(minimum=-9, maximum=-1, name='log10_Xlan', latex_label='log10_Xlan', unit=None, boundary='reflective')
09:47 bilby INFO    : log10_vej=Uniform(minimum=-1.8, maximum=-0.01, name='log10_vej', latex_label='$\\log_{10}v$', unit=None, boundary=None)
09:47 bilby INFO    : timeshift=0.0
09:47 bilby INFO    : log10_Xlan=Uniform(minimum=-9, maximum=-1, name='log10_Xlan', latex_label='log10_Xlan', unit=None, boundary='reflective')
09:47 bilby INFO    : timeshift=0.0
09:47 bilby INFO    : log10_vej=Uniform(minimum=-1.8, maximum=-0.01, name='log10_vej', latex_label='$\\log_{10}v$', unit=None, boundary=None)
09:47 bilby INFO    : log10_Xlan=Uniform(minimum=-9, maximum=-1, name='log10_Xlan', latex_label='log10_Xlan', unit=None, boundary='reflective')
09:47 bilby INFO    : log10_Xlan=Uniform(minimum=-9, maximum=-1, name='log10_Xlan', latex_label='log10_Xlan', unit=None, boundary='reflective')
09:47 bilby INFO    : timeshift=0.0
09:47 bilby INFO    : luminosity_distance=LogUniform(minimum=38, maximum=48, name='luminosity_distance', latex_label='$D_L$', unit=None, boundary=None)
09:47 bilby INFO    : em_syserr=1.0
09:47 bilby INFO    : luminosity_distance=LogUniform(minimum=38, maximum=48, name='luminosity_distance', latex_label='$D_L$', unit=None, boundary=None)
09:47 bilby INFO    : log10_mej=Uniform(minimum=-5, maximum=-0.5, name='log10_mej', latex_label='$\\log_{10}M^{\\rm{dyn}}_{\\rm{ej}}$', unit=None, boundary=None)
09:47 bilby INFO    : luminosity_distance=LogUniform(minimum=38, maximum=48, name='luminosity_distance', latex_label='$D_L$', unit=None, boundary=None)
09:47 bilby INFO    : luminosity_distance=LogUniform(minimum=38, maximum=48, name='luminosity_distance', latex_label='$D_L$', unit=None, boundary=None)
09:47 bilby INFO    : log10_vej=Uniform(minimum=-1.8, maximum=-0.01, name='log10_vej', latex_label='$\\log_{10}v$', unit=None, boundary=None)
09:47 bilby INFO    : em_syserr=1.0
09:47 bilby INFO    : luminosity_distance=LogUniform(minimum=38, maximum=48, name='luminosity_distance', latex_label='$D_L$', unit=None, boundary=None)
09:47 bilby INFO    : log10_vej=Uniform(minimum=-1.8, maximum=-0.01, name='log10_vej', latex_label='$\\log_{10}v$', unit=None, boundary=None)
09:47 bilby INFO    : log10_mej=Uniform(minimum=-5, maximum=-0.5, name='log10_mej', latex_label='$\\log_{10}M^{\\rm{dyn}}_{\\rm{ej}}$', unit=None, boundary=None)
09:47 bilby INFO    : log10_vej=Uniform(minimum=-1.8, maximum=-0.01, name='log10_vej', latex_label='$\\log_{10}v$', unit=None, boundary=None)
09:47 bilby INFO    : timeshift=0.0
09:47 bilby INFO    : em_syserr=1.0
09:47 bilby INFO    : Ebv=0.0
09:47 bilby INFO    : Ebv=0.0
09:47 bilby INFO    : timeshift=0.0
09:47 bilby INFO    : log10_mej=Uniform(minimum=-5, maximum=-0.5, name='log10_mej', latex_label='$\\log_{10}M^{\\rm{dyn}}_{\\rm{ej}}$', unit=None, boundary=None)
09:47 bilby INFO    : log10_mej=Uniform(minimum=-5, maximum=-0.5, name='log10_mej', latex_label='$\\log_{10}M^{\\rm{dyn}}_{\\rm{ej}}$', unit=None, boundary=None)
09:47 bilby INFO    : luminosity_distance=LogUniform(minimum=38, maximum=48, name='luminosity_distance', latex_label='$D_L$', unit=None, boundary=None)
09:47 bilby INFO    : timeshift=0.0
09:47 bilby INFO    : luminosity_distance=LogUniform(minimum=38, maximum=48, name='luminosity_distance', latex_label='$D_L$', unit=None, boundary=None)
09:47 bilby INFO    : Ebv=0.0
09:47 bilby INFO    : timeshift=0.0
09:47 bilby INFO    : log10_vej=Uniform(minimum=-1.8, maximum=-0.01, name='log10_vej', latex_label='$\\log_{10}v$', unit=None, boundary=None)
09:47 bilby INFO    : timeshift=0.0
09:47 bilby INFO    : luminosity_distance=LogUniform(minimum=38, maximum=48, name='luminosity_distance', latex_label='$D_L$', unit=None, boundary=None)
09:47 bilby INFO    : luminosity_distance=LogUniform(minimum=38, maximum=48, name='luminosity_distance', latex_label='$D_L$', unit=None, boundary=None)
09:47 bilby INFO    : log10_Xlan=Uniform(minimum=-9, maximum=-1, name='log10_Xlan', latex_label='log10_Xlan', unit=None, boundary='reflective')
09:47 bilby INFO    : em_syserr=1.0
09:47 bilby INFO    : luminosity_distance=LogUniform(minimum=38, maximum=48, name='luminosity_distance', latex_label='$D_L$', unit=None, boundary=None)
09:47 bilby INFO    : Analysis likelihood class: <class 'nmma.em.likelihood.OpticalLightCurve'>
09:47 bilby INFO    : Analysis likelihood class: <class 'nmma.em.likelihood.OpticalLightCurve'>
09:47 bilby INFO    : em_syserr=1.0
09:47 bilby INFO    : em_syserr=1.0
09:47 bilby INFO    : em_syserr=1.0
09:47 bilby INFO    : timeshift=0.0
09:47 bilby INFO    : log10_mej=Uniform(minimum=-5, maximum=-0.5, name='log10_mej', latex_label='$\\log_{10}M^{\\rm{dyn}}_{\\rm{ej}}$', unit=None, boundary=None)
09:47 bilby INFO    : luminosity_distance=LogUniform(minimum=38, maximum=48, name='luminosity_distance', latex_label='$D_L$', unit=None, boundary=None)
09:47 bilby INFO    : em_syserr=1.0
09:47 bilby INFO    : timeshift=0.0
09:47 bilby INFO    : Analysis likelihood class: <class 'nmma.em.likelihood.OpticalLightCurve'>
09:47 bilby INFO    : timeshift=0.0
09:47 bilby INFO    : log10_mej=Uniform(minimum=-5, maximum=-0.5, name='log10_mej', latex_label='$\\log_{10}M^{\\rm{dyn}}_{\\rm{ej}}$', unit=None, boundary=None)
09:47 bilby INFO    : log10_mej=Uniform(minimum=-5, maximum=-0.5, name='log10_mej', latex_label='$\\log_{10}M^{\\rm{dyn}}_{\\rm{ej}}$', unit=None, boundary=None)
09:47 bilby INFO    : timeshift=0.0
09:47 bilby INFO    : timeshift=0.0
09:47 bilby INFO    : log10_vej=Uniform(minimum=-1.8, maximum=-0.01, name='log10_vej', latex_label='$\\log_{10}v$', unit=None, boundary=None)
09:47 bilby INFO    : log10_mej=Uniform(minimum=-5, maximum=-0.5, name='log10_mej', latex_label='$\\log_{10}M^{\\rm{dyn}}_{\\rm{ej}}$', unit=None, boundary=None)
09:47 bilby INFO    : luminosity_distance=LogUniform(minimum=38, maximum=48, name='luminosity_distance', latex_label='$D_L$', unit=None, boundary=None)
09:47 bilby INFO    : Ebv=0.0
09:47 bilby INFO    : em_syserr=1.0
09:47 bilby INFO    : Ebv=0.0
09:47 bilby INFO    : luminosity_distance=LogUniform(minimum=38, maximum=48, name='luminosity_distance', latex_label='$D_L$', unit=None, boundary=None)
09:47 bilby INFO    : log10_mej=Uniform(minimum=-5, maximum=-0.5, name='log10_mej', latex_label='$\\log_{10}M^{\\rm{dyn}}_{\\rm{ej}}$', unit=None, boundary=None)
09:47 bilby INFO    : Ebv=0.0
09:47 bilby INFO    : luminosity_distance=LogUniform(minimum=38, maximum=48, name='luminosity_distance', latex_label='$D_L$', unit=None, boundary=None)
09:47 bilby INFO    : log10_mej=Uniform(minimum=-5, maximum=-0.5, name='log10_mej', latex_label='$\\log_{10}M^{\\rm{dyn}}_{\\rm{ej}}$', unit=None, boundary=None)
09:47 bilby INFO    : Ebv=0.0
09:47 bilby INFO    : em_syserr=1.0
09:47 bilby INFO    : Analysis likelihood noise evidence: 0.0
09:47 bilby INFO    : Analysis likelihood noise evidence: 0.0
09:47 bilby INFO    : Analysis likelihood noise evidence: 0.0
09:47 bilby INFO    : em_syserr=1.0
09:47 bilby INFO    : Ebv=0.0
09:47 bilby INFO    : Ebv=0.0
09:47 bilby INFO    : em_syserr=1.0
09:47 bilby INFO    : luminosity_distance=LogUniform(minimum=38, maximum=48, name='luminosity_distance', latex_label='$D_L$', unit=None, boundary=None)
09:47 bilby INFO    : em_syserr=1.0
09:47 bilby INFO    : log10_vej=Uniform(minimum=-1.8, maximum=-0.01, name='log10_vej', latex_label='$\\log_{10}v$', unit=None, boundary=None)
09:47 bilby INFO    : log10_vej=Uniform(minimum=-1.8, maximum=-0.01, name='log10_vej', latex_label='$\\log_{10}v$', unit=None, boundary=None)
09:47 bilby INFO    : log10_vej=Uniform(minimum=-1.8, maximum=-0.01, name='log10_vej', latex_label='$\\log_{10}v$', unit=None, boundary=None)
09:47 bilby INFO    : timeshift=0.0
09:47 bilby INFO    : Analysis likelihood class: <class 'nmma.em.likelihood.OpticalLightCurve'>
09:47 bilby INFO    : Analysis likelihood noise evidence: 0.0
09:47 bilby INFO    : Analysis likelihood class: <class 'nmma.em.likelihood.OpticalLightCurve'>
09:47 bilby INFO    : timeshift=0.0
09:47 bilby INFO    : Analysis likelihood class: <class 'nmma.em.likelihood.OpticalLightCurve'>
09:47 bilby INFO    : Analysis likelihood noise evidence: 0.0
09:47 bilby INFO    : timeshift=0.0
09:47 bilby INFO    : timeshift=0.0
09:47 bilby INFO    : em_syserr=1.0
09:47 bilby INFO    : Analysis likelihood class: <class 'nmma.em.likelihood.OpticalLightCurve'>
09:47 bilby INFO    : Analysis likelihood noise evidence: 0.0
09:47 bilby INFO    : Ebv=0.0
09:47 bilby INFO    : luminosity_distance=LogUniform(minimum=38, maximum=48, name='luminosity_distance', latex_label='$D_L$', unit=None, boundary=None)
09:47 bilby INFO    : Ebv=0.0
09:47 bilby INFO    : Analysis likelihood class: <class 'nmma.em.likelihood.OpticalLightCurve'>
09:47 bilby INFO    : Analysis likelihood noise evidence: 0.0
09:47 bilby INFO    : Analysis likelihood class: <class 'nmma.em.likelihood.OpticalLightCurve'>
09:47 bilby INFO    : Analysis likelihood noise evidence: 0.0
09:47 bilby INFO    : Ebv=0.0
09:47 bilby INFO    : Analysis likelihood class: <class 'nmma.em.likelihood.OpticalLightCurve'>
09:47 bilby INFO    : timeshift=0.0
09:47 bilby INFO    : em_syserr=1.0
09:47 bilby INFO    : Ebv=0.0
09:47 bilby INFO    : Analysis likelihood class: <class 'nmma.em.likelihood.OpticalLightCurve'>
09:47 bilby INFO    : luminosity_distance=LogUniform(minimum=38, maximum=48, name='luminosity_distance', latex_label='$D_L$', unit=None, boundary=None)
09:47 bilby INFO    : log10_vej=Uniform(minimum=-1.8, maximum=-0.01, name='log10_vej', latex_label='$\\log_{10}v$', unit=None, boundary=None)
09:47 bilby INFO    : em_syserr=1.0
09:47 bilby INFO    : Ebv=0.0
09:47 bilby INFO    : Analysis likelihood noise evidence: 0.0
09:47 bilby INFO    : log10_mej=Uniform(minimum=-5, maximum=-0.5, name='log10_mej', latex_label='$\\log_{10}M^{\\rm{dyn}}_{\\rm{ej}}$', unit=None, boundary=None)
09:47 bilby INFO    : log10_vej=Uniform(minimum=-1.8, maximum=-0.01, name='log10_vej', latex_label='$\\log_{10}v$', unit=None, boundary=None)
09:47 bilby INFO    : log10_vej=Uniform(minimum=-1.8, maximum=-0.01, name='log10_vej', latex_label='$\\log_{10}v$', unit=None, boundary=None)
09:47 bilby INFO    : em_syserr=1.0
09:47 bilby INFO    : Ebv=0.0
09:47 bilby INFO    : em_syserr=1.0
09:47 bilby INFO    : Ebv=0.0
09:47 bilby INFO    : log10_vej=Uniform(minimum=-1.8, maximum=-0.01, name='log10_vej', latex_label='$\\log_{10}v$', unit=None, boundary=None)
09:47 bilby INFO    : Ebv=0.0
09:47 bilby INFO    : Analysis likelihood class: <class 'nmma.em.likelihood.OpticalLightCurve'>
09:47 bilby INFO    : Analysis likelihood class: <class 'nmma.em.likelihood.OpticalLightCurve'>
09:47 bilby INFO    : Analysis likelihood noise evidence: 0.0
09:47 bilby INFO    : log10_vej=Uniform(minimum=-1.8, maximum=-0.01, name='log10_vej', latex_label='$\\log_{10}v$', unit=None, boundary=None)
09:47 bilby INFO    : timeshift=0.0
09:47 bilby INFO    : em_syserr=1.0
09:47 bilby INFO    : log10_vej=Uniform(minimum=-1.8, maximum=-0.01, name='log10_vej', latex_label='$\\log_{10}v$', unit=None, boundary=None)
09:47 bilby INFO    : Analysis likelihood class: <class 'nmma.em.likelihood.OpticalLightCurve'>
09:47 bilby INFO    : Analysis likelihood noise evidence: 0.0
09:47 bilby INFO    : Analysis likelihood noise evidence: 0.0
09:47 bilby INFO    : Ebv=0.0
09:47 bilby INFO    : luminosity_distance=LogUniform(minimum=38, maximum=48, name='luminosity_distance', latex_label='$D_L$', unit=None, boundary=None)
09:47 bilby INFO    : Analysis likelihood noise evidence: 0.0
09:47 bilby INFO    : luminosity_distance=LogUniform(minimum=38, maximum=48, name='luminosity_distance', latex_label='$D_L$', unit=None, boundary=None)
09:47 bilby INFO    : timeshift=0.0
09:47 bilby INFO    : luminosity_distance=LogUniform(minimum=38, maximum=48, name='luminosity_distance', latex_label='$D_L$', unit=None, boundary=None)
09:47 bilby INFO    : Analysis likelihood class: <class 'nmma.em.likelihood.OpticalLightCurve'>
09:47 bilby INFO    : Analysis likelihood class: <class 'nmma.em.likelihood.OpticalLightCurve'>
09:47 bilby INFO    : Analysis likelihood class: <class 'nmma.em.likelihood.OpticalLightCurve'>
09:47 bilby INFO    : Analysis likelihood noise evidence: 0.0
09:47 bilby INFO    : Analysis likelihood class: <class 'nmma.em.likelihood.OpticalLightCurve'>
09:47 bilby INFO    : timeshift=0.0
09:47 bilby INFO    : em_syserr=1.0
09:47 bilby INFO    : Analysis likelihood noise evidence: 0.0
09:47 bilby INFO    : Ebv=0.0
09:47 bilby INFO    : em_syserr=1.0
09:47 bilby INFO    : Analysis likelihood noise evidence: 0.0
09:47 bilby INFO    : timeshift=0.0
09:47 bilby INFO    : Analysis likelihood class: <class 'nmma.em.likelihood.OpticalLightCurve'>
09:47 bilby INFO    : timeshift=0.0
09:47 bilby INFO    : log10_vej=Uniform(minimum=-1.8, maximum=-0.01, name='log10_vej', latex_label='$\\log_{10}v$', unit=None, boundary=None)
09:47 bilby INFO    : Analysis likelihood noise evidence: 0.0
09:47 bilby INFO    : Analysis likelihood noise evidence: 0.0
09:47 bilby INFO    : Ebv=0.0
09:47 bilby INFO    : em_syserr=1.0
09:47 bilby INFO    : luminosity_distance=LogUniform(minimum=38, maximum=48, name='luminosity_distance', latex_label='$D_L$', unit=None, boundary=None)
09:47 bilby INFO    : em_syserr=1.0
09:47 bilby INFO    : luminosity_distance=LogUniform(minimum=38, maximum=48, name='luminosity_distance', latex_label='$D_L$', unit=None, boundary=None)
09:47 bilby INFO    : luminosity_distance=LogUniform(minimum=38, maximum=48, name='luminosity_distance', latex_label='$D_L$', unit=None, boundary=None)
09:47 bilby INFO    : luminosity_distance=LogUniform(minimum=38, maximum=48, name='luminosity_distance', latex_label='$D_L$', unit=None, boundary=None)
09:47 bilby INFO    : Ebv=0.0
09:47 bilby INFO    : Analysis likelihood class: <class 'nmma.em.likelihood.OpticalLightCurve'>
09:47 bilby INFO    : luminosity_distance=LogUniform(minimum=38, maximum=48, name='luminosity_distance', latex_label='$D_L$', unit=None, boundary=None)
09:47 bilby INFO    : luminosity_distance=LogUniform(minimum=38, maximum=48, name='luminosity_distance', latex_label='$D_L$', unit=None, boundary=None)
09:47 bilby INFO    : Analysis likelihood class: <class 'nmma.em.likelihood.OpticalLightCurve'>
09:47 bilby INFO    : Ebv=0.0
09:47 bilby INFO    : Analysis likelihood noise evidence: 0.0
09:47 bilby INFO    : Ebv=0.0
09:47 bilby INFO    : timeshift=0.0
09:47 bilby INFO    : timeshift=0.0
09:47 bilby INFO    : timeshift=0.0
09:47 bilby INFO    : timeshift=0.0
09:47 bilby INFO    : em_syserr=1.0
09:47 bilby INFO    : Analysis likelihood class: <class 'nmma.em.likelihood.OpticalLightCurve'>
09:47 bilby INFO    : timeshift=0.0
09:47 bilby INFO    : Analysis likelihood class: <class 'nmma.em.likelihood.OpticalLightCurve'>
09:47 bilby INFO    : timeshift=0.0
09:47 bilby INFO    : em_syserr=1.0
09:47 bilby INFO    : Analysis likelihood noise evidence: 0.0
09:47 bilby INFO    : em_syserr=1.0
09:47 bilby INFO    : Analysis likelihood noise evidence: 0.0
09:47 bilby INFO    : Ebv=0.0
09:47 bilby INFO    : Analysis likelihood noise evidence: 0.0
09:47 bilby INFO    : em_syserr=1.0
09:47 bilby INFO    : Ebv=0.0
09:47 bilby INFO    : luminosity_distance=LogUniform(minimum=38, maximum=48, name='luminosity_distance', latex_label='$D_L$', unit=None, boundary=None)
09:47 bilby INFO    : em_syserr=1.0
09:47 bilby INFO    : Ebv=0.0
09:47 bilby INFO    : Analysis likelihood noise evidence: 0.0
09:47 bilby INFO    : em_syserr=1.0
09:47 bilby INFO    : Ebv=0.0
09:47 bilby INFO    : Ebv=0.0
09:47 bilby INFO    : Analysis likelihood class: <class 'nmma.em.likelihood.OpticalLightCurve'>
09:47 bilby INFO    : Analysis likelihood class: <class 'nmma.em.likelihood.OpticalLightCurve'>
09:47 bilby INFO    : Analysis likelihood class: <class 'nmma.em.likelihood.OpticalLightCurve'>
09:47 bilby INFO    : timeshift=0.0
09:47 bilby INFO    : Analysis likelihood class: <class 'nmma.em.likelihood.OpticalLightCurve'>
09:47 bilby INFO    : Ebv=0.0
09:47 bilby INFO    : Analysis likelihood class: <class 'nmma.em.likelihood.OpticalLightCurve'>
09:47 bilby INFO    : Analysis likelihood class: <class 'nmma.em.likelihood.OpticalLightCurve'>
09:47 bilby INFO    : Analysis likelihood noise evidence: 0.0
09:47 bilby INFO    : em_syserr=1.0
09:47 bilby INFO    : Analysis likelihood noise evidence: 0.0
09:47 bilby INFO    : Analysis likelihood noise evidence: 0.0
09:47 bilby INFO    : Analysis likelihood noise evidence: 0.0
09:47 bilby INFO    : Analysis likelihood noise evidence: 0.0
09:47 bilby INFO    : Analysis likelihood noise evidence: 0.0
09:47 bilby INFO    : Ebv=0.0
09:47 bilby INFO    : Analysis likelihood class: <class 'nmma.em.likelihood.OpticalLightCurve'>
09:47 bilby INFO    : Analysis likelihood noise evidence: 0.0
09:47 bilby INFO    : log10_Xlan=Uniform(minimum=-9, maximum=-1, name='log10_Xlan', latex_label='log10_Xlan', unit=None, boundary='reflective')
09:47 bilby INFO    : log10_mej=Uniform(minimum=-5, maximum=-0.5, name='log10_mej', latex_label='$\\log_{10}M^{\\rm{dyn}}_{\\rm{ej}}$', unit=None, boundary=None)
09:47 bilby INFO    : log10_Xlan=Uniform(minimum=-9, maximum=-1, name='log10_Xlan', latex_label='log10_Xlan', unit=None, boundary='reflective')
09:47 bilby INFO    : log10_vej=Uniform(minimum=-1.8, maximum=-0.01, name='log10_vej', latex_label='$\\log_{10}v$', unit=None, boundary=None)
09:47 bilby INFO    : log10_mej=Uniform(minimum=-5, maximum=-0.5, name='log10_mej', latex_label='$\\log_{10}M^{\\rm{dyn}}_{\\rm{ej}}$', unit=None, boundary=None)
09:47 bilby INFO    : luminosity_distance=LogUniform(minimum=38, maximum=48, name='luminosity_distance', latex_label='$D_L$', unit=None, boundary=None)
09:47 bilby INFO    : log10_vej=Uniform(minimum=-1.8, maximum=-0.01, name='log10_vej', latex_label='$\\log_{10}v$', unit=None, boundary=None)
09:47 bilby INFO    : timeshift=0.0
09:47 bilby INFO    : em_syserr=1.0
09:47 bilby INFO    : Ebv=0.0
09:47 bilby INFO    : Analysis likelihood class: <class 'nmma.em.likelihood.OpticalLightCurve'>
09:47 bilby INFO    : luminosity_distance=LogUniform(minimum=38, maximum=48, name='luminosity_distance', latex_label='$D_L$', unit=None, boundary=None)
09:47 bilby INFO    : Analysis likelihood noise evidence: 0.0
09:47 bilby INFO    : timeshift=0.0
09:47 bilby INFO    : em_syserr=1.0
09:47 bilby INFO    : Ebv=0.0
09:47 bilby INFO    : Analysis likelihood class: <class 'nmma.em.likelihood.OpticalLightCurve'>
09:47 bilby INFO    : Analysis likelihood noise evidence: 0.0
09:47 bilby INFO    : Single likelihood evaluation took 3.231e-02 s
09:47 bilby INFO    : Single likelihood evaluation took 3.219e-02 s
09:47 bilby INFO    : Single likelihood evaluation took 3.243e-02 s
09:47 bilby INFO    : Single likelihood evaluation took 3.231e-02 s
09:47 bilby INFO    : Single likelihood evaluation took 3.223e-02 s
09:47 bilby INFO    : Single likelihood evaluation took 3.245e-02 s
09:47 bilby INFO    : Single likelihood evaluation took 3.236e-02 s
09:47 bilby INFO    : Single likelihood evaluation took 3.231e-02 s
09:47 bilby INFO    : Single likelihood evaluation took 3.257e-02 s
09:47 bilby INFO    : Single likelihood evaluation took 3.249e-02 s
09:47 bilby INFO    : Single likelihood evaluation took 3.257e-02 s
09:47 bilby INFO    : Single likelihood evaluation took 3.235e-02 s
09:47 bilby INFO    : Single likelihood evaluation took 3.235e-02 s
09:47 bilby INFO    : Single likelihood evaluation took 3.230e-02 s
09:47 bilby WARNING : Supplied argument 'queue_size' not an argument of 'Pymultinest', removing.
09:47 bilby WARNING : Supplied argument 'check_point_delta_t' not an argument of 'Pymultinest', removing.
09:47 bilby INFO    : Using sampler Pymultinest with kwargs {'importance_nested_sampling': False, 'resume': True, 'verbose': True, 'sampling_efficiency': 'parameter', 'n_live_points': 2048, 'n_params': 4, 'n_clustering_params': None, 'wrapped_params': None, 'multimodal': True, 'const_efficiency_mode': False, 'evidence_tolerance': 0.5, 'n_iter_before_update': 100, 'null_log_evidence': -1e+90, 'max_modes': 100, 'mode_tolerance': -1e+90, 'seed': 42, 'context': 0, 'write_output': True, 'log_zero': -1e+100, 'max_iter': 0, 'init_MPI': False, 'dump_callback': <bound method Pymultinest._dump_callback of <bilby.core.sampler.pymultinest.Pymultinest object at 0x155500fe6950>>}
09:47 bilby INFO    : Temporary directory incompatible with MPI, will run in original directory
09:47 bilby WARNING : Supplied argument 'queue_size' not an argument of 'Pymultinest', removing.
09:47 bilby WARNING : Supplied argument 'queue_size' not an argument of 'Pymultinest', removing.
09:47 bilby WARNING : Supplied argument 'check_point_delta_t' not an argument of 'Pymultinest', removing.
09:47 bilby WARNING : Supplied argument 'queue_size' not an argument of 'Pymultinest', removing.
09:47 bilby WARNING : Supplied argument 'check_point_delta_t' not an argument of 'Pymultinest', removing.
09:47 bilby WARNING : Supplied argument 'check_point_delta_t' not an argument of 'Pymultinest', removing.
09:47 bilby WARNING : Supplied argument 'queue_size' not an argument of 'Pymultinest', removing.
09:47 bilby WARNING : Supplied argument 'check_point_delta_t' not an argument of 'Pymultinest', removing.
09:47 bilby INFO    : Single likelihood evaluation took 3.270e-02 s
09:47 bilby INFO    : Single likelihood evaluation took 3.288e-02 s
09:47 bilby INFO    : Single likelihood evaluation took 3.275e-02 s
09:47 bilby INFO    : Single likelihood evaluation took 3.274e-02 s
09:47 bilby INFO    : Single likelihood evaluation took 3.253e-02 s
09:47 bilby INFO    : Single likelihood evaluation took 3.289e-02 s
09:47 bilby WARNING : Supplied argument 'queue_size' not an argument of 'Pymultinest', removing.
09:47 bilby WARNING : Supplied argument 'check_point_delta_t' not an argument of 'Pymultinest', removing.
09:47 bilby WARNING : Supplied argument 'queue_size' not an argument of 'Pymultinest', removing.
09:47 bilby WARNING : Supplied argument 'check_point_delta_t' not an argument of 'Pymultinest', removing.
09:47 bilby INFO    : Single likelihood evaluation took 3.274e-02 s
09:47 bilby WARNING : Supplied argument 'queue_size' not an argument of 'Pymultinest', removing.
09:47 bilby WARNING : Supplied argument 'check_point_delta_t' not an argument of 'Pymultinest', removing.
09:47 bilby INFO    : Single likelihood evaluation took 3.284e-02 s
09:47 bilby WARNING : Supplied argument 'queue_size' not an argument of 'Pymultinest', removing.
09:47 bilby WARNING : Supplied argument 'check_point_delta_t' not an argument of 'Pymultinest', removing.
09:47 bilby WARNING : Supplied argument 'queue_size' not an argument of 'Pymultinest', removing.
09:47 bilby WARNING : Supplied argument 'check_point_delta_t' not an argument of 'Pymultinest', removing.
09:47 bilby WARNING : Supplied argument 'queue_size' not an argument of 'Pymultinest', removing.
09:47 bilby WARNING : Supplied argument 'check_point_delta_t' not an argument of 'Pymultinest', removing.
09:47 bilby WARNING : Supplied argument 'queue_size' not an argument of 'Pymultinest', removing.
09:47 bilby WARNING : Supplied argument 'queue_size' not an argument of 'Pymultinest', removing.
09:47 bilby WARNING : Supplied argument 'check_point_delta_t' not an argument of 'Pymultinest', removing.
09:47 bilby WARNING : Supplied argument 'queue_size' not an argument of 'Pymultinest', removing.
09:47 bilby WARNING : Supplied argument 'check_point_delta_t' not an argument of 'Pymultinest', removing.
09:47 bilby WARNING : Supplied argument 'check_point_delta_t' not an argument of 'Pymultinest', removing.
09:47 bilby INFO    : Using output file outdirBNSKa32cores/pm_AT170817/
09:47 bilby INFO    : Using sampler Pymultinest with kwargs {'importance_nested_sampling': False, 'resume': True, 'verbose': True, 'sampling_efficiency': 'parameter', 'n_live_points': 2048, 'n_params': 4, 'n_clustering_params': None, 'wrapped_params': None, 'multimodal': True, 'const_efficiency_mode': False, 'evidence_tolerance': 0.5, 'n_iter_before_update': 100, 'null_log_evidence': -1e+90, 'max_modes': 100, 'mode_tolerance': -1e+90, 'seed': 42, 'context': 0, 'write_output': True, 'log_zero': -1e+100, 'max_iter': 0, 'init_MPI': False, 'dump_callback': <bound method Pymultinest._dump_callback of <bilby.core.sampler.pymultinest.Pymultinest object at 0x155500fdfc40>>}
09:47 bilby INFO    : Using sampler Pymultinest with kwargs {'importance_nested_sampling': False, 'resume': True, 'verbose': True, 'sampling_efficiency': 'parameter', 'n_live_points': 2048, 'n_params': 4, 'n_clustering_params': None, 'wrapped_params': None, 'multimodal': True, 'const_efficiency_mode': False, 'evidence_tolerance': 0.5, 'n_iter_before_update': 100, 'null_log_evidence': -1e+90, 'max_modes': 100, 'mode_tolerance': -1e+90, 'seed': 42, 'context': 0, 'write_output': True, 'log_zero': -1e+100, 'max_iter': 0, 'init_MPI': False, 'dump_callback': <bound method Pymultinest._dump_callback of <bilby.core.sampler.pymultinest.Pymultinest object at 0x155500fe2980>>}
09:47 bilby INFO    : Using sampler Pymultinest with kwargs {'importance_nested_sampling': False, 'resume': True, 'verbose': True, 'sampling_efficiency': 'parameter', 'n_live_points': 2048, 'n_params': 4, 'n_clustering_params': None, 'wrapped_params': None, 'multimodal': True, 'const_efficiency_mode': False, 'evidence_tolerance': 0.5, 'n_iter_before_update': 100, 'null_log_evidence': -1e+90, 'max_modes': 100, 'mode_tolerance': -1e+90, 'seed': 42, 'context': 0, 'write_output': True, 'log_zero': -1e+100, 'max_iter': 0, 'init_MPI': False, 'dump_callback': <bound method Pymultinest._dump_callback of <bilby.core.sampler.pymultinest.Pymultinest object at 0x155500fe2a10>>}
09:47 bilby INFO    : Using sampler Pymultinest with kwargs {'importance_nested_sampling': False, 'resume': True, 'verbose': True, 'sampling_efficiency': 'parameter', 'n_live_points': 2048, 'n_params': 4, 'n_clustering_params': None, 'wrapped_params': None, 'multimodal': True, 'const_efficiency_mode': False, 'evidence_tolerance': 0.5, 'n_iter_before_update': 100, 'null_log_evidence': -1e+90, 'max_modes': 100, 'mode_tolerance': -1e+90, 'seed': 42, 'context': 0, 'write_output': True, 'log_zero': -1e+100, 'max_iter': 0, 'init_MPI': False, 'dump_callback': <bound method Pymultinest._dump_callback of <bilby.core.sampler.pymultinest.Pymultinest object at 0x155500fe2800>>}
09:47 bilby INFO    : Using sampler Pymultinest with kwargs {'importance_nested_sampling': False, 'resume': True, 'verbose': True, 'sampling_efficiency': 'parameter', 'n_live_points': 2048, 'n_params': 4, 'n_clustering_params': None, 'wrapped_params': None, 'multimodal': True, 'const_efficiency_mode': False, 'evidence_tolerance': 0.5, 'n_iter_before_update': 100, 'null_log_evidence': -1e+90, 'max_modes': 100, 'mode_tolerance': -1e+90, 'seed': 42, 'context': 0, 'write_output': True, 'log_zero': -1e+100, 'max_iter': 0, 'init_MPI': False, 'dump_callback': <bound method Pymultinest._dump_callback of <bilby.core.sampler.pymultinest.Pymultinest object at 0x155500fe25c0>>}
09:47 bilby INFO    : Using sampler Pymultinest with kwargs {'importance_nested_sampling': False, 'resume': True, 'verbose': True, 'sampling_efficiency': 'parameter', 'n_live_points': 2048, 'n_params': 4, 'n_clustering_params': None, 'wrapped_params': None, 'multimodal': True, 'const_efficiency_mode': False, 'evidence_tolerance': 0.5, 'n_iter_before_update': 100, 'null_log_evidence': -1e+90, 'max_modes': 100, 'mode_tolerance': -1e+90, 'seed': 42, 'context': 0, 'write_output': True, 'log_zero': -1e+100, 'max_iter': 0, 'init_MPI': False, 'dump_callback': <bound method Pymultinest._dump_callback of <bilby.core.sampler.pymultinest.Pymultinest object at 0x155500fe6410>>}
09:47 bilby INFO    : Using sampler Pymultinest with kwargs {'importance_nested_sampling': False, 'resume': True, 'verbose': True, 'sampling_efficiency': 'parameter', 'n_live_points': 2048, 'n_params': 4, 'n_clustering_params': None, 'wrapped_params': None, 'multimodal': True, 'const_efficiency_mode': False, 'evidence_tolerance': 0.5, 'n_iter_before_update': 100, 'null_log_evidence': -1e+90, 'max_modes': 100, 'mode_tolerance': -1e+90, 'seed': 42, 'context': 0, 'write_output': True, 'log_zero': -1e+100, 'max_iter': 0, 'init_MPI': False, 'dump_callback': <bound method Pymultinest._dump_callback of <bilby.core.sampler.pymultinest.Pymultinest object at 0x155500fda740>>}
09:47 bilby INFO    : Using sampler Pymultinest with kwargs {'importance_nested_sampling': False, 'resume': True, 'verbose': True, 'sampling_efficiency': 'parameter', 'n_live_points': 2048, 'n_params': 4, 'n_clustering_params': None, 'wrapped_params': None, 'multimodal': True, 'const_efficiency_mode': False, 'evidence_tolerance': 0.5, 'n_iter_before_update': 100, 'null_log_evidence': -1e+90, 'max_modes': 100, 'mode_tolerance': -1e+90, 'seed': 42, 'context': 0, 'write_output': True, 'log_zero': -1e+100, 'max_iter': 0, 'init_MPI': False, 'dump_callback': <bound method Pymultinest._dump_callback of <bilby.core.sampler.pymultinest.Pymultinest object at 0x155500fe6620>>}
09:47 bilby INFO    : Using sampler Pymultinest with kwargs {'importance_nested_sampling': False, 'resume': True, 'verbose': True, 'sampling_efficiency': 'parameter', 'n_live_points': 2048, 'n_params': 4, 'n_clustering_params': None, 'wrapped_params': None, 'multimodal': True, 'const_efficiency_mode': False, 'evidence_tolerance': 0.5, 'n_iter_before_update': 100, 'null_log_evidence': -1e+90, 'max_modes': 100, 'mode_tolerance': -1e+90, 'seed': 42, 'context': 0, 'write_output': True, 'log_zero': -1e+100, 'max_iter': 0, 'init_MPI': False, 'dump_callback': <bound method Pymultinest._dump_callback of <bilby.core.sampler.pymultinest.Pymultinest object at 0x155500fe62f0>>}
09:47 bilby INFO    : Using sampler Pymultinest with kwargs {'importance_nested_sampling': False, 'resume': True, 'verbose': True, 'sampling_efficiency': 'parameter', 'n_live_points': 2048, 'n_params': 4, 'n_clustering_params': None, 'wrapped_params': None, 'multimodal': True, 'const_efficiency_mode': False, 'evidence_tolerance': 0.5, 'n_iter_before_update': 100, 'null_log_evidence': -1e+90, 'max_modes': 100, 'mode_tolerance': -1e+90, 'seed': 42, 'context': 0, 'write_output': True, 'log_zero': -1e+100, 'max_iter': 0, 'init_MPI': False, 'dump_callback': <bound method Pymultinest._dump_callback of <bilby.core.sampler.pymultinest.Pymultinest object at 0x155500fde800>>}
09:47 bilby INFO    : Using sampler Pymultinest with kwargs {'importance_nested_sampling': False, 'resume': True, 'verbose': True, 'sampling_efficiency': 'parameter', 'n_live_points': 2048, 'n_params': 4, 'n_clustering_params': None, 'wrapped_params': None, 'multimodal': True, 'const_efficiency_mode': False, 'evidence_tolerance': 0.5, 'n_iter_before_update': 100, 'null_log_evidence': -1e+90, 'max_modes': 100, 'mode_tolerance': -1e+90, 'seed': 42, 'context': 0, 'write_output': True, 'log_zero': -1e+100, 'max_iter': 0, 'init_MPI': False, 'dump_callback': <bound method Pymultinest._dump_callback of <bilby.core.sampler.pymultinest.Pymultinest object at 0x155500fdfb80>>}
09:47 bilby INFO    : Using sampler Pymultinest with kwargs {'importance_nested_sampling': False, 'resume': True, 'verbose': True, 'sampling_efficiency': 'parameter', 'n_live_points': 2048, 'n_params': 4, 'n_clustering_params': None, 'wrapped_params': None, 'multimodal': True, 'const_efficiency_mode': False, 'evidence_tolerance': 0.5, 'n_iter_before_update': 100, 'null_log_evidence': -1e+90, 'max_modes': 100, 'mode_tolerance': -1e+90, 'seed': 42, 'context': 0, 'write_output': True, 'log_zero': -1e+100, 'max_iter': 0, 'init_MPI': False, 'dump_callback': <bound method Pymultinest._dump_callback of <bilby.core.sampler.pymultinest.Pymultinest object at 0x155500fe1240>>}
09:47 bilby INFO    : Using sampler Pymultinest with kwargs {'importance_nested_sampling': False, 'resume': True, 'verbose': True, 'sampling_efficiency': 'parameter', 'n_live_points': 2048, 'n_params': 4, 'n_clustering_params': None, 'wrapped_params': None, 'multimodal': True, 'const_efficiency_mode': False, 'evidence_tolerance': 0.5, 'n_iter_before_update': 100, 'null_log_evidence': -1e+90, 'max_modes': 100, 'mode_tolerance': -1e+90, 'seed': 42, 'context': 0, 'write_output': True, 'log_zero': -1e+100, 'max_iter': 0, 'init_MPI': False, 'dump_callback': <bound method Pymultinest._dump_callback of <bilby.core.sampler.pymultinest.Pymultinest object at 0x155500fd9cf0>>}
09:47 bilby INFO    : Temporary directory incompatible with MPI, will run in original directory
09:47 bilby INFO    : Temporary directory incompatible with MPI, will run in original directory
09:47 bilby INFO    : Temporary directory incompatible with MPI, will run in original directory
09:47 bilby INFO    : Temporary directory incompatible with MPI, will run in original directory
09:47 bilby INFO    : Temporary directory incompatible with MPI, will run in original directory
09:47 bilby INFO    : Temporary directory incompatible with MPI, will run in original directory
09:47 bilby INFO    : Temporary directory incompatible with MPI, will run in original directory
09:47 bilby INFO    : Temporary directory incompatible with MPI, will run in original directory
09:47 bilby INFO    : Temporary directory incompatible with MPI, will run in original directory
09:47 bilby INFO    : Temporary directory incompatible with MPI, will run in original directory
09:47 bilby INFO    : Temporary directory incompatible with MPI, will run in original directory
09:47 bilby INFO    : Temporary directory incompatible with MPI, will run in original directory
09:47 bilby INFO    : Using output file outdirBNSKa32cores/pm_AT170817/
09:47 bilby INFO    : Temporary directory incompatible with MPI, will run in original directory
09:47 bilby INFO    : Using output file outdirBNSKa32cores/pm_AT170817/
09:47 bilby INFO    : Using output file outdirBNSKa32cores/pm_AT170817/
09:47 bilby INFO    : Using output file outdirBNSKa32cores/pm_AT170817/
09:47 bilby INFO    : Using output file outdirBNSKa32cores/pm_AT170817/
09:47 bilby INFO    : Using output file outdirBNSKa32cores/pm_AT170817/
09:47 bilby INFO    : Using output file outdirBNSKa32cores/pm_AT170817/
09:47 bilby INFO    : Using output file outdirBNSKa32cores/pm_AT170817/
09:47 bilby INFO    : Using output file outdirBNSKa32cores/pm_AT170817/
09:47 bilby INFO    : Using output file outdirBNSKa32cores/pm_AT170817/
09:47 bilby INFO    : Using output file outdirBNSKa32cores/pm_AT170817/
09:47 bilby INFO    : Using output file outdirBNSKa32cores/pm_AT170817/
09:47 bilby INFO    : Using output file outdirBNSKa32cores/pm_AT170817/
09:47 bilby WARNING : Supplied argument 'queue_size' not an argument of 'Pymultinest', removing.
09:47 bilby WARNING : Supplied argument 'queue_size' not an argument of 'Pymultinest', removing.
09:47 bilby WARNING : Supplied argument 'queue_size' not an argument of 'Pymultinest', removing.
09:47 bilby WARNING : Supplied argument 'check_point_delta_t' not an argument of 'Pymultinest', removing.
09:47 bilby WARNING : Supplied argument 'check_point_delta_t' not an argument of 'Pymultinest', removing.
09:47 bilby WARNING : Supplied argument 'queue_size' not an argument of 'Pymultinest', removing.
09:47 bilby WARNING : Supplied argument 'check_point_delta_t' not an argument of 'Pymultinest', removing.
09:47 bilby INFO    : Using sampler Pymultinest with kwargs {'importance_nested_sampling': False, 'resume': True, 'verbose': True, 'sampling_efficiency': 'parameter', 'n_live_points': 2048, 'n_params': 4, 'n_clustering_params': None, 'wrapped_params': None, 'multimodal': True, 'const_efficiency_mode': False, 'evidence_tolerance': 0.5, 'n_iter_before_update': 100, 'null_log_evidence': -1e+90, 'max_modes': 100, 'mode_tolerance': -1e+90, 'seed': 42, 'context': 0, 'write_output': True, 'log_zero': -1e+100, 'max_iter': 0, 'init_MPI': False, 'dump_callback': <bound method Pymultinest._dump_callback of <bilby.core.sampler.pymultinest.Pymultinest object at 0x155500fe3bb0>>}
09:47 bilby INFO    : Using sampler Pymultinest with kwargs {'importance_nested_sampling': False, 'resume': True, 'verbose': True, 'sampling_efficiency': 'parameter', 'n_live_points': 2048, 'n_params': 4, 'n_clustering_params': None, 'wrapped_params': None, 'multimodal': True, 'const_efficiency_mode': False, 'evidence_tolerance': 0.5, 'n_iter_before_update': 100, 'null_log_evidence': -1e+90, 'max_modes': 100, 'mode_tolerance': -1e+90, 'seed': 42, 'context': 0, 'write_output': True, 'log_zero': -1e+100, 'max_iter': 0, 'init_MPI': False, 'dump_callback': <bound method Pymultinest._dump_callback of <bilby.core.sampler.pymultinest.Pymultinest object at 0x155500fd9810>>}
09:47 bilby WARNING : Supplied argument 'check_point_delta_t' not an argument of 'Pymultinest', removing.
09:47 bilby WARNING : Supplied argument 'queue_size' not an argument of 'Pymultinest', removing.
09:47 bilby WARNING : Supplied argument 'check_point_delta_t' not an argument of 'Pymultinest', removing.
09:47 bilby INFO    : Using sampler Pymultinest with kwargs {'importance_nested_sampling': False, 'resume': True, 'verbose': True, 'sampling_efficiency': 'parameter', 'n_live_points': 2048, 'n_params': 4, 'n_clustering_params': None, 'wrapped_params': None, 'multimodal': True, 'const_efficiency_mode': False, 'evidence_tolerance': 0.5, 'n_iter_before_update': 100, 'null_log_evidence': -1e+90, 'max_modes': 100, 'mode_tolerance': -1e+90, 'seed': 42, 'context': 0, 'write_output': True, 'log_zero': -1e+100, 'max_iter': 0, 'init_MPI': False, 'dump_callback': <bound method Pymultinest._dump_callback of <bilby.core.sampler.pymultinest.Pymultinest object at 0x155500fde440>>}
09:47 bilby INFO    : Using sampler Pymultinest with kwargs {'importance_nested_sampling': False, 'resume': True, 'verbose': True, 'sampling_efficiency': 'parameter', 'n_live_points': 2048, 'n_params': 4, 'n_clustering_params': None, 'wrapped_params': None, 'multimodal': True, 'const_efficiency_mode': False, 'evidence_tolerance': 0.5, 'n_iter_before_update': 100, 'null_log_evidence': -1e+90, 'max_modes': 100, 'mode_tolerance': -1e+90, 'seed': 42, 'context': 0, 'write_output': True, 'log_zero': -1e+100, 'max_iter': 0, 'init_MPI': False, 'dump_callback': <bound method Pymultinest._dump_callback of <bilby.core.sampler.pymultinest.Pymultinest object at 0x155500fd5a80>>}
09:47 bilby INFO    : Temporary directory incompatible with MPI, will run in original directory
09:47 bilby INFO    : Temporary directory incompatible with MPI, will run in original directory
09:47 bilby INFO    : Using sampler Pymultinest with kwargs {'importance_nested_sampling': False, 'resume': True, 'verbose': True, 'sampling_efficiency': 'parameter', 'n_live_points': 2048, 'n_params': 4, 'n_clustering_params': None, 'wrapped_params': None, 'multimodal': True, 'const_efficiency_mode': False, 'evidence_tolerance': 0.5, 'n_iter_before_update': 100, 'null_log_evidence': -1e+90, 'max_modes': 100, 'mode_tolerance': -1e+90, 'seed': 42, 'context': 0, 'write_output': True, 'log_zero': -1e+100, 'max_iter': 0, 'init_MPI': False, 'dump_callback': <bound method Pymultinest._dump_callback of <bilby.core.sampler.pymultinest.Pymultinest object at 0x155500fdfbb0>>}
09:47 bilby INFO    : Temporary directory incompatible with MPI, will run in original directory
09:47 bilby INFO    : Temporary directory incompatible with MPI, will run in original directory
09:47 bilby INFO    : Temporary directory incompatible with MPI, will run in original directory
09:47 bilby INFO    : Using output file outdirBNSKa32cores/pm_AT170817/
09:47 bilby INFO    : Using output file outdirBNSKa32cores/pm_AT170817/
09:47 bilby INFO    : Using output file outdirBNSKa32cores/pm_AT170817/
09:47 bilby INFO    : Using output file outdirBNSKa32cores/pm_AT170817/
09:47 bilby INFO    : Using output file outdirBNSKa32cores/pm_AT170817/
09:47 bilby INFO    : Single likelihood evaluation took 3.278e-02 s
09:47 bilby INFO    : Single likelihood evaluation took 3.278e-02 s
09:47 bilby WARNING : Supplied argument 'queue_size' not an argument of 'Pymultinest', removing.
09:47 bilby WARNING : Supplied argument 'check_point_delta_t' not an argument of 'Pymultinest', removing.
09:47 bilby INFO    : Using sampler Pymultinest with kwargs {'importance_nested_sampling': False, 'resume': True, 'verbose': True, 'sampling_efficiency': 'parameter', 'n_live_points': 2048, 'n_params': 4, 'n_clustering_params': None, 'wrapped_params': None, 'multimodal': True, 'const_efficiency_mode': False, 'evidence_tolerance': 0.5, 'n_iter_before_update': 100, 'null_log_evidence': -1e+90, 'max_modes': 100, 'mode_tolerance': -1e+90, 'seed': 42, 'context': 0, 'write_output': True, 'log_zero': -1e+100, 'max_iter': 0, 'init_MPI': False, 'dump_callback': <bound method Pymultinest._dump_callback of <bilby.core.sampler.pymultinest.Pymultinest object at 0x155500fe2ad0>>}
09:47 bilby INFO    : Temporary directory incompatible with MPI, will run in original directory
09:47 bilby WARNING : Supplied argument 'queue_size' not an argument of 'Pymultinest', removing.
09:47 bilby WARNING : Supplied argument 'check_point_delta_t' not an argument of 'Pymultinest', removing.
09:47 bilby INFO    : Using sampler Pymultinest with kwargs {'importance_nested_sampling': False, 'resume': True, 'verbose': True, 'sampling_efficiency': 'parameter', 'n_live_points': 2048, 'n_params': 4, 'n_clustering_params': None, 'wrapped_params': None, 'multimodal': True, 'const_efficiency_mode': False, 'evidence_tolerance': 0.5, 'n_iter_before_update': 100, 'null_log_evidence': -1e+90, 'max_modes': 100, 'mode_tolerance': -1e+90, 'seed': 42, 'context': 0, 'write_output': True, 'log_zero': -1e+100, 'max_iter': 0, 'init_MPI': False, 'dump_callback': <bound method Pymultinest._dump_callback of <bilby.core.sampler.pymultinest.Pymultinest object at 0x155500fe3bb0>>}
09:47 bilby INFO    : Single likelihood evaluation took 3.278e-02 s
09:47 bilby INFO    : Using output file outdirBNSKa32cores/pm_AT170817/
09:47 bilby INFO    : Temporary directory incompatible with MPI, will run in original directory
09:47 bilby INFO    : Using output file outdirBNSKa32cores/pm_AT170817/
09:47 bilby INFO    : Single likelihood evaluation took 3.282e-02 s
09:47 bilby INFO    : Single likelihood evaluation took 3.284e-02 s
09:47 bilby INFO    : Single likelihood evaluation took 3.285e-02 s
09:47 bilby INFO    : Single likelihood evaluation took 3.308e-02 s
09:47 bilby INFO    : Single likelihood evaluation took 3.303e-02 s
09:47 bilby INFO    : Single likelihood evaluation took 3.302e-02 s
09:47 bilby INFO    : Single likelihood evaluation took 3.293e-02 s
09:47 bilby WARNING : Supplied argument 'queue_size' not an argument of 'Pymultinest', removing.
09:47 bilby WARNING : Supplied argument 'check_point_delta_t' not an argument of 'Pymultinest', removing.
09:47 bilby INFO    : Using sampler Pymultinest with kwargs {'importance_nested_sampling': False, 'resume': True, 'verbose': True, 'sampling_efficiency': 'parameter', 'n_live_points': 2048, 'n_params': 4, 'n_clustering_params': None, 'wrapped_params': None, 'multimodal': True, 'const_efficiency_mode': False, 'evidence_tolerance': 0.5, 'n_iter_before_update': 100, 'null_log_evidence': -1e+90, 'max_modes': 100, 'mode_tolerance': -1e+90, 'seed': 42, 'context': 0, 'write_output': True, 'log_zero': -1e+100, 'max_iter': 0, 'init_MPI': False, 'dump_callback': <bound method Pymultinest._dump_callback of <bilby.core.sampler.pymultinest.Pymultinest object at 0x155500fde4d0>>}
09:47 bilby INFO    : Temporary directory incompatible with MPI, will run in original directory
09:47 bilby INFO    : Using output file outdirBNSKa32cores/pm_AT170817/
09:47 bilby WARNING : Supplied argument 'queue_size' not an argument of 'Pymultinest', removing.
09:47 bilby WARNING : Supplied argument 'check_point_delta_t' not an argument of 'Pymultinest', removing.
09:47 bilby WARNING : Supplied argument 'queue_size' not an argument of 'Pymultinest', removing.
09:47 bilby WARNING : Supplied argument 'check_point_delta_t' not an argument of 'Pymultinest', removing.
09:47 bilby INFO    : Using sampler Pymultinest with kwargs {'importance_nested_sampling': False, 'resume': True, 'verbose': True, 'sampling_efficiency': 'parameter', 'n_live_points': 2048, 'n_params': 4, 'n_clustering_params': None, 'wrapped_params': None, 'multimodal': True, 'const_efficiency_mode': False, 'evidence_tolerance': 0.5, 'n_iter_before_update': 100, 'null_log_evidence': -1e+90, 'max_modes': 100, 'mode_tolerance': -1e+90, 'seed': 42, 'context': 0, 'write_output': True, 'log_zero': -1e+100, 'max_iter': 0, 'init_MPI': False, 'dump_callback': <bound method Pymultinest._dump_callback of <bilby.core.sampler.pymultinest.Pymultinest object at 0x155500fe2380>>}
09:47 bilby INFO    : Using sampler Pymultinest with kwargs {'importance_nested_sampling': False, 'resume': True, 'verbose': True, 'sampling_efficiency': 'parameter', 'n_live_points': 2048, 'n_params': 4, 'n_clustering_params': None, 'wrapped_params': None, 'multimodal': True, 'const_efficiency_mode': False, 'evidence_tolerance': 0.5, 'n_iter_before_update': 100, 'null_log_evidence': -1e+90, 'max_modes': 100, 'mode_tolerance': -1e+90, 'seed': 42, 'context': 0, 'write_output': True, 'log_zero': -1e+100, 'max_iter': 0, 'init_MPI': False, 'dump_callback': <bound method Pymultinest._dump_callback of <bilby.core.sampler.pymultinest.Pymultinest object at 0x155500fdead0>>}
09:47 bilby INFO    : Temporary directory incompatible with MPI, will run in original directory
09:47 bilby INFO    : Temporary directory incompatible with MPI, will run in original directory
09:47 bilby WARNING : Supplied argument 'queue_size' not an argument of 'Pymultinest', removing.
09:47 bilby INFO    : Using output file outdirBNSKa32cores/pm_AT170817/
09:47 bilby WARNING : Supplied argument 'check_point_delta_t' not an argument of 'Pymultinest', removing.
09:47 bilby INFO    : Using sampler Pymultinest with kwargs {'importance_nested_sampling': False, 'resume': True, 'verbose': True, 'sampling_efficiency': 'parameter', 'n_live_points': 2048, 'n_params': 4, 'n_clustering_params': None, 'wrapped_params': None, 'multimodal': True, 'const_efficiency_mode': False, 'evidence_tolerance': 0.5, 'n_iter_before_update': 100, 'null_log_evidence': -1e+90, 'max_modes': 100, 'mode_tolerance': -1e+90, 'seed': 42, 'context': 0, 'write_output': True, 'log_zero': -1e+100, 'max_iter': 0, 'init_MPI': False, 'dump_callback': <bound method Pymultinest._dump_callback of <bilby.core.sampler.pymultinest.Pymultinest object at 0x155500fe2a10>>}
09:47 bilby INFO    : Using output file outdirBNSKa32cores/pm_AT170817/
09:47 bilby INFO    : Temporary directory incompatible with MPI, will run in original directory
09:47 bilby INFO    : Using output file outdirBNSKa32cores/pm_AT170817/
09:47 bilby WARNING : Supplied argument 'queue_size' not an argument of 'Pymultinest', removing.
09:47 bilby WARNING : Supplied argument 'check_point_delta_t' not an argument of 'Pymultinest', removing.
09:47 bilby WARNING : Supplied argument 'queue_size' not an argument of 'Pymultinest', removing.
09:47 bilby WARNING : Supplied argument 'check_point_delta_t' not an argument of 'Pymultinest', removing.
09:47 bilby WARNING : Supplied argument 'queue_size' not an argument of 'Pymultinest', removing.
09:47 bilby WARNING : Supplied argument 'check_point_delta_t' not an argument of 'Pymultinest', removing.
09:47 bilby INFO    : Using sampler Pymultinest with kwargs {'importance_nested_sampling': False, 'resume': True, 'verbose': True, 'sampling_efficiency': 'parameter', 'n_live_points': 2048, 'n_params': 4, 'n_clustering_params': None, 'wrapped_params': None, 'multimodal': True, 'const_efficiency_mode': False, 'evidence_tolerance': 0.5, 'n_iter_before_update': 100, 'null_log_evidence': -1e+90, 'max_modes': 100, 'mode_tolerance': -1e+90, 'seed': 42, 'context': 0, 'write_output': True, 'log_zero': -1e+100, 'max_iter': 0, 'init_MPI': False, 'dump_callback': <bound method Pymultinest._dump_callback of <bilby.core.sampler.pymultinest.Pymultinest object at 0x155500fde7a0>>}
09:47 bilby INFO    : Using sampler Pymultinest with kwargs {'importance_nested_sampling': False, 'resume': True, 'verbose': True, 'sampling_efficiency': 'parameter', 'n_live_points': 2048, 'n_params': 4, 'n_clustering_params': None, 'wrapped_params': None, 'multimodal': True, 'const_efficiency_mode': False, 'evidence_tolerance': 0.5, 'n_iter_before_update': 100, 'null_log_evidence': -1e+90, 'max_modes': 100, 'mode_tolerance': -1e+90, 'seed': 42, 'context': 0, 'write_output': True, 'log_zero': -1e+100, 'max_iter': 0, 'init_MPI': False, 'dump_callback': <bound method Pymultinest._dump_callback of <bilby.core.sampler.pymultinest.Pymultinest object at 0x155500fe6920>>}
09:47 bilby INFO    : Using sampler Pymultinest with kwargs {'importance_nested_sampling': False, 'resume': True, 'verbose': True, 'sampling_efficiency': 'parameter', 'n_live_points': 2048, 'n_params': 4, 'n_clustering_params': None, 'wrapped_params': None, 'multimodal': True, 'const_efficiency_mode': False, 'evidence_tolerance': 0.5, 'n_iter_before_update': 100, 'null_log_evidence': -1e+90, 'max_modes': 100, 'mode_tolerance': -1e+90, 'seed': 42, 'context': 0, 'write_output': True, 'log_zero': -1e+100, 'max_iter': 0, 'init_MPI': False, 'dump_callback': <bound method Pymultinest._dump_callback of <bilby.core.sampler.pymultinest.Pymultinest object at 0x155500fda770>>}
09:47 bilby WARNING : Supplied argument 'queue_size' not an argument of 'Pymultinest', removing.
09:47 bilby WARNING : Supplied argument 'queue_size' not an argument of 'Pymultinest', removing.
09:47 bilby WARNING : Supplied argument 'check_point_delta_t' not an argument of 'Pymultinest', removing.
09:47 bilby INFO    : Temporary directory incompatible with MPI, will run in original directory
09:47 bilby WARNING : Supplied argument 'queue_size' not an argument of 'Pymultinest', removing.
09:47 bilby INFO    : Temporary directory incompatible with MPI, will run in original directory
09:47 bilby WARNING : Supplied argument 'check_point_delta_t' not an argument of 'Pymultinest', removing.
09:47 bilby INFO    : Using sampler Pymultinest with kwargs {'importance_nested_sampling': False, 'resume': True, 'verbose': True, 'sampling_efficiency': 'parameter', 'n_live_points': 2048, 'n_params': 4, 'n_clustering_params': None, 'wrapped_params': None, 'multimodal': True, 'const_efficiency_mode': False, 'evidence_tolerance': 0.5, 'n_iter_before_update': 100, 'null_log_evidence': -1e+90, 'max_modes': 100, 'mode_tolerance': -1e+90, 'seed': 42, 'context': 0, 'write_output': True, 'log_zero': -1e+100, 'max_iter': 0, 'init_MPI': False, 'dump_callback': <bound method Pymultinest._dump_callback of <bilby.core.sampler.pymultinest.Pymultinest object at 0x155500fe6380>>}
09:47 bilby INFO    : Temporary directory incompatible with MPI, will run in original directory
09:47 bilby WARNING : Supplied argument 'check_point_delta_t' not an argument of 'Pymultinest', removing.
09:47 bilby INFO    : Using sampler Pymultinest with kwargs {'importance_nested_sampling': False, 'resume': True, 'verbose': True, 'sampling_efficiency': 'parameter', 'n_live_points': 2048, 'n_params': 4, 'n_clustering_params': None, 'wrapped_params': None, 'multimodal': True, 'const_efficiency_mode': False, 'evidence_tolerance': 0.5, 'n_iter_before_update': 100, 'null_log_evidence': -1e+90, 'max_modes': 100, 'mode_tolerance': -1e+90, 'seed': 42, 'context': 0, 'write_output': True, 'log_zero': -1e+100, 'max_iter': 0, 'init_MPI': False, 'dump_callback': <bound method Pymultinest._dump_callback of <bilby.core.sampler.pymultinest.Pymultinest object at 0x155500fe2b90>>}
09:47 bilby INFO    : Temporary directory incompatible with MPI, will run in original directory
09:47 bilby INFO    : Using sampler Pymultinest with kwargs {'importance_nested_sampling': False, 'resume': True, 'verbose': True, 'sampling_efficiency': 'parameter', 'n_live_points': 2048, 'n_params': 4, 'n_clustering_params': None, 'wrapped_params': None, 'multimodal': True, 'const_efficiency_mode': False, 'evidence_tolerance': 0.5, 'n_iter_before_update': 100, 'null_log_evidence': -1e+90, 'max_modes': 100, 'mode_tolerance': -1e+90, 'seed': 42, 'context': 0, 'write_output': True, 'log_zero': -1e+100, 'max_iter': 0, 'init_MPI': False, 'dump_callback': <bound method Pymultinest._dump_callback of <bilby.core.sampler.pymultinest.Pymultinest object at 0x155500fe3b20>>}
09:47 bilby INFO    : Using output file outdirBNSKa32cores/pm_AT170817/
09:47 bilby INFO    : Temporary directory incompatible with MPI, will run in original directory
09:47 bilby INFO    : Using output file outdirBNSKa32cores/pm_AT170817/
09:47 bilby INFO    : Temporary directory incompatible with MPI, will run in original directory
09:47 bilby INFO    : Using output file outdirBNSKa32cores/pm_AT170817/
09:47 bilby INFO    : Using output file outdirBNSKa32cores/pm_AT170817/
09:47 bilby WARNING : Supplied argument 'queue_size' not an argument of 'Pymultinest', removing.
09:47 bilby INFO    : Using output file outdirBNSKa32cores/pm_AT170817/
09:47 bilby WARNING : Supplied argument 'check_point_delta_t' not an argument of 'Pymultinest', removing.
09:47 bilby INFO    : Using output file outdirBNSKa32cores/pm_AT170817/
09:47 bilby INFO    : Using sampler Pymultinest with kwargs {'importance_nested_sampling': False, 'resume': True, 'verbose': True, 'sampling_efficiency': 'parameter', 'n_live_points': 2048, 'n_params': 4, 'n_clustering_params': None, 'wrapped_params': None, 'multimodal': True, 'const_efficiency_mode': False, 'evidence_tolerance': 0.5, 'n_iter_before_update': 100, 'null_log_evidence': -1e+90, 'max_modes': 100, 'mode_tolerance': -1e+90, 'seed': 42, 'context': 0, 'write_output': True, 'log_zero': -1e+100, 'max_iter': 0, 'init_MPI': False, 'dump_callback': <bound method Pymultinest._dump_callback of <bilby.core.sampler.pymultinest.Pymultinest object at 0x155500fd94e0>>}
09:47 bilby INFO    : Temporary directory incompatible with MPI, will run in original directory
09:47 bilby INFO    : Using output file outdirBNSKa32cores/pm_AT170817/
09:51 bilby INFO    : Sampling time: 0:03:50.826589
09:51 bilby INFO    : Sampling time: 0:03:50.867836
09:51 bilby INFO    : Sampling time: 0:03:50.895669
09:51 bilby INFO    : Sampling time: 0:03:50.895069
09:51 bilby INFO    : Sampling time: 0:03:50.895741
09:51 bilby INFO    : Sampling time: 0:03:50.895720
09:51 bilby INFO    : Sampling time: 0:03:50.828350
09:51 bilby INFO    : Sampling time: 0:03:50.828891
09:51 bilby INFO    : Sampling time: 0:03:50.876022
09:51 bilby INFO    : Sampling time: 0:03:50.896055
09:51 bilby INFO    : Sampling time: 0:03:50.896835
09:51 bilby INFO    : Sampling time: 0:03:50.879376
09:51 bilby INFO    : Sampling time: 0:03:50.897083
09:51 bilby INFO    : Sampling time: 0:03:50.896903
09:51 bilby INFO    : Sampling time: 0:03:50.897347
09:51 bilby INFO    : Sampling time: 0:03:50.897329
09:51 bilby INFO    : Sampling time: 0:03:50.880207
09:51 bilby INFO    : Sampling time: 0:03:50.880065
09:51 bilby INFO    : Sampling time: 0:03:50.830372
09:51 bilby INFO    : Sampling time: 0:03:50.880150
09:51 bilby INFO    : Sampling time: 0:03:50.876231
09:51 bilby INFO    : Sampling time: 0:03:50.898278
09:51 bilby INFO    : Sampling time: 0:03:50.830810
09:51 bilby INFO    : Sampling time: 0:03:50.899559
09:51 bilby INFO    : Sampling time: 0:03:50.898529
09:51 bilby INFO    : Sampling time: 0:03:50.898833
09:51 bilby INFO    : Sampling time: 0:03:50.831730
09:51 bilby INFO    : Sampling time: 0:03:50.831818
09:51 bilby INFO    : Sampling time: 0:03:50.831811
09:51 bilby INFO    : Sampling time: 0:03:50.831825
09:51 bilby INFO    : Sampling time: 0:03:50.831839
09:51 bilby INFO    : Sampling time: 0:03:50.880063
Traceback (most recent call last):
Traceback (most recent call last):
  File "/home/thussenot/.conda/envs/multinest/lib/python3.10/shutil.py", line 816, in move
Traceback (most recent call last):
  File "/home/thussenot/.conda/envs/multinest/lib/python3.10/shutil.py", line 816, in move
Traceback (most recent call last):
  File "/home/thussenot/.conda/envs/multinest/lib/python3.10/shutil.py", line 816, in move
Traceback (most recent call last):
  File "/home/thussenot/.conda/envs/multinest/lib/python3.10/shutil.py", line 816, in move
Traceback (most recent call last):
  File "/home/thussenot/.conda/envs/multinest/lib/python3.10/shutil.py", line 816, in move
Traceback (most recent call last):
  File "/home/thussenot/.conda/envs/multinest/lib/python3.10/shutil.py", line 816, in move
Traceback (most recent call last):
  File "/home/thussenot/.conda/envs/multinest/lib/python3.10/shutil.py", line 816, in move
Traceback (most recent call last):
  File "/home/thussenot/.conda/envs/multinest/lib/python3.10/shutil.py", line 816, in move
Traceback (most recent call last):
  File "/home/thussenot/.conda/envs/multinest/lib/python3.10/shutil.py", line 816, in move
Traceback (most recent call last):
  File "/home/thussenot/.conda/envs/multinest/lib/python3.10/shutil.py", line 816, in move
Traceback (most recent call last):
  File "/home/thussenot/.conda/envs/multinest/lib/python3.10/shutil.py", line 816, in move
Traceback (most recent call last):
  File "/home/thussenot/.conda/envs/multinest/lib/python3.10/shutil.py", line 816, in move
Traceback (most recent call last):
  File "/home/thussenot/.conda/envs/multinest/lib/python3.10/shutil.py", line 816, in move
Traceback (most recent call last):
  File "/home/thussenot/.conda/envs/multinest/lib/python3.10/shutil.py", line 816, in move
Traceback (most recent call last):
  File "/home/thussenot/.conda/envs/multinest/lib/python3.10/shutil.py", line 816, in move
Traceback (most recent call last):
  File "/home/thussenot/.conda/envs/multinest/lib/python3.10/shutil.py", line 816, in move
Traceback (most recent call last):
  File "/home/thussenot/.conda/envs/multinest/lib/python3.10/shutil.py", line 816, in move
Traceback (most recent call last):
  File "/home/thussenot/.conda/envs/multinest/lib/python3.10/shutil.py", line 816, in move
  File "/home/thussenot/.conda/envs/multinest/lib/python3.10/shutil.py", line 816, in move
    os.rename(src, real_dst)
FileNotFoundError: [Errno 2] No such file or directory: 'outdirBNSKa32cores/AT170817_result.json' -> 'outdirBNSKa32cores/AT170817_result.json.old'

During handling of the above exception, another exception occurred:

    os.rename(src, real_dst)
FileNotFoundError: [Errno 2] No such file or directory: 'outdirBNSKa32cores/AT170817_result.json' -> 'outdirBNSKa32cores/AT170817_result.json.old'

During handling of the above exception, another exception occurred:

    os.rename(src, real_dst)
FileNotFoundError: [Errno 2] No such file or directory: 'outdirBNSKa32cores/AT170817_result.json' -> 'outdirBNSKa32cores/AT170817_result.json.old'

During handling of the above exception, another exception occurred:

Traceback (most recent call last):
  File "/home/thussenot/.conda/envs/multinest/bin/lightcurve-analysis", line 8, in <module>
    os.rename(src, real_dst)
FileNotFoundError: [Errno 2] No such file or directory: 'outdirBNSKa32cores/AT170817_result.json' -> 'outdirBNSKa32cores/AT170817_result.json.old'

During handling of the above exception, another exception occurred:

Traceback (most recent call last):
    os.rename(src, real_dst)
FileNotFoundError: [Errno 2] No such file or directory: 'outdirBNSKa32cores/AT170817_result.json' -> 'outdirBNSKa32cores/AT170817_result.json.old'

During handling of the above exception, another exception occurred:

Traceback (most recent call last):
  File "/home/thussenot/.conda/envs/multinest/bin/lightcurve-analysis", line 8, in <module>
    os.rename(src, real_dst)
FileNotFoundError: [Errno 2] No such file or directory: 'outdirBNSKa32cores/AT170817_result.json' -> 'outdirBNSKa32cores/AT170817_result.json.old'

During handling of the above exception, another exception occurred:

Traceback (most recent call last):
  File "/home/thussenot/.conda/envs/multinest/bin/lightcurve-analysis", line 8, in <module>
    os.rename(src, real_dst)
    os.rename(src, real_dst)
FileNotFoundError: [Errno 2] No such file or directory: 'outdirBNSKa32cores/AT170817_result.json' -> 'outdirBNSKa32cores/AT170817_result.json.old'

During handling of the above exception, another exception occurred:

Traceback (most recent call last):
  File "/home/thussenot/.conda/envs/multinest/bin/lightcurve-analysis", line 8, in <module>
    os.rename(src, real_dst)
FileNotFoundError: [Errno 2] No such file or directory: 'outdirBNSKa32cores/AT170817_result.json' -> 'outdirBNSKa32cores/AT170817_result.json.old'

During handling of the above exception, another exception occurred:

Traceback (most recent call last):
  File "/home/thussenot/.conda/envs/multinest/bin/lightcurve-analysis", line 8, in <module>
    os.rename(src, real_dst)
FileNotFoundError: [Errno 2] No such file or directory: 'outdirBNSKa32cores/AT170817_result.json' -> 'outdirBNSKa32cores/AT170817_result.json.old'

During handling of the above exception, another exception occurred:

Traceback (most recent call last):
  File "/home/thussenot/.conda/envs/multinest/bin/lightcurve-analysis", line 8, in <module>
    os.rename(src, real_dst)
FileNotFoundError: [Errno 2] No such file or directory: 'outdirBNSKa32cores/AT170817_result.json' -> 'outdirBNSKa32cores/AT170817_result.json.old'

During handling of the above exception, another exception occurred:

Traceback (most recent call last):
  File "/home/thussenot/.conda/envs/multinest/bin/lightcurve-analysis", line 8, in <module>
    os.rename(src, real_dst)
FileNotFoundError: [Errno 2] No such file or directory: 'outdirBNSKa32cores/AT170817_result.json' -> 'outdirBNSKa32cores/AT170817_result.json.old'

During handling of the above exception, another exception occurred:

Traceback (most recent call last):
  File "/home/thussenot/.conda/envs/multinest/bin/lightcurve-analysis", line 8, in <module>
    os.rename(src, real_dst)
FileNotFoundError: [Errno 2] No such file or directory: 'outdirBNSKa32cores/AT170817_result.json' -> 'outdirBNSKa32cores/AT170817_result.json.old'

During handling of the above exception, another exception occurred:

Traceback (most recent call last):
  File "/home/thussenot/.conda/envs/multinest/bin/lightcurve-analysis", line 8, in <module>
    os.rename(src, real_dst)
FileNotFoundError: [Errno 2] No such file or directory: 'outdirBNSKa32cores/AT170817_result.json' -> 'outdirBNSKa32cores/AT170817_result.json.old'

During handling of the above exception, another exception occurred:

Traceback (most recent call last):
  File "/home/thussenot/.conda/envs/multinest/bin/lightcurve-analysis", line 8, in <module>
    os.rename(src, real_dst)
FileNotFoundError: [Errno 2] No such file or directory: 'outdirBNSKa32cores/AT170817_result.json' -> 'outdirBNSKa32cores/AT170817_result.json.old'

During handling of the above exception, another exception occurred:

Traceback (most recent call last):
  File "/home/thussenot/.conda/envs/multinest/bin/lightcurve-analysis", line 8, in <module>
    os.rename(src, real_dst)
FileNotFoundError: [Errno 2] No such file or directory: 'outdirBNSKa32cores/AT170817_result.json' -> 'outdirBNSKa32cores/AT170817_result.json.old'

During handling of the above exception, another exception occurred:

Traceback (most recent call last):
  File "/home/thussenot/.conda/envs/multinest/bin/lightcurve-analysis", line 8, in <module>
    os.rename(src, real_dst)
FileNotFoundError: [Errno 2] No such file or directory: 'outdirBNSKa32cores/AT170817_result.json' -> 'outdirBNSKa32cores/AT170817_result.json.old'

During handling of the above exception, another exception occurred:

Traceback (most recent call last):
  File "/home/thussenot/.conda/envs/multinest/bin/lightcurve-analysis", line 8, in <module>
    os.rename(src, real_dst)
FileNotFoundError: [Errno 2] No such file or directory: 'outdirBNSKa32cores/AT170817_result.json' -> 'outdirBNSKa32cores/AT170817_result.json.old'

During handling of the above exception, another exception occurred:

Traceback (most recent call last):
  File "/home/thussenot/.conda/envs/multinest/bin/lightcurve-analysis", line 8, in <module>
Traceback (most recent call last):
  File "/home/thussenot/.conda/envs/multinest/bin/lightcurve-analysis", line 8, in <module>
Traceback (most recent call last):
  File "/home/thussenot/.conda/envs/multinest/bin/lightcurve-analysis", line 8, in <module>
  File "/home/thussenot/.conda/envs/multinest/bin/lightcurve-analysis", line 8, in <module>
    sys.exit(main())
  File "/home/thussenot/.conda/envs/multinest/lib/python3.10/site-packages/nmma/em/analysis.py", line 1028, in main
    os.rename(src, real_dst)
FileNotFoundError: [Errno 2] No such file or directory: 'outdirBNSKa32cores/AT170817_result.json' -> 'outdirBNSKa32cores/AT170817_result.json.old'

During handling of the above exception, another exception occurred:

Traceback (most recent call last):
FileNotFoundError: [Errno 2] No such file or directory: 'outdirBNSKa32cores/AT170817_result.json' -> 'outdirBNSKa32cores/AT170817_result.json.old'

During handling of the above exception, another exception occurred:

Traceback (most recent call last):
  File "/home/thussenot/.conda/envs/multinest/bin/lightcurve-analysis", line 8, in <module>
  File "/home/thussenot/.conda/envs/multinest/bin/lightcurve-analysis", line 8, in <module>
    sys.exit(main())
  File "/home/thussenot/.conda/envs/multinest/lib/python3.10/site-packages/nmma/em/analysis.py", line 1028, in main
    sys.exit(main())
  File "/home/thussenot/.conda/envs/multinest/lib/python3.10/site-packages/nmma/em/analysis.py", line 1028, in main
    sys.exit(main())
  File "/home/thussenot/.conda/envs/multinest/lib/python3.10/site-packages/nmma/em/analysis.py", line 1028, in main
    sys.exit(main())
  File "/home/thussenot/.conda/envs/multinest/lib/python3.10/site-packages/nmma/em/analysis.py", line 1028, in main
    sys.exit(main())
  File "/home/thussenot/.conda/envs/multinest/lib/python3.10/site-packages/nmma/em/analysis.py", line 1028, in main
    sys.exit(main())
  File "/home/thussenot/.conda/envs/multinest/lib/python3.10/site-packages/nmma/em/analysis.py", line 1028, in main
    sys.exit(main())
  File "/home/thussenot/.conda/envs/multinest/lib/python3.10/site-packages/nmma/em/analysis.py", line 1028, in main
    sys.exit(main())
  File "/home/thussenot/.conda/envs/multinest/lib/python3.10/site-packages/nmma/em/analysis.py", line 1028, in main
    sys.exit(main())
  File "/home/thussenot/.conda/envs/multinest/lib/python3.10/site-packages/nmma/em/analysis.py", line 1028, in main
    sys.exit(main())
  File "/home/thussenot/.conda/envs/multinest/lib/python3.10/site-packages/nmma/em/analysis.py", line 1028, in main
    sys.exit(main())
  File "/home/thussenot/.conda/envs/multinest/lib/python3.10/site-packages/nmma/em/analysis.py", line 1028, in main
    sys.exit(main())
  File "/home/thussenot/.conda/envs/multinest/lib/python3.10/site-packages/nmma/em/analysis.py", line 1028, in main
    sys.exit(main())
  File "/home/thussenot/.conda/envs/multinest/lib/python3.10/site-packages/nmma/em/analysis.py", line 1028, in main
    sys.exit(main())
  File "/home/thussenot/.conda/envs/multinest/lib/python3.10/site-packages/nmma/em/analysis.py", line 1028, in main
    sys.exit(main())
  File "/home/thussenot/.conda/envs/multinest/lib/python3.10/site-packages/nmma/em/analysis.py", line 1028, in main
    sys.exit(main())
  File "/home/thussenot/.conda/envs/multinest/lib/python3.10/site-packages/nmma/em/analysis.py", line 1028, in main
    sys.exit(main())
  File "/home/thussenot/.conda/envs/multinest/lib/python3.10/site-packages/nmma/em/analysis.py", line 1028, in main
    sys.exit(main())
  File "/home/thussenot/.conda/envs/multinest/lib/python3.10/site-packages/nmma/em/analysis.py", line 1028, in main
    analysis(args)
  File "/home/thussenot/.conda/envs/multinest/lib/python3.10/site-packages/nmma/em/analysis.py", line 712, in analysis
    analysis(args)
  File "/home/thussenot/.conda/envs/multinest/lib/python3.10/site-packages/nmma/em/analysis.py", line 712, in analysis
    analysis(args)
  File "/home/thussenot/.conda/envs/multinest/lib/python3.10/site-packages/nmma/em/analysis.py", line 712, in analysis
    analysis(args)
  File "/home/thussenot/.conda/envs/multinest/lib/python3.10/site-packages/nmma/em/analysis.py", line 712, in analysis
    analysis(args)
  File "/home/thussenot/.conda/envs/multinest/lib/python3.10/site-packages/nmma/em/analysis.py", line 712, in analysis
    analysis(args)
  File "/home/thussenot/.conda/envs/multinest/lib/python3.10/site-packages/nmma/em/analysis.py", line 712, in analysis
    analysis(args)
  File "/home/thussenot/.conda/envs/multinest/lib/python3.10/site-packages/nmma/em/analysis.py", line 712, in analysis
    analysis(args)
  File "/home/thussenot/.conda/envs/multinest/lib/python3.10/site-packages/nmma/em/analysis.py", line 712, in analysis
    analysis(args)
  File "/home/thussenot/.conda/envs/multinest/lib/python3.10/site-packages/nmma/em/analysis.py", line 712, in analysis
    analysis(args)
  File "/home/thussenot/.conda/envs/multinest/lib/python3.10/site-packages/nmma/em/analysis.py", line 712, in analysis
    analysis(args)
  File "/home/thussenot/.conda/envs/multinest/lib/python3.10/site-packages/nmma/em/analysis.py", line 712, in analysis
    analysis(args)
  File "/home/thussenot/.conda/envs/multinest/lib/python3.10/site-packages/nmma/em/analysis.py", line 712, in analysis
    analysis(args)
  File "/home/thussenot/.conda/envs/multinest/lib/python3.10/site-packages/nmma/em/analysis.py", line 712, in analysis
    analysis(args)
  File "/home/thussenot/.conda/envs/multinest/lib/python3.10/site-packages/nmma/em/analysis.py", line 712, in analysis
    analysis(args)
  File "/home/thussenot/.conda/envs/multinest/lib/python3.10/site-packages/nmma/em/analysis.py", line 712, in analysis
    analysis(args)
  File "/home/thussenot/.conda/envs/multinest/lib/python3.10/site-packages/nmma/em/analysis.py", line 712, in analysis
    analysis(args)
  File "/home/thussenot/.conda/envs/multinest/lib/python3.10/site-packages/nmma/em/analysis.py", line 712, in analysis
    analysis(args)
  File "/home/thussenot/.conda/envs/multinest/lib/python3.10/site-packages/nmma/em/analysis.py", line 712, in analysis
    analysis(args)
  File "/home/thussenot/.conda/envs/multinest/lib/python3.10/site-packages/nmma/em/analysis.py", line 712, in analysis
    result = bilby.run_sampler(
  File "/home/thussenot/.conda/envs/multinest/lib/python3.10/site-packages/bilby/core/sampler/__init__.py", line 262, in run_sampler
    result = bilby.run_sampler(
  File "/home/thussenot/.conda/envs/multinest/lib/python3.10/site-packages/bilby/core/sampler/__init__.py", line 262, in run_sampler
    result = bilby.run_sampler(
  File "/home/thussenot/.conda/envs/multinest/lib/python3.10/site-packages/bilby/core/sampler/__init__.py", line 262, in run_sampler
    result = bilby.run_sampler(
  File "/home/thussenot/.conda/envs/multinest/lib/python3.10/site-packages/bilby/core/sampler/__init__.py", line 262, in run_sampler
    result = bilby.run_sampler(
  File "/home/thussenot/.conda/envs/multinest/lib/python3.10/site-packages/bilby/core/sampler/__init__.py", line 262, in run_sampler
    result = bilby.run_sampler(
  File "/home/thussenot/.conda/envs/multinest/lib/python3.10/site-packages/bilby/core/sampler/__init__.py", line 262, in run_sampler
    result = bilby.run_sampler(
  File "/home/thussenot/.conda/envs/multinest/lib/python3.10/site-packages/bilby/core/sampler/__init__.py", line 262, in run_sampler
    result = bilby.run_sampler(
  File "/home/thussenot/.conda/envs/multinest/lib/python3.10/site-packages/bilby/core/sampler/__init__.py", line 262, in run_sampler
    result = bilby.run_sampler(
  File "/home/thussenot/.conda/envs/multinest/lib/python3.10/site-packages/bilby/core/sampler/__init__.py", line 262, in run_sampler
    result = bilby.run_sampler(
  File "/home/thussenot/.conda/envs/multinest/lib/python3.10/site-packages/bilby/core/sampler/__init__.py", line 262, in run_sampler
    result = bilby.run_sampler(
  File "/home/thussenot/.conda/envs/multinest/lib/python3.10/site-packages/bilby/core/sampler/__init__.py", line 262, in run_sampler
    result = bilby.run_sampler(
  File "/home/thussenot/.conda/envs/multinest/lib/python3.10/site-packages/bilby/core/sampler/__init__.py", line 262, in run_sampler
    result = bilby.run_sampler(
  File "/home/thussenot/.conda/envs/multinest/lib/python3.10/site-packages/bilby/core/sampler/__init__.py", line 262, in run_sampler
    result = bilby.run_sampler(
  File "/home/thussenot/.conda/envs/multinest/lib/python3.10/site-packages/bilby/core/sampler/__init__.py", line 262, in run_sampler
    result = bilby.run_sampler(
  File "/home/thussenot/.conda/envs/multinest/lib/python3.10/site-packages/bilby/core/sampler/__init__.py", line 262, in run_sampler
    result = bilby.run_sampler(
  File "/home/thussenot/.conda/envs/multinest/lib/python3.10/site-packages/bilby/core/sampler/__init__.py", line 262, in run_sampler
    result = bilby.run_sampler(
  File "/home/thussenot/.conda/envs/multinest/lib/python3.10/site-packages/bilby/core/sampler/__init__.py", line 262, in run_sampler
    result = bilby.run_sampler(
  File "/home/thussenot/.conda/envs/multinest/lib/python3.10/site-packages/bilby/core/sampler/__init__.py", line 262, in run_sampler
    result = bilby.run_sampler(
  File "/home/thussenot/.conda/envs/multinest/lib/python3.10/site-packages/bilby/core/sampler/__init__.py", line 262, in run_sampler
    result.save_to_file(extension=save, gzip=gzip, outdir=outdir)
  File "/home/thussenot/.conda/envs/multinest/lib/python3.10/site-packages/bilby/core/result.py", line 783, in save_to_file
    result.save_to_file(extension=save, gzip=gzip, outdir=outdir)
  File "/home/thussenot/.conda/envs/multinest/lib/python3.10/site-packages/bilby/core/result.py", line 783, in save_to_file
    result.save_to_file(extension=save, gzip=gzip, outdir=outdir)
  File "/home/thussenot/.conda/envs/multinest/lib/python3.10/site-packages/bilby/core/result.py", line 783, in save_to_file
    result.save_to_file(extension=save, gzip=gzip, outdir=outdir)
    result.save_to_file(extension=save, gzip=gzip, outdir=outdir)
  File "/home/thussenot/.conda/envs/multinest/lib/python3.10/site-packages/bilby/core/result.py", line 783, in save_to_file
    result.save_to_file(extension=save, gzip=gzip, outdir=outdir)
  File "/home/thussenot/.conda/envs/multinest/lib/python3.10/site-packages/bilby/core/result.py", line 783, in save_to_file
    result.save_to_file(extension=save, gzip=gzip, outdir=outdir)
  File "/home/thussenot/.conda/envs/multinest/lib/python3.10/site-packages/bilby/core/result.py", line 783, in save_to_file
    result.save_to_file(extension=save, gzip=gzip, outdir=outdir)
  File "/home/thussenot/.conda/envs/multinest/lib/python3.10/site-packages/bilby/core/result.py", line 783, in save_to_file
    result.save_to_file(extension=save, gzip=gzip, outdir=outdir)
  File "/home/thussenot/.conda/envs/multinest/lib/python3.10/site-packages/bilby/core/result.py", line 783, in save_to_file
    result.save_to_file(extension=save, gzip=gzip, outdir=outdir)
  File "/home/thussenot/.conda/envs/multinest/lib/python3.10/site-packages/bilby/core/result.py", line 783, in save_to_file
    result.save_to_file(extension=save, gzip=gzip, outdir=outdir)
  File "/home/thussenot/.conda/envs/multinest/lib/python3.10/site-packages/bilby/core/result.py", line 783, in save_to_file
    result.save_to_file(extension=save, gzip=gzip, outdir=outdir)
  File "/home/thussenot/.conda/envs/multinest/lib/python3.10/site-packages/bilby/core/result.py", line 783, in save_to_file
    result.save_to_file(extension=save, gzip=gzip, outdir=outdir)
  File "/home/thussenot/.conda/envs/multinest/lib/python3.10/site-packages/bilby/core/result.py", line 783, in save_to_file
    result.save_to_file(extension=save, gzip=gzip, outdir=outdir)
  File "/home/thussenot/.conda/envs/multinest/lib/python3.10/site-packages/bilby/core/result.py", line 783, in save_to_file
    result.save_to_file(extension=save, gzip=gzip, outdir=outdir)
  File "/home/thussenot/.conda/envs/multinest/lib/python3.10/site-packages/bilby/core/result.py", line 783, in save_to_file
    result.save_to_file(extension=save, gzip=gzip, outdir=outdir)
  File "/home/thussenot/.conda/envs/multinest/lib/python3.10/site-packages/bilby/core/result.py", line 783, in save_to_file
    result.save_to_file(extension=save, gzip=gzip, outdir=outdir)
  File "/home/thussenot/.conda/envs/multinest/lib/python3.10/site-packages/bilby/core/result.py", line 783, in save_to_file
    result.save_to_file(extension=save, gzip=gzip, outdir=outdir)
  File "/home/thussenot/.conda/envs/multinest/lib/python3.10/site-packages/bilby/core/result.py", line 783, in save_to_file
    result.save_to_file(extension=save, gzip=gzip, outdir=outdir)
  File "/home/thussenot/.conda/envs/multinest/lib/python3.10/site-packages/bilby/core/result.py", line 783, in save_to_file
  File "/home/thussenot/.conda/envs/multinest/lib/python3.10/site-packages/bilby/core/result.py", line 783, in save_to_file
    move_old_file(filename, overwrite)
  File "/home/thussenot/.conda/envs/multinest/lib/python3.10/site-packages/bilby/core/utils/io.py", line 411, in move_old_file
    move_old_file(filename, overwrite)
  File "/home/thussenot/.conda/envs/multinest/lib/python3.10/site-packages/bilby/core/utils/io.py", line 411, in move_old_file
    move_old_file(filename, overwrite)
  File "/home/thussenot/.conda/envs/multinest/lib/python3.10/site-packages/bilby/core/utils/io.py", line 411, in move_old_file
    move_old_file(filename, overwrite)
    move_old_file(filename, overwrite)
  File "/home/thussenot/.conda/envs/multinest/lib/python3.10/site-packages/bilby/core/utils/io.py", line 411, in move_old_file
    move_old_file(filename, overwrite)
  File "/home/thussenot/.conda/envs/multinest/lib/python3.10/site-packages/bilby/core/utils/io.py", line 411, in move_old_file
    move_old_file(filename, overwrite)
  File "/home/thussenot/.conda/envs/multinest/lib/python3.10/site-packages/bilby/core/utils/io.py", line 411, in move_old_file
    move_old_file(filename, overwrite)
  File "/home/thussenot/.conda/envs/multinest/lib/python3.10/site-packages/bilby/core/utils/io.py", line 411, in move_old_file
    move_old_file(filename, overwrite)
  File "/home/thussenot/.conda/envs/multinest/lib/python3.10/site-packages/bilby/core/utils/io.py", line 411, in move_old_file
    move_old_file(filename, overwrite)
  File "/home/thussenot/.conda/envs/multinest/lib/python3.10/site-packages/bilby/core/utils/io.py", line 411, in move_old_file
    move_old_file(filename, overwrite)
  File "/home/thussenot/.conda/envs/multinest/lib/python3.10/site-packages/bilby/core/utils/io.py", line 411, in move_old_file
    move_old_file(filename, overwrite)
  File "/home/thussenot/.conda/envs/multinest/lib/python3.10/site-packages/bilby/core/utils/io.py", line 411, in move_old_file
    move_old_file(filename, overwrite)
  File "/home/thussenot/.conda/envs/multinest/lib/python3.10/site-packages/bilby/core/utils/io.py", line 411, in move_old_file
    move_old_file(filename, overwrite)
  File "/home/thussenot/.conda/envs/multinest/lib/python3.10/site-packages/bilby/core/utils/io.py", line 411, in move_old_file
    move_old_file(filename, overwrite)
  File "/home/thussenot/.conda/envs/multinest/lib/python3.10/site-packages/bilby/core/utils/io.py", line 411, in move_old_file
    move_old_file(filename, overwrite)
  File "/home/thussenot/.conda/envs/multinest/lib/python3.10/site-packages/bilby/core/utils/io.py", line 411, in move_old_file
    move_old_file(filename, overwrite)
  File "/home/thussenot/.conda/envs/multinest/lib/python3.10/site-packages/bilby/core/utils/io.py", line 411, in move_old_file
    move_old_file(filename, overwrite)
  File "/home/thussenot/.conda/envs/multinest/lib/python3.10/site-packages/bilby/core/utils/io.py", line 411, in move_old_file
    move_old_file(filename, overwrite)
  File "/home/thussenot/.conda/envs/multinest/lib/python3.10/site-packages/bilby/core/utils/io.py", line 411, in move_old_file
  File "/home/thussenot/.conda/envs/multinest/lib/python3.10/site-packages/bilby/core/utils/io.py", line 411, in move_old_file
    shutil.move(filename, filename + ".old")
  File "/home/thussenot/.conda/envs/multinest/lib/python3.10/shutil.py", line 836, in move
    shutil.move(filename, filename + ".old")
  File "/home/thussenot/.conda/envs/multinest/lib/python3.10/shutil.py", line 836, in move
    shutil.move(filename, filename + ".old")
  File "/home/thussenot/.conda/envs/multinest/lib/python3.10/shutil.py", line 836, in move
    shutil.move(filename, filename + ".old")
  File "/home/thussenot/.conda/envs/multinest/lib/python3.10/shutil.py", line 836, in move
    shutil.move(filename, filename + ".old")
  File "/home/thussenot/.conda/envs/multinest/lib/python3.10/shutil.py", line 836, in move
    shutil.move(filename, filename + ".old")
    shutil.move(filename, filename + ".old")
  File "/home/thussenot/.conda/envs/multinest/lib/python3.10/shutil.py", line 836, in move
    shutil.move(filename, filename + ".old")
  File "/home/thussenot/.conda/envs/multinest/lib/python3.10/shutil.py", line 836, in move
    shutil.move(filename, filename + ".old")
  File "/home/thussenot/.conda/envs/multinest/lib/python3.10/shutil.py", line 836, in move
    shutil.move(filename, filename + ".old")
  File "/home/thussenot/.conda/envs/multinest/lib/python3.10/shutil.py", line 836, in move
    shutil.move(filename, filename + ".old")
  File "/home/thussenot/.conda/envs/multinest/lib/python3.10/shutil.py", line 836, in move
    shutil.move(filename, filename + ".old")
  File "/home/thussenot/.conda/envs/multinest/lib/python3.10/shutil.py", line 836, in move
    shutil.move(filename, filename + ".old")
  File "/home/thussenot/.conda/envs/multinest/lib/python3.10/shutil.py", line 836, in move
    shutil.move(filename, filename + ".old")
  File "/home/thussenot/.conda/envs/multinest/lib/python3.10/shutil.py", line 836, in move
    shutil.move(filename, filename + ".old")
  File "/home/thussenot/.conda/envs/multinest/lib/python3.10/shutil.py", line 836, in move
    shutil.move(filename, filename + ".old")
  File "/home/thussenot/.conda/envs/multinest/lib/python3.10/shutil.py", line 836, in move
    shutil.move(filename, filename + ".old")
  File "/home/thussenot/.conda/envs/multinest/lib/python3.10/shutil.py", line 836, in move
    shutil.move(filename, filename + ".old")
  File "/home/thussenot/.conda/envs/multinest/lib/python3.10/shutil.py", line 836, in move
  File "/home/thussenot/.conda/envs/multinest/lib/python3.10/shutil.py", line 836, in move
    shutil.move(filename, filename + ".old")
  File "/home/thussenot/.conda/envs/multinest/lib/python3.10/shutil.py", line 836, in move
    copy_function(src, real_dst)
  File "/home/thussenot/.conda/envs/multinest/lib/python3.10/shutil.py", line 434, in copy2
    copy_function(src, real_dst)
  File "/home/thussenot/.conda/envs/multinest/lib/python3.10/shutil.py", line 434, in copy2
    copy_function(src, real_dst)
  File "/home/thussenot/.conda/envs/multinest/lib/python3.10/shutil.py", line 434, in copy2
    copy_function(src, real_dst)
  File "/home/thussenot/.conda/envs/multinest/lib/python3.10/shutil.py", line 434, in copy2
    copy_function(src, real_dst)
  File "/home/thussenot/.conda/envs/multinest/lib/python3.10/shutil.py", line 434, in copy2
    copy_function(src, real_dst)
    copy_function(src, real_dst)
  File "/home/thussenot/.conda/envs/multinest/lib/python3.10/shutil.py", line 434, in copy2
    copy_function(src, real_dst)
  File "/home/thussenot/.conda/envs/multinest/lib/python3.10/shutil.py", line 434, in copy2
    copy_function(src, real_dst)
  File "/home/thussenot/.conda/envs/multinest/lib/python3.10/shutil.py", line 434, in copy2
    copy_function(src, real_dst)
  File "/home/thussenot/.conda/envs/multinest/lib/python3.10/shutil.py", line 434, in copy2
    copy_function(src, real_dst)
  File "/home/thussenot/.conda/envs/multinest/lib/python3.10/shutil.py", line 434, in copy2
    copy_function(src, real_dst)
  File "/home/thussenot/.conda/envs/multinest/lib/python3.10/shutil.py", line 434, in copy2
    copy_function(src, real_dst)
  File "/home/thussenot/.conda/envs/multinest/lib/python3.10/shutil.py", line 434, in copy2
    copy_function(src, real_dst)
  File "/home/thussenot/.conda/envs/multinest/lib/python3.10/shutil.py", line 434, in copy2
    copy_function(src, real_dst)
  File "/home/thussenot/.conda/envs/multinest/lib/python3.10/shutil.py", line 434, in copy2
    copyfile(src, dst, follow_symlinks=follow_symlinks)
  File "/home/thussenot/.conda/envs/multinest/lib/python3.10/shutil.py", line 234, in copyfile
    copy_function(src, real_dst)
  File "/home/thussenot/.conda/envs/multinest/lib/python3.10/shutil.py", line 434, in copy2
    copy_function(src, real_dst)
    copy_function(src, real_dst)
  File "/home/thussenot/.conda/envs/multinest/lib/python3.10/shutil.py", line 434, in copy2
    copy_function(src, real_dst)
  File "/home/thussenot/.conda/envs/multinest/lib/python3.10/shutil.py", line 434, in copy2
  File "/home/thussenot/.conda/envs/multinest/lib/python3.10/shutil.py", line 434, in copy2
  File "/home/thussenot/.conda/envs/multinest/lib/python3.10/shutil.py", line 434, in copy2
    copyfile(src, dst, follow_symlinks=follow_symlinks)
  File "/home/thussenot/.conda/envs/multinest/lib/python3.10/shutil.py", line 234, in copyfile
    copyfile(src, dst, follow_symlinks=follow_symlinks)
  File "/home/thussenot/.conda/envs/multinest/lib/python3.10/shutil.py", line 234, in copyfile
    copyfile(src, dst, follow_symlinks=follow_symlinks)
  File "/home/thussenot/.conda/envs/multinest/lib/python3.10/shutil.py", line 234, in copyfile
    copyfile(src, dst, follow_symlinks=follow_symlinks)
  File "/home/thussenot/.conda/envs/multinest/lib/python3.10/shutil.py", line 234, in copyfile
    copyfile(src, dst, follow_symlinks=follow_symlinks)
  File "/home/thussenot/.conda/envs/multinest/lib/python3.10/shutil.py", line 234, in copyfile
    raise SameFileError("{!r} and {!r} are the same file".format(src, dst))
    copyfile(src, dst, follow_symlinks=follow_symlinks)
  File "/home/thussenot/.conda/envs/multinest/lib/python3.10/shutil.py", line 234, in copyfile
    copyfile(src, dst, follow_symlinks=follow_symlinks)
  File "/home/thussenot/.conda/envs/multinest/lib/python3.10/shutil.py", line 234, in copyfile
    copyfile(src, dst, follow_symlinks=follow_symlinks)
  File "/home/thussenot/.conda/envs/multinest/lib/python3.10/shutil.py", line 234, in copyfile
    copyfile(src, dst, follow_symlinks=follow_symlinks)
  File "/home/thussenot/.conda/envs/multinest/lib/python3.10/shutil.py", line 234, in copyfile
    raise SameFileError("{!r} and {!r} are the same file".format(src, dst))
shutil.SameFileError: 'outdirBNSKa32cores/AT170817_result.json' and 'outdirBNSKa32cores/AT170817_result.json.old' are the same file
shutil.SameFileError: 'outdirBNSKa32cores/AT170817_result.json' and 'outdirBNSKa32cores/AT170817_result.json.old' are the same file
    copyfile(src, dst, follow_symlinks=follow_symlinks)
  File "/home/thussenot/.conda/envs/multinest/lib/python3.10/shutil.py", line 234, in copyfile
    copyfile(src, dst, follow_symlinks=follow_symlinks)
  File "/home/thussenot/.conda/envs/multinest/lib/python3.10/shutil.py", line 234, in copyfile
    copyfile(src, dst, follow_symlinks=follow_symlinks)
  File "/home/thussenot/.conda/envs/multinest/lib/python3.10/shutil.py", line 234, in copyfile
    copyfile(src, dst, follow_symlinks=follow_symlinks)
  File "/home/thussenot/.conda/envs/multinest/lib/python3.10/shutil.py", line 234, in copyfile
    copyfile(src, dst, follow_symlinks=follow_symlinks)
  File "/home/thussenot/.conda/envs/multinest/lib/python3.10/shutil.py", line 234, in copyfile
    copyfile(src, dst, follow_symlinks=follow_symlinks)
  File "/home/thussenot/.conda/envs/multinest/lib/python3.10/shutil.py", line 234, in copyfile
    copyfile(src, dst, follow_symlinks=follow_symlinks)
  File "/home/thussenot/.conda/envs/multinest/lib/python3.10/shutil.py", line 234, in copyfile
    copyfile(src, dst, follow_symlinks=follow_symlinks)
  File "/home/thussenot/.conda/envs/multinest/lib/python3.10/shutil.py", line 234, in copyfile
    raise SameFileError("{!r} and {!r} are the same file".format(src, dst))
shutil.SameFileError: 'outdirBNSKa32cores/AT170817_result.json' and 'outdirBNSKa32cores/AT170817_result.json.old' are the same file
    copyfile(src, dst, follow_symlinks=follow_symlinks)
  File "/home/thussenot/.conda/envs/multinest/lib/python3.10/shutil.py", line 234, in copyfile
    raise SameFileError("{!r} and {!r} are the same file".format(src, dst))
shutil.SameFileError: 'outdirBNSKa32cores/AT170817_result.json' and 'outdirBNSKa32cores/AT170817_result.json.old' are the same file
    raise SameFileError("{!r} and {!r} are the same file".format(src, dst))
shutil.SameFileError: 'outdirBNSKa32cores/AT170817_result.json' and 'outdirBNSKa32cores/AT170817_result.json.old' are the same file
    raise SameFileError("{!r} and {!r} are the same file".format(src, dst))
shutil.SameFileError: 'outdirBNSKa32cores/AT170817_result.json' and 'outdirBNSKa32cores/AT170817_result.json.old' are the same file
    raise SameFileError("{!r} and {!r} are the same file".format(src, dst))
shutil.SameFileError: 'outdirBNSKa32cores/AT170817_result.json' and 'outdirBNSKa32cores/AT170817_result.json.old' are the same file
    raise SameFileError("{!r} and {!r} are the same file".format(src, dst))
shutil.SameFileError: 'outdirBNSKa32cores/AT170817_result.json' and 'outdirBNSKa32cores/AT170817_result.json.old' are the same file
    raise SameFileError("{!r} and {!r} are the same file".format(src, dst))
shutil.SameFileError: 'outdirBNSKa32cores/AT170817_result.json' and 'outdirBNSKa32cores/AT170817_result.json.old' are the same file
    raise SameFileError("{!r} and {!r} are the same file".format(src, dst))
shutil.SameFileError: 'outdirBNSKa32cores/AT170817_result.json' and 'outdirBNSKa32cores/AT170817_result.json.old' are the same file
    raise SameFileError("{!r} and {!r} are the same file".format(src, dst))
shutil.SameFileError: 'outdirBNSKa32cores/AT170817_result.json' and 'outdirBNSKa32cores/AT170817_result.json.old' are the same file
    raise SameFileError("{!r} and {!r} are the same file".format(src, dst))
    raise SameFileError("{!r} and {!r} are the same file".format(src, dst))
shutil.SameFileError: 'outdirBNSKa32cores/AT170817_result.json' and 'outdirBNSKa32cores/AT170817_result.json.old' are the same file
    raise SameFileError("{!r} and {!r} are the same file".format(src, dst))
shutil.SameFileError: 'outdirBNSKa32cores/AT170817_result.json' and 'outdirBNSKa32cores/AT170817_result.json.old' are the same file
    raise SameFileError("{!r} and {!r} are the same file".format(src, dst))
shutil.SameFileError: 'outdirBNSKa32cores/AT170817_result.json' and 'outdirBNSKa32cores/AT170817_result.json.old' are the same file
    raise SameFileError("{!r} and {!r} are the same file".format(src, dst))
shutil.SameFileError: 'outdirBNSKa32cores/AT170817_result.json' and 'outdirBNSKa32cores/AT170817_result.json.old' are the same file
    raise SameFileError("{!r} and {!r} are the same file".format(src, dst))
shutil.SameFileError: 'outdirBNSKa32cores/AT170817_result.json' and 'outdirBNSKa32cores/AT170817_result.json.old' are the same file
    raise SameFileError("{!r} and {!r} are the same file".format(src, dst))
shutil.SameFileError: 'outdirBNSKa32cores/AT170817_result.json' and 'outdirBNSKa32cores/AT170817_result.json.old' are the same file
shutil.SameFileError: 'outdirBNSKa32cores/AT170817_result.json' and 'outdirBNSKa32cores/AT170817_result.json.old' are the same file
    raise SameFileError("{!r} and {!r} are the same file".format(src, dst))
shutil.SameFileError: 'outdirBNSKa32cores/AT170817_result.json' and 'outdirBNSKa32cores/AT170817_result.json.old' are the same file
Traceback (most recent call last):
  File "/home/thussenot/.conda/envs/multinest/lib/python3.10/shutil.py", line 816, in move
Traceback (most recent call last):
  File "/home/thussenot/.conda/envs/multinest/lib/python3.10/shutil.py", line 816, in move
Traceback (most recent call last):
  File "/home/thussenot/.conda/envs/multinest/lib/python3.10/shutil.py", line 816, in move
    os.rename(src, real_dst)
FileNotFoundError: [Errno 2] No such file or directory: 'outdirBNSKa32cores/AT170817_result.json' -> 'outdirBNSKa32cores/AT170817_result.json.old'

During handling of the above exception, another exception occurred:

Traceback (most recent call last):
  File "/home/thussenot/.conda/envs/multinest/bin/lightcurve-analysis", line 8, in <module>
    os.rename(src, real_dst)
FileNotFoundError: [Errno 2] No such file or directory: 'outdirBNSKa32cores/AT170817_result.json' -> 'outdirBNSKa32cores/AT170817_result.json.old'

During handling of the above exception, another exception occurred:

Traceback (most recent call last):
  File "/home/thussenot/.conda/envs/multinest/bin/lightcurve-analysis", line 8, in <module>
    sys.exit(main())
  File "/home/thussenot/.conda/envs/multinest/lib/python3.10/site-packages/nmma/em/analysis.py", line 1028, in main
    os.rename(src, real_dst)
FileNotFoundError: [Errno 2] No such file or directory: 'outdirBNSKa32cores/AT170817_result.json' -> 'outdirBNSKa32cores/AT170817_result.json.old'

During handling of the above exception, another exception occurred:

Traceback (most recent call last):
  File "/home/thussenot/.conda/envs/multinest/bin/lightcurve-analysis", line 8, in <module>
    sys.exit(main())
  File "/home/thussenot/.conda/envs/multinest/lib/python3.10/site-packages/nmma/em/analysis.py", line 1028, in main
    sys.exit(main())
  File "/home/thussenot/.conda/envs/multinest/lib/python3.10/site-packages/nmma/em/analysis.py", line 1028, in main
    analysis(args)
  File "/home/thussenot/.conda/envs/multinest/lib/python3.10/site-packages/nmma/em/analysis.py", line 712, in analysis
    analysis(args)
  File "/home/thussenot/.conda/envs/multinest/lib/python3.10/site-packages/nmma/em/analysis.py", line 712, in analysis
    analysis(args)
  File "/home/thussenot/.conda/envs/multinest/lib/python3.10/site-packages/nmma/em/analysis.py", line 712, in analysis
    result = bilby.run_sampler(
  File "/home/thussenot/.conda/envs/multinest/lib/python3.10/site-packages/bilby/core/sampler/__init__.py", line 262, in run_sampler
    result = bilby.run_sampler(
  File "/home/thussenot/.conda/envs/multinest/lib/python3.10/site-packages/bilby/core/sampler/__init__.py", line 262, in run_sampler
    result = bilby.run_sampler(
  File "/home/thussenot/.conda/envs/multinest/lib/python3.10/site-packages/bilby/core/sampler/__init__.py", line 262, in run_sampler
    result.save_to_file(extension=save, gzip=gzip, outdir=outdir)
  File "/home/thussenot/.conda/envs/multinest/lib/python3.10/site-packages/bilby/core/result.py", line 783, in save_to_file
    result.save_to_file(extension=save, gzip=gzip, outdir=outdir)
  File "/home/thussenot/.conda/envs/multinest/lib/python3.10/site-packages/bilby/core/result.py", line 783, in save_to_file
    result.save_to_file(extension=save, gzip=gzip, outdir=outdir)
  File "/home/thussenot/.conda/envs/multinest/lib/python3.10/site-packages/bilby/core/result.py", line 783, in save_to_file
    move_old_file(filename, overwrite)
  File "/home/thussenot/.conda/envs/multinest/lib/python3.10/site-packages/bilby/core/utils/io.py", line 411, in move_old_file
    move_old_file(filename, overwrite)
  File "/home/thussenot/.conda/envs/multinest/lib/python3.10/site-packages/bilby/core/utils/io.py", line 411, in move_old_file
    move_old_file(filename, overwrite)
  File "/home/thussenot/.conda/envs/multinest/lib/python3.10/site-packages/bilby/core/utils/io.py", line 411, in move_old_file
    shutil.move(filename, filename + ".old")
  File "/home/thussenot/.conda/envs/multinest/lib/python3.10/shutil.py", line 836, in move
    shutil.move(filename, filename + ".old")
  File "/home/thussenot/.conda/envs/multinest/lib/python3.10/shutil.py", line 836, in move
    shutil.move(filename, filename + ".old")
  File "/home/thussenot/.conda/envs/multinest/lib/python3.10/shutil.py", line 836, in move
    copy_function(src, real_dst)
  File "/home/thussenot/.conda/envs/multinest/lib/python3.10/shutil.py", line 434, in copy2
    copy_function(src, real_dst)
  File "/home/thussenot/.conda/envs/multinest/lib/python3.10/shutil.py", line 434, in copy2
    copy_function(src, real_dst)
  File "/home/thussenot/.conda/envs/multinest/lib/python3.10/shutil.py", line 434, in copy2
    copyfile(src, dst, follow_symlinks=follow_symlinks)
  File "/home/thussenot/.conda/envs/multinest/lib/python3.10/shutil.py", line 254, in copyfile
    copyfile(src, dst, follow_symlinks=follow_symlinks)
  File "/home/thussenot/.conda/envs/multinest/lib/python3.10/shutil.py", line 254, in copyfile
    copyfile(src, dst, follow_symlinks=follow_symlinks)
  File "/home/thussenot/.conda/envs/multinest/lib/python3.10/shutil.py", line 254, in copyfile
    with open(src, 'rb') as fsrc:
FileNotFoundError: [Errno 2] No such file or directory: 'outdirBNSKa32cores/AT170817_result.json'
    with open(src, 'rb') as fsrc:
FileNotFoundError: [Errno 2] No such file or directory: 'outdirBNSKa32cores/AT170817_result.json'
    with open(src, 'rb') as fsrc:
FileNotFoundError: [Errno 2] No such file or directory: 'outdirBNSKa32cores/AT170817_result.json'
09:51 bilby ERROR   : 

Saving the data has failed with the following message:
[Errno 116] Stale file handle
Data has been dumped to outdirBNSKa32cores/AT170817_result.pkl.


09:51 bilby ERROR   : 

Saving the data has failed with the following message:
[Errno 116] Stale file handle
Data has been dumped to outdirBNSKa32cores/AT170817_result.pkl.


Traceback (most recent call last):
  File "/home/thussenot/.conda/envs/multinest/bin/lightcurve-analysis", line 8, in <module>
    sys.exit(main())
  File "/home/thussenot/.conda/envs/multinest/lib/python3.10/site-packages/nmma/em/analysis.py", line 1028, in main
    analysis(args)
  File "/home/thussenot/.conda/envs/multinest/lib/python3.10/site-packages/nmma/em/analysis.py", line 712, in analysis
    result = bilby.run_sampler(
  File "/home/thussenot/.conda/envs/multinest/lib/python3.10/site-packages/bilby/core/sampler/__init__.py", line 278, in run_sampler
    result.save_to_file(overwrite=True, extension=save, gzip=gzip, outdir=outdir)
  File "/home/thussenot/.conda/envs/multinest/lib/python3.10/site-packages/bilby/core/result.py", line 783, in save_to_file
    move_old_file(filename, overwrite)
  File "/home/thussenot/.conda/envs/multinest/lib/python3.10/site-packages/bilby/core/utils/io.py", line 406, in move_old_file
    os.remove(filename)
FileNotFoundError: [Errno 2] No such file or directory: 'outdirBNSKa32cores/AT170817_result.json'
Traceback (most recent call last):
  File "/home/thussenot/.conda/envs/multinest/lib/python3.10/site-packages/bilby/core/result.py", line 806, in save_to_file
Traceback (most recent call last):
  File "/home/thussenot/.conda/envs/multinest/lib/python3.10/site-packages/bilby/core/result.py", line 806, in save_to_file
OSError: [Errno 5] Input/output error

During handling of the above exception, another exception occurred:

Traceback (most recent call last):
  File "/home/thussenot/.conda/envs/multinest/lib/python3.10/site-packages/bilby/core/result.py", line 805, in save_to_file
Traceback (most recent call last):
  File "/home/thussenot/.conda/envs/multinest/lib/python3.10/site-packages/bilby/core/result.py", line 806, in save_to_file
    json.dump(dictionary, file, indent=2, cls=BilbyJsonEncoder)
  File "/home/thussenot/.conda/envs/multinest/lib/python3.10/json/__init__.py", line 180, in dump
    with open(filename, 'w') as file:
OSError: [Errno 116] Stale file handle

During handling of the above exception, another exception occurred:

Traceback (most recent call last):
    json.dump(dictionary, file, indent=2, cls=BilbyJsonEncoder)
  File "/home/thussenot/.conda/envs/multinest/lib/python3.10/json/__init__.py", line 180, in dump
  File "/home/thussenot/.conda/envs/multinest/lib/python3.10/shutil.py", line 816, in move
    json.dump(dictionary, file, indent=2, cls=BilbyJsonEncoder)
  File "/home/thussenot/.conda/envs/multinest/lib/python3.10/json/__init__.py", line 180, in dump
    os.rename(src, real_dst)
FileNotFoundError: [Errno 2] No such file or directory: 'outdirBNSKa32cores/AT170817_result.pkl.temp' -> 'outdirBNSKa32cores/AT170817_result.pkl'

During handling of the above exception, another exception occurred:

Traceback (most recent call last):
  File "/home/thussenot/.conda/envs/multinest/bin/lightcurve-analysis", line 8, in <module>
    sys.exit(main())
  File "/home/thussenot/.conda/envs/multinest/lib/python3.10/site-packages/nmma/em/analysis.py", line 1028, in main
    analysis(args)
  File "/home/thussenot/.conda/envs/multinest/lib/python3.10/site-packages/nmma/em/analysis.py", line 712, in analysis
    result = bilby.run_sampler(
  File "/home/thussenot/.conda/envs/multinest/lib/python3.10/site-packages/bilby/core/sampler/__init__.py", line 262, in run_sampler
    result.save_to_file(extension=save, gzip=gzip, outdir=outdir)
  File "/home/thussenot/.conda/envs/multinest/lib/python3.10/site-packages/bilby/core/result.py", line 819, in save_to_file
    safe_file_dump(self, filename, "dill")
  File "/home/thussenot/.conda/envs/multinest/lib/python3.10/site-packages/bilby/core/utils/io.py", line 389, in safe_file_dump
    shutil.move(temp_filename, filename)
  File "/home/thussenot/.conda/envs/multinest/lib/python3.10/shutil.py", line 836, in move
    copy_function(src, real_dst)
  File "/home/thussenot/.conda/envs/multinest/lib/python3.10/shutil.py", line 434, in copy2
    copyfile(src, dst, follow_symlinks=follow_symlinks)
  File "/home/thussenot/.conda/envs/multinest/lib/python3.10/shutil.py", line 254, in copyfile
    with open(src, 'rb') as fsrc:
FileNotFoundError: [Errno 2] No such file or directory: 'outdirBNSKa32cores/AT170817_result.pkl.temp'
    fp.write(chunk)
OSError: [Errno 5] Input/output error

During handling of the above exception, another exception occurred:

OSError: [Errno 5] Input/output error

During handling of the above exception, another exception occurred:

Traceback (most recent call last):
    fp.write(chunk)
OSError: [Errno 5] Input/output error

During handling of the above exception, another exception occurred:

OSError: [Errno 5] Input/output error

During handling of the above exception, another exception occurred:

Traceback (most recent call last):
  File "/home/thussenot/.conda/envs/multinest/lib/python3.10/site-packages/bilby/core/result.py", line 805, in save_to_file
    fp.write(chunk)
OSError: [Errno 5] Input/output error

During handling of the above exception, another exception occurred:

Traceback (most recent call last):
  File "/home/thussenot/.conda/envs/multinest/lib/python3.10/site-packages/bilby/core/result.py", line 805, in save_to_file
  File "/home/thussenot/.conda/envs/multinest/lib/python3.10/site-packages/bilby/core/result.py", line 805, in save_to_file
    with open(filename, 'w') as file:
OSError: [Errno 116] Stale file handle

During handling of the above exception, another exception occurred:

Traceback (most recent call last):
  File "/home/thussenot/.conda/envs/multinest/lib/python3.10/shutil.py", line 816, in move
    with open(filename, 'w') as file:
OSError: [Errno 116] Stale file handle

During handling of the above exception, another exception occurred:

Traceback (most recent call last):
    with open(filename, 'w') as file:
OSError: [Errno 116] Stale file handle

During handling of the above exception, another exception occurred:

Traceback (most recent call last):
  File "/home/thussenot/.conda/envs/multinest/lib/python3.10/shutil.py", line 816, in move
  File "/home/thussenot/.conda/envs/multinest/lib/python3.10/shutil.py", line 816, in move
    os.rename(src, real_dst)
FileNotFoundError: [Errno 2] No such file or directory: 'outdirBNSKa32cores/AT170817_result.pkl.temp' -> 'outdirBNSKa32cores/AT170817_result.pkl'

During handling of the above exception, another exception occurred:

Traceback (most recent call last):
  File "/home/thussenot/.conda/envs/multinest/bin/lightcurve-analysis", line 8, in <module>
    sys.exit(main())
  File "/home/thussenot/.conda/envs/multinest/lib/python3.10/site-packages/nmma/em/analysis.py", line 1028, in main
    os.rename(src, real_dst)
FileNotFoundError: [Errno 2] No such file or directory: 'outdirBNSKa32cores/AT170817_result.pkl.temp' -> 'outdirBNSKa32cores/AT170817_result.pkl'

During handling of the above exception, another exception occurred:

    os.rename(src, real_dst)
Traceback (most recent call last):
FileNotFoundError: [Errno 2] No such file or directory: 'outdirBNSKa32cores/AT170817_result.pkl.temp' -> 'outdirBNSKa32cores/AT170817_result.pkl'

During handling of the above exception, another exception occurred:

Traceback (most recent call last):
  File "/home/thussenot/.conda/envs/multinest/bin/lightcurve-analysis", line 8, in <module>
  File "/home/thussenot/.conda/envs/multinest/bin/lightcurve-analysis", line 8, in <module>
    sys.exit(main())
  File "/home/thussenot/.conda/envs/multinest/lib/python3.10/site-packages/nmma/em/analysis.py", line 1028, in main
    sys.exit(main())
  File "/home/thussenot/.conda/envs/multinest/lib/python3.10/site-packages/nmma/em/analysis.py", line 1028, in main
    analysis(args)
  File "/home/thussenot/.conda/envs/multinest/lib/python3.10/site-packages/nmma/em/analysis.py", line 712, in analysis
    analysis(args)
  File "/home/thussenot/.conda/envs/multinest/lib/python3.10/site-packages/nmma/em/analysis.py", line 712, in analysis
    result = bilby.run_sampler(
  File "/home/thussenot/.conda/envs/multinest/lib/python3.10/site-packages/bilby/core/sampler/__init__.py", line 262, in run_sampler
    analysis(args)
  File "/home/thussenot/.conda/envs/multinest/lib/python3.10/site-packages/nmma/em/analysis.py", line 712, in analysis
    result = bilby.run_sampler(
  File "/home/thussenot/.conda/envs/multinest/lib/python3.10/site-packages/bilby/core/sampler/__init__.py", line 262, in run_sampler
    result.save_to_file(extension=save, gzip=gzip, outdir=outdir)
  File "/home/thussenot/.conda/envs/multinest/lib/python3.10/site-packages/bilby/core/result.py", line 819, in save_to_file
    result.save_to_file(extension=save, gzip=gzip, outdir=outdir)
  File "/home/thussenot/.conda/envs/multinest/lib/python3.10/site-packages/bilby/core/result.py", line 819, in save_to_file
    result = bilby.run_sampler(
  File "/home/thussenot/.conda/envs/multinest/lib/python3.10/site-packages/bilby/core/sampler/__init__.py", line 262, in run_sampler
    safe_file_dump(self, filename, "dill")
  File "/home/thussenot/.conda/envs/multinest/lib/python3.10/site-packages/bilby/core/utils/io.py", line 389, in safe_file_dump
    result.save_to_file(extension=save, gzip=gzip, outdir=outdir)
    safe_file_dump(self, filename, "dill")
  File "/home/thussenot/.conda/envs/multinest/lib/python3.10/site-packages/bilby/core/utils/io.py", line 389, in safe_file_dump
    shutil.move(temp_filename, filename)
  File "/home/thussenot/.conda/envs/multinest/lib/python3.10/shutil.py", line 836, in move
  File "/home/thussenot/.conda/envs/multinest/lib/python3.10/site-packages/bilby/core/result.py", line 819, in save_to_file
    shutil.move(temp_filename, filename)
  File "/home/thussenot/.conda/envs/multinest/lib/python3.10/shutil.py", line 836, in move
    copy_function(src, real_dst)
  File "/home/thussenot/.conda/envs/multinest/lib/python3.10/shutil.py", line 434, in copy2
    copy_function(src, real_dst)
  File "/home/thussenot/.conda/envs/multinest/lib/python3.10/shutil.py", line 434, in copy2
    safe_file_dump(self, filename, "dill")
  File "/home/thussenot/.conda/envs/multinest/lib/python3.10/site-packages/bilby/core/utils/io.py", line 389, in safe_file_dump
    copyfile(src, dst, follow_symlinks=follow_symlinks)
  File "/home/thussenot/.conda/envs/multinest/lib/python3.10/shutil.py", line 254, in copyfile
    copyfile(src, dst, follow_symlinks=follow_symlinks)
  File "/home/thussenot/.conda/envs/multinest/lib/python3.10/shutil.py", line 254, in copyfile
    with open(src, 'rb') as fsrc:
FileNotFoundError: [Errno 2] No such file or directory: 'outdirBNSKa32cores/AT170817_result.pkl.temp'
    shutil.move(temp_filename, filename)
  File "/home/thussenot/.conda/envs/multinest/lib/python3.10/shutil.py", line 836, in move
    with open(src, 'rb') as fsrc:
FileNotFoundError: [Errno 2] No such file or directory: 'outdirBNSKa32cores/AT170817_result.pkl.temp'
    copy_function(src, real_dst)
  File "/home/thussenot/.conda/envs/multinest/lib/python3.10/shutil.py", line 434, in copy2
    copyfile(src, dst, follow_symlinks=follow_symlinks)
  File "/home/thussenot/.conda/envs/multinest/lib/python3.10/shutil.py", line 254, in copyfile
    with open(src, 'rb') as fsrc:
FileNotFoundError: [Errno 2] No such file or directory: 'outdirBNSKa32cores/AT170817_result.pkl.temp'
09:51 bilby INFO    : Summary of results:
nsamples: 10760
ln_noise_evidence:  0.000
ln_evidence: -238.199 +/-  0.078
ln_bayes_factor: -238.199 +/-  0.078

09:51 bilby INFO    : Summary of results:
nsamples: 10760
ln_noise_evidence:  0.000
ln_evidence: -238.199 +/-  0.078
ln_bayes_factor: -238.199 +/-  0.078

09:51 bilby INFO    : Summary of results:
nsamples: 10760
ln_noise_evidence:  0.000
ln_evidence: -238.199 +/-  0.078
ln_bayes_factor: -238.199 +/-  0.078

09:51 bilby INFO    : Summary of results:
nsamples: 10760
ln_noise_evidence:  0.000
ln_evidence: -238.199 +/-  0.078
ln_bayes_factor: -238.199 +/-  0.078

09:51 bilby INFO    : Summary of results:
nsamples: 10760
ln_noise_evidence:  0.000
ln_evidence: -238.199 +/-  0.078
ln_bayes_factor: -238.199 +/-  0.078

--------------------------------------------------------------------------
Primary job  terminated normally, but 1 process returned
a non-zero exit code. Per user-direction, the job has been aborted.
--------------------------------------------------------------------------
--------------------------------------------------------------------------
mpiexec detected that one or more processes exited with non-zero status, thus causing
the job to be terminated. The first process to do so was:

  Process name: [[23974,1],26]
  Exit code:    1
--------------------------------------------------------------------------
