/home/thussenot/.conda/envs/multinest/lib/python3.10/site-packages/sklearn/base.py:329: UserWarning: Trying to unpickle estimator GaussianProcessRegressor from version 1.0.2 when using version 1.1.3. This might lead to breaking code or invalid results. Use at your own risk. For more info please refer to:
https://scikit-learn.org/stable/model_persistence.html#security-maintainability-limitations
  warnings.warn(
/home/thussenot/.conda/envs/multinest/lib/python3.10/site-packages/sklearn/base.py:329: UserWarning: Trying to unpickle estimator GaussianProcessRegressor from version 1.0.2 when using version 1.1.3. This might lead to breaking code or invalid results. Use at your own risk. For more info please refer to:
https://scikit-learn.org/stable/model_persistence.html#security-maintainability-limitations
  warnings.warn(
/home/thussenot/.conda/envs/multinest/lib/python3.10/site-packages/sklearn/base.py:329: UserWarning: Trying to unpickle estimator GaussianProcessRegressor from version 1.0.2 when using version 1.1.3. This might lead to breaking code or invalid results. Use at your own risk. For more info please refer to:
https://scikit-learn.org/stable/model_persistence.html#security-maintainability-limitations
  warnings.warn(
/home/thussenot/.conda/envs/multinest/lib/python3.10/site-packages/sklearn/base.py:329: UserWarning: Trying to unpickle estimator GaussianProcessRegressor from version 1.0.2 when using version 1.1.3. This might lead to breaking code or invalid results. Use at your own risk. For more info please refer to:
https://scikit-learn.org/stable/model_persistence.html#security-maintainability-limitations
  warnings.warn(
/home/thussenot/.conda/envs/multinest/lib/python3.10/site-packages/sklearn/base.py:329: UserWarning: Trying to unpickle estimator GaussianProcessRegressor from version 1.0.2 when using version 1.1.3. This might lead to breaking code or invalid results. Use at your own risk. For more info please refer to:
https://scikit-learn.org/stable/model_persistence.html#security-maintainability-limitations
  warnings.warn(
/home/thussenot/.conda/envs/multinest/lib/python3.10/site-packages/sklearn/base.py:329: UserWarning: Trying to unpickle estimator GaussianProcessRegressor from version 1.0.2 when using version 1.1.3. This might lead to breaking code or invalid results. Use at your own risk. For more info please refer to:
https://scikit-learn.org/stable/model_persistence.html#security-maintainability-limitations
  warnings.warn(
/home/thussenot/.conda/envs/multinest/lib/python3.10/site-packages/sklearn/base.py:329: UserWarning: Trying to unpickle estimator GaussianProcessRegressor from version 1.0.2 when using version 1.1.3. This might lead to breaking code or invalid results. Use at your own risk. For more info please refer to:
https://scikit-learn.org/stable/model_persistence.html#security-maintainability-limitations
  warnings.warn(
/home/thussenot/.conda/envs/multinest/lib/python3.10/site-packages/sklearn/base.py:329: UserWarning: Trying to unpickle estimator GaussianProcessRegressor from version 1.0.2 when using version 1.1.3. This might lead to breaking code or invalid results. Use at your own risk. For more info please refer to:
https://scikit-learn.org/stable/model_persistence.html#security-maintainability-limitations
  warnings.warn(
/home/thussenot/.conda/envs/multinest/lib/python3.10/site-packages/sklearn/base.py:329: UserWarning: Trying to unpickle estimator GaussianProcessRegressor from version 1.0.2 when using version 1.1.3. This might lead to breaking code or invalid results. Use at your own risk. For more info please refer to:
https://scikit-learn.org/stable/model_persistence.html#security-maintainability-limitations
  warnings.warn(
/home/thussenot/.conda/envs/multinest/lib/python3.10/site-packages/sklearn/base.py:329: UserWarning: Trying to unpickle estimator GaussianProcessRegressor from version 1.0.2 when using version 1.1.3. This might lead to breaking code or invalid results. Use at your own risk. For more info please refer to:
https://scikit-learn.org/stable/model_persistence.html#security-maintainability-limitations
  warnings.warn(
/home/thussenot/.conda/envs/multinest/lib/python3.10/site-packages/sklearn/base.py:329: UserWarning: Trying to unpickle estimator GaussianProcessRegressor from version 1.0.2 when using version 1.1.3. This might lead to breaking code or invalid results. Use at your own risk. For more info please refer to:
https://scikit-learn.org/stable/model_persistence.html#security-maintainability-limitations
  warnings.warn(
/home/thussenot/.conda/envs/multinest/lib/python3.10/site-packages/sklearn/base.py:329: UserWarning: Trying to unpickle estimator GaussianProcessRegressor from version 1.0.2 when using version 1.1.3. This might lead to breaking code or invalid results. Use at your own risk. For more info please refer to:
https://scikit-learn.org/stable/model_persistence.html#security-maintainability-limitations
  warnings.warn(
/home/thussenot/.conda/envs/multinest/lib/python3.10/site-packages/sklearn/base.py:329: UserWarning: Trying to unpickle estimator GaussianProcessRegressor from version 1.0.2 when using version 1.1.3. This might lead to breaking code or invalid results. Use at your own risk. For more info please refer to:
https://scikit-learn.org/stable/model_persistence.html#security-maintainability-limitations
  warnings.warn(
/home/thussenot/.conda/envs/multinest/lib/python3.10/site-packages/sklearn/base.py:329: UserWarning: Trying to unpickle estimator GaussianProcessRegressor from version 1.0.2 when using version 1.1.3. This might lead to breaking code or invalid results. Use at your own risk. For more info please refer to:
https://scikit-learn.org/stable/model_persistence.html#security-maintainability-limitations
  warnings.warn(
/home/thussenot/.conda/envs/multinest/lib/python3.10/site-packages/sklearn/base.py:329: UserWarning: Trying to unpickle estimator GaussianProcessRegressor from version 1.0.2 when using version 1.1.3. This might lead to breaking code or invalid results. Use at your own risk. For more info please refer to:
https://scikit-learn.org/stable/model_persistence.html#security-maintainability-limitations
  warnings.warn(
/home/thussenot/.conda/envs/multinest/lib/python3.10/site-packages/sklearn/base.py:329: UserWarning: Trying to unpickle estimator GaussianProcessRegressor from version 1.0.2 when using version 1.1.3. This might lead to breaking code or invalid results. Use at your own risk. For more info please refer to:
https://scikit-learn.org/stable/model_persistence.html#security-maintainability-limitations
  warnings.warn(
/home/thussenot/.conda/envs/multinest/lib/python3.10/site-packages/sklearn/base.py:329: UserWarning: Trying to unpickle estimator GaussianProcessRegressor from version 1.0.2 when using version 1.1.3. This might lead to breaking code or invalid results. Use at your own risk. For more info please refer to:
https://scikit-learn.org/stable/model_persistence.html#security-maintainability-limitations
  warnings.warn(
/home/thussenot/.conda/envs/multinest/lib/python3.10/site-packages/sklearn/base.py:329: UserWarning: Trying to unpickle estimator GaussianProcessRegressor from version 1.0.2 when using version 1.1.3. This might lead to breaking code or invalid results. Use at your own risk. For more info please refer to:
https://scikit-learn.org/stable/model_persistence.html#security-maintainability-limitations
  warnings.warn(
/home/thussenot/.conda/envs/multinest/lib/python3.10/site-packages/sklearn/base.py:329: UserWarning: Trying to unpickle estimator GaussianProcessRegressor from version 1.0.2 when using version 1.1.3. This might lead to breaking code or invalid results. Use at your own risk. For more info please refer to:
https://scikit-learn.org/stable/model_persistence.html#security-maintainability-limitations
  warnings.warn(
/home/thussenot/.conda/envs/multinest/lib/python3.10/site-packages/sklearn/base.py:329: UserWarning: Trying to unpickle estimator GaussianProcessRegressor from version 1.0.2 when using version 1.1.3. This might lead to breaking code or invalid results. Use at your own risk. For more info please refer to:
https://scikit-learn.org/stable/model_persistence.html#security-maintainability-limitations
  warnings.warn(
/home/thussenot/.conda/envs/multinest/lib/python3.10/site-packages/sklearn/base.py:329: UserWarning: Trying to unpickle estimator GaussianProcessRegressor from version 1.0.2 when using version 1.1.3. This might lead to breaking code or invalid results. Use at your own risk. For more info please refer to:
https://scikit-learn.org/stable/model_persistence.html#security-maintainability-limitations
  warnings.warn(
/home/thussenot/.conda/envs/multinest/lib/python3.10/site-packages/sklearn/base.py:329: UserWarning: Trying to unpickle estimator GaussianProcessRegressor from version 1.0.2 when using version 1.1.3. This might lead to breaking code or invalid results. Use at your own risk. For more info please refer to:
https://scikit-learn.org/stable/model_persistence.html#security-maintainability-limitations
  warnings.warn(
/home/thussenot/.conda/envs/multinest/lib/python3.10/site-packages/sklearn/base.py:329: UserWarning: Trying to unpickle estimator GaussianProcessRegressor from version 1.0.2 when using version 1.1.3. This might lead to breaking code or invalid results. Use at your own risk. For more info please refer to:
https://scikit-learn.org/stable/model_persistence.html#security-maintainability-limitations
  warnings.warn(
/home/thussenot/.conda/envs/multinest/lib/python3.10/site-packages/sklearn/base.py:329: UserWarning: Trying to unpickle estimator GaussianProcessRegressor from version 1.0.2 when using version 1.1.3. This might lead to breaking code or invalid results. Use at your own risk. For more info please refer to:
https://scikit-learn.org/stable/model_persistence.html#security-maintainability-limitations
  warnings.warn(
/home/thussenot/.conda/envs/multinest/lib/python3.10/site-packages/sklearn/base.py:329: UserWarning: Trying to unpickle estimator GaussianProcessRegressor from version 1.0.2 when using version 1.1.3. This might lead to breaking code or invalid results. Use at your own risk. For more info please refer to:
https://scikit-learn.org/stable/model_persistence.html#security-maintainability-limitations
  warnings.warn(
/home/thussenot/.conda/envs/multinest/lib/python3.10/site-packages/sklearn/base.py:329: UserWarning: Trying to unpickle estimator GaussianProcessRegressor from version 1.0.2 when using version 1.1.3. This might lead to breaking code or invalid results. Use at your own risk. For more info please refer to:
https://scikit-learn.org/stable/model_persistence.html#security-maintainability-limitations
  warnings.warn(
/home/thussenot/.conda/envs/multinest/lib/python3.10/site-packages/sklearn/base.py:329: UserWarning: Trying to unpickle estimator GaussianProcessRegressor from version 1.0.2 when using version 1.1.3. This might lead to breaking code or invalid results. Use at your own risk. For more info please refer to:
https://scikit-learn.org/stable/model_persistence.html#security-maintainability-limitations
  warnings.warn(
/home/thussenot/.conda/envs/multinest/lib/python3.10/site-packages/sklearn/base.py:329: UserWarning: Trying to unpickle estimator GaussianProcessRegressor from version 1.0.2 when using version 1.1.3. This might lead to breaking code or invalid results. Use at your own risk. For more info please refer to:
https://scikit-learn.org/stable/model_persistence.html#security-maintainability-limitations
  warnings.warn(
/home/thussenot/.conda/envs/multinest/lib/python3.10/site-packages/sklearn/base.py:329: UserWarning: Trying to unpickle estimator GaussianProcessRegressor from version 1.0.2 when using version 1.1.3. This might lead to breaking code or invalid results. Use at your own risk. For more info please refer to:
https://scikit-learn.org/stable/model_persistence.html#security-maintainability-limitations
  warnings.warn(
/home/thussenot/.conda/envs/multinest/lib/python3.10/site-packages/sklearn/base.py:329: UserWarning: Trying to unpickle estimator GaussianProcessRegressor from version 1.0.2 when using version 1.1.3. This might lead to breaking code or invalid results. Use at your own risk. For more info please refer to:
https://scikit-learn.org/stable/model_persistence.html#security-maintainability-limitations
  warnings.warn(
/home/thussenot/.conda/envs/multinest/lib/python3.10/site-packages/sklearn/base.py:329: UserWarning: Trying to unpickle estimator GaussianProcessRegressor from version 1.0.2 when using version 1.1.3. This might lead to breaking code or invalid results. Use at your own risk. For more info please refer to:
https://scikit-learn.org/stable/model_persistence.html#security-maintainability-limitations
  warnings.warn(
/home/thussenot/.conda/envs/multinest/lib/python3.10/site-packages/sklearn/base.py:329: UserWarning: Trying to unpickle estimator GaussianProcessRegressor from version 1.0.2 when using version 1.1.3. This might lead to breaking code or invalid results. Use at your own risk. For more info please refer to:
https://scikit-learn.org/stable/model_persistence.html#security-maintainability-limitations
  warnings.warn(
14:42 bilby INFO    : Running for label 'AT170817', output will be saved to 'outdirBNSBu32cores'
14:42 bilby INFO    : Running for label 'AT170817', output will be saved to 'outdirBNSBu32cores'
14:42 bilby INFO    : Running for label 'AT170817', output will be saved to 'outdirBNSBu32cores'
14:42 bilby INFO    : Running for label 'AT170817', output will be saved to 'outdirBNSBu32cores'
14:42 bilby INFO    : Running for label 'AT170817', output will be saved to 'outdirBNSBu32cores'
14:42 bilby INFO    : Running for label 'AT170817', output will be saved to 'outdirBNSBu32cores'
14:42 bilby INFO    : Running for label 'AT170817', output will be saved to 'outdirBNSBu32cores'
14:42 bilby INFO    : Running for label 'AT170817', output will be saved to 'outdirBNSBu32cores'
14:42 bilby INFO    : Running for label 'AT170817', output will be saved to 'outdirBNSBu32cores'
14:42 bilby INFO    : Running for label 'AT170817', output will be saved to 'outdirBNSBu32cores'
14:42 bilby INFO    : Running for label 'AT170817', output will be saved to 'outdirBNSBu32cores'
14:42 bilby INFO    : Running for label 'AT170817', output will be saved to 'outdirBNSBu32cores'
14:42 bilby INFO    : Running for label 'AT170817', output will be saved to 'outdirBNSBu32cores'
14:42 bilby INFO    : Running for label 'AT170817', output will be saved to 'outdirBNSBu32cores'
14:42 bilby INFO    : Running for label 'AT170817', output will be saved to 'outdirBNSBu32cores'
14:42 bilby INFO    : Running for label 'AT170817', output will be saved to 'outdirBNSBu32cores'
14:42 bilby INFO    : Running for label 'AT170817', output will be saved to 'outdirBNSBu32cores'
14:42 bilby INFO    : Running for label 'AT170817', output will be saved to 'outdirBNSBu32cores'
14:42 bilby INFO    : Running for label 'AT170817', output will be saved to 'outdirBNSBu32cores'
14:42 bilby INFO    : Running for label 'AT170817', output will be saved to 'outdirBNSBu32cores'
14:42 bilby INFO    : Running for label 'AT170817', output will be saved to 'outdirBNSBu32cores'
14:42 bilby INFO    : Running for label 'AT170817', output will be saved to 'outdirBNSBu32cores'
14:42 bilby INFO    : Running for label 'AT170817', output will be saved to 'outdirBNSBu32cores'
14:42 bilby INFO    : Running for label 'AT170817', output will be saved to 'outdirBNSBu32cores'
14:42 bilby INFO    : Running for label 'AT170817', output will be saved to 'outdirBNSBu32cores'
14:42 bilby INFO    : Running for label 'AT170817', output will be saved to 'outdirBNSBu32cores'
14:42 bilby INFO    : Running for label 'AT170817', output will be saved to 'outdirBNSBu32cores'
14:42 bilby INFO    : Running for label 'AT170817', output will be saved to 'outdirBNSBu32cores'
14:42 bilby INFO    : Running for label 'AT170817', output will be saved to 'outdirBNSBu32cores'
14:42 bilby INFO    : Running for label 'AT170817', output will be saved to 'outdirBNSBu32cores'
14:42 bilby INFO    : Running for label 'AT170817', output will be saved to 'outdirBNSBu32cores'
14:42 bilby INFO    : Running for label 'AT170817', output will be saved to 'outdirBNSBu32cores'
14:42 bilby INFO    : Analysis priors:
14:42 bilby INFO    : Analysis priors:
14:42 bilby INFO    : Analysis priors:
14:42 bilby INFO    : Analysis priors:
14:42 bilby INFO    : Analysis priors:
14:42 bilby INFO    : Analysis priors:
14:42 bilby INFO    : Analysis priors:
14:42 bilby INFO    : Analysis priors:
14:42 bilby INFO    : Analysis priors:
14:42 bilby INFO    : Analysis priors:
14:42 bilby INFO    : Analysis priors:
14:42 bilby INFO    : Analysis priors:
14:42 bilby INFO    : Analysis priors:
14:42 bilby INFO    : Analysis priors:
14:42 bilby INFO    : Analysis priors:
14:42 bilby INFO    : Analysis priors:
14:42 bilby INFO    : Analysis priors:
14:42 bilby INFO    : Analysis priors:
14:42 bilby INFO    : Analysis priors:
14:42 bilby INFO    : Analysis priors:
14:42 bilby INFO    : Analysis priors:
14:42 bilby INFO    : Analysis priors:
14:42 bilby INFO    : Analysis priors:
14:42 bilby INFO    : Analysis priors:
14:42 bilby INFO    : Analysis priors:
14:42 bilby INFO    : Analysis priors:
14:42 bilby INFO    : Analysis priors:
14:42 bilby INFO    : Analysis priors:
14:42 bilby INFO    : Analysis priors:
14:42 bilby INFO    : KNphi=Uniform(minimum=15.0, maximum=75.0, name='KNphi', latex_label='$\\Phi$', unit=None, boundary=None)
14:42 bilby INFO    : Analysis priors:
14:42 bilby INFO    : KNphi=Uniform(minimum=15.0, maximum=75.0, name='KNphi', latex_label='$\\Phi$', unit=None, boundary=None)
14:42 bilby INFO    : log10_mej_dyn=Uniform(minimum=-3.0, maximum=-1.0, name='log10_mej_dyn', latex_label='$\\log_{10}M^{\\rm{dyn}}_{\\rm{ej}}$', unit=None, boundary='reflective')
14:42 bilby INFO    : log10_mej_wind=Uniform(minimum=-3.0, maximum=-0.5, name='log10_mej_wind', latex_label='$\\log_{10}M^{\\rm{wind}}_{\\rm{ej}}$', unit=None, boundary='reflective')
14:42 bilby INFO    : inclination_EM=Sine(minimum=0.0, maximum=1.5707963267948966, name='inclination_EM', latex_label='$\\iota$', unit=None, boundary=None)
14:42 bilby INFO    : luminosity_distance=40.0
14:42 bilby INFO    : timeshift=0.0
14:42 bilby INFO    : em_syserr=1.0
14:42 bilby INFO    : Ebv=0.0
14:42 bilby INFO    : Analysis likelihood class: <class 'nmma.em.likelihood.OpticalLightCurve'>
14:42 bilby INFO    : Analysis likelihood noise evidence: 0.0
14:42 bilby INFO    : KNphi=Uniform(minimum=15.0, maximum=75.0, name='KNphi', latex_label='$\\Phi$', unit=None, boundary=None)
14:42 bilby INFO    : log10_mej_dyn=Uniform(minimum=-3.0, maximum=-1.0, name='log10_mej_dyn', latex_label='$\\log_{10}M^{\\rm{dyn}}_{\\rm{ej}}$', unit=None, boundary='reflective')
14:42 bilby INFO    : log10_mej_wind=Uniform(minimum=-3.0, maximum=-0.5, name='log10_mej_wind', latex_label='$\\log_{10}M^{\\rm{wind}}_{\\rm{ej}}$', unit=None, boundary='reflective')
14:42 bilby INFO    : inclination_EM=Sine(minimum=0.0, maximum=1.5707963267948966, name='inclination_EM', latex_label='$\\iota$', unit=None, boundary=None)
14:42 bilby INFO    : luminosity_distance=40.0
14:42 bilby INFO    : timeshift=0.0
14:42 bilby INFO    : em_syserr=1.0
14:42 bilby INFO    : Ebv=0.0
14:42 bilby INFO    : Analysis likelihood class: <class 'nmma.em.likelihood.OpticalLightCurve'>
14:42 bilby INFO    : Analysis likelihood noise evidence: 0.0
14:42 bilby INFO    : KNphi=Uniform(minimum=15.0, maximum=75.0, name='KNphi', latex_label='$\\Phi$', unit=None, boundary=None)
14:42 bilby INFO    : log10_mej_dyn=Uniform(minimum=-3.0, maximum=-1.0, name='log10_mej_dyn', latex_label='$\\log_{10}M^{\\rm{dyn}}_{\\rm{ej}}$', unit=None, boundary='reflective')
14:42 bilby INFO    : log10_mej_wind=Uniform(minimum=-3.0, maximum=-0.5, name='log10_mej_wind', latex_label='$\\log_{10}M^{\\rm{wind}}_{\\rm{ej}}$', unit=None, boundary='reflective')
14:42 bilby INFO    : inclination_EM=Sine(minimum=0.0, maximum=1.5707963267948966, name='inclination_EM', latex_label='$\\iota$', unit=None, boundary=None)
14:42 bilby INFO    : luminosity_distance=40.0
14:42 bilby INFO    : timeshift=0.0
14:42 bilby INFO    : em_syserr=1.0
14:42 bilby INFO    : Ebv=0.0
14:42 bilby INFO    : Analysis likelihood class: <class 'nmma.em.likelihood.OpticalLightCurve'>
14:42 bilby INFO    : Analysis likelihood noise evidence: 0.0
14:42 bilby INFO    : KNphi=Uniform(minimum=15.0, maximum=75.0, name='KNphi', latex_label='$\\Phi$', unit=None, boundary=None)
14:42 bilby INFO    : log10_mej_dyn=Uniform(minimum=-3.0, maximum=-1.0, name='log10_mej_dyn', latex_label='$\\log_{10}M^{\\rm{dyn}}_{\\rm{ej}}$', unit=None, boundary='reflective')
14:42 bilby INFO    : KNphi=Uniform(minimum=15.0, maximum=75.0, name='KNphi', latex_label='$\\Phi$', unit=None, boundary=None)
14:42 bilby INFO    : KNphi=Uniform(minimum=15.0, maximum=75.0, name='KNphi', latex_label='$\\Phi$', unit=None, boundary=None)
14:42 bilby INFO    : KNphi=Uniform(minimum=15.0, maximum=75.0, name='KNphi', latex_label='$\\Phi$', unit=None, boundary=None)
14:42 bilby INFO    : log10_mej_dyn=Uniform(minimum=-3.0, maximum=-1.0, name='log10_mej_dyn', latex_label='$\\log_{10}M^{\\rm{dyn}}_{\\rm{ej}}$', unit=None, boundary='reflective')
14:42 bilby INFO    : log10_mej_wind=Uniform(minimum=-3.0, maximum=-0.5, name='log10_mej_wind', latex_label='$\\log_{10}M^{\\rm{wind}}_{\\rm{ej}}$', unit=None, boundary='reflective')
14:42 bilby INFO    : inclination_EM=Sine(minimum=0.0, maximum=1.5707963267948966, name='inclination_EM', latex_label='$\\iota$', unit=None, boundary=None)
14:42 bilby INFO    : luminosity_distance=40.0
14:42 bilby INFO    : timeshift=0.0
14:42 bilby INFO    : em_syserr=1.0
14:42 bilby INFO    : Ebv=0.0
14:42 bilby INFO    : Analysis likelihood class: <class 'nmma.em.likelihood.OpticalLightCurve'>
14:42 bilby INFO    : Analysis likelihood noise evidence: 0.0
14:42 bilby INFO    : KNphi=Uniform(minimum=15.0, maximum=75.0, name='KNphi', latex_label='$\\Phi$', unit=None, boundary=None)
14:42 bilby INFO    : log10_mej_dyn=Uniform(minimum=-3.0, maximum=-1.0, name='log10_mej_dyn', latex_label='$\\log_{10}M^{\\rm{dyn}}_{\\rm{ej}}$', unit=None, boundary='reflective')
14:42 bilby INFO    : log10_mej_wind=Uniform(minimum=-3.0, maximum=-0.5, name='log10_mej_wind', latex_label='$\\log_{10}M^{\\rm{wind}}_{\\rm{ej}}$', unit=None, boundary='reflective')
14:42 bilby INFO    : inclination_EM=Sine(minimum=0.0, maximum=1.5707963267948966, name='inclination_EM', latex_label='$\\iota$', unit=None, boundary=None)
14:42 bilby INFO    : luminosity_distance=40.0
14:42 bilby INFO    : timeshift=0.0
14:42 bilby INFO    : em_syserr=1.0
14:42 bilby INFO    : Ebv=0.0
14:42 bilby INFO    : Analysis likelihood class: <class 'nmma.em.likelihood.OpticalLightCurve'>
14:42 bilby INFO    : Analysis likelihood noise evidence: 0.0
14:42 bilby INFO    : KNphi=Uniform(minimum=15.0, maximum=75.0, name='KNphi', latex_label='$\\Phi$', unit=None, boundary=None)
14:42 bilby INFO    : KNphi=Uniform(minimum=15.0, maximum=75.0, name='KNphi', latex_label='$\\Phi$', unit=None, boundary=None)
14:42 bilby INFO    : log10_mej_dyn=Uniform(minimum=-3.0, maximum=-1.0, name='log10_mej_dyn', latex_label='$\\log_{10}M^{\\rm{dyn}}_{\\rm{ej}}$', unit=None, boundary='reflective')
14:42 bilby INFO    : log10_mej_wind=Uniform(minimum=-3.0, maximum=-0.5, name='log10_mej_wind', latex_label='$\\log_{10}M^{\\rm{wind}}_{\\rm{ej}}$', unit=None, boundary='reflective')
14:42 bilby INFO    : KNphi=Uniform(minimum=15.0, maximum=75.0, name='KNphi', latex_label='$\\Phi$', unit=None, boundary=None)
14:42 bilby INFO    : KNphi=Uniform(minimum=15.0, maximum=75.0, name='KNphi', latex_label='$\\Phi$', unit=None, boundary=None)
14:42 bilby INFO    : KNphi=Uniform(minimum=15.0, maximum=75.0, name='KNphi', latex_label='$\\Phi$', unit=None, boundary=None)
14:42 bilby INFO    : KNphi=Uniform(minimum=15.0, maximum=75.0, name='KNphi', latex_label='$\\Phi$', unit=None, boundary=None)
14:42 bilby INFO    : log10_mej_dyn=Uniform(minimum=-3.0, maximum=-1.0, name='log10_mej_dyn', latex_label='$\\log_{10}M^{\\rm{dyn}}_{\\rm{ej}}$', unit=None, boundary='reflective')
14:42 bilby INFO    : KNphi=Uniform(minimum=15.0, maximum=75.0, name='KNphi', latex_label='$\\Phi$', unit=None, boundary=None)
14:42 bilby INFO    : log10_mej_dyn=Uniform(minimum=-3.0, maximum=-1.0, name='log10_mej_dyn', latex_label='$\\log_{10}M^{\\rm{dyn}}_{\\rm{ej}}$', unit=None, boundary='reflective')
14:42 bilby INFO    : log10_mej_wind=Uniform(minimum=-3.0, maximum=-0.5, name='log10_mej_wind', latex_label='$\\log_{10}M^{\\rm{wind}}_{\\rm{ej}}$', unit=None, boundary='reflective')
14:42 bilby INFO    : inclination_EM=Sine(minimum=0.0, maximum=1.5707963267948966, name='inclination_EM', latex_label='$\\iota$', unit=None, boundary=None)
14:42 bilby INFO    : luminosity_distance=40.0
14:42 bilby INFO    : timeshift=0.0
14:42 bilby INFO    : em_syserr=1.0
14:42 bilby INFO    : Ebv=0.0
14:42 bilby INFO    : Analysis likelihood class: <class 'nmma.em.likelihood.OpticalLightCurve'>
14:42 bilby INFO    : Analysis likelihood noise evidence: 0.0
14:42 bilby INFO    : KNphi=Uniform(minimum=15.0, maximum=75.0, name='KNphi', latex_label='$\\Phi$', unit=None, boundary=None)
14:42 bilby INFO    : log10_mej_dyn=Uniform(minimum=-3.0, maximum=-1.0, name='log10_mej_dyn', latex_label='$\\log_{10}M^{\\rm{dyn}}_{\\rm{ej}}$', unit=None, boundary='reflective')
14:42 bilby INFO    : log10_mej_wind=Uniform(minimum=-3.0, maximum=-0.5, name='log10_mej_wind', latex_label='$\\log_{10}M^{\\rm{wind}}_{\\rm{ej}}$', unit=None, boundary='reflective')
14:42 bilby INFO    : inclination_EM=Sine(minimum=0.0, maximum=1.5707963267948966, name='inclination_EM', latex_label='$\\iota$', unit=None, boundary=None)
14:42 bilby INFO    : luminosity_distance=40.0
14:42 bilby INFO    : timeshift=0.0
14:42 bilby INFO    : em_syserr=1.0
14:42 bilby INFO    : Ebv=0.0
14:42 bilby INFO    : Analysis likelihood class: <class 'nmma.em.likelihood.OpticalLightCurve'>
14:42 bilby INFO    : Analysis likelihood noise evidence: 0.0
14:42 bilby INFO    : KNphi=Uniform(minimum=15.0, maximum=75.0, name='KNphi', latex_label='$\\Phi$', unit=None, boundary=None)
14:42 bilby INFO    : log10_mej_dyn=Uniform(minimum=-3.0, maximum=-1.0, name='log10_mej_dyn', latex_label='$\\log_{10}M^{\\rm{dyn}}_{\\rm{ej}}$', unit=None, boundary='reflective')
14:42 bilby INFO    : log10_mej_wind=Uniform(minimum=-3.0, maximum=-0.5, name='log10_mej_wind', latex_label='$\\log_{10}M^{\\rm{wind}}_{\\rm{ej}}$', unit=None, boundary='reflective')
14:42 bilby INFO    : inclination_EM=Sine(minimum=0.0, maximum=1.5707963267948966, name='inclination_EM', latex_label='$\\iota$', unit=None, boundary=None)
14:42 bilby INFO    : luminosity_distance=40.0
14:42 bilby INFO    : timeshift=0.0
14:42 bilby INFO    : em_syserr=1.0
14:42 bilby INFO    : Ebv=0.0
14:42 bilby INFO    : Analysis likelihood class: <class 'nmma.em.likelihood.OpticalLightCurve'>
14:42 bilby INFO    : Analysis likelihood noise evidence: 0.0
14:42 bilby INFO    : Analysis priors:
14:42 bilby INFO    : KNphi=Uniform(minimum=15.0, maximum=75.0, name='KNphi', latex_label='$\\Phi$', unit=None, boundary=None)
14:42 bilby INFO    : log10_mej_dyn=Uniform(minimum=-3.0, maximum=-1.0, name='log10_mej_dyn', latex_label='$\\log_{10}M^{\\rm{dyn}}_{\\rm{ej}}$', unit=None, boundary='reflective')
14:42 bilby INFO    : log10_mej_wind=Uniform(minimum=-3.0, maximum=-0.5, name='log10_mej_wind', latex_label='$\\log_{10}M^{\\rm{wind}}_{\\rm{ej}}$', unit=None, boundary='reflective')
14:42 bilby INFO    : inclination_EM=Sine(minimum=0.0, maximum=1.5707963267948966, name='inclination_EM', latex_label='$\\iota$', unit=None, boundary=None)
14:42 bilby INFO    : luminosity_distance=40.0
14:42 bilby INFO    : timeshift=0.0
14:42 bilby INFO    : em_syserr=1.0
14:42 bilby INFO    : Ebv=0.0
14:42 bilby INFO    : Analysis likelihood class: <class 'nmma.em.likelihood.OpticalLightCurve'>
14:42 bilby INFO    : Analysis likelihood noise evidence: 0.0
14:42 bilby INFO    : KNphi=Uniform(minimum=15.0, maximum=75.0, name='KNphi', latex_label='$\\Phi$', unit=None, boundary=None)
14:42 bilby INFO    : log10_mej_dyn=Uniform(minimum=-3.0, maximum=-1.0, name='log10_mej_dyn', latex_label='$\\log_{10}M^{\\rm{dyn}}_{\\rm{ej}}$', unit=None, boundary='reflective')
14:42 bilby INFO    : KNphi=Uniform(minimum=15.0, maximum=75.0, name='KNphi', latex_label='$\\Phi$', unit=None, boundary=None)
14:42 bilby INFO    : Analysis priors:
14:42 bilby INFO    : KNphi=Uniform(minimum=15.0, maximum=75.0, name='KNphi', latex_label='$\\Phi$', unit=None, boundary=None)
14:42 bilby INFO    : log10_mej_dyn=Uniform(minimum=-3.0, maximum=-1.0, name='log10_mej_dyn', latex_label='$\\log_{10}M^{\\rm{dyn}}_{\\rm{ej}}$', unit=None, boundary='reflective')
14:42 bilby INFO    : log10_mej_wind=Uniform(minimum=-3.0, maximum=-0.5, name='log10_mej_wind', latex_label='$\\log_{10}M^{\\rm{wind}}_{\\rm{ej}}$', unit=None, boundary='reflective')
14:42 bilby INFO    : inclination_EM=Sine(minimum=0.0, maximum=1.5707963267948966, name='inclination_EM', latex_label='$\\iota$', unit=None, boundary=None)
14:42 bilby INFO    : luminosity_distance=40.0
14:42 bilby INFO    : timeshift=0.0
14:42 bilby INFO    : em_syserr=1.0
14:42 bilby INFO    : Ebv=0.0
14:42 bilby INFO    : Analysis likelihood class: <class 'nmma.em.likelihood.OpticalLightCurve'>
14:42 bilby INFO    : Analysis likelihood noise evidence: 0.0
14:42 bilby INFO    : KNphi=Uniform(minimum=15.0, maximum=75.0, name='KNphi', latex_label='$\\Phi$', unit=None, boundary=None)
14:42 bilby INFO    : inclination_EM=Sine(minimum=0.0, maximum=1.5707963267948966, name='inclination_EM', latex_label='$\\iota$', unit=None, boundary=None)
14:42 bilby INFO    : KNphi=Uniform(minimum=15.0, maximum=75.0, name='KNphi', latex_label='$\\Phi$', unit=None, boundary=None)
14:42 bilby INFO    : log10_mej_dyn=Uniform(minimum=-3.0, maximum=-1.0, name='log10_mej_dyn', latex_label='$\\log_{10}M^{\\rm{dyn}}_{\\rm{ej}}$', unit=None, boundary='reflective')
14:42 bilby INFO    : luminosity_distance=40.0
14:42 bilby INFO    : log10_mej_dyn=Uniform(minimum=-3.0, maximum=-1.0, name='log10_mej_dyn', latex_label='$\\log_{10}M^{\\rm{dyn}}_{\\rm{ej}}$', unit=None, boundary='reflective')
14:42 bilby INFO    : log10_mej_wind=Uniform(minimum=-3.0, maximum=-0.5, name='log10_mej_wind', latex_label='$\\log_{10}M^{\\rm{wind}}_{\\rm{ej}}$', unit=None, boundary='reflective')
14:42 bilby INFO    : log10_mej_dyn=Uniform(minimum=-3.0, maximum=-1.0, name='log10_mej_dyn', latex_label='$\\log_{10}M^{\\rm{dyn}}_{\\rm{ej}}$', unit=None, boundary='reflective')
14:42 bilby INFO    : log10_mej_dyn=Uniform(minimum=-3.0, maximum=-1.0, name='log10_mej_dyn', latex_label='$\\log_{10}M^{\\rm{dyn}}_{\\rm{ej}}$', unit=None, boundary='reflective')
14:42 bilby INFO    : log10_mej_dyn=Uniform(minimum=-3.0, maximum=-1.0, name='log10_mej_dyn', latex_label='$\\log_{10}M^{\\rm{dyn}}_{\\rm{ej}}$', unit=None, boundary='reflective')
14:42 bilby INFO    : log10_mej_dyn=Uniform(minimum=-3.0, maximum=-1.0, name='log10_mej_dyn', latex_label='$\\log_{10}M^{\\rm{dyn}}_{\\rm{ej}}$', unit=None, boundary='reflective')
14:42 bilby INFO    : log10_mej_dyn=Uniform(minimum=-3.0, maximum=-1.0, name='log10_mej_dyn', latex_label='$\\log_{10}M^{\\rm{dyn}}_{\\rm{ej}}$', unit=None, boundary='reflective')
14:42 bilby INFO    : log10_mej_dyn=Uniform(minimum=-3.0, maximum=-1.0, name='log10_mej_dyn', latex_label='$\\log_{10}M^{\\rm{dyn}}_{\\rm{ej}}$', unit=None, boundary='reflective')
14:42 bilby INFO    : log10_mej_dyn=Uniform(minimum=-3.0, maximum=-1.0, name='log10_mej_dyn', latex_label='$\\log_{10}M^{\\rm{dyn}}_{\\rm{ej}}$', unit=None, boundary='reflective')
14:42 bilby INFO    : log10_mej_wind=Uniform(minimum=-3.0, maximum=-0.5, name='log10_mej_wind', latex_label='$\\log_{10}M^{\\rm{wind}}_{\\rm{ej}}$', unit=None, boundary='reflective')
14:42 bilby INFO    : timeshift=0.0
14:42 bilby INFO    : KNphi=Uniform(minimum=15.0, maximum=75.0, name='KNphi', latex_label='$\\Phi$', unit=None, boundary=None)
14:42 bilby INFO    : KNphi=Uniform(minimum=15.0, maximum=75.0, name='KNphi', latex_label='$\\Phi$', unit=None, boundary=None)
14:42 bilby INFO    : log10_mej_wind=Uniform(minimum=-3.0, maximum=-0.5, name='log10_mej_wind', latex_label='$\\log_{10}M^{\\rm{wind}}_{\\rm{ej}}$', unit=None, boundary='reflective')
14:42 bilby INFO    : KNphi=Uniform(minimum=15.0, maximum=75.0, name='KNphi', latex_label='$\\Phi$', unit=None, boundary=None)
14:42 bilby INFO    : KNphi=Uniform(minimum=15.0, maximum=75.0, name='KNphi', latex_label='$\\Phi$', unit=None, boundary=None)
14:42 bilby INFO    : KNphi=Uniform(minimum=15.0, maximum=75.0, name='KNphi', latex_label='$\\Phi$', unit=None, boundary=None)
14:42 bilby INFO    : em_syserr=1.0
14:42 bilby INFO    : KNphi=Uniform(minimum=15.0, maximum=75.0, name='KNphi', latex_label='$\\Phi$', unit=None, boundary=None)
14:42 bilby INFO    : KNphi=Uniform(minimum=15.0, maximum=75.0, name='KNphi', latex_label='$\\Phi$', unit=None, boundary=None)
14:42 bilby INFO    : log10_mej_dyn=Uniform(minimum=-3.0, maximum=-1.0, name='log10_mej_dyn', latex_label='$\\log_{10}M^{\\rm{dyn}}_{\\rm{ej}}$', unit=None, boundary='reflective')
14:42 bilby INFO    : Ebv=0.0
14:42 bilby INFO    : log10_mej_wind=Uniform(minimum=-3.0, maximum=-0.5, name='log10_mej_wind', latex_label='$\\log_{10}M^{\\rm{wind}}_{\\rm{ej}}$', unit=None, boundary='reflective')
14:42 bilby INFO    : Analysis likelihood class: <class 'nmma.em.likelihood.OpticalLightCurve'>
14:42 bilby INFO    : inclination_EM=Sine(minimum=0.0, maximum=1.5707963267948966, name='inclination_EM', latex_label='$\\iota$', unit=None, boundary=None)
14:42 bilby INFO    : log10_mej_wind=Uniform(minimum=-3.0, maximum=-0.5, name='log10_mej_wind', latex_label='$\\log_{10}M^{\\rm{wind}}_{\\rm{ej}}$', unit=None, boundary='reflective')
14:42 bilby INFO    : log10_mej_wind=Uniform(minimum=-3.0, maximum=-0.5, name='log10_mej_wind', latex_label='$\\log_{10}M^{\\rm{wind}}_{\\rm{ej}}$', unit=None, boundary='reflective')
14:42 bilby INFO    : log10_mej_wind=Uniform(minimum=-3.0, maximum=-0.5, name='log10_mej_wind', latex_label='$\\log_{10}M^{\\rm{wind}}_{\\rm{ej}}$', unit=None, boundary='reflective')
14:42 bilby INFO    : log10_mej_wind=Uniform(minimum=-3.0, maximum=-0.5, name='log10_mej_wind', latex_label='$\\log_{10}M^{\\rm{wind}}_{\\rm{ej}}$', unit=None, boundary='reflective')
14:42 bilby INFO    : Analysis likelihood noise evidence: 0.0
14:42 bilby INFO    : log10_mej_wind=Uniform(minimum=-3.0, maximum=-0.5, name='log10_mej_wind', latex_label='$\\log_{10}M^{\\rm{wind}}_{\\rm{ej}}$', unit=None, boundary='reflective')
14:42 bilby INFO    : log10_mej_wind=Uniform(minimum=-3.0, maximum=-0.5, name='log10_mej_wind', latex_label='$\\log_{10}M^{\\rm{wind}}_{\\rm{ej}}$', unit=None, boundary='reflective')
14:42 bilby INFO    : log10_mej_dyn=Uniform(minimum=-3.0, maximum=-1.0, name='log10_mej_dyn', latex_label='$\\log_{10}M^{\\rm{dyn}}_{\\rm{ej}}$', unit=None, boundary='reflective')
14:42 bilby INFO    : log10_mej_wind=Uniform(minimum=-3.0, maximum=-0.5, name='log10_mej_wind', latex_label='$\\log_{10}M^{\\rm{wind}}_{\\rm{ej}}$', unit=None, boundary='reflective')
14:42 bilby INFO    : log10_mej_dyn=Uniform(minimum=-3.0, maximum=-1.0, name='log10_mej_dyn', latex_label='$\\log_{10}M^{\\rm{dyn}}_{\\rm{ej}}$', unit=None, boundary='reflective')
14:42 bilby INFO    : luminosity_distance=40.0
14:42 bilby INFO    : inclination_EM=Sine(minimum=0.0, maximum=1.5707963267948966, name='inclination_EM', latex_label='$\\iota$', unit=None, boundary=None)
14:42 bilby INFO    : log10_mej_wind=Uniform(minimum=-3.0, maximum=-0.5, name='log10_mej_wind', latex_label='$\\log_{10}M^{\\rm{wind}}_{\\rm{ej}}$', unit=None, boundary='reflective')
14:42 bilby INFO    : log10_mej_dyn=Uniform(minimum=-3.0, maximum=-1.0, name='log10_mej_dyn', latex_label='$\\log_{10}M^{\\rm{dyn}}_{\\rm{ej}}$', unit=None, boundary='reflective')
14:42 bilby INFO    : log10_mej_dyn=Uniform(minimum=-3.0, maximum=-1.0, name='log10_mej_dyn', latex_label='$\\log_{10}M^{\\rm{dyn}}_{\\rm{ej}}$', unit=None, boundary='reflective')
14:42 bilby INFO    : inclination_EM=Sine(minimum=0.0, maximum=1.5707963267948966, name='inclination_EM', latex_label='$\\iota$', unit=None, boundary=None)
14:42 bilby INFO    : log10_mej_dyn=Uniform(minimum=-3.0, maximum=-1.0, name='log10_mej_dyn', latex_label='$\\log_{10}M^{\\rm{dyn}}_{\\rm{ej}}$', unit=None, boundary='reflective')
14:42 bilby INFO    : log10_mej_dyn=Uniform(minimum=-3.0, maximum=-1.0, name='log10_mej_dyn', latex_label='$\\log_{10}M^{\\rm{dyn}}_{\\rm{ej}}$', unit=None, boundary='reflective')
14:42 bilby INFO    : log10_mej_dyn=Uniform(minimum=-3.0, maximum=-1.0, name='log10_mej_dyn', latex_label='$\\log_{10}M^{\\rm{dyn}}_{\\rm{ej}}$', unit=None, boundary='reflective')
14:42 bilby INFO    : timeshift=0.0
14:42 bilby INFO    : luminosity_distance=40.0
14:42 bilby INFO    : luminosity_distance=40.0
14:42 bilby INFO    : em_syserr=1.0
14:42 bilby INFO    : timeshift=0.0
14:42 bilby INFO    : timeshift=0.0
14:42 bilby INFO    : inclination_EM=Sine(minimum=0.0, maximum=1.5707963267948966, name='inclination_EM', latex_label='$\\iota$', unit=None, boundary=None)
14:42 bilby INFO    : log10_mej_wind=Uniform(minimum=-3.0, maximum=-0.5, name='log10_mej_wind', latex_label='$\\log_{10}M^{\\rm{wind}}_{\\rm{ej}}$', unit=None, boundary='reflective')
14:42 bilby INFO    : inclination_EM=Sine(minimum=0.0, maximum=1.5707963267948966, name='inclination_EM', latex_label='$\\iota$', unit=None, boundary=None)
14:42 bilby INFO    : inclination_EM=Sine(minimum=0.0, maximum=1.5707963267948966, name='inclination_EM', latex_label='$\\iota$', unit=None, boundary=None)
14:42 bilby INFO    : inclination_EM=Sine(minimum=0.0, maximum=1.5707963267948966, name='inclination_EM', latex_label='$\\iota$', unit=None, boundary=None)
14:42 bilby INFO    : inclination_EM=Sine(minimum=0.0, maximum=1.5707963267948966, name='inclination_EM', latex_label='$\\iota$', unit=None, boundary=None)
14:42 bilby INFO    : em_syserr=1.0
14:42 bilby INFO    : Ebv=0.0
14:42 bilby INFO    : inclination_EM=Sine(minimum=0.0, maximum=1.5707963267948966, name='inclination_EM', latex_label='$\\iota$', unit=None, boundary=None)
14:42 bilby INFO    : log10_mej_wind=Uniform(minimum=-3.0, maximum=-0.5, name='log10_mej_wind', latex_label='$\\log_{10}M^{\\rm{wind}}_{\\rm{ej}}$', unit=None, boundary='reflective')
14:42 bilby INFO    : log10_mej_wind=Uniform(minimum=-3.0, maximum=-0.5, name='log10_mej_wind', latex_label='$\\log_{10}M^{\\rm{wind}}_{\\rm{ej}}$', unit=None, boundary='reflective')
14:42 bilby INFO    : luminosity_distance=40.0
14:42 bilby INFO    : luminosity_distance=40.0
14:42 bilby INFO    : log10_mej_wind=Uniform(minimum=-3.0, maximum=-0.5, name='log10_mej_wind', latex_label='$\\log_{10}M^{\\rm{wind}}_{\\rm{ej}}$', unit=None, boundary='reflective')
14:42 bilby INFO    : inclination_EM=Sine(minimum=0.0, maximum=1.5707963267948966, name='inclination_EM', latex_label='$\\iota$', unit=None, boundary=None)
14:42 bilby INFO    : em_syserr=1.0
14:42 bilby INFO    : Analysis likelihood class: <class 'nmma.em.likelihood.OpticalLightCurve'>
14:42 bilby INFO    : log10_mej_wind=Uniform(minimum=-3.0, maximum=-0.5, name='log10_mej_wind', latex_label='$\\log_{10}M^{\\rm{wind}}_{\\rm{ej}}$', unit=None, boundary='reflective')
14:42 bilby INFO    : luminosity_distance=40.0
14:42 bilby INFO    : luminosity_distance=40.0
14:42 bilby INFO    : log10_mej_wind=Uniform(minimum=-3.0, maximum=-0.5, name='log10_mej_wind', latex_label='$\\log_{10}M^{\\rm{wind}}_{\\rm{ej}}$', unit=None, boundary='reflective')
14:42 bilby INFO    : luminosity_distance=40.0
14:42 bilby INFO    : log10_mej_wind=Uniform(minimum=-3.0, maximum=-0.5, name='log10_mej_wind', latex_label='$\\log_{10}M^{\\rm{wind}}_{\\rm{ej}}$', unit=None, boundary='reflective')
14:42 bilby INFO    : Ebv=0.0
14:42 bilby INFO    : inclination_EM=Sine(minimum=0.0, maximum=1.5707963267948966, name='inclination_EM', latex_label='$\\iota$', unit=None, boundary=None)
14:42 bilby INFO    : Ebv=0.0
14:42 bilby INFO    : luminosity_distance=40.0
14:42 bilby INFO    : inclination_EM=Sine(minimum=0.0, maximum=1.5707963267948966, name='inclination_EM', latex_label='$\\iota$', unit=None, boundary=None)
14:42 bilby INFO    : log10_mej_wind=Uniform(minimum=-3.0, maximum=-0.5, name='log10_mej_wind', latex_label='$\\log_{10}M^{\\rm{wind}}_{\\rm{ej}}$', unit=None, boundary='reflective')
14:42 bilby INFO    : timeshift=0.0
14:42 bilby INFO    : timeshift=0.0
14:42 bilby INFO    : timeshift=0.0
14:42 bilby INFO    : timeshift=0.0
14:42 bilby INFO    : timeshift=0.0
14:42 bilby INFO    : Analysis likelihood class: <class 'nmma.em.likelihood.OpticalLightCurve'>
14:42 bilby INFO    : luminosity_distance=40.0
14:42 bilby INFO    : luminosity_distance=40.0
14:42 bilby INFO    : Analysis likelihood noise evidence: 0.0
14:42 bilby INFO    : timeshift=0.0
14:42 bilby INFO    : luminosity_distance=40.0
14:42 bilby INFO    : inclination_EM=Sine(minimum=0.0, maximum=1.5707963267948966, name='inclination_EM', latex_label='$\\iota$', unit=None, boundary=None)
14:42 bilby INFO    : em_syserr=1.0
14:42 bilby INFO    : em_syserr=1.0
14:42 bilby INFO    : em_syserr=1.0
14:42 bilby INFO    : em_syserr=1.0
14:42 bilby INFO    : Ebv=0.0
14:42 bilby INFO    : em_syserr=1.0
14:42 bilby INFO    : Ebv=0.0
14:42 bilby INFO    : Analysis likelihood noise evidence: 0.0
14:42 bilby INFO    : timeshift=0.0
14:42 bilby INFO    : Analysis likelihood class: <class 'nmma.em.likelihood.OpticalLightCurve'>
14:42 bilby INFO    : Analysis likelihood noise evidence: 0.0
14:42 bilby INFO    : inclination_EM=Sine(minimum=0.0, maximum=1.5707963267948966, name='inclination_EM', latex_label='$\\iota$', unit=None, boundary=None)
14:42 bilby INFO    : em_syserr=1.0
14:42 bilby INFO    : timeshift=0.0
14:42 bilby INFO    : Ebv=0.0
14:42 bilby INFO    : luminosity_distance=40.0
14:42 bilby INFO    : Ebv=0.0
14:42 bilby INFO    : Ebv=0.0
14:42 bilby INFO    : Ebv=0.0
14:42 bilby INFO    : em_syserr=1.0
14:42 bilby INFO    : timeshift=0.0
14:42 bilby INFO    : em_syserr=1.0
14:42 bilby INFO    : inclination_EM=Sine(minimum=0.0, maximum=1.5707963267948966, name='inclination_EM', latex_label='$\\iota$', unit=None, boundary=None)
14:42 bilby INFO    : luminosity_distance=40.0
14:42 bilby INFO    : inclination_EM=Sine(minimum=0.0, maximum=1.5707963267948966, name='inclination_EM', latex_label='$\\iota$', unit=None, boundary=None)
14:42 bilby INFO    : luminosity_distance=40.0
14:42 bilby INFO    : luminosity_distance=40.0
14:42 bilby INFO    : em_syserr=1.0
14:42 bilby INFO    : timeshift=0.0
14:42 bilby INFO    : inclination_EM=Sine(minimum=0.0, maximum=1.5707963267948966, name='inclination_EM', latex_label='$\\iota$', unit=None, boundary=None)
14:42 bilby INFO    : Analysis likelihood class: <class 'nmma.em.likelihood.OpticalLightCurve'>
14:42 bilby INFO    : inclination_EM=Sine(minimum=0.0, maximum=1.5707963267948966, name='inclination_EM', latex_label='$\\iota$', unit=None, boundary=None)
14:42 bilby INFO    : timeshift=0.0
14:42 bilby INFO    : Analysis likelihood class: <class 'nmma.em.likelihood.OpticalLightCurve'>
14:42 bilby INFO    : inclination_EM=Sine(minimum=0.0, maximum=1.5707963267948966, name='inclination_EM', latex_label='$\\iota$', unit=None, boundary=None)
14:42 bilby INFO    : luminosity_distance=40.0
14:42 bilby INFO    : Analysis likelihood class: <class 'nmma.em.likelihood.OpticalLightCurve'>
14:42 bilby INFO    : Analysis likelihood class: <class 'nmma.em.likelihood.OpticalLightCurve'>
14:42 bilby INFO    : Analysis likelihood noise evidence: 0.0
14:42 bilby INFO    : inclination_EM=Sine(minimum=0.0, maximum=1.5707963267948966, name='inclination_EM', latex_label='$\\iota$', unit=None, boundary=None)
14:42 bilby INFO    : luminosity_distance=40.0
14:42 bilby INFO    : Analysis likelihood class: <class 'nmma.em.likelihood.OpticalLightCurve'>
14:42 bilby INFO    : Analysis likelihood noise evidence: 0.0
14:42 bilby INFO    : Analysis likelihood class: <class 'nmma.em.likelihood.OpticalLightCurve'>
14:42 bilby INFO    : Ebv=0.0
14:42 bilby INFO    : Analysis likelihood class: <class 'nmma.em.likelihood.OpticalLightCurve'>
14:42 bilby INFO    : timeshift=0.0
14:42 bilby INFO    : Ebv=0.0
14:42 bilby INFO    : em_syserr=1.0
14:42 bilby INFO    : luminosity_distance=40.0
14:42 bilby INFO    : luminosity_distance=40.0
14:42 bilby INFO    : em_syserr=1.0
14:42 bilby INFO    : Analysis likelihood noise evidence: 0.0
14:42 bilby INFO    : Analysis likelihood noise evidence: 0.0
14:42 bilby INFO    : Ebv=0.0
14:42 bilby INFO    : timeshift=0.0
14:42 bilby INFO    : em_syserr=1.0
14:42 bilby INFO    : Analysis likelihood class: <class 'nmma.em.likelihood.OpticalLightCurve'>
14:42 bilby INFO    : em_syserr=1.0
14:42 bilby INFO    : Ebv=0.0
14:42 bilby INFO    : Ebv=0.0
14:42 bilby INFO    : Analysis likelihood noise evidence: 0.0
14:42 bilby INFO    : timeshift=0.0
14:42 bilby INFO    : timeshift=0.0
14:42 bilby INFO    : Ebv=0.0
14:42 bilby INFO    : Analysis likelihood class: <class 'nmma.em.likelihood.OpticalLightCurve'>
14:42 bilby INFO    : timeshift=0.0
14:42 bilby INFO    : em_syserr=1.0
14:42 bilby INFO    : timeshift=0.0
14:42 bilby INFO    : em_syserr=1.0
14:42 bilby INFO    : Analysis likelihood noise evidence: 0.0
14:42 bilby INFO    : Analysis likelihood class: <class 'nmma.em.likelihood.OpticalLightCurve'>
14:42 bilby INFO    : Analysis likelihood noise evidence: 0.0
14:42 bilby INFO    : Analysis likelihood noise evidence: 0.0
14:42 bilby INFO    : Ebv=0.0
14:42 bilby INFO    : Analysis likelihood class: <class 'nmma.em.likelihood.OpticalLightCurve'>
14:42 bilby INFO    : Analysis likelihood class: <class 'nmma.em.likelihood.OpticalLightCurve'>
14:42 bilby INFO    : Analysis likelihood class: <class 'nmma.em.likelihood.OpticalLightCurve'>
14:42 bilby INFO    : em_syserr=1.0
14:42 bilby INFO    : em_syserr=1.0
14:42 bilby INFO    : Analysis likelihood noise evidence: 0.0
14:42 bilby INFO    : Analysis likelihood noise evidence: 0.0
14:42 bilby INFO    : Ebv=0.0
14:42 bilby INFO    : Analysis likelihood noise evidence: 0.0
14:42 bilby INFO    : Ebv=0.0
14:42 bilby INFO    : Ebv=0.0
14:42 bilby INFO    : Analysis likelihood class: <class 'nmma.em.likelihood.OpticalLightCurve'>
14:42 bilby INFO    : Ebv=0.0
14:42 bilby INFO    : Analysis likelihood noise evidence: 0.0
14:42 bilby INFO    : Analysis likelihood noise evidence: 0.0
14:42 bilby INFO    : Analysis likelihood class: <class 'nmma.em.likelihood.OpticalLightCurve'>
14:42 bilby INFO    : Analysis likelihood class: <class 'nmma.em.likelihood.OpticalLightCurve'>
14:42 bilby INFO    : Analysis likelihood class: <class 'nmma.em.likelihood.OpticalLightCurve'>
14:42 bilby INFO    : Analysis likelihood noise evidence: 0.0
14:42 bilby INFO    : Analysis likelihood noise evidence: 0.0
14:42 bilby INFO    : Analysis likelihood noise evidence: 0.0
14:42 bilby INFO    : Analysis likelihood noise evidence: 0.0
14:42 bilby INFO    : KNphi=Uniform(minimum=15.0, maximum=75.0, name='KNphi', latex_label='$\\Phi$', unit=None, boundary=None)
14:42 bilby INFO    : log10_mej_dyn=Uniform(minimum=-3.0, maximum=-1.0, name='log10_mej_dyn', latex_label='$\\log_{10}M^{\\rm{dyn}}_{\\rm{ej}}$', unit=None, boundary='reflective')
14:42 bilby INFO    : log10_mej_wind=Uniform(minimum=-3.0, maximum=-0.5, name='log10_mej_wind', latex_label='$\\log_{10}M^{\\rm{wind}}_{\\rm{ej}}$', unit=None, boundary='reflective')
14:42 bilby INFO    : inclination_EM=Sine(minimum=0.0, maximum=1.5707963267948966, name='inclination_EM', latex_label='$\\iota$', unit=None, boundary=None)
14:42 bilby INFO    : luminosity_distance=40.0
14:42 bilby INFO    : timeshift=0.0
14:42 bilby INFO    : em_syserr=1.0
14:42 bilby INFO    : Ebv=0.0
14:42 bilby INFO    : Analysis likelihood class: <class 'nmma.em.likelihood.OpticalLightCurve'>
14:42 bilby INFO    : Analysis likelihood noise evidence: 0.0
14:43 bilby INFO    : Single likelihood evaluation took 9.875e-02 s
14:43 bilby WARNING : Supplied argument 'queue_size' not an argument of 'Pymultinest', removing.
14:43 bilby WARNING : Supplied argument 'check_point_delta_t' not an argument of 'Pymultinest', removing.
14:43 bilby INFO    : Using sampler Pymultinest with kwargs {'importance_nested_sampling': False, 'resume': True, 'verbose': True, 'sampling_efficiency': 'parameter', 'n_live_points': 2048, 'n_params': 4, 'n_clustering_params': None, 'wrapped_params': None, 'multimodal': True, 'const_efficiency_mode': False, 'evidence_tolerance': 0.5, 'n_iter_before_update': 100, 'null_log_evidence': -1e+90, 'max_modes': 100, 'mode_tolerance': -1e+90, 'seed': 42, 'context': 0, 'write_output': True, 'log_zero': -1e+100, 'max_iter': 0, 'init_MPI': False, 'dump_callback': <bound method Pymultinest._dump_callback of <bilby.core.sampler.pymultinest.Pymultinest object at 0x1554e6db9c30>>}
14:43 bilby INFO    : Temporary directory incompatible with MPI, will run in original directory
14:43 bilby INFO    : Using output file outdirBNSBu32cores/pm_AT170817/
14:43 bilby INFO    : Single likelihood evaluation took 2.392e-01 s
14:43 bilby WARNING : Supplied argument 'queue_size' not an argument of 'Pymultinest', removing.
14:43 bilby WARNING : Supplied argument 'check_point_delta_t' not an argument of 'Pymultinest', removing.
14:43 bilby INFO    : Using sampler Pymultinest with kwargs {'importance_nested_sampling': False, 'resume': True, 'verbose': True, 'sampling_efficiency': 'parameter', 'n_live_points': 2048, 'n_params': 4, 'n_clustering_params': None, 'wrapped_params': None, 'multimodal': True, 'const_efficiency_mode': False, 'evidence_tolerance': 0.5, 'n_iter_before_update': 100, 'null_log_evidence': -1e+90, 'max_modes': 100, 'mode_tolerance': -1e+90, 'seed': 42, 'context': 0, 'write_output': True, 'log_zero': -1e+100, 'max_iter': 0, 'init_MPI': False, 'dump_callback': <bound method Pymultinest._dump_callback of <bilby.core.sampler.pymultinest.Pymultinest object at 0x1554e6db9ed0>>}
14:43 bilby INFO    : Temporary directory incompatible with MPI, will run in original directory
14:43 bilby INFO    : Using output file outdirBNSBu32cores/pm_AT170817/
14:43 bilby INFO    : Single likelihood evaluation took 2.877e-01 s
14:43 bilby INFO    : Single likelihood evaluation took 2.883e-01 s
14:43 bilby INFO    : Single likelihood evaluation took 2.884e-01 s
14:43 bilby INFO    : Single likelihood evaluation took 2.885e-01 s
14:43 bilby WARNING : Supplied argument 'queue_size' not an argument of 'Pymultinest', removing.
14:43 bilby WARNING : Supplied argument 'check_point_delta_t' not an argument of 'Pymultinest', removing.
14:43 bilby INFO    : Using sampler Pymultinest with kwargs {'importance_nested_sampling': False, 'resume': True, 'verbose': True, 'sampling_efficiency': 'parameter', 'n_live_points': 2048, 'n_params': 4, 'n_clustering_params': None, 'wrapped_params': None, 'multimodal': True, 'const_efficiency_mode': False, 'evidence_tolerance': 0.5, 'n_iter_before_update': 100, 'null_log_evidence': -1e+90, 'max_modes': 100, 'mode_tolerance': -1e+90, 'seed': 42, 'context': 0, 'write_output': True, 'log_zero': -1e+100, 'max_iter': 0, 'init_MPI': False, 'dump_callback': <bound method Pymultinest._dump_callback of <bilby.core.sampler.pymultinest.Pymultinest object at 0x1554f39d1f30>>}
14:43 bilby INFO    : Temporary directory incompatible with MPI, will run in original directory
14:43 bilby INFO    : Using output file outdirBNSBu32cores/pm_AT170817/
14:43 bilby WARNING : Supplied argument 'queue_size' not an argument of 'Pymultinest', removing.
14:43 bilby WARNING : Supplied argument 'check_point_delta_t' not an argument of 'Pymultinest', removing.
14:43 bilby INFO    : Using sampler Pymultinest with kwargs {'importance_nested_sampling': False, 'resume': True, 'verbose': True, 'sampling_efficiency': 'parameter', 'n_live_points': 2048, 'n_params': 4, 'n_clustering_params': None, 'wrapped_params': None, 'multimodal': True, 'const_efficiency_mode': False, 'evidence_tolerance': 0.5, 'n_iter_before_update': 100, 'null_log_evidence': -1e+90, 'max_modes': 100, 'mode_tolerance': -1e+90, 'seed': 42, 'context': 0, 'write_output': True, 'log_zero': -1e+100, 'max_iter': 0, 'init_MPI': False, 'dump_callback': <bound method Pymultinest._dump_callback of <bilby.core.sampler.pymultinest.Pymultinest object at 0x1554f7421d80>>}
14:43 bilby INFO    : Temporary directory incompatible with MPI, will run in original directory
14:43 bilby WARNING : Supplied argument 'queue_size' not an argument of 'Pymultinest', removing.
14:43 bilby INFO    : Using output file outdirBNSBu32cores/pm_AT170817/
14:43 bilby WARNING : Supplied argument 'check_point_delta_t' not an argument of 'Pymultinest', removing.
14:43 bilby INFO    : Using sampler Pymultinest with kwargs {'importance_nested_sampling': False, 'resume': True, 'verbose': True, 'sampling_efficiency': 'parameter', 'n_live_points': 2048, 'n_params': 4, 'n_clustering_params': None, 'wrapped_params': None, 'multimodal': True, 'const_efficiency_mode': False, 'evidence_tolerance': 0.5, 'n_iter_before_update': 100, 'null_log_evidence': -1e+90, 'max_modes': 100, 'mode_tolerance': -1e+90, 'seed': 42, 'context': 0, 'write_output': True, 'log_zero': -1e+100, 'max_iter': 0, 'init_MPI': False, 'dump_callback': <bound method Pymultinest._dump_callback of <bilby.core.sampler.pymultinest.Pymultinest object at 0x1554f60aa2c0>>}
14:43 bilby INFO    : Temporary directory incompatible with MPI, will run in original directory
14:43 bilby INFO    : Using output file outdirBNSBu32cores/pm_AT170817/
14:43 bilby WARNING : Supplied argument 'queue_size' not an argument of 'Pymultinest', removing.
14:43 bilby WARNING : Supplied argument 'check_point_delta_t' not an argument of 'Pymultinest', removing.
14:43 bilby INFO    : Using sampler Pymultinest with kwargs {'importance_nested_sampling': False, 'resume': True, 'verbose': True, 'sampling_efficiency': 'parameter', 'n_live_points': 2048, 'n_params': 4, 'n_clustering_params': None, 'wrapped_params': None, 'multimodal': True, 'const_efficiency_mode': False, 'evidence_tolerance': 0.5, 'n_iter_before_update': 100, 'null_log_evidence': -1e+90, 'max_modes': 100, 'mode_tolerance': -1e+90, 'seed': 42, 'context': 0, 'write_output': True, 'log_zero': -1e+100, 'max_iter': 0, 'init_MPI': False, 'dump_callback': <bound method Pymultinest._dump_callback of <bilby.core.sampler.pymultinest.Pymultinest object at 0x1554f4d42080>>}
14:43 bilby INFO    : Temporary directory incompatible with MPI, will run in original directory
14:43 bilby INFO    : Using output file outdirBNSBu32cores/pm_AT170817/
14:43 bilby INFO    : Single likelihood evaluation took 2.915e-01 s
14:43 bilby INFO    : Single likelihood evaluation took 2.928e-01 s
14:43 bilby INFO    : Single likelihood evaluation took 2.928e-01 s
14:43 bilby INFO    : Single likelihood evaluation took 2.928e-01 s
14:43 bilby WARNING : Supplied argument 'queue_size' not an argument of 'Pymultinest', removing.
14:43 bilby WARNING : Supplied argument 'check_point_delta_t' not an argument of 'Pymultinest', removing.
14:43 bilby INFO    : Using sampler Pymultinest with kwargs {'importance_nested_sampling': False, 'resume': True, 'verbose': True, 'sampling_efficiency': 'parameter', 'n_live_points': 2048, 'n_params': 4, 'n_clustering_params': None, 'wrapped_params': None, 'multimodal': True, 'const_efficiency_mode': False, 'evidence_tolerance': 0.5, 'n_iter_before_update': 100, 'null_log_evidence': -1e+90, 'max_modes': 100, 'mode_tolerance': -1e+90, 'seed': 42, 'context': 0, 'write_output': True, 'log_zero': -1e+100, 'max_iter': 0, 'init_MPI': False, 'dump_callback': <bound method Pymultinest._dump_callback of <bilby.core.sampler.pymultinest.Pymultinest object at 0x1554f7421ed0>>}
14:43 bilby INFO    : Temporary directory incompatible with MPI, will run in original directory
14:43 bilby INFO    : Using output file outdirBNSBu32cores/pm_AT170817/
14:43 bilby WARNING : Supplied argument 'queue_size' not an argument of 'Pymultinest', removing.
14:43 bilby WARNING : Supplied argument 'queue_size' not an argument of 'Pymultinest', removing.
14:43 bilby WARNING : Supplied argument 'check_point_delta_t' not an argument of 'Pymultinest', removing.
14:43 bilby WARNING : Supplied argument 'check_point_delta_t' not an argument of 'Pymultinest', removing.
14:43 bilby WARNING : Supplied argument 'queue_size' not an argument of 'Pymultinest', removing.
14:43 bilby WARNING : Supplied argument 'check_point_delta_t' not an argument of 'Pymultinest', removing.
14:43 bilby INFO    : Using sampler Pymultinest with kwargs {'importance_nested_sampling': False, 'resume': True, 'verbose': True, 'sampling_efficiency': 'parameter', 'n_live_points': 2048, 'n_params': 4, 'n_clustering_params': None, 'wrapped_params': None, 'multimodal': True, 'const_efficiency_mode': False, 'evidence_tolerance': 0.5, 'n_iter_before_update': 100, 'null_log_evidence': -1e+90, 'max_modes': 100, 'mode_tolerance': -1e+90, 'seed': 42, 'context': 0, 'write_output': True, 'log_zero': -1e+100, 'max_iter': 0, 'init_MPI': False, 'dump_callback': <bound method Pymultinest._dump_callback of <bilby.core.sampler.pymultinest.Pymultinest object at 0x1554eff7e1a0>>}
14:43 bilby INFO    : Using sampler Pymultinest with kwargs {'importance_nested_sampling': False, 'resume': True, 'verbose': True, 'sampling_efficiency': 'parameter', 'n_live_points': 2048, 'n_params': 4, 'n_clustering_params': None, 'wrapped_params': None, 'multimodal': True, 'const_efficiency_mode': False, 'evidence_tolerance': 0.5, 'n_iter_before_update': 100, 'null_log_evidence': -1e+90, 'max_modes': 100, 'mode_tolerance': -1e+90, 'seed': 42, 'context': 0, 'write_output': True, 'log_zero': -1e+100, 'max_iter': 0, 'init_MPI': False, 'dump_callback': <bound method Pymultinest._dump_callback of <bilby.core.sampler.pymultinest.Pymultinest object at 0x1554eb1b6200>>}
14:43 bilby INFO    : Using sampler Pymultinest with kwargs {'importance_nested_sampling': False, 'resume': True, 'verbose': True, 'sampling_efficiency': 'parameter', 'n_live_points': 2048, 'n_params': 4, 'n_clustering_params': None, 'wrapped_params': None, 'multimodal': True, 'const_efficiency_mode': False, 'evidence_tolerance': 0.5, 'n_iter_before_update': 100, 'null_log_evidence': -1e+90, 'max_modes': 100, 'mode_tolerance': -1e+90, 'seed': 42, 'context': 0, 'write_output': True, 'log_zero': -1e+100, 'max_iter': 0, 'init_MPI': False, 'dump_callback': <bound method Pymultinest._dump_callback of <bilby.core.sampler.pymultinest.Pymultinest object at 0x1554f4d42080>>}
14:43 bilby INFO    : Temporary directory incompatible with MPI, will run in original directory
14:43 bilby INFO    : Temporary directory incompatible with MPI, will run in original directory
14:43 bilby INFO    : Temporary directory incompatible with MPI, will run in original directory
14:43 bilby INFO    : Using output file outdirBNSBu32cores/pm_AT170817/
14:43 bilby INFO    : Using output file outdirBNSBu32cores/pm_AT170817/
14:43 bilby INFO    : Using output file outdirBNSBu32cores/pm_AT170817/
14:43 bilby INFO    : Single likelihood evaluation took 2.964e-01 s
14:43 bilby INFO    : Single likelihood evaluation took 2.973e-01 s
14:43 bilby INFO    : Single likelihood evaluation took 2.975e-01 s
14:43 bilby WARNING : Supplied argument 'queue_size' not an argument of 'Pymultinest', removing.
14:43 bilby WARNING : Supplied argument 'check_point_delta_t' not an argument of 'Pymultinest', removing.
14:43 bilby INFO    : Using sampler Pymultinest with kwargs {'importance_nested_sampling': False, 'resume': True, 'verbose': True, 'sampling_efficiency': 'parameter', 'n_live_points': 2048, 'n_params': 4, 'n_clustering_params': None, 'wrapped_params': None, 'multimodal': True, 'const_efficiency_mode': False, 'evidence_tolerance': 0.5, 'n_iter_before_update': 100, 'null_log_evidence': -1e+90, 'max_modes': 100, 'mode_tolerance': -1e+90, 'seed': 42, 'context': 0, 'write_output': True, 'log_zero': -1e+100, 'max_iter': 0, 'init_MPI': False, 'dump_callback': <bound method Pymultinest._dump_callback of <bilby.core.sampler.pymultinest.Pymultinest object at 0x1554e6dba020>>}
14:43 bilby INFO    : Temporary directory incompatible with MPI, will run in original directory
14:43 bilby INFO    : Using output file outdirBNSBu32cores/pm_AT170817/
14:43 bilby WARNING : Supplied argument 'queue_size' not an argument of 'Pymultinest', removing.
14:43 bilby WARNING : Supplied argument 'check_point_delta_t' not an argument of 'Pymultinest', removing.
14:43 bilby INFO    : Using sampler Pymultinest with kwargs {'importance_nested_sampling': False, 'resume': True, 'verbose': True, 'sampling_efficiency': 'parameter', 'n_live_points': 2048, 'n_params': 4, 'n_clustering_params': None, 'wrapped_params': None, 'multimodal': True, 'const_efficiency_mode': False, 'evidence_tolerance': 0.5, 'n_iter_before_update': 100, 'null_log_evidence': -1e+90, 'max_modes': 100, 'mode_tolerance': -1e+90, 'seed': 42, 'context': 0, 'write_output': True, 'log_zero': -1e+100, 'max_iter': 0, 'init_MPI': False, 'dump_callback': <bound method Pymultinest._dump_callback of <bilby.core.sampler.pymultinest.Pymultinest object at 0x1554e6dba050>>}
14:43 bilby INFO    : Temporary directory incompatible with MPI, will run in original directory
14:43 bilby INFO    : Using output file outdirBNSBu32cores/pm_AT170817/
14:43 bilby WARNING : Supplied argument 'queue_size' not an argument of 'Pymultinest', removing.
14:43 bilby WARNING : Supplied argument 'check_point_delta_t' not an argument of 'Pymultinest', removing.
14:43 bilby INFO    : Using sampler Pymultinest with kwargs {'importance_nested_sampling': False, 'resume': True, 'verbose': True, 'sampling_efficiency': 'parameter', 'n_live_points': 2048, 'n_params': 4, 'n_clustering_params': None, 'wrapped_params': None, 'multimodal': True, 'const_efficiency_mode': False, 'evidence_tolerance': 0.5, 'n_iter_before_update': 100, 'null_log_evidence': -1e+90, 'max_modes': 100, 'mode_tolerance': -1e+90, 'seed': 42, 'context': 0, 'write_output': True, 'log_zero': -1e+100, 'max_iter': 0, 'init_MPI': False, 'dump_callback': <bound method Pymultinest._dump_callback of <bilby.core.sampler.pymultinest.Pymultinest object at 0x1554e6dae5c0>>}
14:43 bilby INFO    : Temporary directory incompatible with MPI, will run in original directory
14:43 bilby INFO    : Using output file outdirBNSBu32cores/pm_AT170817/
14:43 bilby INFO    : Single likelihood evaluation took 3.065e-01 s
14:43 bilby INFO    : Single likelihood evaluation took 3.067e-01 s
14:43 bilby INFO    : Single likelihood evaluation took 3.069e-01 s
14:43 bilby WARNING : Supplied argument 'queue_size' not an argument of 'Pymultinest', removing.
14:43 bilby WARNING : Supplied argument 'check_point_delta_t' not an argument of 'Pymultinest', removing.
14:43 bilby INFO    : Using sampler Pymultinest with kwargs {'importance_nested_sampling': False, 'resume': True, 'verbose': True, 'sampling_efficiency': 'parameter', 'n_live_points': 2048, 'n_params': 4, 'n_clustering_params': None, 'wrapped_params': None, 'multimodal': True, 'const_efficiency_mode': False, 'evidence_tolerance': 0.5, 'n_iter_before_update': 100, 'null_log_evidence': -1e+90, 'max_modes': 100, 'mode_tolerance': -1e+90, 'seed': 42, 'context': 0, 'write_output': True, 'log_zero': -1e+100, 'max_iter': 0, 'init_MPI': False, 'dump_callback': <bound method Pymultinest._dump_callback of <bilby.core.sampler.pymultinest.Pymultinest object at 0x1554e6db9ff0>>}
14:43 bilby INFO    : Temporary directory incompatible with MPI, will run in original directory
14:43 bilby INFO    : Using output file outdirBNSBu32cores/pm_AT170817/
14:43 bilby WARNING : Supplied argument 'queue_size' not an argument of 'Pymultinest', removing.
14:43 bilby WARNING : Supplied argument 'check_point_delta_t' not an argument of 'Pymultinest', removing.
14:43 bilby INFO    : Using sampler Pymultinest with kwargs {'importance_nested_sampling': False, 'resume': True, 'verbose': True, 'sampling_efficiency': 'parameter', 'n_live_points': 2048, 'n_params': 4, 'n_clustering_params': None, 'wrapped_params': None, 'multimodal': True, 'const_efficiency_mode': False, 'evidence_tolerance': 0.5, 'n_iter_before_update': 100, 'null_log_evidence': -1e+90, 'max_modes': 100, 'mode_tolerance': -1e+90, 'seed': 42, 'context': 0, 'write_output': True, 'log_zero': -1e+100, 'max_iter': 0, 'init_MPI': False, 'dump_callback': <bound method Pymultinest._dump_callback of <bilby.core.sampler.pymultinest.Pymultinest object at 0x1554e5a49db0>>}
14:43 bilby INFO    : Temporary directory incompatible with MPI, will run in original directory
14:43 bilby INFO    : Using output file outdirBNSBu32cores/pm_AT170817/
14:43 bilby WARNING : Supplied argument 'queue_size' not an argument of 'Pymultinest', removing.
14:43 bilby WARNING : Supplied argument 'check_point_delta_t' not an argument of 'Pymultinest', removing.
14:43 bilby INFO    : Using sampler Pymultinest with kwargs {'importance_nested_sampling': False, 'resume': True, 'verbose': True, 'sampling_efficiency': 'parameter', 'n_live_points': 2048, 'n_params': 4, 'n_clustering_params': None, 'wrapped_params': None, 'multimodal': True, 'const_efficiency_mode': False, 'evidence_tolerance': 0.5, 'n_iter_before_update': 100, 'null_log_evidence': -1e+90, 'max_modes': 100, 'mode_tolerance': -1e+90, 'seed': 42, 'context': 0, 'write_output': True, 'log_zero': -1e+100, 'max_iter': 0, 'init_MPI': False, 'dump_callback': <bound method Pymultinest._dump_callback of <bilby.core.sampler.pymultinest.Pymultinest object at 0x1554e6dae3e0>>}
14:43 bilby INFO    : Temporary directory incompatible with MPI, will run in original directory
14:43 bilby INFO    : Using output file outdirBNSBu32cores/pm_AT170817/
14:43 bilby INFO    : Single likelihood evaluation took 3.084e-01 s
14:43 bilby WARNING : Supplied argument 'queue_size' not an argument of 'Pymultinest', removing.
14:43 bilby WARNING : Supplied argument 'check_point_delta_t' not an argument of 'Pymultinest', removing.
14:43 bilby INFO    : Using sampler Pymultinest with kwargs {'importance_nested_sampling': False, 'resume': True, 'verbose': True, 'sampling_efficiency': 'parameter', 'n_live_points': 2048, 'n_params': 4, 'n_clustering_params': None, 'wrapped_params': None, 'multimodal': True, 'const_efficiency_mode': False, 'evidence_tolerance': 0.5, 'n_iter_before_update': 100, 'null_log_evidence': -1e+90, 'max_modes': 100, 'mode_tolerance': -1e+90, 'seed': 42, 'context': 0, 'write_output': True, 'log_zero': -1e+100, 'max_iter': 0, 'init_MPI': False, 'dump_callback': <bound method Pymultinest._dump_callback of <bilby.core.sampler.pymultinest.Pymultinest object at 0x1554e6db9fc0>>}
14:43 bilby INFO    : Temporary directory incompatible with MPI, will run in original directory
14:43 bilby INFO    : Using output file outdirBNSBu32cores/pm_AT170817/
14:43 bilby INFO    : Single likelihood evaluation took 3.811e-01 s
14:43 bilby INFO    : Single likelihood evaluation took 3.811e-01 s
14:43 bilby INFO    : Single likelihood evaluation took 3.848e-01 s
14:43 bilby WARNING : Supplied argument 'queue_size' not an argument of 'Pymultinest', removing.
14:43 bilby WARNING : Supplied argument 'check_point_delta_t' not an argument of 'Pymultinest', removing.
14:43 bilby INFO    : Using sampler Pymultinest with kwargs {'importance_nested_sampling': False, 'resume': True, 'verbose': True, 'sampling_efficiency': 'parameter', 'n_live_points': 2048, 'n_params': 4, 'n_clustering_params': None, 'wrapped_params': None, 'multimodal': True, 'const_efficiency_mode': False, 'evidence_tolerance': 0.5, 'n_iter_before_update': 100, 'null_log_evidence': -1e+90, 'max_modes': 100, 'mode_tolerance': -1e+90, 'seed': 42, 'context': 0, 'write_output': True, 'log_zero': -1e+100, 'max_iter': 0, 'init_MPI': False, 'dump_callback': <bound method Pymultinest._dump_callback of <bilby.core.sampler.pymultinest.Pymultinest object at 0x1554cd5a2500>>}
14:43 bilby INFO    : Temporary directory incompatible with MPI, will run in original directory
14:43 bilby INFO    : Using output file outdirBNSBu32cores/pm_AT170817/
14:43 bilby WARNING : Supplied argument 'queue_size' not an argument of 'Pymultinest', removing.
14:43 bilby WARNING : Supplied argument 'check_point_delta_t' not an argument of 'Pymultinest', removing.
14:43 bilby INFO    : Using sampler Pymultinest with kwargs {'importance_nested_sampling': False, 'resume': True, 'verbose': True, 'sampling_efficiency': 'parameter', 'n_live_points': 2048, 'n_params': 4, 'n_clustering_params': None, 'wrapped_params': None, 'multimodal': True, 'const_efficiency_mode': False, 'evidence_tolerance': 0.5, 'n_iter_before_update': 100, 'null_log_evidence': -1e+90, 'max_modes': 100, 'mode_tolerance': -1e+90, 'seed': 42, 'context': 0, 'write_output': True, 'log_zero': -1e+100, 'max_iter': 0, 'init_MPI': False, 'dump_callback': <bound method Pymultinest._dump_callback of <bilby.core.sampler.pymultinest.Pymultinest object at 0x1554cd5adf90>>}
14:43 bilby INFO    : Temporary directory incompatible with MPI, will run in original directory
14:43 bilby INFO    : Using output file outdirBNSBu32cores/pm_AT170817/
14:43 bilby WARNING : Supplied argument 'queue_size' not an argument of 'Pymultinest', removing.
14:43 bilby WARNING : Supplied argument 'check_point_delta_t' not an argument of 'Pymultinest', removing.
14:43 bilby INFO    : Using sampler Pymultinest with kwargs {'importance_nested_sampling': False, 'resume': True, 'verbose': True, 'sampling_efficiency': 'parameter', 'n_live_points': 2048, 'n_params': 4, 'n_clustering_params': None, 'wrapped_params': None, 'multimodal': True, 'const_efficiency_mode': False, 'evidence_tolerance': 0.5, 'n_iter_before_update': 100, 'null_log_evidence': -1e+90, 'max_modes': 100, 'mode_tolerance': -1e+90, 'seed': 42, 'context': 0, 'write_output': True, 'log_zero': -1e+100, 'max_iter': 0, 'init_MPI': False, 'dump_callback': <bound method Pymultinest._dump_callback of <bilby.core.sampler.pymultinest.Pymultinest object at 0x1554cd5a26b0>>}
14:43 bilby INFO    : Temporary directory incompatible with MPI, will run in original directory
14:43 bilby INFO    : Using output file outdirBNSBu32cores/pm_AT170817/
14:43 bilby INFO    : Single likelihood evaluation took 4.173e-01 s
14:43 bilby WARNING : Supplied argument 'queue_size' not an argument of 'Pymultinest', removing.
14:43 bilby WARNING : Supplied argument 'check_point_delta_t' not an argument of 'Pymultinest', removing.
14:43 bilby INFO    : Using sampler Pymultinest with kwargs {'importance_nested_sampling': False, 'resume': True, 'verbose': True, 'sampling_efficiency': 'parameter', 'n_live_points': 2048, 'n_params': 4, 'n_clustering_params': None, 'wrapped_params': None, 'multimodal': True, 'const_efficiency_mode': False, 'evidence_tolerance': 0.5, 'n_iter_before_update': 100, 'null_log_evidence': -1e+90, 'max_modes': 100, 'mode_tolerance': -1e+90, 'seed': 42, 'context': 0, 'write_output': True, 'log_zero': -1e+100, 'max_iter': 0, 'init_MPI': False, 'dump_callback': <bound method Pymultinest._dump_callback of <bilby.core.sampler.pymultinest.Pymultinest object at 0x1554cd5aa1d0>>}
14:43 bilby INFO    : Temporary directory incompatible with MPI, will run in original directory
14:43 bilby INFO    : Using output file outdirBNSBu32cores/pm_AT170817/
14:43 bilby INFO    : Single likelihood evaluation took 4.414e-01 s
14:43 bilby INFO    : Single likelihood evaluation took 4.434e-01 s
14:43 bilby INFO    : Single likelihood evaluation took 4.435e-01 s
14:43 bilby INFO    : Single likelihood evaluation took 4.437e-01 s
14:43 bilby WARNING : Supplied argument 'queue_size' not an argument of 'Pymultinest', removing.
14:43 bilby WARNING : Supplied argument 'check_point_delta_t' not an argument of 'Pymultinest', removing.
14:43 bilby INFO    : Using sampler Pymultinest with kwargs {'importance_nested_sampling': False, 'resume': True, 'verbose': True, 'sampling_efficiency': 'parameter', 'n_live_points': 2048, 'n_params': 4, 'n_clustering_params': None, 'wrapped_params': None, 'multimodal': True, 'const_efficiency_mode': False, 'evidence_tolerance': 0.5, 'n_iter_before_update': 100, 'null_log_evidence': -1e+90, 'max_modes': 100, 'mode_tolerance': -1e+90, 'seed': 42, 'context': 0, 'write_output': True, 'log_zero': -1e+100, 'max_iter': 0, 'init_MPI': False, 'dump_callback': <bound method Pymultinest._dump_callback of <bilby.core.sampler.pymultinest.Pymultinest object at 0x1554cd5a6290>>}
14:43 bilby INFO    : Temporary directory incompatible with MPI, will run in original directory
14:43 bilby INFO    : Using output file outdirBNSBu32cores/pm_AT170817/
14:43 bilby WARNING : Supplied argument 'queue_size' not an argument of 'Pymultinest', removing.
14:43 bilby WARNING : Supplied argument 'check_point_delta_t' not an argument of 'Pymultinest', removing.
14:43 bilby INFO    : Using sampler Pymultinest with kwargs {'importance_nested_sampling': False, 'resume': True, 'verbose': True, 'sampling_efficiency': 'parameter', 'n_live_points': 2048, 'n_params': 4, 'n_clustering_params': None, 'wrapped_params': None, 'multimodal': True, 'const_efficiency_mode': False, 'evidence_tolerance': 0.5, 'n_iter_before_update': 100, 'null_log_evidence': -1e+90, 'max_modes': 100, 'mode_tolerance': -1e+90, 'seed': 42, 'context': 0, 'write_output': True, 'log_zero': -1e+100, 'max_iter': 0, 'init_MPI': False, 'dump_callback': <bound method Pymultinest._dump_callback of <bilby.core.sampler.pymultinest.Pymultinest object at 0x1554cd5a2410>>}
14:43 bilby INFO    : Temporary directory incompatible with MPI, will run in original directory
14:43 bilby INFO    : Using output file outdirBNSBu32cores/pm_AT170817/
14:43 bilby WARNING : Supplied argument 'queue_size' not an argument of 'Pymultinest', removing.
14:43 bilby WARNING : Supplied argument 'check_point_delta_t' not an argument of 'Pymultinest', removing.
14:43 bilby INFO    : Using sampler Pymultinest with kwargs {'importance_nested_sampling': False, 'resume': True, 'verbose': True, 'sampling_efficiency': 'parameter', 'n_live_points': 2048, 'n_params': 4, 'n_clustering_params': None, 'wrapped_params': None, 'multimodal': True, 'const_efficiency_mode': False, 'evidence_tolerance': 0.5, 'n_iter_before_update': 100, 'null_log_evidence': -1e+90, 'max_modes': 100, 'mode_tolerance': -1e+90, 'seed': 42, 'context': 0, 'write_output': True, 'log_zero': -1e+100, 'max_iter': 0, 'init_MPI': False, 'dump_callback': <bound method Pymultinest._dump_callback of <bilby.core.sampler.pymultinest.Pymultinest object at 0x1554cd5ade70>>}
14:43 bilby INFO    : Temporary directory incompatible with MPI, will run in original directory
14:43 bilby INFO    : Using output file outdirBNSBu32cores/pm_AT170817/
14:43 bilby WARNING : Supplied argument 'queue_size' not an argument of 'Pymultinest', removing.
14:43 bilby WARNING : Supplied argument 'check_point_delta_t' not an argument of 'Pymultinest', removing.
14:43 bilby INFO    : Using sampler Pymultinest with kwargs {'importance_nested_sampling': False, 'resume': True, 'verbose': True, 'sampling_efficiency': 'parameter', 'n_live_points': 2048, 'n_params': 4, 'n_clustering_params': None, 'wrapped_params': None, 'multimodal': True, 'const_efficiency_mode': False, 'evidence_tolerance': 0.5, 'n_iter_before_update': 100, 'null_log_evidence': -1e+90, 'max_modes': 100, 'mode_tolerance': -1e+90, 'seed': 42, 'context': 0, 'write_output': True, 'log_zero': -1e+100, 'max_iter': 0, 'init_MPI': False, 'dump_callback': <bound method Pymultinest._dump_callback of <bilby.core.sampler.pymultinest.Pymultinest object at 0x1554cd5b1ba0>>}
14:43 bilby INFO    : Temporary directory incompatible with MPI, will run in original directory
14:43 bilby INFO    : Using output file outdirBNSBu32cores/pm_AT170817/
14:43 bilby INFO    : Single likelihood evaluation took 4.498e-01 s
14:43 bilby INFO    : Single likelihood evaluation took 4.502e-01 s
14:43 bilby INFO    : Single likelihood evaluation took 4.508e-01 s
14:43 bilby WARNING : Supplied argument 'queue_size' not an argument of 'Pymultinest', removing.
14:43 bilby WARNING : Supplied argument 'check_point_delta_t' not an argument of 'Pymultinest', removing.
14:43 bilby INFO    : Using sampler Pymultinest with kwargs {'importance_nested_sampling': False, 'resume': True, 'verbose': True, 'sampling_efficiency': 'parameter', 'n_live_points': 2048, 'n_params': 4, 'n_clustering_params': None, 'wrapped_params': None, 'multimodal': True, 'const_efficiency_mode': False, 'evidence_tolerance': 0.5, 'n_iter_before_update': 100, 'null_log_evidence': -1e+90, 'max_modes': 100, 'mode_tolerance': -1e+90, 'seed': 42, 'context': 0, 'write_output': True, 'log_zero': -1e+100, 'max_iter': 0, 'init_MPI': False, 'dump_callback': <bound method Pymultinest._dump_callback of <bilby.core.sampler.pymultinest.Pymultinest object at 0x1554cd5a25c0>>}
14:43 bilby INFO    : Temporary directory incompatible with MPI, will run in original directory
14:43 bilby INFO    : Using output file outdirBNSBu32cores/pm_AT170817/
14:43 bilby WARNING : Supplied argument 'queue_size' not an argument of 'Pymultinest', removing.
14:43 bilby WARNING : Supplied argument 'check_point_delta_t' not an argument of 'Pymultinest', removing.
14:43 bilby INFO    : Using sampler Pymultinest with kwargs {'importance_nested_sampling': False, 'resume': True, 'verbose': True, 'sampling_efficiency': 'parameter', 'n_live_points': 2048, 'n_params': 4, 'n_clustering_params': None, 'wrapped_params': None, 'multimodal': True, 'const_efficiency_mode': False, 'evidence_tolerance': 0.5, 'n_iter_before_update': 100, 'null_log_evidence': -1e+90, 'max_modes': 100, 'mode_tolerance': -1e+90, 'seed': 42, 'context': 0, 'write_output': True, 'log_zero': -1e+100, 'max_iter': 0, 'init_MPI': False, 'dump_callback': <bound method Pymultinest._dump_callback of <bilby.core.sampler.pymultinest.Pymultinest object at 0x1554cd5a2470>>}
14:43 bilby INFO    : Temporary directory incompatible with MPI, will run in original directory
14:43 bilby INFO    : Using output file outdirBNSBu32cores/pm_AT170817/
14:43 bilby WARNING : Supplied argument 'queue_size' not an argument of 'Pymultinest', removing.
14:43 bilby WARNING : Supplied argument 'check_point_delta_t' not an argument of 'Pymultinest', removing.
14:43 bilby INFO    : Using sampler Pymultinest with kwargs {'importance_nested_sampling': False, 'resume': True, 'verbose': True, 'sampling_efficiency': 'parameter', 'n_live_points': 2048, 'n_params': 4, 'n_clustering_params': None, 'wrapped_params': None, 'multimodal': True, 'const_efficiency_mode': False, 'evidence_tolerance': 0.5, 'n_iter_before_update': 100, 'null_log_evidence': -1e+90, 'max_modes': 100, 'mode_tolerance': -1e+90, 'seed': 42, 'context': 0, 'write_output': True, 'log_zero': -1e+100, 'max_iter': 0, 'init_MPI': False, 'dump_callback': <bound method Pymultinest._dump_callback of <bilby.core.sampler.pymultinest.Pymultinest object at 0x1554cd5a2770>>}
14:43 bilby INFO    : Temporary directory incompatible with MPI, will run in original directory
14:43 bilby INFO    : Using output file outdirBNSBu32cores/pm_AT170817/
14:43 bilby INFO    : Single likelihood evaluation took 4.580e-01 s
14:43 bilby INFO    : Single likelihood evaluation took 4.584e-01 s
14:43 bilby INFO    : Single likelihood evaluation took 4.587e-01 s
14:43 bilby INFO    : Single likelihood evaluation took 4.587e-01 s
14:43 bilby WARNING : Supplied argument 'queue_size' not an argument of 'Pymultinest', removing.
14:43 bilby WARNING : Supplied argument 'check_point_delta_t' not an argument of 'Pymultinest', removing.
14:43 bilby INFO    : Using sampler Pymultinest with kwargs {'importance_nested_sampling': False, 'resume': True, 'verbose': True, 'sampling_efficiency': 'parameter', 'n_live_points': 2048, 'n_params': 4, 'n_clustering_params': None, 'wrapped_params': None, 'multimodal': True, 'const_efficiency_mode': False, 'evidence_tolerance': 0.5, 'n_iter_before_update': 100, 'null_log_evidence': -1e+90, 'max_modes': 100, 'mode_tolerance': -1e+90, 'seed': 42, 'context': 0, 'write_output': True, 'log_zero': -1e+100, 'max_iter': 0, 'init_MPI': False, 'dump_callback': <bound method Pymultinest._dump_callback of <bilby.core.sampler.pymultinest.Pymultinest object at 0x1554cd5b1b10>>}
14:43 bilby INFO    : Temporary directory incompatible with MPI, will run in original directory
14:43 bilby INFO    : Using output file outdirBNSBu32cores/pm_AT170817/
14:43 bilby WARNING : Supplied argument 'queue_size' not an argument of 'Pymultinest', removing.
14:43 bilby WARNING : Supplied argument 'check_point_delta_t' not an argument of 'Pymultinest', removing.
14:43 bilby INFO    : Using sampler Pymultinest with kwargs {'importance_nested_sampling': False, 'resume': True, 'verbose': True, 'sampling_efficiency': 'parameter', 'n_live_points': 2048, 'n_params': 4, 'n_clustering_params': None, 'wrapped_params': None, 'multimodal': True, 'const_efficiency_mode': False, 'evidence_tolerance': 0.5, 'n_iter_before_update': 100, 'null_log_evidence': -1e+90, 'max_modes': 100, 'mode_tolerance': -1e+90, 'seed': 42, 'context': 0, 'write_output': True, 'log_zero': -1e+100, 'max_iter': 0, 'init_MPI': False, 'dump_callback': <bound method Pymultinest._dump_callback of <bilby.core.sampler.pymultinest.Pymultinest object at 0x1554cc23a1a0>>}
14:43 bilby INFO    : Temporary directory incompatible with MPI, will run in original directory
14:43 bilby INFO    : Using output file outdirBNSBu32cores/pm_AT170817/
14:43 bilby WARNING : Supplied argument 'queue_size' not an argument of 'Pymultinest', removing.
14:43 bilby WARNING : Supplied argument 'queue_size' not an argument of 'Pymultinest', removing.
14:43 bilby WARNING : Supplied argument 'check_point_delta_t' not an argument of 'Pymultinest', removing.
14:43 bilby WARNING : Supplied argument 'check_point_delta_t' not an argument of 'Pymultinest', removing.
14:43 bilby INFO    : Using sampler Pymultinest with kwargs {'importance_nested_sampling': False, 'resume': True, 'verbose': True, 'sampling_efficiency': 'parameter', 'n_live_points': 2048, 'n_params': 4, 'n_clustering_params': None, 'wrapped_params': None, 'multimodal': True, 'const_efficiency_mode': False, 'evidence_tolerance': 0.5, 'n_iter_before_update': 100, 'null_log_evidence': -1e+90, 'max_modes': 100, 'mode_tolerance': -1e+90, 'seed': 42, 'context': 0, 'write_output': True, 'log_zero': -1e+100, 'max_iter': 0, 'init_MPI': False, 'dump_callback': <bound method Pymultinest._dump_callback of <bilby.core.sampler.pymultinest.Pymultinest object at 0x1554cd5ade10>>}
14:43 bilby INFO    : Using sampler Pymultinest with kwargs {'importance_nested_sampling': False, 'resume': True, 'verbose': True, 'sampling_efficiency': 'parameter', 'n_live_points': 2048, 'n_params': 4, 'n_clustering_params': None, 'wrapped_params': None, 'multimodal': True, 'const_efficiency_mode': False, 'evidence_tolerance': 0.5, 'n_iter_before_update': 100, 'null_log_evidence': -1e+90, 'max_modes': 100, 'mode_tolerance': -1e+90, 'seed': 42, 'context': 0, 'write_output': True, 'log_zero': -1e+100, 'max_iter': 0, 'init_MPI': False, 'dump_callback': <bound method Pymultinest._dump_callback of <bilby.core.sampler.pymultinest.Pymultinest object at 0x1554cc23dea0>>}
14:43 bilby INFO    : Temporary directory incompatible with MPI, will run in original directory
14:43 bilby INFO    : Temporary directory incompatible with MPI, will run in original directory
14:43 bilby INFO    : Using output file outdirBNSBu32cores/pm_AT170817/
14:43 bilby INFO    : Using output file outdirBNSBu32cores/pm_AT170817/
15:03 bilby INFO    : Sampling time: 0:20:22.591629
15:03 bilby INFO    : Sampling time: 0:20:21.625257
15:03 bilby INFO    : Sampling time: 0:20:22.601216
15:03 bilby INFO    : Sampling time: 0:20:21.725155
15:03 bilby INFO    : Sampling time: 0:20:21.742583
15:03 bilby INFO    : Sampling time: 0:20:21.714024
Traceback (most recent call last):
  File "/home/thussenot/.conda/envs/multinest/lib/python3.10/shutil.py", line 816, in move
    os.rename(src, real_dst)
FileNotFoundError: [Errno 2] No such file or directory: 'outdirBNSBu32cores/AT170817_result.json' -> 'outdirBNSBu32cores/AT170817_result.json.old'

During handling of the above exception, another exception occurred:

Traceback (most recent call last):
  File "/home/thussenot/.conda/envs/multinest/bin/lightcurve-analysis", line 8, in <module>
    sys.exit(main())
  File "/home/thussenot/.conda/envs/multinest/lib/python3.10/site-packages/nmma/em/analysis.py", line 994, in main
    analysis(args)
  File "/home/thussenot/.conda/envs/multinest/lib/python3.10/site-packages/nmma/em/analysis.py", line 691, in analysis
    result = bilby.run_sampler(
  File "/home/thussenot/.conda/envs/multinest/lib/python3.10/site-packages/bilby/core/sampler/__init__.py", line 262, in run_sampler
    result.save_to_file(extension=save, gzip=gzip, outdir=outdir)
  File "/home/thussenot/.conda/envs/multinest/lib/python3.10/site-packages/bilby/core/result.py", line 783, in save_to_file
    move_old_file(filename, overwrite)
  File "/home/thussenot/.conda/envs/multinest/lib/python3.10/site-packages/bilby/core/utils/io.py", line 411, in move_old_file
    shutil.move(filename, filename + ".old")
  File "/home/thussenot/.conda/envs/multinest/lib/python3.10/shutil.py", line 836, in move
    copy_function(src, real_dst)
  File "/home/thussenot/.conda/envs/multinest/lib/python3.10/shutil.py", line 434, in copy2
    copyfile(src, dst, follow_symlinks=follow_symlinks)
  File "/home/thussenot/.conda/envs/multinest/lib/python3.10/shutil.py", line 254, in copyfile
    with open(src, 'rb') as fsrc:
FileNotFoundError: [Errno 2] No such file or directory: 'outdirBNSBu32cores/AT170817_result.json'
15:03 bilby INFO    : Sampling time: 0:20:23.186854
15:03 bilby INFO    : Sampling time: 0:20:23.501279
15:03 bilby INFO    : Sampling time: 0:20:23.557796
15:03 bilby INFO    : Sampling time: 0:20:06.447644
15:03 bilby INFO    : Sampling time: 0:20:14.007029
15:03 bilby INFO    : Sampling time: 0:20:08.027891
Traceback (most recent call last):
  File "/home/thussenot/.conda/envs/multinest/lib/python3.10/shutil.py", line 816, in move
Traceback (most recent call last):
  File "/home/thussenot/.conda/envs/multinest/lib/python3.10/shutil.py", line 816, in move
Traceback (most recent call last):
  File "/home/thussenot/.conda/envs/multinest/lib/python3.10/shutil.py", line 816, in move
    os.rename(src, real_dst)
    os.rename(src, real_dst)
FileNotFoundError: [Errno 2] No such file or directory: 'outdirBNSBu32cores/AT170817_result.json' -> 'outdirBNSBu32cores/AT170817_result.json.old'

During handling of the above exception, another exception occurred:

Traceback (most recent call last):
  File "/home/thussenot/.conda/envs/multinest/bin/lightcurve-analysis", line 8, in <module>
    os.rename(src, real_dst)
FileNotFoundError: [Errno 2] No such file or directory: 'outdirBNSBu32cores/AT170817_result.json' -> 'outdirBNSBu32cores/AT170817_result.json.old'

During handling of the above exception, another exception occurred:

Traceback (most recent call last):
  File "/home/thussenot/.conda/envs/multinest/bin/lightcurve-analysis", line 8, in <module>
    sys.exit(main())
  File "/home/thussenot/.conda/envs/multinest/lib/python3.10/site-packages/nmma/em/analysis.py", line 994, in main
    sys.exit(main())
  File "/home/thussenot/.conda/envs/multinest/lib/python3.10/site-packages/nmma/em/analysis.py", line 994, in main
FileNotFoundError: [Errno 2] No such file or directory: 'outdirBNSBu32cores/AT170817_result.json' -> 'outdirBNSBu32cores/AT170817_result.json.old'

During handling of the above exception, another exception occurred:

Traceback (most recent call last):
  File "/home/thussenot/.conda/envs/multinest/bin/lightcurve-analysis", line 8, in <module>
    sys.exit(main())
  File "/home/thussenot/.conda/envs/multinest/lib/python3.10/site-packages/nmma/em/analysis.py", line 994, in main
    analysis(args)
  File "/home/thussenot/.conda/envs/multinest/lib/python3.10/site-packages/nmma/em/analysis.py", line 691, in analysis
    analysis(args)
  File "/home/thussenot/.conda/envs/multinest/lib/python3.10/site-packages/nmma/em/analysis.py", line 691, in analysis
    result = bilby.run_sampler(
    result = bilby.run_sampler(
  File "/home/thussenot/.conda/envs/multinest/lib/python3.10/site-packages/bilby/core/sampler/__init__.py", line 262, in run_sampler
  File "/home/thussenot/.conda/envs/multinest/lib/python3.10/site-packages/bilby/core/sampler/__init__.py", line 262, in run_sampler
    analysis(args)
    result.save_to_file(extension=save, gzip=gzip, outdir=outdir)
  File "/home/thussenot/.conda/envs/multinest/lib/python3.10/site-packages/bilby/core/result.py", line 783, in save_to_file
  File "/home/thussenot/.conda/envs/multinest/lib/python3.10/site-packages/nmma/em/analysis.py", line 691, in analysis
    result.save_to_file(extension=save, gzip=gzip, outdir=outdir)
  File "/home/thussenot/.conda/envs/multinest/lib/python3.10/site-packages/bilby/core/result.py", line 783, in save_to_file
    move_old_file(filename, overwrite)
    move_old_file(filename, overwrite)
  File "/home/thussenot/.conda/envs/multinest/lib/python3.10/site-packages/bilby/core/utils/io.py", line 411, in move_old_file
    result = bilby.run_sampler(
  File "/home/thussenot/.conda/envs/multinest/lib/python3.10/site-packages/bilby/core/sampler/__init__.py", line 262, in run_sampler
  File "/home/thussenot/.conda/envs/multinest/lib/python3.10/site-packages/bilby/core/utils/io.py", line 411, in move_old_file
    shutil.move(filename, filename + ".old")
  File "/home/thussenot/.conda/envs/multinest/lib/python3.10/shutil.py", line 836, in move
    result.save_to_file(extension=save, gzip=gzip, outdir=outdir)
    shutil.move(filename, filename + ".old")
  File "/home/thussenot/.conda/envs/multinest/lib/python3.10/shutil.py", line 836, in move
  File "/home/thussenot/.conda/envs/multinest/lib/python3.10/site-packages/bilby/core/result.py", line 783, in save_to_file
    copy_function(src, real_dst)
  File "/home/thussenot/.conda/envs/multinest/lib/python3.10/shutil.py", line 434, in copy2
15:03 bilby INFO    : Sampling time: 0:20:23.186833
    copy_function(src, real_dst)
  File "/home/thussenot/.conda/envs/multinest/lib/python3.10/shutil.py", line 434, in copy2
    move_old_file(filename, overwrite)
  File "/home/thussenot/.conda/envs/multinest/lib/python3.10/site-packages/bilby/core/utils/io.py", line 411, in move_old_file
    copyfile(src, dst, follow_symlinks=follow_symlinks)
  File "/home/thussenot/.conda/envs/multinest/lib/python3.10/shutil.py", line 254, in copyfile
    shutil.move(filename, filename + ".old")
    copyfile(src, dst, follow_symlinks=follow_symlinks)
  File "/home/thussenot/.conda/envs/multinest/lib/python3.10/shutil.py", line 254, in copyfile
  File "/home/thussenot/.conda/envs/multinest/lib/python3.10/shutil.py", line 836, in move
    with open(src, 'rb') as fsrc:
FileNotFoundError: [Errno 2] No such file or directory: 'outdirBNSBu32cores/AT170817_result.json'
    with open(src, 'rb') as fsrc:
FileNotFoundError: [Errno 2] No such file or directory: 'outdirBNSBu32cores/AT170817_result.json'
    copy_function(src, real_dst)
  File "/home/thussenot/.conda/envs/multinest/lib/python3.10/shutil.py", line 434, in copy2
    copyfile(src, dst, follow_symlinks=follow_symlinks)
  File "/home/thussenot/.conda/envs/multinest/lib/python3.10/shutil.py", line 254, in copyfile
    with open(src, 'rb') as fsrc:
FileNotFoundError: [Errno 2] No such file or directory: 'outdirBNSBu32cores/AT170817_result.json'
15:03 bilby INFO    : Sampling time: 0:20:07.149252
15:03 bilby INFO    : Sampling time: 0:20:23.187158
15:03 bilby INFO    : Sampling time: 0:20:23.297271
15:03 bilby INFO    : Sampling time: 0:20:06.395761
15:03 bilby INFO    : Sampling time: 0:20:06.395580
15:03 bilby INFO    : Sampling time: 0:20:23.505161
Traceback (most recent call last):
  File "/home/thussenot/.conda/envs/multinest/lib/python3.10/shutil.py", line 816, in move
Traceback (most recent call last):
Traceback (most recent call last):
  File "/home/thussenot/.conda/envs/multinest/lib/python3.10/shutil.py", line 816, in move
Traceback (most recent call last):
  File "/home/thussenot/.conda/envs/multinest/lib/python3.10/shutil.py", line 816, in move
Traceback (most recent call last):
  File "/home/thussenot/.conda/envs/multinest/lib/python3.10/shutil.py", line 816, in move
  File "/home/thussenot/.conda/envs/multinest/lib/python3.10/shutil.py", line 816, in move
    os.rename(src, real_dst)
    os.rename(src, real_dst)
    os.rename(src, real_dst)
FileNotFoundError: [Errno 2] No such file or directory: 'outdirBNSBu32cores/AT170817_result.json' -> 'outdirBNSBu32cores/AT170817_result.json.old'

During handling of the above exception, another exception occurred:

Traceback (most recent call last):
FileNotFoundError: [Errno 2] No such file or directory: 'outdirBNSBu32cores/AT170817_result.json' -> 'outdirBNSBu32cores/AT170817_result.json.old'

During handling of the above exception, another exception occurred:

Traceback (most recent call last):
  File "/home/thussenot/.conda/envs/multinest/bin/lightcurve-analysis", line 8, in <module>
  File "/home/thussenot/.conda/envs/multinest/bin/lightcurve-analysis", line 8, in <module>
    os.rename(src, real_dst)
FileNotFoundError: [Errno 2] No such file or directory: 'outdirBNSBu32cores/AT170817_result.json' -> 'outdirBNSBu32cores/AT170817_result.json.old'

During handling of the above exception, another exception occurred:

Traceback (most recent call last):
  File "/home/thussenot/.conda/envs/multinest/bin/lightcurve-analysis", line 8, in <module>
    os.rename(src, real_dst)
FileNotFoundError: [Errno 2] No such file or directory: 'outdirBNSBu32cores/AT170817_result.json' -> 'outdirBNSBu32cores/AT170817_result.json.old'

During handling of the above exception, another exception occurred:

Traceback (most recent call last):
  File "/home/thussenot/.conda/envs/multinest/bin/lightcurve-analysis", line 8, in <module>
    sys.exit(main())
FileNotFoundError: [Errno 2] No such file or directory: 'outdirBNSBu32cores/AT170817_result.json' -> 'outdirBNSBu32cores/AT170817_result.json.old'

During handling of the above exception, another exception occurred:

Traceback (most recent call last):
  File "/home/thussenot/.conda/envs/multinest/bin/lightcurve-analysis", line 8, in <module>
    sys.exit(main())
  File "/home/thussenot/.conda/envs/multinest/lib/python3.10/site-packages/nmma/em/analysis.py", line 994, in main
    sys.exit(main())
  File "/home/thussenot/.conda/envs/multinest/lib/python3.10/site-packages/nmma/em/analysis.py", line 994, in main
  File "/home/thussenot/.conda/envs/multinest/lib/python3.10/site-packages/nmma/em/analysis.py", line 994, in main
    sys.exit(main())
  File "/home/thussenot/.conda/envs/multinest/lib/python3.10/site-packages/nmma/em/analysis.py", line 994, in main
    sys.exit(main())
  File "/home/thussenot/.conda/envs/multinest/lib/python3.10/site-packages/nmma/em/analysis.py", line 994, in main
    analysis(args)
  File "/home/thussenot/.conda/envs/multinest/lib/python3.10/site-packages/nmma/em/analysis.py", line 691, in analysis
    analysis(args)
  File "/home/thussenot/.conda/envs/multinest/lib/python3.10/site-packages/nmma/em/analysis.py", line 691, in analysis
    analysis(args)
    analysis(args)
  File "/home/thussenot/.conda/envs/multinest/lib/python3.10/site-packages/nmma/em/analysis.py", line 691, in analysis
  File "/home/thussenot/.conda/envs/multinest/lib/python3.10/site-packages/nmma/em/analysis.py", line 691, in analysis
    analysis(args)
  File "/home/thussenot/.conda/envs/multinest/lib/python3.10/site-packages/nmma/em/analysis.py", line 691, in analysis
    result = bilby.run_sampler(
    result = bilby.run_sampler(
  File "/home/thussenot/.conda/envs/multinest/lib/python3.10/site-packages/bilby/core/sampler/__init__.py", line 262, in run_sampler
    result = bilby.run_sampler(
  File "/home/thussenot/.conda/envs/multinest/lib/python3.10/site-packages/bilby/core/sampler/__init__.py", line 262, in run_sampler
  File "/home/thussenot/.conda/envs/multinest/lib/python3.10/site-packages/bilby/core/sampler/__init__.py", line 262, in run_sampler
    result = bilby.run_sampler(
  File "/home/thussenot/.conda/envs/multinest/lib/python3.10/site-packages/bilby/core/sampler/__init__.py", line 262, in run_sampler
    result.save_to_file(extension=save, gzip=gzip, outdir=outdir)
  File "/home/thussenot/.conda/envs/multinest/lib/python3.10/site-packages/bilby/core/result.py", line 783, in save_to_file
    result.save_to_file(extension=save, gzip=gzip, outdir=outdir)
  File "/home/thussenot/.conda/envs/multinest/lib/python3.10/site-packages/bilby/core/result.py", line 783, in save_to_file
    result = bilby.run_sampler(
  File "/home/thussenot/.conda/envs/multinest/lib/python3.10/site-packages/bilby/core/sampler/__init__.py", line 262, in run_sampler
    result.save_to_file(extension=save, gzip=gzip, outdir=outdir)
  File "/home/thussenot/.conda/envs/multinest/lib/python3.10/site-packages/bilby/core/result.py", line 783, in save_to_file
    result.save_to_file(extension=save, gzip=gzip, outdir=outdir)
  File "/home/thussenot/.conda/envs/multinest/lib/python3.10/site-packages/bilby/core/result.py", line 783, in save_to_file
    move_old_file(filename, overwrite)
  File "/home/thussenot/.conda/envs/multinest/lib/python3.10/site-packages/bilby/core/utils/io.py", line 411, in move_old_file
    result.save_to_file(extension=save, gzip=gzip, outdir=outdir)
  File "/home/thussenot/.conda/envs/multinest/lib/python3.10/site-packages/bilby/core/result.py", line 783, in save_to_file
    move_old_file(filename, overwrite)
  File "/home/thussenot/.conda/envs/multinest/lib/python3.10/site-packages/bilby/core/utils/io.py", line 411, in move_old_file
    shutil.move(filename, filename + ".old")
    move_old_file(filename, overwrite)
  File "/home/thussenot/.conda/envs/multinest/lib/python3.10/site-packages/bilby/core/utils/io.py", line 411, in move_old_file
    shutil.move(filename, filename + ".old")
  File "/home/thussenot/.conda/envs/multinest/lib/python3.10/shutil.py", line 836, in move
    move_old_file(filename, overwrite)
  File "/home/thussenot/.conda/envs/multinest/lib/python3.10/site-packages/bilby/core/utils/io.py", line 411, in move_old_file
  File "/home/thussenot/.conda/envs/multinest/lib/python3.10/shutil.py", line 836, in move
    move_old_file(filename, overwrite)
  File "/home/thussenot/.conda/envs/multinest/lib/python3.10/site-packages/bilby/core/utils/io.py", line 411, in move_old_file
    shutil.move(filename, filename + ".old")
    shutil.move(filename, filename + ".old")
  File "/home/thussenot/.conda/envs/multinest/lib/python3.10/shutil.py", line 836, in move
    copy_function(src, real_dst)
  File "/home/thussenot/.conda/envs/multinest/lib/python3.10/shutil.py", line 434, in copy2
    shutil.move(filename, filename + ".old")
  File "/home/thussenot/.conda/envs/multinest/lib/python3.10/shutil.py", line 836, in move
  File "/home/thussenot/.conda/envs/multinest/lib/python3.10/shutil.py", line 836, in move
    copy_function(src, real_dst)
  File "/home/thussenot/.conda/envs/multinest/lib/python3.10/shutil.py", line 434, in copy2
    copy_function(src, real_dst)
  File "/home/thussenot/.conda/envs/multinest/lib/python3.10/shutil.py", line 434, in copy2
    copyfile(src, dst, follow_symlinks=follow_symlinks)
  File "/home/thussenot/.conda/envs/multinest/lib/python3.10/shutil.py", line 254, in copyfile
    copy_function(src, real_dst)
    copy_function(src, real_dst)
    with open(src, 'rb') as fsrc:
FileNotFoundError: [Errno 2] No such file or directory: 'outdirBNSBu32cores/AT170817_result.json'
  File "/home/thussenot/.conda/envs/multinest/lib/python3.10/shutil.py", line 434, in copy2
    copyfile(src, dst, follow_symlinks=follow_symlinks)
  File "/home/thussenot/.conda/envs/multinest/lib/python3.10/shutil.py", line 254, in copyfile
    copyfile(src, dst, follow_symlinks=follow_symlinks)
  File "/home/thussenot/.conda/envs/multinest/lib/python3.10/shutil.py", line 434, in copy2
  File "/home/thussenot/.conda/envs/multinest/lib/python3.10/shutil.py", line 254, in copyfile
    copyfile(src, dst, follow_symlinks=follow_symlinks)
  File "/home/thussenot/.conda/envs/multinest/lib/python3.10/shutil.py", line 254, in copyfile
    copyfile(src, dst, follow_symlinks=follow_symlinks)
    with open(src, 'rb') as fsrc:
FileNotFoundError: [Errno 2] No such file or directory: 'outdirBNSBu32cores/AT170817_result.json'
    with open(src, 'rb') as fsrc:
FileNotFoundError: [Errno 2] No such file or directory: 'outdirBNSBu32cores/AT170817_result.json'
    with open(src, 'rb') as fsrc:
FileNotFoundError: [Errno 2] No such file or directory: 'outdirBNSBu32cores/AT170817_result.json'
  File "/home/thussenot/.conda/envs/multinest/lib/python3.10/shutil.py", line 254, in copyfile
    with open(src, 'rb') as fsrc:
FileNotFoundError: [Errno 2] No such file or directory: 'outdirBNSBu32cores/AT170817_result.json'
15:03 bilby INFO    : Sampling time: 0:20:13.724273
15:03 bilby INFO    : Sampling time: 0:20:10.527376
15:03 bilby INFO    : Sampling time: 0:20:07.871444
15:03 bilby INFO    : Sampling time: 0:20:07.180122
Traceback (most recent call last):
  File "/home/thussenot/.conda/envs/multinest/lib/python3.10/shutil.py", line 816, in move
Traceback (most recent call last):
  File "/home/thussenot/.conda/envs/multinest/lib/python3.10/shutil.py", line 816, in move
Traceback (most recent call last):
  File "/home/thussenot/.conda/envs/multinest/lib/python3.10/shutil.py", line 816, in move
    os.rename(src, real_dst)
    os.rename(src, real_dst)
    os.rename(src, real_dst)
FileNotFoundError: [Errno 2] No such file or directory: 'outdirBNSBu32cores/AT170817_result.json' -> 'outdirBNSBu32cores/AT170817_result.json.old'

During handling of the above exception, another exception occurred:

Traceback (most recent call last):
  File "/home/thussenot/.conda/envs/multinest/bin/lightcurve-analysis", line 8, in <module>
FileNotFoundError: [Errno 2] No such file or directory: 'outdirBNSBu32cores/AT170817_result.json' -> 'outdirBNSBu32cores/AT170817_result.json.old'

During handling of the above exception, another exception occurred:

Traceback (most recent call last):
  File "/home/thussenot/.conda/envs/multinest/bin/lightcurve-analysis", line 8, in <module>
FileNotFoundError: [Errno 2] No such file or directory: 'outdirBNSBu32cores/AT170817_result.json' -> 'outdirBNSBu32cores/AT170817_result.json.old'

During handling of the above exception, another exception occurred:

Traceback (most recent call last):
  File "/home/thussenot/.conda/envs/multinest/bin/lightcurve-analysis", line 8, in <module>
    sys.exit(main())
  File "/home/thussenot/.conda/envs/multinest/lib/python3.10/site-packages/nmma/em/analysis.py", line 994, in main
    sys.exit(main())
  File "/home/thussenot/.conda/envs/multinest/lib/python3.10/site-packages/nmma/em/analysis.py", line 994, in main
    sys.exit(main())
  File "/home/thussenot/.conda/envs/multinest/lib/python3.10/site-packages/nmma/em/analysis.py", line 994, in main
    analysis(args)
    analysis(args)
  File "/home/thussenot/.conda/envs/multinest/lib/python3.10/site-packages/nmma/em/analysis.py", line 691, in analysis
    analysis(args)
  File "/home/thussenot/.conda/envs/multinest/lib/python3.10/site-packages/nmma/em/analysis.py", line 691, in analysis
  File "/home/thussenot/.conda/envs/multinest/lib/python3.10/site-packages/nmma/em/analysis.py", line 691, in analysis
    result = bilby.run_sampler(
  File "/home/thussenot/.conda/envs/multinest/lib/python3.10/site-packages/bilby/core/sampler/__init__.py", line 262, in run_sampler
    result = bilby.run_sampler(
    result = bilby.run_sampler(
  File "/home/thussenot/.conda/envs/multinest/lib/python3.10/site-packages/bilby/core/sampler/__init__.py", line 262, in run_sampler
  File "/home/thussenot/.conda/envs/multinest/lib/python3.10/site-packages/bilby/core/sampler/__init__.py", line 262, in run_sampler
    result.save_to_file(extension=save, gzip=gzip, outdir=outdir)
  File "/home/thussenot/.conda/envs/multinest/lib/python3.10/site-packages/bilby/core/result.py", line 783, in save_to_file
    result.save_to_file(extension=save, gzip=gzip, outdir=outdir)
    result.save_to_file(extension=save, gzip=gzip, outdir=outdir)
  File "/home/thussenot/.conda/envs/multinest/lib/python3.10/site-packages/bilby/core/result.py", line 783, in save_to_file
  File "/home/thussenot/.conda/envs/multinest/lib/python3.10/site-packages/bilby/core/result.py", line 783, in save_to_file
    move_old_file(filename, overwrite)
    move_old_file(filename, overwrite)
  File "/home/thussenot/.conda/envs/multinest/lib/python3.10/site-packages/bilby/core/utils/io.py", line 411, in move_old_file
  File "/home/thussenot/.conda/envs/multinest/lib/python3.10/site-packages/bilby/core/utils/io.py", line 411, in move_old_file
    move_old_file(filename, overwrite)
  File "/home/thussenot/.conda/envs/multinest/lib/python3.10/site-packages/bilby/core/utils/io.py", line 411, in move_old_file
    shutil.move(filename, filename + ".old")
  File "/home/thussenot/.conda/envs/multinest/lib/python3.10/shutil.py", line 836, in move
    shutil.move(filename, filename + ".old")
  File "/home/thussenot/.conda/envs/multinest/lib/python3.10/shutil.py", line 836, in move
    shutil.move(filename, filename + ".old")
  File "/home/thussenot/.conda/envs/multinest/lib/python3.10/shutil.py", line 836, in move
    copy_function(src, real_dst)
    copy_function(src, real_dst)
  File "/home/thussenot/.conda/envs/multinest/lib/python3.10/shutil.py", line 434, in copy2
  File "/home/thussenot/.conda/envs/multinest/lib/python3.10/shutil.py", line 434, in copy2
    copy_function(src, real_dst)
  File "/home/thussenot/.conda/envs/multinest/lib/python3.10/shutil.py", line 434, in copy2
    copyfile(src, dst, follow_symlinks=follow_symlinks)
    copyfile(src, dst, follow_symlinks=follow_symlinks)
  File "/home/thussenot/.conda/envs/multinest/lib/python3.10/shutil.py", line 254, in copyfile
  File "/home/thussenot/.conda/envs/multinest/lib/python3.10/shutil.py", line 254, in copyfile
    copyfile(src, dst, follow_symlinks=follow_symlinks)
    with open(src, 'rb') as fsrc:
FileNotFoundError: [Errno 2] No such file or directory: 'outdirBNSBu32cores/AT170817_result.json'
  File "/home/thussenot/.conda/envs/multinest/lib/python3.10/shutil.py", line 254, in copyfile
    with open(src, 'rb') as fsrc:
FileNotFoundError: [Errno 2] No such file or directory: 'outdirBNSBu32cores/AT170817_result.json'
    with open(src, 'rb') as fsrc:
FileNotFoundError: [Errno 2] No such file or directory: 'outdirBNSBu32cores/AT170817_result.json'
15:03 bilby INFO    : Sampling time: 0:20:23.504078
15:03 bilby INFO    : Sampling time: 0:20:42.803663
15:03 bilby INFO    : Sampling time: 0:20:07.204613
15:03 bilby INFO    : Sampling time: 0:20:07.867527
15:03 bilby INFO    : Sampling time: 0:20:07.859605
15:03 bilby INFO    : Sampling time: 0:20:13.997457
15:03 bilby INFO    : Sampling time: 0:20:06.420395
Traceback (most recent call last):
  File "/home/thussenot/.conda/envs/multinest/lib/python3.10/shutil.py", line 816, in move
Traceback (most recent call last):
Traceback (most recent call last):
  File "/home/thussenot/.conda/envs/multinest/lib/python3.10/shutil.py", line 816, in move
Traceback (most recent call last):
Traceback (most recent call last):
  File "/home/thussenot/.conda/envs/multinest/lib/python3.10/shutil.py", line 816, in move
Traceback (most recent call last):
  File "/home/thussenot/.conda/envs/multinest/lib/python3.10/shutil.py", line 816, in move
  File "/home/thussenot/.conda/envs/multinest/lib/python3.10/shutil.py", line 816, in move
  File "/home/thussenot/.conda/envs/multinest/lib/python3.10/shutil.py", line 816, in move
    os.rename(src, real_dst)
    os.rename(src, real_dst)
FileNotFoundError: [Errno 2] No such file or directory: 'outdirBNSBu32cores/AT170817_result.json' -> 'outdirBNSBu32cores/AT170817_result.json.old'

During handling of the above exception, another exception occurred:

Traceback (most recent call last):
  File "/home/thussenot/.conda/envs/multinest/bin/lightcurve-analysis", line 8, in <module>
    os.rename(src, real_dst)
    os.rename(src, real_dst)
FileNotFoundError: [Errno 2] No such file or directory: 'outdirBNSBu32cores/AT170817_result.json' -> 'outdirBNSBu32cores/AT170817_result.json.old'

During handling of the above exception, another exception occurred:

Traceback (most recent call last):
FileNotFoundError: [Errno 2] No such file or directory: 'outdirBNSBu32cores/AT170817_result.json' -> 'outdirBNSBu32cores/AT170817_result.json.old'

During handling of the above exception, another exception occurred:

Traceback (most recent call last):
  File "/home/thussenot/.conda/envs/multinest/bin/lightcurve-analysis", line 8, in <module>
  File "/home/thussenot/.conda/envs/multinest/bin/lightcurve-analysis", line 8, in <module>
    os.rename(src, real_dst)
FileNotFoundError: [Errno 2] No such file or directory: 'outdirBNSBu32cores/AT170817_result.json' -> 'outdirBNSBu32cores/AT170817_result.json.old'

During handling of the above exception, another exception occurred:

Traceback (most recent call last):
  File "/home/thussenot/.conda/envs/multinest/bin/lightcurve-analysis", line 8, in <module>
    sys.exit(main())
    sys.exit(main())
  File "/home/thussenot/.conda/envs/multinest/lib/python3.10/site-packages/nmma/em/analysis.py", line 994, in main
FileNotFoundError: [Errno 2] No such file or directory: 'outdirBNSBu32cores/AT170817_result.json' -> 'outdirBNSBu32cores/AT170817_result.json.old'

During handling of the above exception, another exception occurred:

Traceback (most recent call last):
  File "/home/thussenot/.conda/envs/multinest/bin/lightcurve-analysis", line 8, in <module>
    sys.exit(main())
  File "/home/thussenot/.conda/envs/multinest/lib/python3.10/site-packages/nmma/em/analysis.py", line 994, in main
    os.rename(src, real_dst)
    sys.exit(main())
  File "/home/thussenot/.conda/envs/multinest/lib/python3.10/site-packages/nmma/em/analysis.py", line 994, in main
    sys.exit(main())
  File "/home/thussenot/.conda/envs/multinest/lib/python3.10/site-packages/nmma/em/analysis.py", line 994, in main
FileNotFoundError: [Errno 2] No such file or directory: 'outdirBNSBu32cores/AT170817_result.json' -> 'outdirBNSBu32cores/AT170817_result.json.old'

During handling of the above exception, another exception occurred:

Traceback (most recent call last):
  File "/home/thussenot/.conda/envs/multinest/bin/lightcurve-analysis", line 8, in <module>
  File "/home/thussenot/.conda/envs/multinest/lib/python3.10/site-packages/nmma/em/analysis.py", line 994, in main
    analysis(args)
    sys.exit(main())
  File "/home/thussenot/.conda/envs/multinest/lib/python3.10/site-packages/nmma/em/analysis.py", line 994, in main
  File "/home/thussenot/.conda/envs/multinest/lib/python3.10/site-packages/nmma/em/analysis.py", line 691, in analysis
    analysis(args)
  File "/home/thussenot/.conda/envs/multinest/lib/python3.10/site-packages/nmma/em/analysis.py", line 691, in analysis
    analysis(args)
  File "/home/thussenot/.conda/envs/multinest/lib/python3.10/site-packages/nmma/em/analysis.py", line 691, in analysis
    analysis(args)
    analysis(args)
  File "/home/thussenot/.conda/envs/multinest/lib/python3.10/site-packages/nmma/em/analysis.py", line 691, in analysis
    result = bilby.run_sampler(
  File "/home/thussenot/.conda/envs/multinest/lib/python3.10/site-packages/bilby/core/sampler/__init__.py", line 262, in run_sampler
    analysis(args)
  File "/home/thussenot/.conda/envs/multinest/lib/python3.10/site-packages/nmma/em/analysis.py", line 691, in analysis
    result = bilby.run_sampler(
  File "/home/thussenot/.conda/envs/multinest/lib/python3.10/site-packages/bilby/core/sampler/__init__.py", line 262, in run_sampler
  File "/home/thussenot/.conda/envs/multinest/lib/python3.10/site-packages/nmma/em/analysis.py", line 691, in analysis
    result = bilby.run_sampler(
  File "/home/thussenot/.conda/envs/multinest/lib/python3.10/site-packages/bilby/core/sampler/__init__.py", line 262, in run_sampler
    result = bilby.run_sampler(
  File "/home/thussenot/.conda/envs/multinest/lib/python3.10/site-packages/bilby/core/sampler/__init__.py", line 262, in run_sampler
    result.save_to_file(extension=save, gzip=gzip, outdir=outdir)
    result.save_to_file(extension=save, gzip=gzip, outdir=outdir)
  File "/home/thussenot/.conda/envs/multinest/lib/python3.10/site-packages/bilby/core/result.py", line 783, in save_to_file
    result = bilby.run_sampler(
  File "/home/thussenot/.conda/envs/multinest/lib/python3.10/site-packages/bilby/core/sampler/__init__.py", line 262, in run_sampler
  File "/home/thussenot/.conda/envs/multinest/lib/python3.10/site-packages/bilby/core/result.py", line 783, in save_to_file
    result.save_to_file(extension=save, gzip=gzip, outdir=outdir)
  File "/home/thussenot/.conda/envs/multinest/lib/python3.10/site-packages/bilby/core/result.py", line 783, in save_to_file
    result.save_to_file(extension=save, gzip=gzip, outdir=outdir)
  File "/home/thussenot/.conda/envs/multinest/lib/python3.10/site-packages/bilby/core/result.py", line 783, in save_to_file
    result = bilby.run_sampler(
  File "/home/thussenot/.conda/envs/multinest/lib/python3.10/site-packages/bilby/core/sampler/__init__.py", line 262, in run_sampler
    move_old_file(filename, overwrite)
    result.save_to_file(extension=save, gzip=gzip, outdir=outdir)
  File "/home/thussenot/.conda/envs/multinest/lib/python3.10/site-packages/bilby/core/result.py", line 783, in save_to_file
  File "/home/thussenot/.conda/envs/multinest/lib/python3.10/site-packages/bilby/core/utils/io.py", line 411, in move_old_file
    result.save_to_file(extension=save, gzip=gzip, outdir=outdir)
  File "/home/thussenot/.conda/envs/multinest/lib/python3.10/site-packages/bilby/core/result.py", line 783, in save_to_file
    move_old_file(filename, overwrite)
  File "/home/thussenot/.conda/envs/multinest/lib/python3.10/site-packages/bilby/core/utils/io.py", line 411, in move_old_file
    move_old_file(filename, overwrite)
    move_old_file(filename, overwrite)
  File "/home/thussenot/.conda/envs/multinest/lib/python3.10/site-packages/bilby/core/utils/io.py", line 411, in move_old_file
  File "/home/thussenot/.conda/envs/multinest/lib/python3.10/site-packages/bilby/core/utils/io.py", line 411, in move_old_file
    shutil.move(filename, filename + ".old")
  File "/home/thussenot/.conda/envs/multinest/lib/python3.10/shutil.py", line 836, in move
    shutil.move(filename, filename + ".old")
  File "/home/thussenot/.conda/envs/multinest/lib/python3.10/shutil.py", line 836, in move
    move_old_file(filename, overwrite)
  File "/home/thussenot/.conda/envs/multinest/lib/python3.10/site-packages/bilby/core/utils/io.py", line 411, in move_old_file
    move_old_file(filename, overwrite)
    shutil.move(filename, filename + ".old")
  File "/home/thussenot/.conda/envs/multinest/lib/python3.10/shutil.py", line 836, in move
    shutil.move(filename, filename + ".old")
  File "/home/thussenot/.conda/envs/multinest/lib/python3.10/shutil.py", line 836, in move
  File "/home/thussenot/.conda/envs/multinest/lib/python3.10/site-packages/bilby/core/utils/io.py", line 411, in move_old_file
    copy_function(src, real_dst)
  File "/home/thussenot/.conda/envs/multinest/lib/python3.10/shutil.py", line 434, in copy2
    copy_function(src, real_dst)
  File "/home/thussenot/.conda/envs/multinest/lib/python3.10/shutil.py", line 434, in copy2
    shutil.move(filename, filename + ".old")
    copyfile(src, dst, follow_symlinks=follow_symlinks)
  File "/home/thussenot/.conda/envs/multinest/lib/python3.10/shutil.py", line 254, in copyfile
    copyfile(src, dst, follow_symlinks=follow_symlinks)
  File "/home/thussenot/.conda/envs/multinest/lib/python3.10/shutil.py", line 254, in copyfile
    copy_function(src, real_dst)
  File "/home/thussenot/.conda/envs/multinest/lib/python3.10/shutil.py", line 434, in copy2
    copy_function(src, real_dst)
  File "/home/thussenot/.conda/envs/multinest/lib/python3.10/shutil.py", line 434, in copy2
  File "/home/thussenot/.conda/envs/multinest/lib/python3.10/shutil.py", line 836, in move
    with open(src, 'rb') as fsrc:
    shutil.move(filename, filename + ".old")
  File "/home/thussenot/.conda/envs/multinest/lib/python3.10/shutil.py", line 836, in move
    with open(src, 'rb') as fsrc:
FileNotFoundError: [Errno 2] No such file or directory: 'outdirBNSBu32cores/AT170817_result.json'
FileNotFoundError: [Errno 2] No such file or directory: 'outdirBNSBu32cores/AT170817_result.json'
    copyfile(src, dst, follow_symlinks=follow_symlinks)
  File "/home/thussenot/.conda/envs/multinest/lib/python3.10/shutil.py", line 254, in copyfile
    copyfile(src, dst, follow_symlinks=follow_symlinks)
  File "/home/thussenot/.conda/envs/multinest/lib/python3.10/shutil.py", line 254, in copyfile
    copy_function(src, real_dst)
  File "/home/thussenot/.conda/envs/multinest/lib/python3.10/shutil.py", line 434, in copy2
    with open(src, 'rb') as fsrc:
FileNotFoundError: [Errno 2] No such file or directory: 'outdirBNSBu32cores/AT170817_result.json'
    copy_function(src, real_dst)
  File "/home/thussenot/.conda/envs/multinest/lib/python3.10/shutil.py", line 434, in copy2
    copyfile(src, dst, follow_symlinks=follow_symlinks)
    with open(src, 'rb') as fsrc:
FileNotFoundError: [Errno 2] No such file or directory: 'outdirBNSBu32cores/AT170817_result.json'
  File "/home/thussenot/.conda/envs/multinest/lib/python3.10/shutil.py", line 254, in copyfile
    with open(src, 'rb') as fsrc:
FileNotFoundError: [Errno 2] No such file or directory: 'outdirBNSBu32cores/AT170817_result.json'
    copyfile(src, dst, follow_symlinks=follow_symlinks)
  File "/home/thussenot/.conda/envs/multinest/lib/python3.10/shutil.py", line 254, in copyfile
    with open(src, 'rb') as fsrc:
FileNotFoundError: [Errno 2] No such file or directory: 'outdirBNSBu32cores/AT170817_result.json'
15:03 bilby INFO    : Sampling time: 0:20:28.554509
15:03 bilby INFO    : Sampling time: 0:20:22.706500
15:03 bilby ERROR   : 

Saving the data has failed with the following message:
[Errno 116] Stale file handle
Data has been dumped to outdirBNSBu32cores/AT170817_result.pkl.


Traceback (most recent call last):
  File "/home/thussenot/.conda/envs/multinest/bin/lightcurve-analysis", line 8, in <module>
Traceback (most recent call last):
Traceback (most recent call last):
Traceback (most recent call last):
  File "/home/thussenot/.conda/envs/multinest/bin/lightcurve-analysis", line 8, in <module>
Traceback (most recent call last):
  File "/home/thussenot/.conda/envs/multinest/bin/lightcurve-analysis", line 8, in <module>
Traceback (most recent call last):
  File "/home/thussenot/.conda/envs/multinest/bin/lightcurve-analysis", line 8, in <module>
  File "/home/thussenot/.conda/envs/multinest/bin/lightcurve-analysis", line 8, in <module>
  File "/home/thussenot/.conda/envs/multinest/bin/lightcurve-analysis", line 8, in <module>
    sys.exit(main())
  File "/home/thussenot/.conda/envs/multinest/lib/python3.10/site-packages/nmma/em/analysis.py", line 994, in main
    sys.exit(main())
  File "/home/thussenot/.conda/envs/multinest/lib/python3.10/site-packages/nmma/em/analysis.py", line 994, in main
    sys.exit(main())
  File "/home/thussenot/.conda/envs/multinest/lib/python3.10/site-packages/nmma/em/analysis.py", line 994, in main
    sys.exit(main())
    sys.exit(main())
  File "/home/thussenot/.conda/envs/multinest/lib/python3.10/site-packages/nmma/em/analysis.py", line 994, in main
    sys.exit(main())
  File "/home/thussenot/.conda/envs/multinest/lib/python3.10/site-packages/nmma/em/analysis.py", line 994, in main
  File "/home/thussenot/.conda/envs/multinest/lib/python3.10/site-packages/nmma/em/analysis.py", line 994, in main
    analysis(args)
  File "/home/thussenot/.conda/envs/multinest/lib/python3.10/site-packages/nmma/em/analysis.py", line 691, in analysis
    result = bilby.run_sampler(
  File "/home/thussenot/.conda/envs/multinest/lib/python3.10/site-packages/bilby/core/sampler/__init__.py", line 278, in run_sampler
    analysis(args)
  File "/home/thussenot/.conda/envs/multinest/lib/python3.10/site-packages/nmma/em/analysis.py", line 691, in analysis
    analysis(args)
  File "/home/thussenot/.conda/envs/multinest/lib/python3.10/site-packages/nmma/em/analysis.py", line 691, in analysis
    analysis(args)
  File "/home/thussenot/.conda/envs/multinest/lib/python3.10/site-packages/nmma/em/analysis.py", line 691, in analysis
    analysis(args)
  File "/home/thussenot/.conda/envs/multinest/lib/python3.10/site-packages/nmma/em/analysis.py", line 691, in analysis
    analysis(args)
  File "/home/thussenot/.conda/envs/multinest/lib/python3.10/site-packages/nmma/em/analysis.py", line 691, in analysis
    result.save_to_file(overwrite=True, extension=save, gzip=gzip, outdir=outdir)
  File "/home/thussenot/.conda/envs/multinest/lib/python3.10/site-packages/bilby/core/result.py", line 783, in save_to_file
    result = bilby.run_sampler(
  File "/home/thussenot/.conda/envs/multinest/lib/python3.10/site-packages/bilby/core/sampler/__init__.py", line 278, in run_sampler
    result = bilby.run_sampler(
  File "/home/thussenot/.conda/envs/multinest/lib/python3.10/site-packages/bilby/core/sampler/__init__.py", line 278, in run_sampler
    result = bilby.run_sampler(
  File "/home/thussenot/.conda/envs/multinest/lib/python3.10/site-packages/bilby/core/sampler/__init__.py", line 278, in run_sampler
    result = bilby.run_sampler(
  File "/home/thussenot/.conda/envs/multinest/lib/python3.10/site-packages/bilby/core/sampler/__init__.py", line 278, in run_sampler
    result = bilby.run_sampler(
  File "/home/thussenot/.conda/envs/multinest/lib/python3.10/site-packages/bilby/core/sampler/__init__.py", line 278, in run_sampler
    move_old_file(filename, overwrite)
  File "/home/thussenot/.conda/envs/multinest/lib/python3.10/site-packages/bilby/core/utils/io.py", line 406, in move_old_file
    result.save_to_file(overwrite=True, extension=save, gzip=gzip, outdir=outdir)
  File "/home/thussenot/.conda/envs/multinest/lib/python3.10/site-packages/bilby/core/result.py", line 783, in save_to_file
    result.save_to_file(overwrite=True, extension=save, gzip=gzip, outdir=outdir)
  File "/home/thussenot/.conda/envs/multinest/lib/python3.10/site-packages/bilby/core/result.py", line 783, in save_to_file
    result.save_to_file(overwrite=True, extension=save, gzip=gzip, outdir=outdir)
  File "/home/thussenot/.conda/envs/multinest/lib/python3.10/site-packages/bilby/core/result.py", line 783, in save_to_file
    result.save_to_file(overwrite=True, extension=save, gzip=gzip, outdir=outdir)
  File "/home/thussenot/.conda/envs/multinest/lib/python3.10/site-packages/bilby/core/result.py", line 783, in save_to_file
    result.save_to_file(overwrite=True, extension=save, gzip=gzip, outdir=outdir)
  File "/home/thussenot/.conda/envs/multinest/lib/python3.10/site-packages/bilby/core/result.py", line 783, in save_to_file
    os.remove(filename)
FileNotFoundError: [Errno 2] No such file or directory: 'outdirBNSBu32cores/AT170817_result.json'
    move_old_file(filename, overwrite)
  File "/home/thussenot/.conda/envs/multinest/lib/python3.10/site-packages/bilby/core/utils/io.py", line 406, in move_old_file
    move_old_file(filename, overwrite)
  File "/home/thussenot/.conda/envs/multinest/lib/python3.10/site-packages/bilby/core/utils/io.py", line 406, in move_old_file
    move_old_file(filename, overwrite)
  File "/home/thussenot/.conda/envs/multinest/lib/python3.10/site-packages/bilby/core/utils/io.py", line 406, in move_old_file
    move_old_file(filename, overwrite)
  File "/home/thussenot/.conda/envs/multinest/lib/python3.10/site-packages/bilby/core/utils/io.py", line 406, in move_old_file
    move_old_file(filename, overwrite)
  File "/home/thussenot/.conda/envs/multinest/lib/python3.10/site-packages/bilby/core/utils/io.py", line 406, in move_old_file
    os.remove(filename)
FileNotFoundError: [Errno 2] No such file or directory: 'outdirBNSBu32cores/AT170817_result.json'
    os.remove(filename)
FileNotFoundError: [Errno 2] No such file or directory: 'outdirBNSBu32cores/AT170817_result.json'
    os.remove(filename)
FileNotFoundError: [Errno 2] No such file or directory: 'outdirBNSBu32cores/AT170817_result.json'
    os.remove(filename)
FileNotFoundError: [Errno 2] No such file or directory: 'outdirBNSBu32cores/AT170817_result.json'
    os.remove(filename)
FileNotFoundError: [Errno 2] No such file or directory: 'outdirBNSBu32cores/AT170817_result.json'
Traceback (most recent call last):
  File "/home/thussenot/.conda/envs/multinest/lib/python3.10/site-packages/bilby/core/result.py", line 805, in save_to_file
Traceback (most recent call last):
  File "/home/thussenot/.conda/envs/multinest/lib/python3.10/site-packages/bilby/core/result.py", line 806, in save_to_file
Traceback (most recent call last):
  File "/home/thussenot/.conda/envs/multinest/lib/python3.10/site-packages/bilby/core/result.py", line 805, in save_to_file
Traceback (most recent call last):
  File "/home/thussenot/.conda/envs/multinest/lib/python3.10/site-packages/bilby/core/result.py", line 806, in save_to_file
    with open(filename, 'w') as file:
OSError: [Errno 116] Stale file handle

During handling of the above exception, another exception occurred:

Traceback (most recent call last):
  File "/home/thussenot/.conda/envs/multinest/lib/python3.10/shutil.py", line 816, in move
    json.dump(dictionary, file, indent=2, cls=BilbyJsonEncoder)
  File "/home/thussenot/.conda/envs/multinest/lib/python3.10/json/__init__.py", line 180, in dump
    json.dump(dictionary, file, indent=2, cls=BilbyJsonEncoder)
  File "/home/thussenot/.conda/envs/multinest/lib/python3.10/json/__init__.py", line 180, in dump
    with open(filename, 'w') as file:
OSError: [Errno 116] Stale file handle

During handling of the above exception, another exception occurred:

Traceback (most recent call last):
  File "/home/thussenot/.conda/envs/multinest/lib/python3.10/shutil.py", line 816, in move
    os.rename(src, real_dst)
FileNotFoundError: [Errno 2] No such file or directory: 'outdirBNSBu32cores/AT170817_result.pkl.temp' -> 'outdirBNSBu32cores/AT170817_result.pkl'

During handling of the above exception, another exception occurred:

Traceback (most recent call last):
  File "/home/thussenot/.conda/envs/multinest/bin/lightcurve-analysis", line 8, in <module>
    sys.exit(main())
  File "/home/thussenot/.conda/envs/multinest/lib/python3.10/site-packages/nmma/em/analysis.py", line 994, in main
    os.rename(src, real_dst)
FileNotFoundError: [Errno 2] No such file or directory: 'outdirBNSBu32cores/AT170817_result.pkl.temp' -> 'outdirBNSBu32cores/AT170817_result.pkl'

During handling of the above exception, another exception occurred:

Traceback (most recent call last):
  File "/home/thussenot/.conda/envs/multinest/bin/lightcurve-analysis", line 8, in <module>
    analysis(args)
  File "/home/thussenot/.conda/envs/multinest/lib/python3.10/site-packages/nmma/em/analysis.py", line 691, in analysis
    sys.exit(main())
  File "/home/thussenot/.conda/envs/multinest/lib/python3.10/site-packages/nmma/em/analysis.py", line 994, in main
    fp.write(chunk)
OSError: [Errno 5] Input/output error

During handling of the above exception, another exception occurred:

OSError: [Errno 5] Input/output error

During handling of the above exception, another exception occurred:

Traceback (most recent call last):
  File "/home/thussenot/.conda/envs/multinest/lib/python3.10/site-packages/bilby/core/result.py", line 805, in save_to_file
    fp.write(chunk)
    result = bilby.run_sampler(
  File "/home/thussenot/.conda/envs/multinest/lib/python3.10/site-packages/bilby/core/sampler/__init__.py", line 262, in run_sampler
    analysis(args)
  File "/home/thussenot/.conda/envs/multinest/lib/python3.10/site-packages/nmma/em/analysis.py", line 691, in analysis
OSError: [Errno 5] Input/output error
    with open(filename, 'w') as file:
OSError: [Errno 116] Stale file handle

During handling of the above exception, another exception occurred:

Traceback (most recent call last):

During handling of the above exception, another exception occurred:

  File "/home/thussenot/.conda/envs/multinest/lib/python3.10/shutil.py", line 816, in move
Traceback (most recent call last):
    result.save_to_file(extension=save, gzip=gzip, outdir=outdir)
  File "/home/thussenot/.conda/envs/multinest/lib/python3.10/site-packages/bilby/core/result.py", line 819, in save_to_file
  File "/home/thussenot/.conda/envs/multinest/lib/python3.10/site-packages/bilby/core/result.py", line 805, in save_to_file
    result = bilby.run_sampler(
  File "/home/thussenot/.conda/envs/multinest/lib/python3.10/site-packages/bilby/core/sampler/__init__.py", line 262, in run_sampler
    os.rename(src, real_dst)
FileNotFoundError: [Errno 2] No such file or directory: 'outdirBNSBu32cores/AT170817_result.pkl.temp' -> 'outdirBNSBu32cores/AT170817_result.pkl'

During handling of the above exception, another exception occurred:

Traceback (most recent call last):
  File "/home/thussenot/.conda/envs/multinest/bin/lightcurve-analysis", line 8, in <module>
    safe_file_dump(self, filename, "dill")
  File "/home/thussenot/.conda/envs/multinest/lib/python3.10/site-packages/bilby/core/utils/io.py", line 389, in safe_file_dump
    result.save_to_file(extension=save, gzip=gzip, outdir=outdir)
  File "/home/thussenot/.conda/envs/multinest/lib/python3.10/site-packages/bilby/core/result.py", line 819, in save_to_file
    sys.exit(main())
  File "/home/thussenot/.conda/envs/multinest/lib/python3.10/site-packages/nmma/em/analysis.py", line 994, in main
    with open(filename, 'w') as file:
OSError: [Errno 116] Stale file handle
    shutil.move(temp_filename, filename)
  File "/home/thussenot/.conda/envs/multinest/lib/python3.10/shutil.py", line 836, in move

During handling of the above exception, another exception occurred:

Traceback (most recent call last):
    safe_file_dump(self, filename, "dill")
  File "/home/thussenot/.conda/envs/multinest/lib/python3.10/site-packages/bilby/core/utils/io.py", line 389, in safe_file_dump
  File "/home/thussenot/.conda/envs/multinest/lib/python3.10/shutil.py", line 816, in move
    analysis(args)
  File "/home/thussenot/.conda/envs/multinest/lib/python3.10/site-packages/nmma/em/analysis.py", line 691, in analysis
    copy_function(src, real_dst)
  File "/home/thussenot/.conda/envs/multinest/lib/python3.10/shutil.py", line 434, in copy2
    shutil.move(temp_filename, filename)
  File "/home/thussenot/.conda/envs/multinest/lib/python3.10/shutil.py", line 836, in move
    result = bilby.run_sampler(
  File "/home/thussenot/.conda/envs/multinest/lib/python3.10/site-packages/bilby/core/sampler/__init__.py", line 262, in run_sampler
    os.rename(src, real_dst)
FileNotFoundError: [Errno 2] No such file or directory: 'outdirBNSBu32cores/AT170817_result.pkl.temp' -> 'outdirBNSBu32cores/AT170817_result.pkl'

During handling of the above exception, another exception occurred:

Traceback (most recent call last):
  File "/home/thussenot/.conda/envs/multinest/bin/lightcurve-analysis", line 8, in <module>
    copyfile(src, dst, follow_symlinks=follow_symlinks)
  File "/home/thussenot/.conda/envs/multinest/lib/python3.10/shutil.py", line 254, in copyfile
    copy_function(src, real_dst)
  File "/home/thussenot/.conda/envs/multinest/lib/python3.10/shutil.py", line 434, in copy2
    sys.exit(main())
    result.save_to_file(extension=save, gzip=gzip, outdir=outdir)
  File "/home/thussenot/.conda/envs/multinest/lib/python3.10/site-packages/bilby/core/result.py", line 819, in save_to_file
    with open(src, 'rb') as fsrc:
FileNotFoundError: [Errno 2] No such file or directory: 'outdirBNSBu32cores/AT170817_result.pkl.temp'
  File "/home/thussenot/.conda/envs/multinest/lib/python3.10/site-packages/nmma/em/analysis.py", line 994, in main
    copyfile(src, dst, follow_symlinks=follow_symlinks)
  File "/home/thussenot/.conda/envs/multinest/lib/python3.10/shutil.py", line 254, in copyfile
    safe_file_dump(self, filename, "dill")
  File "/home/thussenot/.conda/envs/multinest/lib/python3.10/site-packages/bilby/core/utils/io.py", line 389, in safe_file_dump
    with open(src, 'rb') as fsrc:
FileNotFoundError: [Errno 2] No such file or directory: 'outdirBNSBu32cores/AT170817_result.pkl.temp'
    analysis(args)
    shutil.move(temp_filename, filename)
  File "/home/thussenot/.conda/envs/multinest/lib/python3.10/shutil.py", line 836, in move
  File "/home/thussenot/.conda/envs/multinest/lib/python3.10/site-packages/nmma/em/analysis.py", line 691, in analysis
    copy_function(src, real_dst)
  File "/home/thussenot/.conda/envs/multinest/lib/python3.10/shutil.py", line 434, in copy2
    result = bilby.run_sampler(
    copyfile(src, dst, follow_symlinks=follow_symlinks)
  File "/home/thussenot/.conda/envs/multinest/lib/python3.10/shutil.py", line 254, in copyfile
  File "/home/thussenot/.conda/envs/multinest/lib/python3.10/site-packages/bilby/core/sampler/__init__.py", line 262, in run_sampler
    with open(src, 'rb') as fsrc:
FileNotFoundError: [Errno 2] No such file or directory: 'outdirBNSBu32cores/AT170817_result.pkl.temp'
    result.save_to_file(extension=save, gzip=gzip, outdir=outdir)
  File "/home/thussenot/.conda/envs/multinest/lib/python3.10/site-packages/bilby/core/result.py", line 819, in save_to_file
    safe_file_dump(self, filename, "dill")
  File "/home/thussenot/.conda/envs/multinest/lib/python3.10/site-packages/bilby/core/utils/io.py", line 389, in safe_file_dump
    shutil.move(temp_filename, filename)
  File "/home/thussenot/.conda/envs/multinest/lib/python3.10/shutil.py", line 836, in move
    copy_function(src, real_dst)
  File "/home/thussenot/.conda/envs/multinest/lib/python3.10/shutil.py", line 434, in copy2
    copyfile(src, dst, follow_symlinks=follow_symlinks)
  File "/home/thussenot/.conda/envs/multinest/lib/python3.10/shutil.py", line 254, in copyfile
    with open(src, 'rb') as fsrc:
FileNotFoundError: [Errno 2] No such file or directory: 'outdirBNSBu32cores/AT170817_result.pkl.temp'
15:03 bilby INFO    : Summary of results:
nsamples: 10182
ln_noise_evidence:  0.000
ln_evidence: -113.177 +/-  0.053
ln_bayes_factor: -113.177 +/-  0.053

15:03 bilby INFO    : Writing samples file to /home/thussenot/kilonovae-H0/170817/Bu2019_40Mpc/1magerr/outdirBNSBu32cores/AT170817_posterior_samples.dat
15:03 bilby INFO    : Summary of results:
nsamples: 10182
ln_noise_evidence:  0.000
ln_evidence: -113.177 +/-  0.053
ln_bayes_factor: -113.177 +/-  0.053

15:03 bilby INFO    : Summary of results:
nsamples: 10182
ln_noise_evidence:  0.000
ln_evidence: -113.177 +/-  0.053
ln_bayes_factor: -113.177 +/-  0.053

15:03 bilby INFO    : Writing samples file to /home/thussenot/kilonovae-H0/170817/Bu2019_40Mpc/1magerr/outdirBNSBu32cores/AT170817_posterior_samples.dat
15:03 bilby INFO    : Writing samples file to /home/thussenot/kilonovae-H0/170817/Bu2019_40Mpc/1magerr/outdirBNSBu32cores/AT170817_posterior_samples.dat
15:03 bilby INFO    : Summary of results:
nsamples: 10182
ln_noise_evidence:  0.000
ln_evidence: -113.177 +/-  0.053
ln_bayes_factor: -113.177 +/-  0.053

15:03 bilby INFO    : Writing samples file to /home/thussenot/kilonovae-H0/170817/Bu2019_40Mpc/1magerr/outdirBNSBu32cores/AT170817_posterior_samples.dat
/home/thussenot/.conda/envs/multinest/lib/python3.10/site-packages/matplotlib/axes/_base.py:2503: UserWarning: Warning: converting a masked element to nan.
  xys = np.asarray(xys)
/home/thussenot/.conda/envs/multinest/lib/python3.10/site-packages/matplotlib/axes/_base.py:2503: UserWarning: Warning: converting a masked element to nan.
  xys = np.asarray(xys)
/home/thussenot/.conda/envs/multinest/lib/python3.10/site-packages/matplotlib/axes/_base.py:2503: UserWarning: Warning: converting a masked element to nan.
  xys = np.asarray(xys)
/home/thussenot/.conda/envs/multinest/lib/python3.10/site-packages/matplotlib/axes/_base.py:2503: UserWarning: Warning: converting a masked element to nan.
  xys = np.asarray(xys)
--------------------------------------------------------------------------
Primary job  terminated normally, but 1 process returned
a non-zero exit code. Per user-direction, the job has been aborted.
--------------------------------------------------------------------------
--------------------------------------------------------------------------
mpiexec detected that one or more processes exited with non-zero status, thus causing
the job to be terminated. The first process to do so was:

  Process name: [[52175,1],17]
  Exit code:    1
--------------------------------------------------------------------------
