04:23 bilby INFO    : Running for label 'Constraints170817', output will be saved to 'outdirBNSBu32cores'
04:23 bilby INFO    : Running for label 'Constraints170817', output will be saved to 'outdirBNSBu32cores'
04:23 bilby INFO    : Running for label 'Constraints170817', output will be saved to 'outdirBNSBu32cores'
04:23 bilby INFO    : Running for label 'Constraints170817', output will be saved to 'outdirBNSBu32cores'
04:23 bilby INFO    : Running for label 'Constraints170817', output will be saved to 'outdirBNSBu32cores'
04:23 bilby INFO    : Running for label 'Constraints170817', output will be saved to 'outdirBNSBu32cores'
04:23 bilby INFO    : Running for label 'Constraints170817', output will be saved to 'outdirBNSBu32cores'
04:23 bilby INFO    : Running for label 'Constraints170817', output will be saved to 'outdirBNSBu32cores'
04:23 bilby INFO    : Running for label 'Constraints170817', output will be saved to 'outdirBNSBu32cores'
04:23 bilby INFO    : Running for label 'Constraints170817', output will be saved to 'outdirBNSBu32cores'
04:23 bilby INFO    : Running for label 'Constraints170817', output will be saved to 'outdirBNSBu32cores'
04:23 bilby INFO    : Running for label 'Constraints170817', output will be saved to 'outdirBNSBu32cores'
04:23 bilby INFO    : Running for label 'Constraints170817', output will be saved to 'outdirBNSBu32cores'
04:23 bilby INFO    : Running for label 'Constraints170817', output will be saved to 'outdirBNSBu32cores'
04:23 bilby INFO    : Running for label 'Constraints170817', output will be saved to 'outdirBNSBu32cores'
04:23 bilby INFO    : Running for label 'Constraints170817', output will be saved to 'outdirBNSBu32cores'
04:23 bilby INFO    : Running for label 'Constraints170817', output will be saved to 'outdirBNSBu32cores'
04:23 bilby INFO    : Running for label 'Constraints170817', output will be saved to 'outdirBNSBu32cores'
04:23 bilby INFO    : Running for label 'Constraints170817', output will be saved to 'outdirBNSBu32cores'
04:23 bilby INFO    : Running for label 'Constraints170817', output will be saved to 'outdirBNSBu32cores'
04:23 bilby INFO    : Running for label 'Constraints170817', output will be saved to 'outdirBNSBu32cores'
04:23 bilby INFO    : Running for label 'Constraints170817', output will be saved to 'outdirBNSBu32cores'
04:23 bilby INFO    : Running for label 'Constraints170817', output will be saved to 'outdirBNSBu32cores'
04:23 bilby INFO    : Running for label 'Constraints170817', output will be saved to 'outdirBNSBu32cores'
04:23 bilby INFO    : Running for label 'Constraints170817', output will be saved to 'outdirBNSBu32cores'
04:23 bilby INFO    : Running for label 'Constraints170817', output will be saved to 'outdirBNSBu32cores'
04:23 bilby INFO    : Running for label 'Constraints170817', output will be saved to 'outdirBNSBu32cores'
04:23 bilby INFO    : Running for label 'Constraints170817', output will be saved to 'outdirBNSBu32cores'
04:23 bilby INFO    : Running for label 'Constraints170817', output will be saved to 'outdirBNSBu32cores'
04:23 bilby INFO    : Running for label 'Constraints170817', output will be saved to 'outdirBNSBu32cores'
04:23 bilby INFO    : Running for label 'Constraints170817', output will be saved to 'outdirBNSBu32cores'
04:23 bilby INFO    : Running for label 'Constraints170817', output will be saved to 'outdirBNSBu32cores'
04:23 bilby INFO    : Analysis priors:
04:23 bilby INFO    : Analysis priors:
04:23 bilby INFO    : Analysis priors:
04:23 bilby INFO    : Analysis priors:
04:23 bilby INFO    : Analysis priors:
04:23 bilby INFO    : Analysis priors:
04:23 bilby INFO    : Analysis priors:
04:23 bilby INFO    : Analysis priors:
04:23 bilby INFO    : Analysis priors:
04:23 bilby INFO    : Analysis priors:
04:23 bilby INFO    : Analysis priors:
04:23 bilby INFO    : Analysis priors:
04:23 bilby INFO    : Analysis priors:
04:23 bilby INFO    : Analysis priors:
04:23 bilby INFO    : Analysis priors:
04:23 bilby INFO    : Analysis priors:
04:23 bilby INFO    : Analysis priors:
04:23 bilby INFO    : Analysis priors:
04:23 bilby INFO    : Analysis priors:
04:23 bilby INFO    : Analysis priors:
04:23 bilby INFO    : Analysis priors:
04:23 bilby INFO    : Analysis priors:
04:23 bilby INFO    : Analysis priors:
04:23 bilby INFO    : Analysis priors:
04:23 bilby INFO    : Analysis priors:
04:23 bilby INFO    : Analysis priors:
04:23 bilby INFO    : Analysis priors:
04:23 bilby INFO    : Analysis priors:
04:23 bilby INFO    : Analysis priors:
04:23 bilby INFO    : Analysis priors:
04:23 bilby INFO    : Analysis priors:
04:23 bilby INFO    : Analysis priors:
04:23 bilby INFO    : KNphi=Uniform(minimum=15.0, maximum=75.0, name='KNphi', latex_label='$\\Phi$', unit=None, boundary=None)
04:23 bilby INFO    : KNphi=Uniform(minimum=15.0, maximum=75.0, name='KNphi', latex_label='$\\Phi$', unit=None, boundary=None)
04:23 bilby INFO    : KNphi=Uniform(minimum=15.0, maximum=75.0, name='KNphi', latex_label='$\\Phi$', unit=None, boundary=None)
04:23 bilby INFO    : KNphi=Uniform(minimum=15.0, maximum=75.0, name='KNphi', latex_label='$\\Phi$', unit=None, boundary=None)
04:23 bilby INFO    : KNphi=Uniform(minimum=15.0, maximum=75.0, name='KNphi', latex_label='$\\Phi$', unit=None, boundary=None)
04:23 bilby INFO    : KNphi=Uniform(minimum=15.0, maximum=75.0, name='KNphi', latex_label='$\\Phi$', unit=None, boundary=None)
04:23 bilby INFO    : KNphi=Uniform(minimum=15.0, maximum=75.0, name='KNphi', latex_label='$\\Phi$', unit=None, boundary=None)
04:23 bilby INFO    : KNphi=Uniform(minimum=15.0, maximum=75.0, name='KNphi', latex_label='$\\Phi$', unit=None, boundary=None)
04:23 bilby INFO    : KNphi=Uniform(minimum=15.0, maximum=75.0, name='KNphi', latex_label='$\\Phi$', unit=None, boundary=None)
04:23 bilby INFO    : KNphi=Uniform(minimum=15.0, maximum=75.0, name='KNphi', latex_label='$\\Phi$', unit=None, boundary=None)
04:23 bilby INFO    : KNphi=Uniform(minimum=15.0, maximum=75.0, name='KNphi', latex_label='$\\Phi$', unit=None, boundary=None)
04:23 bilby INFO    : KNphi=Uniform(minimum=15.0, maximum=75.0, name='KNphi', latex_label='$\\Phi$', unit=None, boundary=None)
04:23 bilby INFO    : log10_mej_dyn=Uniform(minimum=-3.0, maximum=-1.0, name='log10_mej_dyn', latex_label='$\\log_{10}M^{\\rm{dyn}}_{\\rm{ej}}$', unit=None, boundary='reflective')
04:23 bilby INFO    : KNphi=Uniform(minimum=15.0, maximum=75.0, name='KNphi', latex_label='$\\Phi$', unit=None, boundary=None)
04:23 bilby INFO    : KNphi=Uniform(minimum=15.0, maximum=75.0, name='KNphi', latex_label='$\\Phi$', unit=None, boundary=None)
04:23 bilby INFO    : KNphi=Uniform(minimum=15.0, maximum=75.0, name='KNphi', latex_label='$\\Phi$', unit=None, boundary=None)
04:23 bilby INFO    : KNphi=Uniform(minimum=15.0, maximum=75.0, name='KNphi', latex_label='$\\Phi$', unit=None, boundary=None)
04:23 bilby INFO    : KNphi=Uniform(minimum=15.0, maximum=75.0, name='KNphi', latex_label='$\\Phi$', unit=None, boundary=None)
04:23 bilby INFO    : KNphi=Uniform(minimum=15.0, maximum=75.0, name='KNphi', latex_label='$\\Phi$', unit=None, boundary=None)
04:23 bilby INFO    : log10_mej_dyn=Uniform(minimum=-3.0, maximum=-1.0, name='log10_mej_dyn', latex_label='$\\log_{10}M^{\\rm{dyn}}_{\\rm{ej}}$', unit=None, boundary='reflective')
04:23 bilby INFO    : log10_mej_dyn=Uniform(minimum=-3.0, maximum=-1.0, name='log10_mej_dyn', latex_label='$\\log_{10}M^{\\rm{dyn}}_{\\rm{ej}}$', unit=None, boundary='reflective')
04:23 bilby INFO    : KNphi=Uniform(minimum=15.0, maximum=75.0, name='KNphi', latex_label='$\\Phi$', unit=None, boundary=None)
04:23 bilby INFO    : KNphi=Uniform(minimum=15.0, maximum=75.0, name='KNphi', latex_label='$\\Phi$', unit=None, boundary=None)
04:23 bilby INFO    : KNphi=Uniform(minimum=15.0, maximum=75.0, name='KNphi', latex_label='$\\Phi$', unit=None, boundary=None)
04:23 bilby INFO    : KNphi=Uniform(minimum=15.0, maximum=75.0, name='KNphi', latex_label='$\\Phi$', unit=None, boundary=None)
04:23 bilby INFO    : KNphi=Uniform(minimum=15.0, maximum=75.0, name='KNphi', latex_label='$\\Phi$', unit=None, boundary=None)
04:23 bilby INFO    : log10_mej_dyn=Uniform(minimum=-3.0, maximum=-1.0, name='log10_mej_dyn', latex_label='$\\log_{10}M^{\\rm{dyn}}_{\\rm{ej}}$', unit=None, boundary='reflective')
04:23 bilby INFO    : KNphi=Uniform(minimum=15.0, maximum=75.0, name='KNphi', latex_label='$\\Phi$', unit=None, boundary=None)
04:23 bilby INFO    : KNphi=Uniform(minimum=15.0, maximum=75.0, name='KNphi', latex_label='$\\Phi$', unit=None, boundary=None)
04:23 bilby INFO    : log10_mej_dyn=Uniform(minimum=-3.0, maximum=-1.0, name='log10_mej_dyn', latex_label='$\\log_{10}M^{\\rm{dyn}}_{\\rm{ej}}$', unit=None, boundary='reflective')
04:23 bilby INFO    : log10_mej_dyn=Uniform(minimum=-3.0, maximum=-1.0, name='log10_mej_dyn', latex_label='$\\log_{10}M^{\\rm{dyn}}_{\\rm{ej}}$', unit=None, boundary='reflective')
04:23 bilby INFO    : KNphi=Uniform(minimum=15.0, maximum=75.0, name='KNphi', latex_label='$\\Phi$', unit=None, boundary=None)
04:23 bilby INFO    : log10_mej_dyn=Uniform(minimum=-3.0, maximum=-1.0, name='log10_mej_dyn', latex_label='$\\log_{10}M^{\\rm{dyn}}_{\\rm{ej}}$', unit=None, boundary='reflective')
04:23 bilby INFO    : KNphi=Uniform(minimum=15.0, maximum=75.0, name='KNphi', latex_label='$\\Phi$', unit=None, boundary=None)
04:23 bilby INFO    : KNphi=Uniform(minimum=15.0, maximum=75.0, name='KNphi', latex_label='$\\Phi$', unit=None, boundary=None)
04:23 bilby INFO    : log10_mej_dyn=Uniform(minimum=-3.0, maximum=-1.0, name='log10_mej_dyn', latex_label='$\\log_{10}M^{\\rm{dyn}}_{\\rm{ej}}$', unit=None, boundary='reflective')
04:23 bilby INFO    : KNphi=Uniform(minimum=15.0, maximum=75.0, name='KNphi', latex_label='$\\Phi$', unit=None, boundary=None)
04:23 bilby INFO    : log10_mej_dyn=Uniform(minimum=-3.0, maximum=-1.0, name='log10_mej_dyn', latex_label='$\\log_{10}M^{\\rm{dyn}}_{\\rm{ej}}$', unit=None, boundary='reflective')
04:23 bilby INFO    : log10_mej_dyn=Uniform(minimum=-3.0, maximum=-1.0, name='log10_mej_dyn', latex_label='$\\log_{10}M^{\\rm{dyn}}_{\\rm{ej}}$', unit=None, boundary='reflective')
04:23 bilby INFO    : log10_mej_dyn=Uniform(minimum=-3.0, maximum=-1.0, name='log10_mej_dyn', latex_label='$\\log_{10}M^{\\rm{dyn}}_{\\rm{ej}}$', unit=None, boundary='reflective')
04:23 bilby INFO    : log10_mej_dyn=Uniform(minimum=-3.0, maximum=-1.0, name='log10_mej_dyn', latex_label='$\\log_{10}M^{\\rm{dyn}}_{\\rm{ej}}$', unit=None, boundary='reflective')
04:23 bilby INFO    : log10_mej_wind=Uniform(minimum=-3.0, maximum=-0.5, name='log10_mej_wind', latex_label='$\\log_{10}M^{\\rm{wind}}_{\\rm{ej}}$', unit=None, boundary='reflective')
04:23 bilby INFO    : log10_mej_dyn=Uniform(minimum=-3.0, maximum=-1.0, name='log10_mej_dyn', latex_label='$\\log_{10}M^{\\rm{dyn}}_{\\rm{ej}}$', unit=None, boundary='reflective')
04:23 bilby INFO    : log10_mej_dyn=Uniform(minimum=-3.0, maximum=-1.0, name='log10_mej_dyn', latex_label='$\\log_{10}M^{\\rm{dyn}}_{\\rm{ej}}$', unit=None, boundary='reflective')
04:23 bilby INFO    : log10_mej_dyn=Uniform(minimum=-3.0, maximum=-1.0, name='log10_mej_dyn', latex_label='$\\log_{10}M^{\\rm{dyn}}_{\\rm{ej}}$', unit=None, boundary='reflective')
04:23 bilby INFO    : KNphi=Uniform(minimum=15.0, maximum=75.0, name='KNphi', latex_label='$\\Phi$', unit=None, boundary=None)
04:23 bilby INFO    : log10_mej_dyn=Uniform(minimum=-3.0, maximum=-1.0, name='log10_mej_dyn', latex_label='$\\log_{10}M^{\\rm{dyn}}_{\\rm{ej}}$', unit=None, boundary='reflective')
04:23 bilby INFO    : log10_mej_wind=Uniform(minimum=-3.0, maximum=-0.5, name='log10_mej_wind', latex_label='$\\log_{10}M^{\\rm{wind}}_{\\rm{ej}}$', unit=None, boundary='reflective')
04:23 bilby INFO    : log10_mej_dyn=Uniform(minimum=-3.0, maximum=-1.0, name='log10_mej_dyn', latex_label='$\\log_{10}M^{\\rm{dyn}}_{\\rm{ej}}$', unit=None, boundary='reflective')
04:23 bilby INFO    : log10_mej_wind=Uniform(minimum=-3.0, maximum=-0.5, name='log10_mej_wind', latex_label='$\\log_{10}M^{\\rm{wind}}_{\\rm{ej}}$', unit=None, boundary='reflective')
04:23 bilby INFO    : log10_mej_dyn=Uniform(minimum=-3.0, maximum=-1.0, name='log10_mej_dyn', latex_label='$\\log_{10}M^{\\rm{dyn}}_{\\rm{ej}}$', unit=None, boundary='reflective')
04:23 bilby INFO    : log10_mej_wind=Uniform(minimum=-3.0, maximum=-0.5, name='log10_mej_wind', latex_label='$\\log_{10}M^{\\rm{wind}}_{\\rm{ej}}$', unit=None, boundary='reflective')
04:23 bilby INFO    : log10_mej_dyn=Uniform(minimum=-3.0, maximum=-1.0, name='log10_mej_dyn', latex_label='$\\log_{10}M^{\\rm{dyn}}_{\\rm{ej}}$', unit=None, boundary='reflective')
04:23 bilby INFO    : log10_mej_dyn=Uniform(minimum=-3.0, maximum=-1.0, name='log10_mej_dyn', latex_label='$\\log_{10}M^{\\rm{dyn}}_{\\rm{ej}}$', unit=None, boundary='reflective')
04:23 bilby INFO    : log10_mej_dyn=Uniform(minimum=-3.0, maximum=-1.0, name='log10_mej_dyn', latex_label='$\\log_{10}M^{\\rm{dyn}}_{\\rm{ej}}$', unit=None, boundary='reflective')
04:23 bilby INFO    : log10_mej_wind=Uniform(minimum=-3.0, maximum=-0.5, name='log10_mej_wind', latex_label='$\\log_{10}M^{\\rm{wind}}_{\\rm{ej}}$', unit=None, boundary='reflective')
04:23 bilby INFO    : log10_mej_dyn=Uniform(minimum=-3.0, maximum=-1.0, name='log10_mej_dyn', latex_label='$\\log_{10}M^{\\rm{dyn}}_{\\rm{ej}}$', unit=None, boundary='reflective')
04:23 bilby INFO    : log10_mej_wind=Uniform(minimum=-3.0, maximum=-0.5, name='log10_mej_wind', latex_label='$\\log_{10}M^{\\rm{wind}}_{\\rm{ej}}$', unit=None, boundary='reflective')
04:23 bilby INFO    : log10_mej_dyn=Uniform(minimum=-3.0, maximum=-1.0, name='log10_mej_dyn', latex_label='$\\log_{10}M^{\\rm{dyn}}_{\\rm{ej}}$', unit=None, boundary='reflective')
04:23 bilby INFO    : log10_mej_dyn=Uniform(minimum=-3.0, maximum=-1.0, name='log10_mej_dyn', latex_label='$\\log_{10}M^{\\rm{dyn}}_{\\rm{ej}}$', unit=None, boundary='reflective')
04:23 bilby INFO    : log10_mej_dyn=Uniform(minimum=-3.0, maximum=-1.0, name='log10_mej_dyn', latex_label='$\\log_{10}M^{\\rm{dyn}}_{\\rm{ej}}$', unit=None, boundary='reflective')
04:23 bilby INFO    : log10_mej_dyn=Uniform(minimum=-3.0, maximum=-1.0, name='log10_mej_dyn', latex_label='$\\log_{10}M^{\\rm{dyn}}_{\\rm{ej}}$', unit=None, boundary='reflective')
04:23 bilby INFO    : log10_mej_wind=Uniform(minimum=-3.0, maximum=-0.5, name='log10_mej_wind', latex_label='$\\log_{10}M^{\\rm{wind}}_{\\rm{ej}}$', unit=None, boundary='reflective')
04:23 bilby INFO    : log10_mej_wind=Uniform(minimum=-3.0, maximum=-0.5, name='log10_mej_wind', latex_label='$\\log_{10}M^{\\rm{wind}}_{\\rm{ej}}$', unit=None, boundary='reflective')
04:23 bilby INFO    : log10_mej_wind=Uniform(minimum=-3.0, maximum=-0.5, name='log10_mej_wind', latex_label='$\\log_{10}M^{\\rm{wind}}_{\\rm{ej}}$', unit=None, boundary='reflective')
04:23 bilby INFO    : log10_mej_wind=Uniform(minimum=-3.0, maximum=-0.5, name='log10_mej_wind', latex_label='$\\log_{10}M^{\\rm{wind}}_{\\rm{ej}}$', unit=None, boundary='reflective')
04:23 bilby INFO    : log10_mej_dyn=Uniform(minimum=-3.0, maximum=-1.0, name='log10_mej_dyn', latex_label='$\\log_{10}M^{\\rm{dyn}}_{\\rm{ej}}$', unit=None, boundary='reflective')
04:23 bilby INFO    : log10_mej_dyn=Uniform(minimum=-3.0, maximum=-1.0, name='log10_mej_dyn', latex_label='$\\log_{10}M^{\\rm{dyn}}_{\\rm{ej}}$', unit=None, boundary='reflective')
04:23 bilby INFO    : log10_mej_dyn=Uniform(minimum=-3.0, maximum=-1.0, name='log10_mej_dyn', latex_label='$\\log_{10}M^{\\rm{dyn}}_{\\rm{ej}}$', unit=None, boundary='reflective')
04:23 bilby INFO    : log10_mej_wind=Uniform(minimum=-3.0, maximum=-0.5, name='log10_mej_wind', latex_label='$\\log_{10}M^{\\rm{wind}}_{\\rm{ej}}$', unit=None, boundary='reflective')
04:23 bilby INFO    : log10_mej_wind=Uniform(minimum=-3.0, maximum=-0.5, name='log10_mej_wind', latex_label='$\\log_{10}M^{\\rm{wind}}_{\\rm{ej}}$', unit=None, boundary='reflective')
04:23 bilby INFO    : inclination_EM=Sine(minimum=0.0, maximum=1.5707963267948966, name='inclination_EM', latex_label='$\\iota$', unit=None, boundary=None)
04:23 bilby INFO    : log10_mej_wind=Uniform(minimum=-3.0, maximum=-0.5, name='log10_mej_wind', latex_label='$\\log_{10}M^{\\rm{wind}}_{\\rm{ej}}$', unit=None, boundary='reflective')
04:23 bilby INFO    : log10_mej_wind=Uniform(minimum=-3.0, maximum=-0.5, name='log10_mej_wind', latex_label='$\\log_{10}M^{\\rm{wind}}_{\\rm{ej}}$', unit=None, boundary='reflective')
04:23 bilby INFO    : log10_mej_wind=Uniform(minimum=-3.0, maximum=-0.5, name='log10_mej_wind', latex_label='$\\log_{10}M^{\\rm{wind}}_{\\rm{ej}}$', unit=None, boundary='reflective')
04:23 bilby INFO    : log10_mej_wind=Uniform(minimum=-3.0, maximum=-0.5, name='log10_mej_wind', latex_label='$\\log_{10}M^{\\rm{wind}}_{\\rm{ej}}$', unit=None, boundary='reflective')
04:23 bilby INFO    : log10_mej_wind=Uniform(minimum=-3.0, maximum=-0.5, name='log10_mej_wind', latex_label='$\\log_{10}M^{\\rm{wind}}_{\\rm{ej}}$', unit=None, boundary='reflective')
04:23 bilby INFO    : log10_mej_dyn=Uniform(minimum=-3.0, maximum=-1.0, name='log10_mej_dyn', latex_label='$\\log_{10}M^{\\rm{dyn}}_{\\rm{ej}}$', unit=None, boundary='reflective')
04:23 bilby INFO    : inclination_EM=Sine(minimum=0.0, maximum=1.5707963267948966, name='inclination_EM', latex_label='$\\iota$', unit=None, boundary=None)
04:23 bilby INFO    : log10_mej_wind=Uniform(minimum=-3.0, maximum=-0.5, name='log10_mej_wind', latex_label='$\\log_{10}M^{\\rm{wind}}_{\\rm{ej}}$', unit=None, boundary='reflective')
04:23 bilby INFO    : inclination_EM=Sine(minimum=0.0, maximum=1.5707963267948966, name='inclination_EM', latex_label='$\\iota$', unit=None, boundary=None)
04:23 bilby INFO    : log10_mej_wind=Uniform(minimum=-3.0, maximum=-0.5, name='log10_mej_wind', latex_label='$\\log_{10}M^{\\rm{wind}}_{\\rm{ej}}$', unit=None, boundary='reflective')
04:23 bilby INFO    : inclination_EM=Sine(minimum=0.0, maximum=1.5707963267948966, name='inclination_EM', latex_label='$\\iota$', unit=None, boundary=None)
04:23 bilby INFO    : inclination_EM=Sine(minimum=0.0, maximum=1.5707963267948966, name='inclination_EM', latex_label='$\\iota$', unit=None, boundary=None)
04:23 bilby INFO    : log10_mej_wind=Uniform(minimum=-3.0, maximum=-0.5, name='log10_mej_wind', latex_label='$\\log_{10}M^{\\rm{wind}}_{\\rm{ej}}$', unit=None, boundary='reflective')
04:23 bilby INFO    : log10_mej_wind=Uniform(minimum=-3.0, maximum=-0.5, name='log10_mej_wind', latex_label='$\\log_{10}M^{\\rm{wind}}_{\\rm{ej}}$', unit=None, boundary='reflective')
04:23 bilby INFO    : log10_mej_wind=Uniform(minimum=-3.0, maximum=-0.5, name='log10_mej_wind', latex_label='$\\log_{10}M^{\\rm{wind}}_{\\rm{ej}}$', unit=None, boundary='reflective')
04:23 bilby INFO    : inclination_EM=Sine(minimum=0.0, maximum=1.5707963267948966, name='inclination_EM', latex_label='$\\iota$', unit=None, boundary=None)
04:23 bilby INFO    : log10_mej_wind=Uniform(minimum=-3.0, maximum=-0.5, name='log10_mej_wind', latex_label='$\\log_{10}M^{\\rm{wind}}_{\\rm{ej}}$', unit=None, boundary='reflective')
04:23 bilby INFO    : log10_mej_wind=Uniform(minimum=-3.0, maximum=-0.5, name='log10_mej_wind', latex_label='$\\log_{10}M^{\\rm{wind}}_{\\rm{ej}}$', unit=None, boundary='reflective')
04:23 bilby INFO    : inclination_EM=Sine(minimum=0.0, maximum=1.5707963267948966, name='inclination_EM', latex_label='$\\iota$', unit=None, boundary=None)
04:23 bilby INFO    : log10_mej_wind=Uniform(minimum=-3.0, maximum=-0.5, name='log10_mej_wind', latex_label='$\\log_{10}M^{\\rm{wind}}_{\\rm{ej}}$', unit=None, boundary='reflective')
04:23 bilby INFO    : inclination_EM=Sine(minimum=0.0, maximum=1.5707963267948966, name='inclination_EM', latex_label='$\\iota$', unit=None, boundary=None)
04:23 bilby INFO    : inclination_EM=Sine(minimum=0.0, maximum=1.5707963267948966, name='inclination_EM', latex_label='$\\iota$', unit=None, boundary=None)
04:23 bilby INFO    : log10_mej_wind=Uniform(minimum=-3.0, maximum=-0.5, name='log10_mej_wind', latex_label='$\\log_{10}M^{\\rm{wind}}_{\\rm{ej}}$', unit=None, boundary='reflective')
04:23 bilby INFO    : log10_mej_wind=Uniform(minimum=-3.0, maximum=-0.5, name='log10_mej_wind', latex_label='$\\log_{10}M^{\\rm{wind}}_{\\rm{ej}}$', unit=None, boundary='reflective')
04:23 bilby INFO    : log10_mej_wind=Uniform(minimum=-3.0, maximum=-0.5, name='log10_mej_wind', latex_label='$\\log_{10}M^{\\rm{wind}}_{\\rm{ej}}$', unit=None, boundary='reflective')
04:23 bilby INFO    : inclination_EM=Sine(minimum=0.0, maximum=1.5707963267948966, name='inclination_EM', latex_label='$\\iota$', unit=None, boundary=None)
04:23 bilby INFO    : log10_mej_wind=Uniform(minimum=-3.0, maximum=-0.5, name='log10_mej_wind', latex_label='$\\log_{10}M^{\\rm{wind}}_{\\rm{ej}}$', unit=None, boundary='reflective')
04:23 bilby INFO    : inclination_EM=Sine(minimum=0.0, maximum=1.5707963267948966, name='inclination_EM', latex_label='$\\iota$', unit=None, boundary=None)
04:23 bilby INFO    : inclination_EM=Sine(minimum=0.0, maximum=1.5707963267948966, name='inclination_EM', latex_label='$\\iota$', unit=None, boundary=None)
04:23 bilby INFO    : inclination_EM=Sine(minimum=0.0, maximum=1.5707963267948966, name='inclination_EM', latex_label='$\\iota$', unit=None, boundary=None)
04:23 bilby INFO    : luminosity_distance=LogUniform(minimum=38, maximum=48, name='luminosity_distance', latex_label='$D_L$', unit=None, boundary=None)
04:23 bilby INFO    : log10_mej_wind=Uniform(minimum=-3.0, maximum=-0.5, name='log10_mej_wind', latex_label='$\\log_{10}M^{\\rm{wind}}_{\\rm{ej}}$', unit=None, boundary='reflective')
04:23 bilby INFO    : inclination_EM=Sine(minimum=0.0, maximum=1.5707963267948966, name='inclination_EM', latex_label='$\\iota$', unit=None, boundary=None)
04:23 bilby INFO    : inclination_EM=Sine(minimum=0.0, maximum=1.5707963267948966, name='inclination_EM', latex_label='$\\iota$', unit=None, boundary=None)
04:23 bilby INFO    : inclination_EM=Sine(minimum=0.0, maximum=1.5707963267948966, name='inclination_EM', latex_label='$\\iota$', unit=None, boundary=None)
04:23 bilby INFO    : inclination_EM=Sine(minimum=0.0, maximum=1.5707963267948966, name='inclination_EM', latex_label='$\\iota$', unit=None, boundary=None)
04:23 bilby INFO    : luminosity_distance=LogUniform(minimum=38, maximum=48, name='luminosity_distance', latex_label='$D_L$', unit=None, boundary=None)
04:23 bilby INFO    : inclination_EM=Sine(minimum=0.0, maximum=1.5707963267948966, name='inclination_EM', latex_label='$\\iota$', unit=None, boundary=None)
04:23 bilby INFO    : luminosity_distance=LogUniform(minimum=38, maximum=48, name='luminosity_distance', latex_label='$D_L$', unit=None, boundary=None)
04:23 bilby INFO    : inclination_EM=Sine(minimum=0.0, maximum=1.5707963267948966, name='inclination_EM', latex_label='$\\iota$', unit=None, boundary=None)
04:23 bilby INFO    : luminosity_distance=LogUniform(minimum=38, maximum=48, name='luminosity_distance', latex_label='$D_L$', unit=None, boundary=None)
04:23 bilby INFO    : luminosity_distance=LogUniform(minimum=38, maximum=48, name='luminosity_distance', latex_label='$D_L$', unit=None, boundary=None)
04:23 bilby INFO    : luminosity_distance=LogUniform(minimum=38, maximum=48, name='luminosity_distance', latex_label='$D_L$', unit=None, boundary=None)
04:23 bilby INFO    : inclination_EM=Sine(minimum=0.0, maximum=1.5707963267948966, name='inclination_EM', latex_label='$\\iota$', unit=None, boundary=None)
04:23 bilby INFO    : inclination_EM=Sine(minimum=0.0, maximum=1.5707963267948966, name='inclination_EM', latex_label='$\\iota$', unit=None, boundary=None)
04:23 bilby INFO    : inclination_EM=Sine(minimum=0.0, maximum=1.5707963267948966, name='inclination_EM', latex_label='$\\iota$', unit=None, boundary=None)
04:23 bilby INFO    : luminosity_distance=LogUniform(minimum=38, maximum=48, name='luminosity_distance', latex_label='$D_L$', unit=None, boundary=None)
04:23 bilby INFO    : luminosity_distance=LogUniform(minimum=38, maximum=48, name='luminosity_distance', latex_label='$D_L$', unit=None, boundary=None)
04:23 bilby INFO    : inclination_EM=Sine(minimum=0.0, maximum=1.5707963267948966, name='inclination_EM', latex_label='$\\iota$', unit=None, boundary=None)
04:23 bilby INFO    : inclination_EM=Sine(minimum=0.0, maximum=1.5707963267948966, name='inclination_EM', latex_label='$\\iota$', unit=None, boundary=None)
04:23 bilby INFO    : inclination_EM=Sine(minimum=0.0, maximum=1.5707963267948966, name='inclination_EM', latex_label='$\\iota$', unit=None, boundary=None)
04:23 bilby INFO    : inclination_EM=Sine(minimum=0.0, maximum=1.5707963267948966, name='inclination_EM', latex_label='$\\iota$', unit=None, boundary=None)
04:23 bilby INFO    : luminosity_distance=LogUniform(minimum=38, maximum=48, name='luminosity_distance', latex_label='$D_L$', unit=None, boundary=None)
04:23 bilby INFO    : inclination_EM=Sine(minimum=0.0, maximum=1.5707963267948966, name='inclination_EM', latex_label='$\\iota$', unit=None, boundary=None)
04:23 bilby INFO    : luminosity_distance=LogUniform(minimum=38, maximum=48, name='luminosity_distance', latex_label='$D_L$', unit=None, boundary=None)
04:23 bilby INFO    : inclination_EM=Sine(minimum=0.0, maximum=1.5707963267948966, name='inclination_EM', latex_label='$\\iota$', unit=None, boundary=None)
04:23 bilby INFO    : luminosity_distance=LogUniform(minimum=38, maximum=48, name='luminosity_distance', latex_label='$D_L$', unit=None, boundary=None)
04:23 bilby INFO    : em_syserr=LogUniform(minimum=0.1, maximum=2.0, name='em_syserr', latex_label='$\\sigma$', unit=None, boundary=None)
04:23 bilby INFO    : luminosity_distance=LogUniform(minimum=38, maximum=48, name='luminosity_distance', latex_label='$D_L$', unit=None, boundary=None)
04:23 bilby INFO    : luminosity_distance=LogUniform(minimum=38, maximum=48, name='luminosity_distance', latex_label='$D_L$', unit=None, boundary=None)
04:23 bilby INFO    : luminosity_distance=LogUniform(minimum=38, maximum=48, name='luminosity_distance', latex_label='$D_L$', unit=None, boundary=None)
04:23 bilby INFO    : inclination_EM=Sine(minimum=0.0, maximum=1.5707963267948966, name='inclination_EM', latex_label='$\\iota$', unit=None, boundary=None)
04:23 bilby INFO    : em_syserr=LogUniform(minimum=0.1, maximum=2.0, name='em_syserr', latex_label='$\\sigma$', unit=None, boundary=None)
04:23 bilby INFO    : luminosity_distance=LogUniform(minimum=38, maximum=48, name='luminosity_distance', latex_label='$D_L$', unit=None, boundary=None)
04:23 bilby INFO    : inclination_EM=Sine(minimum=0.0, maximum=1.5707963267948966, name='inclination_EM', latex_label='$\\iota$', unit=None, boundary=None)
04:23 bilby INFO    : luminosity_distance=LogUniform(minimum=38, maximum=48, name='luminosity_distance', latex_label='$D_L$', unit=None, boundary=None)
04:23 bilby INFO    : timeshift=0.0
04:23 bilby INFO    : em_syserr=LogUniform(minimum=0.1, maximum=2.0, name='em_syserr', latex_label='$\\sigma$', unit=None, boundary=None)
04:23 bilby INFO    : luminosity_distance=LogUniform(minimum=38, maximum=48, name='luminosity_distance', latex_label='$D_L$', unit=None, boundary=None)
04:23 bilby INFO    : luminosity_distance=LogUniform(minimum=38, maximum=48, name='luminosity_distance', latex_label='$D_L$', unit=None, boundary=None)
04:23 bilby INFO    : timeshift=0.0
04:23 bilby INFO    : Ebv=0.0
04:23 bilby INFO    : em_syserr=LogUniform(minimum=0.1, maximum=2.0, name='em_syserr', latex_label='$\\sigma$', unit=None, boundary=None)
04:23 bilby INFO    : timeshift=0.0
04:23 bilby INFO    : em_syserr=LogUniform(minimum=0.1, maximum=2.0, name='em_syserr', latex_label='$\\sigma$', unit=None, boundary=None)
04:23 bilby INFO    : em_syserr=LogUniform(minimum=0.1, maximum=2.0, name='em_syserr', latex_label='$\\sigma$', unit=None, boundary=None)
04:23 bilby INFO    : em_syserr=LogUniform(minimum=0.1, maximum=2.0, name='em_syserr', latex_label='$\\sigma$', unit=None, boundary=None)
04:23 bilby INFO    : luminosity_distance=LogUniform(minimum=38, maximum=48, name='luminosity_distance', latex_label='$D_L$', unit=None, boundary=None)
04:23 bilby INFO    : Ebv=0.0
04:23 bilby INFO    : luminosity_distance=LogUniform(minimum=38, maximum=48, name='luminosity_distance', latex_label='$D_L$', unit=None, boundary=None)
04:23 bilby INFO    : em_syserr=LogUniform(minimum=0.1, maximum=2.0, name='em_syserr', latex_label='$\\sigma$', unit=None, boundary=None)
04:23 bilby INFO    : em_syserr=LogUniform(minimum=0.1, maximum=2.0, name='em_syserr', latex_label='$\\sigma$', unit=None, boundary=None)
04:23 bilby INFO    : luminosity_distance=LogUniform(minimum=38, maximum=48, name='luminosity_distance', latex_label='$D_L$', unit=None, boundary=None)
04:23 bilby INFO    : Analysis likelihood class: <class 'nmma.em.likelihood.OpticalLightCurve'>
04:23 bilby INFO    : luminosity_distance=LogUniform(minimum=38, maximum=48, name='luminosity_distance', latex_label='$D_L$', unit=None, boundary=None)
04:23 bilby INFO    : luminosity_distance=LogUniform(minimum=38, maximum=48, name='luminosity_distance', latex_label='$D_L$', unit=None, boundary=None)
04:23 bilby INFO    : em_syserr=LogUniform(minimum=0.1, maximum=2.0, name='em_syserr', latex_label='$\\sigma$', unit=None, boundary=None)
04:23 bilby INFO    : em_syserr=LogUniform(minimum=0.1, maximum=2.0, name='em_syserr', latex_label='$\\sigma$', unit=None, boundary=None)
04:23 bilby INFO    : em_syserr=LogUniform(minimum=0.1, maximum=2.0, name='em_syserr', latex_label='$\\sigma$', unit=None, boundary=None)
04:23 bilby INFO    : em_syserr=LogUniform(minimum=0.1, maximum=2.0, name='em_syserr', latex_label='$\\sigma$', unit=None, boundary=None)
04:23 bilby INFO    : em_syserr=LogUniform(minimum=0.1, maximum=2.0, name='em_syserr', latex_label='$\\sigma$', unit=None, boundary=None)
04:23 bilby INFO    : em_syserr=LogUniform(minimum=0.1, maximum=2.0, name='em_syserr', latex_label='$\\sigma$', unit=None, boundary=None)
04:23 bilby INFO    : timeshift=0.0
04:23 bilby INFO    : Analysis likelihood class: <class 'nmma.em.likelihood.OpticalLightCurve'>
04:23 bilby INFO    : luminosity_distance=LogUniform(minimum=38, maximum=48, name='luminosity_distance', latex_label='$D_L$', unit=None, boundary=None)
04:23 bilby INFO    : Ebv=0.0
04:23 bilby INFO    : luminosity_distance=LogUniform(minimum=38, maximum=48, name='luminosity_distance', latex_label='$D_L$', unit=None, boundary=None)
04:23 bilby INFO    : timeshift=0.0
04:23 bilby INFO    : luminosity_distance=LogUniform(minimum=38, maximum=48, name='luminosity_distance', latex_label='$D_L$', unit=None, boundary=None)
04:23 bilby INFO    : Analysis likelihood noise evidence: 0.0
04:23 bilby INFO    : em_syserr=LogUniform(minimum=0.1, maximum=2.0, name='em_syserr', latex_label='$\\sigma$', unit=None, boundary=None)
04:23 bilby INFO    : timeshift=0.0
04:23 bilby INFO    : timeshift=0.0
04:23 bilby INFO    : luminosity_distance=LogUniform(minimum=38, maximum=48, name='luminosity_distance', latex_label='$D_L$', unit=None, boundary=None)
04:23 bilby INFO    : timeshift=0.0
04:23 bilby INFO    : timeshift=0.0
04:23 bilby INFO    : timeshift=0.0
04:23 bilby INFO    : luminosity_distance=LogUniform(minimum=38, maximum=48, name='luminosity_distance', latex_label='$D_L$', unit=None, boundary=None)
04:23 bilby INFO    : timeshift=0.0
04:23 bilby INFO    : Ebv=0.0
04:23 bilby INFO    : luminosity_distance=LogUniform(minimum=38, maximum=48, name='luminosity_distance', latex_label='$D_L$', unit=None, boundary=None)
04:23 bilby INFO    : em_syserr=LogUniform(minimum=0.1, maximum=2.0, name='em_syserr', latex_label='$\\sigma$', unit=None, boundary=None)
04:23 bilby INFO    : timeshift=0.0
04:23 bilby INFO    : timeshift=0.0
04:23 bilby INFO    : Analysis likelihood class: <class 'nmma.em.likelihood.OpticalLightCurve'>
04:23 bilby INFO    : em_syserr=LogUniform(minimum=0.1, maximum=2.0, name='em_syserr', latex_label='$\\sigma$', unit=None, boundary=None)
04:23 bilby INFO    : luminosity_distance=LogUniform(minimum=38, maximum=48, name='luminosity_distance', latex_label='$D_L$', unit=None, boundary=None)
04:23 bilby INFO    : timeshift=0.0
04:23 bilby INFO    : Ebv=0.0
04:23 bilby INFO    : Ebv=0.0
04:23 bilby INFO    : timeshift=0.0
04:23 bilby INFO    : Ebv=0.0
04:23 bilby INFO    : Ebv=0.0
04:23 bilby INFO    : timeshift=0.0
04:23 bilby INFO    : Ebv=0.0
04:23 bilby INFO    : Ebv=0.0
04:23 bilby INFO    : Analysis likelihood class: <class 'nmma.em.likelihood.OpticalLightCurve'>
04:23 bilby INFO    : Analysis likelihood noise evidence: 0.0
04:23 bilby INFO    : Ebv=0.0
04:23 bilby INFO    : Ebv=0.0
04:23 bilby INFO    : Analysis likelihood noise evidence: 0.0
04:23 bilby INFO    : timeshift=0.0
04:23 bilby INFO    : Ebv=0.0
04:23 bilby INFO    : Analysis likelihood class: <class 'nmma.em.likelihood.OpticalLightCurve'>
04:23 bilby INFO    : em_syserr=LogUniform(minimum=0.1, maximum=2.0, name='em_syserr', latex_label='$\\sigma$', unit=None, boundary=None)
04:23 bilby INFO    : em_syserr=LogUniform(minimum=0.1, maximum=2.0, name='em_syserr', latex_label='$\\sigma$', unit=None, boundary=None)
04:23 bilby INFO    : Ebv=0.0
04:23 bilby INFO    : Analysis likelihood class: <class 'nmma.em.likelihood.OpticalLightCurve'>
04:23 bilby INFO    : Analysis likelihood class: <class 'nmma.em.likelihood.OpticalLightCurve'>
04:23 bilby INFO    : Analysis likelihood class: <class 'nmma.em.likelihood.OpticalLightCurve'>
04:23 bilby INFO    : em_syserr=LogUniform(minimum=0.1, maximum=2.0, name='em_syserr', latex_label='$\\sigma$', unit=None, boundary=None)
04:23 bilby INFO    : Analysis likelihood class: <class 'nmma.em.likelihood.OpticalLightCurve'>
04:23 bilby INFO    : Ebv=0.0
04:23 bilby INFO    : Analysis likelihood class: <class 'nmma.em.likelihood.OpticalLightCurve'>
04:23 bilby INFO    : Ebv=0.0
04:23 bilby INFO    : Analysis likelihood class: <class 'nmma.em.likelihood.OpticalLightCurve'>
04:23 bilby INFO    : Analysis likelihood class: <class 'nmma.em.likelihood.OpticalLightCurve'>
04:23 bilby INFO    : Analysis likelihood class: <class 'nmma.em.likelihood.OpticalLightCurve'>
04:23 bilby INFO    : Analysis likelihood noise evidence: 0.0
04:23 bilby INFO    : em_syserr=LogUniform(minimum=0.1, maximum=2.0, name='em_syserr', latex_label='$\\sigma$', unit=None, boundary=None)
04:23 bilby INFO    : Analysis likelihood noise evidence: 0.0
04:23 bilby INFO    : timeshift=0.0
04:23 bilby INFO    : Ebv=0.0
04:23 bilby INFO    : Analysis likelihood class: <class 'nmma.em.likelihood.OpticalLightCurve'>
04:23 bilby INFO    : Analysis likelihood class: <class 'nmma.em.likelihood.OpticalLightCurve'>
04:23 bilby INFO    : Ebv=0.0
04:23 bilby INFO    : Analysis likelihood class: <class 'nmma.em.likelihood.OpticalLightCurve'>
04:23 bilby INFO    : em_syserr=LogUniform(minimum=0.1, maximum=2.0, name='em_syserr', latex_label='$\\sigma$', unit=None, boundary=None)
04:23 bilby INFO    : timeshift=0.0
04:23 bilby INFO    : Analysis likelihood noise evidence: 0.0
04:23 bilby INFO    : timeshift=0.0
04:23 bilby INFO    : Ebv=0.0
04:23 bilby INFO    : em_syserr=LogUniform(minimum=0.1, maximum=2.0, name='em_syserr', latex_label='$\\sigma$', unit=None, boundary=None)
04:23 bilby INFO    : em_syserr=LogUniform(minimum=0.1, maximum=2.0, name='em_syserr', latex_label='$\\sigma$', unit=None, boundary=None)
04:23 bilby INFO    : timeshift=0.0
04:23 bilby INFO    : em_syserr=LogUniform(minimum=0.1, maximum=2.0, name='em_syserr', latex_label='$\\sigma$', unit=None, boundary=None)
04:23 bilby INFO    : Analysis likelihood noise evidence: 0.0
04:23 bilby INFO    : Analysis likelihood noise evidence: 0.0
04:23 bilby INFO    : Analysis likelihood class: <class 'nmma.em.likelihood.OpticalLightCurve'>
04:23 bilby INFO    : Analysis likelihood noise evidence: 0.0
04:23 bilby INFO    : timeshift=0.0
04:23 bilby INFO    : Ebv=0.0
04:23 bilby INFO    : Analysis likelihood noise evidence: 0.0
04:23 bilby INFO    : Analysis likelihood noise evidence: 0.0
04:23 bilby INFO    : em_syserr=LogUniform(minimum=0.1, maximum=2.0, name='em_syserr', latex_label='$\\sigma$', unit=None, boundary=None)
04:23 bilby INFO    : Analysis likelihood noise evidence: 0.0
04:23 bilby INFO    : Analysis likelihood noise evidence: 0.0
04:23 bilby INFO    : timeshift=0.0
04:23 bilby INFO    : em_syserr=LogUniform(minimum=0.1, maximum=2.0, name='em_syserr', latex_label='$\\sigma$', unit=None, boundary=None)
04:23 bilby INFO    : em_syserr=LogUniform(minimum=0.1, maximum=2.0, name='em_syserr', latex_label='$\\sigma$', unit=None, boundary=None)
04:23 bilby INFO    : timeshift=0.0
04:23 bilby INFO    : Analysis likelihood noise evidence: 0.0
04:23 bilby INFO    : em_syserr=LogUniform(minimum=0.1, maximum=2.0, name='em_syserr', latex_label='$\\sigma$', unit=None, boundary=None)
04:23 bilby INFO    : timeshift=0.0
04:23 bilby INFO    : Analysis likelihood noise evidence: 0.0
04:23 bilby INFO    : Ebv=0.0
04:23 bilby INFO    : timeshift=0.0
04:23 bilby INFO    : timeshift=0.0
04:23 bilby INFO    : Analysis likelihood noise evidence: 0.0
04:23 bilby INFO    : Ebv=0.0
04:23 bilby INFO    : Ebv=0.0
04:23 bilby INFO    : Analysis likelihood class: <class 'nmma.em.likelihood.OpticalLightCurve'>
04:23 bilby INFO    : Analysis likelihood noise evidence: 0.0
04:23 bilby INFO    : Analysis likelihood class: <class 'nmma.em.likelihood.OpticalLightCurve'>
04:23 bilby INFO    : Ebv=0.0
04:23 bilby INFO    : timeshift=0.0
04:23 bilby INFO    : Analysis likelihood class: <class 'nmma.em.likelihood.OpticalLightCurve'>
04:23 bilby INFO    : timeshift=0.0
04:23 bilby INFO    : Analysis likelihood class: <class 'nmma.em.likelihood.OpticalLightCurve'>
04:23 bilby INFO    : timeshift=0.0
04:23 bilby INFO    : Ebv=0.0
04:23 bilby INFO    : Ebv=0.0
04:23 bilby INFO    : Analysis likelihood noise evidence: 0.0
04:23 bilby INFO    : Analysis likelihood class: <class 'nmma.em.likelihood.OpticalLightCurve'>
04:23 bilby INFO    : Ebv=0.0
04:23 bilby INFO    : Analysis likelihood noise evidence: 0.0
04:23 bilby INFO    : Ebv=0.0
04:23 bilby INFO    : Ebv=0.0
04:23 bilby INFO    : Analysis likelihood class: <class 'nmma.em.likelihood.OpticalLightCurve'>
04:23 bilby INFO    : Ebv=0.0
04:23 bilby INFO    : Analysis likelihood class: <class 'nmma.em.likelihood.OpticalLightCurve'>
04:23 bilby INFO    : Analysis likelihood noise evidence: 0.0
04:23 bilby INFO    : Analysis likelihood class: <class 'nmma.em.likelihood.OpticalLightCurve'>
04:23 bilby INFO    : Analysis likelihood class: <class 'nmma.em.likelihood.OpticalLightCurve'>
04:23 bilby INFO    : Analysis likelihood noise evidence: 0.0
04:23 bilby INFO    : Analysis likelihood class: <class 'nmma.em.likelihood.OpticalLightCurve'>
04:23 bilby INFO    : Analysis likelihood noise evidence: 0.0
04:23 bilby INFO    : Analysis likelihood class: <class 'nmma.em.likelihood.OpticalLightCurve'>
04:23 bilby INFO    : Analysis likelihood noise evidence: 0.0
04:23 bilby INFO    : Analysis likelihood class: <class 'nmma.em.likelihood.OpticalLightCurve'>
04:23 bilby INFO    : Analysis likelihood noise evidence: 0.0
04:23 bilby INFO    : Analysis likelihood noise evidence: 0.0
04:23 bilby INFO    : Analysis likelihood noise evidence: 0.0
04:23 bilby INFO    : Analysis likelihood noise evidence: 0.0
04:23 bilby INFO    : Analysis likelihood noise evidence: 0.0
04:23 bilby INFO    : Analysis likelihood noise evidence: 0.0
04:23 bilby INFO    : Analysis likelihood class: <class 'nmma.em.likelihood.OpticalLightCurve'>
04:23 bilby INFO    : Analysis likelihood noise evidence: 0.0
04:23 bilby INFO    : KNphi=Uniform(minimum=15.0, maximum=75.0, name='KNphi', latex_label='$\\Phi$', unit=None, boundary=None)
04:23 bilby INFO    : log10_mej_dyn=Uniform(minimum=-3.0, maximum=-1.0, name='log10_mej_dyn', latex_label='$\\log_{10}M^{\\rm{dyn}}_{\\rm{ej}}$', unit=None, boundary='reflective')
04:23 bilby INFO    : log10_mej_wind=Uniform(minimum=-3.0, maximum=-0.5, name='log10_mej_wind', latex_label='$\\log_{10}M^{\\rm{wind}}_{\\rm{ej}}$', unit=None, boundary='reflective')
04:23 bilby INFO    : inclination_EM=Sine(minimum=0.0, maximum=1.5707963267948966, name='inclination_EM', latex_label='$\\iota$', unit=None, boundary=None)
04:23 bilby INFO    : luminosity_distance=LogUniform(minimum=38, maximum=48, name='luminosity_distance', latex_label='$D_L$', unit=None, boundary=None)
04:23 bilby INFO    : em_syserr=LogUniform(minimum=0.1, maximum=2.0, name='em_syserr', latex_label='$\\sigma$', unit=None, boundary=None)
04:23 bilby INFO    : timeshift=0.0
04:23 bilby INFO    : Ebv=0.0
04:23 bilby INFO    : Analysis likelihood class: <class 'nmma.em.likelihood.OpticalLightCurve'>
04:23 bilby INFO    : Analysis likelihood noise evidence: 0.0
04:23 bilby INFO    : KNphi=Uniform(minimum=15.0, maximum=75.0, name='KNphi', latex_label='$\\Phi$', unit=None, boundary=None)
04:23 bilby INFO    : log10_mej_dyn=Uniform(minimum=-3.0, maximum=-1.0, name='log10_mej_dyn', latex_label='$\\log_{10}M^{\\rm{dyn}}_{\\rm{ej}}$', unit=None, boundary='reflective')
04:23 bilby INFO    : log10_mej_wind=Uniform(minimum=-3.0, maximum=-0.5, name='log10_mej_wind', latex_label='$\\log_{10}M^{\\rm{wind}}_{\\rm{ej}}$', unit=None, boundary='reflective')
04:23 bilby INFO    : inclination_EM=Sine(minimum=0.0, maximum=1.5707963267948966, name='inclination_EM', latex_label='$\\iota$', unit=None, boundary=None)
04:23 bilby INFO    : luminosity_distance=LogUniform(minimum=38, maximum=48, name='luminosity_distance', latex_label='$D_L$', unit=None, boundary=None)
04:23 bilby INFO    : em_syserr=LogUniform(minimum=0.1, maximum=2.0, name='em_syserr', latex_label='$\\sigma$', unit=None, boundary=None)
04:23 bilby INFO    : timeshift=0.0
04:23 bilby INFO    : Ebv=0.0
04:23 bilby INFO    : Analysis likelihood class: <class 'nmma.em.likelihood.OpticalLightCurve'>
04:23 bilby INFO    : Analysis likelihood noise evidence: 0.0
04:24 bilby INFO    : Single likelihood evaluation took 4.506e-01 s
04:24 bilby INFO    : Single likelihood evaluation took 4.530e-01 s
04:24 bilby WARNING : Supplied argument 'queue_size' not an argument of 'Pymultinest', removing.
04:24 bilby WARNING : Supplied argument 'check_point_delta_t' not an argument of 'Pymultinest', removing.
04:24 bilby INFO    : Using sampler Pymultinest with kwargs {'importance_nested_sampling': False, 'resume': True, 'verbose': True, 'sampling_efficiency': 'parameter', 'n_live_points': 2048, 'n_params': 6, 'n_clustering_params': None, 'wrapped_params': None, 'multimodal': True, 'const_efficiency_mode': False, 'evidence_tolerance': 0.5, 'n_iter_before_update': 100, 'null_log_evidence': -1e+90, 'max_modes': 100, 'mode_tolerance': -1e+90, 'seed': 42, 'context': 0, 'write_output': True, 'log_zero': -1e+100, 'max_iter': 0, 'init_MPI': False, 'dump_callback': <bound method Pymultinest._dump_callback of <bilby.core.sampler.pymultinest.Pymultinest object at 0x155500fdfb80>>}
04:24 bilby INFO    : Temporary directory incompatible with MPI, will run in original directory
04:24 bilby INFO    : Single likelihood evaluation took 4.554e-01 s
04:24 bilby INFO    : Single likelihood evaluation took 4.560e-01 s
04:24 bilby INFO    : Single likelihood evaluation took 4.567e-01 s
04:24 bilby INFO    : Single likelihood evaluation took 4.568e-01 s
04:24 bilby WARNING : Supplied argument 'queue_size' not an argument of 'Pymultinest', removing.
04:24 bilby WARNING : Supplied argument 'check_point_delta_t' not an argument of 'Pymultinest', removing.
04:24 bilby INFO    : Single likelihood evaluation took 4.575e-01 s
04:24 bilby INFO    : Single likelihood evaluation took 4.578e-01 s
04:24 bilby INFO    : Single likelihood evaluation took 4.585e-01 s
04:24 bilby INFO    : Single likelihood evaluation took 4.588e-01 s
04:24 bilby INFO    : Single likelihood evaluation took 4.594e-01 s
04:24 bilby WARNING : Supplied argument 'queue_size' not an argument of 'Pymultinest', removing.
04:24 bilby WARNING : Supplied argument 'check_point_delta_t' not an argument of 'Pymultinest', removing.
04:24 bilby WARNING : Supplied argument 'queue_size' not an argument of 'Pymultinest', removing.
04:24 bilby WARNING : Supplied argument 'check_point_delta_t' not an argument of 'Pymultinest', removing.
04:24 bilby WARNING : Supplied argument 'queue_size' not an argument of 'Pymultinest', removing.
04:24 bilby WARNING : Supplied argument 'check_point_delta_t' not an argument of 'Pymultinest', removing.
04:24 bilby INFO    : Single likelihood evaluation took 4.603e-01 s
04:24 bilby INFO    : Single likelihood evaluation took 4.606e-01 s
04:24 bilby INFO    : Single likelihood evaluation took 4.608e-01 s
04:24 bilby WARNING : Supplied argument 'queue_size' not an argument of 'Pymultinest', removing.
04:24 bilby WARNING : Supplied argument 'check_point_delta_t' not an argument of 'Pymultinest', removing.
04:24 bilby WARNING : Supplied argument 'queue_size' not an argument of 'Pymultinest', removing.
04:24 bilby WARNING : Supplied argument 'check_point_delta_t' not an argument of 'Pymultinest', removing.
04:24 bilby INFO    : Single likelihood evaluation took 4.614e-01 s
04:24 bilby WARNING : Supplied argument 'queue_size' not an argument of 'Pymultinest', removing.
04:24 bilby WARNING : Supplied argument 'check_point_delta_t' not an argument of 'Pymultinest', removing.
04:24 bilby WARNING : Supplied argument 'queue_size' not an argument of 'Pymultinest', removing.
04:24 bilby WARNING : Supplied argument 'check_point_delta_t' not an argument of 'Pymultinest', removing.
04:24 bilby WARNING : Supplied argument 'queue_size' not an argument of 'Pymultinest', removing.
04:24 bilby WARNING : Supplied argument 'check_point_delta_t' not an argument of 'Pymultinest', removing.
04:24 bilby INFO    : Single likelihood evaluation took 4.624e-01 s
04:24 bilby WARNING : Supplied argument 'queue_size' not an argument of 'Pymultinest', removing.
04:24 bilby WARNING : Supplied argument 'check_point_delta_t' not an argument of 'Pymultinest', removing.
04:24 bilby WARNING : Supplied argument 'queue_size' not an argument of 'Pymultinest', removing.
04:24 bilby WARNING : Supplied argument 'check_point_delta_t' not an argument of 'Pymultinest', removing.
04:24 bilby WARNING : Supplied argument 'queue_size' not an argument of 'Pymultinest', removing.
04:24 bilby WARNING : Supplied argument 'check_point_delta_t' not an argument of 'Pymultinest', removing.
04:24 bilby WARNING : Supplied argument 'queue_size' not an argument of 'Pymultinest', removing.
04:24 bilby WARNING : Supplied argument 'check_point_delta_t' not an argument of 'Pymultinest', removing.
04:24 bilby WARNING : Supplied argument 'queue_size' not an argument of 'Pymultinest', removing.
04:24 bilby WARNING : Supplied argument 'check_point_delta_t' not an argument of 'Pymultinest', removing.
04:24 bilby WARNING : Supplied argument 'queue_size' not an argument of 'Pymultinest', removing.
04:24 bilby WARNING : Supplied argument 'check_point_delta_t' not an argument of 'Pymultinest', removing.
04:24 bilby INFO    : Single likelihood evaluation took 4.941e-01 s
04:24 bilby INFO    : Single likelihood evaluation took 4.978e-01 s
04:24 bilby WARNING : Supplied argument 'queue_size' not an argument of 'Pymultinest', removing.
04:24 bilby WARNING : Supplied argument 'check_point_delta_t' not an argument of 'Pymultinest', removing.
04:24 bilby INFO    : Single likelihood evaluation took 4.981e-01 s
04:24 bilby INFO    : Single likelihood evaluation took 4.984e-01 s
04:24 bilby INFO    : Single likelihood evaluation took 5.002e-01 s
04:24 bilby INFO    : Single likelihood evaluation took 5.008e-01 s
04:24 bilby WARNING : Supplied argument 'queue_size' not an argument of 'Pymultinest', removing.
04:24 bilby WARNING : Supplied argument 'check_point_delta_t' not an argument of 'Pymultinest', removing.
04:24 bilby WARNING : Supplied argument 'queue_size' not an argument of 'Pymultinest', removing.
04:24 bilby WARNING : Supplied argument 'check_point_delta_t' not an argument of 'Pymultinest', removing.
04:24 bilby INFO    : Single likelihood evaluation took 5.019e-01 s
04:24 bilby WARNING : Supplied argument 'queue_size' not an argument of 'Pymultinest', removing.
04:24 bilby WARNING : Supplied argument 'check_point_delta_t' not an argument of 'Pymultinest', removing.
04:24 bilby INFO    : Single likelihood evaluation took 5.022e-01 s
04:24 bilby WARNING : Supplied argument 'queue_size' not an argument of 'Pymultinest', removing.
04:24 bilby WARNING : Supplied argument 'check_point_delta_t' not an argument of 'Pymultinest', removing.
04:24 bilby WARNING : Supplied argument 'queue_size' not an argument of 'Pymultinest', removing.
04:24 bilby WARNING : Supplied argument 'check_point_delta_t' not an argument of 'Pymultinest', removing.
04:24 bilby WARNING : Supplied argument 'queue_size' not an argument of 'Pymultinest', removing.
04:24 bilby INFO    : Single likelihood evaluation took 5.052e-01 s
04:24 bilby INFO    : Using sampler Pymultinest with kwargs {'importance_nested_sampling': False, 'resume': True, 'verbose': True, 'sampling_efficiency': 'parameter', 'n_live_points': 2048, 'n_params': 6, 'n_clustering_params': None, 'wrapped_params': None, 'multimodal': True, 'const_efficiency_mode': False, 'evidence_tolerance': 0.5, 'n_iter_before_update': 100, 'null_log_evidence': -1e+90, 'max_modes': 100, 'mode_tolerance': -1e+90, 'seed': 42, 'context': 0, 'write_output': True, 'log_zero': -1e+100, 'max_iter': 0, 'init_MPI': False, 'dump_callback': <bound method Pymultinest._dump_callback of <bilby.core.sampler.pymultinest.Pymultinest object at 0x155500fd9330>>}
04:24 bilby INFO    : Single likelihood evaluation took 5.065e-01 s
04:24 bilby WARNING : Supplied argument 'queue_size' not an argument of 'Pymultinest', removing.
04:24 bilby INFO    : Single likelihood evaluation took 5.052e-01 s
04:24 bilby INFO    : Using sampler Pymultinest with kwargs {'importance_nested_sampling': False, 'resume': True, 'verbose': True, 'sampling_efficiency': 'parameter', 'n_live_points': 2048, 'n_params': 6, 'n_clustering_params': None, 'wrapped_params': None, 'multimodal': True, 'const_efficiency_mode': False, 'evidence_tolerance': 0.5, 'n_iter_before_update': 100, 'null_log_evidence': -1e+90, 'max_modes': 100, 'mode_tolerance': -1e+90, 'seed': 42, 'context': 0, 'write_output': True, 'log_zero': -1e+100, 'max_iter': 0, 'init_MPI': False, 'dump_callback': <bound method Pymultinest._dump_callback of <bilby.core.sampler.pymultinest.Pymultinest object at 0x155500fde740>>}
04:24 bilby INFO    : Using sampler Pymultinest with kwargs {'importance_nested_sampling': False, 'resume': True, 'verbose': True, 'sampling_efficiency': 'parameter', 'n_live_points': 2048, 'n_params': 6, 'n_clustering_params': None, 'wrapped_params': None, 'multimodal': True, 'const_efficiency_mode': False, 'evidence_tolerance': 0.5, 'n_iter_before_update': 100, 'null_log_evidence': -1e+90, 'max_modes': 100, 'mode_tolerance': -1e+90, 'seed': 42, 'context': 0, 'write_output': True, 'log_zero': -1e+100, 'max_iter': 0, 'init_MPI': False, 'dump_callback': <bound method Pymultinest._dump_callback of <bilby.core.sampler.pymultinest.Pymultinest object at 0x155500fdfb80>>}
04:24 bilby INFO    : Single likelihood evaluation took 5.052e-01 s
04:24 bilby INFO    : Using output file outdirBNSBu32cores/pm_Constraints170817/
04:24 bilby INFO    : Using sampler Pymultinest with kwargs {'importance_nested_sampling': False, 'resume': True, 'verbose': True, 'sampling_efficiency': 'parameter', 'n_live_points': 2048, 'n_params': 6, 'n_clustering_params': None, 'wrapped_params': None, 'multimodal': True, 'const_efficiency_mode': False, 'evidence_tolerance': 0.5, 'n_iter_before_update': 100, 'null_log_evidence': -1e+90, 'max_modes': 100, 'mode_tolerance': -1e+90, 'seed': 42, 'context': 0, 'write_output': True, 'log_zero': -1e+100, 'max_iter': 0, 'init_MPI': False, 'dump_callback': <bound method Pymultinest._dump_callback of <bilby.core.sampler.pymultinest.Pymultinest object at 0x155500fdfac0>>}
04:24 bilby INFO    : Using sampler Pymultinest with kwargs {'importance_nested_sampling': False, 'resume': True, 'verbose': True, 'sampling_efficiency': 'parameter', 'n_live_points': 2048, 'n_params': 6, 'n_clustering_params': None, 'wrapped_params': None, 'multimodal': True, 'const_efficiency_mode': False, 'evidence_tolerance': 0.5, 'n_iter_before_update': 100, 'null_log_evidence': -1e+90, 'max_modes': 100, 'mode_tolerance': -1e+90, 'seed': 42, 'context': 0, 'write_output': True, 'log_zero': -1e+100, 'max_iter': 0, 'init_MPI': False, 'dump_callback': <bound method Pymultinest._dump_callback of <bilby.core.sampler.pymultinest.Pymultinest object at 0x155500fe6860>>}
04:24 bilby INFO    : Using sampler Pymultinest with kwargs {'importance_nested_sampling': False, 'resume': True, 'verbose': True, 'sampling_efficiency': 'parameter', 'n_live_points': 2048, 'n_params': 6, 'n_clustering_params': None, 'wrapped_params': None, 'multimodal': True, 'const_efficiency_mode': False, 'evidence_tolerance': 0.5, 'n_iter_before_update': 100, 'null_log_evidence': -1e+90, 'max_modes': 100, 'mode_tolerance': -1e+90, 'seed': 42, 'context': 0, 'write_output': True, 'log_zero': -1e+100, 'max_iter': 0, 'init_MPI': False, 'dump_callback': <bound method Pymultinest._dump_callback of <bilby.core.sampler.pymultinest.Pymultinest object at 0x155500fdcf40>>}
04:24 bilby INFO    : Using sampler Pymultinest with kwargs {'importance_nested_sampling': False, 'resume': True, 'verbose': True, 'sampling_efficiency': 'parameter', 'n_live_points': 2048, 'n_params': 6, 'n_clustering_params': None, 'wrapped_params': None, 'multimodal': True, 'const_efficiency_mode': False, 'evidence_tolerance': 0.5, 'n_iter_before_update': 100, 'null_log_evidence': -1e+90, 'max_modes': 100, 'mode_tolerance': -1e+90, 'seed': 42, 'context': 0, 'write_output': True, 'log_zero': -1e+100, 'max_iter': 0, 'init_MPI': False, 'dump_callback': <bound method Pymultinest._dump_callback of <bilby.core.sampler.pymultinest.Pymultinest object at 0x155500fda1a0>>}
04:24 bilby INFO    : Using sampler Pymultinest with kwargs {'importance_nested_sampling': False, 'resume': True, 'verbose': True, 'sampling_efficiency': 'parameter', 'n_live_points': 2048, 'n_params': 6, 'n_clustering_params': None, 'wrapped_params': None, 'multimodal': True, 'const_efficiency_mode': False, 'evidence_tolerance': 0.5, 'n_iter_before_update': 100, 'null_log_evidence': -1e+90, 'max_modes': 100, 'mode_tolerance': -1e+90, 'seed': 42, 'context': 0, 'write_output': True, 'log_zero': -1e+100, 'max_iter': 0, 'init_MPI': False, 'dump_callback': <bound method Pymultinest._dump_callback of <bilby.core.sampler.pymultinest.Pymultinest object at 0x155500fe2830>>}
04:24 bilby INFO    : Single likelihood evaluation took 5.071e-01 s
04:24 bilby INFO    : Using sampler Pymultinest with kwargs {'importance_nested_sampling': False, 'resume': True, 'verbose': True, 'sampling_efficiency': 'parameter', 'n_live_points': 2048, 'n_params': 6, 'n_clustering_params': None, 'wrapped_params': None, 'multimodal': True, 'const_efficiency_mode': False, 'evidence_tolerance': 0.5, 'n_iter_before_update': 100, 'null_log_evidence': -1e+90, 'max_modes': 100, 'mode_tolerance': -1e+90, 'seed': 42, 'context': 0, 'write_output': True, 'log_zero': -1e+100, 'max_iter': 0, 'init_MPI': False, 'dump_callback': <bound method Pymultinest._dump_callback of <bilby.core.sampler.pymultinest.Pymultinest object at 0x155500fdfac0>>}
04:24 bilby INFO    : Using sampler Pymultinest with kwargs {'importance_nested_sampling': False, 'resume': True, 'verbose': True, 'sampling_efficiency': 'parameter', 'n_live_points': 2048, 'n_params': 6, 'n_clustering_params': None, 'wrapped_params': None, 'multimodal': True, 'const_efficiency_mode': False, 'evidence_tolerance': 0.5, 'n_iter_before_update': 100, 'null_log_evidence': -1e+90, 'max_modes': 100, 'mode_tolerance': -1e+90, 'seed': 42, 'context': 0, 'write_output': True, 'log_zero': -1e+100, 'max_iter': 0, 'init_MPI': False, 'dump_callback': <bound method Pymultinest._dump_callback of <bilby.core.sampler.pymultinest.Pymultinest object at 0x155500fe26b0>>}
04:24 bilby INFO    : Single likelihood evaluation took 5.064e-01 s
04:24 bilby INFO    : Single likelihood evaluation took 5.069e-01 s
04:24 bilby INFO    : Using sampler Pymultinest with kwargs {'importance_nested_sampling': False, 'resume': True, 'verbose': True, 'sampling_efficiency': 'parameter', 'n_live_points': 2048, 'n_params': 6, 'n_clustering_params': None, 'wrapped_params': None, 'multimodal': True, 'const_efficiency_mode': False, 'evidence_tolerance': 0.5, 'n_iter_before_update': 100, 'null_log_evidence': -1e+90, 'max_modes': 100, 'mode_tolerance': -1e+90, 'seed': 42, 'context': 0, 'write_output': True, 'log_zero': -1e+100, 'max_iter': 0, 'init_MPI': False, 'dump_callback': <bound method Pymultinest._dump_callback of <bilby.core.sampler.pymultinest.Pymultinest object at 0x155500fe6830>>}
04:24 bilby INFO    : Using sampler Pymultinest with kwargs {'importance_nested_sampling': False, 'resume': True, 'verbose': True, 'sampling_efficiency': 'parameter', 'n_live_points': 2048, 'n_params': 6, 'n_clustering_params': None, 'wrapped_params': None, 'multimodal': True, 'const_efficiency_mode': False, 'evidence_tolerance': 0.5, 'n_iter_before_update': 100, 'null_log_evidence': -1e+90, 'max_modes': 100, 'mode_tolerance': -1e+90, 'seed': 42, 'context': 0, 'write_output': True, 'log_zero': -1e+100, 'max_iter': 0, 'init_MPI': False, 'dump_callback': <bound method Pymultinest._dump_callback of <bilby.core.sampler.pymultinest.Pymultinest object at 0x155500fe3b80>>}
04:24 bilby INFO    : Single likelihood evaluation took 5.072e-01 s
04:24 bilby INFO    : Using sampler Pymultinest with kwargs {'importance_nested_sampling': False, 'resume': True, 'verbose': True, 'sampling_efficiency': 'parameter', 'n_live_points': 2048, 'n_params': 6, 'n_clustering_params': None, 'wrapped_params': None, 'multimodal': True, 'const_efficiency_mode': False, 'evidence_tolerance': 0.5, 'n_iter_before_update': 100, 'null_log_evidence': -1e+90, 'max_modes': 100, 'mode_tolerance': -1e+90, 'seed': 42, 'context': 0, 'write_output': True, 'log_zero': -1e+100, 'max_iter': 0, 'init_MPI': False, 'dump_callback': <bound method Pymultinest._dump_callback of <bilby.core.sampler.pymultinest.Pymultinest object at 0x155500fda800>>}
04:24 bilby INFO    : Using sampler Pymultinest with kwargs {'importance_nested_sampling': False, 'resume': True, 'verbose': True, 'sampling_efficiency': 'parameter', 'n_live_points': 2048, 'n_params': 6, 'n_clustering_params': None, 'wrapped_params': None, 'multimodal': True, 'const_efficiency_mode': False, 'evidence_tolerance': 0.5, 'n_iter_before_update': 100, 'null_log_evidence': -1e+90, 'max_modes': 100, 'mode_tolerance': -1e+90, 'seed': 42, 'context': 0, 'write_output': True, 'log_zero': -1e+100, 'max_iter': 0, 'init_MPI': False, 'dump_callback': <bound method Pymultinest._dump_callback of <bilby.core.sampler.pymultinest.Pymultinest object at 0x155500fd5180>>}
04:24 bilby INFO    : Using sampler Pymultinest with kwargs {'importance_nested_sampling': False, 'resume': True, 'verbose': True, 'sampling_efficiency': 'parameter', 'n_live_points': 2048, 'n_params': 6, 'n_clustering_params': None, 'wrapped_params': None, 'multimodal': True, 'const_efficiency_mode': False, 'evidence_tolerance': 0.5, 'n_iter_before_update': 100, 'null_log_evidence': -1e+90, 'max_modes': 100, 'mode_tolerance': -1e+90, 'seed': 42, 'context': 0, 'write_output': True, 'log_zero': -1e+100, 'max_iter': 0, 'init_MPI': False, 'dump_callback': <bound method Pymultinest._dump_callback of <bilby.core.sampler.pymultinest.Pymultinest object at 0x155500fd4a60>>}
04:24 bilby INFO    : Using sampler Pymultinest with kwargs {'importance_nested_sampling': False, 'resume': True, 'verbose': True, 'sampling_efficiency': 'parameter', 'n_live_points': 2048, 'n_params': 6, 'n_clustering_params': None, 'wrapped_params': None, 'multimodal': True, 'const_efficiency_mode': False, 'evidence_tolerance': 0.5, 'n_iter_before_update': 100, 'null_log_evidence': -1e+90, 'max_modes': 100, 'mode_tolerance': -1e+90, 'seed': 42, 'context': 0, 'write_output': True, 'log_zero': -1e+100, 'max_iter': 0, 'init_MPI': False, 'dump_callback': <bound method Pymultinest._dump_callback of <bilby.core.sampler.pymultinest.Pymultinest object at 0x155500fe2830>>}
04:24 bilby INFO    : Using sampler Pymultinest with kwargs {'importance_nested_sampling': False, 'resume': True, 'verbose': True, 'sampling_efficiency': 'parameter', 'n_live_points': 2048, 'n_params': 6, 'n_clustering_params': None, 'wrapped_params': None, 'multimodal': True, 'const_efficiency_mode': False, 'evidence_tolerance': 0.5, 'n_iter_before_update': 100, 'null_log_evidence': -1e+90, 'max_modes': 100, 'mode_tolerance': -1e+90, 'seed': 42, 'context': 0, 'write_output': True, 'log_zero': -1e+100, 'max_iter': 0, 'init_MPI': False, 'dump_callback': <bound method Pymultinest._dump_callback of <bilby.core.sampler.pymultinest.Pymultinest object at 0x155500fe26b0>>}
04:24 bilby INFO    : Using sampler Pymultinest with kwargs {'importance_nested_sampling': False, 'resume': True, 'verbose': True, 'sampling_efficiency': 'parameter', 'n_live_points': 2048, 'n_params': 6, 'n_clustering_params': None, 'wrapped_params': None, 'multimodal': True, 'const_efficiency_mode': False, 'evidence_tolerance': 0.5, 'n_iter_before_update': 100, 'null_log_evidence': -1e+90, 'max_modes': 100, 'mode_tolerance': -1e+90, 'seed': 42, 'context': 0, 'write_output': True, 'log_zero': -1e+100, 'max_iter': 0, 'init_MPI': False, 'dump_callback': <bound method Pymultinest._dump_callback of <bilby.core.sampler.pymultinest.Pymultinest object at 0x155500fe3b20>>}
04:24 bilby INFO    : Using sampler Pymultinest with kwargs {'importance_nested_sampling': False, 'resume': True, 'verbose': True, 'sampling_efficiency': 'parameter', 'n_live_points': 2048, 'n_params': 6, 'n_clustering_params': None, 'wrapped_params': None, 'multimodal': True, 'const_efficiency_mode': False, 'evidence_tolerance': 0.5, 'n_iter_before_update': 100, 'null_log_evidence': -1e+90, 'max_modes': 100, 'mode_tolerance': -1e+90, 'seed': 42, 'context': 0, 'write_output': True, 'log_zero': -1e+100, 'max_iter': 0, 'init_MPI': False, 'dump_callback': <bound method Pymultinest._dump_callback of <bilby.core.sampler.pymultinest.Pymultinest object at 0x155500fdfb80>>}
04:24 bilby INFO    : Using sampler Pymultinest with kwargs {'importance_nested_sampling': False, 'resume': True, 'verbose': True, 'sampling_efficiency': 'parameter', 'n_live_points': 2048, 'n_params': 6, 'n_clustering_params': None, 'wrapped_params': None, 'multimodal': True, 'const_efficiency_mode': False, 'evidence_tolerance': 0.5, 'n_iter_before_update': 100, 'null_log_evidence': -1e+90, 'max_modes': 100, 'mode_tolerance': -1e+90, 'seed': 42, 'context': 0, 'write_output': True, 'log_zero': -1e+100, 'max_iter': 0, 'init_MPI': False, 'dump_callback': <bound method Pymultinest._dump_callback of <bilby.core.sampler.pymultinest.Pymultinest object at 0x155500fdbb80>>}
04:24 bilby INFO    : Using sampler Pymultinest with kwargs {'importance_nested_sampling': False, 'resume': True, 'verbose': True, 'sampling_efficiency': 'parameter', 'n_live_points': 2048, 'n_params': 6, 'n_clustering_params': None, 'wrapped_params': None, 'multimodal': True, 'const_efficiency_mode': False, 'evidence_tolerance': 0.5, 'n_iter_before_update': 100, 'null_log_evidence': -1e+90, 'max_modes': 100, 'mode_tolerance': -1e+90, 'seed': 42, 'context': 0, 'write_output': True, 'log_zero': -1e+100, 'max_iter': 0, 'init_MPI': False, 'dump_callback': <bound method Pymultinest._dump_callback of <bilby.core.sampler.pymultinest.Pymultinest object at 0x155500fdfb20>>}
04:24 bilby WARNING : Supplied argument 'check_point_delta_t' not an argument of 'Pymultinest', removing.
04:24 bilby WARNING : Supplied argument 'check_point_delta_t' not an argument of 'Pymultinest', removing.
04:24 bilby INFO    : Using sampler Pymultinest with kwargs {'importance_nested_sampling': False, 'resume': True, 'verbose': True, 'sampling_efficiency': 'parameter', 'n_live_points': 2048, 'n_params': 6, 'n_clustering_params': None, 'wrapped_params': None, 'multimodal': True, 'const_efficiency_mode': False, 'evidence_tolerance': 0.5, 'n_iter_before_update': 100, 'null_log_evidence': -1e+90, 'max_modes': 100, 'mode_tolerance': -1e+90, 'seed': 42, 'context': 0, 'write_output': True, 'log_zero': -1e+100, 'max_iter': 0, 'init_MPI': False, 'dump_callback': <bound method Pymultinest._dump_callback of <bilby.core.sampler.pymultinest.Pymultinest object at 0x155500fdfb50>>}
04:24 bilby INFO    : Using sampler Pymultinest with kwargs {'importance_nested_sampling': False, 'resume': True, 'verbose': True, 'sampling_efficiency': 'parameter', 'n_live_points': 2048, 'n_params': 6, 'n_clustering_params': None, 'wrapped_params': None, 'multimodal': True, 'const_efficiency_mode': False, 'evidence_tolerance': 0.5, 'n_iter_before_update': 100, 'null_log_evidence': -1e+90, 'max_modes': 100, 'mode_tolerance': -1e+90, 'seed': 42, 'context': 0, 'write_output': True, 'log_zero': -1e+100, 'max_iter': 0, 'init_MPI': False, 'dump_callback': <bound method Pymultinest._dump_callback of <bilby.core.sampler.pymultinest.Pymultinest object at 0x155500fe6830>>}
04:24 bilby INFO    : Temporary directory incompatible with MPI, will run in original directory
04:24 bilby INFO    : Temporary directory incompatible with MPI, will run in original directory
04:24 bilby INFO    : Temporary directory incompatible with MPI, will run in original directory
04:24 bilby INFO    : Temporary directory incompatible with MPI, will run in original directory
04:24 bilby INFO    : Temporary directory incompatible with MPI, will run in original directory
04:24 bilby INFO    : Temporary directory incompatible with MPI, will run in original directory
04:24 bilby INFO    : Temporary directory incompatible with MPI, will run in original directory
04:24 bilby INFO    : Temporary directory incompatible with MPI, will run in original directory
04:24 bilby INFO    : Temporary directory incompatible with MPI, will run in original directory
04:24 bilby INFO    : Temporary directory incompatible with MPI, will run in original directory
04:24 bilby INFO    : Temporary directory incompatible with MPI, will run in original directory
04:24 bilby INFO    : Temporary directory incompatible with MPI, will run in original directory
04:24 bilby INFO    : Temporary directory incompatible with MPI, will run in original directory
04:24 bilby INFO    : Temporary directory incompatible with MPI, will run in original directory
04:24 bilby INFO    : Temporary directory incompatible with MPI, will run in original directory
04:24 bilby INFO    : Temporary directory incompatible with MPI, will run in original directory
04:24 bilby INFO    : Temporary directory incompatible with MPI, will run in original directory
04:24 bilby INFO    : Temporary directory incompatible with MPI, will run in original directory
04:24 bilby INFO    : Temporary directory incompatible with MPI, will run in original directory
04:24 bilby INFO    : Using output file outdirBNSBu32cores/pm_Constraints170817/
04:24 bilby INFO    : Temporary directory incompatible with MPI, will run in original directory
04:24 bilby INFO    : Using output file outdirBNSBu32cores/pm_Constraints170817/
04:24 bilby INFO    : Temporary directory incompatible with MPI, will run in original directory
04:24 bilby INFO    : Using output file outdirBNSBu32cores/pm_Constraints170817/
04:24 bilby INFO    : Temporary directory incompatible with MPI, will run in original directory
04:24 bilby INFO    : Temporary directory incompatible with MPI, will run in original directory
04:24 bilby INFO    : Using output file outdirBNSBu32cores/pm_Constraints170817/
04:24 bilby INFO    : Using output file outdirBNSBu32cores/pm_Constraints170817/
04:24 bilby INFO    : Using output file outdirBNSBu32cores/pm_Constraints170817/
04:24 bilby INFO    : Using output file outdirBNSBu32cores/pm_Constraints170817/
04:24 bilby INFO    : Using output file outdirBNSBu32cores/pm_Constraints170817/
04:24 bilby INFO    : Using output file outdirBNSBu32cores/pm_Constraints170817/
04:24 bilby INFO    : Using output file outdirBNSBu32cores/pm_Constraints170817/
04:24 bilby INFO    : Using output file outdirBNSBu32cores/pm_Constraints170817/
04:24 bilby INFO    : Using output file outdirBNSBu32cores/pm_Constraints170817/
04:24 bilby INFO    : Using output file outdirBNSBu32cores/pm_Constraints170817/
04:24 bilby INFO    : Using output file outdirBNSBu32cores/pm_Constraints170817/
04:24 bilby INFO    : Using output file outdirBNSBu32cores/pm_Constraints170817/
04:24 bilby INFO    : Using output file outdirBNSBu32cores/pm_Constraints170817/
04:24 bilby INFO    : Using output file outdirBNSBu32cores/pm_Constraints170817/
04:24 bilby INFO    : Using output file outdirBNSBu32cores/pm_Constraints170817/
04:24 bilby INFO    : Using output file outdirBNSBu32cores/pm_Constraints170817/
04:24 bilby INFO    : Using output file outdirBNSBu32cores/pm_Constraints170817/
04:24 bilby INFO    : Using output file outdirBNSBu32cores/pm_Constraints170817/
04:24 bilby INFO    : Using output file outdirBNSBu32cores/pm_Constraints170817/
04:24 bilby INFO    : Using output file outdirBNSBu32cores/pm_Constraints170817/
04:24 bilby WARNING : Supplied argument 'queue_size' not an argument of 'Pymultinest', removing.
04:24 bilby WARNING : Supplied argument 'check_point_delta_t' not an argument of 'Pymultinest', removing.
04:24 bilby INFO    : Using sampler Pymultinest with kwargs {'importance_nested_sampling': False, 'resume': True, 'verbose': True, 'sampling_efficiency': 'parameter', 'n_live_points': 2048, 'n_params': 6, 'n_clustering_params': None, 'wrapped_params': None, 'multimodal': True, 'const_efficiency_mode': False, 'evidence_tolerance': 0.5, 'n_iter_before_update': 100, 'null_log_evidence': -1e+90, 'max_modes': 100, 'mode_tolerance': -1e+90, 'seed': 42, 'context': 0, 'write_output': True, 'log_zero': -1e+100, 'max_iter': 0, 'init_MPI': False, 'dump_callback': <bound method Pymultinest._dump_callback of <bilby.core.sampler.pymultinest.Pymultinest object at 0x155500fdd330>>}
04:24 bilby INFO    : Temporary directory incompatible with MPI, will run in original directory
04:24 bilby INFO    : Using output file outdirBNSBu32cores/pm_Constraints170817/
04:24 bilby WARNING : Supplied argument 'queue_size' not an argument of 'Pymultinest', removing.
04:24 bilby WARNING : Supplied argument 'queue_size' not an argument of 'Pymultinest', removing.
04:24 bilby WARNING : Supplied argument 'check_point_delta_t' not an argument of 'Pymultinest', removing.
04:24 bilby WARNING : Supplied argument 'check_point_delta_t' not an argument of 'Pymultinest', removing.
04:24 bilby INFO    : Using sampler Pymultinest with kwargs {'importance_nested_sampling': False, 'resume': True, 'verbose': True, 'sampling_efficiency': 'parameter', 'n_live_points': 2048, 'n_params': 6, 'n_clustering_params': None, 'wrapped_params': None, 'multimodal': True, 'const_efficiency_mode': False, 'evidence_tolerance': 0.5, 'n_iter_before_update': 100, 'null_log_evidence': -1e+90, 'max_modes': 100, 'mode_tolerance': -1e+90, 'seed': 42, 'context': 0, 'write_output': True, 'log_zero': -1e+100, 'max_iter': 0, 'init_MPI': False, 'dump_callback': <bound method Pymultinest._dump_callback of <bilby.core.sampler.pymultinest.Pymultinest object at 0x155500fdfb80>>}
04:24 bilby INFO    : Using sampler Pymultinest with kwargs {'importance_nested_sampling': False, 'resume': True, 'verbose': True, 'sampling_efficiency': 'parameter', 'n_live_points': 2048, 'n_params': 6, 'n_clustering_params': None, 'wrapped_params': None, 'multimodal': True, 'const_efficiency_mode': False, 'evidence_tolerance': 0.5, 'n_iter_before_update': 100, 'null_log_evidence': -1e+90, 'max_modes': 100, 'mode_tolerance': -1e+90, 'seed': 42, 'context': 0, 'write_output': True, 'log_zero': -1e+100, 'max_iter': 0, 'init_MPI': False, 'dump_callback': <bound method Pymultinest._dump_callback of <bilby.core.sampler.pymultinest.Pymultinest object at 0x155500fde8c0>>}
04:24 bilby INFO    : Temporary directory incompatible with MPI, will run in original directory
04:24 bilby INFO    : Temporary directory incompatible with MPI, will run in original directory
04:24 bilby INFO    : Using output file outdirBNSBu32cores/pm_Constraints170817/
04:24 bilby INFO    : Using output file outdirBNSBu32cores/pm_Constraints170817/
04:24 bilby WARNING : Supplied argument 'queue_size' not an argument of 'Pymultinest', removing.
04:24 bilby WARNING : Supplied argument 'queue_size' not an argument of 'Pymultinest', removing.
04:24 bilby WARNING : Supplied argument 'check_point_delta_t' not an argument of 'Pymultinest', removing.
04:24 bilby WARNING : Supplied argument 'check_point_delta_t' not an argument of 'Pymultinest', removing.
04:24 bilby INFO    : Using sampler Pymultinest with kwargs {'importance_nested_sampling': False, 'resume': True, 'verbose': True, 'sampling_efficiency': 'parameter', 'n_live_points': 2048, 'n_params': 6, 'n_clustering_params': None, 'wrapped_params': None, 'multimodal': True, 'const_efficiency_mode': False, 'evidence_tolerance': 0.5, 'n_iter_before_update': 100, 'null_log_evidence': -1e+90, 'max_modes': 100, 'mode_tolerance': -1e+90, 'seed': 42, 'context': 0, 'write_output': True, 'log_zero': -1e+100, 'max_iter': 0, 'init_MPI': False, 'dump_callback': <bound method Pymultinest._dump_callback of <bilby.core.sampler.pymultinest.Pymultinest object at 0x155500fe3b20>>}
04:24 bilby INFO    : Using sampler Pymultinest with kwargs {'importance_nested_sampling': False, 'resume': True, 'verbose': True, 'sampling_efficiency': 'parameter', 'n_live_points': 2048, 'n_params': 6, 'n_clustering_params': None, 'wrapped_params': None, 'multimodal': True, 'const_efficiency_mode': False, 'evidence_tolerance': 0.5, 'n_iter_before_update': 100, 'null_log_evidence': -1e+90, 'max_modes': 100, 'mode_tolerance': -1e+90, 'seed': 42, 'context': 0, 'write_output': True, 'log_zero': -1e+100, 'max_iter': 0, 'init_MPI': False, 'dump_callback': <bound method Pymultinest._dump_callback of <bilby.core.sampler.pymultinest.Pymultinest object at 0x155500fd8be0>>}
04:24 bilby INFO    : Temporary directory incompatible with MPI, will run in original directory
04:24 bilby INFO    : Temporary directory incompatible with MPI, will run in original directory
04:24 bilby INFO    : Using output file outdirBNSBu32cores/pm_Constraints170817/
04:24 bilby INFO    : Using output file outdirBNSBu32cores/pm_Constraints170817/
04:24 bilby WARNING : Supplied argument 'queue_size' not an argument of 'Pymultinest', removing.
04:24 bilby WARNING : Supplied argument 'queue_size' not an argument of 'Pymultinest', removing.
04:24 bilby WARNING : Supplied argument 'check_point_delta_t' not an argument of 'Pymultinest', removing.
04:24 bilby WARNING : Supplied argument 'queue_size' not an argument of 'Pymultinest', removing.
04:24 bilby WARNING : Supplied argument 'check_point_delta_t' not an argument of 'Pymultinest', removing.
04:24 bilby WARNING : Supplied argument 'check_point_delta_t' not an argument of 'Pymultinest', removing.
04:24 bilby INFO    : Using sampler Pymultinest with kwargs {'importance_nested_sampling': False, 'resume': True, 'verbose': True, 'sampling_efficiency': 'parameter', 'n_live_points': 2048, 'n_params': 6, 'n_clustering_params': None, 'wrapped_params': None, 'multimodal': True, 'const_efficiency_mode': False, 'evidence_tolerance': 0.5, 'n_iter_before_update': 100, 'null_log_evidence': -1e+90, 'max_modes': 100, 'mode_tolerance': -1e+90, 'seed': 42, 'context': 0, 'write_output': True, 'log_zero': -1e+100, 'max_iter': 0, 'init_MPI': False, 'dump_callback': <bound method Pymultinest._dump_callback of <bilby.core.sampler.pymultinest.Pymultinest object at 0x155500fda6e0>>}
04:24 bilby INFO    : Using sampler Pymultinest with kwargs {'importance_nested_sampling': False, 'resume': True, 'verbose': True, 'sampling_efficiency': 'parameter', 'n_live_points': 2048, 'n_params': 6, 'n_clustering_params': None, 'wrapped_params': None, 'multimodal': True, 'const_efficiency_mode': False, 'evidence_tolerance': 0.5, 'n_iter_before_update': 100, 'null_log_evidence': -1e+90, 'max_modes': 100, 'mode_tolerance': -1e+90, 'seed': 42, 'context': 0, 'write_output': True, 'log_zero': -1e+100, 'max_iter': 0, 'init_MPI': False, 'dump_callback': <bound method Pymultinest._dump_callback of <bilby.core.sampler.pymultinest.Pymultinest object at 0x155500fdfac0>>}
04:24 bilby INFO    : Using sampler Pymultinest with kwargs {'importance_nested_sampling': False, 'resume': True, 'verbose': True, 'sampling_efficiency': 'parameter', 'n_live_points': 2048, 'n_params': 6, 'n_clustering_params': None, 'wrapped_params': None, 'multimodal': True, 'const_efficiency_mode': False, 'evidence_tolerance': 0.5, 'n_iter_before_update': 100, 'null_log_evidence': -1e+90, 'max_modes': 100, 'mode_tolerance': -1e+90, 'seed': 42, 'context': 0, 'write_output': True, 'log_zero': -1e+100, 'max_iter': 0, 'init_MPI': False, 'dump_callback': <bound method Pymultinest._dump_callback of <bilby.core.sampler.pymultinest.Pymultinest object at 0x155500fdfaf0>>}
04:24 bilby INFO    : Temporary directory incompatible with MPI, will run in original directory
04:24 bilby INFO    : Temporary directory incompatible with MPI, will run in original directory
04:24 bilby INFO    : Temporary directory incompatible with MPI, will run in original directory
04:24 bilby INFO    : Using output file outdirBNSBu32cores/pm_Constraints170817/
04:24 bilby INFO    : Using output file outdirBNSBu32cores/pm_Constraints170817/
04:24 bilby INFO    : Using output file outdirBNSBu32cores/pm_Constraints170817/
05:13 bilby INFO    : Sampling time: 0:48:51.250343
05:13 bilby INFO    : Sampling time: 0:48:51.274375
05:13 bilby INFO    : Sampling time: 0:48:51.261549
05:13 bilby INFO    : Sampling time: 0:48:51.258170
05:13 bilby INFO    : Sampling time: 0:48:51.278448
05:13 bilby INFO    : Sampling time: 0:48:51.280123
05:13 bilby INFO    : Sampling time: 0:48:47.843653
05:13 bilby INFO    : Sampling time: 0:48:51.269439
05:13 bilby INFO    : Sampling time: 0:48:51.269307
05:13 bilby INFO    : Sampling time: 0:48:51.268422
05:13 bilby INFO    : Sampling time: 0:48:51.268884
05:13 bilby INFO    : Sampling time: 0:48:51.269727
05:13 bilby INFO    : Sampling time: 0:48:51.267531
05:13 bilby INFO    : Sampling time: 0:48:51.267751
05:13 bilby INFO    : Sampling time: 0:48:51.270054
05:13 bilby INFO    : Sampling time: 0:48:51.269603
05:13 bilby INFO    : Sampling time: 0:48:51.270287
05:13 bilby INFO    : Sampling time: 0:48:51.271762
05:13 bilby INFO    : Sampling time: 0:48:47.846204
05:13 bilby INFO    : Sampling time: 0:48:47.844937
Traceback (most recent call last):
Traceback (most recent call last):
  File "/home/thussenot/.conda/envs/multinest/lib/python3.10/shutil.py", line 816, in move
Traceback (most recent call last):
  File "/home/thussenot/.conda/envs/multinest/lib/python3.10/shutil.py", line 816, in move
Traceback (most recent call last):
Traceback (most recent call last):
  File "/home/thussenot/.conda/envs/multinest/lib/python3.10/shutil.py", line 816, in move
Traceback (most recent call last):
  File "/home/thussenot/.conda/envs/multinest/lib/python3.10/shutil.py", line 816, in move
Traceback (most recent call last):
  File "/home/thussenot/.conda/envs/multinest/lib/python3.10/shutil.py", line 816, in move
  File "/home/thussenot/.conda/envs/multinest/lib/python3.10/shutil.py", line 816, in move
  File "/home/thussenot/.conda/envs/multinest/lib/python3.10/shutil.py", line 816, in move
    os.rename(src, real_dst)
FileNotFoundError: [Errno 2] No such file or directory: 'outdirBNSBu32cores/Constraints170817_result.json' -> 'outdirBNSBu32cores/Constraints170817_result.json.old'

During handling of the above exception, another exception occurred:

Traceback (most recent call last):
  File "/home/thussenot/.conda/envs/multinest/bin/lightcurve-analysis", line 8, in <module>
    os.rename(src, real_dst)
FileNotFoundError: [Errno 2] No such file or directory: 'outdirBNSBu32cores/Constraints170817_result.json' -> 'outdirBNSBu32cores/Constraints170817_result.json.old'

During handling of the above exception, another exception occurred:

Traceback (most recent call last):
  File "/home/thussenot/.conda/envs/multinest/bin/lightcurve-analysis", line 8, in <module>
    os.rename(src, real_dst)
FileNotFoundError: [Errno 2] No such file or directory: 'outdirBNSBu32cores/Constraints170817_result.json' -> 'outdirBNSBu32cores/Constraints170817_result.json.old'

During handling of the above exception, another exception occurred:

Traceback (most recent call last):
  File "/home/thussenot/.conda/envs/multinest/bin/lightcurve-analysis", line 8, in <module>
    os.rename(src, real_dst)
FileNotFoundError: [Errno 2] No such file or directory: 'outdirBNSBu32cores/Constraints170817_result.json' -> 'outdirBNSBu32cores/Constraints170817_result.json.old'

During handling of the above exception, another exception occurred:

Traceback (most recent call last):
  File "/home/thussenot/.conda/envs/multinest/bin/lightcurve-analysis", line 8, in <module>
    os.rename(src, real_dst)
    os.rename(src, real_dst)
FileNotFoundError: [Errno 2] No such file or directory: 'outdirBNSBu32cores/Constraints170817_result.json' -> 'outdirBNSBu32cores/Constraints170817_result.json.old'

During handling of the above exception, another exception occurred:

Traceback (most recent call last):
  File "/home/thussenot/.conda/envs/multinest/bin/lightcurve-analysis", line 8, in <module>
    os.rename(src, real_dst)
FileNotFoundError: [Errno 2] No such file or directory: 'outdirBNSBu32cores/Constraints170817_result.json' -> 'outdirBNSBu32cores/Constraints170817_result.json.old'

During handling of the above exception, another exception occurred:

Traceback (most recent call last):
  File "/home/thussenot/.conda/envs/multinest/bin/lightcurve-analysis", line 8, in <module>
FileNotFoundError: [Errno 2] No such file or directory: 'outdirBNSBu32cores/Constraints170817_result.json' -> 'outdirBNSBu32cores/Constraints170817_result.json.old'

During handling of the above exception, another exception occurred:

    sys.exit(main())
Traceback (most recent call last):
  File "/home/thussenot/.conda/envs/multinest/bin/lightcurve-analysis", line 8, in <module>
    sys.exit(main())
  File "/home/thussenot/.conda/envs/multinest/lib/python3.10/site-packages/nmma/em/analysis.py", line 1028, in main
    sys.exit(main())
  File "/home/thussenot/.conda/envs/multinest/lib/python3.10/site-packages/nmma/em/analysis.py", line 1028, in main
    sys.exit(main())
  File "/home/thussenot/.conda/envs/multinest/lib/python3.10/site-packages/nmma/em/analysis.py", line 1028, in main
    sys.exit(main())
  File "/home/thussenot/.conda/envs/multinest/lib/python3.10/site-packages/nmma/em/analysis.py", line 1028, in main
    sys.exit(main())
  File "/home/thussenot/.conda/envs/multinest/lib/python3.10/site-packages/nmma/em/analysis.py", line 1028, in main
  File "/home/thussenot/.conda/envs/multinest/lib/python3.10/site-packages/nmma/em/analysis.py", line 1028, in main
    sys.exit(main())
  File "/home/thussenot/.conda/envs/multinest/lib/python3.10/site-packages/nmma/em/analysis.py", line 1028, in main
    analysis(args)
    analysis(args)
  File "/home/thussenot/.conda/envs/multinest/lib/python3.10/site-packages/nmma/em/analysis.py", line 712, in analysis
    analysis(args)
  File "/home/thussenot/.conda/envs/multinest/lib/python3.10/site-packages/nmma/em/analysis.py", line 712, in analysis
    analysis(args)
  File "/home/thussenot/.conda/envs/multinest/lib/python3.10/site-packages/nmma/em/analysis.py", line 712, in analysis
    analysis(args)
  File "/home/thussenot/.conda/envs/multinest/lib/python3.10/site-packages/nmma/em/analysis.py", line 712, in analysis
    analysis(args)
  File "/home/thussenot/.conda/envs/multinest/lib/python3.10/site-packages/nmma/em/analysis.py", line 712, in analysis
    analysis(args)
  File "/home/thussenot/.conda/envs/multinest/lib/python3.10/site-packages/nmma/em/analysis.py", line 712, in analysis
  File "/home/thussenot/.conda/envs/multinest/lib/python3.10/site-packages/nmma/em/analysis.py", line 712, in analysis
    result = bilby.run_sampler(
    result = bilby.run_sampler(
  File "/home/thussenot/.conda/envs/multinest/lib/python3.10/site-packages/bilby/core/sampler/__init__.py", line 262, in run_sampler
  File "/home/thussenot/.conda/envs/multinest/lib/python3.10/site-packages/bilby/core/sampler/__init__.py", line 262, in run_sampler
    result = bilby.run_sampler(
    result = bilby.run_sampler(
  File "/home/thussenot/.conda/envs/multinest/lib/python3.10/site-packages/bilby/core/sampler/__init__.py", line 262, in run_sampler
  File "/home/thussenot/.conda/envs/multinest/lib/python3.10/site-packages/bilby/core/sampler/__init__.py", line 262, in run_sampler
    result = bilby.run_sampler(
  File "/home/thussenot/.conda/envs/multinest/lib/python3.10/site-packages/bilby/core/sampler/__init__.py", line 262, in run_sampler
    result = bilby.run_sampler(
  File "/home/thussenot/.conda/envs/multinest/lib/python3.10/site-packages/bilby/core/sampler/__init__.py", line 262, in run_sampler
    result = bilby.run_sampler(
  File "/home/thussenot/.conda/envs/multinest/lib/python3.10/site-packages/bilby/core/sampler/__init__.py", line 262, in run_sampler
    result.save_to_file(extension=save, gzip=gzip, outdir=outdir)
    result.save_to_file(extension=save, gzip=gzip, outdir=outdir)
  File "/home/thussenot/.conda/envs/multinest/lib/python3.10/site-packages/bilby/core/result.py", line 783, in save_to_file
    result.save_to_file(extension=save, gzip=gzip, outdir=outdir)
  File "/home/thussenot/.conda/envs/multinest/lib/python3.10/site-packages/bilby/core/result.py", line 783, in save_to_file
    result.save_to_file(extension=save, gzip=gzip, outdir=outdir)
  File "/home/thussenot/.conda/envs/multinest/lib/python3.10/site-packages/bilby/core/result.py", line 783, in save_to_file
    result.save_to_file(extension=save, gzip=gzip, outdir=outdir)
  File "/home/thussenot/.conda/envs/multinest/lib/python3.10/site-packages/bilby/core/result.py", line 783, in save_to_file
    result.save_to_file(extension=save, gzip=gzip, outdir=outdir)
  File "/home/thussenot/.conda/envs/multinest/lib/python3.10/site-packages/bilby/core/result.py", line 783, in save_to_file
    result.save_to_file(extension=save, gzip=gzip, outdir=outdir)
  File "/home/thussenot/.conda/envs/multinest/lib/python3.10/site-packages/bilby/core/result.py", line 783, in save_to_file
  File "/home/thussenot/.conda/envs/multinest/lib/python3.10/site-packages/bilby/core/result.py", line 783, in save_to_file
05:13 bilby INFO    : Sampling time: 0:48:51.284487
    move_old_file(filename, overwrite)
  File "/home/thussenot/.conda/envs/multinest/lib/python3.10/site-packages/bilby/core/utils/io.py", line 411, in move_old_file
    move_old_file(filename, overwrite)
  File "/home/thussenot/.conda/envs/multinest/lib/python3.10/site-packages/bilby/core/utils/io.py", line 411, in move_old_file
    move_old_file(filename, overwrite)
  File "/home/thussenot/.conda/envs/multinest/lib/python3.10/site-packages/bilby/core/utils/io.py", line 411, in move_old_file
    move_old_file(filename, overwrite)
  File "/home/thussenot/.conda/envs/multinest/lib/python3.10/site-packages/bilby/core/utils/io.py", line 411, in move_old_file
    move_old_file(filename, overwrite)
  File "/home/thussenot/.conda/envs/multinest/lib/python3.10/site-packages/bilby/core/utils/io.py", line 411, in move_old_file
    move_old_file(filename, overwrite)
  File "/home/thussenot/.conda/envs/multinest/lib/python3.10/site-packages/bilby/core/utils/io.py", line 411, in move_old_file
    move_old_file(filename, overwrite)
  File "/home/thussenot/.conda/envs/multinest/lib/python3.10/site-packages/bilby/core/utils/io.py", line 411, in move_old_file
    shutil.move(filename, filename + ".old")
  File "/home/thussenot/.conda/envs/multinest/lib/python3.10/shutil.py", line 836, in move
    shutil.move(filename, filename + ".old")
  File "/home/thussenot/.conda/envs/multinest/lib/python3.10/shutil.py", line 836, in move
    shutil.move(filename, filename + ".old")
  File "/home/thussenot/.conda/envs/multinest/lib/python3.10/shutil.py", line 836, in move
    shutil.move(filename, filename + ".old")
  File "/home/thussenot/.conda/envs/multinest/lib/python3.10/shutil.py", line 836, in move
    shutil.move(filename, filename + ".old")
  File "/home/thussenot/.conda/envs/multinest/lib/python3.10/shutil.py", line 836, in move
    shutil.move(filename, filename + ".old")
    shutil.move(filename, filename + ".old")
  File "/home/thussenot/.conda/envs/multinest/lib/python3.10/shutil.py", line 836, in move
  File "/home/thussenot/.conda/envs/multinest/lib/python3.10/shutil.py", line 836, in move
    copy_function(src, real_dst)
  File "/home/thussenot/.conda/envs/multinest/lib/python3.10/shutil.py", line 434, in copy2
    copy_function(src, real_dst)
    copy_function(src, real_dst)
  File "/home/thussenot/.conda/envs/multinest/lib/python3.10/shutil.py", line 434, in copy2
    copy_function(src, real_dst)
  File "/home/thussenot/.conda/envs/multinest/lib/python3.10/shutil.py", line 434, in copy2
  File "/home/thussenot/.conda/envs/multinest/lib/python3.10/shutil.py", line 434, in copy2
    copy_function(src, real_dst)
  File "/home/thussenot/.conda/envs/multinest/lib/python3.10/shutil.py", line 434, in copy2
    copy_function(src, real_dst)
  File "/home/thussenot/.conda/envs/multinest/lib/python3.10/shutil.py", line 434, in copy2
    copy_function(src, real_dst)
  File "/home/thussenot/.conda/envs/multinest/lib/python3.10/shutil.py", line 434, in copy2
    copyfile(src, dst, follow_symlinks=follow_symlinks)
  File "/home/thussenot/.conda/envs/multinest/lib/python3.10/shutil.py", line 254, in copyfile
    copyfile(src, dst, follow_symlinks=follow_symlinks)
  File "/home/thussenot/.conda/envs/multinest/lib/python3.10/shutil.py", line 254, in copyfile
    copyfile(src, dst, follow_symlinks=follow_symlinks)
  File "/home/thussenot/.conda/envs/multinest/lib/python3.10/shutil.py", line 254, in copyfile
    copyfile(src, dst, follow_symlinks=follow_symlinks)
  File "/home/thussenot/.conda/envs/multinest/lib/python3.10/shutil.py", line 254, in copyfile
    copyfile(src, dst, follow_symlinks=follow_symlinks)
    with open(src, 'rb') as fsrc:
FileNotFoundError: [Errno 2] No such file or directory: 'outdirBNSBu32cores/Constraints170817_result.json'
    copyfile(src, dst, follow_symlinks=follow_symlinks)
  File "/home/thussenot/.conda/envs/multinest/lib/python3.10/shutil.py", line 254, in copyfile
  File "/home/thussenot/.conda/envs/multinest/lib/python3.10/shutil.py", line 254, in copyfile
    with open(src, 'rb') as fsrc:
FileNotFoundError: [Errno 2] No such file or directory: 'outdirBNSBu32cores/Constraints170817_result.json'
    with open(src, 'rb') as fsrc:
    copyfile(src, dst, follow_symlinks=follow_symlinks)
  File "/home/thussenot/.conda/envs/multinest/lib/python3.10/shutil.py", line 254, in copyfile
    with open(src, 'rb') as fsrc:
FileNotFoundError: [Errno 2] No such file or directory: 'outdirBNSBu32cores/Constraints170817_result.json'
FileNotFoundError: [Errno 2] No such file or directory: 'outdirBNSBu32cores/Constraints170817_result.json'
    with open(src, 'rb') as fsrc:
    with open(src, 'rb') as fsrc:
FileNotFoundError: [Errno 2] No such file or directory: 'outdirBNSBu32cores/Constraints170817_result.json'
FileNotFoundError: [Errno 2] No such file or directory: 'outdirBNSBu32cores/Constraints170817_result.json'
    with open(src, 'rb') as fsrc:
FileNotFoundError: [Errno 2] No such file or directory: 'outdirBNSBu32cores/Constraints170817_result.json'
05:13 bilby INFO    : Sampling time: 0:48:51.284666
05:13 bilby INFO    : Sampling time: 0:48:51.272326
05:13 bilby INFO    : Sampling time: 0:48:51.273220
05:13 bilby INFO    : Sampling time: 0:48:47.847276
05:13 bilby INFO    : Sampling time: 0:48:47.846902
05:13 bilby INFO    : Sampling time: 0:48:51.269177
05:13 bilby INFO    : Sampling time: 0:48:47.848160
05:13 bilby INFO    : Sampling time: 0:48:51.274242
05:13 bilby INFO    : Sampling time: 0:48:47.847974
05:13 bilby INFO    : Sampling time: 0:48:51.272081
05:13 bilby INFO    : Sampling time: 0:48:47.848991
05:13 bilby ERROR   : 

Saving the data has failed with the following message:
[Errno 116] Stale file handle
Data has been dumped to outdirBNSBu32cores/Constraints170817_result.pkl.


Traceback (most recent call last):
  File "/home/thussenot/.conda/envs/multinest/lib/python3.10/shutil.py", line 816, in move
    os.rename(src, real_dst)
FileNotFoundError: [Errno 2] No such file or directory: 'outdirBNSBu32cores/Constraints170817_result.json' -> 'outdirBNSBu32cores/Constraints170817_result.json.old'

During handling of the above exception, another exception occurred:

Traceback (most recent call last):
  File "/home/thussenot/.conda/envs/multinest/bin/lightcurve-analysis", line 8, in <module>
    sys.exit(main())
  File "/home/thussenot/.conda/envs/multinest/lib/python3.10/site-packages/nmma/em/analysis.py", line 1028, in main
    analysis(args)
  File "/home/thussenot/.conda/envs/multinest/lib/python3.10/site-packages/nmma/em/analysis.py", line 712, in analysis
    result = bilby.run_sampler(
  File "/home/thussenot/.conda/envs/multinest/lib/python3.10/site-packages/bilby/core/sampler/__init__.py", line 262, in run_sampler
    result.save_to_file(extension=save, gzip=gzip, outdir=outdir)
  File "/home/thussenot/.conda/envs/multinest/lib/python3.10/site-packages/bilby/core/result.py", line 783, in save_to_file
    move_old_file(filename, overwrite)
  File "/home/thussenot/.conda/envs/multinest/lib/python3.10/site-packages/bilby/core/utils/io.py", line 411, in move_old_file
    shutil.move(filename, filename + ".old")
  File "/home/thussenot/.conda/envs/multinest/lib/python3.10/shutil.py", line 836, in move
    copy_function(src, real_dst)
  File "/home/thussenot/.conda/envs/multinest/lib/python3.10/shutil.py", line 435, in copy2
    copystat(src, dst, follow_symlinks=follow_symlinks)
  File "/home/thussenot/.conda/envs/multinest/lib/python3.10/shutil.py", line 378, in copystat
    _copyxattr(src, dst, follow_symlinks=follow)
  File "/home/thussenot/.conda/envs/multinest/lib/python3.10/shutil.py", line 320, in _copyxattr
    names = os.listxattr(src, follow_symlinks=follow_symlinks)
FileNotFoundError: [Errno 2] No such file or directory: 'outdirBNSBu32cores/Constraints170817_result.json'
Traceback (most recent call last):
  File "/home/thussenot/.conda/envs/multinest/lib/python3.10/shutil.py", line 816, in move
    os.rename(src, real_dst)
FileNotFoundError: [Errno 2] No such file or directory: 'outdirBNSBu32cores/Constraints170817_result.json' -> 'outdirBNSBu32cores/Constraints170817_result.json.old'

During handling of the above exception, another exception occurred:

Traceback (most recent call last):
  File "/home/thussenot/.conda/envs/multinest/bin/lightcurve-analysis", line 8, in <module>
    sys.exit(main())
  File "/home/thussenot/.conda/envs/multinest/lib/python3.10/site-packages/nmma/em/analysis.py", line 1028, in main
    analysis(args)
  File "/home/thussenot/.conda/envs/multinest/lib/python3.10/site-packages/nmma/em/analysis.py", line 712, in analysis
    result = bilby.run_sampler(
  File "/home/thussenot/.conda/envs/multinest/lib/python3.10/site-packages/bilby/core/sampler/__init__.py", line 262, in run_sampler
    result.save_to_file(extension=save, gzip=gzip, outdir=outdir)
  File "/home/thussenot/.conda/envs/multinest/lib/python3.10/site-packages/bilby/core/result.py", line 783, in save_to_file
    move_old_file(filename, overwrite)
  File "/home/thussenot/.conda/envs/multinest/lib/python3.10/site-packages/bilby/core/utils/io.py", line 411, in move_old_file
    shutil.move(filename, filename + ".old")
  File "/home/thussenot/.conda/envs/multinest/lib/python3.10/shutil.py", line 836, in move
    copy_function(src, real_dst)
  File "/home/thussenot/.conda/envs/multinest/lib/python3.10/shutil.py", line 435, in copy2
    copystat(src, dst, follow_symlinks=follow_symlinks)
  File "/home/thussenot/.conda/envs/multinest/lib/python3.10/shutil.py", line 378, in copystat
    _copyxattr(src, dst, follow_symlinks=follow)
  File "/home/thussenot/.conda/envs/multinest/lib/python3.10/shutil.py", line 320, in _copyxattr
    names = os.listxattr(src, follow_symlinks=follow_symlinks)
FileNotFoundError: [Errno 2] No such file or directory: 'outdirBNSBu32cores/Constraints170817_result.json'
Traceback (most recent call last):
  File "/home/thussenot/.conda/envs/multinest/lib/python3.10/site-packages/bilby/core/result.py", line 805, in save_to_file
Traceback (most recent call last):
  File "/home/thussenot/.conda/envs/multinest/lib/python3.10/site-packages/bilby/core/result.py", line 805, in save_to_file
Traceback (most recent call last):
  File "/home/thussenot/.conda/envs/multinest/lib/python3.10/site-packages/bilby/core/result.py", line 805, in save_to_file
    with open(filename, 'w') as file:
OSError: [Errno 116] Stale file handle

During handling of the above exception, another exception occurred:

Traceback (most recent call last):
  File "/home/thussenot/.conda/envs/multinest/lib/python3.10/shutil.py", line 816, in move
    with open(filename, 'w') as file:
OSError: [Errno 116] Stale file handle

During handling of the above exception, another exception occurred:

Traceback (most recent call last):
  File "/home/thussenot/.conda/envs/multinest/lib/python3.10/shutil.py", line 816, in move
    with open(filename, 'w') as file:
OSError: [Errno 116] Stale file handle

During handling of the above exception, another exception occurred:

Traceback (most recent call last):
  File "/home/thussenot/.conda/envs/multinest/lib/python3.10/shutil.py", line 816, in move
    os.rename(src, real_dst)
FileNotFoundError: [Errno 2] No such file or directory: 'outdirBNSBu32cores/Constraints170817_result.pkl.temp' -> 'outdirBNSBu32cores/Constraints170817_result.pkl'

During handling of the above exception, another exception occurred:

Traceback (most recent call last):
  File "/home/thussenot/.conda/envs/multinest/bin/lightcurve-analysis", line 8, in <module>
    os.rename(src, real_dst)
FileNotFoundError: [Errno 2] No such file or directory: 'outdirBNSBu32cores/Constraints170817_result.pkl.temp' -> 'outdirBNSBu32cores/Constraints170817_result.pkl'

During handling of the above exception, another exception occurred:

Traceback (most recent call last):
  File "/home/thussenot/.conda/envs/multinest/bin/lightcurve-analysis", line 8, in <module>
    sys.exit(main())
  File "/home/thussenot/.conda/envs/multinest/lib/python3.10/site-packages/nmma/em/analysis.py", line 1028, in main
    os.rename(src, real_dst)
FileNotFoundError: [Errno 2] No such file or directory: 'outdirBNSBu32cores/Constraints170817_result.pkl.temp' -> 'outdirBNSBu32cores/Constraints170817_result.pkl'

During handling of the above exception, another exception occurred:

Traceback (most recent call last):
  File "/home/thussenot/.conda/envs/multinest/bin/lightcurve-analysis", line 8, in <module>
    sys.exit(main())
  File "/home/thussenot/.conda/envs/multinest/lib/python3.10/site-packages/nmma/em/analysis.py", line 1028, in main
    sys.exit(main())
  File "/home/thussenot/.conda/envs/multinest/lib/python3.10/site-packages/nmma/em/analysis.py", line 1028, in main
    analysis(args)
  File "/home/thussenot/.conda/envs/multinest/lib/python3.10/site-packages/nmma/em/analysis.py", line 712, in analysis
    analysis(args)
  File "/home/thussenot/.conda/envs/multinest/lib/python3.10/site-packages/nmma/em/analysis.py", line 712, in analysis
    result = bilby.run_sampler(
  File "/home/thussenot/.conda/envs/multinest/lib/python3.10/site-packages/bilby/core/sampler/__init__.py", line 262, in run_sampler
    analysis(args)
  File "/home/thussenot/.conda/envs/multinest/lib/python3.10/site-packages/nmma/em/analysis.py", line 712, in analysis
    result = bilby.run_sampler(
  File "/home/thussenot/.conda/envs/multinest/lib/python3.10/site-packages/bilby/core/sampler/__init__.py", line 262, in run_sampler
    result.save_to_file(extension=save, gzip=gzip, outdir=outdir)
  File "/home/thussenot/.conda/envs/multinest/lib/python3.10/site-packages/bilby/core/result.py", line 819, in save_to_file
    result = bilby.run_sampler(
  File "/home/thussenot/.conda/envs/multinest/lib/python3.10/site-packages/bilby/core/sampler/__init__.py", line 262, in run_sampler
    result.save_to_file(extension=save, gzip=gzip, outdir=outdir)
  File "/home/thussenot/.conda/envs/multinest/lib/python3.10/site-packages/bilby/core/result.py", line 819, in save_to_file
    safe_file_dump(self, filename, "dill")
  File "/home/thussenot/.conda/envs/multinest/lib/python3.10/site-packages/bilby/core/utils/io.py", line 389, in safe_file_dump
    result.save_to_file(extension=save, gzip=gzip, outdir=outdir)
  File "/home/thussenot/.conda/envs/multinest/lib/python3.10/site-packages/bilby/core/result.py", line 819, in save_to_file
    safe_file_dump(self, filename, "dill")
  File "/home/thussenot/.conda/envs/multinest/lib/python3.10/site-packages/bilby/core/utils/io.py", line 389, in safe_file_dump
    shutil.move(temp_filename, filename)
  File "/home/thussenot/.conda/envs/multinest/lib/python3.10/shutil.py", line 836, in move
    safe_file_dump(self, filename, "dill")
  File "/home/thussenot/.conda/envs/multinest/lib/python3.10/site-packages/bilby/core/utils/io.py", line 389, in safe_file_dump
    shutil.move(temp_filename, filename)
  File "/home/thussenot/.conda/envs/multinest/lib/python3.10/shutil.py", line 836, in move
    copy_function(src, real_dst)
  File "/home/thussenot/.conda/envs/multinest/lib/python3.10/shutil.py", line 434, in copy2
    shutil.move(temp_filename, filename)
  File "/home/thussenot/.conda/envs/multinest/lib/python3.10/shutil.py", line 836, in move
    copy_function(src, real_dst)
  File "/home/thussenot/.conda/envs/multinest/lib/python3.10/shutil.py", line 434, in copy2
    copyfile(src, dst, follow_symlinks=follow_symlinks)
  File "/home/thussenot/.conda/envs/multinest/lib/python3.10/shutil.py", line 254, in copyfile
    copy_function(src, real_dst)
  File "/home/thussenot/.conda/envs/multinest/lib/python3.10/shutil.py", line 434, in copy2
    copyfile(src, dst, follow_symlinks=follow_symlinks)
  File "/home/thussenot/.conda/envs/multinest/lib/python3.10/shutil.py", line 254, in copyfile
    with open(src, 'rb') as fsrc:
FileNotFoundError: [Errno 2] No such file or directory: 'outdirBNSBu32cores/Constraints170817_result.pkl.temp'
    with open(src, 'rb') as fsrc:
FileNotFoundError: [Errno 2] No such file or directory: 'outdirBNSBu32cores/Constraints170817_result.pkl.temp'
    copyfile(src, dst, follow_symlinks=follow_symlinks)
  File "/home/thussenot/.conda/envs/multinest/lib/python3.10/shutil.py", line 254, in copyfile
    with open(src, 'rb') as fsrc:
FileNotFoundError: [Errno 2] No such file or directory: 'outdirBNSBu32cores/Constraints170817_result.pkl.temp'
Traceback (most recent call last):
  File "/home/thussenot/.conda/envs/multinest/lib/python3.10/site-packages/bilby/core/result.py", line 805, in save_to_file
    with open(filename, 'w') as file:
OSError: [Errno 116] Stale file handle

During handling of the above exception, another exception occurred:

Traceback (most recent call last):
  File "/home/thussenot/.conda/envs/multinest/lib/python3.10/shutil.py", line 816, in move
    os.rename(src, real_dst)
FileNotFoundError: [Errno 2] No such file or directory: 'outdirBNSBu32cores/Constraints170817_result.pkl.temp' -> 'outdirBNSBu32cores/Constraints170817_result.pkl'

During handling of the above exception, another exception occurred:

Traceback (most recent call last):
  File "/home/thussenot/.conda/envs/multinest/bin/lightcurve-analysis", line 8, in <module>
    sys.exit(main())
  File "/home/thussenot/.conda/envs/multinest/lib/python3.10/site-packages/nmma/em/analysis.py", line 1028, in main
    analysis(args)
  File "/home/thussenot/.conda/envs/multinest/lib/python3.10/site-packages/nmma/em/analysis.py", line 712, in analysis
    result = bilby.run_sampler(
  File "/home/thussenot/.conda/envs/multinest/lib/python3.10/site-packages/bilby/core/sampler/__init__.py", line 262, in run_sampler
    result.save_to_file(extension=save, gzip=gzip, outdir=outdir)
  File "/home/thussenot/.conda/envs/multinest/lib/python3.10/site-packages/bilby/core/result.py", line 819, in save_to_file
    safe_file_dump(self, filename, "dill")
  File "/home/thussenot/.conda/envs/multinest/lib/python3.10/site-packages/bilby/core/utils/io.py", line 389, in safe_file_dump
    shutil.move(temp_filename, filename)
  File "/home/thussenot/.conda/envs/multinest/lib/python3.10/shutil.py", line 836, in move
    copy_function(src, real_dst)
  File "/home/thussenot/.conda/envs/multinest/lib/python3.10/shutil.py", line 434, in copy2
    copyfile(src, dst, follow_symlinks=follow_symlinks)
  File "/home/thussenot/.conda/envs/multinest/lib/python3.10/shutil.py", line 254, in copyfile
    with open(src, 'rb') as fsrc:
FileNotFoundError: [Errno 2] No such file or directory: 'outdirBNSBu32cores/Constraints170817_result.pkl.temp'
Traceback (most recent call last):
  File "/home/thussenot/.conda/envs/multinest/lib/python3.10/shutil.py", line 816, in move
    os.rename(src, real_dst)
FileNotFoundError: [Errno 2] No such file or directory: 'outdirBNSBu32cores/Constraints170817_result.json' -> 'outdirBNSBu32cores/Constraints170817_result.json.old'

During handling of the above exception, another exception occurred:

Traceback (most recent call last):
  File "/home/thussenot/.conda/envs/multinest/bin/lightcurve-analysis", line 8, in <module>
    sys.exit(main())
  File "/home/thussenot/.conda/envs/multinest/lib/python3.10/site-packages/nmma/em/analysis.py", line 1028, in main
    analysis(args)
  File "/home/thussenot/.conda/envs/multinest/lib/python3.10/site-packages/nmma/em/analysis.py", line 712, in analysis
    result = bilby.run_sampler(
  File "/home/thussenot/.conda/envs/multinest/lib/python3.10/site-packages/bilby/core/sampler/__init__.py", line 262, in run_sampler
    result.save_to_file(extension=save, gzip=gzip, outdir=outdir)
  File "/home/thussenot/.conda/envs/multinest/lib/python3.10/site-packages/bilby/core/result.py", line 783, in save_to_file
    move_old_file(filename, overwrite)
  File "/home/thussenot/.conda/envs/multinest/lib/python3.10/site-packages/bilby/core/utils/io.py", line 411, in move_old_file
    shutil.move(filename, filename + ".old")
  File "/home/thussenot/.conda/envs/multinest/lib/python3.10/shutil.py", line 836, in move
    copy_function(src, real_dst)
  File "/home/thussenot/.conda/envs/multinest/lib/python3.10/shutil.py", line 435, in copy2
    copystat(src, dst, follow_symlinks=follow_symlinks)
  File "/home/thussenot/.conda/envs/multinest/lib/python3.10/shutil.py", line 378, in copystat
    _copyxattr(src, dst, follow_symlinks=follow)
  File "/home/thussenot/.conda/envs/multinest/lib/python3.10/shutil.py", line 320, in _copyxattr
    names = os.listxattr(src, follow_symlinks=follow_symlinks)
FileNotFoundError: [Errno 2] No such file or directory: 'outdirBNSBu32cores/Constraints170817_result.json'
Traceback (most recent call last):
  File "/home/thussenot/.conda/envs/multinest/lib/python3.10/shutil.py", line 816, in move
    os.rename(src, real_dst)
FileNotFoundError: [Errno 2] No such file or directory: 'outdirBNSBu32cores/Constraints170817_result.json' -> 'outdirBNSBu32cores/Constraints170817_result.json.old'

During handling of the above exception, another exception occurred:

Traceback (most recent call last):
  File "/home/thussenot/.conda/envs/multinest/bin/lightcurve-analysis", line 8, in <module>
    sys.exit(main())
  File "/home/thussenot/.conda/envs/multinest/lib/python3.10/site-packages/nmma/em/analysis.py", line 1028, in main
    analysis(args)
  File "/home/thussenot/.conda/envs/multinest/lib/python3.10/site-packages/nmma/em/analysis.py", line 712, in analysis
    result = bilby.run_sampler(
  File "/home/thussenot/.conda/envs/multinest/lib/python3.10/site-packages/bilby/core/sampler/__init__.py", line 262, in run_sampler
    result.save_to_file(extension=save, gzip=gzip, outdir=outdir)
  File "/home/thussenot/.conda/envs/multinest/lib/python3.10/site-packages/bilby/core/result.py", line 783, in save_to_file
    move_old_file(filename, overwrite)
  File "/home/thussenot/.conda/envs/multinest/lib/python3.10/site-packages/bilby/core/utils/io.py", line 411, in move_old_file
    shutil.move(filename, filename + ".old")
  File "/home/thussenot/.conda/envs/multinest/lib/python3.10/shutil.py", line 836, in move
    copy_function(src, real_dst)
  File "/home/thussenot/.conda/envs/multinest/lib/python3.10/shutil.py", line 435, in copy2
    copystat(src, dst, follow_symlinks=follow_symlinks)
  File "/home/thussenot/.conda/envs/multinest/lib/python3.10/shutil.py", line 378, in copystat
    _copyxattr(src, dst, follow_symlinks=follow)
  File "/home/thussenot/.conda/envs/multinest/lib/python3.10/shutil.py", line 320, in _copyxattr
    names = os.listxattr(src, follow_symlinks=follow_symlinks)
FileNotFoundError: [Errno 2] No such file or directory: 'outdirBNSBu32cores/Constraints170817_result.json'
Traceback (most recent call last):
  File "/home/thussenot/.conda/envs/multinest/lib/python3.10/shutil.py", line 816, in move
    os.rename(src, real_dst)
FileNotFoundError: [Errno 2] No such file or directory: 'outdirBNSBu32cores/Constraints170817_result.json' -> 'outdirBNSBu32cores/Constraints170817_result.json.old'

During handling of the above exception, another exception occurred:

Traceback (most recent call last):
  File "/home/thussenot/.conda/envs/multinest/bin/lightcurve-analysis", line 8, in <module>
    sys.exit(main())
  File "/home/thussenot/.conda/envs/multinest/lib/python3.10/site-packages/nmma/em/analysis.py", line 1028, in main
    analysis(args)
  File "/home/thussenot/.conda/envs/multinest/lib/python3.10/site-packages/nmma/em/analysis.py", line 712, in analysis
    result = bilby.run_sampler(
  File "/home/thussenot/.conda/envs/multinest/lib/python3.10/site-packages/bilby/core/sampler/__init__.py", line 262, in run_sampler
    result.save_to_file(extension=save, gzip=gzip, outdir=outdir)
  File "/home/thussenot/.conda/envs/multinest/lib/python3.10/site-packages/bilby/core/result.py", line 783, in save_to_file
    move_old_file(filename, overwrite)
  File "/home/thussenot/.conda/envs/multinest/lib/python3.10/site-packages/bilby/core/utils/io.py", line 411, in move_old_file
    shutil.move(filename, filename + ".old")
  File "/home/thussenot/.conda/envs/multinest/lib/python3.10/shutil.py", line 837, in move
    os.unlink(src)
FileNotFoundError: [Errno 2] No such file or directory: 'outdirBNSBu32cores/Constraints170817_result.json'
Traceback (most recent call last):
Traceback (most recent call last):
  File "/home/thussenot/.conda/envs/multinest/lib/python3.10/shutil.py", line 816, in move
  File "/home/thussenot/.conda/envs/multinest/lib/python3.10/shutil.py", line 816, in move
    os.rename(src, real_dst)
    os.rename(src, real_dst)
FileNotFoundError: [Errno 2] No such file or directory: 'outdirBNSBu32cores/Constraints170817_result.json' -> 'outdirBNSBu32cores/Constraints170817_result.json.old'

During handling of the above exception, another exception occurred:

Traceback (most recent call last):
  File "/home/thussenot/.conda/envs/multinest/bin/lightcurve-analysis", line 8, in <module>
FileNotFoundError: [Errno 2] No such file or directory: 'outdirBNSBu32cores/Constraints170817_result.json' -> 'outdirBNSBu32cores/Constraints170817_result.json.old'

During handling of the above exception, another exception occurred:

    sys.exit(main())
  File "/home/thussenot/.conda/envs/multinest/lib/python3.10/site-packages/nmma/em/analysis.py", line 1028, in main
Traceback (most recent call last):
  File "/home/thussenot/.conda/envs/multinest/bin/lightcurve-analysis", line 8, in <module>
    analysis(args)
    sys.exit(main())
  File "/home/thussenot/.conda/envs/multinest/lib/python3.10/site-packages/nmma/em/analysis.py", line 712, in analysis
  File "/home/thussenot/.conda/envs/multinest/lib/python3.10/site-packages/nmma/em/analysis.py", line 1028, in main
    result = bilby.run_sampler(
  File "/home/thussenot/.conda/envs/multinest/lib/python3.10/site-packages/bilby/core/sampler/__init__.py", line 262, in run_sampler
    result.save_to_file(extension=save, gzip=gzip, outdir=outdir)
  File "/home/thussenot/.conda/envs/multinest/lib/python3.10/site-packages/bilby/core/result.py", line 783, in save_to_file
    analysis(args)
  File "/home/thussenot/.conda/envs/multinest/lib/python3.10/site-packages/nmma/em/analysis.py", line 712, in analysis
    move_old_file(filename, overwrite)
    result = bilby.run_sampler(
  File "/home/thussenot/.conda/envs/multinest/lib/python3.10/site-packages/bilby/core/sampler/__init__.py", line 262, in run_sampler
  File "/home/thussenot/.conda/envs/multinest/lib/python3.10/site-packages/bilby/core/utils/io.py", line 411, in move_old_file
    result.save_to_file(extension=save, gzip=gzip, outdir=outdir)
  File "/home/thussenot/.conda/envs/multinest/lib/python3.10/site-packages/bilby/core/result.py", line 783, in save_to_file
    shutil.move(filename, filename + ".old")
  File "/home/thussenot/.conda/envs/multinest/lib/python3.10/shutil.py", line 837, in move
    os.unlink(src)
FileNotFoundError: [Errno 2] No such file or directory: 'outdirBNSBu32cores/Constraints170817_result.json'
    move_old_file(filename, overwrite)
  File "/home/thussenot/.conda/envs/multinest/lib/python3.10/site-packages/bilby/core/utils/io.py", line 411, in move_old_file
    shutil.move(filename, filename + ".old")
  File "/home/thussenot/.conda/envs/multinest/lib/python3.10/shutil.py", line 837, in move
    os.unlink(src)
FileNotFoundError: [Errno 2] No such file or directory: 'outdirBNSBu32cores/Constraints170817_result.json'
Traceback (most recent call last):
  File "/home/thussenot/.conda/envs/multinest/bin/lightcurve-analysis", line 8, in <module>
    sys.exit(main())
  File "/home/thussenot/.conda/envs/multinest/lib/python3.10/site-packages/nmma/em/analysis.py", line 1028, in main
    analysis(args)
  File "/home/thussenot/.conda/envs/multinest/lib/python3.10/site-packages/nmma/em/analysis.py", line 712, in analysis
    result = bilby.run_sampler(
  File "/home/thussenot/.conda/envs/multinest/lib/python3.10/site-packages/bilby/core/sampler/__init__.py", line 278, in run_sampler
    result.save_to_file(overwrite=True, extension=save, gzip=gzip, outdir=outdir)
  File "/home/thussenot/.conda/envs/multinest/lib/python3.10/site-packages/bilby/core/result.py", line 783, in save_to_file
    move_old_file(filename, overwrite)
  File "/home/thussenot/.conda/envs/multinest/lib/python3.10/site-packages/bilby/core/utils/io.py", line 406, in move_old_file
    os.remove(filename)
FileNotFoundError: [Errno 2] No such file or directory: 'outdirBNSBu32cores/Constraints170817_result.json'
Traceback (most recent call last):
  File "/home/thussenot/.conda/envs/multinest/bin/lightcurve-analysis", line 8, in <module>
Traceback (most recent call last):
  File "/home/thussenot/.conda/envs/multinest/bin/lightcurve-analysis", line 8, in <module>
Traceback (most recent call last):
  File "/home/thussenot/.conda/envs/multinest/bin/lightcurve-analysis", line 8, in <module>
    sys.exit(main())
  File "/home/thussenot/.conda/envs/multinest/lib/python3.10/site-packages/nmma/em/analysis.py", line 1028, in main
    sys.exit(main())
  File "/home/thussenot/.conda/envs/multinest/lib/python3.10/site-packages/nmma/em/analysis.py", line 1028, in main
    sys.exit(main())
  File "/home/thussenot/.conda/envs/multinest/lib/python3.10/site-packages/nmma/em/analysis.py", line 1028, in main
    analysis(args)
  File "/home/thussenot/.conda/envs/multinest/lib/python3.10/site-packages/nmma/em/analysis.py", line 712, in analysis
    analysis(args)
  File "/home/thussenot/.conda/envs/multinest/lib/python3.10/site-packages/nmma/em/analysis.py", line 712, in analysis
    analysis(args)
  File "/home/thussenot/.conda/envs/multinest/lib/python3.10/site-packages/nmma/em/analysis.py", line 712, in analysis
    result = bilby.run_sampler(
  File "/home/thussenot/.conda/envs/multinest/lib/python3.10/site-packages/bilby/core/sampler/__init__.py", line 278, in run_sampler
    result = bilby.run_sampler(
  File "/home/thussenot/.conda/envs/multinest/lib/python3.10/site-packages/bilby/core/sampler/__init__.py", line 278, in run_sampler
    result = bilby.run_sampler(
  File "/home/thussenot/.conda/envs/multinest/lib/python3.10/site-packages/bilby/core/sampler/__init__.py", line 278, in run_sampler
    result.save_to_file(overwrite=True, extension=save, gzip=gzip, outdir=outdir)
  File "/home/thussenot/.conda/envs/multinest/lib/python3.10/site-packages/bilby/core/result.py", line 783, in save_to_file
    result.save_to_file(overwrite=True, extension=save, gzip=gzip, outdir=outdir)
  File "/home/thussenot/.conda/envs/multinest/lib/python3.10/site-packages/bilby/core/result.py", line 783, in save_to_file
    result.save_to_file(overwrite=True, extension=save, gzip=gzip, outdir=outdir)
  File "/home/thussenot/.conda/envs/multinest/lib/python3.10/site-packages/bilby/core/result.py", line 783, in save_to_file
    move_old_file(filename, overwrite)
  File "/home/thussenot/.conda/envs/multinest/lib/python3.10/site-packages/bilby/core/utils/io.py", line 406, in move_old_file
    move_old_file(filename, overwrite)
  File "/home/thussenot/.conda/envs/multinest/lib/python3.10/site-packages/bilby/core/utils/io.py", line 406, in move_old_file
    move_old_file(filename, overwrite)
  File "/home/thussenot/.conda/envs/multinest/lib/python3.10/site-packages/bilby/core/utils/io.py", line 406, in move_old_file
    os.remove(filename)
FileNotFoundError: [Errno 2] No such file or directory: 'outdirBNSBu32cores/Constraints170817_result.json'
    os.remove(filename)
FileNotFoundError: [Errno 2] No such file or directory: 'outdirBNSBu32cores/Constraints170817_result.json'
    os.remove(filename)
FileNotFoundError: [Errno 2] No such file or directory: 'outdirBNSBu32cores/Constraints170817_result.json'
05:13 bilby INFO    : Summary of results:
nsamples: 13527
ln_noise_evidence:  0.000
ln_evidence: -137.786 +/-  0.075
ln_bayes_factor: -137.786 +/-  0.075

05:13 bilby INFO    : Summary of results:
nsamples: 13527
ln_noise_evidence:  0.000
ln_evidence: -137.786 +/-  0.075
ln_bayes_factor: -137.786 +/-  0.075

Traceback (most recent call last):
  File "/home/thussenot/.conda/envs/multinest/bin/lightcurve-analysis", line 8, in <module>
Traceback (most recent call last):
  File "/home/thussenot/.conda/envs/multinest/bin/lightcurve-analysis", line 8, in <module>
Traceback (most recent call last):
  File "/home/thussenot/.conda/envs/multinest/bin/lightcurve-analysis", line 8, in <module>
    sys.exit(main())
  File "/home/thussenot/.conda/envs/multinest/lib/python3.10/site-packages/nmma/em/analysis.py", line 1028, in main
    sys.exit(main())
  File "/home/thussenot/.conda/envs/multinest/lib/python3.10/site-packages/nmma/em/analysis.py", line 1028, in main
    sys.exit(main())
  File "/home/thussenot/.conda/envs/multinest/lib/python3.10/site-packages/nmma/em/analysis.py", line 1028, in main
    analysis(args)
  File "/home/thussenot/.conda/envs/multinest/lib/python3.10/site-packages/nmma/em/analysis.py", line 712, in analysis
    analysis(args)
  File "/home/thussenot/.conda/envs/multinest/lib/python3.10/site-packages/nmma/em/analysis.py", line 712, in analysis
    analysis(args)
  File "/home/thussenot/.conda/envs/multinest/lib/python3.10/site-packages/nmma/em/analysis.py", line 712, in analysis
    result = bilby.run_sampler(
  File "/home/thussenot/.conda/envs/multinest/lib/python3.10/site-packages/bilby/core/sampler/__init__.py", line 278, in run_sampler
    result = bilby.run_sampler(
  File "/home/thussenot/.conda/envs/multinest/lib/python3.10/site-packages/bilby/core/sampler/__init__.py", line 278, in run_sampler
    result = bilby.run_sampler(
  File "/home/thussenot/.conda/envs/multinest/lib/python3.10/site-packages/bilby/core/sampler/__init__.py", line 278, in run_sampler
    result.save_to_file(overwrite=True, extension=save, gzip=gzip, outdir=outdir)
  File "/home/thussenot/.conda/envs/multinest/lib/python3.10/site-packages/bilby/core/result.py", line 783, in save_to_file
    result.save_to_file(overwrite=True, extension=save, gzip=gzip, outdir=outdir)
  File "/home/thussenot/.conda/envs/multinest/lib/python3.10/site-packages/bilby/core/result.py", line 783, in save_to_file
    result.save_to_file(overwrite=True, extension=save, gzip=gzip, outdir=outdir)
  File "/home/thussenot/.conda/envs/multinest/lib/python3.10/site-packages/bilby/core/result.py", line 783, in save_to_file
    move_old_file(filename, overwrite)
  File "/home/thussenot/.conda/envs/multinest/lib/python3.10/site-packages/bilby/core/utils/io.py", line 406, in move_old_file
    move_old_file(filename, overwrite)
  File "/home/thussenot/.conda/envs/multinest/lib/python3.10/site-packages/bilby/core/utils/io.py", line 406, in move_old_file
    move_old_file(filename, overwrite)
  File "/home/thussenot/.conda/envs/multinest/lib/python3.10/site-packages/bilby/core/utils/io.py", line 406, in move_old_file
    os.remove(filename)
FileNotFoundError: [Errno 2] No such file or directory: 'outdirBNSBu32cores/Constraints170817_result.json'
    os.remove(filename)
FileNotFoundError: [Errno 2] No such file or directory: 'outdirBNSBu32cores/Constraints170817_result.json'
    os.remove(filename)
FileNotFoundError: [Errno 2] No such file or directory: 'outdirBNSBu32cores/Constraints170817_result.json'
05:13 bilby INFO    : Summary of results:
nsamples: 13527
ln_noise_evidence:  0.000
ln_evidence: -137.786 +/-  0.075
ln_bayes_factor: -137.786 +/-  0.075

05:13 bilby INFO    : Summary of results:
nsamples: 13527
ln_noise_evidence:  0.000
ln_evidence: -137.786 +/-  0.075
ln_bayes_factor: -137.786 +/-  0.075

05:13 bilby INFO    : Summary of results:
nsamples: 13527
ln_noise_evidence:  0.000
ln_evidence: -137.786 +/-  0.075
ln_bayes_factor: -137.786 +/-  0.075

05:13 bilby INFO    : Summary of results:
nsamples: 13527
ln_noise_evidence:  0.000
ln_evidence: -137.786 +/-  0.075
ln_bayes_factor: -137.786 +/-  0.075

05:13 bilby INFO    : Summary of results:
nsamples: 13527
ln_noise_evidence:  0.000
ln_evidence: -137.786 +/-  0.075
ln_bayes_factor: -137.786 +/-  0.075

--------------------------------------------------------------------------
Primary job  terminated normally, but 1 process returned
a non-zero exit code. Per user-direction, the job has been aborted.
--------------------------------------------------------------------------
--------------------------------------------------------------------------
mpiexec detected that one or more processes exited with non-zero status, thus causing
the job to be terminated. The first process to do so was:

  Process name: [[40703,1],11]
  Exit code:    1
--------------------------------------------------------------------------
