/home/thussenot/.conda/envs/multinest1/lib/python3.10/site-packages/sklearn/base.py:329: UserWarning: Trying to unpickle estimator GaussianProcessRegressor from version 1.0.2 when using version 1.1.3. This might lead to breaking code or invalid results. Use at your own risk. For more info please refer to:
https://scikit-learn.org/stable/model_persistence.html#security-maintainability-limitations
  warnings.warn(
15:02 bilby INFO    : Running for label 'AT170817', output will be saved to 'outdirBNSKa32cores'
/home/thussenot/.conda/envs/multinest1/lib/python3.10/site-packages/sklearn/base.py:329: UserWarning: Trying to unpickle estimator GaussianProcessRegressor from version 1.0.2 when using version 1.1.3. This might lead to breaking code or invalid results. Use at your own risk. For more info please refer to:
https://scikit-learn.org/stable/model_persistence.html#security-maintainability-limitations
  warnings.warn(
15:02 bilby INFO    : Running for label 'AT170817', output will be saved to 'outdirBNSKa32cores'
/home/thussenot/.conda/envs/multinest1/lib/python3.10/site-packages/sklearn/base.py:329: UserWarning: Trying to unpickle estimator GaussianProcessRegressor from version 1.0.2 when using version 1.1.3. This might lead to breaking code or invalid results. Use at your own risk. For more info please refer to:
https://scikit-learn.org/stable/model_persistence.html#security-maintainability-limitations
  warnings.warn(
15:02 bilby INFO    : Running for label 'AT170817', output will be saved to 'outdirBNSKa32cores'
/home/thussenot/.conda/envs/multinest1/lib/python3.10/site-packages/sklearn/base.py:329: UserWarning: Trying to unpickle estimator GaussianProcessRegressor from version 1.0.2 when using version 1.1.3. This might lead to breaking code or invalid results. Use at your own risk. For more info please refer to:
https://scikit-learn.org/stable/model_persistence.html#security-maintainability-limitations
  warnings.warn(
15:02 bilby INFO    : Running for label 'AT170817', output will be saved to 'outdirBNSKa32cores'
/home/thussenot/.conda/envs/multinest1/lib/python3.10/site-packages/sklearn/base.py:329: UserWarning: Trying to unpickle estimator GaussianProcessRegressor from version 1.0.2 when using version 1.1.3. This might lead to breaking code or invalid results. Use at your own risk. For more info please refer to:
https://scikit-learn.org/stable/model_persistence.html#security-maintainability-limitations
  warnings.warn(
/home/thussenot/.conda/envs/multinest1/lib/python3.10/site-packages/sklearn/base.py:329: UserWarning: Trying to unpickle estimator GaussianProcessRegressor from version 1.0.2 when using version 1.1.3. This might lead to breaking code or invalid results. Use at your own risk. For more info please refer to:
https://scikit-learn.org/stable/model_persistence.html#security-maintainability-limitations
  warnings.warn(
/home/thussenot/.conda/envs/multinest1/lib/python3.10/site-packages/sklearn/base.py:329: UserWarning: Trying to unpickle estimator GaussianProcessRegressor from version 1.0.2 when using version 1.1.3. This might lead to breaking code or invalid results. Use at your own risk. For more info please refer to:
https://scikit-learn.org/stable/model_persistence.html#security-maintainability-limitations
  warnings.warn(
15:02 bilby INFO    : Running for label 'AT170817', output will be saved to 'outdirBNSKa32cores'
15:02 bilby INFO    : Running for label 'AT170817', output will be saved to 'outdirBNSKa32cores'
15:02 bilby INFO    : Running for label 'AT170817', output will be saved to 'outdirBNSKa32cores'
/home/thussenot/.conda/envs/multinest1/lib/python3.10/site-packages/sklearn/base.py:329: UserWarning: Trying to unpickle estimator GaussianProcessRegressor from version 1.0.2 when using version 1.1.3. This might lead to breaking code or invalid results. Use at your own risk. For more info please refer to:
https://scikit-learn.org/stable/model_persistence.html#security-maintainability-limitations
  warnings.warn(
15:02 bilby INFO    : Running for label 'AT170817', output will be saved to 'outdirBNSKa32cores'
/home/thussenot/.conda/envs/multinest1/lib/python3.10/site-packages/sklearn/base.py:329: UserWarning: Trying to unpickle estimator GaussianProcessRegressor from version 1.0.2 when using version 1.1.3. This might lead to breaking code or invalid results. Use at your own risk. For more info please refer to:
https://scikit-learn.org/stable/model_persistence.html#security-maintainability-limitations
  warnings.warn(
/home/thussenot/.conda/envs/multinest1/lib/python3.10/site-packages/sklearn/base.py:329: UserWarning: Trying to unpickle estimator GaussianProcessRegressor from version 1.0.2 when using version 1.1.3. This might lead to breaking code or invalid results. Use at your own risk. For more info please refer to:
https://scikit-learn.org/stable/model_persistence.html#security-maintainability-limitations
  warnings.warn(
/home/thussenot/.conda/envs/multinest1/lib/python3.10/site-packages/sklearn/base.py:329: UserWarning: Trying to unpickle estimator GaussianProcessRegressor from version 1.0.2 when using version 1.1.3. This might lead to breaking code or invalid results. Use at your own risk. For more info please refer to:
https://scikit-learn.org/stable/model_persistence.html#security-maintainability-limitations
  warnings.warn(
15:02 bilby INFO    : Running for label 'AT170817', output will be saved to 'outdirBNSKa32cores'
15:02 bilby INFO    : Running for label 'AT170817', output will be saved to 'outdirBNSKa32cores'
15:02 bilby INFO    : Running for label 'AT170817', output will be saved to 'outdirBNSKa32cores'
/home/thussenot/.conda/envs/multinest1/lib/python3.10/site-packages/sklearn/base.py:329: UserWarning: Trying to unpickle estimator GaussianProcessRegressor from version 1.0.2 when using version 1.1.3. This might lead to breaking code or invalid results. Use at your own risk. For more info please refer to:
https://scikit-learn.org/stable/model_persistence.html#security-maintainability-limitations
  warnings.warn(
/home/thussenot/.conda/envs/multinest1/lib/python3.10/site-packages/sklearn/base.py:329: UserWarning: Trying to unpickle estimator GaussianProcessRegressor from version 1.0.2 when using version 1.1.3. This might lead to breaking code or invalid results. Use at your own risk. For more info please refer to:
https://scikit-learn.org/stable/model_persistence.html#security-maintainability-limitations
  warnings.warn(
/home/thussenot/.conda/envs/multinest1/lib/python3.10/site-packages/sklearn/base.py:329: UserWarning: Trying to unpickle estimator GaussianProcessRegressor from version 1.0.2 when using version 1.1.3. This might lead to breaking code or invalid results. Use at your own risk. For more info please refer to:
https://scikit-learn.org/stable/model_persistence.html#security-maintainability-limitations
  warnings.warn(
15:02 bilby INFO    : Running for label 'AT170817', output will be saved to 'outdirBNSKa32cores'
15:02 bilby INFO    : Running for label 'AT170817', output will be saved to 'outdirBNSKa32cores'
15:02 bilby INFO    : Running for label 'AT170817', output will be saved to 'outdirBNSKa32cores'
/home/thussenot/.conda/envs/multinest1/lib/python3.10/site-packages/sklearn/base.py:329: UserWarning: Trying to unpickle estimator GaussianProcessRegressor from version 1.0.2 when using version 1.1.3. This might lead to breaking code or invalid results. Use at your own risk. For more info please refer to:
https://scikit-learn.org/stable/model_persistence.html#security-maintainability-limitations
  warnings.warn(
15:02 bilby INFO    : Running for label 'AT170817', output will be saved to 'outdirBNSKa32cores'
/home/thussenot/.conda/envs/multinest1/lib/python3.10/site-packages/sklearn/base.py:329: UserWarning: Trying to unpickle estimator GaussianProcessRegressor from version 1.0.2 when using version 1.1.3. This might lead to breaking code or invalid results. Use at your own risk. For more info please refer to:
https://scikit-learn.org/stable/model_persistence.html#security-maintainability-limitations
  warnings.warn(
15:02 bilby INFO    : Running for label 'AT170817', output will be saved to 'outdirBNSKa32cores'
/home/thussenot/.conda/envs/multinest1/lib/python3.10/site-packages/sklearn/base.py:329: UserWarning: Trying to unpickle estimator GaussianProcessRegressor from version 1.0.2 when using version 1.1.3. This might lead to breaking code or invalid results. Use at your own risk. For more info please refer to:
https://scikit-learn.org/stable/model_persistence.html#security-maintainability-limitations
  warnings.warn(
15:02 bilby INFO    : Running for label 'AT170817', output will be saved to 'outdirBNSKa32cores'
/home/thussenot/.conda/envs/multinest1/lib/python3.10/site-packages/sklearn/base.py:329: UserWarning: Trying to unpickle estimator GaussianProcessRegressor from version 1.0.2 when using version 1.1.3. This might lead to breaking code or invalid results. Use at your own risk. For more info please refer to:
https://scikit-learn.org/stable/model_persistence.html#security-maintainability-limitations
  warnings.warn(
15:02 bilby INFO    : Running for label 'AT170817', output will be saved to 'outdirBNSKa32cores'
/home/thussenot/.conda/envs/multinest1/lib/python3.10/site-packages/sklearn/base.py:329: UserWarning: Trying to unpickle estimator GaussianProcessRegressor from version 1.0.2 when using version 1.1.3. This might lead to breaking code or invalid results. Use at your own risk. For more info please refer to:
https://scikit-learn.org/stable/model_persistence.html#security-maintainability-limitations
  warnings.warn(
15:02 bilby INFO    : Running for label 'AT170817', output will be saved to 'outdirBNSKa32cores'
/home/thussenot/.conda/envs/multinest1/lib/python3.10/site-packages/sklearn/base.py:329: UserWarning: Trying to unpickle estimator GaussianProcessRegressor from version 1.0.2 when using version 1.1.3. This might lead to breaking code or invalid results. Use at your own risk. For more info please refer to:
https://scikit-learn.org/stable/model_persistence.html#security-maintainability-limitations
  warnings.warn(
15:02 bilby INFO    : Running for label 'AT170817', output will be saved to 'outdirBNSKa32cores'
/home/thussenot/.conda/envs/multinest1/lib/python3.10/site-packages/sklearn/base.py:329: UserWarning: Trying to unpickle estimator GaussianProcessRegressor from version 1.0.2 when using version 1.1.3. This might lead to breaking code or invalid results. Use at your own risk. For more info please refer to:
https://scikit-learn.org/stable/model_persistence.html#security-maintainability-limitations
  warnings.warn(
15:02 bilby INFO    : Running for label 'AT170817', output will be saved to 'outdirBNSKa32cores'
/home/thussenot/.conda/envs/multinest1/lib/python3.10/site-packages/sklearn/base.py:329: UserWarning: Trying to unpickle estimator GaussianProcessRegressor from version 1.0.2 when using version 1.1.3. This might lead to breaking code or invalid results. Use at your own risk. For more info please refer to:
https://scikit-learn.org/stable/model_persistence.html#security-maintainability-limitations
  warnings.warn(
15:02 bilby INFO    : Running for label 'AT170817', output will be saved to 'outdirBNSKa32cores'
/home/thussenot/.conda/envs/multinest1/lib/python3.10/site-packages/sklearn/base.py:329: UserWarning: Trying to unpickle estimator GaussianProcessRegressor from version 1.0.2 when using version 1.1.3. This might lead to breaking code or invalid results. Use at your own risk. For more info please refer to:
https://scikit-learn.org/stable/model_persistence.html#security-maintainability-limitations
  warnings.warn(
/home/thussenot/.conda/envs/multinest1/lib/python3.10/site-packages/sklearn/base.py:329: UserWarning: Trying to unpickle estimator GaussianProcessRegressor from version 1.0.2 when using version 1.1.3. This might lead to breaking code or invalid results. Use at your own risk. For more info please refer to:
https://scikit-learn.org/stable/model_persistence.html#security-maintainability-limitations
  warnings.warn(
/home/thussenot/.conda/envs/multinest1/lib/python3.10/site-packages/sklearn/base.py:329: UserWarning: Trying to unpickle estimator GaussianProcessRegressor from version 1.0.2 when using version 1.1.3. This might lead to breaking code or invalid results. Use at your own risk. For more info please refer to:
https://scikit-learn.org/stable/model_persistence.html#security-maintainability-limitations
  warnings.warn(
/home/thussenot/.conda/envs/multinest1/lib/python3.10/site-packages/sklearn/base.py:329: UserWarning: Trying to unpickle estimator GaussianProcessRegressor from version 1.0.2 when using version 1.1.3. This might lead to breaking code or invalid results. Use at your own risk. For more info please refer to:
https://scikit-learn.org/stable/model_persistence.html#security-maintainability-limitations
  warnings.warn(
15:02 bilby INFO    : Running for label 'AT170817', output will be saved to 'outdirBNSKa32cores'
15:02 bilby INFO    : Running for label 'AT170817', output will be saved to 'outdirBNSKa32cores'
15:02 bilby INFO    : Running for label 'AT170817', output will be saved to 'outdirBNSKa32cores'
15:02 bilby INFO    : Running for label 'AT170817', output will be saved to 'outdirBNSKa32cores'
/home/thussenot/.conda/envs/multinest1/lib/python3.10/site-packages/sklearn/base.py:329: UserWarning: Trying to unpickle estimator GaussianProcessRegressor from version 1.0.2 when using version 1.1.3. This might lead to breaking code or invalid results. Use at your own risk. For more info please refer to:
https://scikit-learn.org/stable/model_persistence.html#security-maintainability-limitations
  warnings.warn(
/home/thussenot/.conda/envs/multinest1/lib/python3.10/site-packages/sklearn/base.py:329: UserWarning: Trying to unpickle estimator GaussianProcessRegressor from version 1.0.2 when using version 1.1.3. This might lead to breaking code or invalid results. Use at your own risk. For more info please refer to:
https://scikit-learn.org/stable/model_persistence.html#security-maintainability-limitations
  warnings.warn(
15:02 bilby INFO    : Running for label 'AT170817', output will be saved to 'outdirBNSKa32cores'
15:02 bilby INFO    : Running for label 'AT170817', output will be saved to 'outdirBNSKa32cores'
/home/thussenot/.conda/envs/multinest1/lib/python3.10/site-packages/sklearn/base.py:329: UserWarning: Trying to unpickle estimator GaussianProcessRegressor from version 1.0.2 when using version 1.1.3. This might lead to breaking code or invalid results. Use at your own risk. For more info please refer to:
https://scikit-learn.org/stable/model_persistence.html#security-maintainability-limitations
  warnings.warn(
15:02 bilby INFO    : Running for label 'AT170817', output will be saved to 'outdirBNSKa32cores'
/home/thussenot/.conda/envs/multinest1/lib/python3.10/site-packages/sklearn/base.py:329: UserWarning: Trying to unpickle estimator GaussianProcessRegressor from version 1.0.2 when using version 1.1.3. This might lead to breaking code or invalid results. Use at your own risk. For more info please refer to:
https://scikit-learn.org/stable/model_persistence.html#security-maintainability-limitations
  warnings.warn(
15:02 bilby INFO    : Running for label 'AT170817', output will be saved to 'outdirBNSKa32cores'
/home/thussenot/.conda/envs/multinest1/lib/python3.10/site-packages/sklearn/base.py:329: UserWarning: Trying to unpickle estimator GaussianProcessRegressor from version 1.0.2 when using version 1.1.3. This might lead to breaking code or invalid results. Use at your own risk. For more info please refer to:
https://scikit-learn.org/stable/model_persistence.html#security-maintainability-limitations
  warnings.warn(
15:02 bilby INFO    : Running for label 'AT170817', output will be saved to 'outdirBNSKa32cores'
/home/thussenot/.conda/envs/multinest1/lib/python3.10/site-packages/sklearn/base.py:329: UserWarning: Trying to unpickle estimator GaussianProcessRegressor from version 1.0.2 when using version 1.1.3. This might lead to breaking code or invalid results. Use at your own risk. For more info please refer to:
https://scikit-learn.org/stable/model_persistence.html#security-maintainability-limitations
  warnings.warn(
15:02 bilby INFO    : Running for label 'AT170817', output will be saved to 'outdirBNSKa32cores'
15:02 bilby INFO    : Analysis priors:
15:02 bilby INFO    : Analysis priors:
15:02 bilby INFO    : Analysis priors:
15:02 bilby INFO    : Analysis priors:
15:02 bilby INFO    : Analysis priors:
15:02 bilby INFO    : Analysis priors:
15:02 bilby INFO    : Analysis priors:
15:02 bilby INFO    : Analysis priors:
15:02 bilby INFO    : Analysis priors:
15:02 bilby INFO    : Analysis priors:
15:02 bilby INFO    : Analysis priors:
15:02 bilby INFO    : Analysis priors:
15:02 bilby INFO    : Analysis priors:
15:02 bilby INFO    : Analysis priors:
15:02 bilby INFO    : Analysis priors:
15:02 bilby INFO    : Analysis priors:
15:02 bilby INFO    : Analysis priors:
15:02 bilby INFO    : Analysis priors:
15:02 bilby INFO    : Analysis priors:
15:02 bilby INFO    : Analysis priors:
15:02 bilby INFO    : Analysis priors:
15:02 bilby INFO    : log10_Xlan=Uniform(minimum=-9, maximum=-1, name='log10_Xlan', latex_label='log10_Xlan', unit=None, boundary='reflective')
15:02 bilby INFO    : Analysis priors:
15:02 bilby INFO    : Analysis priors:
15:02 bilby INFO    : log10_Xlan=Uniform(minimum=-9, maximum=-1, name='log10_Xlan', latex_label='log10_Xlan', unit=None, boundary='reflective')
15:02 bilby INFO    : Analysis priors:
15:02 bilby INFO    : log10_Xlan=Uniform(minimum=-9, maximum=-1, name='log10_Xlan', latex_label='log10_Xlan', unit=None, boundary='reflective')
15:02 bilby INFO    : Analysis priors:
15:02 bilby INFO    : Analysis priors:
15:02 bilby INFO    : log10_Xlan=Uniform(minimum=-9, maximum=-1, name='log10_Xlan', latex_label='log10_Xlan', unit=None, boundary='reflective')
15:02 bilby INFO    : Analysis priors:
15:02 bilby INFO    : Analysis priors:
15:02 bilby INFO    : Analysis priors:
15:02 bilby INFO    : log10_Xlan=Uniform(minimum=-9, maximum=-1, name='log10_Xlan', latex_label='log10_Xlan', unit=None, boundary='reflective')
15:02 bilby INFO    : Analysis priors:
15:02 bilby INFO    : Analysis priors:
15:02 bilby INFO    : log10_Xlan=Uniform(minimum=-9, maximum=-1, name='log10_Xlan', latex_label='log10_Xlan', unit=None, boundary='reflective')
15:02 bilby INFO    : Analysis priors:
15:02 bilby INFO    : log10_Xlan=Uniform(minimum=-9, maximum=-1, name='log10_Xlan', latex_label='log10_Xlan', unit=None, boundary='reflective')
15:02 bilby INFO    : log10_Xlan=Uniform(minimum=-9, maximum=-1, name='log10_Xlan', latex_label='log10_Xlan', unit=None, boundary='reflective')
15:02 bilby INFO    : log10_Xlan=Uniform(minimum=-9, maximum=-1, name='log10_Xlan', latex_label='log10_Xlan', unit=None, boundary='reflective')
15:02 bilby INFO    : log10_Xlan=Uniform(minimum=-9, maximum=-1, name='log10_Xlan', latex_label='log10_Xlan', unit=None, boundary='reflective')
15:02 bilby INFO    : log10_Xlan=Uniform(minimum=-9, maximum=-1, name='log10_Xlan', latex_label='log10_Xlan', unit=None, boundary='reflective')
15:02 bilby INFO    : log10_Xlan=Uniform(minimum=-9, maximum=-1, name='log10_Xlan', latex_label='log10_Xlan', unit=None, boundary='reflective')
15:02 bilby INFO    : log10_Xlan=Uniform(minimum=-9, maximum=-1, name='log10_Xlan', latex_label='log10_Xlan', unit=None, boundary='reflective')
15:02 bilby INFO    : log10_Xlan=Uniform(minimum=-9, maximum=-1, name='log10_Xlan', latex_label='log10_Xlan', unit=None, boundary='reflective')
15:02 bilby INFO    : log10_Xlan=Uniform(minimum=-9, maximum=-1, name='log10_Xlan', latex_label='log10_Xlan', unit=None, boundary='reflective')
15:02 bilby INFO    : log10_mej=Uniform(minimum=-5, maximum=-0.5, name='log10_mej', latex_label='$\\log_{10}M^{\\rm{dyn}}_{\\rm{ej}}$', unit=None, boundary=None)
15:02 bilby INFO    : log10_Xlan=Uniform(minimum=-9, maximum=-1, name='log10_Xlan', latex_label='log10_Xlan', unit=None, boundary='reflective')
15:02 bilby INFO    : log10_Xlan=Uniform(minimum=-9, maximum=-1, name='log10_Xlan', latex_label='log10_Xlan', unit=None, boundary='reflective')
15:02 bilby INFO    : log10_Xlan=Uniform(minimum=-9, maximum=-1, name='log10_Xlan', latex_label='log10_Xlan', unit=None, boundary='reflective')
15:02 bilby INFO    : log10_mej=Uniform(minimum=-5, maximum=-0.5, name='log10_mej', latex_label='$\\log_{10}M^{\\rm{dyn}}_{\\rm{ej}}$', unit=None, boundary=None)
15:02 bilby INFO    : log10_Xlan=Uniform(minimum=-9, maximum=-1, name='log10_Xlan', latex_label='log10_Xlan', unit=None, boundary='reflective')
15:02 bilby INFO    : log10_Xlan=Uniform(minimum=-9, maximum=-1, name='log10_Xlan', latex_label='log10_Xlan', unit=None, boundary='reflective')
15:02 bilby INFO    : log10_Xlan=Uniform(minimum=-9, maximum=-1, name='log10_Xlan', latex_label='log10_Xlan', unit=None, boundary='reflective')
15:02 bilby INFO    : log10_Xlan=Uniform(minimum=-9, maximum=-1, name='log10_Xlan', latex_label='log10_Xlan', unit=None, boundary='reflective')
15:02 bilby INFO    : log10_Xlan=Uniform(minimum=-9, maximum=-1, name='log10_Xlan', latex_label='log10_Xlan', unit=None, boundary='reflective')
15:02 bilby INFO    : log10_Xlan=Uniform(minimum=-9, maximum=-1, name='log10_Xlan', latex_label='log10_Xlan', unit=None, boundary='reflective')
15:02 bilby INFO    : log10_mej=Uniform(minimum=-5, maximum=-0.5, name='log10_mej', latex_label='$\\log_{10}M^{\\rm{dyn}}_{\\rm{ej}}$', unit=None, boundary=None)
15:02 bilby INFO    : log10_Xlan=Uniform(minimum=-9, maximum=-1, name='log10_Xlan', latex_label='log10_Xlan', unit=None, boundary='reflective')
15:02 bilby INFO    : log10_mej=Uniform(minimum=-5, maximum=-0.5, name='log10_mej', latex_label='$\\log_{10}M^{\\rm{dyn}}_{\\rm{ej}}$', unit=None, boundary=None)
15:02 bilby INFO    : log10_mej=Uniform(minimum=-5, maximum=-0.5, name='log10_mej', latex_label='$\\log_{10}M^{\\rm{dyn}}_{\\rm{ej}}$', unit=None, boundary=None)
15:02 bilby INFO    : log10_mej=Uniform(minimum=-5, maximum=-0.5, name='log10_mej', latex_label='$\\log_{10}M^{\\rm{dyn}}_{\\rm{ej}}$', unit=None, boundary=None)
15:02 bilby INFO    : log10_mej=Uniform(minimum=-5, maximum=-0.5, name='log10_mej', latex_label='$\\log_{10}M^{\\rm{dyn}}_{\\rm{ej}}$', unit=None, boundary=None)
15:02 bilby INFO    : log10_Xlan=Uniform(minimum=-9, maximum=-1, name='log10_Xlan', latex_label='log10_Xlan', unit=None, boundary='reflective')
15:02 bilby INFO    : log10_Xlan=Uniform(minimum=-9, maximum=-1, name='log10_Xlan', latex_label='log10_Xlan', unit=None, boundary='reflective')
15:02 bilby INFO    : log10_mej=Uniform(minimum=-5, maximum=-0.5, name='log10_mej', latex_label='$\\log_{10}M^{\\rm{dyn}}_{\\rm{ej}}$', unit=None, boundary=None)
15:02 bilby INFO    : log10_Xlan=Uniform(minimum=-9, maximum=-1, name='log10_Xlan', latex_label='log10_Xlan', unit=None, boundary='reflective')
15:02 bilby INFO    : log10_Xlan=Uniform(minimum=-9, maximum=-1, name='log10_Xlan', latex_label='log10_Xlan', unit=None, boundary='reflective')
15:02 bilby INFO    : log10_Xlan=Uniform(minimum=-9, maximum=-1, name='log10_Xlan', latex_label='log10_Xlan', unit=None, boundary='reflective')
15:02 bilby INFO    : log10_Xlan=Uniform(minimum=-9, maximum=-1, name='log10_Xlan', latex_label='log10_Xlan', unit=None, boundary='reflective')
15:02 bilby INFO    : log10_mej=Uniform(minimum=-5, maximum=-0.5, name='log10_mej', latex_label='$\\log_{10}M^{\\rm{dyn}}_{\\rm{ej}}$', unit=None, boundary=None)
15:02 bilby INFO    : log10_vej=Uniform(minimum=-1.8, maximum=-0.01, name='log10_vej', latex_label='$\\log_{10}v$', unit=None, boundary=None)
15:02 bilby INFO    : log10_mej=Uniform(minimum=-5, maximum=-0.5, name='log10_mej', latex_label='$\\log_{10}M^{\\rm{dyn}}_{\\rm{ej}}$', unit=None, boundary=None)
15:02 bilby INFO    : log10_mej=Uniform(minimum=-5, maximum=-0.5, name='log10_mej', latex_label='$\\log_{10}M^{\\rm{dyn}}_{\\rm{ej}}$', unit=None, boundary=None)
15:02 bilby INFO    : log10_mej=Uniform(minimum=-5, maximum=-0.5, name='log10_mej', latex_label='$\\log_{10}M^{\\rm{dyn}}_{\\rm{ej}}$', unit=None, boundary=None)
15:02 bilby INFO    : log10_vej=Uniform(minimum=-1.8, maximum=-0.01, name='log10_vej', latex_label='$\\log_{10}v$', unit=None, boundary=None)
15:02 bilby INFO    : log10_mej=Uniform(minimum=-5, maximum=-0.5, name='log10_mej', latex_label='$\\log_{10}M^{\\rm{dyn}}_{\\rm{ej}}$', unit=None, boundary=None)
15:02 bilby INFO    : log10_mej=Uniform(minimum=-5, maximum=-0.5, name='log10_mej', latex_label='$\\log_{10}M^{\\rm{dyn}}_{\\rm{ej}}$', unit=None, boundary=None)
15:02 bilby INFO    : log10_mej=Uniform(minimum=-5, maximum=-0.5, name='log10_mej', latex_label='$\\log_{10}M^{\\rm{dyn}}_{\\rm{ej}}$', unit=None, boundary=None)
15:02 bilby INFO    : log10_mej=Uniform(minimum=-5, maximum=-0.5, name='log10_mej', latex_label='$\\log_{10}M^{\\rm{dyn}}_{\\rm{ej}}$', unit=None, boundary=None)
15:02 bilby INFO    : log10_mej=Uniform(minimum=-5, maximum=-0.5, name='log10_mej', latex_label='$\\log_{10}M^{\\rm{dyn}}_{\\rm{ej}}$', unit=None, boundary=None)
15:02 bilby INFO    : log10_mej=Uniform(minimum=-5, maximum=-0.5, name='log10_mej', latex_label='$\\log_{10}M^{\\rm{dyn}}_{\\rm{ej}}$', unit=None, boundary=None)
15:02 bilby INFO    : log10_mej=Uniform(minimum=-5, maximum=-0.5, name='log10_mej', latex_label='$\\log_{10}M^{\\rm{dyn}}_{\\rm{ej}}$', unit=None, boundary=None)
15:02 bilby INFO    : log10_mej=Uniform(minimum=-5, maximum=-0.5, name='log10_mej', latex_label='$\\log_{10}M^{\\rm{dyn}}_{\\rm{ej}}$', unit=None, boundary=None)
15:02 bilby INFO    : log10_vej=Uniform(minimum=-1.8, maximum=-0.01, name='log10_vej', latex_label='$\\log_{10}v$', unit=None, boundary=None)
15:02 bilby INFO    : log10_mej=Uniform(minimum=-5, maximum=-0.5, name='log10_mej', latex_label='$\\log_{10}M^{\\rm{dyn}}_{\\rm{ej}}$', unit=None, boundary=None)
15:02 bilby INFO    : log10_vej=Uniform(minimum=-1.8, maximum=-0.01, name='log10_vej', latex_label='$\\log_{10}v$', unit=None, boundary=None)
15:02 bilby INFO    : log10_vej=Uniform(minimum=-1.8, maximum=-0.01, name='log10_vej', latex_label='$\\log_{10}v$', unit=None, boundary=None)
15:02 bilby INFO    : log10_vej=Uniform(minimum=-1.8, maximum=-0.01, name='log10_vej', latex_label='$\\log_{10}v$', unit=None, boundary=None)
15:02 bilby INFO    : log10_vej=Uniform(minimum=-1.8, maximum=-0.01, name='log10_vej', latex_label='$\\log_{10}v$', unit=None, boundary=None)
15:02 bilby INFO    : log10_mej=Uniform(minimum=-5, maximum=-0.5, name='log10_mej', latex_label='$\\log_{10}M^{\\rm{dyn}}_{\\rm{ej}}$', unit=None, boundary=None)
15:02 bilby INFO    : log10_mej=Uniform(minimum=-5, maximum=-0.5, name='log10_mej', latex_label='$\\log_{10}M^{\\rm{dyn}}_{\\rm{ej}}$', unit=None, boundary=None)
15:02 bilby INFO    : log10_mej=Uniform(minimum=-5, maximum=-0.5, name='log10_mej', latex_label='$\\log_{10}M^{\\rm{dyn}}_{\\rm{ej}}$', unit=None, boundary=None)
15:02 bilby INFO    : log10_mej=Uniform(minimum=-5, maximum=-0.5, name='log10_mej', latex_label='$\\log_{10}M^{\\rm{dyn}}_{\\rm{ej}}$', unit=None, boundary=None)
15:02 bilby INFO    : log10_mej=Uniform(minimum=-5, maximum=-0.5, name='log10_mej', latex_label='$\\log_{10}M^{\\rm{dyn}}_{\\rm{ej}}$', unit=None, boundary=None)
15:02 bilby INFO    : log10_vej=Uniform(minimum=-1.8, maximum=-0.01, name='log10_vej', latex_label='$\\log_{10}v$', unit=None, boundary=None)
15:02 bilby INFO    : log10_mej=Uniform(minimum=-5, maximum=-0.5, name='log10_mej', latex_label='$\\log_{10}M^{\\rm{dyn}}_{\\rm{ej}}$', unit=None, boundary=None)
15:02 bilby INFO    : log10_mej=Uniform(minimum=-5, maximum=-0.5, name='log10_mej', latex_label='$\\log_{10}M^{\\rm{dyn}}_{\\rm{ej}}$', unit=None, boundary=None)
15:02 bilby INFO    : log10_vej=Uniform(minimum=-1.8, maximum=-0.01, name='log10_vej', latex_label='$\\log_{10}v$', unit=None, boundary=None)
15:02 bilby INFO    : log10_vej=Uniform(minimum=-1.8, maximum=-0.01, name='log10_vej', latex_label='$\\log_{10}v$', unit=None, boundary=None)
15:02 bilby INFO    : log10_vej=Uniform(minimum=-1.8, maximum=-0.01, name='log10_vej', latex_label='$\\log_{10}v$', unit=None, boundary=None)
15:02 bilby INFO    : log10_mej=Uniform(minimum=-5, maximum=-0.5, name='log10_mej', latex_label='$\\log_{10}M^{\\rm{dyn}}_{\\rm{ej}}$', unit=None, boundary=None)
15:02 bilby INFO    : log10_vej=Uniform(minimum=-1.8, maximum=-0.01, name='log10_vej', latex_label='$\\log_{10}v$', unit=None, boundary=None)
15:02 bilby INFO    : log10_mej=Uniform(minimum=-5, maximum=-0.5, name='log10_mej', latex_label='$\\log_{10}M^{\\rm{dyn}}_{\\rm{ej}}$', unit=None, boundary=None)
15:02 bilby INFO    : log10_vej=Uniform(minimum=-1.8, maximum=-0.01, name='log10_vej', latex_label='$\\log_{10}v$', unit=None, boundary=None)
15:02 bilby INFO    : log10_mej=Uniform(minimum=-5, maximum=-0.5, name='log10_mej', latex_label='$\\log_{10}M^{\\rm{dyn}}_{\\rm{ej}}$', unit=None, boundary=None)
15:02 bilby INFO    : luminosity_distance=LogUniform(minimum=1, maximum=3000, name='luminosity_distance', latex_label='$D_L$', unit=None, boundary=None)
15:02 bilby INFO    : luminosity_distance=LogUniform(minimum=1, maximum=3000, name='luminosity_distance', latex_label='$D_L$', unit=None, boundary=None)
15:02 bilby INFO    : log10_vej=Uniform(minimum=-1.8, maximum=-0.01, name='log10_vej', latex_label='$\\log_{10}v$', unit=None, boundary=None)
15:02 bilby INFO    : log10_vej=Uniform(minimum=-1.8, maximum=-0.01, name='log10_vej', latex_label='$\\log_{10}v$', unit=None, boundary=None)
15:02 bilby INFO    : log10_vej=Uniform(minimum=-1.8, maximum=-0.01, name='log10_vej', latex_label='$\\log_{10}v$', unit=None, boundary=None)
15:02 bilby INFO    : timeshift=0.0
15:02 bilby INFO    : log10_vej=Uniform(minimum=-1.8, maximum=-0.01, name='log10_vej', latex_label='$\\log_{10}v$', unit=None, boundary=None)
15:02 bilby INFO    : timeshift=0.0
15:02 bilby INFO    : log10_vej=Uniform(minimum=-1.8, maximum=-0.01, name='log10_vej', latex_label='$\\log_{10}v$', unit=None, boundary=None)
15:02 bilby INFO    : log10_vej=Uniform(minimum=-1.8, maximum=-0.01, name='log10_vej', latex_label='$\\log_{10}v$', unit=None, boundary=None)
15:02 bilby INFO    : log10_vej=Uniform(minimum=-1.8, maximum=-0.01, name='log10_vej', latex_label='$\\log_{10}v$', unit=None, boundary=None)
15:02 bilby INFO    : luminosity_distance=LogUniform(minimum=1, maximum=3000, name='luminosity_distance', latex_label='$D_L$', unit=None, boundary=None)
15:02 bilby INFO    : log10_vej=Uniform(minimum=-1.8, maximum=-0.01, name='log10_vej', latex_label='$\\log_{10}v$', unit=None, boundary=None)
15:02 bilby INFO    : luminosity_distance=LogUniform(minimum=1, maximum=3000, name='luminosity_distance', latex_label='$D_L$', unit=None, boundary=None)
15:02 bilby INFO    : log10_vej=Uniform(minimum=-1.8, maximum=-0.01, name='log10_vej', latex_label='$\\log_{10}v$', unit=None, boundary=None)
15:02 bilby INFO    : log10_vej=Uniform(minimum=-1.8, maximum=-0.01, name='log10_vej', latex_label='$\\log_{10}v$', unit=None, boundary=None)
15:02 bilby INFO    : luminosity_distance=LogUniform(minimum=1, maximum=3000, name='luminosity_distance', latex_label='$D_L$', unit=None, boundary=None)
15:02 bilby INFO    : log10_vej=Uniform(minimum=-1.8, maximum=-0.01, name='log10_vej', latex_label='$\\log_{10}v$', unit=None, boundary=None)
15:02 bilby INFO    : log10_vej=Uniform(minimum=-1.8, maximum=-0.01, name='log10_vej', latex_label='$\\log_{10}v$', unit=None, boundary=None)
15:02 bilby INFO    : log10_vej=Uniform(minimum=-1.8, maximum=-0.01, name='log10_vej', latex_label='$\\log_{10}v$', unit=None, boundary=None)
15:02 bilby INFO    : log10_vej=Uniform(minimum=-1.8, maximum=-0.01, name='log10_vej', latex_label='$\\log_{10}v$', unit=None, boundary=None)
15:02 bilby INFO    : timeshift=0.0
15:02 bilby INFO    : luminosity_distance=LogUniform(minimum=1, maximum=3000, name='luminosity_distance', latex_label='$D_L$', unit=None, boundary=None)
15:02 bilby INFO    : luminosity_distance=LogUniform(minimum=1, maximum=3000, name='luminosity_distance', latex_label='$D_L$', unit=None, boundary=None)
15:02 bilby INFO    : log10_vej=Uniform(minimum=-1.8, maximum=-0.01, name='log10_vej', latex_label='$\\log_{10}v$', unit=None, boundary=None)
15:02 bilby INFO    : Ebv=0.0
15:02 bilby INFO    : luminosity_distance=LogUniform(minimum=1, maximum=3000, name='luminosity_distance', latex_label='$D_L$', unit=None, boundary=None)
15:02 bilby INFO    : luminosity_distance=LogUniform(minimum=1, maximum=3000, name='luminosity_distance', latex_label='$D_L$', unit=None, boundary=None)
15:02 bilby INFO    : Ebv=0.0
15:02 bilby INFO    : log10_vej=Uniform(minimum=-1.8, maximum=-0.01, name='log10_vej', latex_label='$\\log_{10}v$', unit=None, boundary=None)
15:02 bilby INFO    : luminosity_distance=LogUniform(minimum=1, maximum=3000, name='luminosity_distance', latex_label='$D_L$', unit=None, boundary=None)
15:02 bilby INFO    : timeshift=0.0
15:02 bilby INFO    : log10_vej=Uniform(minimum=-1.8, maximum=-0.01, name='log10_vej', latex_label='$\\log_{10}v$', unit=None, boundary=None)
15:02 bilby INFO    : timeshift=0.0
15:02 bilby INFO    : timeshift=0.0
15:02 bilby INFO    : luminosity_distance=LogUniform(minimum=1, maximum=3000, name='luminosity_distance', latex_label='$D_L$', unit=None, boundary=None)
15:02 bilby INFO    : Analysis likelihood class: <class 'nmma.em.likelihood.OpticalLightCurve'>
15:02 bilby INFO    : luminosity_distance=LogUniform(minimum=1, maximum=3000, name='luminosity_distance', latex_label='$D_L$', unit=None, boundary=None)
15:02 bilby INFO    : timeshift=0.0
15:02 bilby INFO    : luminosity_distance=LogUniform(minimum=1, maximum=3000, name='luminosity_distance', latex_label='$D_L$', unit=None, boundary=None)
15:02 bilby INFO    : Analysis likelihood class: <class 'nmma.em.likelihood.OpticalLightCurve'>
15:02 bilby INFO    : luminosity_distance=LogUniform(minimum=1, maximum=3000, name='luminosity_distance', latex_label='$D_L$', unit=None, boundary=None)
15:02 bilby INFO    : Ebv=0.0
15:02 bilby INFO    : luminosity_distance=LogUniform(minimum=1, maximum=3000, name='luminosity_distance', latex_label='$D_L$', unit=None, boundary=None)
15:02 bilby INFO    : Ebv=0.0
15:02 bilby INFO    : Analysis likelihood class: <class 'nmma.em.likelihood.OpticalLightCurve'>
15:02 bilby INFO    : log10_vej=Uniform(minimum=-1.8, maximum=-0.01, name='log10_vej', latex_label='$\\log_{10}v$', unit=None, boundary=None)
15:02 bilby INFO    : luminosity_distance=LogUniform(minimum=1, maximum=3000, name='luminosity_distance', latex_label='$D_L$', unit=None, boundary=None)
15:02 bilby INFO    : Ebv=0.0
15:02 bilby INFO    : Ebv=0.0
15:02 bilby INFO    : Analysis likelihood class: <class 'nmma.em.likelihood.OpticalLightCurve'>
15:02 bilby INFO    : luminosity_distance=LogUniform(minimum=1, maximum=3000, name='luminosity_distance', latex_label='$D_L$', unit=None, boundary=None)
15:02 bilby INFO    : timeshift=0.0
15:02 bilby INFO    : Ebv=0.0
15:02 bilby INFO    : luminosity_distance=LogUniform(minimum=1, maximum=3000, name='luminosity_distance', latex_label='$D_L$', unit=None, boundary=None)
15:02 bilby INFO    : timeshift=0.0
15:02 bilby INFO    : Ebv=0.0
15:02 bilby INFO    : Analysis likelihood noise evidence: 0.0
15:02 bilby INFO    : timeshift=0.0
15:02 bilby INFO    : Ebv=0.0
15:02 bilby INFO    : Analysis likelihood class: <class 'nmma.em.likelihood.OpticalLightCurve'>
15:02 bilby INFO    : Analysis likelihood noise evidence: 0.0
15:02 bilby INFO    : luminosity_distance=LogUniform(minimum=1, maximum=3000, name='luminosity_distance', latex_label='$D_L$', unit=None, boundary=None)
15:02 bilby INFO    : luminosity_distance=LogUniform(minimum=1, maximum=3000, name='luminosity_distance', latex_label='$D_L$', unit=None, boundary=None)
15:02 bilby INFO    : timeshift=0.0
15:02 bilby INFO    : Ebv=0.0
15:02 bilby INFO    : timeshift=0.0
15:02 bilby INFO    : Ebv=0.0
15:02 bilby INFO    : luminosity_distance=LogUniform(minimum=1, maximum=3000, name='luminosity_distance', latex_label='$D_L$', unit=None, boundary=None)
15:02 bilby INFO    : timeshift=0.0
15:02 bilby INFO    : Analysis likelihood class: <class 'nmma.em.likelihood.OpticalLightCurve'>
15:02 bilby INFO    : Analysis likelihood noise evidence: 0.0
15:02 bilby INFO    : timeshift=0.0
15:02 bilby INFO    : Analysis likelihood class: <class 'nmma.em.likelihood.OpticalLightCurve'>
15:02 bilby INFO    : Analysis likelihood noise evidence: 0.0
15:02 bilby INFO    : timeshift=0.0
15:02 bilby INFO    : Ebv=0.0
15:02 bilby INFO    : Analysis likelihood noise evidence: 0.0
15:02 bilby INFO    : luminosity_distance=LogUniform(minimum=1, maximum=3000, name='luminosity_distance', latex_label='$D_L$', unit=None, boundary=None)
15:02 bilby INFO    : timeshift=0.0
15:02 bilby INFO    : Ebv=0.0
15:02 bilby INFO    : timeshift=0.0
15:02 bilby INFO    : luminosity_distance=LogUniform(minimum=1, maximum=3000, name='luminosity_distance', latex_label='$D_L$', unit=None, boundary=None)
15:02 bilby INFO    : timeshift=0.0
15:02 bilby INFO    : luminosity_distance=LogUniform(minimum=1, maximum=3000, name='luminosity_distance', latex_label='$D_L$', unit=None, boundary=None)
15:02 bilby INFO    : Ebv=0.0
15:02 bilby INFO    : luminosity_distance=LogUniform(minimum=1, maximum=3000, name='luminosity_distance', latex_label='$D_L$', unit=None, boundary=None)
15:02 bilby INFO    : timeshift=0.0
15:02 bilby INFO    : Ebv=0.0
15:02 bilby INFO    : luminosity_distance=LogUniform(minimum=1, maximum=3000, name='luminosity_distance', latex_label='$D_L$', unit=None, boundary=None)
15:02 bilby INFO    : timeshift=0.0
15:02 bilby INFO    : luminosity_distance=LogUniform(minimum=1, maximum=3000, name='luminosity_distance', latex_label='$D_L$', unit=None, boundary=None)
15:02 bilby INFO    : luminosity_distance=LogUniform(minimum=1, maximum=3000, name='luminosity_distance', latex_label='$D_L$', unit=None, boundary=None)
15:02 bilby INFO    : luminosity_distance=LogUniform(minimum=1, maximum=3000, name='luminosity_distance', latex_label='$D_L$', unit=None, boundary=None)
15:02 bilby INFO    : luminosity_distance=LogUniform(minimum=1, maximum=3000, name='luminosity_distance', latex_label='$D_L$', unit=None, boundary=None)
15:02 bilby INFO    : Analysis likelihood noise evidence: 0.0
15:02 bilby INFO    : Ebv=0.0
15:02 bilby INFO    : Analysis likelihood class: <class 'nmma.em.likelihood.OpticalLightCurve'>
15:02 bilby INFO    : timeshift=0.0
15:02 bilby INFO    : Ebv=0.0
15:02 bilby INFO    : Analysis likelihood class: <class 'nmma.em.likelihood.OpticalLightCurve'>
15:02 bilby INFO    : Analysis likelihood noise evidence: 0.0
15:02 bilby INFO    : timeshift=0.0
15:02 bilby INFO    : Analysis likelihood class: <class 'nmma.em.likelihood.OpticalLightCurve'>
15:02 bilby INFO    : Analysis likelihood noise evidence: 0.0
15:02 bilby INFO    : Ebv=0.0
15:02 bilby INFO    : timeshift=0.0
15:02 bilby INFO    : Analysis likelihood class: <class 'nmma.em.likelihood.OpticalLightCurve'>
15:02 bilby INFO    : timeshift=0.0
15:02 bilby INFO    : Ebv=0.0
15:02 bilby INFO    : Analysis likelihood noise evidence: 0.0
15:02 bilby INFO    : timeshift=0.0
15:02 bilby INFO    : Ebv=0.0
15:02 bilby INFO    : Analysis likelihood class: <class 'nmma.em.likelihood.OpticalLightCurve'>
15:02 bilby INFO    : timeshift=0.0
15:02 bilby INFO    : Ebv=0.0
15:02 bilby INFO    : Analysis likelihood class: <class 'nmma.em.likelihood.OpticalLightCurve'>
15:02 bilby INFO    : Analysis likelihood noise evidence: 0.0
15:02 bilby INFO    : Analysis likelihood class: <class 'nmma.em.likelihood.OpticalLightCurve'>
15:02 bilby INFO    : Analysis likelihood noise evidence: 0.0
15:02 bilby INFO    : timeshift=0.0
15:02 bilby INFO    : Ebv=0.0
15:02 bilby INFO    : Ebv=0.0
15:02 bilby INFO    : Analysis likelihood class: <class 'nmma.em.likelihood.OpticalLightCurve'>
15:02 bilby INFO    : timeshift=0.0
15:02 bilby INFO    : Ebv=0.0
15:02 bilby INFO    : timeshift=0.0
15:02 bilby INFO    : timeshift=0.0
15:02 bilby INFO    : luminosity_distance=LogUniform(minimum=1, maximum=3000, name='luminosity_distance', latex_label='$D_L$', unit=None, boundary=None)
15:02 bilby INFO    : timeshift=0.0
15:02 bilby INFO    : Analysis likelihood class: <class 'nmma.em.likelihood.OpticalLightCurve'>
15:02 bilby INFO    : Analysis likelihood noise evidence: 0.0
15:02 bilby INFO    : Analysis likelihood noise evidence: 0.0
15:02 bilby INFO    : Analysis likelihood class: <class 'nmma.em.likelihood.OpticalLightCurve'>
15:02 bilby INFO    : Analysis likelihood noise evidence: 0.0
15:02 bilby INFO    : Ebv=0.0
15:02 bilby INFO    : Analysis likelihood class: <class 'nmma.em.likelihood.OpticalLightCurve'>
15:02 bilby INFO    : Ebv=0.0
15:02 bilby INFO    : Analysis likelihood class: <class 'nmma.em.likelihood.OpticalLightCurve'>
15:02 bilby INFO    : Ebv=0.0
15:02 bilby INFO    : Analysis likelihood class: <class 'nmma.em.likelihood.OpticalLightCurve'>
15:02 bilby INFO    : Analysis likelihood noise evidence: 0.0
15:02 bilby INFO    : Analysis likelihood class: <class 'nmma.em.likelihood.OpticalLightCurve'>
15:02 bilby INFO    : Analysis likelihood noise evidence: 0.0
15:02 bilby INFO    : Ebv=0.0
15:02 bilby INFO    : Analysis likelihood class: <class 'nmma.em.likelihood.OpticalLightCurve'>
15:02 bilby INFO    : Ebv=0.0
15:02 bilby INFO    : Ebv=0.0
15:02 bilby INFO    : Ebv=0.0
15:02 bilby INFO    : Analysis likelihood class: <class 'nmma.em.likelihood.OpticalLightCurve'>
15:02 bilby INFO    : Analysis likelihood class: <class 'nmma.em.likelihood.OpticalLightCurve'>
15:02 bilby INFO    : Analysis likelihood noise evidence: 0.0
15:02 bilby INFO    : Analysis likelihood noise evidence: 0.0
15:02 bilby INFO    : Analysis likelihood class: <class 'nmma.em.likelihood.OpticalLightCurve'>
15:02 bilby INFO    : Analysis likelihood noise evidence: 0.0
15:02 bilby INFO    : Analysis likelihood noise evidence: 0.0
15:02 bilby INFO    : Analysis likelihood class: <class 'nmma.em.likelihood.OpticalLightCurve'>
15:02 bilby INFO    : Analysis likelihood noise evidence: 0.0
15:02 bilby INFO    : Analysis likelihood class: <class 'nmma.em.likelihood.OpticalLightCurve'>
15:02 bilby INFO    : Analysis likelihood noise evidence: 0.0
15:02 bilby INFO    : Analysis likelihood class: <class 'nmma.em.likelihood.OpticalLightCurve'>
15:02 bilby INFO    : Analysis likelihood noise evidence: 0.0
15:02 bilby INFO    : Analysis likelihood class: <class 'nmma.em.likelihood.OpticalLightCurve'>
15:02 bilby INFO    : Analysis likelihood class: <class 'nmma.em.likelihood.OpticalLightCurve'>
15:02 bilby INFO    : Analysis likelihood noise evidence: 0.0
15:02 bilby INFO    : Analysis likelihood noise evidence: 0.0
15:02 bilby INFO    : Analysis likelihood class: <class 'nmma.em.likelihood.OpticalLightCurve'>
15:02 bilby INFO    : Analysis likelihood noise evidence: 0.0
15:02 bilby INFO    : Analysis likelihood noise evidence: 0.0
15:02 bilby INFO    : Analysis likelihood noise evidence: 0.0
15:02 bilby INFO    : Analysis likelihood noise evidence: 0.0
15:02 bilby INFO    : Analysis likelihood noise evidence: 0.0
15:02 bilby INFO    : Analysis likelihood noise evidence: 0.0
15:02 bilby INFO    : log10_Xlan=Uniform(minimum=-9, maximum=-1, name='log10_Xlan', latex_label='log10_Xlan', unit=None, boundary='reflective')
15:02 bilby INFO    : log10_mej=Uniform(minimum=-5, maximum=-0.5, name='log10_mej', latex_label='$\\log_{10}M^{\\rm{dyn}}_{\\rm{ej}}$', unit=None, boundary=None)
15:02 bilby INFO    : log10_vej=Uniform(minimum=-1.8, maximum=-0.01, name='log10_vej', latex_label='$\\log_{10}v$', unit=None, boundary=None)
15:02 bilby INFO    : luminosity_distance=LogUniform(minimum=1, maximum=3000, name='luminosity_distance', latex_label='$D_L$', unit=None, boundary=None)
15:02 bilby INFO    : timeshift=0.0
15:02 bilby INFO    : Ebv=0.0
15:02 bilby INFO    : Analysis likelihood class: <class 'nmma.em.likelihood.OpticalLightCurve'>
15:02 bilby INFO    : Analysis likelihood noise evidence: 0.0
15:02 bilby INFO    : Single likelihood evaluation took 2.531e-02 s
15:02 bilby WARNING : Supplied argument 'queue_size' not an argument of 'Pymultinest', removing.
15:02 bilby WARNING : Supplied argument 'check_point_delta_t' not an argument of 'Pymultinest', removing.
15:02 bilby INFO    : Using sampler Pymultinest with kwargs {'importance_nested_sampling': False, 'resume': True, 'verbose': True, 'sampling_efficiency': 'parameter', 'n_live_points': 2048, 'n_params': 4, 'n_clustering_params': None, 'wrapped_params': None, 'multimodal': True, 'const_efficiency_mode': False, 'evidence_tolerance': 0.5, 'n_iter_before_update': 100, 'null_log_evidence': -1e+90, 'max_modes': 100, 'mode_tolerance': -1e+90, 'seed': 42, 'context': 0, 'write_output': True, 'log_zero': -1e+100, 'max_iter': 0, 'init_MPI': False, 'dump_callback': <bound method Pymultinest._dump_callback of <bilby.core.sampler.pymultinest.Pymultinest object at 0x15551f0d6590>>}
15:02 bilby INFO    : Temporary directory incompatible with MPI, will run in original directory
15:02 bilby INFO    : Using output file outdirBNSKa32cores/pm_AT170817/
15:02 bilby INFO    : Single likelihood evaluation took 2.652e-02 s
15:02 bilby INFO    : Single likelihood evaluation took 2.652e-02 s
15:02 bilby INFO    : Single likelihood evaluation took 2.653e-02 s
15:02 bilby INFO    : Single likelihood evaluation took 2.659e-02 s
15:02 bilby INFO    : Single likelihood evaluation took 2.659e-02 s
15:02 bilby INFO    : Single likelihood evaluation took 2.661e-02 s
15:02 bilby INFO    : Single likelihood evaluation took 2.661e-02 s
15:02 bilby INFO    : Single likelihood evaluation took 2.677e-02 s
15:02 bilby INFO    : Single likelihood evaluation took 2.677e-02 s
15:02 bilby WARNING : Supplied argument 'queue_size' not an argument of 'Pymultinest', removing.
15:02 bilby WARNING : Supplied argument 'check_point_delta_t' not an argument of 'Pymultinest', removing.
15:02 bilby INFO    : Using sampler Pymultinest with kwargs {'importance_nested_sampling': False, 'resume': True, 'verbose': True, 'sampling_efficiency': 'parameter', 'n_live_points': 2048, 'n_params': 4, 'n_clustering_params': None, 'wrapped_params': None, 'multimodal': True, 'const_efficiency_mode': False, 'evidence_tolerance': 0.5, 'n_iter_before_update': 100, 'null_log_evidence': -1e+90, 'max_modes': 100, 'mode_tolerance': -1e+90, 'seed': 42, 'context': 0, 'write_output': True, 'log_zero': -1e+100, 'max_iter': 0, 'init_MPI': False, 'dump_callback': <bound method Pymultinest._dump_callback of <bilby.core.sampler.pymultinest.Pymultinest object at 0x1555277fe5f0>>}
15:02 bilby INFO    : Temporary directory incompatible with MPI, will run in original directory
15:02 bilby WARNING : Supplied argument 'queue_size' not an argument of 'Pymultinest', removing.
15:02 bilby WARNING : Supplied argument 'check_point_delta_t' not an argument of 'Pymultinest', removing.
15:02 bilby INFO    : Using output file outdirBNSKa32cores/pm_AT170817/
15:02 bilby INFO    : Using sampler Pymultinest with kwargs {'importance_nested_sampling': False, 'resume': True, 'verbose': True, 'sampling_efficiency': 'parameter', 'n_live_points': 2048, 'n_params': 4, 'n_clustering_params': None, 'wrapped_params': None, 'multimodal': True, 'const_efficiency_mode': False, 'evidence_tolerance': 0.5, 'n_iter_before_update': 100, 'null_log_evidence': -1e+90, 'max_modes': 100, 'mode_tolerance': -1e+90, 'seed': 42, 'context': 0, 'write_output': True, 'log_zero': -1e+100, 'max_iter': 0, 'init_MPI': False, 'dump_callback': <bound method Pymultinest._dump_callback of <bilby.core.sampler.pymultinest.Pymultinest object at 0x1555277f6aa0>>}
15:02 bilby INFO    : Temporary directory incompatible with MPI, will run in original directory
15:02 bilby INFO    : Using output file outdirBNSKa32cores/pm_AT170817/
15:02 bilby WARNING : Supplied argument 'queue_size' not an argument of 'Pymultinest', removing.
15:02 bilby WARNING : Supplied argument 'check_point_delta_t' not an argument of 'Pymultinest', removing.
15:02 bilby INFO    : Using sampler Pymultinest with kwargs {'importance_nested_sampling': False, 'resume': True, 'verbose': True, 'sampling_efficiency': 'parameter', 'n_live_points': 2048, 'n_params': 4, 'n_clustering_params': None, 'wrapped_params': None, 'multimodal': True, 'const_efficiency_mode': False, 'evidence_tolerance': 0.5, 'n_iter_before_update': 100, 'null_log_evidence': -1e+90, 'max_modes': 100, 'mode_tolerance': -1e+90, 'seed': 42, 'context': 0, 'write_output': True, 'log_zero': -1e+100, 'max_iter': 0, 'init_MPI': False, 'dump_callback': <bound method Pymultinest._dump_callback of <bilby.core.sampler.pymultinest.Pymultinest object at 0x1555277fe5f0>>}
15:02 bilby INFO    : Temporary directory incompatible with MPI, will run in original directory
15:02 bilby INFO    : Using output file outdirBNSKa32cores/pm_AT170817/
15:02 bilby INFO    : Single likelihood evaluation took 2.685e-02 s
15:02 bilby INFO    : Single likelihood evaluation took 2.685e-02 s
15:02 bilby WARNING : Supplied argument 'queue_size' not an argument of 'Pymultinest', removing.
15:02 bilby WARNING : Supplied argument 'check_point_delta_t' not an argument of 'Pymultinest', removing.
15:02 bilby INFO    : Using sampler Pymultinest with kwargs {'importance_nested_sampling': False, 'resume': True, 'verbose': True, 'sampling_efficiency': 'parameter', 'n_live_points': 2048, 'n_params': 4, 'n_clustering_params': None, 'wrapped_params': None, 'multimodal': True, 'const_efficiency_mode': False, 'evidence_tolerance': 0.5, 'n_iter_before_update': 100, 'null_log_evidence': -1e+90, 'max_modes': 100, 'mode_tolerance': -1e+90, 'seed': 42, 'context': 0, 'write_output': True, 'log_zero': -1e+100, 'max_iter': 0, 'init_MPI': False, 'dump_callback': <bound method Pymultinest._dump_callback of <bilby.core.sampler.pymultinest.Pymultinest object at 0x1555277fa2c0>>}
15:02 bilby WARNING : Supplied argument 'queue_size' not an argument of 'Pymultinest', removing.
15:02 bilby WARNING : Supplied argument 'check_point_delta_t' not an argument of 'Pymultinest', removing.
15:02 bilby INFO    : Using sampler Pymultinest with kwargs {'importance_nested_sampling': False, 'resume': True, 'verbose': True, 'sampling_efficiency': 'parameter', 'n_live_points': 2048, 'n_params': 4, 'n_clustering_params': None, 'wrapped_params': None, 'multimodal': True, 'const_efficiency_mode': False, 'evidence_tolerance': 0.5, 'n_iter_before_update': 100, 'null_log_evidence': -1e+90, 'max_modes': 100, 'mode_tolerance': -1e+90, 'seed': 42, 'context': 0, 'write_output': True, 'log_zero': -1e+100, 'max_iter': 0, 'init_MPI': False, 'dump_callback': <bound method Pymultinest._dump_callback of <bilby.core.sampler.pymultinest.Pymultinest object at 0x1555277fa290>>}
15:02 bilby INFO    : Temporary directory incompatible with MPI, will run in original directory
15:02 bilby INFO    : Temporary directory incompatible with MPI, will run in original directory
15:02 bilby INFO    : Using output file outdirBNSKa32cores/pm_AT170817/
15:02 bilby INFO    : Using output file outdirBNSKa32cores/pm_AT170817/
15:02 bilby INFO    : Single likelihood evaluation took 2.687e-02 s
15:02 bilby INFO    : Single likelihood evaluation took 2.687e-02 s
15:02 bilby WARNING : Supplied argument 'queue_size' not an argument of 'Pymultinest', removing.
15:02 bilby WARNING : Supplied argument 'check_point_delta_t' not an argument of 'Pymultinest', removing.
15:02 bilby INFO    : Using sampler Pymultinest with kwargs {'importance_nested_sampling': False, 'resume': True, 'verbose': True, 'sampling_efficiency': 'parameter', 'n_live_points': 2048, 'n_params': 4, 'n_clustering_params': None, 'wrapped_params': None, 'multimodal': True, 'const_efficiency_mode': False, 'evidence_tolerance': 0.5, 'n_iter_before_update': 100, 'null_log_evidence': -1e+90, 'max_modes': 100, 'mode_tolerance': -1e+90, 'seed': 42, 'context': 0, 'write_output': True, 'log_zero': -1e+100, 'max_iter': 0, 'init_MPI': False, 'dump_callback': <bound method Pymultinest._dump_callback of <bilby.core.sampler.pymultinest.Pymultinest object at 0x1555277fdd50>>}
15:02 bilby INFO    : Temporary directory incompatible with MPI, will run in original directory
15:02 bilby WARNING : Supplied argument 'queue_size' not an argument of 'Pymultinest', removing.
15:02 bilby WARNING : Supplied argument 'check_point_delta_t' not an argument of 'Pymultinest', removing.
15:02 bilby INFO    : Using sampler Pymultinest with kwargs {'importance_nested_sampling': False, 'resume': True, 'verbose': True, 'sampling_efficiency': 'parameter', 'n_live_points': 2048, 'n_params': 4, 'n_clustering_params': None, 'wrapped_params': None, 'multimodal': True, 'const_efficiency_mode': False, 'evidence_tolerance': 0.5, 'n_iter_before_update': 100, 'null_log_evidence': -1e+90, 'max_modes': 100, 'mode_tolerance': -1e+90, 'seed': 42, 'context': 0, 'write_output': True, 'log_zero': -1e+100, 'max_iter': 0, 'init_MPI': False, 'dump_callback': <bound method Pymultinest._dump_callback of <bilby.core.sampler.pymultinest.Pymultinest object at 0x15552781a890>>}
15:02 bilby INFO    : Using output file outdirBNSKa32cores/pm_AT170817/
15:02 bilby INFO    : Temporary directory incompatible with MPI, will run in original directory
15:02 bilby INFO    : Using output file outdirBNSKa32cores/pm_AT170817/
15:02 bilby INFO    : Single likelihood evaluation took 2.689e-02 s
15:02 bilby INFO    : Single likelihood evaluation took 2.689e-02 s
15:02 bilby WARNING : Supplied argument 'queue_size' not an argument of 'Pymultinest', removing.
15:02 bilby WARNING : Supplied argument 'check_point_delta_t' not an argument of 'Pymultinest', removing.
15:02 bilby INFO    : Using sampler Pymultinest with kwargs {'importance_nested_sampling': False, 'resume': True, 'verbose': True, 'sampling_efficiency': 'parameter', 'n_live_points': 2048, 'n_params': 4, 'n_clustering_params': None, 'wrapped_params': None, 'multimodal': True, 'const_efficiency_mode': False, 'evidence_tolerance': 0.5, 'n_iter_before_update': 100, 'null_log_evidence': -1e+90, 'max_modes': 100, 'mode_tolerance': -1e+90, 'seed': 42, 'context': 0, 'write_output': True, 'log_zero': -1e+100, 'max_iter': 0, 'init_MPI': False, 'dump_callback': <bound method Pymultinest._dump_callback of <bilby.core.sampler.pymultinest.Pymultinest object at 0x15551f0d5e40>>}
15:02 bilby INFO    : Temporary directory incompatible with MPI, will run in original directory
15:02 bilby INFO    : Using output file outdirBNSKa32cores/pm_AT170817/
15:02 bilby WARNING : Supplied argument 'queue_size' not an argument of 'Pymultinest', removing.
15:02 bilby WARNING : Supplied argument 'check_point_delta_t' not an argument of 'Pymultinest', removing.
15:02 bilby INFO    : Using sampler Pymultinest with kwargs {'importance_nested_sampling': False, 'resume': True, 'verbose': True, 'sampling_efficiency': 'parameter', 'n_live_points': 2048, 'n_params': 4, 'n_clustering_params': None, 'wrapped_params': None, 'multimodal': True, 'const_efficiency_mode': False, 'evidence_tolerance': 0.5, 'n_iter_before_update': 100, 'null_log_evidence': -1e+90, 'max_modes': 100, 'mode_tolerance': -1e+90, 'seed': 42, 'context': 0, 'write_output': True, 'log_zero': -1e+100, 'max_iter': 0, 'init_MPI': False, 'dump_callback': <bound method Pymultinest._dump_callback of <bilby.core.sampler.pymultinest.Pymultinest object at 0x15551f0d25f0>>}
15:02 bilby INFO    : Temporary directory incompatible with MPI, will run in original directory
15:02 bilby INFO    : Using output file outdirBNSKa32cores/pm_AT170817/
15:02 bilby WARNING : Supplied argument 'queue_size' not an argument of 'Pymultinest', removing.
15:02 bilby WARNING : Supplied argument 'check_point_delta_t' not an argument of 'Pymultinest', removing.
15:02 bilby WARNING : Supplied argument 'queue_size' not an argument of 'Pymultinest', removing.
15:02 bilby WARNING : Supplied argument 'check_point_delta_t' not an argument of 'Pymultinest', removing.
15:02 bilby INFO    : Using sampler Pymultinest with kwargs {'importance_nested_sampling': False, 'resume': True, 'verbose': True, 'sampling_efficiency': 'parameter', 'n_live_points': 2048, 'n_params': 4, 'n_clustering_params': None, 'wrapped_params': None, 'multimodal': True, 'const_efficiency_mode': False, 'evidence_tolerance': 0.5, 'n_iter_before_update': 100, 'null_log_evidence': -1e+90, 'max_modes': 100, 'mode_tolerance': -1e+90, 'seed': 42, 'context': 0, 'write_output': True, 'log_zero': -1e+100, 'max_iter': 0, 'init_MPI': False, 'dump_callback': <bound method Pymultinest._dump_callback of <bilby.core.sampler.pymultinest.Pymultinest object at 0x15551f0da320>>}
15:02 bilby INFO    : Using sampler Pymultinest with kwargs {'importance_nested_sampling': False, 'resume': True, 'verbose': True, 'sampling_efficiency': 'parameter', 'n_live_points': 2048, 'n_params': 4, 'n_clustering_params': None, 'wrapped_params': None, 'multimodal': True, 'const_efficiency_mode': False, 'evidence_tolerance': 0.5, 'n_iter_before_update': 100, 'null_log_evidence': -1e+90, 'max_modes': 100, 'mode_tolerance': -1e+90, 'seed': 42, 'context': 0, 'write_output': True, 'log_zero': -1e+100, 'max_iter': 0, 'init_MPI': False, 'dump_callback': <bound method Pymultinest._dump_callback of <bilby.core.sampler.pymultinest.Pymultinest object at 0x15551f06e020>>}
15:02 bilby INFO    : Temporary directory incompatible with MPI, will run in original directory
15:02 bilby INFO    : Temporary directory incompatible with MPI, will run in original directory
15:02 bilby INFO    : Using output file outdirBNSKa32cores/pm_AT170817/
15:02 bilby INFO    : Using output file outdirBNSKa32cores/pm_AT170817/
15:02 bilby WARNING : Supplied argument 'queue_size' not an argument of 'Pymultinest', removing.
15:02 bilby WARNING : Supplied argument 'check_point_delta_t' not an argument of 'Pymultinest', removing.
15:02 bilby WARNING : Supplied argument 'queue_size' not an argument of 'Pymultinest', removing.
15:02 bilby WARNING : Supplied argument 'check_point_delta_t' not an argument of 'Pymultinest', removing.
15:02 bilby INFO    : Using sampler Pymultinest with kwargs {'importance_nested_sampling': False, 'resume': True, 'verbose': True, 'sampling_efficiency': 'parameter', 'n_live_points': 2048, 'n_params': 4, 'n_clustering_params': None, 'wrapped_params': None, 'multimodal': True, 'const_efficiency_mode': False, 'evidence_tolerance': 0.5, 'n_iter_before_update': 100, 'null_log_evidence': -1e+90, 'max_modes': 100, 'mode_tolerance': -1e+90, 'seed': 42, 'context': 0, 'write_output': True, 'log_zero': -1e+100, 'max_iter': 0, 'init_MPI': False, 'dump_callback': <bound method Pymultinest._dump_callback of <bilby.core.sampler.pymultinest.Pymultinest object at 0x15551f0da320>>}
15:02 bilby INFO    : Using sampler Pymultinest with kwargs {'importance_nested_sampling': False, 'resume': True, 'verbose': True, 'sampling_efficiency': 'parameter', 'n_live_points': 2048, 'n_params': 4, 'n_clustering_params': None, 'wrapped_params': None, 'multimodal': True, 'const_efficiency_mode': False, 'evidence_tolerance': 0.5, 'n_iter_before_update': 100, 'null_log_evidence': -1e+90, 'max_modes': 100, 'mode_tolerance': -1e+90, 'seed': 42, 'context': 0, 'write_output': True, 'log_zero': -1e+100, 'max_iter': 0, 'init_MPI': False, 'dump_callback': <bound method Pymultinest._dump_callback of <bilby.core.sampler.pymultinest.Pymultinest object at 0x15551f0d69b0>>}
15:02 bilby INFO    : Temporary directory incompatible with MPI, will run in original directory
15:02 bilby INFO    : Temporary directory incompatible with MPI, will run in original directory
15:02 bilby INFO    : Using output file outdirBNSKa32cores/pm_AT170817/
15:02 bilby INFO    : Using output file outdirBNSKa32cores/pm_AT170817/
15:02 bilby WARNING : Supplied argument 'queue_size' not an argument of 'Pymultinest', removing.
15:02 bilby WARNING : Supplied argument 'check_point_delta_t' not an argument of 'Pymultinest', removing.
15:02 bilby INFO    : Using sampler Pymultinest with kwargs {'importance_nested_sampling': False, 'resume': True, 'verbose': True, 'sampling_efficiency': 'parameter', 'n_live_points': 2048, 'n_params': 4, 'n_clustering_params': None, 'wrapped_params': None, 'multimodal': True, 'const_efficiency_mode': False, 'evidence_tolerance': 0.5, 'n_iter_before_update': 100, 'null_log_evidence': -1e+90, 'max_modes': 100, 'mode_tolerance': -1e+90, 'seed': 42, 'context': 0, 'write_output': True, 'log_zero': -1e+100, 'max_iter': 0, 'init_MPI': False, 'dump_callback': <bound method Pymultinest._dump_callback of <bilby.core.sampler.pymultinest.Pymultinest object at 0x15551f0d5ed0>>}
15:02 bilby INFO    : Temporary directory incompatible with MPI, will run in original directory
15:02 bilby WARNING : Supplied argument 'queue_size' not an argument of 'Pymultinest', removing.
15:02 bilby INFO    : Using output file outdirBNSKa32cores/pm_AT170817/
15:02 bilby WARNING : Supplied argument 'check_point_delta_t' not an argument of 'Pymultinest', removing.
15:02 bilby INFO    : Using sampler Pymultinest with kwargs {'importance_nested_sampling': False, 'resume': True, 'verbose': True, 'sampling_efficiency': 'parameter', 'n_live_points': 2048, 'n_params': 4, 'n_clustering_params': None, 'wrapped_params': None, 'multimodal': True, 'const_efficiency_mode': False, 'evidence_tolerance': 0.5, 'n_iter_before_update': 100, 'null_log_evidence': -1e+90, 'max_modes': 100, 'mode_tolerance': -1e+90, 'seed': 42, 'context': 0, 'write_output': True, 'log_zero': -1e+100, 'max_iter': 0, 'init_MPI': False, 'dump_callback': <bound method Pymultinest._dump_callback of <bilby.core.sampler.pymultinest.Pymultinest object at 0x15551f0d2a40>>}
15:02 bilby INFO    : Temporary directory incompatible with MPI, will run in original directory
15:02 bilby INFO    : Using output file outdirBNSKa32cores/pm_AT170817/
15:02 bilby INFO    : Single likelihood evaluation took 2.922e-02 s
15:02 bilby INFO    : Single likelihood evaluation took 2.927e-02 s
15:02 bilby INFO    : Single likelihood evaluation took 2.928e-02 s
15:02 bilby INFO    : Single likelihood evaluation took 2.928e-02 s
15:02 bilby INFO    : Single likelihood evaluation took 2.929e-02 s
15:02 bilby INFO    : Single likelihood evaluation took 2.933e-02 s
15:02 bilby INFO    : Single likelihood evaluation took 2.934e-02 s
15:02 bilby INFO    : Single likelihood evaluation took 2.934e-02 s
15:02 bilby INFO    : Single likelihood evaluation took 2.945e-02 s
15:02 bilby INFO    : Single likelihood evaluation took 2.945e-02 s
15:02 bilby INFO    : Single likelihood evaluation took 2.946e-02 s
15:02 bilby INFO    : Single likelihood evaluation took 2.947e-02 s
15:02 bilby INFO    : Single likelihood evaluation took 2.949e-02 s
15:02 bilby INFO    : Single likelihood evaluation took 2.950e-02 s
15:02 bilby WARNING : Supplied argument 'queue_size' not an argument of 'Pymultinest', removing.
15:02 bilby WARNING : Supplied argument 'check_point_delta_t' not an argument of 'Pymultinest', removing.
15:02 bilby INFO    : Using sampler Pymultinest with kwargs {'importance_nested_sampling': False, 'resume': True, 'verbose': True, 'sampling_efficiency': 'parameter', 'n_live_points': 2048, 'n_params': 4, 'n_clustering_params': None, 'wrapped_params': None, 'multimodal': True, 'const_efficiency_mode': False, 'evidence_tolerance': 0.5, 'n_iter_before_update': 100, 'null_log_evidence': -1e+90, 'max_modes': 100, 'mode_tolerance': -1e+90, 'seed': 42, 'context': 0, 'write_output': True, 'log_zero': -1e+100, 'max_iter': 0, 'init_MPI': False, 'dump_callback': <bound method Pymultinest._dump_callback of <bilby.core.sampler.pymultinest.Pymultinest object at 0x1555010fe410>>}
15:02 bilby INFO    : Temporary directory incompatible with MPI, will run in original directory
15:02 bilby INFO    : Using output file outdirBNSKa32cores/pm_AT170817/
15:02 bilby WARNING : Supplied argument 'queue_size' not an argument of 'Pymultinest', removing.
15:02 bilby WARNING : Supplied argument 'check_point_delta_t' not an argument of 'Pymultinest', removing.
15:02 bilby INFO    : Using sampler Pymultinest with kwargs {'importance_nested_sampling': False, 'resume': True, 'verbose': True, 'sampling_efficiency': 'parameter', 'n_live_points': 2048, 'n_params': 4, 'n_clustering_params': None, 'wrapped_params': None, 'multimodal': True, 'const_efficiency_mode': False, 'evidence_tolerance': 0.5, 'n_iter_before_update': 100, 'null_log_evidence': -1e+90, 'max_modes': 100, 'mode_tolerance': -1e+90, 'seed': 42, 'context': 0, 'write_output': True, 'log_zero': -1e+100, 'max_iter': 0, 'init_MPI': False, 'dump_callback': <bound method Pymultinest._dump_callback of <bilby.core.sampler.pymultinest.Pymultinest object at 0x1555010fe4a0>>}
15:02 bilby WARNING : Supplied argument 'queue_size' not an argument of 'Pymultinest', removing.
15:02 bilby WARNING : Supplied argument 'check_point_delta_t' not an argument of 'Pymultinest', removing.
15:02 bilby INFO    : Using sampler Pymultinest with kwargs {'importance_nested_sampling': False, 'resume': True, 'verbose': True, 'sampling_efficiency': 'parameter', 'n_live_points': 2048, 'n_params': 4, 'n_clustering_params': None, 'wrapped_params': None, 'multimodal': True, 'const_efficiency_mode': False, 'evidence_tolerance': 0.5, 'n_iter_before_update': 100, 'null_log_evidence': -1e+90, 'max_modes': 100, 'mode_tolerance': -1e+90, 'seed': 42, 'context': 0, 'write_output': True, 'log_zero': -1e+100, 'max_iter': 0, 'init_MPI': False, 'dump_callback': <bound method Pymultinest._dump_callback of <bilby.core.sampler.pymultinest.Pymultinest object at 0x1555011022f0>>}
15:02 bilby INFO    : Temporary directory incompatible with MPI, will run in original directory
15:02 bilby INFO    : Temporary directory incompatible with MPI, will run in original directory
15:02 bilby INFO    : Using output file outdirBNSKa32cores/pm_AT170817/
15:02 bilby WARNING : Supplied argument 'queue_size' not an argument of 'Pymultinest', removing.
15:02 bilby WARNING : Supplied argument 'check_point_delta_t' not an argument of 'Pymultinest', removing.
15:02 bilby INFO    : Using output file outdirBNSKa32cores/pm_AT170817/
15:02 bilby INFO    : Using sampler Pymultinest with kwargs {'importance_nested_sampling': False, 'resume': True, 'verbose': True, 'sampling_efficiency': 'parameter', 'n_live_points': 2048, 'n_params': 4, 'n_clustering_params': None, 'wrapped_params': None, 'multimodal': True, 'const_efficiency_mode': False, 'evidence_tolerance': 0.5, 'n_iter_before_update': 100, 'null_log_evidence': -1e+90, 'max_modes': 100, 'mode_tolerance': -1e+90, 'seed': 42, 'context': 0, 'write_output': True, 'log_zero': -1e+100, 'max_iter': 0, 'init_MPI': False, 'dump_callback': <bound method Pymultinest._dump_callback of <bilby.core.sampler.pymultinest.Pymultinest object at 0x1555010fdf00>>}
15:02 bilby INFO    : Temporary directory incompatible with MPI, will run in original directory
15:02 bilby WARNING : Supplied argument 'queue_size' not an argument of 'Pymultinest', removing.
15:02 bilby WARNING : Supplied argument 'check_point_delta_t' not an argument of 'Pymultinest', removing.
15:02 bilby INFO    : Using output file outdirBNSKa32cores/pm_AT170817/
15:02 bilby INFO    : Using sampler Pymultinest with kwargs {'importance_nested_sampling': False, 'resume': True, 'verbose': True, 'sampling_efficiency': 'parameter', 'n_live_points': 2048, 'n_params': 4, 'n_clustering_params': None, 'wrapped_params': None, 'multimodal': True, 'const_efficiency_mode': False, 'evidence_tolerance': 0.5, 'n_iter_before_update': 100, 'null_log_evidence': -1e+90, 'max_modes': 100, 'mode_tolerance': -1e+90, 'seed': 42, 'context': 0, 'write_output': True, 'log_zero': -1e+100, 'max_iter': 0, 'init_MPI': False, 'dump_callback': <bound method Pymultinest._dump_callback of <bilby.core.sampler.pymultinest.Pymultinest object at 0x155501102740>>}
15:02 bilby INFO    : Temporary directory incompatible with MPI, will run in original directory
15:02 bilby INFO    : Using output file outdirBNSKa32cores/pm_AT170817/
15:02 bilby INFO    : Single likelihood evaluation took 2.961e-02 s
15:02 bilby INFO    : Single likelihood evaluation took 2.961e-02 s
15:02 bilby WARNING : Supplied argument 'queue_size' not an argument of 'Pymultinest', removing.
15:02 bilby WARNING : Supplied argument 'check_point_delta_t' not an argument of 'Pymultinest', removing.
15:02 bilby INFO    : Using sampler Pymultinest with kwargs {'importance_nested_sampling': False, 'resume': True, 'verbose': True, 'sampling_efficiency': 'parameter', 'n_live_points': 2048, 'n_params': 4, 'n_clustering_params': None, 'wrapped_params': None, 'multimodal': True, 'const_efficiency_mode': False, 'evidence_tolerance': 0.5, 'n_iter_before_update': 100, 'null_log_evidence': -1e+90, 'max_modes': 100, 'mode_tolerance': -1e+90, 'seed': 42, 'context': 0, 'write_output': True, 'log_zero': -1e+100, 'max_iter': 0, 'init_MPI': False, 'dump_callback': <bound method Pymultinest._dump_callback of <bilby.core.sampler.pymultinest.Pymultinest object at 0x1555011024d0>>}
15:02 bilby INFO    : Temporary directory incompatible with MPI, will run in original directory
15:02 bilby WARNING : Supplied argument 'queue_size' not an argument of 'Pymultinest', removing.
15:02 bilby WARNING : Supplied argument 'check_point_delta_t' not an argument of 'Pymultinest', removing.
15:02 bilby WARNING : Supplied argument 'queue_size' not an argument of 'Pymultinest', removing.
15:02 bilby WARNING : Supplied argument 'check_point_delta_t' not an argument of 'Pymultinest', removing.
15:02 bilby INFO    : Using sampler Pymultinest with kwargs {'importance_nested_sampling': False, 'resume': True, 'verbose': True, 'sampling_efficiency': 'parameter', 'n_live_points': 2048, 'n_params': 4, 'n_clustering_params': None, 'wrapped_params': None, 'multimodal': True, 'const_efficiency_mode': False, 'evidence_tolerance': 0.5, 'n_iter_before_update': 100, 'null_log_evidence': -1e+90, 'max_modes': 100, 'mode_tolerance': -1e+90, 'seed': 42, 'context': 0, 'write_output': True, 'log_zero': -1e+100, 'max_iter': 0, 'init_MPI': False, 'dump_callback': <bound method Pymultinest._dump_callback of <bilby.core.sampler.pymultinest.Pymultinest object at 0x1555010fdfc0>>}
15:02 bilby INFO    : Using output file outdirBNSKa32cores/pm_AT170817/
15:02 bilby INFO    : Using sampler Pymultinest with kwargs {'importance_nested_sampling': False, 'resume': True, 'verbose': True, 'sampling_efficiency': 'parameter', 'n_live_points': 2048, 'n_params': 4, 'n_clustering_params': None, 'wrapped_params': None, 'multimodal': True, 'const_efficiency_mode': False, 'evidence_tolerance': 0.5, 'n_iter_before_update': 100, 'null_log_evidence': -1e+90, 'max_modes': 100, 'mode_tolerance': -1e+90, 'seed': 42, 'context': 0, 'write_output': True, 'log_zero': -1e+100, 'max_iter': 0, 'init_MPI': False, 'dump_callback': <bound method Pymultinest._dump_callback of <bilby.core.sampler.pymultinest.Pymultinest object at 0x155501102560>>}
15:02 bilby INFO    : Temporary directory incompatible with MPI, will run in original directory
15:02 bilby INFO    : Temporary directory incompatible with MPI, will run in original directory
15:02 bilby INFO    : Using output file outdirBNSKa32cores/pm_AT170817/
15:02 bilby INFO    : Using output file outdirBNSKa32cores/pm_AT170817/
15:02 bilby WARNING : Supplied argument 'queue_size' not an argument of 'Pymultinest', removing.
15:02 bilby WARNING : Supplied argument 'check_point_delta_t' not an argument of 'Pymultinest', removing.
15:02 bilby INFO    : Using sampler Pymultinest with kwargs {'importance_nested_sampling': False, 'resume': True, 'verbose': True, 'sampling_efficiency': 'parameter', 'n_live_points': 2048, 'n_params': 4, 'n_clustering_params': None, 'wrapped_params': None, 'multimodal': True, 'const_efficiency_mode': False, 'evidence_tolerance': 0.5, 'n_iter_before_update': 100, 'null_log_evidence': -1e+90, 'max_modes': 100, 'mode_tolerance': -1e+90, 'seed': 42, 'context': 0, 'write_output': True, 'log_zero': -1e+100, 'max_iter': 0, 'init_MPI': False, 'dump_callback': <bound method Pymultinest._dump_callback of <bilby.core.sampler.pymultinest.Pymultinest object at 0x1555010fe290>>}
15:02 bilby WARNING : Supplied argument 'queue_size' not an argument of 'Pymultinest', removing.
15:02 bilby WARNING : Supplied argument 'check_point_delta_t' not an argument of 'Pymultinest', removing.
15:02 bilby INFO    : Using sampler Pymultinest with kwargs {'importance_nested_sampling': False, 'resume': True, 'verbose': True, 'sampling_efficiency': 'parameter', 'n_live_points': 2048, 'n_params': 4, 'n_clustering_params': None, 'wrapped_params': None, 'multimodal': True, 'const_efficiency_mode': False, 'evidence_tolerance': 0.5, 'n_iter_before_update': 100, 'null_log_evidence': -1e+90, 'max_modes': 100, 'mode_tolerance': -1e+90, 'seed': 42, 'context': 0, 'write_output': True, 'log_zero': -1e+100, 'max_iter': 0, 'init_MPI': False, 'dump_callback': <bound method Pymultinest._dump_callback of <bilby.core.sampler.pymultinest.Pymultinest object at 0x155501102650>>}
15:02 bilby INFO    : Temporary directory incompatible with MPI, will run in original directory
15:02 bilby WARNING : Supplied argument 'queue_size' not an argument of 'Pymultinest', removing.
15:02 bilby WARNING : Supplied argument 'check_point_delta_t' not an argument of 'Pymultinest', removing.
15:02 bilby INFO    : Temporary directory incompatible with MPI, will run in original directory
15:02 bilby INFO    : Using sampler Pymultinest with kwargs {'importance_nested_sampling': False, 'resume': True, 'verbose': True, 'sampling_efficiency': 'parameter', 'n_live_points': 2048, 'n_params': 4, 'n_clustering_params': None, 'wrapped_params': None, 'multimodal': True, 'const_efficiency_mode': False, 'evidence_tolerance': 0.5, 'n_iter_before_update': 100, 'null_log_evidence': -1e+90, 'max_modes': 100, 'mode_tolerance': -1e+90, 'seed': 42, 'context': 0, 'write_output': True, 'log_zero': -1e+100, 'max_iter': 0, 'init_MPI': False, 'dump_callback': <bound method Pymultinest._dump_callback of <bilby.core.sampler.pymultinest.Pymultinest object at 0x1555010fe5c0>>}
15:02 bilby INFO    : Using output file outdirBNSKa32cores/pm_AT170817/
15:02 bilby WARNING : Supplied argument 'queue_size' not an argument of 'Pymultinest', removing.
15:02 bilby INFO    : Using output file outdirBNSKa32cores/pm_AT170817/
15:02 bilby INFO    : Temporary directory incompatible with MPI, will run in original directory
15:02 bilby WARNING : Supplied argument 'check_point_delta_t' not an argument of 'Pymultinest', removing.
15:02 bilby INFO    : Using sampler Pymultinest with kwargs {'importance_nested_sampling': False, 'resume': True, 'verbose': True, 'sampling_efficiency': 'parameter', 'n_live_points': 2048, 'n_params': 4, 'n_clustering_params': None, 'wrapped_params': None, 'multimodal': True, 'const_efficiency_mode': False, 'evidence_tolerance': 0.5, 'n_iter_before_update': 100, 'null_log_evidence': -1e+90, 'max_modes': 100, 'mode_tolerance': -1e+90, 'seed': 42, 'context': 0, 'write_output': True, 'log_zero': -1e+100, 'max_iter': 0, 'init_MPI': False, 'dump_callback': <bound method Pymultinest._dump_callback of <bilby.core.sampler.pymultinest.Pymultinest object at 0x1555010fde40>>}
15:02 bilby INFO    : Using output file outdirBNSKa32cores/pm_AT170817/
15:02 bilby INFO    : Temporary directory incompatible with MPI, will run in original directory
15:02 bilby INFO    : Using output file outdirBNSKa32cores/pm_AT170817/
15:02 bilby WARNING : Supplied argument 'queue_size' not an argument of 'Pymultinest', removing.
15:02 bilby WARNING : Supplied argument 'check_point_delta_t' not an argument of 'Pymultinest', removing.
15:02 bilby INFO    : Using sampler Pymultinest with kwargs {'importance_nested_sampling': False, 'resume': True, 'verbose': True, 'sampling_efficiency': 'parameter', 'n_live_points': 2048, 'n_params': 4, 'n_clustering_params': None, 'wrapped_params': None, 'multimodal': True, 'const_efficiency_mode': False, 'evidence_tolerance': 0.5, 'n_iter_before_update': 100, 'null_log_evidence': -1e+90, 'max_modes': 100, 'mode_tolerance': -1e+90, 'seed': 42, 'context': 0, 'write_output': True, 'log_zero': -1e+100, 'max_iter': 0, 'init_MPI': False, 'dump_callback': <bound method Pymultinest._dump_callback of <bilby.core.sampler.pymultinest.Pymultinest object at 0x1555010fe6e0>>}
15:02 bilby INFO    : Temporary directory incompatible with MPI, will run in original directory
15:02 bilby WARNING : Supplied argument 'queue_size' not an argument of 'Pymultinest', removing.
15:02 bilby WARNING : Supplied argument 'check_point_delta_t' not an argument of 'Pymultinest', removing.
15:02 bilby INFO    : Using sampler Pymultinest with kwargs {'importance_nested_sampling': False, 'resume': True, 'verbose': True, 'sampling_efficiency': 'parameter', 'n_live_points': 2048, 'n_params': 4, 'n_clustering_params': None, 'wrapped_params': None, 'multimodal': True, 'const_efficiency_mode': False, 'evidence_tolerance': 0.5, 'n_iter_before_update': 100, 'null_log_evidence': -1e+90, 'max_modes': 100, 'mode_tolerance': -1e+90, 'seed': 42, 'context': 0, 'write_output': True, 'log_zero': -1e+100, 'max_iter': 0, 'init_MPI': False, 'dump_callback': <bound method Pymultinest._dump_callback of <bilby.core.sampler.pymultinest.Pymultinest object at 0x1555010fe470>>}
15:02 bilby INFO    : Using output file outdirBNSKa32cores/pm_AT170817/
15:02 bilby INFO    : Temporary directory incompatible with MPI, will run in original directory
15:02 bilby INFO    : Using output file outdirBNSKa32cores/pm_AT170817/
15:02 bilby WARNING : Supplied argument 'queue_size' not an argument of 'Pymultinest', removing.
15:02 bilby WARNING : Supplied argument 'check_point_delta_t' not an argument of 'Pymultinest', removing.
15:02 bilby INFO    : Using sampler Pymultinest with kwargs {'importance_nested_sampling': False, 'resume': True, 'verbose': True, 'sampling_efficiency': 'parameter', 'n_live_points': 2048, 'n_params': 4, 'n_clustering_params': None, 'wrapped_params': None, 'multimodal': True, 'const_efficiency_mode': False, 'evidence_tolerance': 0.5, 'n_iter_before_update': 100, 'null_log_evidence': -1e+90, 'max_modes': 100, 'mode_tolerance': -1e+90, 'seed': 42, 'context': 0, 'write_output': True, 'log_zero': -1e+100, 'max_iter': 0, 'init_MPI': False, 'dump_callback': <bound method Pymultinest._dump_callback of <bilby.core.sampler.pymultinest.Pymultinest object at 0x155501102590>>}
15:02 bilby INFO    : Temporary directory incompatible with MPI, will run in original directory
15:02 bilby INFO    : Using output file outdirBNSKa32cores/pm_AT170817/
15:02 bilby WARNING : Supplied argument 'queue_size' not an argument of 'Pymultinest', removing.
15:02 bilby WARNING : Supplied argument 'check_point_delta_t' not an argument of 'Pymultinest', removing.
15:02 bilby INFO    : Using sampler Pymultinest with kwargs {'importance_nested_sampling': False, 'resume': True, 'verbose': True, 'sampling_efficiency': 'parameter', 'n_live_points': 2048, 'n_params': 4, 'n_clustering_params': None, 'wrapped_params': None, 'multimodal': True, 'const_efficiency_mode': False, 'evidence_tolerance': 0.5, 'n_iter_before_update': 100, 'null_log_evidence': -1e+90, 'max_modes': 100, 'mode_tolerance': -1e+90, 'seed': 42, 'context': 0, 'write_output': True, 'log_zero': -1e+100, 'max_iter': 0, 'init_MPI': False, 'dump_callback': <bound method Pymultinest._dump_callback of <bilby.core.sampler.pymultinest.Pymultinest object at 0x1555011020b0>>}
15:02 bilby INFO    : Temporary directory incompatible with MPI, will run in original directory
15:02 bilby INFO    : Using output file outdirBNSKa32cores/pm_AT170817/
15:05 bilby INFO    : Sampling time: 0:02:33.498840
15:05 bilby INFO    : Sampling time: 0:02:33.372105
15:05 bilby INFO    : Sampling time: 0:02:33.364482
15:05 bilby INFO    : Sampling time: 0:02:33.363888
15:05 bilby INFO    : Sampling time: 0:02:33.366362
15:05 bilby INFO    : Sampling time: 0:02:33.400816
15:05 bilby INFO    : Summary of results:
nsamples: 1787
ln_noise_evidence:  0.000
ln_evidence: -181.601 +/-  0.081
ln_bayes_factor: -181.601 +/-  0.081

15:05 bilby INFO    : Writing samples file to /home/thussenot/kilonovae-H0/170817/Kasen/outdirBNSKa32cores/AT170817_posterior_samples.dat
15:05 bilby INFO    : Sampling time: 0:02:33.375731
15:05 bilby INFO    : Sampling time: 0:02:33.366600
15:05 bilby INFO    : Sampling time: 0:02:33.102184
15:05 bilby INFO    : Sampling time: 0:02:33.400694
15:05 bilby INFO    : Sampling time: 0:02:33.119340
15:05 bilby INFO    : Sampling time: 0:02:33.368528
15:05 bilby INFO    : Sampling time: 0:02:33.369318
15:05 bilby INFO    : Sampling time: 0:02:33.396587
15:05 bilby INFO    : Sampling time: 0:02:33.400936
15:05 bilby INFO    : Sampling time: 0:02:33.100434
15:05 bilby INFO    : Sampling time: 0:02:33.114451
15:05 bilby INFO    : Sampling time: 0:02:33.120364
15:05 bilby INFO    : Sampling time: 0:02:33.394195
15:05 bilby INFO    : Sampling time: 0:02:33.101330
15:05 bilby INFO    : Sampling time: 0:02:33.394866
15:05 bilby INFO    : Sampling time: 0:02:33.126842
15:05 bilby INFO    : Sampling time: 0:02:33.092105
15:05 bilby INFO    : Sampling time: 0:02:33.397010
15:05 bilby INFO    : Sampling time: 0:02:33.117443
15:05 bilby INFO    : Sampling time: 0:02:33.106547
15:05 bilby INFO    : Sampling time: 0:02:33.120153
15:05 bilby INFO    : Sampling time: 0:02:33.120815
15:05 bilby INFO    : Sampling time: 0:02:33.105871
15:05 bilby INFO    : Sampling time: 0:02:33.096962
15:05 bilby INFO    : Sampling time: 0:02:33.121708
15:05 bilby INFO    : Sampling time: 0:02:33.108844
Traceback (most recent call last):
  File "/home/thussenot/.conda/envs/multinest1/bin/light_curve_analysis", line 8, in <module>
Traceback (most recent call last):
Traceback (most recent call last):
  File "/home/thussenot/.conda/envs/multinest1/bin/light_curve_analysis", line 8, in <module>
  File "/home/thussenot/.conda/envs/multinest1/lib/python3.10/shutil.py", line 816, in move
    sys.exit(main())
  File "/home/thussenot/.conda/envs/multinest1/lib/python3.10/site-packages/nmma/em/analysis.py", line 991, in main
    sys.exit(main())
  File "/home/thussenot/.conda/envs/multinest1/lib/python3.10/site-packages/nmma/em/analysis.py", line 991, in main
    analysis(args)
  File "/home/thussenot/.conda/envs/multinest1/lib/python3.10/site-packages/nmma/em/analysis.py", line 691, in analysis
    analysis(args)
  File "/home/thussenot/.conda/envs/multinest1/lib/python3.10/site-packages/nmma/em/analysis.py", line 691, in analysis
    result = bilby.run_sampler(
  File "/home/thussenot/.conda/envs/multinest1/lib/python3.10/site-packages/bilby/core/sampler/__init__.py", line 278, in run_sampler
    result = bilby.run_sampler(
  File "/home/thussenot/.conda/envs/multinest1/lib/python3.10/site-packages/bilby/core/sampler/__init__.py", line 278, in run_sampler
    result.save_to_file(overwrite=True, extension=save, gzip=gzip, outdir=outdir)
  File "/home/thussenot/.conda/envs/multinest1/lib/python3.10/site-packages/bilby/core/result.py", line 783, in save_to_file
    result.save_to_file(overwrite=True, extension=save, gzip=gzip, outdir=outdir)
  File "/home/thussenot/.conda/envs/multinest1/lib/python3.10/site-packages/bilby/core/result.py", line 783, in save_to_file
    move_old_file(filename, overwrite)
  File "/home/thussenot/.conda/envs/multinest1/lib/python3.10/site-packages/bilby/core/utils/io.py", line 406, in move_old_file
    move_old_file(filename, overwrite)
  File "/home/thussenot/.conda/envs/multinest1/lib/python3.10/site-packages/bilby/core/utils/io.py", line 406, in move_old_file
    os.rename(src, real_dst)
FileNotFoundError: [Errno 2] No such file or directory: 'outdirBNSKa32cores/AT170817_result.json' -> 'outdirBNSKa32cores/AT170817_result.json.old'

During handling of the above exception, another exception occurred:

Traceback (most recent call last):
  File "/home/thussenot/.conda/envs/multinest1/bin/light_curve_analysis", line 8, in <module>
    sys.exit(main())
  File "/home/thussenot/.conda/envs/multinest1/lib/python3.10/site-packages/nmma/em/analysis.py", line 991, in main
    analysis(args)
  File "/home/thussenot/.conda/envs/multinest1/lib/python3.10/site-packages/nmma/em/analysis.py", line 691, in analysis
    result = bilby.run_sampler(
  File "/home/thussenot/.conda/envs/multinest1/lib/python3.10/site-packages/bilby/core/sampler/__init__.py", line 262, in run_sampler
    result.save_to_file(extension=save, gzip=gzip, outdir=outdir)
  File "/home/thussenot/.conda/envs/multinest1/lib/python3.10/site-packages/bilby/core/result.py", line 783, in save_to_file
    move_old_file(filename, overwrite)
  File "/home/thussenot/.conda/envs/multinest1/lib/python3.10/site-packages/bilby/core/utils/io.py", line 411, in move_old_file
    os.remove(filename)
FileNotFoundError: [Errno 2] No such file or directory: 'outdirBNSKa32cores/AT170817_result.json'
    os.remove(filename)
FileNotFoundError: [Errno 2] No such file or directory: 'outdirBNSKa32cores/AT170817_result.json'
    shutil.move(filename, filename + ".old")
  File "/home/thussenot/.conda/envs/multinest1/lib/python3.10/shutil.py", line 837, in move
    os.unlink(src)
FileNotFoundError: [Errno 2] No such file or directory: 'outdirBNSKa32cores/AT170817_result.json'
15:05 bilby INFO    : Summary of results:
nsamples: 1787
ln_noise_evidence:  0.000
ln_evidence: -181.601 +/-  0.081
ln_bayes_factor: -181.601 +/-  0.081

15:05 bilby INFO    : Writing samples file to /home/thussenot/kilonovae-H0/170817/Kasen/outdirBNSKa32cores/AT170817_posterior_samples.dat
Traceback (most recent call last):
  File "/home/thussenot/.conda/envs/multinest1/lib/python3.10/shutil.py", line 816, in move
    os.rename(src, real_dst)
FileNotFoundError: [Errno 2] No such file or directory: 'outdirBNSKa32cores/AT170817_result.json' -> 'outdirBNSKa32cores/AT170817_result.json.old'

During handling of the above exception, another exception occurred:

Traceback (most recent call last):
  File "/home/thussenot/.conda/envs/multinest1/bin/light_curve_analysis", line 8, in <module>
    sys.exit(main())
  File "/home/thussenot/.conda/envs/multinest1/lib/python3.10/site-packages/nmma/em/analysis.py", line 991, in main
    analysis(args)
  File "/home/thussenot/.conda/envs/multinest1/lib/python3.10/site-packages/nmma/em/analysis.py", line 691, in analysis
    result = bilby.run_sampler(
  File "/home/thussenot/.conda/envs/multinest1/lib/python3.10/site-packages/bilby/core/sampler/__init__.py", line 262, in run_sampler
    result.save_to_file(extension=save, gzip=gzip, outdir=outdir)
  File "/home/thussenot/.conda/envs/multinest1/lib/python3.10/site-packages/bilby/core/result.py", line 783, in save_to_file
    move_old_file(filename, overwrite)
  File "/home/thussenot/.conda/envs/multinest1/lib/python3.10/site-packages/bilby/core/utils/io.py", line 411, in move_old_file
    shutil.move(filename, filename + ".old")
  File "/home/thussenot/.conda/envs/multinest1/lib/python3.10/shutil.py", line 836, in move
    copy_function(src, real_dst)
  File "/home/thussenot/.conda/envs/multinest1/lib/python3.10/shutil.py", line 435, in copy2
    copystat(src, dst, follow_symlinks=follow_symlinks)
  File "/home/thussenot/.conda/envs/multinest1/lib/python3.10/shutil.py", line 378, in copystat
    _copyxattr(src, dst, follow_symlinks=follow)
  File "/home/thussenot/.conda/envs/multinest1/lib/python3.10/shutil.py", line 320, in _copyxattr
    names = os.listxattr(src, follow_symlinks=follow_symlinks)
FileNotFoundError: [Errno 2] No such file or directory: 'outdirBNSKa32cores/AT170817_result.json'
Traceback (most recent call last):
  File "/home/thussenot/.conda/envs/multinest1/lib/python3.10/shutil.py", line 816, in move
    os.rename(src, real_dst)
FileNotFoundError: [Errno 2] No such file or directory: 'outdirBNSKa32cores/AT170817_result.json' -> 'outdirBNSKa32cores/AT170817_result.json.old'

During handling of the above exception, another exception occurred:

Traceback (most recent call last):
  File "/home/thussenot/.conda/envs/multinest1/bin/light_curve_analysis", line 8, in <module>
    sys.exit(main())
  File "/home/thussenot/.conda/envs/multinest1/lib/python3.10/site-packages/nmma/em/analysis.py", line 991, in main
    analysis(args)
  File "/home/thussenot/.conda/envs/multinest1/lib/python3.10/site-packages/nmma/em/analysis.py", line 691, in analysis
    result = bilby.run_sampler(
  File "/home/thussenot/.conda/envs/multinest1/lib/python3.10/site-packages/bilby/core/sampler/__init__.py", line 262, in run_sampler
    result.save_to_file(extension=save, gzip=gzip, outdir=outdir)
  File "/home/thussenot/.conda/envs/multinest1/lib/python3.10/site-packages/bilby/core/result.py", line 783, in save_to_file
    move_old_file(filename, overwrite)
  File "/home/thussenot/.conda/envs/multinest1/lib/python3.10/site-packages/bilby/core/utils/io.py", line 411, in move_old_file
    shutil.move(filename, filename + ".old")
  File "/home/thussenot/.conda/envs/multinest1/lib/python3.10/shutil.py", line 837, in move
    os.unlink(src)
FileNotFoundError: [Errno 2] No such file or directory: 'outdirBNSKa32cores/AT170817_result.json'
Traceback (most recent call last):
  File "/home/thussenot/.conda/envs/multinest1/lib/python3.10/shutil.py", line 816, in move
    os.rename(src, real_dst)
FileNotFoundError: [Errno 2] No such file or directory: 'outdirBNSKa32cores/AT170817_result.json' -> 'outdirBNSKa32cores/AT170817_result.json.old'

During handling of the above exception, another exception occurred:

Traceback (most recent call last):
  File "/home/thussenot/.conda/envs/multinest1/bin/light_curve_analysis", line 8, in <module>
    sys.exit(main())
  File "/home/thussenot/.conda/envs/multinest1/lib/python3.10/site-packages/nmma/em/analysis.py", line 991, in main
    analysis(args)
  File "/home/thussenot/.conda/envs/multinest1/lib/python3.10/site-packages/nmma/em/analysis.py", line 691, in analysis
    result = bilby.run_sampler(
  File "/home/thussenot/.conda/envs/multinest1/lib/python3.10/site-packages/bilby/core/sampler/__init__.py", line 262, in run_sampler
    result.save_to_file(extension=save, gzip=gzip, outdir=outdir)
  File "/home/thussenot/.conda/envs/multinest1/lib/python3.10/site-packages/bilby/core/result.py", line 783, in save_to_file
    move_old_file(filename, overwrite)
  File "/home/thussenot/.conda/envs/multinest1/lib/python3.10/site-packages/bilby/core/utils/io.py", line 411, in move_old_file
    shutil.move(filename, filename + ".old")
  File "/home/thussenot/.conda/envs/multinest1/lib/python3.10/shutil.py", line 836, in move
    copy_function(src, real_dst)
  File "/home/thussenot/.conda/envs/multinest1/lib/python3.10/shutil.py", line 435, in copy2
    copystat(src, dst, follow_symlinks=follow_symlinks)
  File "/home/thussenot/.conda/envs/multinest1/lib/python3.10/shutil.py", line 378, in copystat
    _copyxattr(src, dst, follow_symlinks=follow)
  File "/home/thussenot/.conda/envs/multinest1/lib/python3.10/shutil.py", line 320, in _copyxattr
    names = os.listxattr(src, follow_symlinks=follow_symlinks)
FileNotFoundError: [Errno 2] No such file or directory: 'outdirBNSKa32cores/AT170817_result.json'
Traceback (most recent call last):
  File "/home/thussenot/.conda/envs/multinest1/lib/python3.10/shutil.py", line 816, in move
    os.rename(src, real_dst)
FileNotFoundError: [Errno 2] No such file or directory: 'outdirBNSKa32cores/AT170817_result.json' -> 'outdirBNSKa32cores/AT170817_result.json.old'

During handling of the above exception, another exception occurred:

Traceback (most recent call last):
  File "/home/thussenot/.conda/envs/multinest1/bin/light_curve_analysis", line 8, in <module>
    sys.exit(main())
  File "/home/thussenot/.conda/envs/multinest1/lib/python3.10/site-packages/nmma/em/analysis.py", line 991, in main
    analysis(args)
  File "/home/thussenot/.conda/envs/multinest1/lib/python3.10/site-packages/nmma/em/analysis.py", line 691, in analysis
    result = bilby.run_sampler(
  File "/home/thussenot/.conda/envs/multinest1/lib/python3.10/site-packages/bilby/core/sampler/__init__.py", line 262, in run_sampler
    result.save_to_file(extension=save, gzip=gzip, outdir=outdir)
  File "/home/thussenot/.conda/envs/multinest1/lib/python3.10/site-packages/bilby/core/result.py", line 783, in save_to_file
    move_old_file(filename, overwrite)
  File "/home/thussenot/.conda/envs/multinest1/lib/python3.10/site-packages/bilby/core/utils/io.py", line 411, in move_old_file
    shutil.move(filename, filename + ".old")
  File "/home/thussenot/.conda/envs/multinest1/lib/python3.10/shutil.py", line 836, in move
    copy_function(src, real_dst)
  File "/home/thussenot/.conda/envs/multinest1/lib/python3.10/shutil.py", line 435, in copy2
    copystat(src, dst, follow_symlinks=follow_symlinks)
  File "/home/thussenot/.conda/envs/multinest1/lib/python3.10/shutil.py", line 378, in copystat
    _copyxattr(src, dst, follow_symlinks=follow)
  File "/home/thussenot/.conda/envs/multinest1/lib/python3.10/shutil.py", line 320, in _copyxattr
    names = os.listxattr(src, follow_symlinks=follow_symlinks)
FileNotFoundError: [Errno 2] No such file or directory: 'outdirBNSKa32cores/AT170817_result.json'
15:05 bilby INFO    : Summary of results:
nsamples: 1787
ln_noise_evidence:  0.000
ln_evidence: -181.601 +/-  0.081
ln_bayes_factor: -181.601 +/-  0.081

15:05 bilby INFO    : Writing samples file to /home/thussenot/kilonovae-H0/170817/Kasen/outdirBNSKa32cores/AT170817_posterior_samples.dat
15:05 bilby INFO    : Summary of results:
nsamples: 1787
ln_noise_evidence:  0.000
ln_evidence: -181.601 +/-  0.081
ln_bayes_factor: -181.601 +/-  0.081

15:05 bilby INFO    : Summary of results:
nsamples: 1787
ln_noise_evidence:  0.000
ln_evidence: -181.601 +/-  0.081
ln_bayes_factor: -181.601 +/-  0.081

15:05 bilby INFO    : Writing samples file to /home/thussenot/kilonovae-H0/170817/Kasen/outdirBNSKa32cores/AT170817_posterior_samples.dat
15:05 bilby INFO    : Writing samples file to /home/thussenot/kilonovae-H0/170817/Kasen/outdirBNSKa32cores/AT170817_posterior_samples.dat
15:05 bilby INFO    : Summary of results:
nsamples: 1787
ln_noise_evidence:  0.000
ln_evidence: -181.601 +/-  0.081
ln_bayes_factor: -181.601 +/-  0.081

15:05 bilby INFO    : Writing samples file to /home/thussenot/kilonovae-H0/170817/Kasen/outdirBNSKa32cores/AT170817_posterior_samples.dat
Traceback (most recent call last):
  File "/home/thussenot/.conda/envs/multinest1/bin/light_curve_analysis", line 8, in <module>
15:05 bilby INFO    : Summary of results:
nsamples: 1787
ln_noise_evidence:  0.000
ln_evidence: -181.601 +/-  0.081
ln_bayes_factor: -181.601 +/-  0.081

    sys.exit(main())
  File "/home/thussenot/.conda/envs/multinest1/lib/python3.10/site-packages/nmma/em/analysis.py", line 991, in main
    analysis(args)
  File "/home/thussenot/.conda/envs/multinest1/lib/python3.10/site-packages/nmma/em/analysis.py", line 691, in analysis
    result = bilby.run_sampler(
  File "/home/thussenot/.conda/envs/multinest1/lib/python3.10/site-packages/bilby/core/sampler/__init__.py", line 278, in run_sampler
    result.save_to_file(overwrite=True, extension=save, gzip=gzip, outdir=outdir)
  File "/home/thussenot/.conda/envs/multinest1/lib/python3.10/site-packages/bilby/core/result.py", line 783, in save_to_file
    move_old_file(filename, overwrite)
  File "/home/thussenot/.conda/envs/multinest1/lib/python3.10/site-packages/bilby/core/utils/io.py", line 406, in move_old_file
15:05 bilby INFO    : Writing samples file to /home/thussenot/kilonovae-H0/170817/Kasen/outdirBNSKa32cores/AT170817_posterior_samples.dat
    os.remove(filename)
FileNotFoundError: [Errno 2] No such file or directory: 'outdirBNSKa32cores/AT170817_result.json'
Traceback (most recent call last):
  File "/home/thussenot/.conda/envs/multinest1/bin/light_curve_analysis", line 8, in <module>
    sys.exit(main())
  File "/home/thussenot/.conda/envs/multinest1/lib/python3.10/site-packages/nmma/em/analysis.py", line 991, in main
    analysis(args)
  File "/home/thussenot/.conda/envs/multinest1/lib/python3.10/site-packages/nmma/em/analysis.py", line 691, in analysis
    result = bilby.run_sampler(
  File "/home/thussenot/.conda/envs/multinest1/lib/python3.10/site-packages/bilby/core/sampler/__init__.py", line 278, in run_sampler
    result.save_to_file(overwrite=True, extension=save, gzip=gzip, outdir=outdir)
  File "/home/thussenot/.conda/envs/multinest1/lib/python3.10/site-packages/bilby/core/result.py", line 783, in save_to_file
    move_old_file(filename, overwrite)
  File "/home/thussenot/.conda/envs/multinest1/lib/python3.10/site-packages/bilby/core/utils/io.py", line 406, in move_old_file
    os.remove(filename)
FileNotFoundError: [Errno 2] No such file or directory: 'outdirBNSKa32cores/AT170817_result.json'
15:05 bilby INFO    : Summary of results:
nsamples: 1787
ln_noise_evidence:  0.000
ln_evidence: -181.601 +/-  0.081
ln_bayes_factor: -181.601 +/-  0.081

15:05 bilby INFO    : Writing samples file to /home/thussenot/kilonovae-H0/170817/Kasen/outdirBNSKa32cores/AT170817_posterior_samples.dat
15:05 bilby INFO    : Summary of results:
nsamples: 1787
ln_noise_evidence:  0.000
ln_evidence: -181.601 +/-  0.081
ln_bayes_factor: -181.601 +/-  0.081

15:05 bilby INFO    : Summary of results:
nsamples: 1787
ln_noise_evidence:  0.000
ln_evidence: -181.601 +/-  0.081
ln_bayes_factor: -181.601 +/-  0.081

15:05 bilby INFO    : Writing samples file to /home/thussenot/kilonovae-H0/170817/Kasen/outdirBNSKa32cores/AT170817_posterior_samples.dat
15:05 bilby INFO    : Writing samples file to /home/thussenot/kilonovae-H0/170817/Kasen/outdirBNSKa32cores/AT170817_posterior_samples.dat
Traceback (most recent call last):
  File "/home/thussenot/.conda/envs/multinest1/lib/python3.10/shutil.py", line 816, in move
Traceback (most recent call last):
  File "/home/thussenot/.conda/envs/multinest1/bin/light_curve_analysis", line 8, in <module>
    sys.exit(main())
  File "/home/thussenot/.conda/envs/multinest1/lib/python3.10/site-packages/nmma/em/analysis.py", line 991, in main
    os.rename(src, real_dst)
FileNotFoundError: [Errno 2] No such file or directory: 'outdirBNSKa32cores/AT170817_result.json' -> 'outdirBNSKa32cores/AT170817_result.json.old'

During handling of the above exception, another exception occurred:

Traceback (most recent call last):
  File "/home/thussenot/.conda/envs/multinest1/bin/light_curve_analysis", line 8, in <module>
    analysis(args)
  File "/home/thussenot/.conda/envs/multinest1/lib/python3.10/site-packages/nmma/em/analysis.py", line 691, in analysis
    sys.exit(main())
  File "/home/thussenot/.conda/envs/multinest1/lib/python3.10/site-packages/nmma/em/analysis.py", line 991, in main
    result = bilby.run_sampler(
  File "/home/thussenot/.conda/envs/multinest1/lib/python3.10/site-packages/bilby/core/sampler/__init__.py", line 278, in run_sampler
    analysis(args)
  File "/home/thussenot/.conda/envs/multinest1/lib/python3.10/site-packages/nmma/em/analysis.py", line 691, in analysis
    result.save_to_file(overwrite=True, extension=save, gzip=gzip, outdir=outdir)
  File "/home/thussenot/.conda/envs/multinest1/lib/python3.10/site-packages/bilby/core/result.py", line 783, in save_to_file
    result = bilby.run_sampler(
  File "/home/thussenot/.conda/envs/multinest1/lib/python3.10/site-packages/bilby/core/sampler/__init__.py", line 262, in run_sampler
    move_old_file(filename, overwrite)
  File "/home/thussenot/.conda/envs/multinest1/lib/python3.10/site-packages/bilby/core/utils/io.py", line 406, in move_old_file
    result.save_to_file(extension=save, gzip=gzip, outdir=outdir)
  File "/home/thussenot/.conda/envs/multinest1/lib/python3.10/site-packages/bilby/core/result.py", line 783, in save_to_file
    os.remove(filename)
FileNotFoundError: [Errno 2] No such file or directory: 'outdirBNSKa32cores/AT170817_result.json'
    move_old_file(filename, overwrite)
  File "/home/thussenot/.conda/envs/multinest1/lib/python3.10/site-packages/bilby/core/utils/io.py", line 411, in move_old_file
    shutil.move(filename, filename + ".old")
  File "/home/thussenot/.conda/envs/multinest1/lib/python3.10/shutil.py", line 837, in move
    os.unlink(src)
FileNotFoundError: [Errno 2] No such file or directory: 'outdirBNSKa32cores/AT170817_result.json'
15:05 bilby INFO    : Summary of results:
nsamples: 1787
ln_noise_evidence:  0.000
ln_evidence: -181.601 +/-  0.081
ln_bayes_factor: -181.601 +/-  0.081

15:05 bilby INFO    : Writing samples file to /home/thussenot/kilonovae-H0/170817/Kasen/outdirBNSKa32cores/AT170817_posterior_samples.dat
Traceback (most recent call last):
  File "/home/thussenot/.conda/envs/multinest1/lib/python3.10/shutil.py", line 816, in move
Traceback (most recent call last):
  File "/home/thussenot/.conda/envs/multinest1/lib/python3.10/shutil.py", line 816, in move
    os.rename(src, real_dst)
    os.rename(src, real_dst)
FileNotFoundError: [Errno 2] No such file or directory: 'outdirBNSKa32cores/AT170817_result.json' -> 'outdirBNSKa32cores/AT170817_result.json.old'

During handling of the above exception, another exception occurred:

Traceback (most recent call last):
  File "/home/thussenot/.conda/envs/multinest1/bin/light_curve_analysis", line 8, in <module>
FileNotFoundError: [Errno 2] No such file or directory: 'outdirBNSKa32cores/AT170817_result.json' -> 'outdirBNSKa32cores/AT170817_result.json.old'

During handling of the above exception, another exception occurred:

Traceback (most recent call last):
  File "/home/thussenot/.conda/envs/multinest1/bin/light_curve_analysis", line 8, in <module>
    sys.exit(main())
  File "/home/thussenot/.conda/envs/multinest1/lib/python3.10/site-packages/nmma/em/analysis.py", line 991, in main
    sys.exit(main())
  File "/home/thussenot/.conda/envs/multinest1/lib/python3.10/site-packages/nmma/em/analysis.py", line 991, in main
    analysis(args)
  File "/home/thussenot/.conda/envs/multinest1/lib/python3.10/site-packages/nmma/em/analysis.py", line 691, in analysis
    analysis(args)
    result = bilby.run_sampler(
  File "/home/thussenot/.conda/envs/multinest1/lib/python3.10/site-packages/bilby/core/sampler/__init__.py", line 262, in run_sampler
  File "/home/thussenot/.conda/envs/multinest1/lib/python3.10/site-packages/nmma/em/analysis.py", line 691, in analysis
    result.save_to_file(extension=save, gzip=gzip, outdir=outdir)
  File "/home/thussenot/.conda/envs/multinest1/lib/python3.10/site-packages/bilby/core/result.py", line 783, in save_to_file
    result = bilby.run_sampler(
    move_old_file(filename, overwrite)
  File "/home/thussenot/.conda/envs/multinest1/lib/python3.10/site-packages/bilby/core/utils/io.py", line 411, in move_old_file
  File "/home/thussenot/.conda/envs/multinest1/lib/python3.10/site-packages/bilby/core/sampler/__init__.py", line 262, in run_sampler
    shutil.move(filename, filename + ".old")
  File "/home/thussenot/.conda/envs/multinest1/lib/python3.10/shutil.py", line 837, in move
    result.save_to_file(extension=save, gzip=gzip, outdir=outdir)
  File "/home/thussenot/.conda/envs/multinest1/lib/python3.10/site-packages/bilby/core/result.py", line 783, in save_to_file
    os.unlink(src)
FileNotFoundError: [Errno 2] No such file or directory: 'outdirBNSKa32cores/AT170817_result.json'
    move_old_file(filename, overwrite)
  File "/home/thussenot/.conda/envs/multinest1/lib/python3.10/site-packages/bilby/core/utils/io.py", line 411, in move_old_file
    shutil.move(filename, filename + ".old")
  File "/home/thussenot/.conda/envs/multinest1/lib/python3.10/shutil.py", line 837, in move
    os.unlink(src)
FileNotFoundError: [Errno 2] No such file or directory: 'outdirBNSKa32cores/AT170817_result.json'
15:05 bilby INFO    : Summary of results:
nsamples: 1787
ln_noise_evidence:  0.000
ln_evidence: -181.601 +/-  0.081
ln_bayes_factor: -181.601 +/-  0.081

15:05 bilby INFO    : Summary of results:
nsamples: 1787
ln_noise_evidence:  0.000
ln_evidence: -181.601 +/-  0.081
ln_bayes_factor: -181.601 +/-  0.081

15:05 bilby INFO    : Writing samples file to /home/thussenot/kilonovae-H0/170817/Kasen/outdirBNSKa32cores/AT170817_posterior_samples.dat
15:05 bilby INFO    : Writing samples file to /home/thussenot/kilonovae-H0/170817/Kasen/outdirBNSKa32cores/AT170817_posterior_samples.dat
15:05 bilby INFO    : Summary of results:
nsamples: 1787
ln_noise_evidence:  0.000
ln_evidence: -181.601 +/-  0.081
ln_bayes_factor: -181.601 +/-  0.081

15:05 bilby INFO    : Writing samples file to /home/thussenot/kilonovae-H0/170817/Kasen/outdirBNSKa32cores/AT170817_posterior_samples.dat
15:05 bilby INFO    : Summary of results:
nsamples: 1787
ln_noise_evidence:  0.000
ln_evidence: -181.601 +/-  0.081
ln_bayes_factor: -181.601 +/-  0.081

15:05 bilby INFO    : Writing samples file to /home/thussenot/kilonovae-H0/170817/Kasen/outdirBNSKa32cores/AT170817_posterior_samples.dat
15:05 bilby INFO    : Summary of results:
nsamples: 1787
ln_noise_evidence:  0.000
ln_evidence: -181.601 +/-  0.081
ln_bayes_factor: -181.601 +/-  0.081

15:05 bilby INFO    : Writing samples file to /home/thussenot/kilonovae-H0/170817/Kasen/outdirBNSKa32cores/AT170817_posterior_samples.dat
15:05 bilby INFO    : Summary of results:
nsamples: 1787
ln_noise_evidence:  0.000
ln_evidence: -181.601 +/-  0.081
ln_bayes_factor: -181.601 +/-  0.081

15:05 bilby INFO    : Writing samples file to /home/thussenot/kilonovae-H0/170817/Kasen/outdirBNSKa32cores/AT170817_posterior_samples.dat
15:05 bilby INFO    : Summary of results:
nsamples: 1787
ln_noise_evidence:  0.000
ln_evidence: -181.601 +/-  0.081
ln_bayes_factor: -181.601 +/-  0.081

15:05 bilby INFO    : Writing samples file to /home/thussenot/kilonovae-H0/170817/Kasen/outdirBNSKa32cores/AT170817_posterior_samples.dat
15:05 bilby INFO    : Summary of results:
nsamples: 1787
ln_noise_evidence:  0.000
ln_evidence: -181.601 +/-  0.081
ln_bayes_factor: -181.601 +/-  0.081

15:05 bilby INFO    : Writing samples file to /home/thussenot/kilonovae-H0/170817/Kasen/outdirBNSKa32cores/AT170817_posterior_samples.dat
/home/thussenot/.conda/envs/multinest1/lib/python3.10/site-packages/matplotlib/axes/_base.py:2503: UserWarning: Warning: converting a masked element to nan.
  xys = np.asarray(xys)
/home/thussenot/.conda/envs/multinest1/lib/python3.10/site-packages/matplotlib/axes/_base.py:2503: UserWarning: Warning: converting a masked element to nan.
  xys = np.asarray(xys)
/home/thussenot/.conda/envs/multinest1/lib/python3.10/site-packages/matplotlib/axes/_base.py:2503: UserWarning: Warning: converting a masked element to nan.
  xys = np.asarray(xys)
/home/thussenot/.conda/envs/multinest1/lib/python3.10/site-packages/matplotlib/axes/_base.py:2503: UserWarning: Warning: converting a masked element to nan.
  xys = np.asarray(xys)
/home/thussenot/.conda/envs/multinest1/lib/python3.10/site-packages/matplotlib/axes/_base.py:2503: UserWarning: Warning: converting a masked element to nan.
  xys = np.asarray(xys)
/home/thussenot/.conda/envs/multinest1/lib/python3.10/site-packages/matplotlib/axes/_base.py:2503: UserWarning: Warning: converting a masked element to nan.
  xys = np.asarray(xys)
/home/thussenot/.conda/envs/multinest1/lib/python3.10/site-packages/matplotlib/axes/_base.py:2503: UserWarning: Warning: converting a masked element to nan.
  xys = np.asarray(xys)
/home/thussenot/.conda/envs/multinest1/lib/python3.10/site-packages/matplotlib/axes/_base.py:2503: UserWarning: Warning: converting a masked element to nan.
  xys = np.asarray(xys)
/home/thussenot/.conda/envs/multinest1/lib/python3.10/site-packages/matplotlib/axes/_base.py:2503: UserWarning: Warning: converting a masked element to nan.
  xys = np.asarray(xys)
/home/thussenot/.conda/envs/multinest1/lib/python3.10/site-packages/matplotlib/axes/_base.py:2503: UserWarning: Warning: converting a masked element to nan.
  xys = np.asarray(xys)
/home/thussenot/.conda/envs/multinest1/lib/python3.10/site-packages/matplotlib/axes/_base.py:2503: UserWarning: Warning: converting a masked element to nan.
  xys = np.asarray(xys)
/home/thussenot/.conda/envs/multinest1/lib/python3.10/site-packages/matplotlib/axes/_base.py:2503: UserWarning: Warning: converting a masked element to nan.
  xys = np.asarray(xys)
/home/thussenot/.conda/envs/multinest1/lib/python3.10/site-packages/matplotlib/axes/_base.py:2503: UserWarning: Warning: converting a masked element to nan.
  xys = np.asarray(xys)
/home/thussenot/.conda/envs/multinest1/lib/python3.10/site-packages/matplotlib/axes/_base.py:2503: UserWarning: Warning: converting a masked element to nan.
  xys = np.asarray(xys)
/home/thussenot/.conda/envs/multinest1/lib/python3.10/site-packages/matplotlib/axes/_base.py:2503: UserWarning: Warning: converting a masked element to nan.
  xys = np.asarray(xys)
/home/thussenot/.conda/envs/multinest1/lib/python3.10/site-packages/matplotlib/axes/_base.py:2503: UserWarning: Warning: converting a masked element to nan.
  xys = np.asarray(xys)
/home/thussenot/.conda/envs/multinest1/lib/python3.10/site-packages/matplotlib/axes/_base.py:2503: UserWarning: Warning: converting a masked element to nan.
  xys = np.asarray(xys)
/home/thussenot/.conda/envs/multinest1/lib/python3.10/site-packages/matplotlib/axes/_base.py:2503: UserWarning: Warning: converting a masked element to nan.
  xys = np.asarray(xys)
/home/thussenot/.conda/envs/multinest1/lib/python3.10/site-packages/matplotlib/axes/_base.py:2503: UserWarning: Warning: converting a masked element to nan.
  xys = np.asarray(xys)
--------------------------------------------------------------------------
Primary job  terminated normally, but 1 process returned
a non-zero exit code. Per user-direction, the job has been aborted.
--------------------------------------------------------------------------
--------------------------------------------------------------------------
mpiexec detected that one or more processes exited with non-zero status, thus causing
the job to be terminated. The first process to do so was:

  Process name: [[8391,1],27]
  Exit code:    1
--------------------------------------------------------------------------
