/home/thussenot/.conda/envs/multinest1/lib/python3.10/site-packages/sklearn/base.py:329: UserWarning: Trying to unpickle estimator GaussianProcessRegressor from version 1.0.2 when using version 1.1.3. This might lead to breaking code or invalid results. Use at your own risk. For more info please refer to:
https://scikit-learn.org/stable/model_persistence.html#security-maintainability-limitations
  warnings.warn(
/home/thussenot/.conda/envs/multinest1/lib/python3.10/site-packages/sklearn/base.py:329: UserWarning: Trying to unpickle estimator GaussianProcessRegressor from version 1.0.2 when using version 1.1.3. This might lead to breaking code or invalid results. Use at your own risk. For more info please refer to:
https://scikit-learn.org/stable/model_persistence.html#security-maintainability-limitations
  warnings.warn(
/home/thussenot/.conda/envs/multinest1/lib/python3.10/site-packages/sklearn/base.py:329: UserWarning: Trying to unpickle estimator GaussianProcessRegressor from version 1.0.2 when using version 1.1.3. This might lead to breaking code or invalid results. Use at your own risk. For more info please refer to:
https://scikit-learn.org/stable/model_persistence.html#security-maintainability-limitations
  warnings.warn(
/home/thussenot/.conda/envs/multinest1/lib/python3.10/site-packages/sklearn/base.py:329: UserWarning: Trying to unpickle estimator GaussianProcessRegressor from version 1.0.2 when using version 1.1.3. This might lead to breaking code or invalid results. Use at your own risk. For more info please refer to:
https://scikit-learn.org/stable/model_persistence.html#security-maintainability-limitations
  warnings.warn(
/home/thussenot/.conda/envs/multinest1/lib/python3.10/site-packages/sklearn/base.py:329: UserWarning: Trying to unpickle estimator GaussianProcessRegressor from version 1.0.2 when using version 1.1.3. This might lead to breaking code or invalid results. Use at your own risk. For more info please refer to:
https://scikit-learn.org/stable/model_persistence.html#security-maintainability-limitations
  warnings.warn(
/home/thussenot/.conda/envs/multinest1/lib/python3.10/site-packages/sklearn/base.py:329: UserWarning: Trying to unpickle estimator GaussianProcessRegressor from version 1.0.2 when using version 1.1.3. This might lead to breaking code or invalid results. Use at your own risk. For more info please refer to:
https://scikit-learn.org/stable/model_persistence.html#security-maintainability-limitations
  warnings.warn(
/home/thussenot/.conda/envs/multinest1/lib/python3.10/site-packages/sklearn/base.py:329: UserWarning: Trying to unpickle estimator GaussianProcessRegressor from version 1.0.2 when using version 1.1.3. This might lead to breaking code or invalid results. Use at your own risk. For more info please refer to:
https://scikit-learn.org/stable/model_persistence.html#security-maintainability-limitations
  warnings.warn(
/home/thussenot/.conda/envs/multinest1/lib/python3.10/site-packages/sklearn/base.py:329: UserWarning: Trying to unpickle estimator GaussianProcessRegressor from version 1.0.2 when using version 1.1.3. This might lead to breaking code or invalid results. Use at your own risk. For more info please refer to:
https://scikit-learn.org/stable/model_persistence.html#security-maintainability-limitations
  warnings.warn(
/home/thussenot/.conda/envs/multinest1/lib/python3.10/site-packages/sklearn/base.py:329: UserWarning: Trying to unpickle estimator GaussianProcessRegressor from version 1.0.2 when using version 1.1.3. This might lead to breaking code or invalid results. Use at your own risk. For more info please refer to:
https://scikit-learn.org/stable/model_persistence.html#security-maintainability-limitations
  warnings.warn(
/home/thussenot/.conda/envs/multinest1/lib/python3.10/site-packages/sklearn/base.py:329: UserWarning: Trying to unpickle estimator GaussianProcessRegressor from version 1.0.2 when using version 1.1.3. This might lead to breaking code or invalid results. Use at your own risk. For more info please refer to:
https://scikit-learn.org/stable/model_persistence.html#security-maintainability-limitations
  warnings.warn(
/home/thussenot/.conda/envs/multinest1/lib/python3.10/site-packages/sklearn/base.py:329: UserWarning: Trying to unpickle estimator GaussianProcessRegressor from version 1.0.2 when using version 1.1.3. This might lead to breaking code or invalid results. Use at your own risk. For more info please refer to:
https://scikit-learn.org/stable/model_persistence.html#security-maintainability-limitations
  warnings.warn(
/home/thussenot/.conda/envs/multinest1/lib/python3.10/site-packages/sklearn/base.py:329: UserWarning: Trying to unpickle estimator GaussianProcessRegressor from version 1.0.2 when using version 1.1.3. This might lead to breaking code or invalid results. Use at your own risk. For more info please refer to:
https://scikit-learn.org/stable/model_persistence.html#security-maintainability-limitations
  warnings.warn(
/home/thussenot/.conda/envs/multinest1/lib/python3.10/site-packages/sklearn/base.py:329: UserWarning: Trying to unpickle estimator GaussianProcessRegressor from version 1.0.2 when using version 1.1.3. This might lead to breaking code or invalid results. Use at your own risk. For more info please refer to:
https://scikit-learn.org/stable/model_persistence.html#security-maintainability-limitations
  warnings.warn(
/home/thussenot/.conda/envs/multinest1/lib/python3.10/site-packages/sklearn/base.py:329: UserWarning: Trying to unpickle estimator GaussianProcessRegressor from version 1.0.2 when using version 1.1.3. This might lead to breaking code or invalid results. Use at your own risk. For more info please refer to:
https://scikit-learn.org/stable/model_persistence.html#security-maintainability-limitations
  warnings.warn(
/home/thussenot/.conda/envs/multinest1/lib/python3.10/site-packages/sklearn/base.py:329: UserWarning: Trying to unpickle estimator GaussianProcessRegressor from version 1.0.2 when using version 1.1.3. This might lead to breaking code or invalid results. Use at your own risk. For more info please refer to:
https://scikit-learn.org/stable/model_persistence.html#security-maintainability-limitations
  warnings.warn(
/home/thussenot/.conda/envs/multinest1/lib/python3.10/site-packages/sklearn/base.py:329: UserWarning: Trying to unpickle estimator GaussianProcessRegressor from version 1.0.2 when using version 1.1.3. This might lead to breaking code or invalid results. Use at your own risk. For more info please refer to:
https://scikit-learn.org/stable/model_persistence.html#security-maintainability-limitations
  warnings.warn(
/home/thussenot/.conda/envs/multinest1/lib/python3.10/site-packages/sklearn/base.py:329: UserWarning: Trying to unpickle estimator GaussianProcessRegressor from version 1.0.2 when using version 1.1.3. This might lead to breaking code or invalid results. Use at your own risk. For more info please refer to:
https://scikit-learn.org/stable/model_persistence.html#security-maintainability-limitations
  warnings.warn(
/home/thussenot/.conda/envs/multinest1/lib/python3.10/site-packages/sklearn/base.py:329: UserWarning: Trying to unpickle estimator GaussianProcessRegressor from version 1.0.2 when using version 1.1.3. This might lead to breaking code or invalid results. Use at your own risk. For more info please refer to:
https://scikit-learn.org/stable/model_persistence.html#security-maintainability-limitations
  warnings.warn(
/home/thussenot/.conda/envs/multinest1/lib/python3.10/site-packages/sklearn/base.py:329: UserWarning: Trying to unpickle estimator GaussianProcessRegressor from version 1.0.2 when using version 1.1.3. This might lead to breaking code or invalid results. Use at your own risk. For more info please refer to:
https://scikit-learn.org/stable/model_persistence.html#security-maintainability-limitations
  warnings.warn(
/home/thussenot/.conda/envs/multinest1/lib/python3.10/site-packages/sklearn/base.py:329: UserWarning: Trying to unpickle estimator GaussianProcessRegressor from version 1.0.2 when using version 1.1.3. This might lead to breaking code or invalid results. Use at your own risk. For more info please refer to:
https://scikit-learn.org/stable/model_persistence.html#security-maintainability-limitations
  warnings.warn(
/home/thussenot/.conda/envs/multinest1/lib/python3.10/site-packages/sklearn/base.py:329: UserWarning: Trying to unpickle estimator GaussianProcessRegressor from version 1.0.2 when using version 1.1.3. This might lead to breaking code or invalid results. Use at your own risk. For more info please refer to:
https://scikit-learn.org/stable/model_persistence.html#security-maintainability-limitations
  warnings.warn(
/home/thussenot/.conda/envs/multinest1/lib/python3.10/site-packages/sklearn/base.py:329: UserWarning: Trying to unpickle estimator GaussianProcessRegressor from version 1.0.2 when using version 1.1.3. This might lead to breaking code or invalid results. Use at your own risk. For more info please refer to:
https://scikit-learn.org/stable/model_persistence.html#security-maintainability-limitations
  warnings.warn(
/home/thussenot/.conda/envs/multinest1/lib/python3.10/site-packages/sklearn/base.py:329: UserWarning: Trying to unpickle estimator GaussianProcessRegressor from version 1.0.2 when using version 1.1.3. This might lead to breaking code or invalid results. Use at your own risk. For more info please refer to:
https://scikit-learn.org/stable/model_persistence.html#security-maintainability-limitations
  warnings.warn(
/home/thussenot/.conda/envs/multinest1/lib/python3.10/site-packages/sklearn/base.py:329: UserWarning: Trying to unpickle estimator GaussianProcessRegressor from version 1.0.2 when using version 1.1.3. This might lead to breaking code or invalid results. Use at your own risk. For more info please refer to:
https://scikit-learn.org/stable/model_persistence.html#security-maintainability-limitations
  warnings.warn(
/home/thussenot/.conda/envs/multinest1/lib/python3.10/site-packages/sklearn/base.py:329: UserWarning: Trying to unpickle estimator GaussianProcessRegressor from version 1.0.2 when using version 1.1.3. This might lead to breaking code or invalid results. Use at your own risk. For more info please refer to:
https://scikit-learn.org/stable/model_persistence.html#security-maintainability-limitations
  warnings.warn(
/home/thussenot/.conda/envs/multinest1/lib/python3.10/site-packages/sklearn/base.py:329: UserWarning: Trying to unpickle estimator GaussianProcessRegressor from version 1.0.2 when using version 1.1.3. This might lead to breaking code or invalid results. Use at your own risk. For more info please refer to:
https://scikit-learn.org/stable/model_persistence.html#security-maintainability-limitations
  warnings.warn(
/home/thussenot/.conda/envs/multinest1/lib/python3.10/site-packages/sklearn/base.py:329: UserWarning: Trying to unpickle estimator GaussianProcessRegressor from version 1.0.2 when using version 1.1.3. This might lead to breaking code or invalid results. Use at your own risk. For more info please refer to:
https://scikit-learn.org/stable/model_persistence.html#security-maintainability-limitations
  warnings.warn(
/home/thussenot/.conda/envs/multinest1/lib/python3.10/site-packages/sklearn/base.py:329: UserWarning: Trying to unpickle estimator GaussianProcessRegressor from version 1.0.2 when using version 1.1.3. This might lead to breaking code or invalid results. Use at your own risk. For more info please refer to:
https://scikit-learn.org/stable/model_persistence.html#security-maintainability-limitations
  warnings.warn(
/home/thussenot/.conda/envs/multinest1/lib/python3.10/site-packages/sklearn/base.py:329: UserWarning: Trying to unpickle estimator GaussianProcessRegressor from version 1.0.2 when using version 1.1.3. This might lead to breaking code or invalid results. Use at your own risk. For more info please refer to:
https://scikit-learn.org/stable/model_persistence.html#security-maintainability-limitations
  warnings.warn(
/home/thussenot/.conda/envs/multinest1/lib/python3.10/site-packages/sklearn/base.py:329: UserWarning: Trying to unpickle estimator GaussianProcessRegressor from version 1.0.2 when using version 1.1.3. This might lead to breaking code or invalid results. Use at your own risk. For more info please refer to:
https://scikit-learn.org/stable/model_persistence.html#security-maintainability-limitations
  warnings.warn(
/home/thussenot/.conda/envs/multinest1/lib/python3.10/site-packages/sklearn/base.py:329: UserWarning: Trying to unpickle estimator GaussianProcessRegressor from version 1.0.2 when using version 1.1.3. This might lead to breaking code or invalid results. Use at your own risk. For more info please refer to:
https://scikit-learn.org/stable/model_persistence.html#security-maintainability-limitations
  warnings.warn(
/home/thussenot/.conda/envs/multinest1/lib/python3.10/site-packages/sklearn/base.py:329: UserWarning: Trying to unpickle estimator GaussianProcessRegressor from version 1.0.2 when using version 1.1.3. This might lead to breaking code or invalid results. Use at your own risk. For more info please refer to:
https://scikit-learn.org/stable/model_persistence.html#security-maintainability-limitations
  warnings.warn(
15:03 bilby INFO    : Running for label 'AT170817', output will be saved to 'outdirBNSKa32cores'
15:03 bilby INFO    : Running for label 'AT170817', output will be saved to 'outdirBNSKa32cores'
15:03 bilby INFO    : Running for label 'AT170817', output will be saved to 'outdirBNSKa32cores'
15:03 bilby INFO    : Running for label 'AT170817', output will be saved to 'outdirBNSKa32cores'
15:03 bilby INFO    : Running for label 'AT170817', output will be saved to 'outdirBNSKa32cores'
15:03 bilby INFO    : Running for label 'AT170817', output will be saved to 'outdirBNSKa32cores'
15:03 bilby INFO    : Running for label 'AT170817', output will be saved to 'outdirBNSKa32cores'
15:03 bilby INFO    : Running for label 'AT170817', output will be saved to 'outdirBNSKa32cores'
15:03 bilby INFO    : Running for label 'AT170817', output will be saved to 'outdirBNSKa32cores'
15:03 bilby INFO    : Running for label 'AT170817', output will be saved to 'outdirBNSKa32cores'
15:03 bilby INFO    : Running for label 'AT170817', output will be saved to 'outdirBNSKa32cores'
15:03 bilby INFO    : Running for label 'AT170817', output will be saved to 'outdirBNSKa32cores'
15:03 bilby INFO    : Running for label 'AT170817', output will be saved to 'outdirBNSKa32cores'
15:03 bilby INFO    : Running for label 'AT170817', output will be saved to 'outdirBNSKa32cores'
15:03 bilby INFO    : Running for label 'AT170817', output will be saved to 'outdirBNSKa32cores'
15:03 bilby INFO    : Running for label 'AT170817', output will be saved to 'outdirBNSKa32cores'
15:03 bilby INFO    : Running for label 'AT170817', output will be saved to 'outdirBNSKa32cores'
15:03 bilby INFO    : Running for label 'AT170817', output will be saved to 'outdirBNSKa32cores'
15:03 bilby INFO    : Running for label 'AT170817', output will be saved to 'outdirBNSKa32cores'
15:03 bilby INFO    : Running for label 'AT170817', output will be saved to 'outdirBNSKa32cores'
15:03 bilby INFO    : Running for label 'AT170817', output will be saved to 'outdirBNSKa32cores'
15:03 bilby INFO    : Running for label 'AT170817', output will be saved to 'outdirBNSKa32cores'
15:03 bilby INFO    : Running for label 'AT170817', output will be saved to 'outdirBNSKa32cores'
15:03 bilby INFO    : Running for label 'AT170817', output will be saved to 'outdirBNSKa32cores'
15:03 bilby INFO    : Running for label 'AT170817', output will be saved to 'outdirBNSKa32cores'
15:03 bilby INFO    : Running for label 'AT170817', output will be saved to 'outdirBNSKa32cores'
15:03 bilby INFO    : Running for label 'AT170817', output will be saved to 'outdirBNSKa32cores'
15:03 bilby INFO    : Running for label 'AT170817', output will be saved to 'outdirBNSKa32cores'
15:03 bilby INFO    : Running for label 'AT170817', output will be saved to 'outdirBNSKa32cores'
15:03 bilby INFO    : Running for label 'AT170817', output will be saved to 'outdirBNSKa32cores'
15:03 bilby INFO    : Running for label 'AT170817', output will be saved to 'outdirBNSKa32cores'
15:03 bilby INFO    : Running for label 'AT170817', output will be saved to 'outdirBNSKa32cores'
15:03 bilby INFO    : Analysis priors:
15:03 bilby INFO    : Analysis priors:
15:03 bilby INFO    : Analysis priors:
15:03 bilby INFO    : Analysis priors:
15:03 bilby INFO    : Analysis priors:
15:03 bilby INFO    : Analysis priors:
15:03 bilby INFO    : Analysis priors:
15:03 bilby INFO    : Analysis priors:
15:03 bilby INFO    : Analysis priors:
15:03 bilby INFO    : Analysis priors:
15:03 bilby INFO    : Analysis priors:
15:03 bilby INFO    : Analysis priors:
15:03 bilby INFO    : Analysis priors:
15:03 bilby INFO    : Analysis priors:
15:03 bilby INFO    : Analysis priors:
15:03 bilby INFO    : Analysis priors:
15:03 bilby INFO    : Analysis priors:
15:03 bilby INFO    : Analysis priors:
15:03 bilby INFO    : Analysis priors:
15:03 bilby INFO    : Analysis priors:
15:03 bilby INFO    : Analysis priors:
15:03 bilby INFO    : Analysis priors:
15:03 bilby INFO    : Analysis priors:
15:03 bilby INFO    : Analysis priors:
15:03 bilby INFO    : Analysis priors:
15:03 bilby INFO    : Analysis priors:
15:03 bilby INFO    : Analysis priors:
15:03 bilby INFO    : Analysis priors:
15:03 bilby INFO    : Analysis priors:
15:03 bilby INFO    : Analysis priors:
15:03 bilby INFO    : Analysis priors:
15:03 bilby INFO    : Analysis priors:
15:03 bilby INFO    : KNphi=Uniform(minimum=15.0, maximum=75.0, name='KNphi', latex_label='$\\Phi$', unit=None, boundary=None)
15:03 bilby INFO    : KNphi=Uniform(minimum=15.0, maximum=75.0, name='KNphi', latex_label='$\\Phi$', unit=None, boundary=None)
15:03 bilby INFO    : log10_mej_dyn=Uniform(minimum=-3.0, maximum=-1.0, name='log10_mej_dyn', latex_label='$\\log_{10}M^{\\rm{dyn}}_{\\rm{ej}}$', unit=None, boundary='reflective')
15:03 bilby INFO    : log10_mej_wind=Uniform(minimum=-3.0, maximum=-0.5, name='log10_mej_wind', latex_label='$\\log_{10}M^{\\rm{wind}}_{\\rm{ej}}$', unit=None, boundary='reflective')
15:03 bilby INFO    : KNphi=Uniform(minimum=15.0, maximum=75.0, name='KNphi', latex_label='$\\Phi$', unit=None, boundary=None)
15:03 bilby INFO    : log10_mej_dyn=Uniform(minimum=-3.0, maximum=-1.0, name='log10_mej_dyn', latex_label='$\\log_{10}M^{\\rm{dyn}}_{\\rm{ej}}$', unit=None, boundary='reflective')
15:03 bilby INFO    : KNphi=Uniform(minimum=15.0, maximum=75.0, name='KNphi', latex_label='$\\Phi$', unit=None, boundary=None)
15:03 bilby INFO    : KNphi=Uniform(minimum=15.0, maximum=75.0, name='KNphi', latex_label='$\\Phi$', unit=None, boundary=None)
15:03 bilby INFO    : log10_mej_dyn=Uniform(minimum=-3.0, maximum=-1.0, name='log10_mej_dyn', latex_label='$\\log_{10}M^{\\rm{dyn}}_{\\rm{ej}}$', unit=None, boundary='reflective')
15:03 bilby INFO    : log10_mej_wind=Uniform(minimum=-3.0, maximum=-0.5, name='log10_mej_wind', latex_label='$\\log_{10}M^{\\rm{wind}}_{\\rm{ej}}$', unit=None, boundary='reflective')
15:03 bilby INFO    : inclination_EM=Sine(minimum=0.0, maximum=0.7853981633974483, name='inclination_EM', latex_label='$\\iota$', unit=None, boundary=None)
15:03 bilby INFO    : KNphi=Uniform(minimum=15.0, maximum=75.0, name='KNphi', latex_label='$\\Phi$', unit=None, boundary=None)
15:03 bilby INFO    : log10_mej_dyn=Uniform(minimum=-3.0, maximum=-1.0, name='log10_mej_dyn', latex_label='$\\log_{10}M^{\\rm{dyn}}_{\\rm{ej}}$', unit=None, boundary='reflective')
15:03 bilby INFO    : log10_mej_wind=Uniform(minimum=-3.0, maximum=-0.5, name='log10_mej_wind', latex_label='$\\log_{10}M^{\\rm{wind}}_{\\rm{ej}}$', unit=None, boundary='reflective')
15:03 bilby INFO    : KNphi=Uniform(minimum=15.0, maximum=75.0, name='KNphi', latex_label='$\\Phi$', unit=None, boundary=None)
15:03 bilby INFO    : log10_mej_dyn=Uniform(minimum=-3.0, maximum=-1.0, name='log10_mej_dyn', latex_label='$\\log_{10}M^{\\rm{dyn}}_{\\rm{ej}}$', unit=None, boundary='reflective')
15:03 bilby INFO    : log10_mej_wind=Uniform(minimum=-3.0, maximum=-0.5, name='log10_mej_wind', latex_label='$\\log_{10}M^{\\rm{wind}}_{\\rm{ej}}$', unit=None, boundary='reflective')
15:03 bilby INFO    : KNphi=Uniform(minimum=15.0, maximum=75.0, name='KNphi', latex_label='$\\Phi$', unit=None, boundary=None)
15:03 bilby INFO    : log10_mej_dyn=Uniform(minimum=-3.0, maximum=-1.0, name='log10_mej_dyn', latex_label='$\\log_{10}M^{\\rm{dyn}}_{\\rm{ej}}$', unit=None, boundary='reflective')
15:03 bilby INFO    : log10_mej_wind=Uniform(minimum=-3.0, maximum=-0.5, name='log10_mej_wind', latex_label='$\\log_{10}M^{\\rm{wind}}_{\\rm{ej}}$', unit=None, boundary='reflective')
15:03 bilby INFO    : KNphi=Uniform(minimum=15.0, maximum=75.0, name='KNphi', latex_label='$\\Phi$', unit=None, boundary=None)
15:03 bilby INFO    : KNphi=Uniform(minimum=15.0, maximum=75.0, name='KNphi', latex_label='$\\Phi$', unit=None, boundary=None)
15:03 bilby INFO    : KNphi=Uniform(minimum=15.0, maximum=75.0, name='KNphi', latex_label='$\\Phi$', unit=None, boundary=None)
15:03 bilby INFO    : log10_mej_dyn=Uniform(minimum=-3.0, maximum=-1.0, name='log10_mej_dyn', latex_label='$\\log_{10}M^{\\rm{dyn}}_{\\rm{ej}}$', unit=None, boundary='reflective')
15:03 bilby INFO    : log10_mej_wind=Uniform(minimum=-3.0, maximum=-0.5, name='log10_mej_wind', latex_label='$\\log_{10}M^{\\rm{wind}}_{\\rm{ej}}$', unit=None, boundary='reflective')
15:03 bilby INFO    : KNphi=Uniform(minimum=15.0, maximum=75.0, name='KNphi', latex_label='$\\Phi$', unit=None, boundary=None)
15:03 bilby INFO    : KNphi=Uniform(minimum=15.0, maximum=75.0, name='KNphi', latex_label='$\\Phi$', unit=None, boundary=None)
15:03 bilby INFO    : log10_mej_dyn=Uniform(minimum=-3.0, maximum=-1.0, name='log10_mej_dyn', latex_label='$\\log_{10}M^{\\rm{dyn}}_{\\rm{ej}}$', unit=None, boundary='reflective')
15:03 bilby INFO    : log10_mej_wind=Uniform(minimum=-3.0, maximum=-0.5, name='log10_mej_wind', latex_label='$\\log_{10}M^{\\rm{wind}}_{\\rm{ej}}$', unit=None, boundary='reflective')
15:03 bilby INFO    : KNphi=Uniform(minimum=15.0, maximum=75.0, name='KNphi', latex_label='$\\Phi$', unit=None, boundary=None)
15:03 bilby INFO    : log10_mej_wind=Uniform(minimum=-3.0, maximum=-0.5, name='log10_mej_wind', latex_label='$\\log_{10}M^{\\rm{wind}}_{\\rm{ej}}$', unit=None, boundary='reflective')
15:03 bilby INFO    : KNphi=Uniform(minimum=15.0, maximum=75.0, name='KNphi', latex_label='$\\Phi$', unit=None, boundary=None)
15:03 bilby INFO    : luminosity_distance=LogUniform(minimum=1, maximum=3000, name='luminosity_distance', latex_label='$D_L$', unit=None, boundary=None)
15:03 bilby INFO    : KNphi=Uniform(minimum=15.0, maximum=75.0, name='KNphi', latex_label='$\\Phi$', unit=None, boundary=None)
15:03 bilby INFO    : inclination_EM=Sine(minimum=0.0, maximum=0.7853981633974483, name='inclination_EM', latex_label='$\\iota$', unit=None, boundary=None)
15:03 bilby INFO    : KNphi=Uniform(minimum=15.0, maximum=75.0, name='KNphi', latex_label='$\\Phi$', unit=None, boundary=None)
15:03 bilby INFO    : KNphi=Uniform(minimum=15.0, maximum=75.0, name='KNphi', latex_label='$\\Phi$', unit=None, boundary=None)
15:03 bilby INFO    : KNphi=Uniform(minimum=15.0, maximum=75.0, name='KNphi', latex_label='$\\Phi$', unit=None, boundary=None)
15:03 bilby INFO    : KNphi=Uniform(minimum=15.0, maximum=75.0, name='KNphi', latex_label='$\\Phi$', unit=None, boundary=None)
15:03 bilby INFO    : KNphi=Uniform(minimum=15.0, maximum=75.0, name='KNphi', latex_label='$\\Phi$', unit=None, boundary=None)
15:03 bilby INFO    : log10_mej_dyn=Uniform(minimum=-3.0, maximum=-1.0, name='log10_mej_dyn', latex_label='$\\log_{10}M^{\\rm{dyn}}_{\\rm{ej}}$', unit=None, boundary='reflective')
15:03 bilby INFO    : KNphi=Uniform(minimum=15.0, maximum=75.0, name='KNphi', latex_label='$\\Phi$', unit=None, boundary=None)
15:03 bilby INFO    : KNphi=Uniform(minimum=15.0, maximum=75.0, name='KNphi', latex_label='$\\Phi$', unit=None, boundary=None)
15:03 bilby INFO    : KNphi=Uniform(minimum=15.0, maximum=75.0, name='KNphi', latex_label='$\\Phi$', unit=None, boundary=None)
15:03 bilby INFO    : KNphi=Uniform(minimum=15.0, maximum=75.0, name='KNphi', latex_label='$\\Phi$', unit=None, boundary=None)
15:03 bilby INFO    : KNphi=Uniform(minimum=15.0, maximum=75.0, name='KNphi', latex_label='$\\Phi$', unit=None, boundary=None)
15:03 bilby INFO    : log10_mej_dyn=Uniform(minimum=-3.0, maximum=-1.0, name='log10_mej_dyn', latex_label='$\\log_{10}M^{\\rm{dyn}}_{\\rm{ej}}$', unit=None, boundary='reflective')
15:03 bilby INFO    : inclination_EM=Sine(minimum=0.0, maximum=0.7853981633974483, name='inclination_EM', latex_label='$\\iota$', unit=None, boundary=None)
15:03 bilby INFO    : KNphi=Uniform(minimum=15.0, maximum=75.0, name='KNphi', latex_label='$\\Phi$', unit=None, boundary=None)
15:03 bilby INFO    : log10_mej_dyn=Uniform(minimum=-3.0, maximum=-1.0, name='log10_mej_dyn', latex_label='$\\log_{10}M^{\\rm{dyn}}_{\\rm{ej}}$', unit=None, boundary='reflective')
15:03 bilby INFO    : inclination_EM=Sine(minimum=0.0, maximum=0.7853981633974483, name='inclination_EM', latex_label='$\\iota$', unit=None, boundary=None)
15:03 bilby INFO    : KNphi=Uniform(minimum=15.0, maximum=75.0, name='KNphi', latex_label='$\\Phi$', unit=None, boundary=None)
15:03 bilby INFO    : KNphi=Uniform(minimum=15.0, maximum=75.0, name='KNphi', latex_label='$\\Phi$', unit=None, boundary=None)
15:03 bilby INFO    : log10_mej_dyn=Uniform(minimum=-3.0, maximum=-1.0, name='log10_mej_dyn', latex_label='$\\log_{10}M^{\\rm{dyn}}_{\\rm{ej}}$', unit=None, boundary='reflective')
15:03 bilby INFO    : KNphi=Uniform(minimum=15.0, maximum=75.0, name='KNphi', latex_label='$\\Phi$', unit=None, boundary=None)
15:03 bilby INFO    : KNphi=Uniform(minimum=15.0, maximum=75.0, name='KNphi', latex_label='$\\Phi$', unit=None, boundary=None)
15:03 bilby INFO    : log10_mej_dyn=Uniform(minimum=-3.0, maximum=-1.0, name='log10_mej_dyn', latex_label='$\\log_{10}M^{\\rm{dyn}}_{\\rm{ej}}$', unit=None, boundary='reflective')
15:03 bilby INFO    : KNphi=Uniform(minimum=15.0, maximum=75.0, name='KNphi', latex_label='$\\Phi$', unit=None, boundary=None)
15:03 bilby INFO    : inclination_EM=Sine(minimum=0.0, maximum=0.7853981633974483, name='inclination_EM', latex_label='$\\iota$', unit=None, boundary=None)
15:03 bilby INFO    : em_syserr=LogUniform(minimum=0.01, maximum=2.0, name='em_syserr', latex_label='$\\sigma$', unit=None, boundary=None)
15:03 bilby INFO    : log10_mej_dyn=Uniform(minimum=-3.0, maximum=-1.0, name='log10_mej_dyn', latex_label='$\\log_{10}M^{\\rm{dyn}}_{\\rm{ej}}$', unit=None, boundary='reflective')
15:03 bilby INFO    : inclination_EM=Sine(minimum=0.0, maximum=0.7853981633974483, name='inclination_EM', latex_label='$\\iota$', unit=None, boundary=None)
15:03 bilby INFO    : log10_mej_dyn=Uniform(minimum=-3.0, maximum=-1.0, name='log10_mej_dyn', latex_label='$\\log_{10}M^{\\rm{dyn}}_{\\rm{ej}}$', unit=None, boundary='reflective')
15:03 bilby INFO    : log10_mej_dyn=Uniform(minimum=-3.0, maximum=-1.0, name='log10_mej_dyn', latex_label='$\\log_{10}M^{\\rm{dyn}}_{\\rm{ej}}$', unit=None, boundary='reflective')
15:03 bilby INFO    : log10_mej_dyn=Uniform(minimum=-3.0, maximum=-1.0, name='log10_mej_dyn', latex_label='$\\log_{10}M^{\\rm{dyn}}_{\\rm{ej}}$', unit=None, boundary='reflective')
15:03 bilby INFO    : log10_mej_dyn=Uniform(minimum=-3.0, maximum=-1.0, name='log10_mej_dyn', latex_label='$\\log_{10}M^{\\rm{dyn}}_{\\rm{ej}}$', unit=None, boundary='reflective')
15:03 bilby INFO    : log10_mej_dyn=Uniform(minimum=-3.0, maximum=-1.0, name='log10_mej_dyn', latex_label='$\\log_{10}M^{\\rm{dyn}}_{\\rm{ej}}$', unit=None, boundary='reflective')
15:03 bilby INFO    : log10_mej_dyn=Uniform(minimum=-3.0, maximum=-1.0, name='log10_mej_dyn', latex_label='$\\log_{10}M^{\\rm{dyn}}_{\\rm{ej}}$', unit=None, boundary='reflective')
15:03 bilby INFO    : log10_mej_dyn=Uniform(minimum=-3.0, maximum=-1.0, name='log10_mej_dyn', latex_label='$\\log_{10}M^{\\rm{dyn}}_{\\rm{ej}}$', unit=None, boundary='reflective')
15:03 bilby INFO    : timeshift=0.0
15:03 bilby INFO    : luminosity_distance=LogUniform(minimum=1, maximum=3000, name='luminosity_distance', latex_label='$D_L$', unit=None, boundary=None)
15:03 bilby INFO    : log10_mej_dyn=Uniform(minimum=-3.0, maximum=-1.0, name='log10_mej_dyn', latex_label='$\\log_{10}M^{\\rm{dyn}}_{\\rm{ej}}$', unit=None, boundary='reflective')
15:03 bilby INFO    : inclination_EM=Sine(minimum=0.0, maximum=0.7853981633974483, name='inclination_EM', latex_label='$\\iota$', unit=None, boundary=None)
15:03 bilby INFO    : log10_mej_wind=Uniform(minimum=-3.0, maximum=-0.5, name='log10_mej_wind', latex_label='$\\log_{10}M^{\\rm{wind}}_{\\rm{ej}}$', unit=None, boundary='reflective')
15:03 bilby INFO    : log10_mej_dyn=Uniform(minimum=-3.0, maximum=-1.0, name='log10_mej_dyn', latex_label='$\\log_{10}M^{\\rm{dyn}}_{\\rm{ej}}$', unit=None, boundary='reflective')
15:03 bilby INFO    : log10_mej_dyn=Uniform(minimum=-3.0, maximum=-1.0, name='log10_mej_dyn', latex_label='$\\log_{10}M^{\\rm{dyn}}_{\\rm{ej}}$', unit=None, boundary='reflective')
15:03 bilby INFO    : log10_mej_wind=Uniform(minimum=-3.0, maximum=-0.5, name='log10_mej_wind', latex_label='$\\log_{10}M^{\\rm{wind}}_{\\rm{ej}}$', unit=None, boundary='reflective')
15:03 bilby INFO    : log10_mej_dyn=Uniform(minimum=-3.0, maximum=-1.0, name='log10_mej_dyn', latex_label='$\\log_{10}M^{\\rm{dyn}}_{\\rm{ej}}$', unit=None, boundary='reflective')
15:03 bilby INFO    : Ebv=0.0
15:03 bilby INFO    : log10_mej_wind=Uniform(minimum=-3.0, maximum=-0.5, name='log10_mej_wind', latex_label='$\\log_{10}M^{\\rm{wind}}_{\\rm{ej}}$', unit=None, boundary='reflective')
15:03 bilby INFO    : luminosity_distance=LogUniform(minimum=1, maximum=3000, name='luminosity_distance', latex_label='$D_L$', unit=None, boundary=None)
15:03 bilby INFO    : log10_mej_dyn=Uniform(minimum=-3.0, maximum=-1.0, name='log10_mej_dyn', latex_label='$\\log_{10}M^{\\rm{dyn}}_{\\rm{ej}}$', unit=None, boundary='reflective')
15:03 bilby INFO    : log10_mej_wind=Uniform(minimum=-3.0, maximum=-0.5, name='log10_mej_wind', latex_label='$\\log_{10}M^{\\rm{wind}}_{\\rm{ej}}$', unit=None, boundary='reflective')
15:03 bilby INFO    : log10_mej_dyn=Uniform(minimum=-3.0, maximum=-1.0, name='log10_mej_dyn', latex_label='$\\log_{10}M^{\\rm{dyn}}_{\\rm{ej}}$', unit=None, boundary='reflective')
15:03 bilby INFO    : luminosity_distance=LogUniform(minimum=1, maximum=3000, name='luminosity_distance', latex_label='$D_L$', unit=None, boundary=None)
15:03 bilby INFO    : log10_mej_dyn=Uniform(minimum=-3.0, maximum=-1.0, name='log10_mej_dyn', latex_label='$\\log_{10}M^{\\rm{dyn}}_{\\rm{ej}}$', unit=None, boundary='reflective')
15:03 bilby INFO    : log10_mej_dyn=Uniform(minimum=-3.0, maximum=-1.0, name='log10_mej_dyn', latex_label='$\\log_{10}M^{\\rm{dyn}}_{\\rm{ej}}$', unit=None, boundary='reflective')
15:03 bilby INFO    : log10_mej_wind=Uniform(minimum=-3.0, maximum=-0.5, name='log10_mej_wind', latex_label='$\\log_{10}M^{\\rm{wind}}_{\\rm{ej}}$', unit=None, boundary='reflective')
15:03 bilby INFO    : log10_mej_dyn=Uniform(minimum=-3.0, maximum=-1.0, name='log10_mej_dyn', latex_label='$\\log_{10}M^{\\rm{dyn}}_{\\rm{ej}}$', unit=None, boundary='reflective')
15:03 bilby INFO    : Analysis likelihood class: <class 'nmma.em.likelihood.OpticalLightCurve'>
15:03 bilby INFO    : log10_mej_wind=Uniform(minimum=-3.0, maximum=-0.5, name='log10_mej_wind', latex_label='$\\log_{10}M^{\\rm{wind}}_{\\rm{ej}}$', unit=None, boundary='reflective')
15:03 bilby INFO    : log10_mej_dyn=Uniform(minimum=-3.0, maximum=-1.0, name='log10_mej_dyn', latex_label='$\\log_{10}M^{\\rm{dyn}}_{\\rm{ej}}$', unit=None, boundary='reflective')
15:03 bilby INFO    : luminosity_distance=LogUniform(minimum=1, maximum=3000, name='luminosity_distance', latex_label='$D_L$', unit=None, boundary=None)
15:03 bilby INFO    : log10_mej_dyn=Uniform(minimum=-3.0, maximum=-1.0, name='log10_mej_dyn', latex_label='$\\log_{10}M^{\\rm{dyn}}_{\\rm{ej}}$', unit=None, boundary='reflective')
15:03 bilby INFO    : log10_mej_wind=Uniform(minimum=-3.0, maximum=-0.5, name='log10_mej_wind', latex_label='$\\log_{10}M^{\\rm{wind}}_{\\rm{ej}}$', unit=None, boundary='reflective')
15:03 bilby INFO    : luminosity_distance=LogUniform(minimum=1, maximum=3000, name='luminosity_distance', latex_label='$D_L$', unit=None, boundary=None)
15:03 bilby INFO    : em_syserr=LogUniform(minimum=0.01, maximum=2.0, name='em_syserr', latex_label='$\\sigma$', unit=None, boundary=None)
15:03 bilby INFO    : log10_mej_wind=Uniform(minimum=-3.0, maximum=-0.5, name='log10_mej_wind', latex_label='$\\log_{10}M^{\\rm{wind}}_{\\rm{ej}}$', unit=None, boundary='reflective')
15:03 bilby INFO    : log10_mej_wind=Uniform(minimum=-3.0, maximum=-0.5, name='log10_mej_wind', latex_label='$\\log_{10}M^{\\rm{wind}}_{\\rm{ej}}$', unit=None, boundary='reflective')
15:03 bilby INFO    : Analysis likelihood noise evidence: 0.0
15:03 bilby INFO    : log10_mej_wind=Uniform(minimum=-3.0, maximum=-0.5, name='log10_mej_wind', latex_label='$\\log_{10}M^{\\rm{wind}}_{\\rm{ej}}$', unit=None, boundary='reflective')
15:03 bilby INFO    : log10_mej_wind=Uniform(minimum=-3.0, maximum=-0.5, name='log10_mej_wind', latex_label='$\\log_{10}M^{\\rm{wind}}_{\\rm{ej}}$', unit=None, boundary='reflective')
15:03 bilby INFO    : log10_mej_wind=Uniform(minimum=-3.0, maximum=-0.5, name='log10_mej_wind', latex_label='$\\log_{10}M^{\\rm{wind}}_{\\rm{ej}}$', unit=None, boundary='reflective')
15:03 bilby INFO    : log10_mej_wind=Uniform(minimum=-3.0, maximum=-0.5, name='log10_mej_wind', latex_label='$\\log_{10}M^{\\rm{wind}}_{\\rm{ej}}$', unit=None, boundary='reflective')
15:03 bilby INFO    : timeshift=0.0
15:03 bilby INFO    : log10_mej_wind=Uniform(minimum=-3.0, maximum=-0.5, name='log10_mej_wind', latex_label='$\\log_{10}M^{\\rm{wind}}_{\\rm{ej}}$', unit=None, boundary='reflective')
15:03 bilby INFO    : log10_mej_wind=Uniform(minimum=-3.0, maximum=-0.5, name='log10_mej_wind', latex_label='$\\log_{10}M^{\\rm{wind}}_{\\rm{ej}}$', unit=None, boundary='reflective')
15:03 bilby INFO    : luminosity_distance=LogUniform(minimum=1, maximum=3000, name='luminosity_distance', latex_label='$D_L$', unit=None, boundary=None)
15:03 bilby INFO    : inclination_EM=Sine(minimum=0.0, maximum=0.7853981633974483, name='inclination_EM', latex_label='$\\iota$', unit=None, boundary=None)
15:03 bilby INFO    : log10_mej_wind=Uniform(minimum=-3.0, maximum=-0.5, name='log10_mej_wind', latex_label='$\\log_{10}M^{\\rm{wind}}_{\\rm{ej}}$', unit=None, boundary='reflective')
15:03 bilby INFO    : log10_mej_wind=Uniform(minimum=-3.0, maximum=-0.5, name='log10_mej_wind', latex_label='$\\log_{10}M^{\\rm{wind}}_{\\rm{ej}}$', unit=None, boundary='reflective')
15:03 bilby INFO    : em_syserr=LogUniform(minimum=0.01, maximum=2.0, name='em_syserr', latex_label='$\\sigma$', unit=None, boundary=None)
15:03 bilby INFO    : log10_mej_wind=Uniform(minimum=-3.0, maximum=-0.5, name='log10_mej_wind', latex_label='$\\log_{10}M^{\\rm{wind}}_{\\rm{ej}}$', unit=None, boundary='reflective')
15:03 bilby INFO    : log10_mej_wind=Uniform(minimum=-3.0, maximum=-0.5, name='log10_mej_wind', latex_label='$\\log_{10}M^{\\rm{wind}}_{\\rm{ej}}$', unit=None, boundary='reflective')
15:03 bilby INFO    : em_syserr=LogUniform(minimum=0.01, maximum=2.0, name='em_syserr', latex_label='$\\sigma$', unit=None, boundary=None)
15:03 bilby INFO    : log10_mej_wind=Uniform(minimum=-3.0, maximum=-0.5, name='log10_mej_wind', latex_label='$\\log_{10}M^{\\rm{wind}}_{\\rm{ej}}$', unit=None, boundary='reflective')
15:03 bilby INFO    : log10_mej_wind=Uniform(minimum=-3.0, maximum=-0.5, name='log10_mej_wind', latex_label='$\\log_{10}M^{\\rm{wind}}_{\\rm{ej}}$', unit=None, boundary='reflective')
15:03 bilby INFO    : log10_mej_wind=Uniform(minimum=-3.0, maximum=-0.5, name='log10_mej_wind', latex_label='$\\log_{10}M^{\\rm{wind}}_{\\rm{ej}}$', unit=None, boundary='reflective')
15:03 bilby INFO    : inclination_EM=Sine(minimum=0.0, maximum=0.7853981633974483, name='inclination_EM', latex_label='$\\iota$', unit=None, boundary=None)
15:03 bilby INFO    : inclination_EM=Sine(minimum=0.0, maximum=0.7853981633974483, name='inclination_EM', latex_label='$\\iota$', unit=None, boundary=None)
15:03 bilby INFO    : log10_mej_wind=Uniform(minimum=-3.0, maximum=-0.5, name='log10_mej_wind', latex_label='$\\log_{10}M^{\\rm{wind}}_{\\rm{ej}}$', unit=None, boundary='reflective')
15:03 bilby INFO    : inclination_EM=Sine(minimum=0.0, maximum=0.7853981633974483, name='inclination_EM', latex_label='$\\iota$', unit=None, boundary=None)
15:03 bilby INFO    : Ebv=0.0
15:03 bilby INFO    : timeshift=0.0
15:03 bilby INFO    : inclination_EM=Sine(minimum=0.0, maximum=0.7853981633974483, name='inclination_EM', latex_label='$\\iota$', unit=None, boundary=None)
15:03 bilby INFO    : timeshift=0.0
15:03 bilby INFO    : inclination_EM=Sine(minimum=0.0, maximum=0.7853981633974483, name='inclination_EM', latex_label='$\\iota$', unit=None, boundary=None)
15:03 bilby INFO    : log10_mej_wind=Uniform(minimum=-3.0, maximum=-0.5, name='log10_mej_wind', latex_label='$\\log_{10}M^{\\rm{wind}}_{\\rm{ej}}$', unit=None, boundary='reflective')
15:03 bilby INFO    : em_syserr=LogUniform(minimum=0.01, maximum=2.0, name='em_syserr', latex_label='$\\sigma$', unit=None, boundary=None)
15:03 bilby INFO    : em_syserr=LogUniform(minimum=0.01, maximum=2.0, name='em_syserr', latex_label='$\\sigma$', unit=None, boundary=None)
15:03 bilby INFO    : Analysis likelihood class: <class 'nmma.em.likelihood.OpticalLightCurve'>
15:03 bilby INFO    : Ebv=0.0
15:03 bilby INFO    : inclination_EM=Sine(minimum=0.0, maximum=0.7853981633974483, name='inclination_EM', latex_label='$\\iota$', unit=None, boundary=None)
15:03 bilby INFO    : Ebv=0.0
15:03 bilby INFO    : inclination_EM=Sine(minimum=0.0, maximum=0.7853981633974483, name='inclination_EM', latex_label='$\\iota$', unit=None, boundary=None)
15:03 bilby INFO    : timeshift=0.0
15:03 bilby INFO    : inclination_EM=Sine(minimum=0.0, maximum=0.7853981633974483, name='inclination_EM', latex_label='$\\iota$', unit=None, boundary=None)
15:03 bilby INFO    : inclination_EM=Sine(minimum=0.0, maximum=0.7853981633974483, name='inclination_EM', latex_label='$\\iota$', unit=None, boundary=None)
15:03 bilby INFO    : timeshift=0.0
15:03 bilby INFO    : Analysis likelihood noise evidence: 0.0
15:03 bilby INFO    : inclination_EM=Sine(minimum=0.0, maximum=0.7853981633974483, name='inclination_EM', latex_label='$\\iota$', unit=None, boundary=None)
15:03 bilby INFO    : inclination_EM=Sine(minimum=0.0, maximum=0.7853981633974483, name='inclination_EM', latex_label='$\\iota$', unit=None, boundary=None)
15:03 bilby INFO    : inclination_EM=Sine(minimum=0.0, maximum=0.7853981633974483, name='inclination_EM', latex_label='$\\iota$', unit=None, boundary=None)
15:03 bilby INFO    : inclination_EM=Sine(minimum=0.0, maximum=0.7853981633974483, name='inclination_EM', latex_label='$\\iota$', unit=None, boundary=None)
15:03 bilby INFO    : em_syserr=LogUniform(minimum=0.01, maximum=2.0, name='em_syserr', latex_label='$\\sigma$', unit=None, boundary=None)
15:03 bilby INFO    : inclination_EM=Sine(minimum=0.0, maximum=0.7853981633974483, name='inclination_EM', latex_label='$\\iota$', unit=None, boundary=None)
15:03 bilby INFO    : Analysis likelihood class: <class 'nmma.em.likelihood.OpticalLightCurve'>
15:03 bilby INFO    : inclination_EM=Sine(minimum=0.0, maximum=0.7853981633974483, name='inclination_EM', latex_label='$\\iota$', unit=None, boundary=None)
15:03 bilby INFO    : inclination_EM=Sine(minimum=0.0, maximum=0.7853981633974483, name='inclination_EM', latex_label='$\\iota$', unit=None, boundary=None)
15:03 bilby INFO    : Ebv=0.0
15:03 bilby INFO    : luminosity_distance=LogUniform(minimum=1, maximum=3000, name='luminosity_distance', latex_label='$D_L$', unit=None, boundary=None)
15:03 bilby INFO    : Ebv=0.0
15:03 bilby INFO    : inclination_EM=Sine(minimum=0.0, maximum=0.7853981633974483, name='inclination_EM', latex_label='$\\iota$', unit=None, boundary=None)
15:03 bilby INFO    : inclination_EM=Sine(minimum=0.0, maximum=0.7853981633974483, name='inclination_EM', latex_label='$\\iota$', unit=None, boundary=None)
15:03 bilby INFO    : luminosity_distance=LogUniform(minimum=1, maximum=3000, name='luminosity_distance', latex_label='$D_L$', unit=None, boundary=None)
15:03 bilby INFO    : Analysis likelihood class: <class 'nmma.em.likelihood.OpticalLightCurve'>
15:03 bilby INFO    : inclination_EM=Sine(minimum=0.0, maximum=0.7853981633974483, name='inclination_EM', latex_label='$\\iota$', unit=None, boundary=None)
15:03 bilby INFO    : inclination_EM=Sine(minimum=0.0, maximum=0.7853981633974483, name='inclination_EM', latex_label='$\\iota$', unit=None, boundary=None)
15:03 bilby INFO    : luminosity_distance=LogUniform(minimum=1, maximum=3000, name='luminosity_distance', latex_label='$D_L$', unit=None, boundary=None)
15:03 bilby INFO    : inclination_EM=Sine(minimum=0.0, maximum=0.7853981633974483, name='inclination_EM', latex_label='$\\iota$', unit=None, boundary=None)
15:03 bilby INFO    : luminosity_distance=LogUniform(minimum=1, maximum=3000, name='luminosity_distance', latex_label='$D_L$', unit=None, boundary=None)
15:03 bilby INFO    : inclination_EM=Sine(minimum=0.0, maximum=0.7853981633974483, name='inclination_EM', latex_label='$\\iota$', unit=None, boundary=None)
15:03 bilby INFO    : luminosity_distance=LogUniform(minimum=1, maximum=3000, name='luminosity_distance', latex_label='$D_L$', unit=None, boundary=None)
15:03 bilby INFO    : luminosity_distance=LogUniform(minimum=1, maximum=3000, name='luminosity_distance', latex_label='$D_L$', unit=None, boundary=None)
15:03 bilby INFO    : inclination_EM=Sine(minimum=0.0, maximum=0.7853981633974483, name='inclination_EM', latex_label='$\\iota$', unit=None, boundary=None)
15:03 bilby INFO    : Analysis likelihood class: <class 'nmma.em.likelihood.OpticalLightCurve'>
15:03 bilby INFO    : Analysis likelihood noise evidence: 0.0
15:03 bilby INFO    : luminosity_distance=LogUniform(minimum=1, maximum=3000, name='luminosity_distance', latex_label='$D_L$', unit=None, boundary=None)
15:03 bilby INFO    : timeshift=0.0
15:03 bilby INFO    : luminosity_distance=LogUniform(minimum=1, maximum=3000, name='luminosity_distance', latex_label='$D_L$', unit=None, boundary=None)
15:03 bilby INFO    : Analysis likelihood noise evidence: 0.0
15:03 bilby INFO    : Analysis likelihood class: <class 'nmma.em.likelihood.OpticalLightCurve'>
15:03 bilby INFO    : Analysis likelihood noise evidence: 0.0
15:03 bilby INFO    : Ebv=0.0
15:03 bilby INFO    : luminosity_distance=LogUniform(minimum=1, maximum=3000, name='luminosity_distance', latex_label='$D_L$', unit=None, boundary=None)
15:03 bilby INFO    : luminosity_distance=LogUniform(minimum=1, maximum=3000, name='luminosity_distance', latex_label='$D_L$', unit=None, boundary=None)
15:03 bilby INFO    : luminosity_distance=LogUniform(minimum=1, maximum=3000, name='luminosity_distance', latex_label='$D_L$', unit=None, boundary=None)
15:03 bilby INFO    : Analysis likelihood noise evidence: 0.0
15:03 bilby INFO    : luminosity_distance=LogUniform(minimum=1, maximum=3000, name='luminosity_distance', latex_label='$D_L$', unit=None, boundary=None)
15:03 bilby INFO    : luminosity_distance=LogUniform(minimum=1, maximum=3000, name='luminosity_distance', latex_label='$D_L$', unit=None, boundary=None)
15:03 bilby INFO    : luminosity_distance=LogUniform(minimum=1, maximum=3000, name='luminosity_distance', latex_label='$D_L$', unit=None, boundary=None)
15:03 bilby INFO    : luminosity_distance=LogUniform(minimum=1, maximum=3000, name='luminosity_distance', latex_label='$D_L$', unit=None, boundary=None)
15:03 bilby INFO    : luminosity_distance=LogUniform(minimum=1, maximum=3000, name='luminosity_distance', latex_label='$D_L$', unit=None, boundary=None)
15:03 bilby INFO    : Analysis likelihood class: <class 'nmma.em.likelihood.OpticalLightCurve'>
15:03 bilby INFO    : luminosity_distance=LogUniform(minimum=1, maximum=3000, name='luminosity_distance', latex_label='$D_L$', unit=None, boundary=None)
15:03 bilby INFO    : luminosity_distance=LogUniform(minimum=1, maximum=3000, name='luminosity_distance', latex_label='$D_L$', unit=None, boundary=None)
15:03 bilby INFO    : luminosity_distance=LogUniform(minimum=1, maximum=3000, name='luminosity_distance', latex_label='$D_L$', unit=None, boundary=None)
15:03 bilby INFO    : luminosity_distance=LogUniform(minimum=1, maximum=3000, name='luminosity_distance', latex_label='$D_L$', unit=None, boundary=None)
15:03 bilby INFO    : em_syserr=LogUniform(minimum=0.01, maximum=2.0, name='em_syserr', latex_label='$\\sigma$', unit=None, boundary=None)
15:03 bilby INFO    : em_syserr=LogUniform(minimum=0.01, maximum=2.0, name='em_syserr', latex_label='$\\sigma$', unit=None, boundary=None)
15:03 bilby INFO    : em_syserr=LogUniform(minimum=0.01, maximum=2.0, name='em_syserr', latex_label='$\\sigma$', unit=None, boundary=None)
15:03 bilby INFO    : em_syserr=LogUniform(minimum=0.01, maximum=2.0, name='em_syserr', latex_label='$\\sigma$', unit=None, boundary=None)
15:03 bilby INFO    : Analysis likelihood noise evidence: 0.0
15:03 bilby INFO    : em_syserr=LogUniform(minimum=0.01, maximum=2.0, name='em_syserr', latex_label='$\\sigma$', unit=None, boundary=None)
15:03 bilby INFO    : luminosity_distance=LogUniform(minimum=1, maximum=3000, name='luminosity_distance', latex_label='$D_L$', unit=None, boundary=None)
15:03 bilby INFO    : em_syserr=LogUniform(minimum=0.01, maximum=2.0, name='em_syserr', latex_label='$\\sigma$', unit=None, boundary=None)
15:03 bilby INFO    : luminosity_distance=LogUniform(minimum=1, maximum=3000, name='luminosity_distance', latex_label='$D_L$', unit=None, boundary=None)
15:03 bilby INFO    : em_syserr=LogUniform(minimum=0.01, maximum=2.0, name='em_syserr', latex_label='$\\sigma$', unit=None, boundary=None)
15:03 bilby INFO    : luminosity_distance=LogUniform(minimum=1, maximum=3000, name='luminosity_distance', latex_label='$D_L$', unit=None, boundary=None)
15:03 bilby INFO    : timeshift=0.0
15:03 bilby INFO    : em_syserr=LogUniform(minimum=0.01, maximum=2.0, name='em_syserr', latex_label='$\\sigma$', unit=None, boundary=None)
15:03 bilby INFO    : timeshift=0.0
15:03 bilby INFO    : luminosity_distance=LogUniform(minimum=1, maximum=3000, name='luminosity_distance', latex_label='$D_L$', unit=None, boundary=None)
15:03 bilby INFO    : timeshift=0.0
15:03 bilby INFO    : timeshift=0.0
15:03 bilby INFO    : timeshift=0.0
15:03 bilby INFO    : timeshift=0.0
15:03 bilby INFO    : timeshift=0.0
15:03 bilby INFO    : timeshift=0.0
15:03 bilby INFO    : Ebv=0.0
15:03 bilby INFO    : em_syserr=LogUniform(minimum=0.01, maximum=2.0, name='em_syserr', latex_label='$\\sigma$', unit=None, boundary=None)
15:03 bilby INFO    : em_syserr=LogUniform(minimum=0.01, maximum=2.0, name='em_syserr', latex_label='$\\sigma$', unit=None, boundary=None)
15:03 bilby INFO    : Ebv=0.0
15:03 bilby INFO    : em_syserr=LogUniform(minimum=0.01, maximum=2.0, name='em_syserr', latex_label='$\\sigma$', unit=None, boundary=None)
15:03 bilby INFO    : Ebv=0.0
15:03 bilby INFO    : Ebv=0.0
15:03 bilby INFO    : em_syserr=LogUniform(minimum=0.01, maximum=2.0, name='em_syserr', latex_label='$\\sigma$', unit=None, boundary=None)
15:03 bilby INFO    : em_syserr=LogUniform(minimum=0.01, maximum=2.0, name='em_syserr', latex_label='$\\sigma$', unit=None, boundary=None)
15:03 bilby INFO    : Analysis likelihood class: <class 'nmma.em.likelihood.OpticalLightCurve'>
15:03 bilby INFO    : Analysis likelihood class: <class 'nmma.em.likelihood.OpticalLightCurve'>
15:03 bilby INFO    : Ebv=0.0
15:03 bilby INFO    : Analysis likelihood class: <class 'nmma.em.likelihood.OpticalLightCurve'>
15:03 bilby INFO    : em_syserr=LogUniform(minimum=0.01, maximum=2.0, name='em_syserr', latex_label='$\\sigma$', unit=None, boundary=None)
15:03 bilby INFO    : em_syserr=LogUniform(minimum=0.01, maximum=2.0, name='em_syserr', latex_label='$\\sigma$', unit=None, boundary=None)
15:03 bilby INFO    : em_syserr=LogUniform(minimum=0.01, maximum=2.0, name='em_syserr', latex_label='$\\sigma$', unit=None, boundary=None)
15:03 bilby INFO    : em_syserr=LogUniform(minimum=0.01, maximum=2.0, name='em_syserr', latex_label='$\\sigma$', unit=None, boundary=None)
15:03 bilby INFO    : Ebv=0.0
15:03 bilby INFO    : Analysis likelihood class: <class 'nmma.em.likelihood.OpticalLightCurve'>
15:03 bilby INFO    : em_syserr=LogUniform(minimum=0.01, maximum=2.0, name='em_syserr', latex_label='$\\sigma$', unit=None, boundary=None)
15:03 bilby INFO    : timeshift=0.0
15:03 bilby INFO    : em_syserr=LogUniform(minimum=0.01, maximum=2.0, name='em_syserr', latex_label='$\\sigma$', unit=None, boundary=None)
15:03 bilby INFO    : Analysis likelihood class: <class 'nmma.em.likelihood.OpticalLightCurve'>
15:03 bilby INFO    : Ebv=0.0
15:03 bilby INFO    : Analysis likelihood class: <class 'nmma.em.likelihood.OpticalLightCurve'>
15:03 bilby INFO    : Ebv=0.0
15:03 bilby INFO    : Analysis likelihood class: <class 'nmma.em.likelihood.OpticalLightCurve'>
15:03 bilby INFO    : timeshift=0.0
15:03 bilby INFO    : em_syserr=LogUniform(minimum=0.01, maximum=2.0, name='em_syserr', latex_label='$\\sigma$', unit=None, boundary=None)
15:03 bilby INFO    : timeshift=0.0
15:03 bilby INFO    : Analysis likelihood class: <class 'nmma.em.likelihood.OpticalLightCurve'>
15:03 bilby INFO    : timeshift=0.0
15:03 bilby INFO    : timeshift=0.0
15:03 bilby INFO    : Analysis likelihood noise evidence: 0.0
15:03 bilby INFO    : em_syserr=LogUniform(minimum=0.01, maximum=2.0, name='em_syserr', latex_label='$\\sigma$', unit=None, boundary=None)
15:03 bilby INFO    : Analysis likelihood noise evidence: 0.0
15:03 bilby INFO    : timeshift=0.0
15:03 bilby INFO    : timeshift=0.0
15:03 bilby INFO    : timeshift=0.0
15:03 bilby INFO    : timeshift=0.0
15:03 bilby INFO    : timeshift=0.0
15:03 bilby INFO    : Ebv=0.0
15:03 bilby INFO    : em_syserr=LogUniform(minimum=0.01, maximum=2.0, name='em_syserr', latex_label='$\\sigma$', unit=None, boundary=None)
15:03 bilby INFO    : em_syserr=LogUniform(minimum=0.01, maximum=2.0, name='em_syserr', latex_label='$\\sigma$', unit=None, boundary=None)
15:03 bilby INFO    : timeshift=0.0
15:03 bilby INFO    : Ebv=0.0
15:03 bilby INFO    : timeshift=0.0
15:03 bilby INFO    : Analysis likelihood noise evidence: 0.0
15:03 bilby INFO    : em_syserr=LogUniform(minimum=0.01, maximum=2.0, name='em_syserr', latex_label='$\\sigma$', unit=None, boundary=None)
15:03 bilby INFO    : Analysis likelihood noise evidence: 0.0
15:03 bilby INFO    : Ebv=0.0
15:03 bilby INFO    : Analysis likelihood noise evidence: 0.0
15:03 bilby INFO    : Ebv=0.0
15:03 bilby INFO    : Analysis likelihood class: <class 'nmma.em.likelihood.OpticalLightCurve'>
15:03 bilby INFO    : Ebv=0.0
15:03 bilby INFO    : timeshift=0.0
15:03 bilby INFO    : Analysis likelihood noise evidence: 0.0
15:03 bilby INFO    : Ebv=0.0
15:03 bilby INFO    : Ebv=0.0
15:03 bilby INFO    : Analysis likelihood noise evidence: 0.0
15:03 bilby INFO    : Ebv=0.0
15:03 bilby INFO    : timeshift=0.0
15:03 bilby INFO    : Ebv=0.0
15:03 bilby INFO    : timeshift=0.0
15:03 bilby INFO    : Analysis likelihood class: <class 'nmma.em.likelihood.OpticalLightCurve'>
15:03 bilby INFO    : Ebv=0.0
15:03 bilby INFO    : Analysis likelihood noise evidence: 0.0
15:03 bilby INFO    : timeshift=0.0
15:03 bilby INFO    : Ebv=0.0
15:03 bilby INFO    : Ebv=0.0
15:03 bilby INFO    : Analysis likelihood class: <class 'nmma.em.likelihood.OpticalLightCurve'>
15:03 bilby INFO    : Analysis likelihood class: <class 'nmma.em.likelihood.OpticalLightCurve'>
15:03 bilby INFO    : Analysis likelihood noise evidence: 0.0
15:03 bilby INFO    : Analysis likelihood noise evidence: 0.0
15:03 bilby INFO    : Analysis likelihood class: <class 'nmma.em.likelihood.OpticalLightCurve'>
15:03 bilby INFO    : Ebv=0.0
15:03 bilby INFO    : Ebv=0.0
15:03 bilby INFO    : Analysis likelihood class: <class 'nmma.em.likelihood.OpticalLightCurve'>
15:03 bilby INFO    : Analysis likelihood class: <class 'nmma.em.likelihood.OpticalLightCurve'>
15:03 bilby INFO    : Analysis likelihood class: <class 'nmma.em.likelihood.OpticalLightCurve'>
15:03 bilby INFO    : Analysis likelihood noise evidence: 0.0
15:03 bilby INFO    : Analysis likelihood class: <class 'nmma.em.likelihood.OpticalLightCurve'>
15:03 bilby INFO    : Analysis likelihood noise evidence: 0.0
15:03 bilby INFO    : Analysis likelihood class: <class 'nmma.em.likelihood.OpticalLightCurve'>
15:03 bilby INFO    : Analysis likelihood noise evidence: 0.0
15:03 bilby INFO    : Ebv=0.0
15:03 bilby INFO    : Analysis likelihood class: <class 'nmma.em.likelihood.OpticalLightCurve'>
15:03 bilby INFO    : Ebv=0.0
15:03 bilby INFO    : Analysis likelihood class: <class 'nmma.em.likelihood.OpticalLightCurve'>
15:03 bilby INFO    : Analysis likelihood noise evidence: 0.0
15:03 bilby INFO    : Analysis likelihood class: <class 'nmma.em.likelihood.OpticalLightCurve'>
15:03 bilby INFO    : Analysis likelihood noise evidence: 0.0
15:03 bilby INFO    : Analysis likelihood noise evidence: 0.0
15:03 bilby INFO    : Analysis likelihood class: <class 'nmma.em.likelihood.OpticalLightCurve'>
15:03 bilby INFO    : Analysis likelihood noise evidence: 0.0
15:03 bilby INFO    : Analysis likelihood class: <class 'nmma.em.likelihood.OpticalLightCurve'>
15:03 bilby INFO    : Analysis likelihood noise evidence: 0.0
15:03 bilby INFO    : Analysis likelihood class: <class 'nmma.em.likelihood.OpticalLightCurve'>
15:03 bilby INFO    : Analysis likelihood noise evidence: 0.0
15:03 bilby INFO    : Analysis likelihood noise evidence: 0.0
15:03 bilby INFO    : Analysis likelihood noise evidence: 0.0
15:03 bilby INFO    : Analysis likelihood noise evidence: 0.0
15:03 bilby INFO    : Analysis likelihood noise evidence: 0.0
15:03 bilby INFO    : Analysis likelihood noise evidence: 0.0
15:03 bilby INFO    : inclination_EM=Sine(minimum=0.0, maximum=0.7853981633974483, name='inclination_EM', latex_label='$\\iota$', unit=None, boundary=None)
15:03 bilby INFO    : luminosity_distance=LogUniform(minimum=1, maximum=3000, name='luminosity_distance', latex_label='$D_L$', unit=None, boundary=None)
15:03 bilby INFO    : em_syserr=LogUniform(minimum=0.01, maximum=2.0, name='em_syserr', latex_label='$\\sigma$', unit=None, boundary=None)
15:03 bilby INFO    : timeshift=0.0
15:03 bilby INFO    : Ebv=0.0
15:03 bilby INFO    : Analysis likelihood class: <class 'nmma.em.likelihood.OpticalLightCurve'>
15:03 bilby INFO    : Analysis likelihood noise evidence: 0.0
15:03 bilby INFO    : Single likelihood evaluation took 1.092e-01 s
15:03 bilby INFO    : Single likelihood evaluation took 1.092e-01 s
15:03 bilby WARNING : Supplied argument 'queue_size' not an argument of 'Pymultinest', removing.
15:03 bilby WARNING : Supplied argument 'check_point_delta_t' not an argument of 'Pymultinest', removing.
15:03 bilby WARNING : Supplied argument 'queue_size' not an argument of 'Pymultinest', removing.
15:03 bilby WARNING : Supplied argument 'check_point_delta_t' not an argument of 'Pymultinest', removing.
15:03 bilby INFO    : Using sampler Pymultinest with kwargs {'importance_nested_sampling': False, 'resume': True, 'verbose': True, 'sampling_efficiency': 'parameter', 'n_live_points': 2048, 'n_params': 6, 'n_clustering_params': None, 'wrapped_params': None, 'multimodal': True, 'const_efficiency_mode': False, 'evidence_tolerance': 0.5, 'n_iter_before_update': 100, 'null_log_evidence': -1e+90, 'max_modes': 100, 'mode_tolerance': -1e+90, 'seed': 42, 'context': 0, 'write_output': True, 'log_zero': -1e+100, 'max_iter': 0, 'init_MPI': False, 'dump_callback': <bound method Pymultinest._dump_callback of <bilby.core.sampler.pymultinest.Pymultinest object at 0x15550427a080>>}
15:03 bilby INFO    : Using sampler Pymultinest with kwargs {'importance_nested_sampling': False, 'resume': True, 'verbose': True, 'sampling_efficiency': 'parameter', 'n_live_points': 2048, 'n_params': 6, 'n_clustering_params': None, 'wrapped_params': None, 'multimodal': True, 'const_efficiency_mode': False, 'evidence_tolerance': 0.5, 'n_iter_before_update': 100, 'null_log_evidence': -1e+90, 'max_modes': 100, 'mode_tolerance': -1e+90, 'seed': 42, 'context': 0, 'write_output': True, 'log_zero': -1e+100, 'max_iter': 0, 'init_MPI': False, 'dump_callback': <bound method Pymultinest._dump_callback of <bilby.core.sampler.pymultinest.Pymultinest object at 0x15550427e0e0>>}
15:03 bilby INFO    : Temporary directory incompatible with MPI, will run in original directory
15:03 bilby INFO    : Temporary directory incompatible with MPI, will run in original directory
15:03 bilby INFO    : Using output file outdirBNSKa32cores/pm_AT170817/
15:03 bilby INFO    : Using output file outdirBNSKa32cores/pm_AT170817/
15:03 bilby INFO    : Single likelihood evaluation took 1.789e-01 s
15:03 bilby INFO    : Single likelihood evaluation took 1.790e-01 s
15:03 bilby WARNING : Supplied argument 'queue_size' not an argument of 'Pymultinest', removing.
15:03 bilby WARNING : Supplied argument 'check_point_delta_t' not an argument of 'Pymultinest', removing.
15:03 bilby INFO    : Using sampler Pymultinest with kwargs {'importance_nested_sampling': False, 'resume': True, 'verbose': True, 'sampling_efficiency': 'parameter', 'n_live_points': 2048, 'n_params': 6, 'n_clustering_params': None, 'wrapped_params': None, 'multimodal': True, 'const_efficiency_mode': False, 'evidence_tolerance': 0.5, 'n_iter_before_update': 100, 'null_log_evidence': -1e+90, 'max_modes': 100, 'mode_tolerance': -1e+90, 'seed': 42, 'context': 0, 'write_output': True, 'log_zero': -1e+100, 'max_iter': 0, 'init_MPI': False, 'dump_callback': <bound method Pymultinest._dump_callback of <bilby.core.sampler.pymultinest.Pymultinest object at 0x1554ee4aa7a0>>}
15:03 bilby INFO    : Temporary directory incompatible with MPI, will run in original directory
15:03 bilby INFO    : Using output file outdirBNSKa32cores/pm_AT170817/
15:03 bilby WARNING : Supplied argument 'queue_size' not an argument of 'Pymultinest', removing.
15:03 bilby WARNING : Supplied argument 'check_point_delta_t' not an argument of 'Pymultinest', removing.
15:03 bilby INFO    : Using sampler Pymultinest with kwargs {'importance_nested_sampling': False, 'resume': True, 'verbose': True, 'sampling_efficiency': 'parameter', 'n_live_points': 2048, 'n_params': 6, 'n_clustering_params': None, 'wrapped_params': None, 'multimodal': True, 'const_efficiency_mode': False, 'evidence_tolerance': 0.5, 'n_iter_before_update': 100, 'null_log_evidence': -1e+90, 'max_modes': 100, 'mode_tolerance': -1e+90, 'seed': 42, 'context': 0, 'write_output': True, 'log_zero': -1e+100, 'max_iter': 0, 'init_MPI': False, 'dump_callback': <bound method Pymultinest._dump_callback of <bilby.core.sampler.pymultinest.Pymultinest object at 0x1554e96e62f0>>}
15:03 bilby INFO    : Temporary directory incompatible with MPI, will run in original directory
15:03 bilby INFO    : Using output file outdirBNSKa32cores/pm_AT170817/
15:03 bilby INFO    : Single likelihood evaluation took 2.359e-01 s
15:03 bilby INFO    : Single likelihood evaluation took 2.366e-01 s
15:03 bilby INFO    : Single likelihood evaluation took 2.367e-01 s
15:03 bilby INFO    : Single likelihood evaluation took 2.367e-01 s
15:03 bilby WARNING : Supplied argument 'queue_size' not an argument of 'Pymultinest', removing.
15:03 bilby WARNING : Supplied argument 'check_point_delta_t' not an argument of 'Pymultinest', removing.
15:03 bilby INFO    : Using sampler Pymultinest with kwargs {'importance_nested_sampling': False, 'resume': True, 'verbose': True, 'sampling_efficiency': 'parameter', 'n_live_points': 2048, 'n_params': 6, 'n_clustering_params': None, 'wrapped_params': None, 'multimodal': True, 'const_efficiency_mode': False, 'evidence_tolerance': 0.5, 'n_iter_before_update': 100, 'null_log_evidence': -1e+90, 'max_modes': 100, 'mode_tolerance': -1e+90, 'seed': 42, 'context': 0, 'write_output': True, 'log_zero': -1e+100, 'max_iter': 0, 'init_MPI': False, 'dump_callback': <bound method Pymultinest._dump_callback of <bilby.core.sampler.pymultinest.Pymultinest object at 0x1554f1efe3e0>>}
15:03 bilby INFO    : Temporary directory incompatible with MPI, will run in original directory
15:03 bilby INFO    : Using output file outdirBNSKa32cores/pm_AT170817/
15:03 bilby WARNING : Supplied argument 'queue_size' not an argument of 'Pymultinest', removing.
15:03 bilby WARNING : Supplied argument 'check_point_delta_t' not an argument of 'Pymultinest', removing.
15:03 bilby INFO    : Using sampler Pymultinest with kwargs {'importance_nested_sampling': False, 'resume': True, 'verbose': True, 'sampling_efficiency': 'parameter', 'n_live_points': 2048, 'n_params': 6, 'n_clustering_params': None, 'wrapped_params': None, 'multimodal': True, 'const_efficiency_mode': False, 'evidence_tolerance': 0.5, 'n_iter_before_update': 100, 'null_log_evidence': -1e+90, 'max_modes': 100, 'mode_tolerance': -1e+90, 'seed': 42, 'context': 0, 'write_output': True, 'log_zero': -1e+100, 'max_iter': 0, 'init_MPI': False, 'dump_callback': <bound method Pymultinest._dump_callback of <bilby.core.sampler.pymultinest.Pymultinest object at 0x1554f326e320>>}
15:03 bilby INFO    : Temporary directory incompatible with MPI, will run in original directory
15:03 bilby INFO    : Using output file outdirBNSKa32cores/pm_AT170817/
15:03 bilby WARNING : Supplied argument 'queue_size' not an argument of 'Pymultinest', removing.
15:03 bilby WARNING : Supplied argument 'queue_size' not an argument of 'Pymultinest', removing.
15:03 bilby WARNING : Supplied argument 'check_point_delta_t' not an argument of 'Pymultinest', removing.
15:03 bilby WARNING : Supplied argument 'check_point_delta_t' not an argument of 'Pymultinest', removing.
15:03 bilby INFO    : Using sampler Pymultinest with kwargs {'importance_nested_sampling': False, 'resume': True, 'verbose': True, 'sampling_efficiency': 'parameter', 'n_live_points': 2048, 'n_params': 6, 'n_clustering_params': None, 'wrapped_params': None, 'multimodal': True, 'const_efficiency_mode': False, 'evidence_tolerance': 0.5, 'n_iter_before_update': 100, 'null_log_evidence': -1e+90, 'max_modes': 100, 'mode_tolerance': -1e+90, 'seed': 42, 'context': 0, 'write_output': True, 'log_zero': -1e+100, 'max_iter': 0, 'init_MPI': False, 'dump_callback': <bound method Pymultinest._dump_callback of <bilby.core.sampler.pymultinest.Pymultinest object at 0x1554ee4aa4d0>>}
15:03 bilby INFO    : Using sampler Pymultinest with kwargs {'importance_nested_sampling': False, 'resume': True, 'verbose': True, 'sampling_efficiency': 'parameter', 'n_live_points': 2048, 'n_params': 6, 'n_clustering_params': None, 'wrapped_params': None, 'multimodal': True, 'const_efficiency_mode': False, 'evidence_tolerance': 0.5, 'n_iter_before_update': 100, 'null_log_evidence': -1e+90, 'max_modes': 100, 'mode_tolerance': -1e+90, 'seed': 42, 'context': 0, 'write_output': True, 'log_zero': -1e+100, 'max_iter': 0, 'init_MPI': False, 'dump_callback': <bound method Pymultinest._dump_callback of <bilby.core.sampler.pymultinest.Pymultinest object at 0x1554ef81a200>>}
15:03 bilby INFO    : Temporary directory incompatible with MPI, will run in original directory
15:03 bilby INFO    : Temporary directory incompatible with MPI, will run in original directory
15:03 bilby INFO    : Using output file outdirBNSKa32cores/pm_AT170817/
15:03 bilby INFO    : Using output file outdirBNSKa32cores/pm_AT170817/
15:03 bilby INFO    : Single likelihood evaluation took 2.917e-01 s
15:03 bilby INFO    : Single likelihood evaluation took 2.920e-01 s
15:03 bilby INFO    : Single likelihood evaluation took 2.922e-01 s
15:03 bilby INFO    : Single likelihood evaluation took 2.926e-01 s
15:03 bilby INFO    : Single likelihood evaluation took 2.934e-01 s
15:03 bilby INFO    : Single likelihood evaluation took 2.941e-01 s
15:03 bilby WARNING : Supplied argument 'queue_size' not an argument of 'Pymultinest', removing.
15:03 bilby INFO    : Single likelihood evaluation took 2.938e-01 s
15:03 bilby INFO    : Single likelihood evaluation took 2.941e-01 s
15:03 bilby WARNING : Supplied argument 'queue_size' not an argument of 'Pymultinest', removing.
15:03 bilby WARNING : Supplied argument 'check_point_delta_t' not an argument of 'Pymultinest', removing.
15:03 bilby WARNING : Supplied argument 'queue_size' not an argument of 'Pymultinest', removing.
15:03 bilby WARNING : Supplied argument 'check_point_delta_t' not an argument of 'Pymultinest', removing.
15:03 bilby WARNING : Supplied argument 'queue_size' not an argument of 'Pymultinest', removing.
15:03 bilby WARNING : Supplied argument 'check_point_delta_t' not an argument of 'Pymultinest', removing.
15:03 bilby WARNING : Supplied argument 'check_point_delta_t' not an argument of 'Pymultinest', removing.
15:03 bilby INFO    : Using sampler Pymultinest with kwargs {'importance_nested_sampling': False, 'resume': True, 'verbose': True, 'sampling_efficiency': 'parameter', 'n_live_points': 2048, 'n_params': 6, 'n_clustering_params': None, 'wrapped_params': None, 'multimodal': True, 'const_efficiency_mode': False, 'evidence_tolerance': 0.5, 'n_iter_before_update': 100, 'null_log_evidence': -1e+90, 'max_modes': 100, 'mode_tolerance': -1e+90, 'seed': 42, 'context': 0, 'write_output': True, 'log_zero': -1e+100, 'max_iter': 0, 'init_MPI': False, 'dump_callback': <bound method Pymultinest._dump_callback of <bilby.core.sampler.pymultinest.Pymultinest object at 0x1554eaa6a380>>}
15:03 bilby INFO    : Using sampler Pymultinest with kwargs {'importance_nested_sampling': False, 'resume': True, 'verbose': True, 'sampling_efficiency': 'parameter', 'n_live_points': 2048, 'n_params': 6, 'n_clustering_params': None, 'wrapped_params': None, 'multimodal': True, 'const_efficiency_mode': False, 'evidence_tolerance': 0.5, 'n_iter_before_update': 100, 'null_log_evidence': -1e+90, 'max_modes': 100, 'mode_tolerance': -1e+90, 'seed': 42, 'context': 0, 'write_output': True, 'log_zero': -1e+100, 'max_iter': 0, 'init_MPI': False, 'dump_callback': <bound method Pymultinest._dump_callback of <bilby.core.sampler.pymultinest.Pymultinest object at 0x1554eaa6e710>>}
15:03 bilby INFO    : Using sampler Pymultinest with kwargs {'importance_nested_sampling': False, 'resume': True, 'verbose': True, 'sampling_efficiency': 'parameter', 'n_live_points': 2048, 'n_params': 6, 'n_clustering_params': None, 'wrapped_params': None, 'multimodal': True, 'const_efficiency_mode': False, 'evidence_tolerance': 0.5, 'n_iter_before_update': 100, 'null_log_evidence': -1e+90, 'max_modes': 100, 'mode_tolerance': -1e+90, 'seed': 42, 'context': 0, 'write_output': True, 'log_zero': -1e+100, 'max_iter': 0, 'init_MPI': False, 'dump_callback': <bound method Pymultinest._dump_callback of <bilby.core.sampler.pymultinest.Pymultinest object at 0x1554e96fa380>>}
15:03 bilby INFO    : Using sampler Pymultinest with kwargs {'importance_nested_sampling': False, 'resume': True, 'verbose': True, 'sampling_efficiency': 'parameter', 'n_live_points': 2048, 'n_params': 6, 'n_clustering_params': None, 'wrapped_params': None, 'multimodal': True, 'const_efficiency_mode': False, 'evidence_tolerance': 0.5, 'n_iter_before_update': 100, 'null_log_evidence': -1e+90, 'max_modes': 100, 'mode_tolerance': -1e+90, 'seed': 42, 'context': 0, 'write_output': True, 'log_zero': -1e+100, 'max_iter': 0, 'init_MPI': False, 'dump_callback': <bound method Pymultinest._dump_callback of <bilby.core.sampler.pymultinest.Pymultinest object at 0x1554ebdde590>>}
15:03 bilby INFO    : Temporary directory incompatible with MPI, will run in original directory
15:03 bilby INFO    : Temporary directory incompatible with MPI, will run in original directory
15:03 bilby INFO    : Temporary directory incompatible with MPI, will run in original directory
15:03 bilby INFO    : Using output file outdirBNSKa32cores/pm_AT170817/
15:03 bilby INFO    : Temporary directory incompatible with MPI, will run in original directory
15:03 bilby INFO    : Using output file outdirBNSKa32cores/pm_AT170817/
15:03 bilby INFO    : Using output file outdirBNSKa32cores/pm_AT170817/
15:03 bilby INFO    : Using output file outdirBNSKa32cores/pm_AT170817/
15:03 bilby WARNING : Supplied argument 'queue_size' not an argument of 'Pymultinest', removing.
15:03 bilby WARNING : Supplied argument 'check_point_delta_t' not an argument of 'Pymultinest', removing.
15:03 bilby INFO    : Using sampler Pymultinest with kwargs {'importance_nested_sampling': False, 'resume': True, 'verbose': True, 'sampling_efficiency': 'parameter', 'n_live_points': 2048, 'n_params': 6, 'n_clustering_params': None, 'wrapped_params': None, 'multimodal': True, 'const_efficiency_mode': False, 'evidence_tolerance': 0.5, 'n_iter_before_update': 100, 'null_log_evidence': -1e+90, 'max_modes': 100, 'mode_tolerance': -1e+90, 'seed': 42, 'context': 0, 'write_output': True, 'log_zero': -1e+100, 'max_iter': 0, 'init_MPI': False, 'dump_callback': <bound method Pymultinest._dump_callback of <bilby.core.sampler.pymultinest.Pymultinest object at 0x1554eaa6e5c0>>}
15:03 bilby INFO    : Temporary directory incompatible with MPI, will run in original directory
15:03 bilby INFO    : Using output file outdirBNSKa32cores/pm_AT170817/
15:03 bilby WARNING : Supplied argument 'queue_size' not an argument of 'Pymultinest', removing.
15:03 bilby WARNING : Supplied argument 'queue_size' not an argument of 'Pymultinest', removing.
15:03 bilby WARNING : Supplied argument 'check_point_delta_t' not an argument of 'Pymultinest', removing.
15:03 bilby WARNING : Supplied argument 'queue_size' not an argument of 'Pymultinest', removing.
15:03 bilby WARNING : Supplied argument 'check_point_delta_t' not an argument of 'Pymultinest', removing.
15:03 bilby WARNING : Supplied argument 'check_point_delta_t' not an argument of 'Pymultinest', removing.
15:03 bilby INFO    : Using sampler Pymultinest with kwargs {'importance_nested_sampling': False, 'resume': True, 'verbose': True, 'sampling_efficiency': 'parameter', 'n_live_points': 2048, 'n_params': 6, 'n_clustering_params': None, 'wrapped_params': None, 'multimodal': True, 'const_efficiency_mode': False, 'evidence_tolerance': 0.5, 'n_iter_before_update': 100, 'null_log_evidence': -1e+90, 'max_modes': 100, 'mode_tolerance': -1e+90, 'seed': 42, 'context': 0, 'write_output': True, 'log_zero': -1e+100, 'max_iter': 0, 'init_MPI': False, 'dump_callback': <bound method Pymultinest._dump_callback of <bilby.core.sampler.pymultinest.Pymultinest object at 0x1554ee4be710>>}
15:03 bilby INFO    : Using sampler Pymultinest with kwargs {'importance_nested_sampling': False, 'resume': True, 'verbose': True, 'sampling_efficiency': 'parameter', 'n_live_points': 2048, 'n_params': 6, 'n_clustering_params': None, 'wrapped_params': None, 'multimodal': True, 'const_efficiency_mode': False, 'evidence_tolerance': 0.5, 'n_iter_before_update': 100, 'null_log_evidence': -1e+90, 'max_modes': 100, 'mode_tolerance': -1e+90, 'seed': 42, 'context': 0, 'write_output': True, 'log_zero': -1e+100, 'max_iter': 0, 'init_MPI': False, 'dump_callback': <bound method Pymultinest._dump_callback of <bilby.core.sampler.pymultinest.Pymultinest object at 0x1554e701abf0>>}
15:03 bilby INFO    : Using sampler Pymultinest with kwargs {'importance_nested_sampling': False, 'resume': True, 'verbose': True, 'sampling_efficiency': 'parameter', 'n_live_points': 2048, 'n_params': 6, 'n_clustering_params': None, 'wrapped_params': None, 'multimodal': True, 'const_efficiency_mode': False, 'evidence_tolerance': 0.5, 'n_iter_before_update': 100, 'null_log_evidence': -1e+90, 'max_modes': 100, 'mode_tolerance': -1e+90, 'seed': 42, 'context': 0, 'write_output': True, 'log_zero': -1e+100, 'max_iter': 0, 'init_MPI': False, 'dump_callback': <bound method Pymultinest._dump_callback of <bilby.core.sampler.pymultinest.Pymultinest object at 0x1554ef839e70>>}
15:03 bilby INFO    : Temporary directory incompatible with MPI, will run in original directory
15:03 bilby INFO    : Temporary directory incompatible with MPI, will run in original directory
15:03 bilby INFO    : Temporary directory incompatible with MPI, will run in original directory
15:03 bilby INFO    : Using output file outdirBNSKa32cores/pm_AT170817/
15:03 bilby INFO    : Using output file outdirBNSKa32cores/pm_AT170817/
15:03 bilby INFO    : Using output file outdirBNSKa32cores/pm_AT170817/
15:03 bilby INFO    : Single likelihood evaluation took 4.297e-01 s
15:03 bilby INFO    : Single likelihood evaluation took 4.327e-01 s
15:03 bilby INFO    : Single likelihood evaluation took 4.333e-01 s
15:03 bilby INFO    : Single likelihood evaluation took 4.336e-01 s
15:03 bilby INFO    : Single likelihood evaluation took 4.337e-01 s
15:03 bilby INFO    : Single likelihood evaluation took 4.337e-01 s
15:03 bilby INFO    : Single likelihood evaluation took 4.337e-01 s
15:03 bilby WARNING : Supplied argument 'queue_size' not an argument of 'Pymultinest', removing.
15:03 bilby WARNING : Supplied argument 'check_point_delta_t' not an argument of 'Pymultinest', removing.
15:03 bilby INFO    : Using sampler Pymultinest with kwargs {'importance_nested_sampling': False, 'resume': True, 'verbose': True, 'sampling_efficiency': 'parameter', 'n_live_points': 2048, 'n_params': 6, 'n_clustering_params': None, 'wrapped_params': None, 'multimodal': True, 'const_efficiency_mode': False, 'evidence_tolerance': 0.5, 'n_iter_before_update': 100, 'null_log_evidence': -1e+90, 'max_modes': 100, 'mode_tolerance': -1e+90, 'seed': 42, 'context': 0, 'write_output': True, 'log_zero': -1e+100, 'max_iter': 0, 'init_MPI': False, 'dump_callback': <bound method Pymultinest._dump_callback of <bilby.core.sampler.pymultinest.Pymultinest object at 0x1554c8a5e680>>}
15:03 bilby INFO    : Temporary directory incompatible with MPI, will run in original directory
15:03 bilby INFO    : Using output file outdirBNSKa32cores/pm_AT170817/
15:03 bilby INFO    : Single likelihood evaluation took 4.358e-01 s
15:03 bilby INFO    : Single likelihood evaluation took 4.359e-01 s
15:03 bilby INFO    : Single likelihood evaluation took 4.360e-01 s
15:03 bilby INFO    : Single likelihood evaluation took 4.360e-01 s
15:03 bilby INFO    : Single likelihood evaluation took 4.363e-01 s
15:03 bilby INFO    : Single likelihood evaluation took 4.364e-01 s
15:03 bilby INFO    : Single likelihood evaluation took 4.366e-01 s
15:03 bilby WARNING : Supplied argument 'queue_size' not an argument of 'Pymultinest', removing.
15:03 bilby WARNING : Supplied argument 'check_point_delta_t' not an argument of 'Pymultinest', removing.
15:03 bilby INFO    : Using sampler Pymultinest with kwargs {'importance_nested_sampling': False, 'resume': True, 'verbose': True, 'sampling_efficiency': 'parameter', 'n_live_points': 2048, 'n_params': 6, 'n_clustering_params': None, 'wrapped_params': None, 'multimodal': True, 'const_efficiency_mode': False, 'evidence_tolerance': 0.5, 'n_iter_before_update': 100, 'null_log_evidence': -1e+90, 'max_modes': 100, 'mode_tolerance': -1e+90, 'seed': 42, 'context': 0, 'write_output': True, 'log_zero': -1e+100, 'max_iter': 0, 'init_MPI': False, 'dump_callback': <bound method Pymultinest._dump_callback of <bilby.core.sampler.pymultinest.Pymultinest object at 0x1554c8a5a200>>}
15:03 bilby INFO    : Temporary directory incompatible with MPI, will run in original directory
15:03 bilby INFO    : Using output file outdirBNSKa32cores/pm_AT170817/
15:03 bilby INFO    : Single likelihood evaluation took 4.366e-01 s
15:03 bilby WARNING : Supplied argument 'queue_size' not an argument of 'Pymultinest', removing.
15:03 bilby WARNING : Supplied argument 'check_point_delta_t' not an argument of 'Pymultinest', removing.
15:03 bilby INFO    : Using sampler Pymultinest with kwargs {'importance_nested_sampling': False, 'resume': True, 'verbose': True, 'sampling_efficiency': 'parameter', 'n_live_points': 2048, 'n_params': 6, 'n_clustering_params': None, 'wrapped_params': None, 'multimodal': True, 'const_efficiency_mode': False, 'evidence_tolerance': 0.5, 'n_iter_before_update': 100, 'null_log_evidence': -1e+90, 'max_modes': 100, 'mode_tolerance': -1e+90, 'seed': 42, 'context': 0, 'write_output': True, 'log_zero': -1e+100, 'max_iter': 0, 'init_MPI': False, 'dump_callback': <bound method Pymultinest._dump_callback of <bilby.core.sampler.pymultinest.Pymultinest object at 0x1554c637a5c0>>}
15:03 bilby INFO    : Temporary directory incompatible with MPI, will run in original directory
15:03 bilby INFO    : Using output file outdirBNSKa32cores/pm_AT170817/
15:03 bilby INFO    : Single likelihood evaluation took 4.373e-01 s
15:03 bilby WARNING : Supplied argument 'queue_size' not an argument of 'Pymultinest', removing.
15:03 bilby WARNING : Supplied argument 'check_point_delta_t' not an argument of 'Pymultinest', removing.
15:03 bilby INFO    : Using sampler Pymultinest with kwargs {'importance_nested_sampling': False, 'resume': True, 'verbose': True, 'sampling_efficiency': 'parameter', 'n_live_points': 2048, 'n_params': 6, 'n_clustering_params': None, 'wrapped_params': None, 'multimodal': True, 'const_efficiency_mode': False, 'evidence_tolerance': 0.5, 'n_iter_before_update': 100, 'null_log_evidence': -1e+90, 'max_modes': 100, 'mode_tolerance': -1e+90, 'seed': 42, 'context': 0, 'write_output': True, 'log_zero': -1e+100, 'max_iter': 0, 'init_MPI': False, 'dump_callback': <bound method Pymultinest._dump_callback of <bilby.core.sampler.pymultinest.Pymultinest object at 0x1554c8a5e3b0>>}
15:03 bilby INFO    : Temporary directory incompatible with MPI, will run in original directory
15:03 bilby INFO    : Using output file outdirBNSKa32cores/pm_AT170817/
15:03 bilby WARNING : Supplied argument 'queue_size' not an argument of 'Pymultinest', removing.
15:03 bilby WARNING : Supplied argument 'queue_size' not an argument of 'Pymultinest', removing.
15:03 bilby WARNING : Supplied argument 'check_point_delta_t' not an argument of 'Pymultinest', removing.
15:03 bilby WARNING : Supplied argument 'check_point_delta_t' not an argument of 'Pymultinest', removing.
15:03 bilby INFO    : Using sampler Pymultinest with kwargs {'importance_nested_sampling': False, 'resume': True, 'verbose': True, 'sampling_efficiency': 'parameter', 'n_live_points': 2048, 'n_params': 6, 'n_clustering_params': None, 'wrapped_params': None, 'multimodal': True, 'const_efficiency_mode': False, 'evidence_tolerance': 0.5, 'n_iter_before_update': 100, 'null_log_evidence': -1e+90, 'max_modes': 100, 'mode_tolerance': -1e+90, 'seed': 42, 'context': 0, 'write_output': True, 'log_zero': -1e+100, 'max_iter': 0, 'init_MPI': False, 'dump_callback': <bound method Pymultinest._dump_callback of <bilby.core.sampler.pymultinest.Pymultinest object at 0x1554c637a800>>}
15:03 bilby INFO    : Using sampler Pymultinest with kwargs {'importance_nested_sampling': False, 'resume': True, 'verbose': True, 'sampling_efficiency': 'parameter', 'n_live_points': 2048, 'n_params': 6, 'n_clustering_params': None, 'wrapped_params': None, 'multimodal': True, 'const_efficiency_mode': False, 'evidence_tolerance': 0.5, 'n_iter_before_update': 100, 'null_log_evidence': -1e+90, 'max_modes': 100, 'mode_tolerance': -1e+90, 'seed': 42, 'context': 0, 'write_output': True, 'log_zero': -1e+100, 'max_iter': 0, 'init_MPI': False, 'dump_callback': <bound method Pymultinest._dump_callback of <bilby.core.sampler.pymultinest.Pymultinest object at 0x1554c8a5e6b0>>}
15:03 bilby INFO    : Temporary directory incompatible with MPI, will run in original directory
15:03 bilby INFO    : Temporary directory incompatible with MPI, will run in original directory
15:03 bilby INFO    : Using output file outdirBNSKa32cores/pm_AT170817/
15:03 bilby WARNING : Supplied argument 'queue_size' not an argument of 'Pymultinest', removing.
15:03 bilby WARNING : Supplied argument 'check_point_delta_t' not an argument of 'Pymultinest', removing.
15:03 bilby INFO    : Using sampler Pymultinest with kwargs {'importance_nested_sampling': False, 'resume': True, 'verbose': True, 'sampling_efficiency': 'parameter', 'n_live_points': 2048, 'n_params': 6, 'n_clustering_params': None, 'wrapped_params': None, 'multimodal': True, 'const_efficiency_mode': False, 'evidence_tolerance': 0.5, 'n_iter_before_update': 100, 'null_log_evidence': -1e+90, 'max_modes': 100, 'mode_tolerance': -1e+90, 'seed': 42, 'context': 0, 'write_output': True, 'log_zero': -1e+100, 'max_iter': 0, 'init_MPI': False, 'dump_callback': <bound method Pymultinest._dump_callback of <bilby.core.sampler.pymultinest.Pymultinest object at 0x1554c8a5e380>>}
15:03 bilby INFO    : Using output file outdirBNSKa32cores/pm_AT170817/
15:03 bilby INFO    : Temporary directory incompatible with MPI, will run in original directory
15:03 bilby INFO    : Using output file outdirBNSKa32cores/pm_AT170817/
15:03 bilby WARNING : Supplied argument 'queue_size' not an argument of 'Pymultinest', removing.
15:03 bilby WARNING : Supplied argument 'queue_size' not an argument of 'Pymultinest', removing.
15:03 bilby WARNING : Supplied argument 'check_point_delta_t' not an argument of 'Pymultinest', removing.
15:03 bilby WARNING : Supplied argument 'check_point_delta_t' not an argument of 'Pymultinest', removing.
15:03 bilby INFO    : Using sampler Pymultinest with kwargs {'importance_nested_sampling': False, 'resume': True, 'verbose': True, 'sampling_efficiency': 'parameter', 'n_live_points': 2048, 'n_params': 6, 'n_clustering_params': None, 'wrapped_params': None, 'multimodal': True, 'const_efficiency_mode': False, 'evidence_tolerance': 0.5, 'n_iter_before_update': 100, 'null_log_evidence': -1e+90, 'max_modes': 100, 'mode_tolerance': -1e+90, 'seed': 42, 'context': 0, 'write_output': True, 'log_zero': -1e+100, 'max_iter': 0, 'init_MPI': False, 'dump_callback': <bound method Pymultinest._dump_callback of <bilby.core.sampler.pymultinest.Pymultinest object at 0x1554cd829ed0>>}
15:03 bilby INFO    : Using sampler Pymultinest with kwargs {'importance_nested_sampling': False, 'resume': True, 'verbose': True, 'sampling_efficiency': 'parameter', 'n_live_points': 2048, 'n_params': 6, 'n_clustering_params': None, 'wrapped_params': None, 'multimodal': True, 'const_efficiency_mode': False, 'evidence_tolerance': 0.5, 'n_iter_before_update': 100, 'null_log_evidence': -1e+90, 'max_modes': 100, 'mode_tolerance': -1e+90, 'seed': 42, 'context': 0, 'write_output': True, 'log_zero': -1e+100, 'max_iter': 0, 'init_MPI': False, 'dump_callback': <bound method Pymultinest._dump_callback of <bilby.core.sampler.pymultinest.Pymultinest object at 0x1554c8a5e530>>}
15:03 bilby INFO    : Temporary directory incompatible with MPI, will run in original directory
15:03 bilby INFO    : Temporary directory incompatible with MPI, will run in original directory
15:03 bilby INFO    : Using output file outdirBNSKa32cores/pm_AT170817/
15:03 bilby INFO    : Using output file outdirBNSKa32cores/pm_AT170817/
15:03 bilby WARNING : Supplied argument 'queue_size' not an argument of 'Pymultinest', removing.
15:03 bilby WARNING : Supplied argument 'check_point_delta_t' not an argument of 'Pymultinest', removing.
15:03 bilby INFO    : Using sampler Pymultinest with kwargs {'importance_nested_sampling': False, 'resume': True, 'verbose': True, 'sampling_efficiency': 'parameter', 'n_live_points': 2048, 'n_params': 6, 'n_clustering_params': None, 'wrapped_params': None, 'multimodal': True, 'const_efficiency_mode': False, 'evidence_tolerance': 0.5, 'n_iter_before_update': 100, 'null_log_evidence': -1e+90, 'max_modes': 100, 'mode_tolerance': -1e+90, 'seed': 42, 'context': 0, 'write_output': True, 'log_zero': -1e+100, 'max_iter': 0, 'init_MPI': False, 'dump_callback': <bound method Pymultinest._dump_callback of <bilby.core.sampler.pymultinest.Pymultinest object at 0x1554c8a61e70>>}
15:03 bilby INFO    : Temporary directory incompatible with MPI, will run in original directory
15:03 bilby INFO    : Using output file outdirBNSKa32cores/pm_AT170817/
15:03 bilby WARNING : Supplied argument 'queue_size' not an argument of 'Pymultinest', removing.
15:03 bilby WARNING : Supplied argument 'check_point_delta_t' not an argument of 'Pymultinest', removing.
15:03 bilby INFO    : Using sampler Pymultinest with kwargs {'importance_nested_sampling': False, 'resume': True, 'verbose': True, 'sampling_efficiency': 'parameter', 'n_live_points': 2048, 'n_params': 6, 'n_clustering_params': None, 'wrapped_params': None, 'multimodal': True, 'const_efficiency_mode': False, 'evidence_tolerance': 0.5, 'n_iter_before_update': 100, 'null_log_evidence': -1e+90, 'max_modes': 100, 'mode_tolerance': -1e+90, 'seed': 42, 'context': 0, 'write_output': True, 'log_zero': -1e+100, 'max_iter': 0, 'init_MPI': False, 'dump_callback': <bound method Pymultinest._dump_callback of <bilby.core.sampler.pymultinest.Pymultinest object at 0x1554c8a5a2f0>>}
15:03 bilby INFO    : Temporary directory incompatible with MPI, will run in original directory
15:03 bilby INFO    : Using output file outdirBNSKa32cores/pm_AT170817/
15:03 bilby WARNING : Supplied argument 'queue_size' not an argument of 'Pymultinest', removing.
15:03 bilby WARNING : Supplied argument 'check_point_delta_t' not an argument of 'Pymultinest', removing.
15:03 bilby INFO    : Using sampler Pymultinest with kwargs {'importance_nested_sampling': False, 'resume': True, 'verbose': True, 'sampling_efficiency': 'parameter', 'n_live_points': 2048, 'n_params': 6, 'n_clustering_params': None, 'wrapped_params': None, 'multimodal': True, 'const_efficiency_mode': False, 'evidence_tolerance': 0.5, 'n_iter_before_update': 100, 'null_log_evidence': -1e+90, 'max_modes': 100, 'mode_tolerance': -1e+90, 'seed': 42, 'context': 0, 'write_output': True, 'log_zero': -1e+100, 'max_iter': 0, 'init_MPI': False, 'dump_callback': <bound method Pymultinest._dump_callback of <bilby.core.sampler.pymultinest.Pymultinest object at 0x1554c8a5e260>>}
15:03 bilby INFO    : Temporary directory incompatible with MPI, will run in original directory
15:03 bilby INFO    : Using output file outdirBNSKa32cores/pm_AT170817/
15:03 bilby WARNING : Supplied argument 'queue_size' not an argument of 'Pymultinest', removing.
15:03 bilby WARNING : Supplied argument 'check_point_delta_t' not an argument of 'Pymultinest', removing.
15:03 bilby INFO    : Using sampler Pymultinest with kwargs {'importance_nested_sampling': False, 'resume': True, 'verbose': True, 'sampling_efficiency': 'parameter', 'n_live_points': 2048, 'n_params': 6, 'n_clustering_params': None, 'wrapped_params': None, 'multimodal': True, 'const_efficiency_mode': False, 'evidence_tolerance': 0.5, 'n_iter_before_update': 100, 'null_log_evidence': -1e+90, 'max_modes': 100, 'mode_tolerance': -1e+90, 'seed': 42, 'context': 0, 'write_output': True, 'log_zero': -1e+100, 'max_iter': 0, 'init_MPI': False, 'dump_callback': <bound method Pymultinest._dump_callback of <bilby.core.sampler.pymultinest.Pymultinest object at 0x1554c76ea590>>}
15:03 bilby INFO    : Temporary directory incompatible with MPI, will run in original directory
15:03 bilby INFO    : Using output file outdirBNSKa32cores/pm_AT170817/
15:03 bilby WARNING : Supplied argument 'queue_size' not an argument of 'Pymultinest', removing.
15:03 bilby WARNING : Supplied argument 'check_point_delta_t' not an argument of 'Pymultinest', removing.
15:03 bilby WARNING : Supplied argument 'queue_size' not an argument of 'Pymultinest', removing.
15:03 bilby INFO    : Using sampler Pymultinest with kwargs {'importance_nested_sampling': False, 'resume': True, 'verbose': True, 'sampling_efficiency': 'parameter', 'n_live_points': 2048, 'n_params': 6, 'n_clustering_params': None, 'wrapped_params': None, 'multimodal': True, 'const_efficiency_mode': False, 'evidence_tolerance': 0.5, 'n_iter_before_update': 100, 'null_log_evidence': -1e+90, 'max_modes': 100, 'mode_tolerance': -1e+90, 'seed': 42, 'context': 0, 'write_output': True, 'log_zero': -1e+100, 'max_iter': 0, 'init_MPI': False, 'dump_callback': <bound method Pymultinest._dump_callback of <bilby.core.sampler.pymultinest.Pymultinest object at 0x1554c8a5e980>>}
15:03 bilby WARNING : Supplied argument 'check_point_delta_t' not an argument of 'Pymultinest', removing.
15:03 bilby INFO    : Temporary directory incompatible with MPI, will run in original directory
15:03 bilby INFO    : Using sampler Pymultinest with kwargs {'importance_nested_sampling': False, 'resume': True, 'verbose': True, 'sampling_efficiency': 'parameter', 'n_live_points': 2048, 'n_params': 6, 'n_clustering_params': None, 'wrapped_params': None, 'multimodal': True, 'const_efficiency_mode': False, 'evidence_tolerance': 0.5, 'n_iter_before_update': 100, 'null_log_evidence': -1e+90, 'max_modes': 100, 'mode_tolerance': -1e+90, 'seed': 42, 'context': 0, 'write_output': True, 'log_zero': -1e+100, 'max_iter': 0, 'init_MPI': False, 'dump_callback': <bound method Pymultinest._dump_callback of <bilby.core.sampler.pymultinest.Pymultinest object at 0x1554c8a5e3e0>>}
15:03 bilby INFO    : Temporary directory incompatible with MPI, will run in original directory
15:03 bilby INFO    : Using output file outdirBNSKa32cores/pm_AT170817/
15:03 bilby INFO    : Using output file outdirBNSKa32cores/pm_AT170817/
15:03 bilby WARNING : Supplied argument 'queue_size' not an argument of 'Pymultinest', removing.
15:03 bilby WARNING : Supplied argument 'check_point_delta_t' not an argument of 'Pymultinest', removing.
15:03 bilby INFO    : Using sampler Pymultinest with kwargs {'importance_nested_sampling': False, 'resume': True, 'verbose': True, 'sampling_efficiency': 'parameter', 'n_live_points': 2048, 'n_params': 6, 'n_clustering_params': None, 'wrapped_params': None, 'multimodal': True, 'const_efficiency_mode': False, 'evidence_tolerance': 0.5, 'n_iter_before_update': 100, 'null_log_evidence': -1e+90, 'max_modes': 100, 'mode_tolerance': -1e+90, 'seed': 42, 'context': 0, 'write_output': True, 'log_zero': -1e+100, 'max_iter': 0, 'init_MPI': False, 'dump_callback': <bound method Pymultinest._dump_callback of <bilby.core.sampler.pymultinest.Pymultinest object at 0x1554c5006320>>}
15:03 bilby INFO    : Temporary directory incompatible with MPI, will run in original directory
15:03 bilby INFO    : Using output file outdirBNSKa32cores/pm_AT170817/
15:37 bilby INFO    : Sampling time: 0:33:34.240371
15:37 bilby INFO    : Sampling time: 0:33:34.240382
15:37 bilby INFO    : Sampling time: 0:33:27.169907
15:37 bilby INFO    : Sampling time: 0:33:21.408179
15:37 bilby INFO    : Sampling time: 0:33:27.176620
Traceback (most recent call last):
  File "/home/thussenot/.conda/envs/multinest1/lib/python3.10/shutil.py", line 816, in move
    os.rename(src, real_dst)
FileNotFoundError: [Errno 2] No such file or directory: 'outdirBNSKa32cores/AT170817_result.json' -> 'outdirBNSKa32cores/AT170817_result.json.old'

During handling of the above exception, another exception occurred:

Traceback (most recent call last):
  File "/home/thussenot/.conda/envs/multinest1/bin/light_curve_analysis", line 8, in <module>
    sys.exit(main())
  File "/home/thussenot/.conda/envs/multinest1/lib/python3.10/site-packages/nmma/em/analysis.py", line 991, in main
    analysis(args)
  File "/home/thussenot/.conda/envs/multinest1/lib/python3.10/site-packages/nmma/em/analysis.py", line 691, in analysis
    result = bilby.run_sampler(
  File "/home/thussenot/.conda/envs/multinest1/lib/python3.10/site-packages/bilby/core/sampler/__init__.py", line 262, in run_sampler
    result.save_to_file(extension=save, gzip=gzip, outdir=outdir)
  File "/home/thussenot/.conda/envs/multinest1/lib/python3.10/site-packages/bilby/core/result.py", line 783, in save_to_file
    move_old_file(filename, overwrite)
  File "/home/thussenot/.conda/envs/multinest1/lib/python3.10/site-packages/bilby/core/utils/io.py", line 411, in move_old_file
    shutil.move(filename, filename + ".old")
  File "/home/thussenot/.conda/envs/multinest1/lib/python3.10/shutil.py", line 836, in move
    copy_function(src, real_dst)
  File "/home/thussenot/.conda/envs/multinest1/lib/python3.10/shutil.py", line 434, in copy2
    copyfile(src, dst, follow_symlinks=follow_symlinks)
  File "/home/thussenot/.conda/envs/multinest1/lib/python3.10/shutil.py", line 254, in copyfile
    with open(src, 'rb') as fsrc:
FileNotFoundError: [Errno 2] No such file or directory: 'outdirBNSKa32cores/AT170817_result.json'
15:37 bilby INFO    : Sampling time: 0:33:12.284235
15:37 bilby INFO    : Sampling time: 0:33:21.351677
15:37 bilby INFO    : Sampling time: 0:33:12.377677
15:37 bilby INFO    : Sampling time: 0:33:12.378611
15:37 bilby INFO    : Sampling time: 0:33:21.365829
15:37 bilby INFO    : Sampling time: 0:33:12.377173
15:37 bilby INFO    : Sampling time: 0:33:12.120482
15:37 bilby INFO    : Sampling time: 0:33:21.358172
15:37 bilby INFO    : Sampling time: 0:33:12.120482
15:37 bilby INFO    : Sampling time: 0:33:12.121576
15:37 bilby INFO    : Sampling time: 0:33:12.380692
Traceback (most recent call last):
  File "/home/thussenot/.conda/envs/multinest1/lib/python3.10/shutil.py", line 816, in move
Traceback (most recent call last):
Traceback (most recent call last):
  File "/home/thussenot/.conda/envs/multinest1/lib/python3.10/shutil.py", line 816, in move
Traceback (most recent call last):
  File "/home/thussenot/.conda/envs/multinest1/lib/python3.10/shutil.py", line 816, in move
Traceback (most recent call last):
  File "/home/thussenot/.conda/envs/multinest1/lib/python3.10/shutil.py", line 816, in move
Traceback (most recent call last):
  File "/home/thussenot/.conda/envs/multinest1/lib/python3.10/shutil.py", line 816, in move
Traceback (most recent call last):
Traceback (most recent call last):
  File "/home/thussenot/.conda/envs/multinest1/lib/python3.10/shutil.py", line 816, in move
  File "/home/thussenot/.conda/envs/multinest1/lib/python3.10/shutil.py", line 816, in move
  File "/home/thussenot/.conda/envs/multinest1/lib/python3.10/shutil.py", line 816, in move
    os.rename(src, real_dst)
FileNotFoundError: [Errno 2] No such file or directory: 'outdirBNSKa32cores/AT170817_result.json' -> 'outdirBNSKa32cores/AT170817_result.json.old'

During handling of the above exception, another exception occurred:

Traceback (most recent call last):
  File "/home/thussenot/.conda/envs/multinest1/bin/light_curve_analysis", line 8, in <module>
    os.rename(src, real_dst)
FileNotFoundError: [Errno 2] No such file or directory: 'outdirBNSKa32cores/AT170817_result.json' -> 'outdirBNSKa32cores/AT170817_result.json.old'

During handling of the above exception, another exception occurred:

Traceback (most recent call last):
  File "/home/thussenot/.conda/envs/multinest1/bin/light_curve_analysis", line 8, in <module>
    os.rename(src, real_dst)
FileNotFoundError: [Errno 2] No such file or directory: 'outdirBNSKa32cores/AT170817_result.json' -> 'outdirBNSKa32cores/AT170817_result.json.old'

During handling of the above exception, another exception occurred:

Traceback (most recent call last):
  File "/home/thussenot/.conda/envs/multinest1/bin/light_curve_analysis", line 8, in <module>
    os.rename(src, real_dst)
FileNotFoundError: [Errno 2] No such file or directory: 'outdirBNSKa32cores/AT170817_result.json' -> 'outdirBNSKa32cores/AT170817_result.json.old'

During handling of the above exception, another exception occurred:

Traceback (most recent call last):
  File "/home/thussenot/.conda/envs/multinest1/bin/light_curve_analysis", line 8, in <module>
    os.rename(src, real_dst)
    os.rename(src, real_dst)
FileNotFoundError: [Errno 2] No such file or directory: 'outdirBNSKa32cores/AT170817_result.json' -> 'outdirBNSKa32cores/AT170817_result.json.old'

During handling of the above exception, another exception occurred:

Traceback (most recent call last):
  File "/home/thussenot/.conda/envs/multinest1/bin/light_curve_analysis", line 8, in <module>
    os.rename(src, real_dst)
FileNotFoundError: [Errno 2] No such file or directory: 'outdirBNSKa32cores/AT170817_result.json' -> 'outdirBNSKa32cores/AT170817_result.json.old'

During handling of the above exception, another exception occurred:

Traceback (most recent call last):
  File "/home/thussenot/.conda/envs/multinest1/bin/light_curve_analysis", line 8, in <module>
FileNotFoundError: [Errno 2] No such file or directory: 'outdirBNSKa32cores/AT170817_result.json' -> 'outdirBNSKa32cores/AT170817_result.json.old'

During handling of the above exception, another exception occurred:

Traceback (most recent call last):
  File "/home/thussenot/.conda/envs/multinest1/bin/light_curve_analysis", line 8, in <module>
    sys.exit(main())
  File "/home/thussenot/.conda/envs/multinest1/lib/python3.10/site-packages/nmma/em/analysis.py", line 991, in main
    sys.exit(main())
  File "/home/thussenot/.conda/envs/multinest1/lib/python3.10/site-packages/nmma/em/analysis.py", line 991, in main
    sys.exit(main())
  File "/home/thussenot/.conda/envs/multinest1/lib/python3.10/site-packages/nmma/em/analysis.py", line 991, in main
    sys.exit(main())
  File "/home/thussenot/.conda/envs/multinest1/lib/python3.10/site-packages/nmma/em/analysis.py", line 991, in main
    sys.exit(main())
  File "/home/thussenot/.conda/envs/multinest1/lib/python3.10/site-packages/nmma/em/analysis.py", line 991, in main
    sys.exit(main())
    sys.exit(main())
  File "/home/thussenot/.conda/envs/multinest1/lib/python3.10/site-packages/nmma/em/analysis.py", line 991, in main
    os.rename(src, real_dst)
FileNotFoundError: [Errno 2] No such file or directory: 'outdirBNSKa32cores/AT170817_result.json' -> 'outdirBNSKa32cores/AT170817_result.json.old'

During handling of the above exception, another exception occurred:

Traceback (most recent call last):
  File "/home/thussenot/.conda/envs/multinest1/lib/python3.10/site-packages/nmma/em/analysis.py", line 991, in main
  File "/home/thussenot/.conda/envs/multinest1/bin/light_curve_analysis", line 8, in <module>
    analysis(args)
  File "/home/thussenot/.conda/envs/multinest1/lib/python3.10/site-packages/nmma/em/analysis.py", line 691, in analysis
    analysis(args)
  File "/home/thussenot/.conda/envs/multinest1/lib/python3.10/site-packages/nmma/em/analysis.py", line 691, in analysis
    sys.exit(main())
    analysis(args)
  File "/home/thussenot/.conda/envs/multinest1/lib/python3.10/site-packages/nmma/em/analysis.py", line 691, in analysis
    analysis(args)
  File "/home/thussenot/.conda/envs/multinest1/lib/python3.10/site-packages/nmma/em/analysis.py", line 691, in analysis
    analysis(args)
  File "/home/thussenot/.conda/envs/multinest1/lib/python3.10/site-packages/nmma/em/analysis.py", line 691, in analysis
    analysis(args)
  File "/home/thussenot/.conda/envs/multinest1/lib/python3.10/site-packages/nmma/em/analysis.py", line 691, in analysis
    analysis(args)
  File "/home/thussenot/.conda/envs/multinest1/lib/python3.10/site-packages/nmma/em/analysis.py", line 691, in analysis
  File "/home/thussenot/.conda/envs/multinest1/lib/python3.10/site-packages/nmma/em/analysis.py", line 991, in main
    result = bilby.run_sampler(
  File "/home/thussenot/.conda/envs/multinest1/lib/python3.10/site-packages/bilby/core/sampler/__init__.py", line 262, in run_sampler
    result = bilby.run_sampler(
  File "/home/thussenot/.conda/envs/multinest1/lib/python3.10/site-packages/bilby/core/sampler/__init__.py", line 262, in run_sampler
    result = bilby.run_sampler(
  File "/home/thussenot/.conda/envs/multinest1/lib/python3.10/site-packages/bilby/core/sampler/__init__.py", line 262, in run_sampler
    result = bilby.run_sampler(
  File "/home/thussenot/.conda/envs/multinest1/lib/python3.10/site-packages/bilby/core/sampler/__init__.py", line 262, in run_sampler
    result = bilby.run_sampler(
  File "/home/thussenot/.conda/envs/multinest1/lib/python3.10/site-packages/bilby/core/sampler/__init__.py", line 262, in run_sampler
    result = bilby.run_sampler(
  File "/home/thussenot/.conda/envs/multinest1/lib/python3.10/site-packages/bilby/core/sampler/__init__.py", line 262, in run_sampler
    result = bilby.run_sampler(
  File "/home/thussenot/.conda/envs/multinest1/lib/python3.10/site-packages/bilby/core/sampler/__init__.py", line 262, in run_sampler
    result.save_to_file(extension=save, gzip=gzip, outdir=outdir)
  File "/home/thussenot/.conda/envs/multinest1/lib/python3.10/site-packages/bilby/core/result.py", line 783, in save_to_file
    result.save_to_file(extension=save, gzip=gzip, outdir=outdir)
  File "/home/thussenot/.conda/envs/multinest1/lib/python3.10/site-packages/bilby/core/result.py", line 783, in save_to_file
    result.save_to_file(extension=save, gzip=gzip, outdir=outdir)
  File "/home/thussenot/.conda/envs/multinest1/lib/python3.10/site-packages/bilby/core/result.py", line 783, in save_to_file
    result.save_to_file(extension=save, gzip=gzip, outdir=outdir)
  File "/home/thussenot/.conda/envs/multinest1/lib/python3.10/site-packages/bilby/core/result.py", line 783, in save_to_file
    result.save_to_file(extension=save, gzip=gzip, outdir=outdir)
  File "/home/thussenot/.conda/envs/multinest1/lib/python3.10/site-packages/bilby/core/result.py", line 783, in save_to_file
    analysis(args)
  File "/home/thussenot/.conda/envs/multinest1/lib/python3.10/site-packages/nmma/em/analysis.py", line 691, in analysis
    result.save_to_file(extension=save, gzip=gzip, outdir=outdir)
  File "/home/thussenot/.conda/envs/multinest1/lib/python3.10/site-packages/bilby/core/result.py", line 783, in save_to_file
    result.save_to_file(extension=save, gzip=gzip, outdir=outdir)
  File "/home/thussenot/.conda/envs/multinest1/lib/python3.10/site-packages/bilby/core/result.py", line 783, in save_to_file
    move_old_file(filename, overwrite)
  File "/home/thussenot/.conda/envs/multinest1/lib/python3.10/site-packages/bilby/core/utils/io.py", line 411, in move_old_file
    move_old_file(filename, overwrite)
  File "/home/thussenot/.conda/envs/multinest1/lib/python3.10/site-packages/bilby/core/utils/io.py", line 411, in move_old_file
    move_old_file(filename, overwrite)
  File "/home/thussenot/.conda/envs/multinest1/lib/python3.10/site-packages/bilby/core/utils/io.py", line 411, in move_old_file
    move_old_file(filename, overwrite)
  File "/home/thussenot/.conda/envs/multinest1/lib/python3.10/site-packages/bilby/core/utils/io.py", line 411, in move_old_file
    move_old_file(filename, overwrite)
  File "/home/thussenot/.conda/envs/multinest1/lib/python3.10/site-packages/bilby/core/utils/io.py", line 411, in move_old_file
    move_old_file(filename, overwrite)
  File "/home/thussenot/.conda/envs/multinest1/lib/python3.10/site-packages/bilby/core/utils/io.py", line 411, in move_old_file
    result = bilby.run_sampler(
    move_old_file(filename, overwrite)
  File "/home/thussenot/.conda/envs/multinest1/lib/python3.10/site-packages/bilby/core/utils/io.py", line 411, in move_old_file
    shutil.move(filename, filename + ".old")
  File "/home/thussenot/.conda/envs/multinest1/lib/python3.10/shutil.py", line 836, in move
    shutil.move(filename, filename + ".old")
  File "/home/thussenot/.conda/envs/multinest1/lib/python3.10/shutil.py", line 836, in move
  File "/home/thussenot/.conda/envs/multinest1/lib/python3.10/site-packages/bilby/core/sampler/__init__.py", line 262, in run_sampler
    shutil.move(filename, filename + ".old")
  File "/home/thussenot/.conda/envs/multinest1/lib/python3.10/shutil.py", line 836, in move
    shutil.move(filename, filename + ".old")
  File "/home/thussenot/.conda/envs/multinest1/lib/python3.10/shutil.py", line 836, in move
    shutil.move(filename, filename + ".old")
  File "/home/thussenot/.conda/envs/multinest1/lib/python3.10/shutil.py", line 836, in move
    shutil.move(filename, filename + ".old")
  File "/home/thussenot/.conda/envs/multinest1/lib/python3.10/shutil.py", line 836, in move
    shutil.move(filename, filename + ".old")
  File "/home/thussenot/.conda/envs/multinest1/lib/python3.10/shutil.py", line 836, in move
    result.save_to_file(extension=save, gzip=gzip, outdir=outdir)
  File "/home/thussenot/.conda/envs/multinest1/lib/python3.10/site-packages/bilby/core/result.py", line 783, in save_to_file
    copy_function(src, real_dst)
  File "/home/thussenot/.conda/envs/multinest1/lib/python3.10/shutil.py", line 434, in copy2
    copy_function(src, real_dst)
  File "/home/thussenot/.conda/envs/multinest1/lib/python3.10/shutil.py", line 434, in copy2
    copy_function(src, real_dst)
  File "/home/thussenot/.conda/envs/multinest1/lib/python3.10/shutil.py", line 434, in copy2
    copy_function(src, real_dst)
  File "/home/thussenot/.conda/envs/multinest1/lib/python3.10/shutil.py", line 434, in copy2
    copy_function(src, real_dst)
  File "/home/thussenot/.conda/envs/multinest1/lib/python3.10/shutil.py", line 434, in copy2
    copyfile(src, dst, follow_symlinks=follow_symlinks)
  File "/home/thussenot/.conda/envs/multinest1/lib/python3.10/shutil.py", line 234, in copyfile
    copy_function(src, real_dst)
  File "/home/thussenot/.conda/envs/multinest1/lib/python3.10/shutil.py", line 434, in copy2
    copyfile(src, dst, follow_symlinks=follow_symlinks)
  File "/home/thussenot/.conda/envs/multinest1/lib/python3.10/shutil.py", line 254, in copyfile
    copy_function(src, real_dst)
  File "/home/thussenot/.conda/envs/multinest1/lib/python3.10/shutil.py", line 434, in copy2
    copyfile(src, dst, follow_symlinks=follow_symlinks)
  File "/home/thussenot/.conda/envs/multinest1/lib/python3.10/shutil.py", line 234, in copyfile
    move_old_file(filename, overwrite)
  File "/home/thussenot/.conda/envs/multinest1/lib/python3.10/site-packages/bilby/core/utils/io.py", line 411, in move_old_file
    copyfile(src, dst, follow_symlinks=follow_symlinks)
  File "/home/thussenot/.conda/envs/multinest1/lib/python3.10/shutil.py", line 234, in copyfile
    copyfile(src, dst, follow_symlinks=follow_symlinks)
  File "/home/thussenot/.conda/envs/multinest1/lib/python3.10/shutil.py", line 234, in copyfile
    raise SameFileError("{!r} and {!r} are the same file".format(src, dst))
shutil.SameFileError: 'outdirBNSKa32cores/AT170817_result.json' and 'outdirBNSKa32cores/AT170817_result.json.old' are the same file
    with open(src, 'rb') as fsrc:
FileNotFoundError: [Errno 2] No such file or directory: 'outdirBNSKa32cores/AT170817_result.json'
    copyfile(src, dst, follow_symlinks=follow_symlinks)
  File "/home/thussenot/.conda/envs/multinest1/lib/python3.10/shutil.py", line 254, in copyfile
    raise SameFileError("{!r} and {!r} are the same file".format(src, dst))
shutil.SameFileError: 'outdirBNSKa32cores/AT170817_result.json' and 'outdirBNSKa32cores/AT170817_result.json.old' are the same file
    shutil.move(filename, filename + ".old")
  File "/home/thussenot/.conda/envs/multinest1/lib/python3.10/shutil.py", line 836, in move
    copyfile(src, dst, follow_symlinks=follow_symlinks)
  File "/home/thussenot/.conda/envs/multinest1/lib/python3.10/shutil.py", line 234, in copyfile
    raise SameFileError("{!r} and {!r} are the same file".format(src, dst))
shutil.SameFileError: 'outdirBNSKa32cores/AT170817_result.json' and 'outdirBNSKa32cores/AT170817_result.json.old' are the same file
    raise SameFileError("{!r} and {!r} are the same file".format(src, dst))
shutil.SameFileError: 'outdirBNSKa32cores/AT170817_result.json' and 'outdirBNSKa32cores/AT170817_result.json.old' are the same file
    with open(src, 'rb') as fsrc:
FileNotFoundError: [Errno 2] No such file or directory: 'outdirBNSKa32cores/AT170817_result.json'
    raise SameFileError("{!r} and {!r} are the same file".format(src, dst))
    copy_function(src, real_dst)
  File "/home/thussenot/.conda/envs/multinest1/lib/python3.10/shutil.py", line 434, in copy2
shutil.SameFileError: 'outdirBNSKa32cores/AT170817_result.json' and 'outdirBNSKa32cores/AT170817_result.json.old' are the same file
    copyfile(src, dst, follow_symlinks=follow_symlinks)
  File "/home/thussenot/.conda/envs/multinest1/lib/python3.10/shutil.py", line 234, in copyfile
    raise SameFileError("{!r} and {!r} are the same file".format(src, dst))
shutil.SameFileError: 'outdirBNSKa32cores/AT170817_result.json' and 'outdirBNSKa32cores/AT170817_result.json.old' are the same file
15:37 bilby INFO    : Sampling time: 0:33:01.126443
15:37 bilby INFO    : Sampling time: 0:33:01.176400
15:37 bilby INFO    : Sampling time: 0:33:01.289368
15:37 bilby INFO    : Sampling time: 0:33:01.288415
15:37 bilby INFO    : Sampling time: 0:33:01.342925
15:37 bilby INFO    : Sampling time: 0:33:01.140816
15:37 bilby INFO    : Sampling time: 0:33:01.108634
15:37 bilby INFO    : Sampling time: 0:33:01.137692
15:37 bilby INFO    : Sampling time: 0:33:01.148678
15:37 bilby INFO    : Sampling time: 0:33:01.289642
15:37 bilby INFO    : Sampling time: 0:33:01.689705
15:37 bilby INFO    : Sampling time: 0:33:01.206986
15:37 bilby INFO    : Sampling time: 0:33:01.409235
15:37 bilby INFO    : Sampling time: 0:33:01.203858
15:37 bilby INFO    : Sampling time: 0:33:01.333831
15:37 bilby INFO    : Sampling time: 0:33:01.176365
Traceback (most recent call last):
Traceback (most recent call last):
  File "/home/thussenot/.conda/envs/multinest1/bin/light_curve_analysis", line 8, in <module>
  File "/home/thussenot/.conda/envs/multinest1/bin/light_curve_analysis", line 8, in <module>
    sys.exit(main())
    sys.exit(main())
  File "/home/thussenot/.conda/envs/multinest1/lib/python3.10/site-packages/nmma/em/analysis.py", line 991, in main
  File "/home/thussenot/.conda/envs/multinest1/lib/python3.10/site-packages/nmma/em/analysis.py", line 991, in main
    analysis(args)
  File "/home/thussenot/.conda/envs/multinest1/lib/python3.10/site-packages/nmma/em/analysis.py", line 691, in analysis
    analysis(args)
  File "/home/thussenot/.conda/envs/multinest1/lib/python3.10/site-packages/nmma/em/analysis.py", line 691, in analysis
    result = bilby.run_sampler(
  File "/home/thussenot/.conda/envs/multinest1/lib/python3.10/site-packages/bilby/core/sampler/__init__.py", line 278, in run_sampler
    result = bilby.run_sampler(
  File "/home/thussenot/.conda/envs/multinest1/lib/python3.10/site-packages/bilby/core/sampler/__init__.py", line 278, in run_sampler
    result.save_to_file(overwrite=True, extension=save, gzip=gzip, outdir=outdir)
  File "/home/thussenot/.conda/envs/multinest1/lib/python3.10/site-packages/bilby/core/result.py", line 783, in save_to_file
    result.save_to_file(overwrite=True, extension=save, gzip=gzip, outdir=outdir)
  File "/home/thussenot/.conda/envs/multinest1/lib/python3.10/site-packages/bilby/core/result.py", line 783, in save_to_file
    move_old_file(filename, overwrite)
  File "/home/thussenot/.conda/envs/multinest1/lib/python3.10/site-packages/bilby/core/utils/io.py", line 406, in move_old_file
    move_old_file(filename, overwrite)
  File "/home/thussenot/.conda/envs/multinest1/lib/python3.10/site-packages/bilby/core/utils/io.py", line 406, in move_old_file
    os.remove(filename)
    os.remove(filename)
FileNotFoundError: [Errno 2] No such file or directory: 'outdirBNSKa32cores/AT170817_result.json'
FileNotFoundError: [Errno 2] No such file or directory: 'outdirBNSKa32cores/AT170817_result.json'
Traceback (most recent call last):
  File "/home/thussenot/.conda/envs/multinest1/bin/light_curve_analysis", line 8, in <module>
Traceback (most recent call last):
  File "/home/thussenot/.conda/envs/multinest1/lib/python3.10/shutil.py", line 816, in move
    sys.exit(main())
  File "/home/thussenot/.conda/envs/multinest1/lib/python3.10/site-packages/nmma/em/analysis.py", line 991, in main
    analysis(args)
  File "/home/thussenot/.conda/envs/multinest1/lib/python3.10/site-packages/nmma/em/analysis.py", line 691, in analysis
    os.rename(src, real_dst)
FileNotFoundError: [Errno 2] No such file or directory: 'outdirBNSKa32cores/AT170817_result.json' -> 'outdirBNSKa32cores/AT170817_result.json.old'

During handling of the above exception, another exception occurred:

Traceback (most recent call last):
  File "/home/thussenot/.conda/envs/multinest1/bin/light_curve_analysis", line 8, in <module>
    result = bilby.run_sampler(
  File "/home/thussenot/.conda/envs/multinest1/lib/python3.10/site-packages/bilby/core/sampler/__init__.py", line 278, in run_sampler
    sys.exit(main())
  File "/home/thussenot/.conda/envs/multinest1/lib/python3.10/site-packages/nmma/em/analysis.py", line 991, in main
    result.save_to_file(overwrite=True, extension=save, gzip=gzip, outdir=outdir)
  File "/home/thussenot/.conda/envs/multinest1/lib/python3.10/site-packages/bilby/core/result.py", line 783, in save_to_file
    move_old_file(filename, overwrite)
  File "/home/thussenot/.conda/envs/multinest1/lib/python3.10/site-packages/bilby/core/utils/io.py", line 406, in move_old_file
    analysis(args)
  File "/home/thussenot/.conda/envs/multinest1/lib/python3.10/site-packages/nmma/em/analysis.py", line 691, in analysis
    os.remove(filename)
FileNotFoundError: [Errno 2] No such file or directory: 'outdirBNSKa32cores/AT170817_result.json'
    result = bilby.run_sampler(
  File "/home/thussenot/.conda/envs/multinest1/lib/python3.10/site-packages/bilby/core/sampler/__init__.py", line 262, in run_sampler
    result.save_to_file(extension=save, gzip=gzip, outdir=outdir)
  File "/home/thussenot/.conda/envs/multinest1/lib/python3.10/site-packages/bilby/core/result.py", line 783, in save_to_file
    move_old_file(filename, overwrite)
  File "/home/thussenot/.conda/envs/multinest1/lib/python3.10/site-packages/bilby/core/utils/io.py", line 411, in move_old_file
    shutil.move(filename, filename + ".old")
  File "/home/thussenot/.conda/envs/multinest1/lib/python3.10/shutil.py", line 837, in move
    os.unlink(src)
FileNotFoundError: [Errno 2] No such file or directory: 'outdirBNSKa32cores/AT170817_result.json'
Traceback (most recent call last):
  File "/home/thussenot/.conda/envs/multinest1/lib/python3.10/shutil.py", line 816, in move
Traceback (most recent call last):
  File "/home/thussenot/.conda/envs/multinest1/lib/python3.10/shutil.py", line 816, in move
Traceback (most recent call last):
Traceback (most recent call last):
  File "/home/thussenot/.conda/envs/multinest1/lib/python3.10/shutil.py", line 816, in move
  File "/home/thussenot/.conda/envs/multinest1/lib/python3.10/shutil.py", line 816, in move
    os.rename(src, real_dst)
FileNotFoundError: [Errno 2] No such file or directory: 'outdirBNSKa32cores/AT170817_result.json' -> 'outdirBNSKa32cores/AT170817_result.json.old'

During handling of the above exception, another exception occurred:

Traceback (most recent call last):
  File "/home/thussenot/.conda/envs/multinest1/bin/light_curve_analysis", line 8, in <module>
    os.rename(src, real_dst)
    sys.exit(main())
  File "/home/thussenot/.conda/envs/multinest1/lib/python3.10/site-packages/nmma/em/analysis.py", line 991, in main
FileNotFoundError: [Errno 2] No such file or directory: 'outdirBNSKa32cores/AT170817_result.json' -> 'outdirBNSKa32cores/AT170817_result.json.old'

During handling of the above exception, another exception occurred:

Traceback (most recent call last):
  File "/home/thussenot/.conda/envs/multinest1/bin/light_curve_analysis", line 8, in <module>
    os.rename(src, real_dst)
FileNotFoundError: [Errno 2] No such file or directory: 'outdirBNSKa32cores/AT170817_result.json' -> 'outdirBNSKa32cores/AT170817_result.json.old'

During handling of the above exception, another exception occurred:

Traceback (most recent call last):
  File "/home/thussenot/.conda/envs/multinest1/bin/light_curve_analysis", line 8, in <module>
    os.rename(src, real_dst)
FileNotFoundError: [Errno 2] No such file or directory: 'outdirBNSKa32cores/AT170817_result.json' -> 'outdirBNSKa32cores/AT170817_result.json.old'

During handling of the above exception, another exception occurred:

Traceback (most recent call last):
  File "/home/thussenot/.conda/envs/multinest1/bin/light_curve_analysis", line 8, in <module>
    sys.exit(main())
  File "/home/thussenot/.conda/envs/multinest1/lib/python3.10/site-packages/nmma/em/analysis.py", line 991, in main
    analysis(args)
  File "/home/thussenot/.conda/envs/multinest1/lib/python3.10/site-packages/nmma/em/analysis.py", line 691, in analysis
    sys.exit(main())
  File "/home/thussenot/.conda/envs/multinest1/lib/python3.10/site-packages/nmma/em/analysis.py", line 991, in main
    sys.exit(main())
  File "/home/thussenot/.conda/envs/multinest1/lib/python3.10/site-packages/nmma/em/analysis.py", line 991, in main
    analysis(args)
    result = bilby.run_sampler(
  File "/home/thussenot/.conda/envs/multinest1/lib/python3.10/site-packages/bilby/core/sampler/__init__.py", line 262, in run_sampler
  File "/home/thussenot/.conda/envs/multinest1/lib/python3.10/site-packages/nmma/em/analysis.py", line 691, in analysis
    analysis(args)
  File "/home/thussenot/.conda/envs/multinest1/lib/python3.10/site-packages/nmma/em/analysis.py", line 691, in analysis
    result.save_to_file(extension=save, gzip=gzip, outdir=outdir)
  File "/home/thussenot/.conda/envs/multinest1/lib/python3.10/site-packages/bilby/core/result.py", line 783, in save_to_file
    result = bilby.run_sampler(
    analysis(args)
  File "/home/thussenot/.conda/envs/multinest1/lib/python3.10/site-packages/nmma/em/analysis.py", line 691, in analysis
  File "/home/thussenot/.conda/envs/multinest1/lib/python3.10/site-packages/bilby/core/sampler/__init__.py", line 262, in run_sampler
    move_old_file(filename, overwrite)
  File "/home/thussenot/.conda/envs/multinest1/lib/python3.10/site-packages/bilby/core/utils/io.py", line 411, in move_old_file
    result = bilby.run_sampler(
  File "/home/thussenot/.conda/envs/multinest1/lib/python3.10/site-packages/bilby/core/sampler/__init__.py", line 262, in run_sampler
    shutil.move(filename, filename + ".old")
  File "/home/thussenot/.conda/envs/multinest1/lib/python3.10/shutil.py", line 836, in move
    result.save_to_file(extension=save, gzip=gzip, outdir=outdir)
  File "/home/thussenot/.conda/envs/multinest1/lib/python3.10/site-packages/bilby/core/result.py", line 783, in save_to_file
    result = bilby.run_sampler(
  File "/home/thussenot/.conda/envs/multinest1/lib/python3.10/site-packages/bilby/core/sampler/__init__.py", line 262, in run_sampler
    result.save_to_file(extension=save, gzip=gzip, outdir=outdir)
    copy_function(src, real_dst)
  File "/home/thussenot/.conda/envs/multinest1/lib/python3.10/shutil.py", line 435, in copy2
    result.save_to_file(extension=save, gzip=gzip, outdir=outdir)
  File "/home/thussenot/.conda/envs/multinest1/lib/python3.10/site-packages/bilby/core/result.py", line 783, in save_to_file
    move_old_file(filename, overwrite)
  File "/home/thussenot/.conda/envs/multinest1/lib/python3.10/site-packages/bilby/core/utils/io.py", line 411, in move_old_file
  File "/home/thussenot/.conda/envs/multinest1/lib/python3.10/site-packages/bilby/core/result.py", line 783, in save_to_file
    copystat(src, dst, follow_symlinks=follow_symlinks)
  File "/home/thussenot/.conda/envs/multinest1/lib/python3.10/shutil.py", line 372, in copystat
    shutil.move(filename, filename + ".old")
    move_old_file(filename, overwrite)
  File "/home/thussenot/.conda/envs/multinest1/lib/python3.10/site-packages/bilby/core/utils/io.py", line 411, in move_old_file
    st = lookup("stat")(src, follow_symlinks=follow)
FileNotFoundError: [Errno 2] No such file or directory: 'outdirBNSKa32cores/AT170817_result.json'
  File "/home/thussenot/.conda/envs/multinest1/lib/python3.10/shutil.py", line 836, in move
    move_old_file(filename, overwrite)
  File "/home/thussenot/.conda/envs/multinest1/lib/python3.10/site-packages/bilby/core/utils/io.py", line 411, in move_old_file
    shutil.move(filename, filename + ".old")
  File "/home/thussenot/.conda/envs/multinest1/lib/python3.10/shutil.py", line 836, in move
    shutil.move(filename, filename + ".old")
  File "/home/thussenot/.conda/envs/multinest1/lib/python3.10/shutil.py", line 836, in move
    copy_function(src, real_dst)
  File "/home/thussenot/.conda/envs/multinest1/lib/python3.10/shutil.py", line 435, in copy2
    copy_function(src, real_dst)
  File "/home/thussenot/.conda/envs/multinest1/lib/python3.10/shutil.py", line 435, in copy2
    copystat(src, dst, follow_symlinks=follow_symlinks)
    copy_function(src, real_dst)
  File "/home/thussenot/.conda/envs/multinest1/lib/python3.10/shutil.py", line 435, in copy2
  File "/home/thussenot/.conda/envs/multinest1/lib/python3.10/shutil.py", line 372, in copystat
    copystat(src, dst, follow_symlinks=follow_symlinks)
  File "/home/thussenot/.conda/envs/multinest1/lib/python3.10/shutil.py", line 372, in copystat
    copystat(src, dst, follow_symlinks=follow_symlinks)
    st = lookup("stat")(src, follow_symlinks=follow)
FileNotFoundError: [Errno 2] No such file or directory: 'outdirBNSKa32cores/AT170817_result.json'
    st = lookup("stat")(src, follow_symlinks=follow)
FileNotFoundError: [Errno 2] No such file or directory: 'outdirBNSKa32cores/AT170817_result.json'
  File "/home/thussenot/.conda/envs/multinest1/lib/python3.10/shutil.py", line 372, in copystat
    st = lookup("stat")(src, follow_symlinks=follow)
FileNotFoundError: [Errno 2] No such file or directory: 'outdirBNSKa32cores/AT170817_result.json'
Traceback (most recent call last):
  File "/home/thussenot/.conda/envs/multinest1/bin/light_curve_analysis", line 8, in <module>
    sys.exit(main())
  File "/home/thussenot/.conda/envs/multinest1/lib/python3.10/site-packages/nmma/em/analysis.py", line 991, in main
    analysis(args)
  File "/home/thussenot/.conda/envs/multinest1/lib/python3.10/site-packages/nmma/em/analysis.py", line 691, in analysis
    result = bilby.run_sampler(
  File "/home/thussenot/.conda/envs/multinest1/lib/python3.10/site-packages/bilby/core/sampler/__init__.py", line 278, in run_sampler
    result.save_to_file(overwrite=True, extension=save, gzip=gzip, outdir=outdir)
  File "/home/thussenot/.conda/envs/multinest1/lib/python3.10/site-packages/bilby/core/result.py", line 783, in save_to_file
    move_old_file(filename, overwrite)
  File "/home/thussenot/.conda/envs/multinest1/lib/python3.10/site-packages/bilby/core/utils/io.py", line 406, in move_old_file
    os.remove(filename)
FileNotFoundError: [Errno 2] No such file or directory: 'outdirBNSKa32cores/AT170817_result.json'
15:37 bilby INFO    : Summary of results:
nsamples: 12781
ln_noise_evidence:  0.000
ln_evidence: -122.797 +/-  0.084
ln_bayes_factor: -122.797 +/-  0.084

15:37 bilby INFO    : Writing samples file to /home/thussenot/kilonovae-H0/170817/Bulla_syserr/outdirBNSKa32cores/AT170817_posterior_samples.dat
Traceback (most recent call last):
  File "/home/thussenot/.conda/envs/multinest1/bin/light_curve_analysis", line 8, in <module>
Traceback (most recent call last):
  File "/home/thussenot/.conda/envs/multinest1/bin/light_curve_analysis", line 8, in <module>
    sys.exit(main())
  File "/home/thussenot/.conda/envs/multinest1/lib/python3.10/site-packages/nmma/em/analysis.py", line 991, in main
    sys.exit(main())
  File "/home/thussenot/.conda/envs/multinest1/lib/python3.10/site-packages/nmma/em/analysis.py", line 991, in main
    analysis(args)
  File "/home/thussenot/.conda/envs/multinest1/lib/python3.10/site-packages/nmma/em/analysis.py", line 691, in analysis
    result = bilby.run_sampler(
  File "/home/thussenot/.conda/envs/multinest1/lib/python3.10/site-packages/bilby/core/sampler/__init__.py", line 278, in run_sampler
    analysis(args)
  File "/home/thussenot/.conda/envs/multinest1/lib/python3.10/site-packages/nmma/em/analysis.py", line 691, in analysis
    result.save_to_file(overwrite=True, extension=save, gzip=gzip, outdir=outdir)
  File "/home/thussenot/.conda/envs/multinest1/lib/python3.10/site-packages/bilby/core/result.py", line 783, in save_to_file
    result = bilby.run_sampler(
    move_old_file(filename, overwrite)
  File "/home/thussenot/.conda/envs/multinest1/lib/python3.10/site-packages/bilby/core/utils/io.py", line 406, in move_old_file
  File "/home/thussenot/.conda/envs/multinest1/lib/python3.10/site-packages/bilby/core/sampler/__init__.py", line 278, in run_sampler
    os.remove(filename)
FileNotFoundError: [Errno 2] No such file or directory: 'outdirBNSKa32cores/AT170817_result.json'
    result.save_to_file(overwrite=True, extension=save, gzip=gzip, outdir=outdir)
15:37 bilby INFO    : Summary of results:
nsamples: 12781
ln_noise_evidence:  0.000
ln_evidence: -122.797 +/-  0.084
ln_bayes_factor: -122.797 +/-  0.084

  File "/home/thussenot/.conda/envs/multinest1/lib/python3.10/site-packages/bilby/core/result.py", line 783, in save_to_file
    move_old_file(filename, overwrite)
  File "/home/thussenot/.conda/envs/multinest1/lib/python3.10/site-packages/bilby/core/utils/io.py", line 406, in move_old_file
    os.remove(filename)
FileNotFoundError: [Errno 2] No such file or directory: 'outdirBNSKa32cores/AT170817_result.json'
15:37 bilby INFO    : Writing samples file to /home/thussenot/kilonovae-H0/170817/Bulla_syserr/outdirBNSKa32cores/AT170817_posterior_samples.dat
15:37 bilby INFO    : Summary of results:
nsamples: 12781
ln_noise_evidence:  0.000
ln_evidence: -122.797 +/-  0.084
ln_bayes_factor: -122.797 +/-  0.084

15:37 bilby INFO    : Writing samples file to /home/thussenot/kilonovae-H0/170817/Bulla_syserr/outdirBNSKa32cores/AT170817_posterior_samples.dat
15:37 bilby INFO    : Summary of results:
nsamples: 12781
ln_noise_evidence:  0.000
ln_evidence: -122.797 +/-  0.084
ln_bayes_factor: -122.797 +/-  0.084

15:37 bilby INFO    : Writing samples file to /home/thussenot/kilonovae-H0/170817/Bulla_syserr/outdirBNSKa32cores/AT170817_posterior_samples.dat
15:37 bilby INFO    : Summary of results:
nsamples: 12781
ln_noise_evidence:  0.000
ln_evidence: -122.797 +/-  0.084
ln_bayes_factor: -122.797 +/-  0.084

15:37 bilby INFO    : Writing samples file to /home/thussenot/kilonovae-H0/170817/Bulla_syserr/outdirBNSKa32cores/AT170817_posterior_samples.dat
15:37 bilby INFO    : Summary of results:
nsamples: 12781
ln_noise_evidence:  0.000
ln_evidence: -122.797 +/-  0.084
ln_bayes_factor: -122.797 +/-  0.084

15:37 bilby INFO    : Summary of results:
nsamples: 12781
ln_noise_evidence:  0.000
ln_evidence: -122.797 +/-  0.084
ln_bayes_factor: -122.797 +/-  0.084

15:37 bilby INFO    : Summary of results:
nsamples: 12781
ln_noise_evidence:  0.000
ln_evidence: -122.797 +/-  0.084
ln_bayes_factor: -122.797 +/-  0.084

15:37 bilby INFO    : Writing samples file to /home/thussenot/kilonovae-H0/170817/Bulla_syserr/outdirBNSKa32cores/AT170817_posterior_samples.dat
15:37 bilby INFO    : Writing samples file to /home/thussenot/kilonovae-H0/170817/Bulla_syserr/outdirBNSKa32cores/AT170817_posterior_samples.dat
15:37 bilby INFO    : Writing samples file to /home/thussenot/kilonovae-H0/170817/Bulla_syserr/outdirBNSKa32cores/AT170817_posterior_samples.dat
15:37 bilby INFO    : Summary of results:
nsamples: 12781
ln_noise_evidence:  0.000
ln_evidence: -122.797 +/-  0.084
ln_bayes_factor: -122.797 +/-  0.084

15:37 bilby INFO    : Writing samples file to /home/thussenot/kilonovae-H0/170817/Bulla_syserr/outdirBNSKa32cores/AT170817_posterior_samples.dat
15:37 bilby INFO    : Summary of results:
nsamples: 12781
ln_noise_evidence:  0.000
ln_evidence: -122.797 +/-  0.084
ln_bayes_factor: -122.797 +/-  0.084

15:37 bilby INFO    : Summary of results:
nsamples: 12781
ln_noise_evidence:  0.000
ln_evidence: -122.797 +/-  0.084
ln_bayes_factor: -122.797 +/-  0.084

15:37 bilby INFO    : Writing samples file to /home/thussenot/kilonovae-H0/170817/Bulla_syserr/outdirBNSKa32cores/AT170817_posterior_samples.dat
15:37 bilby INFO    : Writing samples file to /home/thussenot/kilonovae-H0/170817/Bulla_syserr/outdirBNSKa32cores/AT170817_posterior_samples.dat
15:37 bilby INFO    : Summary of results:
nsamples: 12781
ln_noise_evidence:  0.000
ln_evidence: -122.797 +/-  0.084
ln_bayes_factor: -122.797 +/-  0.084

15:37 bilby INFO    : Writing samples file to /home/thussenot/kilonovae-H0/170817/Bulla_syserr/outdirBNSKa32cores/AT170817_posterior_samples.dat
/home/thussenot/.conda/envs/multinest1/lib/python3.10/site-packages/matplotlib/axes/_base.py:2503: UserWarning: Warning: converting a masked element to nan.
  xys = np.asarray(xys)
/home/thussenot/.conda/envs/multinest1/lib/python3.10/site-packages/matplotlib/axes/_base.py:2503: UserWarning: Warning: converting a masked element to nan.
  xys = np.asarray(xys)
/home/thussenot/.conda/envs/multinest1/lib/python3.10/site-packages/matplotlib/axes/_base.py:2503: UserWarning: Warning: converting a masked element to nan.
  xys = np.asarray(xys)
/home/thussenot/.conda/envs/multinest1/lib/python3.10/site-packages/matplotlib/axes/_base.py:2503: UserWarning: Warning: converting a masked element to nan.
  xys = np.asarray(xys)
/home/thussenot/.conda/envs/multinest1/lib/python3.10/site-packages/matplotlib/axes/_base.py:2503: UserWarning: Warning: converting a masked element to nan.
  xys = np.asarray(xys)
/home/thussenot/.conda/envs/multinest1/lib/python3.10/site-packages/matplotlib/axes/_base.py:2503: UserWarning: Warning: converting a masked element to nan.
  xys = np.asarray(xys)
/home/thussenot/.conda/envs/multinest1/lib/python3.10/site-packages/matplotlib/axes/_base.py:2503: UserWarning: Warning: converting a masked element to nan.
  xys = np.asarray(xys)
/home/thussenot/.conda/envs/multinest1/lib/python3.10/site-packages/matplotlib/axes/_base.py:2503: UserWarning: Warning: converting a masked element to nan.
  xys = np.asarray(xys)
/home/thussenot/.conda/envs/multinest1/lib/python3.10/site-packages/matplotlib/axes/_base.py:2503: UserWarning: Warning: converting a masked element to nan.
  xys = np.asarray(xys)
/home/thussenot/.conda/envs/multinest1/lib/python3.10/site-packages/matplotlib/axes/_base.py:2503: UserWarning: Warning: converting a masked element to nan.
  xys = np.asarray(xys)
/home/thussenot/.conda/envs/multinest1/lib/python3.10/site-packages/matplotlib/axes/_base.py:2503: UserWarning: Warning: converting a masked element to nan.
  xys = np.asarray(xys)
/home/thussenot/.conda/envs/multinest1/lib/python3.10/site-packages/matplotlib/axes/_base.py:2503: UserWarning: Warning: converting a masked element to nan.
  xys = np.asarray(xys)
--------------------------------------------------------------------------
Primary job  terminated normally, but 1 process returned
a non-zero exit code. Per user-direction, the job has been aborted.
--------------------------------------------------------------------------
--------------------------------------------------------------------------
mpiexec detected that one or more processes exited with non-zero status, thus causing
the job to be terminated. The first process to do so was:

  Process name: [[9314,1],10]
  Exit code:    1
--------------------------------------------------------------------------
